[2024-10-10T02:49:19.972+0000] {local_task_job_runner.py:123} INFO - ::group::Pre task execution logs
[2024-10-10T02:49:19.993+0000] {taskinstance.py:2612} INFO - Dependencies all met for dep_context=non-requeueable deps ti=<TaskInstance: example_mssql.get_all_description manual__2024-10-10T02:49:02.343528+00:00 [queued]>
[2024-10-10T02:49:20.003+0000] {taskinstance.py:2612} INFO - Dependencies all met for dep_context=requeueable deps ti=<TaskInstance: example_mssql.get_all_description manual__2024-10-10T02:49:02.343528+00:00 [queued]>
[2024-10-10T02:49:20.004+0000] {taskinstance.py:2865} INFO - Starting attempt 1 of 1
[2024-10-10T02:49:20.020+0000] {taskinstance.py:2888} INFO - Executing <Task(SQLExecuteQueryOperator): get_all_description> on 2024-10-10 02:49:02.343528+00:00
[2024-10-10T02:49:20.030+0000] {warnings.py:112} WARNING - /home/***/.local/lib/python3.12/site-packages/***/task/task_runner/standard_task_runner.py:70: DeprecationWarning: This process (pid=199) is multi-threaded, use of fork() may lead to deadlocks in the child.
  pid = os.fork()

[2024-10-10T02:49:20.032+0000] {standard_task_runner.py:72} INFO - Started process 201 to run task
[2024-10-10T02:49:20.033+0000] {standard_task_runner.py:104} INFO - Running: ['***', 'tasks', 'run', 'example_mssql', 'get_all_description', 'manual__2024-10-10T02:49:02.343528+00:00', '--job-id', '81', '--raw', '--subdir', 'DAGS_FOLDER/mssql_test1.py', '--cfg-path', '/tmp/tmpinhrjann']
[2024-10-10T02:49:20.034+0000] {standard_task_runner.py:105} INFO - Job 81: Subtask get_all_description
[2024-10-10T02:49:20.094+0000] {task_command.py:467} INFO - Running <TaskInstance: example_mssql.get_all_description manual__2024-10-10T02:49:02.343528+00:00 [running]> on host a4f82a437ff2
[2024-10-10T02:49:20.210+0000] {taskinstance.py:3131} INFO - Exporting env vars: AIRFLOW_CTX_DAG_OWNER='***' AIRFLOW_CTX_DAG_ID='example_mssql' AIRFLOW_CTX_TASK_ID='get_all_description' AIRFLOW_CTX_EXECUTION_DATE='2024-10-10T02:49:02.343528+00:00' AIRFLOW_CTX_TRY_NUMBER='1' AIRFLOW_CTX_DAG_RUN_ID='manual__2024-10-10T02:49:02.343528+00:00'
[2024-10-10T02:49:20.212+0000] {logging_mixin.py:190} INFO - Task instance is in running state
[2024-10-10T02:49:20.212+0000] {logging_mixin.py:190} INFO -  Previous state of the Task instance: queued
[2024-10-10T02:49:20.213+0000] {logging_mixin.py:190} INFO - Current task name:get_all_description state:running start_date:2024-10-10 02:49:19.994255+00:00
[2024-10-10T02:49:20.213+0000] {logging_mixin.py:190} INFO - Dag name:example_mssql and current dag run status:running
[2024-10-10T02:49:20.213+0000] {taskinstance.py:731} INFO - ::endgroup::
[2024-10-10T02:49:20.214+0000] {sql.py:266} INFO - Executing: SELECT description FROM Users;
[2024-10-10T02:49:20.225+0000] {base.py:84} INFO - Retrieving connection '***_mssql'
[2024-10-10T02:49:20.234+0000] {base.py:84} INFO - Retrieving connection '***_mssql'
[2024-10-10T02:49:20.340+0000] {sql.py:542} INFO - Running statement: SELECT description FROM Users;, parameters: None
[2024-10-10T02:49:20.384+0000] {taskinstance.py:340} INFO - ::group::Post task execution logs
[2024-10-10T02:49:20.384+0000] {taskinstance.py:352} INFO - Marking task as SUCCESS. dag_id=example_mssql, task_id=get_all_description, run_id=manual__2024-10-10T02:49:02.343528+00:00, execution_date=20241010T024902, start_date=20241010T024919, end_date=20241010T024920
[2024-10-10T02:49:20.398+0000] {logging_mixin.py:190} INFO - Task instance in success state
[2024-10-10T02:49:20.398+0000] {logging_mixin.py:190} INFO -  Previous state of the Task instance: running
[2024-10-10T02:49:20.398+0000] {logging_mixin.py:190} INFO - Dag name:example_mssql queued_at:2024-10-10 02:49:02.374298+00:00
[2024-10-10T02:49:20.399+0000] {logging_mixin.py:190} INFO - Task hostname:a4f82a437ff2 operator:SQLExecuteQueryOperator
[2024-10-10T02:49:20.411+0000] {local_task_job_runner.py:266} INFO - Task exited with return code 0
[2024-10-10T02:49:20.440+0000] {taskinstance.py:3900} INFO - 1 downstream tasks scheduled from follow-on schedule check
[2024-10-10T02:49:20.441+0000] {local_task_job_runner.py:245} INFO - ::endgroup::
