[2024-10-16T02:02:11.325+0000] {local_task_job_runner.py:123} INFO - ::group::Pre task execution logs
[2024-10-16T02:02:11.346+0000] {taskinstance.py:2612} INFO - Dependencies all met for dep_context=non-requeueable deps ti=<TaskInstance: example_mssql.create_table_from_external_file scheduled__2024-10-15T00:00:00+00:00 [queued]>
[2024-10-16T02:02:11.358+0000] {taskinstance.py:2612} INFO - Dependencies all met for dep_context=requeueable deps ti=<TaskInstance: example_mssql.create_table_from_external_file scheduled__2024-10-15T00:00:00+00:00 [queued]>
[2024-10-16T02:02:11.358+0000] {taskinstance.py:2865} INFO - Starting attempt 1 of 1
[2024-10-16T02:02:11.376+0000] {taskinstance.py:2888} INFO - Executing <Task(SQLExecuteQueryOperator): create_table_from_external_file> on 2024-10-15 00:00:00+00:00
[2024-10-16T02:02:11.385+0000] {warnings.py:112} WARNING - /home/***/.local/lib/python3.12/site-packages/***/task/task_runner/standard_task_runner.py:70: DeprecationWarning: This process (pid=131) is multi-threaded, use of fork() may lead to deadlocks in the child.
  pid = os.fork()

[2024-10-16T02:02:11.387+0000] {standard_task_runner.py:72} INFO - Started process 133 to run task
[2024-10-16T02:02:11.390+0000] {standard_task_runner.py:104} INFO - Running: ['***', 'tasks', 'run', 'example_mssql', 'create_table_from_external_file', 'scheduled__2024-10-15T00:00:00+00:00', '--job-id', '186', '--raw', '--subdir', 'DAGS_FOLDER/mssql_test1.py', '--cfg-path', '/tmp/tmpp_k1oogt']
[2024-10-16T02:02:11.391+0000] {standard_task_runner.py:105} INFO - Job 186: Subtask create_table_from_external_file
[2024-10-16T02:02:11.471+0000] {task_command.py:467} INFO - Running <TaskInstance: example_mssql.create_table_from_external_file scheduled__2024-10-15T00:00:00+00:00 [running]> on host a4f82a437ff2
[2024-10-16T02:02:11.599+0000] {taskinstance.py:3131} INFO - Exporting env vars: AIRFLOW_CTX_DAG_OWNER='***' AIRFLOW_CTX_DAG_ID='example_mssql' AIRFLOW_CTX_TASK_ID='create_table_from_external_file' AIRFLOW_CTX_EXECUTION_DATE='2024-10-15T00:00:00+00:00' AIRFLOW_CTX_TRY_NUMBER='1' AIRFLOW_CTX_DAG_RUN_ID='scheduled__2024-10-15T00:00:00+00:00'
[2024-10-16T02:02:11.600+0000] {logging_mixin.py:190} INFO - Task instance is in running state
[2024-10-16T02:02:11.604+0000] {logging_mixin.py:190} INFO -  Previous state of the Task instance: queued
[2024-10-16T02:02:11.604+0000] {logging_mixin.py:190} INFO - Current task name:create_table_from_external_file state:running start_date:2024-10-16 02:02:11.347149+00:00
[2024-10-16T02:02:11.605+0000] {logging_mixin.py:190} INFO - Dag name:example_mssql and current dag run status:running
[2024-10-16T02:02:11.605+0000] {taskinstance.py:731} INFO - ::endgroup::
[2024-10-16T02:02:11.605+0000] {sql.py:266} INFO - Executing: CREATE TABLE Users (
    user_id INT NOT NULL IDENTITY(1,1) PRIMARY KEY,
    username NVARCHAR(50),
    description NVARCHAR(255)
);
[2024-10-16T02:02:11.620+0000] {base.py:84} INFO - Retrieving connection '***_mssql'
[2024-10-16T02:02:11.631+0000] {base.py:84} INFO - Retrieving connection '***_mssql'
[2024-10-16T02:02:11.766+0000] {sql.py:542} INFO - Running statement: CREATE TABLE Users (
    user_id INT NOT NULL IDENTITY(1,1) PRIMARY KEY,
    username NVARCHAR(50),
    description NVARCHAR(255)
);, parameters: None
[2024-10-16T02:02:11.790+0000] {taskinstance.py:340} INFO - ::group::Post task execution logs
[2024-10-16T02:02:11.792+0000] {taskinstance.py:352} INFO - Marking task as SUCCESS. dag_id=example_mssql, task_id=create_table_from_external_file, run_id=scheduled__2024-10-15T00:00:00+00:00, execution_date=20241015T000000, start_date=20241016T020211, end_date=20241016T020211
[2024-10-16T02:02:11.802+0000] {logging_mixin.py:190} INFO - Task instance in success state
[2024-10-16T02:02:11.802+0000] {logging_mixin.py:190} INFO -  Previous state of the Task instance: running
[2024-10-16T02:02:11.803+0000] {logging_mixin.py:190} INFO - Dag name:example_mssql queued_at:2024-10-16 02:01:59.791704+00:00
[2024-10-16T02:02:11.803+0000] {logging_mixin.py:190} INFO - Task hostname:a4f82a437ff2 operator:SQLExecuteQueryOperator
[2024-10-16T02:02:11.845+0000] {local_task_job_runner.py:266} INFO - Task exited with return code 0
[2024-10-16T02:02:11.878+0000] {taskinstance.py:3900} INFO - 1 downstream tasks scheduled from follow-on schedule check
[2024-10-16T02:02:11.879+0000] {local_task_job_runner.py:245} INFO - ::endgroup::
