[2024-10-11T03:32:55.037+0000] {processor.py:186} INFO - Started process (PID=84) to work on /opt/airflow/dags/simple_dag1.py
[2024-10-11T03:32:55.039+0000] {processor.py:914} INFO - Processing file /opt/airflow/dags/simple_dag1.py for tasks to queue
[2024-10-11T03:32:55.042+0000] {logging_mixin.py:190} INFO - [2024-10-11T03:32:55.042+0000] {dagbag.py:588} INFO - Filling up the DagBag from /opt/airflow/dags/simple_dag1.py
[2024-10-11T03:32:55.055+0000] {processor.py:925} INFO - DAG(s) 'minhlt9' retrieved from /opt/airflow/dags/simple_dag1.py
[2024-10-11T03:32:55.105+0000] {logging_mixin.py:190} INFO - [2024-10-11T03:32:55.105+0000] {dag.py:3239} INFO - Sync 1 DAGs
[2024-10-11T03:32:55.149+0000] {logging_mixin.py:190} INFO - [2024-10-11T03:32:55.149+0000] {dag.py:4180} INFO - Setting next_dagrun for minhlt9 to None, run_after=None
[2024-10-11T03:32:55.185+0000] {processor.py:208} INFO - Processing /opt/airflow/dags/simple_dag1.py took 0.161 seconds
[2024-10-11T03:33:25.483+0000] {processor.py:186} INFO - Started process (PID=149) to work on /opt/airflow/dags/simple_dag1.py
[2024-10-11T03:33:25.488+0000] {processor.py:914} INFO - Processing file /opt/airflow/dags/simple_dag1.py for tasks to queue
[2024-10-11T03:33:25.494+0000] {logging_mixin.py:190} INFO - [2024-10-11T03:33:25.494+0000] {dagbag.py:588} INFO - Filling up the DagBag from /opt/airflow/dags/simple_dag1.py
[2024-10-11T03:33:25.517+0000] {processor.py:925} INFO - DAG(s) 'minhlt9' retrieved from /opt/airflow/dags/simple_dag1.py
[2024-10-11T03:33:25.544+0000] {logging_mixin.py:190} INFO - [2024-10-11T03:33:25.543+0000] {dag.py:3239} INFO - Sync 1 DAGs
[2024-10-11T03:33:25.576+0000] {logging_mixin.py:190} INFO - [2024-10-11T03:33:25.576+0000] {dag.py:4180} INFO - Setting next_dagrun for minhlt9 to None, run_after=None
[2024-10-11T03:33:25.597+0000] {processor.py:208} INFO - Processing /opt/airflow/dags/simple_dag1.py took 0.135 seconds
[2024-10-11T03:33:55.834+0000] {processor.py:186} INFO - Started process (PID=214) to work on /opt/airflow/dags/simple_dag1.py
[2024-10-11T03:33:55.835+0000] {processor.py:914} INFO - Processing file /opt/airflow/dags/simple_dag1.py for tasks to queue
[2024-10-11T03:33:55.838+0000] {logging_mixin.py:190} INFO - [2024-10-11T03:33:55.837+0000] {dagbag.py:588} INFO - Filling up the DagBag from /opt/airflow/dags/simple_dag1.py
[2024-10-11T03:33:55.847+0000] {processor.py:925} INFO - DAG(s) 'minhlt9' retrieved from /opt/airflow/dags/simple_dag1.py
[2024-10-11T03:33:55.869+0000] {logging_mixin.py:190} INFO - [2024-10-11T03:33:55.868+0000] {dag.py:3239} INFO - Sync 1 DAGs
[2024-10-11T03:33:55.897+0000] {logging_mixin.py:190} INFO - [2024-10-11T03:33:55.897+0000] {dag.py:4180} INFO - Setting next_dagrun for minhlt9 to None, run_after=None
[2024-10-11T03:33:55.916+0000] {processor.py:208} INFO - Processing /opt/airflow/dags/simple_dag1.py took 0.090 seconds
[2024-10-11T03:34:26.458+0000] {processor.py:186} INFO - Started process (PID=281) to work on /opt/airflow/dags/simple_dag1.py
[2024-10-11T03:34:26.460+0000] {processor.py:914} INFO - Processing file /opt/airflow/dags/simple_dag1.py for tasks to queue
[2024-10-11T03:34:26.462+0000] {logging_mixin.py:190} INFO - [2024-10-11T03:34:26.462+0000] {dagbag.py:588} INFO - Filling up the DagBag from /opt/airflow/dags/simple_dag1.py
[2024-10-11T03:34:26.472+0000] {processor.py:925} INFO - DAG(s) 'minhlt9' retrieved from /opt/airflow/dags/simple_dag1.py
[2024-10-11T03:34:26.497+0000] {logging_mixin.py:190} INFO - [2024-10-11T03:34:26.496+0000] {dag.py:3239} INFO - Sync 1 DAGs
[2024-10-11T03:34:26.525+0000] {logging_mixin.py:190} INFO - [2024-10-11T03:34:26.524+0000] {dag.py:4180} INFO - Setting next_dagrun for minhlt9 to None, run_after=None
[2024-10-11T03:34:26.543+0000] {processor.py:208} INFO - Processing /opt/airflow/dags/simple_dag1.py took 0.093 seconds
[2024-10-11T03:34:56.671+0000] {processor.py:186} INFO - Started process (PID=347) to work on /opt/airflow/dags/simple_dag1.py
[2024-10-11T03:34:56.672+0000] {processor.py:914} INFO - Processing file /opt/airflow/dags/simple_dag1.py for tasks to queue
[2024-10-11T03:34:56.676+0000] {logging_mixin.py:190} INFO - [2024-10-11T03:34:56.676+0000] {dagbag.py:588} INFO - Filling up the DagBag from /opt/airflow/dags/simple_dag1.py
[2024-10-11T03:34:56.688+0000] {processor.py:925} INFO - DAG(s) 'minhlt9' retrieved from /opt/airflow/dags/simple_dag1.py
[2024-10-11T03:34:56.728+0000] {logging_mixin.py:190} INFO - [2024-10-11T03:34:56.728+0000] {dag.py:3239} INFO - Sync 1 DAGs
[2024-10-11T03:34:56.787+0000] {logging_mixin.py:190} INFO - [2024-10-11T03:34:56.787+0000] {dag.py:4180} INFO - Setting next_dagrun for minhlt9 to None, run_after=None
[2024-10-11T03:34:56.808+0000] {processor.py:208} INFO - Processing /opt/airflow/dags/simple_dag1.py took 0.148 seconds
[2024-10-11T03:35:27.697+0000] {processor.py:186} INFO - Started process (PID=413) to work on /opt/airflow/dags/simple_dag1.py
[2024-10-11T03:35:27.698+0000] {processor.py:914} INFO - Processing file /opt/airflow/dags/simple_dag1.py for tasks to queue
[2024-10-11T03:35:27.701+0000] {logging_mixin.py:190} INFO - [2024-10-11T03:35:27.701+0000] {dagbag.py:588} INFO - Filling up the DagBag from /opt/airflow/dags/simple_dag1.py
[2024-10-11T03:35:27.711+0000] {processor.py:925} INFO - DAG(s) 'minhlt9' retrieved from /opt/airflow/dags/simple_dag1.py
[2024-10-11T03:35:27.739+0000] {logging_mixin.py:190} INFO - [2024-10-11T03:35:27.739+0000] {dag.py:3239} INFO - Sync 1 DAGs
[2024-10-11T03:35:27.779+0000] {logging_mixin.py:190} INFO - [2024-10-11T03:35:27.778+0000] {dag.py:4180} INFO - Setting next_dagrun for minhlt9 to None, run_after=None
[2024-10-11T03:35:27.797+0000] {processor.py:208} INFO - Processing /opt/airflow/dags/simple_dag1.py took 0.107 seconds
[2024-10-11T03:35:58.758+0000] {processor.py:186} INFO - Started process (PID=479) to work on /opt/airflow/dags/simple_dag1.py
[2024-10-11T03:35:58.759+0000] {processor.py:914} INFO - Processing file /opt/airflow/dags/simple_dag1.py for tasks to queue
[2024-10-11T03:35:58.761+0000] {logging_mixin.py:190} INFO - [2024-10-11T03:35:58.761+0000] {dagbag.py:588} INFO - Filling up the DagBag from /opt/airflow/dags/simple_dag1.py
[2024-10-11T03:35:58.772+0000] {processor.py:925} INFO - DAG(s) 'minhlt9' retrieved from /opt/airflow/dags/simple_dag1.py
[2024-10-11T03:35:58.797+0000] {logging_mixin.py:190} INFO - [2024-10-11T03:35:58.796+0000] {dag.py:3239} INFO - Sync 1 DAGs
[2024-10-11T03:35:58.824+0000] {logging_mixin.py:190} INFO - [2024-10-11T03:35:58.824+0000] {dag.py:4180} INFO - Setting next_dagrun for minhlt9 to None, run_after=None
[2024-10-11T03:35:58.846+0000] {processor.py:208} INFO - Processing /opt/airflow/dags/simple_dag1.py took 0.097 seconds
[2024-10-11T03:36:29.142+0000] {processor.py:186} INFO - Started process (PID=545) to work on /opt/airflow/dags/simple_dag1.py
[2024-10-11T03:36:29.144+0000] {processor.py:914} INFO - Processing file /opt/airflow/dags/simple_dag1.py for tasks to queue
[2024-10-11T03:36:29.148+0000] {logging_mixin.py:190} INFO - [2024-10-11T03:36:29.148+0000] {dagbag.py:588} INFO - Filling up the DagBag from /opt/airflow/dags/simple_dag1.py
[2024-10-11T03:36:29.165+0000] {processor.py:925} INFO - DAG(s) 'minhlt9' retrieved from /opt/airflow/dags/simple_dag1.py
[2024-10-11T03:36:29.206+0000] {logging_mixin.py:190} INFO - [2024-10-11T03:36:29.206+0000] {dag.py:3239} INFO - Sync 1 DAGs
[2024-10-11T03:36:29.246+0000] {logging_mixin.py:190} INFO - [2024-10-11T03:36:29.246+0000] {dag.py:4180} INFO - Setting next_dagrun for minhlt9 to None, run_after=None
[2024-10-11T03:36:29.266+0000] {processor.py:208} INFO - Processing /opt/airflow/dags/simple_dag1.py took 0.136 seconds
[2024-10-11T03:36:59.546+0000] {processor.py:186} INFO - Started process (PID=611) to work on /opt/airflow/dags/simple_dag1.py
[2024-10-11T03:36:59.547+0000] {processor.py:914} INFO - Processing file /opt/airflow/dags/simple_dag1.py for tasks to queue
[2024-10-11T03:36:59.551+0000] {logging_mixin.py:190} INFO - [2024-10-11T03:36:59.551+0000] {dagbag.py:588} INFO - Filling up the DagBag from /opt/airflow/dags/simple_dag1.py
[2024-10-11T03:36:59.564+0000] {processor.py:925} INFO - DAG(s) 'minhlt9' retrieved from /opt/airflow/dags/simple_dag1.py
[2024-10-11T03:36:59.616+0000] {logging_mixin.py:190} INFO - [2024-10-11T03:36:59.616+0000] {dag.py:3239} INFO - Sync 1 DAGs
[2024-10-11T03:36:59.656+0000] {logging_mixin.py:190} INFO - [2024-10-11T03:36:59.655+0000] {dag.py:4180} INFO - Setting next_dagrun for minhlt9 to None, run_after=None
[2024-10-11T03:36:59.682+0000] {processor.py:208} INFO - Processing /opt/airflow/dags/simple_dag1.py took 0.146 seconds
[2024-10-11T03:37:30.136+0000] {processor.py:186} INFO - Started process (PID=677) to work on /opt/airflow/dags/simple_dag1.py
[2024-10-11T03:37:30.138+0000] {processor.py:914} INFO - Processing file /opt/airflow/dags/simple_dag1.py for tasks to queue
[2024-10-11T03:37:30.143+0000] {logging_mixin.py:190} INFO - [2024-10-11T03:37:30.143+0000] {dagbag.py:588} INFO - Filling up the DagBag from /opt/airflow/dags/simple_dag1.py
[2024-10-11T03:37:30.158+0000] {processor.py:925} INFO - DAG(s) 'minhlt9' retrieved from /opt/airflow/dags/simple_dag1.py
[2024-10-11T03:37:30.190+0000] {logging_mixin.py:190} INFO - [2024-10-11T03:37:30.190+0000] {dag.py:3239} INFO - Sync 1 DAGs
[2024-10-11T03:37:30.246+0000] {logging_mixin.py:190} INFO - [2024-10-11T03:37:30.246+0000] {dag.py:4180} INFO - Setting next_dagrun for minhlt9 to None, run_after=None
[2024-10-11T03:37:30.268+0000] {processor.py:208} INFO - Processing /opt/airflow/dags/simple_dag1.py took 0.147 seconds
[2024-10-11T03:38:00.640+0000] {processor.py:186} INFO - Started process (PID=743) to work on /opt/airflow/dags/simple_dag1.py
[2024-10-11T03:38:00.641+0000] {processor.py:914} INFO - Processing file /opt/airflow/dags/simple_dag1.py for tasks to queue
[2024-10-11T03:38:00.644+0000] {logging_mixin.py:190} INFO - [2024-10-11T03:38:00.643+0000] {dagbag.py:588} INFO - Filling up the DagBag from /opt/airflow/dags/simple_dag1.py
[2024-10-11T03:38:00.653+0000] {processor.py:925} INFO - DAG(s) 'minhlt9' retrieved from /opt/airflow/dags/simple_dag1.py
[2024-10-11T03:38:00.676+0000] {logging_mixin.py:190} INFO - [2024-10-11T03:38:00.676+0000] {dag.py:3239} INFO - Sync 1 DAGs
[2024-10-11T03:38:00.702+0000] {logging_mixin.py:190} INFO - [2024-10-11T03:38:00.702+0000] {dag.py:4180} INFO - Setting next_dagrun for minhlt9 to None, run_after=None
[2024-10-11T03:38:00.721+0000] {processor.py:208} INFO - Processing /opt/airflow/dags/simple_dag1.py took 0.087 seconds
[2024-10-11T03:38:31.425+0000] {processor.py:186} INFO - Started process (PID=809) to work on /opt/airflow/dags/simple_dag1.py
[2024-10-11T03:38:31.426+0000] {processor.py:914} INFO - Processing file /opt/airflow/dags/simple_dag1.py for tasks to queue
[2024-10-11T03:38:31.429+0000] {logging_mixin.py:190} INFO - [2024-10-11T03:38:31.429+0000] {dagbag.py:588} INFO - Filling up the DagBag from /opt/airflow/dags/simple_dag1.py
[2024-10-11T03:38:31.446+0000] {processor.py:925} INFO - DAG(s) 'minhlt9' retrieved from /opt/airflow/dags/simple_dag1.py
[2024-10-11T03:38:31.478+0000] {logging_mixin.py:190} INFO - [2024-10-11T03:38:31.478+0000] {dag.py:3239} INFO - Sync 1 DAGs
[2024-10-11T03:38:31.510+0000] {logging_mixin.py:190} INFO - [2024-10-11T03:38:31.510+0000] {dag.py:4180} INFO - Setting next_dagrun for minhlt9 to None, run_after=None
[2024-10-11T03:38:31.532+0000] {processor.py:208} INFO - Processing /opt/airflow/dags/simple_dag1.py took 0.120 seconds
[2024-10-11T03:39:02.249+0000] {processor.py:186} INFO - Started process (PID=875) to work on /opt/airflow/dags/simple_dag1.py
[2024-10-11T03:39:02.250+0000] {processor.py:914} INFO - Processing file /opt/airflow/dags/simple_dag1.py for tasks to queue
[2024-10-11T03:39:02.253+0000] {logging_mixin.py:190} INFO - [2024-10-11T03:39:02.253+0000] {dagbag.py:588} INFO - Filling up the DagBag from /opt/airflow/dags/simple_dag1.py
[2024-10-11T03:39:02.262+0000] {processor.py:925} INFO - DAG(s) 'minhlt9' retrieved from /opt/airflow/dags/simple_dag1.py
[2024-10-11T03:39:02.287+0000] {logging_mixin.py:190} INFO - [2024-10-11T03:39:02.286+0000] {dag.py:3239} INFO - Sync 1 DAGs
[2024-10-11T03:39:02.370+0000] {logging_mixin.py:190} INFO - [2024-10-11T03:39:02.369+0000] {dag.py:4180} INFO - Setting next_dagrun for minhlt9 to None, run_after=None
[2024-10-11T03:39:02.409+0000] {processor.py:208} INFO - Processing /opt/airflow/dags/simple_dag1.py took 0.167 seconds
[2024-10-11T03:39:33.433+0000] {processor.py:186} INFO - Started process (PID=941) to work on /opt/airflow/dags/simple_dag1.py
[2024-10-11T03:39:33.434+0000] {processor.py:914} INFO - Processing file /opt/airflow/dags/simple_dag1.py for tasks to queue
[2024-10-11T03:39:33.437+0000] {logging_mixin.py:190} INFO - [2024-10-11T03:39:33.437+0000] {dagbag.py:588} INFO - Filling up the DagBag from /opt/airflow/dags/simple_dag1.py
[2024-10-11T03:39:33.451+0000] {processor.py:925} INFO - DAG(s) 'minhlt9' retrieved from /opt/airflow/dags/simple_dag1.py
[2024-10-11T03:39:33.479+0000] {logging_mixin.py:190} INFO - [2024-10-11T03:39:33.479+0000] {dag.py:3239} INFO - Sync 1 DAGs
[2024-10-11T03:39:33.513+0000] {logging_mixin.py:190} INFO - [2024-10-11T03:39:33.513+0000] {dag.py:4180} INFO - Setting next_dagrun for minhlt9 to None, run_after=None
[2024-10-11T03:39:33.532+0000] {processor.py:208} INFO - Processing /opt/airflow/dags/simple_dag1.py took 0.106 seconds
[2024-10-11T03:40:03.599+0000] {processor.py:186} INFO - Started process (PID=1007) to work on /opt/airflow/dags/simple_dag1.py
[2024-10-11T03:40:03.600+0000] {processor.py:914} INFO - Processing file /opt/airflow/dags/simple_dag1.py for tasks to queue
[2024-10-11T03:40:03.603+0000] {logging_mixin.py:190} INFO - [2024-10-11T03:40:03.602+0000] {dagbag.py:588} INFO - Filling up the DagBag from /opt/airflow/dags/simple_dag1.py
[2024-10-11T03:40:03.612+0000] {processor.py:925} INFO - DAG(s) 'minhlt9' retrieved from /opt/airflow/dags/simple_dag1.py
[2024-10-11T03:40:03.635+0000] {logging_mixin.py:190} INFO - [2024-10-11T03:40:03.635+0000] {dag.py:3239} INFO - Sync 1 DAGs
[2024-10-11T03:40:03.662+0000] {logging_mixin.py:190} INFO - [2024-10-11T03:40:03.662+0000] {dag.py:4180} INFO - Setting next_dagrun for minhlt9 to None, run_after=None
[2024-10-11T03:40:03.681+0000] {processor.py:208} INFO - Processing /opt/airflow/dags/simple_dag1.py took 0.090 seconds
[2024-10-11T03:40:34.268+0000] {processor.py:186} INFO - Started process (PID=1073) to work on /opt/airflow/dags/simple_dag1.py
[2024-10-11T03:40:34.269+0000] {processor.py:914} INFO - Processing file /opt/airflow/dags/simple_dag1.py for tasks to queue
[2024-10-11T03:40:34.272+0000] {logging_mixin.py:190} INFO - [2024-10-11T03:40:34.272+0000] {dagbag.py:588} INFO - Filling up the DagBag from /opt/airflow/dags/simple_dag1.py
[2024-10-11T03:40:34.282+0000] {processor.py:925} INFO - DAG(s) 'minhlt9' retrieved from /opt/airflow/dags/simple_dag1.py
[2024-10-11T03:40:34.308+0000] {logging_mixin.py:190} INFO - [2024-10-11T03:40:34.308+0000] {dag.py:3239} INFO - Sync 1 DAGs
[2024-10-11T03:40:34.344+0000] {logging_mixin.py:190} INFO - [2024-10-11T03:40:34.343+0000] {dag.py:4180} INFO - Setting next_dagrun for minhlt9 to None, run_after=None
[2024-10-11T03:40:34.404+0000] {processor.py:208} INFO - Processing /opt/airflow/dags/simple_dag1.py took 0.143 seconds
[2024-10-11T03:41:05.343+0000] {processor.py:186} INFO - Started process (PID=1139) to work on /opt/airflow/dags/simple_dag1.py
[2024-10-11T03:41:05.344+0000] {processor.py:914} INFO - Processing file /opt/airflow/dags/simple_dag1.py for tasks to queue
[2024-10-11T03:41:05.347+0000] {logging_mixin.py:190} INFO - [2024-10-11T03:41:05.346+0000] {dagbag.py:588} INFO - Filling up the DagBag from /opt/airflow/dags/simple_dag1.py
[2024-10-11T03:41:05.357+0000] {processor.py:925} INFO - DAG(s) 'minhlt9' retrieved from /opt/airflow/dags/simple_dag1.py
[2024-10-11T03:41:05.387+0000] {logging_mixin.py:190} INFO - [2024-10-11T03:41:05.386+0000] {dag.py:3239} INFO - Sync 1 DAGs
[2024-10-11T03:41:05.423+0000] {logging_mixin.py:190} INFO - [2024-10-11T03:41:05.423+0000] {dag.py:4180} INFO - Setting next_dagrun for minhlt9 to None, run_after=None
[2024-10-11T03:41:05.445+0000] {processor.py:208} INFO - Processing /opt/airflow/dags/simple_dag1.py took 0.110 seconds
[2024-10-11T03:41:36.233+0000] {processor.py:186} INFO - Started process (PID=1205) to work on /opt/airflow/dags/simple_dag1.py
[2024-10-11T03:41:36.234+0000] {processor.py:914} INFO - Processing file /opt/airflow/dags/simple_dag1.py for tasks to queue
[2024-10-11T03:41:36.237+0000] {logging_mixin.py:190} INFO - [2024-10-11T03:41:36.236+0000] {dagbag.py:588} INFO - Filling up the DagBag from /opt/airflow/dags/simple_dag1.py
[2024-10-11T03:41:36.246+0000] {processor.py:925} INFO - DAG(s) 'minhlt9' retrieved from /opt/airflow/dags/simple_dag1.py
[2024-10-11T03:41:36.270+0000] {logging_mixin.py:190} INFO - [2024-10-11T03:41:36.270+0000] {dag.py:3239} INFO - Sync 1 DAGs
[2024-10-11T03:41:36.297+0000] {logging_mixin.py:190} INFO - [2024-10-11T03:41:36.297+0000] {dag.py:4180} INFO - Setting next_dagrun for minhlt9 to None, run_after=None
[2024-10-11T03:41:36.316+0000] {processor.py:208} INFO - Processing /opt/airflow/dags/simple_dag1.py took 0.091 seconds
[2024-10-11T03:42:07.290+0000] {processor.py:186} INFO - Started process (PID=1271) to work on /opt/airflow/dags/simple_dag1.py
[2024-10-11T03:42:07.291+0000] {processor.py:914} INFO - Processing file /opt/airflow/dags/simple_dag1.py for tasks to queue
[2024-10-11T03:42:07.294+0000] {logging_mixin.py:190} INFO - [2024-10-11T03:42:07.294+0000] {dagbag.py:588} INFO - Filling up the DagBag from /opt/airflow/dags/simple_dag1.py
[2024-10-11T03:42:07.308+0000] {processor.py:925} INFO - DAG(s) 'minhlt9' retrieved from /opt/airflow/dags/simple_dag1.py
[2024-10-11T03:42:07.339+0000] {logging_mixin.py:190} INFO - [2024-10-11T03:42:07.338+0000] {dag.py:3239} INFO - Sync 1 DAGs
[2024-10-11T03:42:07.375+0000] {logging_mixin.py:190} INFO - [2024-10-11T03:42:07.375+0000] {dag.py:4180} INFO - Setting next_dagrun for minhlt9 to None, run_after=None
[2024-10-11T03:42:07.395+0000] {processor.py:208} INFO - Processing /opt/airflow/dags/simple_dag1.py took 0.115 seconds
[2024-10-11T03:42:37.699+0000] {processor.py:186} INFO - Started process (PID=1337) to work on /opt/airflow/dags/simple_dag1.py
[2024-10-11T03:42:37.700+0000] {processor.py:914} INFO - Processing file /opt/airflow/dags/simple_dag1.py for tasks to queue
[2024-10-11T03:42:37.708+0000] {logging_mixin.py:190} INFO - [2024-10-11T03:42:37.708+0000] {dagbag.py:588} INFO - Filling up the DagBag from /opt/airflow/dags/simple_dag1.py
[2024-10-11T03:42:37.719+0000] {processor.py:925} INFO - DAG(s) 'minhlt9' retrieved from /opt/airflow/dags/simple_dag1.py
[2024-10-11T03:42:37.743+0000] {logging_mixin.py:190} INFO - [2024-10-11T03:42:37.743+0000] {dag.py:3239} INFO - Sync 1 DAGs
[2024-10-11T03:42:37.772+0000] {logging_mixin.py:190} INFO - [2024-10-11T03:42:37.771+0000] {dag.py:4180} INFO - Setting next_dagrun for minhlt9 to None, run_after=None
[2024-10-11T03:42:37.791+0000] {processor.py:208} INFO - Processing /opt/airflow/dags/simple_dag1.py took 0.100 seconds
[2024-10-11T03:43:07.961+0000] {processor.py:186} INFO - Started process (PID=1404) to work on /opt/airflow/dags/simple_dag1.py
[2024-10-11T03:43:07.962+0000] {processor.py:914} INFO - Processing file /opt/airflow/dags/simple_dag1.py for tasks to queue
[2024-10-11T03:43:07.964+0000] {logging_mixin.py:190} INFO - [2024-10-11T03:43:07.964+0000] {dagbag.py:588} INFO - Filling up the DagBag from /opt/airflow/dags/simple_dag1.py
[2024-10-11T03:43:07.974+0000] {processor.py:925} INFO - DAG(s) 'minhlt9' retrieved from /opt/airflow/dags/simple_dag1.py
[2024-10-11T03:43:07.996+0000] {logging_mixin.py:190} INFO - [2024-10-11T03:43:07.996+0000] {dag.py:3239} INFO - Sync 1 DAGs
[2024-10-11T03:43:08.026+0000] {logging_mixin.py:190} INFO - [2024-10-11T03:43:08.026+0000] {dag.py:4180} INFO - Setting next_dagrun for minhlt9 to None, run_after=None
[2024-10-11T03:43:08.047+0000] {processor.py:208} INFO - Processing /opt/airflow/dags/simple_dag1.py took 0.094 seconds
[2024-10-11T03:43:38.455+0000] {processor.py:186} INFO - Started process (PID=1472) to work on /opt/airflow/dags/simple_dag1.py
[2024-10-11T03:43:38.456+0000] {processor.py:914} INFO - Processing file /opt/airflow/dags/simple_dag1.py for tasks to queue
[2024-10-11T03:43:38.461+0000] {logging_mixin.py:190} INFO - [2024-10-11T03:43:38.461+0000] {dagbag.py:588} INFO - Filling up the DagBag from /opt/airflow/dags/simple_dag1.py
[2024-10-11T03:43:38.471+0000] {processor.py:925} INFO - DAG(s) 'minhlt9' retrieved from /opt/airflow/dags/simple_dag1.py
[2024-10-11T03:43:38.498+0000] {logging_mixin.py:190} INFO - [2024-10-11T03:43:38.498+0000] {dag.py:3239} INFO - Sync 1 DAGs
[2024-10-11T03:43:38.531+0000] {logging_mixin.py:190} INFO - [2024-10-11T03:43:38.530+0000] {dag.py:4180} INFO - Setting next_dagrun for minhlt9 to None, run_after=None
[2024-10-11T03:43:38.550+0000] {processor.py:208} INFO - Processing /opt/airflow/dags/simple_dag1.py took 0.103 seconds
[2024-10-11T03:44:09.269+0000] {processor.py:186} INFO - Started process (PID=1539) to work on /opt/airflow/dags/simple_dag1.py
[2024-10-11T03:44:09.269+0000] {processor.py:914} INFO - Processing file /opt/airflow/dags/simple_dag1.py for tasks to queue
[2024-10-11T03:44:09.272+0000] {logging_mixin.py:190} INFO - [2024-10-11T03:44:09.272+0000] {dagbag.py:588} INFO - Filling up the DagBag from /opt/airflow/dags/simple_dag1.py
[2024-10-11T03:44:09.283+0000] {processor.py:925} INFO - DAG(s) 'minhlt9' retrieved from /opt/airflow/dags/simple_dag1.py
[2024-10-11T03:44:09.312+0000] {logging_mixin.py:190} INFO - [2024-10-11T03:44:09.311+0000] {dag.py:3239} INFO - Sync 1 DAGs
[2024-10-11T03:44:09.344+0000] {logging_mixin.py:190} INFO - [2024-10-11T03:44:09.343+0000] {dag.py:4180} INFO - Setting next_dagrun for minhlt9 to None, run_after=None
[2024-10-11T03:44:09.367+0000] {processor.py:208} INFO - Processing /opt/airflow/dags/simple_dag1.py took 0.105 seconds
[2024-10-11T03:44:39.872+0000] {processor.py:186} INFO - Started process (PID=1606) to work on /opt/airflow/dags/simple_dag1.py
[2024-10-11T03:44:39.873+0000] {processor.py:914} INFO - Processing file /opt/airflow/dags/simple_dag1.py for tasks to queue
[2024-10-11T03:44:39.876+0000] {logging_mixin.py:190} INFO - [2024-10-11T03:44:39.875+0000] {dagbag.py:588} INFO - Filling up the DagBag from /opt/airflow/dags/simple_dag1.py
[2024-10-11T03:44:39.885+0000] {processor.py:925} INFO - DAG(s) 'minhlt9' retrieved from /opt/airflow/dags/simple_dag1.py
[2024-10-11T03:44:39.912+0000] {logging_mixin.py:190} INFO - [2024-10-11T03:44:39.911+0000] {dag.py:3239} INFO - Sync 1 DAGs
[2024-10-11T03:44:39.942+0000] {logging_mixin.py:190} INFO - [2024-10-11T03:44:39.942+0000] {dag.py:4180} INFO - Setting next_dagrun for minhlt9 to None, run_after=None
[2024-10-11T03:44:39.961+0000] {processor.py:208} INFO - Processing /opt/airflow/dags/simple_dag1.py took 0.097 seconds
[2024-10-11T03:45:10.692+0000] {processor.py:186} INFO - Started process (PID=1673) to work on /opt/airflow/dags/simple_dag1.py
[2024-10-11T03:45:10.693+0000] {processor.py:914} INFO - Processing file /opt/airflow/dags/simple_dag1.py for tasks to queue
[2024-10-11T03:45:10.696+0000] {logging_mixin.py:190} INFO - [2024-10-11T03:45:10.696+0000] {dagbag.py:588} INFO - Filling up the DagBag from /opt/airflow/dags/simple_dag1.py
[2024-10-11T03:45:10.705+0000] {processor.py:925} INFO - DAG(s) 'minhlt9' retrieved from /opt/airflow/dags/simple_dag1.py
[2024-10-11T03:45:10.727+0000] {logging_mixin.py:190} INFO - [2024-10-11T03:45:10.727+0000] {dag.py:3239} INFO - Sync 1 DAGs
[2024-10-11T03:45:10.753+0000] {logging_mixin.py:190} INFO - [2024-10-11T03:45:10.753+0000] {dag.py:4180} INFO - Setting next_dagrun for minhlt9 to None, run_after=None
[2024-10-11T03:45:10.772+0000] {processor.py:208} INFO - Processing /opt/airflow/dags/simple_dag1.py took 0.087 seconds
[2024-10-11T03:45:41.183+0000] {processor.py:186} INFO - Started process (PID=1740) to work on /opt/airflow/dags/simple_dag1.py
[2024-10-11T03:45:41.185+0000] {processor.py:914} INFO - Processing file /opt/airflow/dags/simple_dag1.py for tasks to queue
[2024-10-11T03:45:41.189+0000] {logging_mixin.py:190} INFO - [2024-10-11T03:45:41.188+0000] {dagbag.py:588} INFO - Filling up the DagBag from /opt/airflow/dags/simple_dag1.py
[2024-10-11T03:45:41.200+0000] {processor.py:925} INFO - DAG(s) 'minhlt9' retrieved from /opt/airflow/dags/simple_dag1.py
[2024-10-11T03:45:41.223+0000] {logging_mixin.py:190} INFO - [2024-10-11T03:45:41.223+0000] {dag.py:3239} INFO - Sync 1 DAGs
[2024-10-11T03:45:41.250+0000] {logging_mixin.py:190} INFO - [2024-10-11T03:45:41.250+0000] {dag.py:4180} INFO - Setting next_dagrun for minhlt9 to None, run_after=None
[2024-10-11T03:45:41.269+0000] {processor.py:208} INFO - Processing /opt/airflow/dags/simple_dag1.py took 0.094 seconds
[2024-10-11T03:46:11.942+0000] {processor.py:186} INFO - Started process (PID=1807) to work on /opt/airflow/dags/simple_dag1.py
[2024-10-11T03:46:11.944+0000] {processor.py:914} INFO - Processing file /opt/airflow/dags/simple_dag1.py for tasks to queue
[2024-10-11T03:46:11.947+0000] {logging_mixin.py:190} INFO - [2024-10-11T03:46:11.947+0000] {dagbag.py:588} INFO - Filling up the DagBag from /opt/airflow/dags/simple_dag1.py
[2024-10-11T03:46:11.957+0000] {processor.py:925} INFO - DAG(s) 'minhlt9' retrieved from /opt/airflow/dags/simple_dag1.py
[2024-10-11T03:46:11.983+0000] {logging_mixin.py:190} INFO - [2024-10-11T03:46:11.982+0000] {dag.py:3239} INFO - Sync 1 DAGs
[2024-10-11T03:46:12.009+0000] {logging_mixin.py:190} INFO - [2024-10-11T03:46:12.009+0000] {dag.py:4180} INFO - Setting next_dagrun for minhlt9 to None, run_after=None
[2024-10-11T03:46:12.028+0000] {processor.py:208} INFO - Processing /opt/airflow/dags/simple_dag1.py took 0.093 seconds
[2024-10-11T03:46:42.339+0000] {processor.py:186} INFO - Started process (PID=1873) to work on /opt/airflow/dags/simple_dag1.py
[2024-10-11T03:46:42.341+0000] {processor.py:914} INFO - Processing file /opt/airflow/dags/simple_dag1.py for tasks to queue
[2024-10-11T03:46:42.343+0000] {logging_mixin.py:190} INFO - [2024-10-11T03:46:42.343+0000] {dagbag.py:588} INFO - Filling up the DagBag from /opt/airflow/dags/simple_dag1.py
[2024-10-11T03:46:42.353+0000] {processor.py:925} INFO - DAG(s) 'minhlt9' retrieved from /opt/airflow/dags/simple_dag1.py
[2024-10-11T03:46:42.375+0000] {logging_mixin.py:190} INFO - [2024-10-11T03:46:42.374+0000] {dag.py:3239} INFO - Sync 1 DAGs
[2024-10-11T03:46:42.401+0000] {logging_mixin.py:190} INFO - [2024-10-11T03:46:42.401+0000] {dag.py:4180} INFO - Setting next_dagrun for minhlt9 to None, run_after=None
[2024-10-11T03:46:42.419+0000] {processor.py:208} INFO - Processing /opt/airflow/dags/simple_dag1.py took 0.087 seconds
[2024-10-11T03:47:13.138+0000] {processor.py:186} INFO - Started process (PID=1940) to work on /opt/airflow/dags/simple_dag1.py
[2024-10-11T03:47:13.139+0000] {processor.py:914} INFO - Processing file /opt/airflow/dags/simple_dag1.py for tasks to queue
[2024-10-11T03:47:13.142+0000] {logging_mixin.py:190} INFO - [2024-10-11T03:47:13.142+0000] {dagbag.py:588} INFO - Filling up the DagBag from /opt/airflow/dags/simple_dag1.py
[2024-10-11T03:47:13.154+0000] {processor.py:925} INFO - DAG(s) 'minhlt9' retrieved from /opt/airflow/dags/simple_dag1.py
[2024-10-11T03:47:13.177+0000] {logging_mixin.py:190} INFO - [2024-10-11T03:47:13.177+0000] {dag.py:3239} INFO - Sync 1 DAGs
[2024-10-11T03:47:13.206+0000] {logging_mixin.py:190} INFO - [2024-10-11T03:47:13.206+0000] {dag.py:4180} INFO - Setting next_dagrun for minhlt9 to None, run_after=None
[2024-10-11T03:47:13.226+0000] {processor.py:208} INFO - Processing /opt/airflow/dags/simple_dag1.py took 0.097 seconds
[2024-10-11T03:47:43.287+0000] {processor.py:186} INFO - Started process (PID=2007) to work on /opt/airflow/dags/simple_dag1.py
[2024-10-11T03:47:43.288+0000] {processor.py:914} INFO - Processing file /opt/airflow/dags/simple_dag1.py for tasks to queue
[2024-10-11T03:47:43.291+0000] {logging_mixin.py:190} INFO - [2024-10-11T03:47:43.291+0000] {dagbag.py:588} INFO - Filling up the DagBag from /opt/airflow/dags/simple_dag1.py
[2024-10-11T03:47:43.301+0000] {processor.py:925} INFO - DAG(s) 'minhlt9' retrieved from /opt/airflow/dags/simple_dag1.py
[2024-10-11T03:47:43.326+0000] {logging_mixin.py:190} INFO - [2024-10-11T03:47:43.325+0000] {dag.py:3239} INFO - Sync 1 DAGs
[2024-10-11T03:47:43.355+0000] {logging_mixin.py:190} INFO - [2024-10-11T03:47:43.355+0000] {dag.py:4180} INFO - Setting next_dagrun for minhlt9 to None, run_after=None
[2024-10-11T03:47:43.381+0000] {processor.py:208} INFO - Processing /opt/airflow/dags/simple_dag1.py took 0.102 seconds
[2024-10-11T03:48:14.356+0000] {processor.py:186} INFO - Started process (PID=2074) to work on /opt/airflow/dags/simple_dag1.py
[2024-10-11T03:48:14.357+0000] {processor.py:914} INFO - Processing file /opt/airflow/dags/simple_dag1.py for tasks to queue
[2024-10-11T03:48:14.361+0000] {logging_mixin.py:190} INFO - [2024-10-11T03:48:14.360+0000] {dagbag.py:588} INFO - Filling up the DagBag from /opt/airflow/dags/simple_dag1.py
[2024-10-11T03:48:14.378+0000] {processor.py:925} INFO - DAG(s) 'minhlt9' retrieved from /opt/airflow/dags/simple_dag1.py
[2024-10-11T03:48:14.408+0000] {logging_mixin.py:190} INFO - [2024-10-11T03:48:14.408+0000] {dag.py:3239} INFO - Sync 1 DAGs
[2024-10-11T03:48:14.445+0000] {logging_mixin.py:190} INFO - [2024-10-11T03:48:14.444+0000] {dag.py:4180} INFO - Setting next_dagrun for minhlt9 to None, run_after=None
[2024-10-11T03:48:14.466+0000] {processor.py:208} INFO - Processing /opt/airflow/dags/simple_dag1.py took 0.120 seconds
[2024-10-11T03:48:45.280+0000] {processor.py:186} INFO - Started process (PID=2142) to work on /opt/airflow/dags/simple_dag1.py
[2024-10-11T03:48:45.281+0000] {processor.py:914} INFO - Processing file /opt/airflow/dags/simple_dag1.py for tasks to queue
[2024-10-11T03:48:45.284+0000] {logging_mixin.py:190} INFO - [2024-10-11T03:48:45.283+0000] {dagbag.py:588} INFO - Filling up the DagBag from /opt/airflow/dags/simple_dag1.py
[2024-10-11T03:48:45.295+0000] {processor.py:925} INFO - DAG(s) 'minhlt9' retrieved from /opt/airflow/dags/simple_dag1.py
[2024-10-11T03:48:45.320+0000] {logging_mixin.py:190} INFO - [2024-10-11T03:48:45.319+0000] {dag.py:3239} INFO - Sync 1 DAGs
[2024-10-11T03:48:45.350+0000] {logging_mixin.py:190} INFO - [2024-10-11T03:48:45.350+0000] {dag.py:4180} INFO - Setting next_dagrun for minhlt9 to None, run_after=None
[2024-10-11T03:48:45.371+0000] {processor.py:208} INFO - Processing /opt/airflow/dags/simple_dag1.py took 0.102 seconds
[2024-10-11T03:49:15.570+0000] {processor.py:186} INFO - Started process (PID=2208) to work on /opt/airflow/dags/simple_dag1.py
[2024-10-11T03:49:15.574+0000] {processor.py:914} INFO - Processing file /opt/airflow/dags/simple_dag1.py for tasks to queue
[2024-10-11T03:49:15.579+0000] {logging_mixin.py:190} INFO - [2024-10-11T03:49:15.578+0000] {dagbag.py:588} INFO - Filling up the DagBag from /opt/airflow/dags/simple_dag1.py
[2024-10-11T03:49:15.597+0000] {processor.py:925} INFO - DAG(s) 'minhlt9' retrieved from /opt/airflow/dags/simple_dag1.py
[2024-10-11T03:49:15.636+0000] {logging_mixin.py:190} INFO - [2024-10-11T03:49:15.635+0000] {dag.py:3239} INFO - Sync 1 DAGs
[2024-10-11T03:49:15.674+0000] {logging_mixin.py:190} INFO - [2024-10-11T03:49:15.674+0000] {dag.py:4180} INFO - Setting next_dagrun for minhlt9 to None, run_after=None
[2024-10-11T03:49:15.919+0000] {processor.py:208} INFO - Processing /opt/airflow/dags/simple_dag1.py took 0.363 seconds
[2024-10-11T03:49:46.565+0000] {processor.py:186} INFO - Started process (PID=2274) to work on /opt/airflow/dags/simple_dag1.py
[2024-10-11T03:49:46.566+0000] {processor.py:914} INFO - Processing file /opt/airflow/dags/simple_dag1.py for tasks to queue
[2024-10-11T03:49:46.569+0000] {logging_mixin.py:190} INFO - [2024-10-11T03:49:46.569+0000] {dagbag.py:588} INFO - Filling up the DagBag from /opt/airflow/dags/simple_dag1.py
[2024-10-11T03:49:46.579+0000] {processor.py:925} INFO - DAG(s) 'minhlt9' retrieved from /opt/airflow/dags/simple_dag1.py
[2024-10-11T03:49:46.607+0000] {logging_mixin.py:190} INFO - [2024-10-11T03:49:46.607+0000] {dag.py:3239} INFO - Sync 1 DAGs
[2024-10-11T03:49:46.636+0000] {logging_mixin.py:190} INFO - [2024-10-11T03:49:46.635+0000] {dag.py:4180} INFO - Setting next_dagrun for minhlt9 to None, run_after=None
[2024-10-11T03:49:46.657+0000] {processor.py:208} INFO - Processing /opt/airflow/dags/simple_dag1.py took 0.100 seconds
[2024-10-11T03:50:16.762+0000] {processor.py:186} INFO - Started process (PID=2340) to work on /opt/airflow/dags/simple_dag1.py
[2024-10-11T03:50:16.764+0000] {processor.py:914} INFO - Processing file /opt/airflow/dags/simple_dag1.py for tasks to queue
[2024-10-11T03:50:16.769+0000] {logging_mixin.py:190} INFO - [2024-10-11T03:50:16.768+0000] {dagbag.py:588} INFO - Filling up the DagBag from /opt/airflow/dags/simple_dag1.py
[2024-10-11T03:50:16.785+0000] {processor.py:925} INFO - DAG(s) 'minhlt9' retrieved from /opt/airflow/dags/simple_dag1.py
[2024-10-11T03:50:16.823+0000] {logging_mixin.py:190} INFO - [2024-10-11T03:50:16.822+0000] {dag.py:3239} INFO - Sync 1 DAGs
[2024-10-11T03:50:16.861+0000] {logging_mixin.py:190} INFO - [2024-10-11T03:50:16.861+0000] {dag.py:4180} INFO - Setting next_dagrun for minhlt9 to None, run_after=None
[2024-10-11T03:50:16.888+0000] {processor.py:208} INFO - Processing /opt/airflow/dags/simple_dag1.py took 0.141 seconds
[2024-10-11T03:50:47.843+0000] {processor.py:186} INFO - Started process (PID=2408) to work on /opt/airflow/dags/simple_dag1.py
[2024-10-11T03:50:47.845+0000] {processor.py:914} INFO - Processing file /opt/airflow/dags/simple_dag1.py for tasks to queue
[2024-10-11T03:50:47.849+0000] {logging_mixin.py:190} INFO - [2024-10-11T03:50:47.848+0000] {dagbag.py:588} INFO - Filling up the DagBag from /opt/airflow/dags/simple_dag1.py
[2024-10-11T03:50:47.866+0000] {processor.py:925} INFO - DAG(s) 'minhlt9' retrieved from /opt/airflow/dags/simple_dag1.py
[2024-10-11T03:50:47.906+0000] {logging_mixin.py:190} INFO - [2024-10-11T03:50:47.906+0000] {dag.py:3239} INFO - Sync 1 DAGs
[2024-10-11T03:50:47.953+0000] {logging_mixin.py:190} INFO - [2024-10-11T03:50:47.953+0000] {dag.py:4180} INFO - Setting next_dagrun for minhlt9 to None, run_after=None
[2024-10-11T03:50:47.984+0000] {processor.py:208} INFO - Processing /opt/airflow/dags/simple_dag1.py took 0.152 seconds
[2024-10-11T03:51:18.459+0000] {processor.py:186} INFO - Started process (PID=2475) to work on /opt/airflow/dags/simple_dag1.py
[2024-10-11T03:51:18.460+0000] {processor.py:914} INFO - Processing file /opt/airflow/dags/simple_dag1.py for tasks to queue
[2024-10-11T03:51:18.463+0000] {logging_mixin.py:190} INFO - [2024-10-11T03:51:18.463+0000] {dagbag.py:588} INFO - Filling up the DagBag from /opt/airflow/dags/simple_dag1.py
[2024-10-11T03:51:18.477+0000] {processor.py:925} INFO - DAG(s) 'minhlt9' retrieved from /opt/airflow/dags/simple_dag1.py
[2024-10-11T03:51:18.511+0000] {logging_mixin.py:190} INFO - [2024-10-11T03:51:18.511+0000] {dag.py:3239} INFO - Sync 1 DAGs
[2024-10-11T03:51:18.549+0000] {logging_mixin.py:190} INFO - [2024-10-11T03:51:18.549+0000] {dag.py:4180} INFO - Setting next_dagrun for minhlt9 to None, run_after=None
[2024-10-11T03:51:18.576+0000] {processor.py:208} INFO - Processing /opt/airflow/dags/simple_dag1.py took 0.131 seconds
[2024-10-11T03:51:49.186+0000] {processor.py:186} INFO - Started process (PID=2542) to work on /opt/airflow/dags/simple_dag1.py
[2024-10-11T03:51:49.190+0000] {processor.py:914} INFO - Processing file /opt/airflow/dags/simple_dag1.py for tasks to queue
[2024-10-11T03:51:49.197+0000] {logging_mixin.py:190} INFO - [2024-10-11T03:51:49.196+0000] {dagbag.py:588} INFO - Filling up the DagBag from /opt/airflow/dags/simple_dag1.py
[2024-10-11T03:51:49.213+0000] {processor.py:925} INFO - DAG(s) 'minhlt9' retrieved from /opt/airflow/dags/simple_dag1.py
[2024-10-11T03:51:49.621+0000] {logging_mixin.py:190} INFO - [2024-10-11T03:51:49.621+0000] {dag.py:3239} INFO - Sync 1 DAGs
[2024-10-11T03:51:49.662+0000] {logging_mixin.py:190} INFO - [2024-10-11T03:51:49.662+0000] {dag.py:4180} INFO - Setting next_dagrun for minhlt9 to None, run_after=None
[2024-10-11T03:51:49.692+0000] {processor.py:208} INFO - Processing /opt/airflow/dags/simple_dag1.py took 0.524 seconds
[2024-10-11T03:52:19.770+0000] {processor.py:186} INFO - Started process (PID=2607) to work on /opt/airflow/dags/simple_dag1.py
[2024-10-11T03:52:19.772+0000] {processor.py:914} INFO - Processing file /opt/airflow/dags/simple_dag1.py for tasks to queue
[2024-10-11T03:52:19.780+0000] {logging_mixin.py:190} INFO - [2024-10-11T03:52:19.777+0000] {dagbag.py:588} INFO - Filling up the DagBag from /opt/airflow/dags/simple_dag1.py
[2024-10-11T03:52:19.800+0000] {processor.py:925} INFO - DAG(s) 'minhlt9' retrieved from /opt/airflow/dags/simple_dag1.py
[2024-10-11T03:52:19.858+0000] {logging_mixin.py:190} INFO - [2024-10-11T03:52:19.858+0000] {dag.py:3239} INFO - Sync 1 DAGs
[2024-10-11T03:52:20.142+0000] {logging_mixin.py:190} INFO - [2024-10-11T03:52:20.141+0000] {dag.py:4180} INFO - Setting next_dagrun for minhlt9 to None, run_after=None
[2024-10-11T03:52:20.192+0000] {processor.py:208} INFO - Processing /opt/airflow/dags/simple_dag1.py took 0.437 seconds
[2024-10-11T03:52:50.549+0000] {processor.py:186} INFO - Started process (PID=2673) to work on /opt/airflow/dags/simple_dag1.py
[2024-10-11T03:52:50.550+0000] {processor.py:914} INFO - Processing file /opt/airflow/dags/simple_dag1.py for tasks to queue
[2024-10-11T03:52:50.555+0000] {logging_mixin.py:190} INFO - [2024-10-11T03:52:50.554+0000] {dagbag.py:588} INFO - Filling up the DagBag from /opt/airflow/dags/simple_dag1.py
[2024-10-11T03:52:50.567+0000] {processor.py:925} INFO - DAG(s) 'minhlt9' retrieved from /opt/airflow/dags/simple_dag1.py
[2024-10-11T03:52:50.601+0000] {logging_mixin.py:190} INFO - [2024-10-11T03:52:50.601+0000] {dag.py:3239} INFO - Sync 1 DAGs
[2024-10-11T03:52:50.638+0000] {logging_mixin.py:190} INFO - [2024-10-11T03:52:50.638+0000] {dag.py:4180} INFO - Setting next_dagrun for minhlt9 to None, run_after=None
[2024-10-11T03:52:50.663+0000] {processor.py:208} INFO - Processing /opt/airflow/dags/simple_dag1.py took 0.125 seconds
[2024-10-11T03:53:20.795+0000] {processor.py:186} INFO - Started process (PID=2741) to work on /opt/airflow/dags/simple_dag1.py
[2024-10-11T03:53:20.797+0000] {processor.py:914} INFO - Processing file /opt/airflow/dags/simple_dag1.py for tasks to queue
[2024-10-11T03:53:20.802+0000] {logging_mixin.py:190} INFO - [2024-10-11T03:53:20.801+0000] {dagbag.py:588} INFO - Filling up the DagBag from /opt/airflow/dags/simple_dag1.py
[2024-10-11T03:53:20.817+0000] {processor.py:925} INFO - DAG(s) 'minhlt9' retrieved from /opt/airflow/dags/simple_dag1.py
[2024-10-11T03:53:20.857+0000] {logging_mixin.py:190} INFO - [2024-10-11T03:53:20.856+0000] {dag.py:3239} INFO - Sync 1 DAGs
[2024-10-11T03:53:20.911+0000] {logging_mixin.py:190} INFO - [2024-10-11T03:53:20.911+0000] {dag.py:4180} INFO - Setting next_dagrun for minhlt9 to None, run_after=None
[2024-10-11T03:53:20.947+0000] {processor.py:208} INFO - Processing /opt/airflow/dags/simple_dag1.py took 0.164 seconds
[2024-10-11T03:53:51.692+0000] {processor.py:186} INFO - Started process (PID=2808) to work on /opt/airflow/dags/simple_dag1.py
[2024-10-11T03:53:51.694+0000] {processor.py:914} INFO - Processing file /opt/airflow/dags/simple_dag1.py for tasks to queue
[2024-10-11T03:53:51.699+0000] {logging_mixin.py:190} INFO - [2024-10-11T03:53:51.698+0000] {dagbag.py:588} INFO - Filling up the DagBag from /opt/airflow/dags/simple_dag1.py
[2024-10-11T03:53:51.715+0000] {processor.py:925} INFO - DAG(s) 'minhlt9' retrieved from /opt/airflow/dags/simple_dag1.py
[2024-10-11T03:53:51.756+0000] {logging_mixin.py:190} INFO - [2024-10-11T03:53:51.755+0000] {dag.py:3239} INFO - Sync 1 DAGs
[2024-10-11T03:53:51.809+0000] {logging_mixin.py:190} INFO - [2024-10-11T03:53:51.808+0000] {dag.py:4180} INFO - Setting next_dagrun for minhlt9 to None, run_after=None
[2024-10-11T03:53:51.846+0000] {processor.py:208} INFO - Processing /opt/airflow/dags/simple_dag1.py took 0.166 seconds
[2024-10-11T03:54:22.614+0000] {processor.py:186} INFO - Started process (PID=2875) to work on /opt/airflow/dags/simple_dag1.py
[2024-10-11T03:54:22.615+0000] {processor.py:914} INFO - Processing file /opt/airflow/dags/simple_dag1.py for tasks to queue
[2024-10-11T03:54:22.620+0000] {logging_mixin.py:190} INFO - [2024-10-11T03:54:22.620+0000] {dagbag.py:588} INFO - Filling up the DagBag from /opt/airflow/dags/simple_dag1.py
[2024-10-11T03:54:22.638+0000] {processor.py:925} INFO - DAG(s) 'minhlt9' retrieved from /opt/airflow/dags/simple_dag1.py
[2024-10-11T03:54:22.696+0000] {logging_mixin.py:190} INFO - [2024-10-11T03:54:22.695+0000] {dag.py:3239} INFO - Sync 1 DAGs
[2024-10-11T03:54:22.771+0000] {logging_mixin.py:190} INFO - [2024-10-11T03:54:22.770+0000] {dag.py:4180} INFO - Setting next_dagrun for minhlt9 to None, run_after=None
[2024-10-11T03:54:22.818+0000] {processor.py:208} INFO - Processing /opt/airflow/dags/simple_dag1.py took 0.219 seconds
[2024-10-11T03:54:53.779+0000] {processor.py:186} INFO - Started process (PID=2942) to work on /opt/airflow/dags/simple_dag1.py
[2024-10-11T03:54:53.782+0000] {processor.py:914} INFO - Processing file /opt/airflow/dags/simple_dag1.py for tasks to queue
[2024-10-11T03:54:53.791+0000] {logging_mixin.py:190} INFO - [2024-10-11T03:54:53.790+0000] {dagbag.py:588} INFO - Filling up the DagBag from /opt/airflow/dags/simple_dag1.py
[2024-10-11T03:54:53.815+0000] {processor.py:925} INFO - DAG(s) 'minhlt9' retrieved from /opt/airflow/dags/simple_dag1.py
[2024-10-11T03:54:53.875+0000] {logging_mixin.py:190} INFO - [2024-10-11T03:54:53.874+0000] {dag.py:3239} INFO - Sync 1 DAGs
[2024-10-11T03:54:53.969+0000] {logging_mixin.py:190} INFO - [2024-10-11T03:54:53.968+0000] {dag.py:4180} INFO - Setting next_dagrun for minhlt9 to None, run_after=None
[2024-10-11T03:54:54.023+0000] {processor.py:208} INFO - Processing /opt/airflow/dags/simple_dag1.py took 0.262 seconds
[2024-10-11T03:55:24.761+0000] {processor.py:186} INFO - Started process (PID=3010) to work on /opt/airflow/dags/simple_dag1.py
[2024-10-11T03:55:24.762+0000] {processor.py:914} INFO - Processing file /opt/airflow/dags/simple_dag1.py for tasks to queue
[2024-10-11T03:55:24.770+0000] {logging_mixin.py:190} INFO - [2024-10-11T03:55:24.769+0000] {dagbag.py:588} INFO - Filling up the DagBag from /opt/airflow/dags/simple_dag1.py
[2024-10-11T03:55:24.789+0000] {processor.py:925} INFO - DAG(s) 'minhlt9' retrieved from /opt/airflow/dags/simple_dag1.py
[2024-10-11T03:55:24.864+0000] {logging_mixin.py:190} INFO - [2024-10-11T03:55:24.859+0000] {dag.py:3239} INFO - Sync 1 DAGs
[2024-10-11T03:55:24.918+0000] {logging_mixin.py:190} INFO - [2024-10-11T03:55:24.918+0000] {dag.py:4180} INFO - Setting next_dagrun for minhlt9 to None, run_after=None
[2024-10-11T03:55:24.958+0000] {processor.py:208} INFO - Processing /opt/airflow/dags/simple_dag1.py took 0.212 seconds
[2024-10-11T03:55:55.189+0000] {processor.py:186} INFO - Started process (PID=3076) to work on /opt/airflow/dags/simple_dag1.py
[2024-10-11T03:55:55.190+0000] {processor.py:914} INFO - Processing file /opt/airflow/dags/simple_dag1.py for tasks to queue
[2024-10-11T03:55:55.195+0000] {logging_mixin.py:190} INFO - [2024-10-11T03:55:55.194+0000] {dagbag.py:588} INFO - Filling up the DagBag from /opt/airflow/dags/simple_dag1.py
[2024-10-11T03:55:55.212+0000] {processor.py:925} INFO - DAG(s) 'minhlt9' retrieved from /opt/airflow/dags/simple_dag1.py
[2024-10-11T03:55:55.267+0000] {logging_mixin.py:190} INFO - [2024-10-11T03:55:55.267+0000] {dag.py:3239} INFO - Sync 1 DAGs
[2024-10-11T03:55:55.319+0000] {logging_mixin.py:190} INFO - [2024-10-11T03:55:55.319+0000] {dag.py:4180} INFO - Setting next_dagrun for minhlt9 to None, run_after=None
[2024-10-11T03:55:55.355+0000] {processor.py:208} INFO - Processing /opt/airflow/dags/simple_dag1.py took 0.177 seconds
[2024-10-11T03:56:25.561+0000] {processor.py:186} INFO - Started process (PID=3143) to work on /opt/airflow/dags/simple_dag1.py
[2024-10-11T03:56:25.562+0000] {processor.py:914} INFO - Processing file /opt/airflow/dags/simple_dag1.py for tasks to queue
[2024-10-11T03:56:25.566+0000] {logging_mixin.py:190} INFO - [2024-10-11T03:56:25.566+0000] {dagbag.py:588} INFO - Filling up the DagBag from /opt/airflow/dags/simple_dag1.py
[2024-10-11T03:56:25.583+0000] {processor.py:925} INFO - DAG(s) 'minhlt9' retrieved from /opt/airflow/dags/simple_dag1.py
[2024-10-11T03:56:25.663+0000] {logging_mixin.py:190} INFO - [2024-10-11T03:56:25.663+0000] {dag.py:3239} INFO - Sync 1 DAGs
[2024-10-11T03:56:25.709+0000] {logging_mixin.py:190} INFO - [2024-10-11T03:56:25.708+0000] {dag.py:4180} INFO - Setting next_dagrun for minhlt9 to None, run_after=None
[2024-10-11T03:56:25.747+0000] {processor.py:208} INFO - Processing /opt/airflow/dags/simple_dag1.py took 0.202 seconds
[2024-10-11T03:56:56.052+0000] {processor.py:186} INFO - Started process (PID=3210) to work on /opt/airflow/dags/simple_dag1.py
[2024-10-11T03:56:56.056+0000] {processor.py:914} INFO - Processing file /opt/airflow/dags/simple_dag1.py for tasks to queue
[2024-10-11T03:56:56.064+0000] {logging_mixin.py:190} INFO - [2024-10-11T03:56:56.063+0000] {dagbag.py:588} INFO - Filling up the DagBag from /opt/airflow/dags/simple_dag1.py
[2024-10-11T03:56:56.102+0000] {processor.py:925} INFO - DAG(s) 'minhlt9' retrieved from /opt/airflow/dags/simple_dag1.py
[2024-10-11T03:56:56.170+0000] {logging_mixin.py:190} INFO - [2024-10-11T03:56:56.169+0000] {dag.py:3239} INFO - Sync 1 DAGs
[2024-10-11T03:56:56.262+0000] {logging_mixin.py:190} INFO - [2024-10-11T03:56:56.259+0000] {dag.py:4180} INFO - Setting next_dagrun for minhlt9 to None, run_after=None
[2024-10-11T03:56:56.301+0000] {processor.py:208} INFO - Processing /opt/airflow/dags/simple_dag1.py took 0.266 seconds
[2024-10-11T03:57:27.355+0000] {processor.py:186} INFO - Started process (PID=3277) to work on /opt/airflow/dags/simple_dag1.py
[2024-10-11T03:57:27.357+0000] {processor.py:914} INFO - Processing file /opt/airflow/dags/simple_dag1.py for tasks to queue
[2024-10-11T03:57:27.361+0000] {logging_mixin.py:190} INFO - [2024-10-11T03:57:27.360+0000] {dagbag.py:588} INFO - Filling up the DagBag from /opt/airflow/dags/simple_dag1.py
[2024-10-11T03:57:27.378+0000] {processor.py:925} INFO - DAG(s) 'minhlt9' retrieved from /opt/airflow/dags/simple_dag1.py
[2024-10-11T03:57:27.406+0000] {logging_mixin.py:190} INFO - [2024-10-11T03:57:27.406+0000] {dag.py:3239} INFO - Sync 1 DAGs
[2024-10-11T03:57:27.438+0000] {logging_mixin.py:190} INFO - [2024-10-11T03:57:27.438+0000] {dag.py:4180} INFO - Setting next_dagrun for minhlt9 to None, run_after=None
[2024-10-11T03:57:27.493+0000] {processor.py:208} INFO - Processing /opt/airflow/dags/simple_dag1.py took 0.150 seconds
[2024-10-11T03:57:58.146+0000] {processor.py:186} INFO - Started process (PID=3344) to work on /opt/airflow/dags/simple_dag1.py
[2024-10-11T03:57:58.148+0000] {processor.py:914} INFO - Processing file /opt/airflow/dags/simple_dag1.py for tasks to queue
[2024-10-11T03:57:58.151+0000] {logging_mixin.py:190} INFO - [2024-10-11T03:57:58.151+0000] {dagbag.py:588} INFO - Filling up the DagBag from /opt/airflow/dags/simple_dag1.py
[2024-10-11T03:57:58.165+0000] {processor.py:925} INFO - DAG(s) 'minhlt9' retrieved from /opt/airflow/dags/simple_dag1.py
[2024-10-11T03:57:58.194+0000] {logging_mixin.py:190} INFO - [2024-10-11T03:57:58.194+0000] {dag.py:3239} INFO - Sync 1 DAGs
[2024-10-11T03:57:58.230+0000] {logging_mixin.py:190} INFO - [2024-10-11T03:57:58.230+0000] {dag.py:4180} INFO - Setting next_dagrun for minhlt9 to None, run_after=None
[2024-10-11T03:57:58.256+0000] {processor.py:208} INFO - Processing /opt/airflow/dags/simple_dag1.py took 0.120 seconds
[2024-10-11T03:58:29.013+0000] {processor.py:186} INFO - Started process (PID=3410) to work on /opt/airflow/dags/simple_dag1.py
[2024-10-11T03:58:29.014+0000] {processor.py:914} INFO - Processing file /opt/airflow/dags/simple_dag1.py for tasks to queue
[2024-10-11T03:58:29.019+0000] {logging_mixin.py:190} INFO - [2024-10-11T03:58:29.019+0000] {dagbag.py:588} INFO - Filling up the DagBag from /opt/airflow/dags/simple_dag1.py
[2024-10-11T03:58:29.040+0000] {processor.py:925} INFO - DAG(s) 'minhlt9' retrieved from /opt/airflow/dags/simple_dag1.py
[2024-10-11T03:58:29.088+0000] {logging_mixin.py:190} INFO - [2024-10-11T03:58:29.087+0000] {dag.py:3239} INFO - Sync 1 DAGs
[2024-10-11T03:58:29.140+0000] {logging_mixin.py:190} INFO - [2024-10-11T03:58:29.140+0000] {dag.py:4180} INFO - Setting next_dagrun for minhlt9 to None, run_after=None
[2024-10-11T03:58:29.183+0000] {processor.py:208} INFO - Processing /opt/airflow/dags/simple_dag1.py took 0.185 seconds
[2024-10-11T03:58:59.587+0000] {processor.py:186} INFO - Started process (PID=3478) to work on /opt/airflow/dags/simple_dag1.py
[2024-10-11T03:58:59.600+0000] {processor.py:914} INFO - Processing file /opt/airflow/dags/simple_dag1.py for tasks to queue
[2024-10-11T03:58:59.629+0000] {logging_mixin.py:190} INFO - [2024-10-11T03:58:59.628+0000] {dagbag.py:588} INFO - Filling up the DagBag from /opt/airflow/dags/simple_dag1.py
[2024-10-11T03:58:59.682+0000] {processor.py:925} INFO - DAG(s) 'minhlt9' retrieved from /opt/airflow/dags/simple_dag1.py
[2024-10-11T03:58:59.754+0000] {logging_mixin.py:190} INFO - [2024-10-11T03:58:59.753+0000] {dag.py:3239} INFO - Sync 1 DAGs
[2024-10-11T03:58:59.848+0000] {logging_mixin.py:190} INFO - [2024-10-11T03:58:59.847+0000] {dag.py:4180} INFO - Setting next_dagrun for minhlt9 to None, run_after=None
[2024-10-11T03:58:59.978+0000] {processor.py:208} INFO - Processing /opt/airflow/dags/simple_dag1.py took 0.439 seconds
[2024-10-11T03:59:30.236+0000] {processor.py:186} INFO - Started process (PID=3546) to work on /opt/airflow/dags/simple_dag1.py
[2024-10-11T03:59:30.241+0000] {processor.py:914} INFO - Processing file /opt/airflow/dags/simple_dag1.py for tasks to queue
[2024-10-11T03:59:30.258+0000] {logging_mixin.py:190} INFO - [2024-10-11T03:59:30.253+0000] {dagbag.py:588} INFO - Filling up the DagBag from /opt/airflow/dags/simple_dag1.py
[2024-10-11T03:59:30.303+0000] {processor.py:925} INFO - DAG(s) 'minhlt9' retrieved from /opt/airflow/dags/simple_dag1.py
[2024-10-11T03:59:30.384+0000] {logging_mixin.py:190} INFO - [2024-10-11T03:59:30.383+0000] {dag.py:3239} INFO - Sync 1 DAGs
[2024-10-11T03:59:30.499+0000] {logging_mixin.py:190} INFO - [2024-10-11T03:59:30.499+0000] {dag.py:4180} INFO - Setting next_dagrun for minhlt9 to None, run_after=None
[2024-10-11T03:59:30.557+0000] {processor.py:208} INFO - Processing /opt/airflow/dags/simple_dag1.py took 0.357 seconds
[2024-10-11T04:00:01.157+0000] {processor.py:186} INFO - Started process (PID=3613) to work on /opt/airflow/dags/simple_dag1.py
[2024-10-11T04:00:01.160+0000] {processor.py:914} INFO - Processing file /opt/airflow/dags/simple_dag1.py for tasks to queue
[2024-10-11T04:00:01.166+0000] {logging_mixin.py:190} INFO - [2024-10-11T04:00:01.165+0000] {dagbag.py:588} INFO - Filling up the DagBag from /opt/airflow/dags/simple_dag1.py
[2024-10-11T04:00:01.189+0000] {processor.py:925} INFO - DAG(s) 'minhlt9' retrieved from /opt/airflow/dags/simple_dag1.py
[2024-10-11T04:00:01.247+0000] {logging_mixin.py:190} INFO - [2024-10-11T04:00:01.247+0000] {dag.py:3239} INFO - Sync 1 DAGs
[2024-10-11T04:00:01.315+0000] {logging_mixin.py:190} INFO - [2024-10-11T04:00:01.314+0000] {dag.py:4180} INFO - Setting next_dagrun for minhlt9 to None, run_after=None
[2024-10-11T04:00:01.359+0000] {processor.py:208} INFO - Processing /opt/airflow/dags/simple_dag1.py took 0.220 seconds
[2024-10-11T04:00:31.648+0000] {processor.py:186} INFO - Started process (PID=3679) to work on /opt/airflow/dags/simple_dag1.py
[2024-10-11T04:00:31.653+0000] {processor.py:914} INFO - Processing file /opt/airflow/dags/simple_dag1.py for tasks to queue
[2024-10-11T04:00:31.659+0000] {logging_mixin.py:190} INFO - [2024-10-11T04:00:31.658+0000] {dagbag.py:588} INFO - Filling up the DagBag from /opt/airflow/dags/simple_dag1.py
[2024-10-11T04:00:31.681+0000] {processor.py:925} INFO - DAG(s) 'minhlt9' retrieved from /opt/airflow/dags/simple_dag1.py
[2024-10-11T04:00:31.735+0000] {logging_mixin.py:190} INFO - [2024-10-11T04:00:31.734+0000] {dag.py:3239} INFO - Sync 1 DAGs
[2024-10-11T04:00:31.786+0000] {logging_mixin.py:190} INFO - [2024-10-11T04:00:31.785+0000] {dag.py:4180} INFO - Setting next_dagrun for minhlt9 to None, run_after=None
[2024-10-11T04:00:31.829+0000] {processor.py:208} INFO - Processing /opt/airflow/dags/simple_dag1.py took 0.206 seconds
[2024-10-11T04:01:02.229+0000] {processor.py:186} INFO - Started process (PID=3752) to work on /opt/airflow/dags/simple_dag1.py
[2024-10-11T04:01:02.231+0000] {processor.py:914} INFO - Processing file /opt/airflow/dags/simple_dag1.py for tasks to queue
[2024-10-11T04:01:02.238+0000] {logging_mixin.py:190} INFO - [2024-10-11T04:01:02.237+0000] {dagbag.py:588} INFO - Filling up the DagBag from /opt/airflow/dags/simple_dag1.py
[2024-10-11T04:01:02.262+0000] {processor.py:925} INFO - DAG(s) 'minhlt9' retrieved from /opt/airflow/dags/simple_dag1.py
[2024-10-11T04:01:02.362+0000] {logging_mixin.py:190} INFO - [2024-10-11T04:01:02.361+0000] {dag.py:3239} INFO - Sync 1 DAGs
[2024-10-11T04:01:02.521+0000] {logging_mixin.py:190} INFO - [2024-10-11T04:01:02.521+0000] {dag.py:4180} INFO - Setting next_dagrun for minhlt9 to None, run_after=None
[2024-10-11T04:01:02.593+0000] {processor.py:208} INFO - Processing /opt/airflow/dags/simple_dag1.py took 0.393 seconds
