[2024-10-09T08:06:05.757+0000] {local_task_job_runner.py:123} INFO - ::group::Pre task execution logs
[2024-10-09T08:06:05.838+0000] {taskinstance.py:2612} INFO - Dependencies all met for dep_context=non-requeueable deps ti=<TaskInstance: minhlt9.sleep manual__2024-10-09T08:05:57.423062+00:00 [queued]>
[2024-10-09T08:06:05.874+0000] {taskinstance.py:2612} INFO - Dependencies all met for dep_context=requeueable deps ti=<TaskInstance: minhlt9.sleep manual__2024-10-09T08:05:57.423062+00:00 [queued]>
[2024-10-09T08:06:05.875+0000] {taskinstance.py:2865} INFO - Starting attempt 1 of 4
[2024-10-09T08:06:05.913+0000] {taskinstance.py:2888} INFO - Executing <Task(BashOperator): sleep> on 2024-10-09 08:05:57.423062+00:00
[2024-10-09T08:06:05.931+0000] {warnings.py:112} WARNING - /home/***/.local/lib/python3.12/site-packages/***/task/task_runner/standard_task_runner.py:70: DeprecationWarning: This process (pid=119) is multi-threaded, use of fork() may lead to deadlocks in the child.
  pid = os.fork()

[2024-10-09T08:06:05.933+0000] {standard_task_runner.py:72} INFO - Started process 136 to run task
[2024-10-09T08:06:05.940+0000] {standard_task_runner.py:104} INFO - Running: ['***', 'tasks', 'run', 'minhlt9', 'sleep', 'manual__2024-10-09T08:05:57.423062+00:00', '--job-id', '6', '--raw', '--subdir', 'DAGS_FOLDER/simple_dag1.py', '--cfg-path', '/tmp/tmpal5p77n_']
[2024-10-09T08:06:05.941+0000] {standard_task_runner.py:105} INFO - Job 6: Subtask sleep
[2024-10-09T08:06:06.153+0000] {task_command.py:467} INFO - Running <TaskInstance: minhlt9.sleep manual__2024-10-09T08:05:57.423062+00:00 [running]> on host b00c8661ef6c
[2024-10-09T08:06:06.443+0000] {taskinstance.py:3131} INFO - Exporting env vars: AIRFLOW_CTX_DAG_EMAIL='' AIRFLOW_CTX_DAG_OWNER='***' AIRFLOW_CTX_DAG_ID='minhlt9' AIRFLOW_CTX_TASK_ID='sleep' AIRFLOW_CTX_EXECUTION_DATE='2024-10-09T08:05:57.423062+00:00' AIRFLOW_CTX_TRY_NUMBER='1' AIRFLOW_CTX_DAG_RUN_ID='manual__2024-10-09T08:05:57.423062+00:00'
[2024-10-09T08:06:06.445+0000] {logging_mixin.py:190} INFO - Task instance is in running state
[2024-10-09T08:06:06.446+0000] {logging_mixin.py:190} INFO -  Previous state of the Task instance: queued
[2024-10-09T08:06:06.447+0000] {logging_mixin.py:190} INFO - Current task name:sleep state:running start_date:2024-10-09 08:06:05.839467+00:00
[2024-10-09T08:06:06.447+0000] {logging_mixin.py:190} INFO - Dag name:minhlt9 and current dag run status:running
[2024-10-09T08:06:06.447+0000] {taskinstance.py:731} INFO - ::endgroup::
[2024-10-09T08:06:06.449+0000] {subprocess.py:63} INFO - Tmp dir root location: /tmp
[2024-10-09T08:06:06.450+0000] {subprocess.py:75} INFO - Running command: ['/usr/bin/bash', '-c', 'sleep 5']
[2024-10-09T08:06:06.468+0000] {subprocess.py:86} INFO - Output:
[2024-10-09T08:06:11.476+0000] {subprocess.py:97} INFO - Command exited with return code 0
[2024-10-09T08:06:11.523+0000] {taskinstance.py:340} INFO - ::group::Post task execution logs
[2024-10-09T08:06:11.524+0000] {taskinstance.py:352} INFO - Marking task as SUCCESS. dag_id=minhlt9, task_id=sleep, run_id=manual__2024-10-09T08:05:57.423062+00:00, execution_date=20241009T080557, start_date=20241009T080605, end_date=20241009T080611
[2024-10-09T08:06:11.542+0000] {logging_mixin.py:190} INFO - Task instance in success state
[2024-10-09T08:06:11.542+0000] {logging_mixin.py:190} INFO -  Previous state of the Task instance: running
[2024-10-09T08:06:11.543+0000] {logging_mixin.py:190} INFO - Dag name:minhlt9 queued_at:2024-10-09 08:05:57.459311+00:00
[2024-10-09T08:06:11.543+0000] {logging_mixin.py:190} INFO - Task hostname:b00c8661ef6c operator:BashOperator
[2024-10-09T08:06:11.560+0000] {local_task_job_runner.py:266} INFO - Task exited with return code 0
[2024-10-09T08:06:11.587+0000] {taskinstance.py:3900} INFO - 1 downstream tasks scheduled from follow-on schedule check
[2024-10-09T08:06:11.588+0000] {local_task_job_runner.py:245} INFO - ::endgroup::
