[2024-10-08T10:08:32.363+0000] {local_task_job_runner.py:123} INFO - ::group::Pre task execution logs
[2024-10-08T10:08:32.381+0000] {taskinstance.py:2612} INFO - Dependencies all met for dep_context=non-requeueable deps ti=<TaskInstance: minhlt9.echo manual__2024-10-08T10:08:22.401599+00:00 [queued]>
[2024-10-08T10:08:32.389+0000] {taskinstance.py:2612} INFO - Dependencies all met for dep_context=requeueable deps ti=<TaskInstance: minhlt9.echo manual__2024-10-08T10:08:22.401599+00:00 [queued]>
[2024-10-08T10:08:32.389+0000] {taskinstance.py:2865} INFO - Starting attempt 1 of 2
[2024-10-08T10:08:32.402+0000] {taskinstance.py:2888} INFO - Executing <Task(BashOperator): echo> on 2024-10-08 10:08:22.401599+00:00
[2024-10-08T10:08:32.410+0000] {warnings.py:112} WARNING - /home/***/.local/lib/python3.12/site-packages/***/task/task_runner/standard_task_runner.py:70: DeprecationWarning: This process (pid=952) is multi-threaded, use of fork() may lead to deadlocks in the child.
  pid = os.fork()

[2024-10-08T10:08:32.412+0000] {standard_task_runner.py:72} INFO - Started process 954 to run task
[2024-10-08T10:08:32.414+0000] {standard_task_runner.py:104} INFO - Running: ['***', 'tasks', 'run', 'minhlt9', 'echo', 'manual__2024-10-08T10:08:22.401599+00:00', '--job-id', '49', '--raw', '--subdir', 'DAGS_FOLDER/simple_dag1.py', '--cfg-path', '/tmp/tmpemj29_1h']
[2024-10-08T10:08:32.415+0000] {standard_task_runner.py:105} INFO - Job 49: Subtask echo
[2024-10-08T10:08:32.472+0000] {task_command.py:467} INFO - Running <TaskInstance: minhlt9.echo manual__2024-10-08T10:08:22.401599+00:00 [running]> on host 6d4a9957582c
[2024-10-08T10:08:32.573+0000] {taskinstance.py:3131} INFO - Exporting env vars: AIRFLOW_CTX_DAG_EMAIL='minh.letrong.vn@gmail.com' AIRFLOW_CTX_DAG_OWNER='***' AIRFLOW_CTX_DAG_ID='minhlt9' AIRFLOW_CTX_TASK_ID='echo' AIRFLOW_CTX_EXECUTION_DATE='2024-10-08T10:08:22.401599+00:00' AIRFLOW_CTX_TRY_NUMBER='1' AIRFLOW_CTX_DAG_RUN_ID='manual__2024-10-08T10:08:22.401599+00:00'
[2024-10-08T10:08:32.574+0000] {logging_mixin.py:190} INFO - Task instance is in running state
[2024-10-08T10:08:32.574+0000] {logging_mixin.py:190} INFO -  Previous state of the Task instance: queued
[2024-10-08T10:08:32.575+0000] {logging_mixin.py:190} INFO - Current task name:echo state:running start_date:2024-10-08 10:08:32.382384+00:00
[2024-10-08T10:08:32.575+0000] {logging_mixin.py:190} INFO - Dag name:minhlt9 and current dag run status:running
[2024-10-08T10:08:32.575+0000] {taskinstance.py:731} INFO - ::endgroup::
[2024-10-08T10:08:32.576+0000] {subprocess.py:63} INFO - Tmp dir root location: /tmp
[2024-10-08T10:08:32.576+0000] {subprocess.py:75} INFO - Running command: ['/usr/bin/bash', '-c', 'echo t3 running']
[2024-10-08T10:08:32.592+0000] {subprocess.py:86} INFO - Output:
[2024-10-08T10:08:32.595+0000] {subprocess.py:93} INFO - t3 running
[2024-10-08T10:08:32.596+0000] {subprocess.py:97} INFO - Command exited with return code 0
[2024-10-08T10:08:32.626+0000] {taskinstance.py:340} INFO - ::group::Post task execution logs
[2024-10-08T10:08:32.626+0000] {taskinstance.py:352} INFO - Marking task as SUCCESS. dag_id=minhlt9, task_id=echo, run_id=manual__2024-10-08T10:08:22.401599+00:00, execution_date=20241008T100822, start_date=20241008T100832, end_date=20241008T100832
[2024-10-08T10:08:32.639+0000] {logging_mixin.py:190} INFO - Task instance in success state
[2024-10-08T10:08:32.639+0000] {logging_mixin.py:190} INFO -  Previous state of the Task instance: running
[2024-10-08T10:08:32.639+0000] {logging_mixin.py:190} INFO - Dag name:minhlt9 queued_at:2024-10-08 10:08:22.415029+00:00
[2024-10-08T10:08:32.640+0000] {logging_mixin.py:190} INFO - Task hostname:6d4a9957582c operator:BashOperator
[2024-10-08T10:08:32.677+0000] {local_task_job_runner.py:266} INFO - Task exited with return code 0
[2024-10-08T10:08:32.707+0000] {taskinstance.py:3900} INFO - 1 downstream tasks scheduled from follow-on schedule check
[2024-10-08T10:08:32.709+0000] {local_task_job_runner.py:245} INFO - ::endgroup::
