[2024-10-08T09:43:17.630+0000] {local_task_job_runner.py:123} INFO - ::group::Pre task execution logs
[2024-10-08T09:43:17.696+0000] {taskinstance.py:2612} INFO - Dependencies all met for dep_context=non-requeueable deps ti=<TaskInstance: minhlt9.email_operator manual__2024-10-08T09:43:03.323750+00:00 [queued]>
[2024-10-08T09:43:17.711+0000] {taskinstance.py:2612} INFO - Dependencies all met for dep_context=requeueable deps ti=<TaskInstance: minhlt9.email_operator manual__2024-10-08T09:43:03.323750+00:00 [queued]>
[2024-10-08T09:43:17.712+0000] {taskinstance.py:2865} INFO - Starting attempt 1 of 2
[2024-10-08T09:43:17.749+0000] {taskinstance.py:2888} INFO - Executing <Task(PythonOperator): email_operator> on 2024-10-08 09:43:03.323750+00:00
[2024-10-08T09:43:17.768+0000] {warnings.py:112} WARNING - /home/***/.local/lib/python3.12/site-packages/***/task/task_runner/standard_task_runner.py:70: DeprecationWarning: This process (pid=633) is multi-threaded, use of fork() may lead to deadlocks in the child.
  pid = os.fork()

[2024-10-08T09:43:17.788+0000] {standard_task_runner.py:72} INFO - Started process 635 to run task
[2024-10-08T09:43:17.796+0000] {standard_task_runner.py:104} INFO - Running: ['***', 'tasks', 'run', 'minhlt9', 'email_operator', 'manual__2024-10-08T09:43:03.323750+00:00', '--job-id', '46', '--raw', '--subdir', 'DAGS_FOLDER/simple_dag1.py', '--cfg-path', '/tmp/tmp8zhzkyvm']
[2024-10-08T09:43:17.797+0000] {standard_task_runner.py:105} INFO - Job 46: Subtask email_operator
[2024-10-08T09:43:17.966+0000] {task_command.py:467} INFO - Running <TaskInstance: minhlt9.email_operator manual__2024-10-08T09:43:03.323750+00:00 [running]> on host 6d4a9957582c
[2024-10-08T09:43:18.135+0000] {taskinstance.py:3131} INFO - Exporting env vars: AIRFLOW_CTX_DAG_EMAIL='minh.letrong.vn@gmail.com' AIRFLOW_CTX_DAG_OWNER='***' AIRFLOW_CTX_DAG_ID='minhlt9' AIRFLOW_CTX_TASK_ID='email_operator' AIRFLOW_CTX_EXECUTION_DATE='2024-10-08T09:43:03.323750+00:00' AIRFLOW_CTX_TRY_NUMBER='1' AIRFLOW_CTX_DAG_RUN_ID='manual__2024-10-08T09:43:03.323750+00:00'
[2024-10-08T09:43:18.137+0000] {logging_mixin.py:190} INFO - Task instance is in running state
[2024-10-08T09:43:18.139+0000] {logging_mixin.py:190} INFO -  Previous state of the Task instance: queued
[2024-10-08T09:43:18.140+0000] {logging_mixin.py:190} INFO - Current task name:email_operator state:running start_date:2024-10-08 09:43:17.697303+00:00
[2024-10-08T09:43:18.143+0000] {logging_mixin.py:190} INFO - Dag name:minhlt9 and current dag run status:running
[2024-10-08T09:43:18.144+0000] {taskinstance.py:731} INFO - ::endgroup::
[2024-10-08T09:43:19.872+0000] {logging_mixin.py:190} INFO - Failed to send email: HTTP Error 401: Unauthorized
[2024-10-08T09:43:19.874+0000] {python.py:240} INFO - Done. Returned value was: None
[2024-10-08T09:43:19.893+0000] {taskinstance.py:340} INFO - ::group::Post task execution logs
[2024-10-08T09:43:19.897+0000] {taskinstance.py:352} INFO - Marking task as SUCCESS. dag_id=minhlt9, task_id=email_operator, run_id=manual__2024-10-08T09:43:03.323750+00:00, execution_date=20241008T094303, start_date=20241008T094317, end_date=20241008T094319
[2024-10-08T09:43:19.920+0000] {logging_mixin.py:190} INFO - Task instance in success state
[2024-10-08T09:43:19.922+0000] {logging_mixin.py:190} INFO -  Previous state of the Task instance: running
[2024-10-08T09:43:19.924+0000] {logging_mixin.py:190} INFO - Dag name:minhlt9 queued_at:2024-10-08 09:43:03.342692+00:00
[2024-10-08T09:43:19.928+0000] {logging_mixin.py:190} INFO - Task hostname:6d4a9957582c operator:PythonOperator
[2024-10-08T09:43:19.955+0000] {local_task_job_runner.py:266} INFO - Task exited with return code 0
[2024-10-08T09:43:20.001+0000] {taskinstance.py:3900} INFO - 0 downstream tasks scheduled from follow-on schedule check
[2024-10-08T09:43:20.004+0000] {local_task_job_runner.py:245} INFO - ::endgroup::
