[2024-10-09T08:06:13.744+0000] {local_task_job_runner.py:123} INFO - ::group::Pre task execution logs
[2024-10-09T08:06:13.770+0000] {taskinstance.py:2612} INFO - Dependencies all met for dep_context=non-requeueable deps ti=<TaskInstance: minhlt9.echo scheduled__2024-10-08T00:00:00+00:00 [queued]>
[2024-10-09T08:06:13.793+0000] {taskinstance.py:2612} INFO - Dependencies all met for dep_context=requeueable deps ti=<TaskInstance: minhlt9.echo scheduled__2024-10-08T00:00:00+00:00 [queued]>
[2024-10-09T08:06:13.794+0000] {taskinstance.py:2865} INFO - Starting attempt 1 of 2
[2024-10-09T08:06:13.815+0000] {taskinstance.py:2888} INFO - Executing <Task(BashOperator): echo> on 2024-10-08 00:00:00+00:00
[2024-10-09T08:06:13.825+0000] {warnings.py:112} WARNING - /home/***/.local/lib/python3.12/site-packages/***/task/task_runner/standard_task_runner.py:70: DeprecationWarning: This process (pid=143) is multi-threaded, use of fork() may lead to deadlocks in the child.
  pid = os.fork()

[2024-10-09T08:06:13.827+0000] {standard_task_runner.py:72} INFO - Started process 148 to run task
[2024-10-09T08:06:13.831+0000] {standard_task_runner.py:104} INFO - Running: ['***', 'tasks', 'run', 'minhlt9', 'echo', 'scheduled__2024-10-08T00:00:00+00:00', '--job-id', '10', '--raw', '--subdir', 'DAGS_FOLDER/simple_dag1.py', '--cfg-path', '/tmp/tmpb4gv4a24']
[2024-10-09T08:06:13.835+0000] {standard_task_runner.py:105} INFO - Job 10: Subtask echo
[2024-10-09T08:06:13.907+0000] {task_command.py:467} INFO - Running <TaskInstance: minhlt9.echo scheduled__2024-10-08T00:00:00+00:00 [running]> on host b00c8661ef6c
[2024-10-09T08:06:14.013+0000] {taskinstance.py:3131} INFO - Exporting env vars: AIRFLOW_CTX_DAG_EMAIL='' AIRFLOW_CTX_DAG_OWNER='***' AIRFLOW_CTX_DAG_ID='minhlt9' AIRFLOW_CTX_TASK_ID='echo' AIRFLOW_CTX_EXECUTION_DATE='2024-10-08T00:00:00+00:00' AIRFLOW_CTX_TRY_NUMBER='1' AIRFLOW_CTX_DAG_RUN_ID='scheduled__2024-10-08T00:00:00+00:00'
[2024-10-09T08:06:14.015+0000] {logging_mixin.py:190} INFO - Task instance is in running state
[2024-10-09T08:06:14.015+0000] {logging_mixin.py:190} INFO -  Previous state of the Task instance: queued
[2024-10-09T08:06:14.016+0000] {logging_mixin.py:190} INFO - Current task name:echo state:running start_date:2024-10-09 08:06:13.770618+00:00
[2024-10-09T08:06:14.016+0000] {logging_mixin.py:190} INFO - Dag name:minhlt9 and current dag run status:running
[2024-10-09T08:06:14.016+0000] {taskinstance.py:731} INFO - ::endgroup::
[2024-10-09T08:06:14.017+0000] {subprocess.py:63} INFO - Tmp dir root location: /tmp
[2024-10-09T08:06:14.018+0000] {subprocess.py:75} INFO - Running command: ['/usr/bin/bash', '-c', 'echo t3 running']
[2024-10-09T08:06:14.034+0000] {subprocess.py:86} INFO - Output:
[2024-10-09T08:06:14.037+0000] {subprocess.py:93} INFO - t3 running
[2024-10-09T08:06:14.037+0000] {subprocess.py:97} INFO - Command exited with return code 0
[2024-10-09T08:06:14.077+0000] {taskinstance.py:340} INFO - ::group::Post task execution logs
[2024-10-09T08:06:14.079+0000] {taskinstance.py:352} INFO - Marking task as SUCCESS. dag_id=minhlt9, task_id=echo, run_id=scheduled__2024-10-08T00:00:00+00:00, execution_date=20241008T000000, start_date=20241009T080613, end_date=20241009T080614
[2024-10-09T08:06:14.097+0000] {logging_mixin.py:190} INFO - Task instance in success state
[2024-10-09T08:06:14.097+0000] {logging_mixin.py:190} INFO -  Previous state of the Task instance: running
[2024-10-09T08:06:14.097+0000] {logging_mixin.py:190} INFO - Dag name:minhlt9 queued_at:2024-10-09 08:05:58.377650+00:00
[2024-10-09T08:06:14.098+0000] {logging_mixin.py:190} INFO - Task hostname:b00c8661ef6c operator:BashOperator
[2024-10-09T08:06:14.129+0000] {local_task_job_runner.py:266} INFO - Task exited with return code 0
[2024-10-09T08:06:14.156+0000] {taskinstance.py:3900} INFO - 0 downstream tasks scheduled from follow-on schedule check
[2024-10-09T08:06:14.160+0000] {local_task_job_runner.py:245} INFO - ::endgroup::
