[2024-10-11T03:33:05.028+0000] {local_task_job_runner.py:123} INFO - ::group::Pre task execution logs
[2024-10-11T03:33:05.045+0000] {taskinstance.py:2612} INFO - Dependencies all met for dep_context=non-requeueable deps ti=<TaskInstance: example_mssql.populate_user_table scheduled__2024-10-10T00:00:00+00:00 [queued]>
[2024-10-11T03:33:05.053+0000] {taskinstance.py:2612} INFO - Dependencies all met for dep_context=requeueable deps ti=<TaskInstance: example_mssql.populate_user_table scheduled__2024-10-10T00:00:00+00:00 [queued]>
[2024-10-11T03:33:05.053+0000] {taskinstance.py:2865} INFO - Starting attempt 1 of 1
[2024-10-11T03:33:05.066+0000] {taskinstance.py:2888} INFO - Executing <Task(SQLExecuteQueryOperator): populate_user_table> on 2024-10-10 00:00:00+00:00
[2024-10-11T03:33:05.073+0000] {warnings.py:112} WARNING - /home/***/.local/lib/python3.12/site-packages/***/task/task_runner/standard_task_runner.py:70: DeprecationWarning: This process (pid=89) is multi-threaded, use of fork() may lead to deadlocks in the child.
  pid = os.fork()

[2024-10-11T03:33:05.075+0000] {standard_task_runner.py:72} INFO - Started process 91 to run task
[2024-10-11T03:33:05.076+0000] {standard_task_runner.py:104} INFO - Running: ['***', 'tasks', 'run', 'example_mssql', 'populate_user_table', 'scheduled__2024-10-10T00:00:00+00:00', '--job-id', '134', '--raw', '--subdir', 'DAGS_FOLDER/mssql_test1.py', '--cfg-path', '/tmp/tmpz2yhvkyi']
[2024-10-11T03:33:05.077+0000] {standard_task_runner.py:105} INFO - Job 134: Subtask populate_user_table
[2024-10-11T03:33:05.127+0000] {task_command.py:467} INFO - Running <TaskInstance: example_mssql.populate_user_table scheduled__2024-10-10T00:00:00+00:00 [running]> on host a4f82a437ff2
[2024-10-11T03:33:05.218+0000] {taskinstance.py:3131} INFO - Exporting env vars: AIRFLOW_CTX_DAG_OWNER='***' AIRFLOW_CTX_DAG_ID='example_mssql' AIRFLOW_CTX_TASK_ID='populate_user_table' AIRFLOW_CTX_EXECUTION_DATE='2024-10-10T00:00:00+00:00' AIRFLOW_CTX_TRY_NUMBER='1' AIRFLOW_CTX_DAG_RUN_ID='scheduled__2024-10-10T00:00:00+00:00'
[2024-10-11T03:33:05.219+0000] {logging_mixin.py:190} INFO - Task instance is in running state
[2024-10-11T03:33:05.220+0000] {logging_mixin.py:190} INFO -  Previous state of the Task instance: queued
[2024-10-11T03:33:05.220+0000] {logging_mixin.py:190} INFO - Current task name:populate_user_table state:running start_date:2024-10-11 03:33:05.046098+00:00
[2024-10-11T03:33:05.220+0000] {logging_mixin.py:190} INFO - Dag name:example_mssql and current dag run status:running
[2024-10-11T03:33:05.220+0000] {taskinstance.py:731} INFO - ::endgroup::
[2024-10-11T03:33:05.221+0000] {sql.py:266} INFO - Executing: 
                INSERT INTO Users (username, description)
                VALUES ( 'Danny', 'Musician');
                INSERT INTO Users (username, description)
                VALUES ( 'Simone', 'Chef');
                INSERT INTO Users (username, description)
                VALUES ( 'Lily', 'Florist');
                INSERT INTO Users (username, description)
                VALUES ( 'Tim', 'Pet shop owner');
                
[2024-10-11T03:33:05.230+0000] {base.py:84} INFO - Retrieving connection '***_mssql'
[2024-10-11T03:33:05.237+0000] {base.py:84} INFO - Retrieving connection '***_mssql'
[2024-10-11T03:33:05.316+0000] {sql.py:542} INFO - Running statement: 
                INSERT INTO Users (username, description)
                VALUES ( 'Danny', 'Musician');
                INSERT INTO Users (username, description)
                VALUES ( 'Simone', 'Chef');
                INSERT INTO Users (username, description)
                VALUES ( 'Lily', 'Florist');
                INSERT INTO Users (username, description)
                VALUES ( 'Tim', 'Pet shop owner');
                , parameters: None
[2024-10-11T03:33:05.322+0000] {sql.py:551} INFO - Rows affected: 1
[2024-10-11T03:33:05.333+0000] {taskinstance.py:340} INFO - ::group::Post task execution logs
[2024-10-11T03:33:05.333+0000] {taskinstance.py:352} INFO - Marking task as SUCCESS. dag_id=example_mssql, task_id=populate_user_table, run_id=scheduled__2024-10-10T00:00:00+00:00, execution_date=20241010T000000, start_date=20241011T033305, end_date=20241011T033305
[2024-10-11T03:33:05.340+0000] {logging_mixin.py:190} INFO - Task instance in success state
[2024-10-11T03:33:05.340+0000] {logging_mixin.py:190} INFO -  Previous state of the Task instance: running
[2024-10-11T03:33:05.341+0000] {logging_mixin.py:190} INFO - Dag name:example_mssql queued_at:2024-10-11 03:32:54.261921+00:00
[2024-10-11T03:33:05.341+0000] {logging_mixin.py:190} INFO - Task hostname:a4f82a437ff2 operator:SQLExecuteQueryOperator
[2024-10-11T03:33:05.371+0000] {local_task_job_runner.py:266} INFO - Task exited with return code 0
[2024-10-11T03:33:05.395+0000] {taskinstance.py:3900} INFO - 0 downstream tasks scheduled from follow-on schedule check
[2024-10-11T03:33:05.396+0000] {local_task_job_runner.py:245} INFO - ::endgroup::
