[2024-10-11T03:32:55.428+0000] {processor.py:186} INFO - Started process (PID=86) to work on /home/airflow/.local/lib/python3.12/site-packages/airflow/example_dags/example_branch_operator.py
[2024-10-11T03:32:55.429+0000] {processor.py:914} INFO - Processing file /home/airflow/.local/lib/python3.12/site-packages/airflow/example_dags/example_branch_operator.py for tasks to queue
[2024-10-11T03:32:55.432+0000] {logging_mixin.py:190} INFO - [2024-10-11T03:32:55.432+0000] {dagbag.py:588} INFO - Filling up the DagBag from /home/airflow/.local/lib/python3.12/site-packages/airflow/example_dags/example_branch_operator.py
[2024-10-11T03:32:55.462+0000] {processor.py:925} INFO - DAG(s) 'example_branch_operator' retrieved from /home/airflow/.local/lib/python3.12/site-packages/airflow/example_dags/example_branch_operator.py
[2024-10-11T03:32:55.626+0000] {logging_mixin.py:190} INFO - [2024-10-11T03:32:55.626+0000] {dag.py:3239} INFO - Sync 1 DAGs
[2024-10-11T03:32:55.653+0000] {logging_mixin.py:190} INFO - [2024-10-11T03:32:55.652+0000] {dag.py:4180} INFO - Setting next_dagrun for example_branch_operator to 2024-10-10 00:00:00+00:00, run_after=2024-10-11 00:00:00+00:00
[2024-10-11T03:32:55.677+0000] {processor.py:208} INFO - Processing /home/airflow/.local/lib/python3.12/site-packages/airflow/example_dags/example_branch_operator.py took 0.257 seconds
[2024-10-11T03:33:25.771+0000] {processor.py:186} INFO - Started process (PID=152) to work on /home/airflow/.local/lib/python3.12/site-packages/airflow/example_dags/example_branch_operator.py
[2024-10-11T03:33:25.772+0000] {processor.py:914} INFO - Processing file /home/airflow/.local/lib/python3.12/site-packages/airflow/example_dags/example_branch_operator.py for tasks to queue
[2024-10-11T03:33:25.776+0000] {logging_mixin.py:190} INFO - [2024-10-11T03:33:25.775+0000] {dagbag.py:588} INFO - Filling up the DagBag from /home/airflow/.local/lib/python3.12/site-packages/airflow/example_dags/example_branch_operator.py
[2024-10-11T03:33:25.823+0000] {processor.py:925} INFO - DAG(s) 'example_branch_operator' retrieved from /home/airflow/.local/lib/python3.12/site-packages/airflow/example_dags/example_branch_operator.py
[2024-10-11T03:33:25.879+0000] {logging_mixin.py:190} INFO - [2024-10-11T03:33:25.878+0000] {dag.py:3239} INFO - Sync 1 DAGs
[2024-10-11T03:33:25.924+0000] {logging_mixin.py:190} INFO - [2024-10-11T03:33:25.924+0000] {dag.py:4180} INFO - Setting next_dagrun for example_branch_operator to 2024-10-10 00:00:00+00:00, run_after=2024-10-11 00:00:00+00:00
[2024-10-11T03:33:25.944+0000] {processor.py:208} INFO - Processing /home/airflow/.local/lib/python3.12/site-packages/airflow/example_dags/example_branch_operator.py took 0.183 seconds
[2024-10-11T03:33:56.965+0000] {processor.py:186} INFO - Started process (PID=217) to work on /home/airflow/.local/lib/python3.12/site-packages/airflow/example_dags/example_branch_operator.py
[2024-10-11T03:33:56.966+0000] {processor.py:914} INFO - Processing file /home/airflow/.local/lib/python3.12/site-packages/airflow/example_dags/example_branch_operator.py for tasks to queue
[2024-10-11T03:33:56.969+0000] {logging_mixin.py:190} INFO - [2024-10-11T03:33:56.968+0000] {dagbag.py:588} INFO - Filling up the DagBag from /home/airflow/.local/lib/python3.12/site-packages/airflow/example_dags/example_branch_operator.py
[2024-10-11T03:33:56.991+0000] {processor.py:925} INFO - DAG(s) 'example_branch_operator' retrieved from /home/airflow/.local/lib/python3.12/site-packages/airflow/example_dags/example_branch_operator.py
[2024-10-11T03:33:57.037+0000] {logging_mixin.py:190} INFO - [2024-10-11T03:33:57.037+0000] {dag.py:3239} INFO - Sync 1 DAGs
[2024-10-11T03:33:57.075+0000] {logging_mixin.py:190} INFO - [2024-10-11T03:33:57.075+0000] {dag.py:4180} INFO - Setting next_dagrun for example_branch_operator to 2024-10-10 00:00:00+00:00, run_after=2024-10-11 00:00:00+00:00
[2024-10-11T03:33:57.098+0000] {processor.py:208} INFO - Processing /home/airflow/.local/lib/python3.12/site-packages/airflow/example_dags/example_branch_operator.py took 0.141 seconds
[2024-10-11T03:34:27.554+0000] {processor.py:186} INFO - Started process (PID=283) to work on /home/airflow/.local/lib/python3.12/site-packages/airflow/example_dags/example_branch_operator.py
[2024-10-11T03:34:27.556+0000] {processor.py:914} INFO - Processing file /home/airflow/.local/lib/python3.12/site-packages/airflow/example_dags/example_branch_operator.py for tasks to queue
[2024-10-11T03:34:27.558+0000] {logging_mixin.py:190} INFO - [2024-10-11T03:34:27.558+0000] {dagbag.py:588} INFO - Filling up the DagBag from /home/airflow/.local/lib/python3.12/site-packages/airflow/example_dags/example_branch_operator.py
[2024-10-11T03:34:27.585+0000] {processor.py:925} INFO - DAG(s) 'example_branch_operator' retrieved from /home/airflow/.local/lib/python3.12/site-packages/airflow/example_dags/example_branch_operator.py
[2024-10-11T03:34:27.623+0000] {logging_mixin.py:190} INFO - [2024-10-11T03:34:27.623+0000] {dag.py:3239} INFO - Sync 1 DAGs
[2024-10-11T03:34:27.655+0000] {logging_mixin.py:190} INFO - [2024-10-11T03:34:27.655+0000] {dag.py:4180} INFO - Setting next_dagrun for example_branch_operator to 2024-10-10 00:00:00+00:00, run_after=2024-10-11 00:00:00+00:00
[2024-10-11T03:34:27.683+0000] {processor.py:208} INFO - Processing /home/airflow/.local/lib/python3.12/site-packages/airflow/example_dags/example_branch_operator.py took 0.135 seconds
[2024-10-11T03:34:57.808+0000] {processor.py:186} INFO - Started process (PID=348) to work on /home/airflow/.local/lib/python3.12/site-packages/airflow/example_dags/example_branch_operator.py
[2024-10-11T03:34:57.809+0000] {processor.py:914} INFO - Processing file /home/airflow/.local/lib/python3.12/site-packages/airflow/example_dags/example_branch_operator.py for tasks to queue
[2024-10-11T03:34:57.812+0000] {logging_mixin.py:190} INFO - [2024-10-11T03:34:57.812+0000] {dagbag.py:588} INFO - Filling up the DagBag from /home/airflow/.local/lib/python3.12/site-packages/airflow/example_dags/example_branch_operator.py
[2024-10-11T03:34:57.839+0000] {processor.py:925} INFO - DAG(s) 'example_branch_operator' retrieved from /home/airflow/.local/lib/python3.12/site-packages/airflow/example_dags/example_branch_operator.py
[2024-10-11T03:34:57.885+0000] {logging_mixin.py:190} INFO - [2024-10-11T03:34:57.885+0000] {dag.py:3239} INFO - Sync 1 DAGs
[2024-10-11T03:34:57.926+0000] {logging_mixin.py:190} INFO - [2024-10-11T03:34:57.924+0000] {dag.py:4180} INFO - Setting next_dagrun for example_branch_operator to 2024-10-10 00:00:00+00:00, run_after=2024-10-11 00:00:00+00:00
[2024-10-11T03:34:57.950+0000] {processor.py:208} INFO - Processing /home/airflow/.local/lib/python3.12/site-packages/airflow/example_dags/example_branch_operator.py took 0.149 seconds
[2024-10-11T03:35:28.830+0000] {processor.py:186} INFO - Started process (PID=415) to work on /home/airflow/.local/lib/python3.12/site-packages/airflow/example_dags/example_branch_operator.py
[2024-10-11T03:35:28.831+0000] {processor.py:914} INFO - Processing file /home/airflow/.local/lib/python3.12/site-packages/airflow/example_dags/example_branch_operator.py for tasks to queue
[2024-10-11T03:35:28.835+0000] {logging_mixin.py:190} INFO - [2024-10-11T03:35:28.835+0000] {dagbag.py:588} INFO - Filling up the DagBag from /home/airflow/.local/lib/python3.12/site-packages/airflow/example_dags/example_branch_operator.py
[2024-10-11T03:35:28.858+0000] {processor.py:925} INFO - DAG(s) 'example_branch_operator' retrieved from /home/airflow/.local/lib/python3.12/site-packages/airflow/example_dags/example_branch_operator.py
[2024-10-11T03:35:28.895+0000] {logging_mixin.py:190} INFO - [2024-10-11T03:35:28.894+0000] {dag.py:3239} INFO - Sync 1 DAGs
[2024-10-11T03:35:28.928+0000] {logging_mixin.py:190} INFO - [2024-10-11T03:35:28.927+0000] {dag.py:4180} INFO - Setting next_dagrun for example_branch_operator to 2024-10-10 00:00:00+00:00, run_after=2024-10-11 00:00:00+00:00
[2024-10-11T03:35:28.953+0000] {processor.py:208} INFO - Processing /home/airflow/.local/lib/python3.12/site-packages/airflow/example_dags/example_branch_operator.py took 0.140 seconds
[2024-10-11T03:35:59.863+0000] {processor.py:186} INFO - Started process (PID=481) to work on /home/airflow/.local/lib/python3.12/site-packages/airflow/example_dags/example_branch_operator.py
[2024-10-11T03:35:59.865+0000] {processor.py:914} INFO - Processing file /home/airflow/.local/lib/python3.12/site-packages/airflow/example_dags/example_branch_operator.py for tasks to queue
[2024-10-11T03:35:59.867+0000] {logging_mixin.py:190} INFO - [2024-10-11T03:35:59.867+0000] {dagbag.py:588} INFO - Filling up the DagBag from /home/airflow/.local/lib/python3.12/site-packages/airflow/example_dags/example_branch_operator.py
[2024-10-11T03:35:59.890+0000] {processor.py:925} INFO - DAG(s) 'example_branch_operator' retrieved from /home/airflow/.local/lib/python3.12/site-packages/airflow/example_dags/example_branch_operator.py
[2024-10-11T03:35:59.933+0000] {logging_mixin.py:190} INFO - [2024-10-11T03:35:59.933+0000] {dag.py:3239} INFO - Sync 1 DAGs
[2024-10-11T03:35:59.966+0000] {logging_mixin.py:190} INFO - [2024-10-11T03:35:59.966+0000] {dag.py:4180} INFO - Setting next_dagrun for example_branch_operator to 2024-10-10 00:00:00+00:00, run_after=2024-10-11 00:00:00+00:00
[2024-10-11T03:35:59.987+0000] {processor.py:208} INFO - Processing /home/airflow/.local/lib/python3.12/site-packages/airflow/example_dags/example_branch_operator.py took 0.132 seconds
[2024-10-11T03:36:30.304+0000] {processor.py:186} INFO - Started process (PID=547) to work on /home/airflow/.local/lib/python3.12/site-packages/airflow/example_dags/example_branch_operator.py
[2024-10-11T03:36:30.306+0000] {processor.py:914} INFO - Processing file /home/airflow/.local/lib/python3.12/site-packages/airflow/example_dags/example_branch_operator.py for tasks to queue
[2024-10-11T03:36:30.311+0000] {logging_mixin.py:190} INFO - [2024-10-11T03:36:30.310+0000] {dagbag.py:588} INFO - Filling up the DagBag from /home/airflow/.local/lib/python3.12/site-packages/airflow/example_dags/example_branch_operator.py
[2024-10-11T03:36:30.344+0000] {processor.py:925} INFO - DAG(s) 'example_branch_operator' retrieved from /home/airflow/.local/lib/python3.12/site-packages/airflow/example_dags/example_branch_operator.py
[2024-10-11T03:36:30.400+0000] {logging_mixin.py:190} INFO - [2024-10-11T03:36:30.400+0000] {dag.py:3239} INFO - Sync 1 DAGs
[2024-10-11T03:36:30.440+0000] {logging_mixin.py:190} INFO - [2024-10-11T03:36:30.439+0000] {dag.py:4180} INFO - Setting next_dagrun for example_branch_operator to 2024-10-10 00:00:00+00:00, run_after=2024-10-11 00:00:00+00:00
[2024-10-11T03:36:30.482+0000] {processor.py:208} INFO - Processing /home/airflow/.local/lib/python3.12/site-packages/airflow/example_dags/example_branch_operator.py took 0.192 seconds
[2024-10-11T03:37:00.674+0000] {processor.py:186} INFO - Started process (PID=612) to work on /home/airflow/.local/lib/python3.12/site-packages/airflow/example_dags/example_branch_operator.py
[2024-10-11T03:37:00.676+0000] {processor.py:914} INFO - Processing file /home/airflow/.local/lib/python3.12/site-packages/airflow/example_dags/example_branch_operator.py for tasks to queue
[2024-10-11T03:37:00.680+0000] {logging_mixin.py:190} INFO - [2024-10-11T03:37:00.680+0000] {dagbag.py:588} INFO - Filling up the DagBag from /home/airflow/.local/lib/python3.12/site-packages/airflow/example_dags/example_branch_operator.py
[2024-10-11T03:37:00.708+0000] {processor.py:925} INFO - DAG(s) 'example_branch_operator' retrieved from /home/airflow/.local/lib/python3.12/site-packages/airflow/example_dags/example_branch_operator.py
[2024-10-11T03:37:00.743+0000] {logging_mixin.py:190} INFO - [2024-10-11T03:37:00.743+0000] {dag.py:3239} INFO - Sync 1 DAGs
[2024-10-11T03:37:00.775+0000] {logging_mixin.py:190} INFO - [2024-10-11T03:37:00.775+0000] {dag.py:4180} INFO - Setting next_dagrun for example_branch_operator to 2024-10-10 00:00:00+00:00, run_after=2024-10-11 00:00:00+00:00
[2024-10-11T03:37:00.797+0000] {processor.py:208} INFO - Processing /home/airflow/.local/lib/python3.12/site-packages/airflow/example_dags/example_branch_operator.py took 0.133 seconds
[2024-10-11T03:37:31.226+0000] {processor.py:186} INFO - Started process (PID=679) to work on /home/airflow/.local/lib/python3.12/site-packages/airflow/example_dags/example_branch_operator.py
[2024-10-11T03:37:31.227+0000] {processor.py:914} INFO - Processing file /home/airflow/.local/lib/python3.12/site-packages/airflow/example_dags/example_branch_operator.py for tasks to queue
[2024-10-11T03:37:31.229+0000] {logging_mixin.py:190} INFO - [2024-10-11T03:37:31.229+0000] {dagbag.py:588} INFO - Filling up the DagBag from /home/airflow/.local/lib/python3.12/site-packages/airflow/example_dags/example_branch_operator.py
[2024-10-11T03:37:31.251+0000] {processor.py:925} INFO - DAG(s) 'example_branch_operator' retrieved from /home/airflow/.local/lib/python3.12/site-packages/airflow/example_dags/example_branch_operator.py
[2024-10-11T03:37:31.287+0000] {logging_mixin.py:190} INFO - [2024-10-11T03:37:31.287+0000] {dag.py:3239} INFO - Sync 1 DAGs
[2024-10-11T03:37:31.324+0000] {logging_mixin.py:190} INFO - [2024-10-11T03:37:31.323+0000] {dag.py:4180} INFO - Setting next_dagrun for example_branch_operator to 2024-10-10 00:00:00+00:00, run_after=2024-10-11 00:00:00+00:00
[2024-10-11T03:37:31.347+0000] {processor.py:208} INFO - Processing /home/airflow/.local/lib/python3.12/site-packages/airflow/example_dags/example_branch_operator.py took 0.130 seconds
[2024-10-11T03:38:01.736+0000] {processor.py:186} INFO - Started process (PID=745) to work on /home/airflow/.local/lib/python3.12/site-packages/airflow/example_dags/example_branch_operator.py
[2024-10-11T03:38:01.737+0000] {processor.py:914} INFO - Processing file /home/airflow/.local/lib/python3.12/site-packages/airflow/example_dags/example_branch_operator.py for tasks to queue
[2024-10-11T03:38:01.740+0000] {logging_mixin.py:190} INFO - [2024-10-11T03:38:01.739+0000] {dagbag.py:588} INFO - Filling up the DagBag from /home/airflow/.local/lib/python3.12/site-packages/airflow/example_dags/example_branch_operator.py
[2024-10-11T03:38:01.760+0000] {processor.py:925} INFO - DAG(s) 'example_branch_operator' retrieved from /home/airflow/.local/lib/python3.12/site-packages/airflow/example_dags/example_branch_operator.py
[2024-10-11T03:38:01.794+0000] {logging_mixin.py:190} INFO - [2024-10-11T03:38:01.794+0000] {dag.py:3239} INFO - Sync 1 DAGs
[2024-10-11T03:38:01.830+0000] {logging_mixin.py:190} INFO - [2024-10-11T03:38:01.829+0000] {dag.py:4180} INFO - Setting next_dagrun for example_branch_operator to 2024-10-10 00:00:00+00:00, run_after=2024-10-11 00:00:00+00:00
[2024-10-11T03:38:01.851+0000] {processor.py:208} INFO - Processing /home/airflow/.local/lib/python3.12/site-packages/airflow/example_dags/example_branch_operator.py took 0.122 seconds
[2024-10-11T03:38:32.559+0000] {processor.py:186} INFO - Started process (PID=811) to work on /home/airflow/.local/lib/python3.12/site-packages/airflow/example_dags/example_branch_operator.py
[2024-10-11T03:38:32.561+0000] {processor.py:914} INFO - Processing file /home/airflow/.local/lib/python3.12/site-packages/airflow/example_dags/example_branch_operator.py for tasks to queue
[2024-10-11T03:38:32.565+0000] {logging_mixin.py:190} INFO - [2024-10-11T03:38:32.565+0000] {dagbag.py:588} INFO - Filling up the DagBag from /home/airflow/.local/lib/python3.12/site-packages/airflow/example_dags/example_branch_operator.py
[2024-10-11T03:38:32.588+0000] {processor.py:925} INFO - DAG(s) 'example_branch_operator' retrieved from /home/airflow/.local/lib/python3.12/site-packages/airflow/example_dags/example_branch_operator.py
[2024-10-11T03:38:32.622+0000] {logging_mixin.py:190} INFO - [2024-10-11T03:38:32.622+0000] {dag.py:3239} INFO - Sync 1 DAGs
[2024-10-11T03:38:32.659+0000] {logging_mixin.py:190} INFO - [2024-10-11T03:38:32.658+0000] {dag.py:4180} INFO - Setting next_dagrun for example_branch_operator to 2024-10-10 00:00:00+00:00, run_after=2024-10-11 00:00:00+00:00
[2024-10-11T03:38:32.688+0000] {processor.py:208} INFO - Processing /home/airflow/.local/lib/python3.12/site-packages/airflow/example_dags/example_branch_operator.py took 0.137 seconds
[2024-10-11T03:39:03.437+0000] {processor.py:186} INFO - Started process (PID=877) to work on /home/airflow/.local/lib/python3.12/site-packages/airflow/example_dags/example_branch_operator.py
[2024-10-11T03:39:03.439+0000] {processor.py:914} INFO - Processing file /home/airflow/.local/lib/python3.12/site-packages/airflow/example_dags/example_branch_operator.py for tasks to queue
[2024-10-11T03:39:03.443+0000] {logging_mixin.py:190} INFO - [2024-10-11T03:39:03.442+0000] {dagbag.py:588} INFO - Filling up the DagBag from /home/airflow/.local/lib/python3.12/site-packages/airflow/example_dags/example_branch_operator.py
[2024-10-11T03:39:03.498+0000] {processor.py:925} INFO - DAG(s) 'example_branch_operator' retrieved from /home/airflow/.local/lib/python3.12/site-packages/airflow/example_dags/example_branch_operator.py
[2024-10-11T03:39:03.544+0000] {logging_mixin.py:190} INFO - [2024-10-11T03:39:03.544+0000] {dag.py:3239} INFO - Sync 1 DAGs
[2024-10-11T03:39:03.585+0000] {logging_mixin.py:190} INFO - [2024-10-11T03:39:03.584+0000] {dag.py:4180} INFO - Setting next_dagrun for example_branch_operator to 2024-10-10 00:00:00+00:00, run_after=2024-10-11 00:00:00+00:00
[2024-10-11T03:39:03.607+0000] {processor.py:208} INFO - Processing /home/airflow/.local/lib/python3.12/site-packages/airflow/example_dags/example_branch_operator.py took 0.185 seconds
[2024-10-11T03:39:34.595+0000] {processor.py:186} INFO - Started process (PID=943) to work on /home/airflow/.local/lib/python3.12/site-packages/airflow/example_dags/example_branch_operator.py
[2024-10-11T03:39:34.602+0000] {processor.py:914} INFO - Processing file /home/airflow/.local/lib/python3.12/site-packages/airflow/example_dags/example_branch_operator.py for tasks to queue
[2024-10-11T03:39:34.609+0000] {logging_mixin.py:190} INFO - [2024-10-11T03:39:34.609+0000] {dagbag.py:588} INFO - Filling up the DagBag from /home/airflow/.local/lib/python3.12/site-packages/airflow/example_dags/example_branch_operator.py
[2024-10-11T03:39:34.685+0000] {processor.py:925} INFO - DAG(s) 'example_branch_operator' retrieved from /home/airflow/.local/lib/python3.12/site-packages/airflow/example_dags/example_branch_operator.py
[2024-10-11T03:39:34.725+0000] {logging_mixin.py:190} INFO - [2024-10-11T03:39:34.725+0000] {dag.py:3239} INFO - Sync 1 DAGs
[2024-10-11T03:39:34.758+0000] {logging_mixin.py:190} INFO - [2024-10-11T03:39:34.758+0000] {dag.py:4180} INFO - Setting next_dagrun for example_branch_operator to 2024-10-10 00:00:00+00:00, run_after=2024-10-11 00:00:00+00:00
[2024-10-11T03:39:34.787+0000] {processor.py:208} INFO - Processing /home/airflow/.local/lib/python3.12/site-packages/airflow/example_dags/example_branch_operator.py took 0.230 seconds
[2024-10-11T03:40:05.721+0000] {processor.py:186} INFO - Started process (PID=1009) to work on /home/airflow/.local/lib/python3.12/site-packages/airflow/example_dags/example_branch_operator.py
[2024-10-11T03:40:05.722+0000] {processor.py:914} INFO - Processing file /home/airflow/.local/lib/python3.12/site-packages/airflow/example_dags/example_branch_operator.py for tasks to queue
[2024-10-11T03:40:05.726+0000] {logging_mixin.py:190} INFO - [2024-10-11T03:40:05.725+0000] {dagbag.py:588} INFO - Filling up the DagBag from /home/airflow/.local/lib/python3.12/site-packages/airflow/example_dags/example_branch_operator.py
[2024-10-11T03:40:05.753+0000] {processor.py:925} INFO - DAG(s) 'example_branch_operator' retrieved from /home/airflow/.local/lib/python3.12/site-packages/airflow/example_dags/example_branch_operator.py
[2024-10-11T03:40:05.795+0000] {logging_mixin.py:190} INFO - [2024-10-11T03:40:05.794+0000] {dag.py:3239} INFO - Sync 1 DAGs
[2024-10-11T03:40:05.847+0000] {logging_mixin.py:190} INFO - [2024-10-11T03:40:05.846+0000] {dag.py:4180} INFO - Setting next_dagrun for example_branch_operator to 2024-10-10 00:00:00+00:00, run_after=2024-10-11 00:00:00+00:00
[2024-10-11T03:40:05.903+0000] {processor.py:208} INFO - Processing /home/airflow/.local/lib/python3.12/site-packages/airflow/example_dags/example_branch_operator.py took 0.189 seconds
[2024-10-11T03:40:36.434+0000] {processor.py:186} INFO - Started process (PID=1075) to work on /home/airflow/.local/lib/python3.12/site-packages/airflow/example_dags/example_branch_operator.py
[2024-10-11T03:40:36.435+0000] {processor.py:914} INFO - Processing file /home/airflow/.local/lib/python3.12/site-packages/airflow/example_dags/example_branch_operator.py for tasks to queue
[2024-10-11T03:40:36.438+0000] {logging_mixin.py:190} INFO - [2024-10-11T03:40:36.438+0000] {dagbag.py:588} INFO - Filling up the DagBag from /home/airflow/.local/lib/python3.12/site-packages/airflow/example_dags/example_branch_operator.py
[2024-10-11T03:40:36.460+0000] {processor.py:925} INFO - DAG(s) 'example_branch_operator' retrieved from /home/airflow/.local/lib/python3.12/site-packages/airflow/example_dags/example_branch_operator.py
[2024-10-11T03:40:36.495+0000] {logging_mixin.py:190} INFO - [2024-10-11T03:40:36.495+0000] {dag.py:3239} INFO - Sync 1 DAGs
[2024-10-11T03:40:36.526+0000] {logging_mixin.py:190} INFO - [2024-10-11T03:40:36.526+0000] {dag.py:4180} INFO - Setting next_dagrun for example_branch_operator to 2024-10-10 00:00:00+00:00, run_after=2024-10-11 00:00:00+00:00
[2024-10-11T03:40:36.554+0000] {processor.py:208} INFO - Processing /home/airflow/.local/lib/python3.12/site-packages/airflow/example_dags/example_branch_operator.py took 0.128 seconds
[2024-10-11T03:41:07.371+0000] {processor.py:186} INFO - Started process (PID=1141) to work on /home/airflow/.local/lib/python3.12/site-packages/airflow/example_dags/example_branch_operator.py
[2024-10-11T03:41:07.372+0000] {processor.py:914} INFO - Processing file /home/airflow/.local/lib/python3.12/site-packages/airflow/example_dags/example_branch_operator.py for tasks to queue
[2024-10-11T03:41:07.375+0000] {logging_mixin.py:190} INFO - [2024-10-11T03:41:07.375+0000] {dagbag.py:588} INFO - Filling up the DagBag from /home/airflow/.local/lib/python3.12/site-packages/airflow/example_dags/example_branch_operator.py
[2024-10-11T03:41:07.404+0000] {processor.py:925} INFO - DAG(s) 'example_branch_operator' retrieved from /home/airflow/.local/lib/python3.12/site-packages/airflow/example_dags/example_branch_operator.py
[2024-10-11T03:41:07.442+0000] {logging_mixin.py:190} INFO - [2024-10-11T03:41:07.441+0000] {dag.py:3239} INFO - Sync 1 DAGs
[2024-10-11T03:41:07.475+0000] {logging_mixin.py:190} INFO - [2024-10-11T03:41:07.474+0000] {dag.py:4180} INFO - Setting next_dagrun for example_branch_operator to 2024-10-10 00:00:00+00:00, run_after=2024-10-11 00:00:00+00:00
[2024-10-11T03:41:07.494+0000] {processor.py:208} INFO - Processing /home/airflow/.local/lib/python3.12/site-packages/airflow/example_dags/example_branch_operator.py took 0.133 seconds
[2024-10-11T03:41:38.354+0000] {processor.py:186} INFO - Started process (PID=1207) to work on /home/airflow/.local/lib/python3.12/site-packages/airflow/example_dags/example_branch_operator.py
[2024-10-11T03:41:38.356+0000] {processor.py:914} INFO - Processing file /home/airflow/.local/lib/python3.12/site-packages/airflow/example_dags/example_branch_operator.py for tasks to queue
[2024-10-11T03:41:38.360+0000] {logging_mixin.py:190} INFO - [2024-10-11T03:41:38.360+0000] {dagbag.py:588} INFO - Filling up the DagBag from /home/airflow/.local/lib/python3.12/site-packages/airflow/example_dags/example_branch_operator.py
[2024-10-11T03:41:38.385+0000] {processor.py:925} INFO - DAG(s) 'example_branch_operator' retrieved from /home/airflow/.local/lib/python3.12/site-packages/airflow/example_dags/example_branch_operator.py
[2024-10-11T03:41:38.423+0000] {logging_mixin.py:190} INFO - [2024-10-11T03:41:38.422+0000] {dag.py:3239} INFO - Sync 1 DAGs
[2024-10-11T03:41:38.465+0000] {logging_mixin.py:190} INFO - [2024-10-11T03:41:38.464+0000] {dag.py:4180} INFO - Setting next_dagrun for example_branch_operator to 2024-10-10 00:00:00+00:00, run_after=2024-10-11 00:00:00+00:00
[2024-10-11T03:41:38.509+0000] {processor.py:208} INFO - Processing /home/airflow/.local/lib/python3.12/site-packages/airflow/example_dags/example_branch_operator.py took 0.164 seconds
[2024-10-11T03:42:09.405+0000] {processor.py:186} INFO - Started process (PID=1273) to work on /home/airflow/.local/lib/python3.12/site-packages/airflow/example_dags/example_branch_operator.py
[2024-10-11T03:42:09.406+0000] {processor.py:914} INFO - Processing file /home/airflow/.local/lib/python3.12/site-packages/airflow/example_dags/example_branch_operator.py for tasks to queue
[2024-10-11T03:42:09.409+0000] {logging_mixin.py:190} INFO - [2024-10-11T03:42:09.408+0000] {dagbag.py:588} INFO - Filling up the DagBag from /home/airflow/.local/lib/python3.12/site-packages/airflow/example_dags/example_branch_operator.py
[2024-10-11T03:42:09.433+0000] {processor.py:925} INFO - DAG(s) 'example_branch_operator' retrieved from /home/airflow/.local/lib/python3.12/site-packages/airflow/example_dags/example_branch_operator.py
[2024-10-11T03:42:09.481+0000] {logging_mixin.py:190} INFO - [2024-10-11T03:42:09.480+0000] {dag.py:3239} INFO - Sync 1 DAGs
[2024-10-11T03:42:09.515+0000] {logging_mixin.py:190} INFO - [2024-10-11T03:42:09.515+0000] {dag.py:4180} INFO - Setting next_dagrun for example_branch_operator to 2024-10-10 00:00:00+00:00, run_after=2024-10-11 00:00:00+00:00
[2024-10-11T03:42:09.535+0000] {processor.py:208} INFO - Processing /home/airflow/.local/lib/python3.12/site-packages/airflow/example_dags/example_branch_operator.py took 0.137 seconds
[2024-10-11T03:42:39.798+0000] {processor.py:186} INFO - Started process (PID=1338) to work on /home/airflow/.local/lib/python3.12/site-packages/airflow/example_dags/example_branch_operator.py
[2024-10-11T03:42:39.799+0000] {processor.py:914} INFO - Processing file /home/airflow/.local/lib/python3.12/site-packages/airflow/example_dags/example_branch_operator.py for tasks to queue
[2024-10-11T03:42:39.801+0000] {logging_mixin.py:190} INFO - [2024-10-11T03:42:39.801+0000] {dagbag.py:588} INFO - Filling up the DagBag from /home/airflow/.local/lib/python3.12/site-packages/airflow/example_dags/example_branch_operator.py
[2024-10-11T03:42:39.825+0000] {processor.py:925} INFO - DAG(s) 'example_branch_operator' retrieved from /home/airflow/.local/lib/python3.12/site-packages/airflow/example_dags/example_branch_operator.py
[2024-10-11T03:42:39.858+0000] {logging_mixin.py:190} INFO - [2024-10-11T03:42:39.858+0000] {dag.py:3239} INFO - Sync 1 DAGs
[2024-10-11T03:42:39.888+0000] {logging_mixin.py:190} INFO - [2024-10-11T03:42:39.887+0000] {dag.py:4180} INFO - Setting next_dagrun for example_branch_operator to 2024-10-10 00:00:00+00:00, run_after=2024-10-11 00:00:00+00:00
[2024-10-11T03:42:39.909+0000] {processor.py:208} INFO - Processing /home/airflow/.local/lib/python3.12/site-packages/airflow/example_dags/example_branch_operator.py took 0.119 seconds
[2024-10-11T03:43:09.992+0000] {processor.py:186} INFO - Started process (PID=1405) to work on /home/airflow/.local/lib/python3.12/site-packages/airflow/example_dags/example_branch_operator.py
[2024-10-11T03:43:09.993+0000] {processor.py:914} INFO - Processing file /home/airflow/.local/lib/python3.12/site-packages/airflow/example_dags/example_branch_operator.py for tasks to queue
[2024-10-11T03:43:09.996+0000] {logging_mixin.py:190} INFO - [2024-10-11T03:43:09.995+0000] {dagbag.py:588} INFO - Filling up the DagBag from /home/airflow/.local/lib/python3.12/site-packages/airflow/example_dags/example_branch_operator.py
[2024-10-11T03:43:10.018+0000] {processor.py:925} INFO - DAG(s) 'example_branch_operator' retrieved from /home/airflow/.local/lib/python3.12/site-packages/airflow/example_dags/example_branch_operator.py
[2024-10-11T03:43:10.052+0000] {logging_mixin.py:190} INFO - [2024-10-11T03:43:10.052+0000] {dag.py:3239} INFO - Sync 1 DAGs
[2024-10-11T03:43:10.085+0000] {logging_mixin.py:190} INFO - [2024-10-11T03:43:10.085+0000] {dag.py:4180} INFO - Setting next_dagrun for example_branch_operator to 2024-10-10 00:00:00+00:00, run_after=2024-10-11 00:00:00+00:00
[2024-10-11T03:43:10.107+0000] {processor.py:208} INFO - Processing /home/airflow/.local/lib/python3.12/site-packages/airflow/example_dags/example_branch_operator.py took 0.122 seconds
[2024-10-11T03:43:40.562+0000] {processor.py:186} INFO - Started process (PID=1473) to work on /home/airflow/.local/lib/python3.12/site-packages/airflow/example_dags/example_branch_operator.py
[2024-10-11T03:43:40.563+0000] {processor.py:914} INFO - Processing file /home/airflow/.local/lib/python3.12/site-packages/airflow/example_dags/example_branch_operator.py for tasks to queue
[2024-10-11T03:43:40.566+0000] {logging_mixin.py:190} INFO - [2024-10-11T03:43:40.566+0000] {dagbag.py:588} INFO - Filling up the DagBag from /home/airflow/.local/lib/python3.12/site-packages/airflow/example_dags/example_branch_operator.py
[2024-10-11T03:43:40.594+0000] {processor.py:925} INFO - DAG(s) 'example_branch_operator' retrieved from /home/airflow/.local/lib/python3.12/site-packages/airflow/example_dags/example_branch_operator.py
[2024-10-11T03:43:40.640+0000] {logging_mixin.py:190} INFO - [2024-10-11T03:43:40.640+0000] {dag.py:3239} INFO - Sync 1 DAGs
[2024-10-11T03:43:40.688+0000] {logging_mixin.py:190} INFO - [2024-10-11T03:43:40.687+0000] {dag.py:4180} INFO - Setting next_dagrun for example_branch_operator to 2024-10-10 00:00:00+00:00, run_after=2024-10-11 00:00:00+00:00
[2024-10-11T03:43:40.719+0000] {processor.py:208} INFO - Processing /home/airflow/.local/lib/python3.12/site-packages/airflow/example_dags/example_branch_operator.py took 0.166 seconds
[2024-10-11T03:44:11.362+0000] {processor.py:186} INFO - Started process (PID=1540) to work on /home/airflow/.local/lib/python3.12/site-packages/airflow/example_dags/example_branch_operator.py
[2024-10-11T03:44:11.363+0000] {processor.py:914} INFO - Processing file /home/airflow/.local/lib/python3.12/site-packages/airflow/example_dags/example_branch_operator.py for tasks to queue
[2024-10-11T03:44:11.366+0000] {logging_mixin.py:190} INFO - [2024-10-11T03:44:11.366+0000] {dagbag.py:588} INFO - Filling up the DagBag from /home/airflow/.local/lib/python3.12/site-packages/airflow/example_dags/example_branch_operator.py
[2024-10-11T03:44:11.390+0000] {processor.py:925} INFO - DAG(s) 'example_branch_operator' retrieved from /home/airflow/.local/lib/python3.12/site-packages/airflow/example_dags/example_branch_operator.py
[2024-10-11T03:44:11.426+0000] {logging_mixin.py:190} INFO - [2024-10-11T03:44:11.425+0000] {dag.py:3239} INFO - Sync 1 DAGs
[2024-10-11T03:44:11.456+0000] {logging_mixin.py:190} INFO - [2024-10-11T03:44:11.456+0000] {dag.py:4180} INFO - Setting next_dagrun for example_branch_operator to 2024-10-10 00:00:00+00:00, run_after=2024-10-11 00:00:00+00:00
[2024-10-11T03:44:11.478+0000] {processor.py:208} INFO - Processing /home/airflow/.local/lib/python3.12/site-packages/airflow/example_dags/example_branch_operator.py took 0.123 seconds
[2024-10-11T03:44:41.914+0000] {processor.py:186} INFO - Started process (PID=1607) to work on /home/airflow/.local/lib/python3.12/site-packages/airflow/example_dags/example_branch_operator.py
[2024-10-11T03:44:41.915+0000] {processor.py:914} INFO - Processing file /home/airflow/.local/lib/python3.12/site-packages/airflow/example_dags/example_branch_operator.py for tasks to queue
[2024-10-11T03:44:41.918+0000] {logging_mixin.py:190} INFO - [2024-10-11T03:44:41.918+0000] {dagbag.py:588} INFO - Filling up the DagBag from /home/airflow/.local/lib/python3.12/site-packages/airflow/example_dags/example_branch_operator.py
[2024-10-11T03:44:41.946+0000] {processor.py:925} INFO - DAG(s) 'example_branch_operator' retrieved from /home/airflow/.local/lib/python3.12/site-packages/airflow/example_dags/example_branch_operator.py
[2024-10-11T03:44:41.985+0000] {logging_mixin.py:190} INFO - [2024-10-11T03:44:41.985+0000] {dag.py:3239} INFO - Sync 1 DAGs
[2024-10-11T03:44:42.021+0000] {logging_mixin.py:190} INFO - [2024-10-11T03:44:42.021+0000] {dag.py:4180} INFO - Setting next_dagrun for example_branch_operator to 2024-10-10 00:00:00+00:00, run_after=2024-10-11 00:00:00+00:00
[2024-10-11T03:44:42.044+0000] {processor.py:208} INFO - Processing /home/airflow/.local/lib/python3.12/site-packages/airflow/example_dags/example_branch_operator.py took 0.139 seconds
[2024-10-11T03:45:12.729+0000] {processor.py:186} INFO - Started process (PID=1674) to work on /home/airflow/.local/lib/python3.12/site-packages/airflow/example_dags/example_branch_operator.py
[2024-10-11T03:45:12.730+0000] {processor.py:914} INFO - Processing file /home/airflow/.local/lib/python3.12/site-packages/airflow/example_dags/example_branch_operator.py for tasks to queue
[2024-10-11T03:45:12.733+0000] {logging_mixin.py:190} INFO - [2024-10-11T03:45:12.732+0000] {dagbag.py:588} INFO - Filling up the DagBag from /home/airflow/.local/lib/python3.12/site-packages/airflow/example_dags/example_branch_operator.py
[2024-10-11T03:45:12.756+0000] {processor.py:925} INFO - DAG(s) 'example_branch_operator' retrieved from /home/airflow/.local/lib/python3.12/site-packages/airflow/example_dags/example_branch_operator.py
[2024-10-11T03:45:12.791+0000] {logging_mixin.py:190} INFO - [2024-10-11T03:45:12.791+0000] {dag.py:3239} INFO - Sync 1 DAGs
[2024-10-11T03:45:12.821+0000] {logging_mixin.py:190} INFO - [2024-10-11T03:45:12.821+0000] {dag.py:4180} INFO - Setting next_dagrun for example_branch_operator to 2024-10-10 00:00:00+00:00, run_after=2024-10-11 00:00:00+00:00
[2024-10-11T03:45:12.846+0000] {processor.py:208} INFO - Processing /home/airflow/.local/lib/python3.12/site-packages/airflow/example_dags/example_branch_operator.py took 0.124 seconds
[2024-10-11T03:45:43.226+0000] {processor.py:186} INFO - Started process (PID=1741) to work on /home/airflow/.local/lib/python3.12/site-packages/airflow/example_dags/example_branch_operator.py
[2024-10-11T03:45:43.228+0000] {processor.py:914} INFO - Processing file /home/airflow/.local/lib/python3.12/site-packages/airflow/example_dags/example_branch_operator.py for tasks to queue
[2024-10-11T03:45:43.231+0000] {logging_mixin.py:190} INFO - [2024-10-11T03:45:43.230+0000] {dagbag.py:588} INFO - Filling up the DagBag from /home/airflow/.local/lib/python3.12/site-packages/airflow/example_dags/example_branch_operator.py
[2024-10-11T03:45:43.254+0000] {processor.py:925} INFO - DAG(s) 'example_branch_operator' retrieved from /home/airflow/.local/lib/python3.12/site-packages/airflow/example_dags/example_branch_operator.py
[2024-10-11T03:45:43.288+0000] {logging_mixin.py:190} INFO - [2024-10-11T03:45:43.288+0000] {dag.py:3239} INFO - Sync 1 DAGs
[2024-10-11T03:45:43.326+0000] {logging_mixin.py:190} INFO - [2024-10-11T03:45:43.326+0000] {dag.py:4180} INFO - Setting next_dagrun for example_branch_operator to 2024-10-10 00:00:00+00:00, run_after=2024-10-11 00:00:00+00:00
[2024-10-11T03:45:43.354+0000] {processor.py:208} INFO - Processing /home/airflow/.local/lib/python3.12/site-packages/airflow/example_dags/example_branch_operator.py took 0.137 seconds
[2024-10-11T03:46:13.997+0000] {processor.py:186} INFO - Started process (PID=1808) to work on /home/airflow/.local/lib/python3.12/site-packages/airflow/example_dags/example_branch_operator.py
[2024-10-11T03:46:13.998+0000] {processor.py:914} INFO - Processing file /home/airflow/.local/lib/python3.12/site-packages/airflow/example_dags/example_branch_operator.py for tasks to queue
[2024-10-11T03:46:14.002+0000] {logging_mixin.py:190} INFO - [2024-10-11T03:46:14.000+0000] {dagbag.py:588} INFO - Filling up the DagBag from /home/airflow/.local/lib/python3.12/site-packages/airflow/example_dags/example_branch_operator.py
[2024-10-11T03:46:14.027+0000] {processor.py:925} INFO - DAG(s) 'example_branch_operator' retrieved from /home/airflow/.local/lib/python3.12/site-packages/airflow/example_dags/example_branch_operator.py
[2024-10-11T03:46:14.061+0000] {logging_mixin.py:190} INFO - [2024-10-11T03:46:14.061+0000] {dag.py:3239} INFO - Sync 1 DAGs
[2024-10-11T03:46:14.089+0000] {logging_mixin.py:190} INFO - [2024-10-11T03:46:14.089+0000] {dag.py:4180} INFO - Setting next_dagrun for example_branch_operator to 2024-10-10 00:00:00+00:00, run_after=2024-10-11 00:00:00+00:00
[2024-10-11T03:46:14.107+0000] {processor.py:208} INFO - Processing /home/airflow/.local/lib/python3.12/site-packages/airflow/example_dags/example_branch_operator.py took 0.117 seconds
[2024-10-11T03:46:44.469+0000] {processor.py:186} INFO - Started process (PID=1875) to work on /home/airflow/.local/lib/python3.12/site-packages/airflow/example_dags/example_branch_operator.py
[2024-10-11T03:46:44.471+0000] {processor.py:914} INFO - Processing file /home/airflow/.local/lib/python3.12/site-packages/airflow/example_dags/example_branch_operator.py for tasks to queue
[2024-10-11T03:46:44.474+0000] {logging_mixin.py:190} INFO - [2024-10-11T03:46:44.473+0000] {dagbag.py:588} INFO - Filling up the DagBag from /home/airflow/.local/lib/python3.12/site-packages/airflow/example_dags/example_branch_operator.py
[2024-10-11T03:46:44.507+0000] {processor.py:925} INFO - DAG(s) 'example_branch_operator' retrieved from /home/airflow/.local/lib/python3.12/site-packages/airflow/example_dags/example_branch_operator.py
[2024-10-11T03:46:44.571+0000] {logging_mixin.py:190} INFO - [2024-10-11T03:46:44.571+0000] {dag.py:3239} INFO - Sync 1 DAGs
[2024-10-11T03:46:44.614+0000] {logging_mixin.py:190} INFO - [2024-10-11T03:46:44.613+0000] {dag.py:4180} INFO - Setting next_dagrun for example_branch_operator to 2024-10-10 00:00:00+00:00, run_after=2024-10-11 00:00:00+00:00
[2024-10-11T03:46:44.645+0000] {processor.py:208} INFO - Processing /home/airflow/.local/lib/python3.12/site-packages/airflow/example_dags/example_branch_operator.py took 0.186 seconds
[2024-10-11T03:47:15.266+0000] {processor.py:186} INFO - Started process (PID=1942) to work on /home/airflow/.local/lib/python3.12/site-packages/airflow/example_dags/example_branch_operator.py
[2024-10-11T03:47:15.267+0000] {processor.py:914} INFO - Processing file /home/airflow/.local/lib/python3.12/site-packages/airflow/example_dags/example_branch_operator.py for tasks to queue
[2024-10-11T03:47:15.270+0000] {logging_mixin.py:190} INFO - [2024-10-11T03:47:15.270+0000] {dagbag.py:588} INFO - Filling up the DagBag from /home/airflow/.local/lib/python3.12/site-packages/airflow/example_dags/example_branch_operator.py
[2024-10-11T03:47:15.292+0000] {processor.py:925} INFO - DAG(s) 'example_branch_operator' retrieved from /home/airflow/.local/lib/python3.12/site-packages/airflow/example_dags/example_branch_operator.py
[2024-10-11T03:47:15.326+0000] {logging_mixin.py:190} INFO - [2024-10-11T03:47:15.326+0000] {dag.py:3239} INFO - Sync 1 DAGs
[2024-10-11T03:47:15.355+0000] {logging_mixin.py:190} INFO - [2024-10-11T03:47:15.355+0000] {dag.py:4180} INFO - Setting next_dagrun for example_branch_operator to 2024-10-10 00:00:00+00:00, run_after=2024-10-11 00:00:00+00:00
[2024-10-11T03:47:15.377+0000] {processor.py:208} INFO - Processing /home/airflow/.local/lib/python3.12/site-packages/airflow/example_dags/example_branch_operator.py took 0.118 seconds
[2024-10-11T03:47:45.427+0000] {processor.py:186} INFO - Started process (PID=2009) to work on /home/airflow/.local/lib/python3.12/site-packages/airflow/example_dags/example_branch_operator.py
[2024-10-11T03:47:45.429+0000] {processor.py:914} INFO - Processing file /home/airflow/.local/lib/python3.12/site-packages/airflow/example_dags/example_branch_operator.py for tasks to queue
[2024-10-11T03:47:45.433+0000] {logging_mixin.py:190} INFO - [2024-10-11T03:47:45.433+0000] {dagbag.py:588} INFO - Filling up the DagBag from /home/airflow/.local/lib/python3.12/site-packages/airflow/example_dags/example_branch_operator.py
[2024-10-11T03:47:45.456+0000] {processor.py:925} INFO - DAG(s) 'example_branch_operator' retrieved from /home/airflow/.local/lib/python3.12/site-packages/airflow/example_dags/example_branch_operator.py
[2024-10-11T03:47:45.509+0000] {logging_mixin.py:190} INFO - [2024-10-11T03:47:45.508+0000] {dag.py:3239} INFO - Sync 1 DAGs
[2024-10-11T03:47:45.566+0000] {logging_mixin.py:190} INFO - [2024-10-11T03:47:45.566+0000] {dag.py:4180} INFO - Setting next_dagrun for example_branch_operator to 2024-10-10 00:00:00+00:00, run_after=2024-10-11 00:00:00+00:00
[2024-10-11T03:47:45.598+0000] {processor.py:208} INFO - Processing /home/airflow/.local/lib/python3.12/site-packages/airflow/example_dags/example_branch_operator.py took 0.180 seconds
[2024-10-11T03:48:15.637+0000] {processor.py:186} INFO - Started process (PID=2076) to work on /home/airflow/.local/lib/python3.12/site-packages/airflow/example_dags/example_branch_operator.py
[2024-10-11T03:48:15.638+0000] {processor.py:914} INFO - Processing file /home/airflow/.local/lib/python3.12/site-packages/airflow/example_dags/example_branch_operator.py for tasks to queue
[2024-10-11T03:48:15.642+0000] {logging_mixin.py:190} INFO - [2024-10-11T03:48:15.641+0000] {dagbag.py:588} INFO - Filling up the DagBag from /home/airflow/.local/lib/python3.12/site-packages/airflow/example_dags/example_branch_operator.py
[2024-10-11T03:48:15.687+0000] {processor.py:925} INFO - DAG(s) 'example_branch_operator' retrieved from /home/airflow/.local/lib/python3.12/site-packages/airflow/example_dags/example_branch_operator.py
[2024-10-11T03:48:15.736+0000] {logging_mixin.py:190} INFO - [2024-10-11T03:48:15.736+0000] {dag.py:3239} INFO - Sync 1 DAGs
[2024-10-11T03:48:15.766+0000] {logging_mixin.py:190} INFO - [2024-10-11T03:48:15.766+0000] {dag.py:4180} INFO - Setting next_dagrun for example_branch_operator to 2024-10-10 00:00:00+00:00, run_after=2024-10-11 00:00:00+00:00
[2024-10-11T03:48:15.786+0000] {processor.py:208} INFO - Processing /home/airflow/.local/lib/python3.12/site-packages/airflow/example_dags/example_branch_operator.py took 0.157 seconds
[2024-10-11T03:48:46.304+0000] {processor.py:186} INFO - Started process (PID=2143) to work on /home/airflow/.local/lib/python3.12/site-packages/airflow/example_dags/example_branch_operator.py
[2024-10-11T03:48:46.305+0000] {processor.py:914} INFO - Processing file /home/airflow/.local/lib/python3.12/site-packages/airflow/example_dags/example_branch_operator.py for tasks to queue
[2024-10-11T03:48:46.311+0000] {logging_mixin.py:190} INFO - [2024-10-11T03:48:46.311+0000] {dagbag.py:588} INFO - Filling up the DagBag from /home/airflow/.local/lib/python3.12/site-packages/airflow/example_dags/example_branch_operator.py
[2024-10-11T03:48:46.367+0000] {processor.py:925} INFO - DAG(s) 'example_branch_operator' retrieved from /home/airflow/.local/lib/python3.12/site-packages/airflow/example_dags/example_branch_operator.py
[2024-10-11T03:48:46.450+0000] {logging_mixin.py:190} INFO - [2024-10-11T03:48:46.449+0000] {dag.py:3239} INFO - Sync 1 DAGs
[2024-10-11T03:48:46.511+0000] {logging_mixin.py:190} INFO - [2024-10-11T03:48:46.510+0000] {dag.py:4180} INFO - Setting next_dagrun for example_branch_operator to 2024-10-10 00:00:00+00:00, run_after=2024-10-11 00:00:00+00:00
[2024-10-11T03:48:46.559+0000] {processor.py:208} INFO - Processing /home/airflow/.local/lib/python3.12/site-packages/airflow/example_dags/example_branch_operator.py took 0.273 seconds
[2024-10-11T03:49:16.803+0000] {processor.py:186} INFO - Started process (PID=2210) to work on /home/airflow/.local/lib/python3.12/site-packages/airflow/example_dags/example_branch_operator.py
[2024-10-11T03:49:16.804+0000] {processor.py:914} INFO - Processing file /home/airflow/.local/lib/python3.12/site-packages/airflow/example_dags/example_branch_operator.py for tasks to queue
[2024-10-11T03:49:16.808+0000] {logging_mixin.py:190} INFO - [2024-10-11T03:49:16.807+0000] {dagbag.py:588} INFO - Filling up the DagBag from /home/airflow/.local/lib/python3.12/site-packages/airflow/example_dags/example_branch_operator.py
[2024-10-11T03:49:16.834+0000] {processor.py:925} INFO - DAG(s) 'example_branch_operator' retrieved from /home/airflow/.local/lib/python3.12/site-packages/airflow/example_dags/example_branch_operator.py
[2024-10-11T03:49:16.878+0000] {logging_mixin.py:190} INFO - [2024-10-11T03:49:16.878+0000] {dag.py:3239} INFO - Sync 1 DAGs
[2024-10-11T03:49:16.917+0000] {logging_mixin.py:190} INFO - [2024-10-11T03:49:16.916+0000] {dag.py:4180} INFO - Setting next_dagrun for example_branch_operator to 2024-10-10 00:00:00+00:00, run_after=2024-10-11 00:00:00+00:00
[2024-10-11T03:49:16.947+0000] {processor.py:208} INFO - Processing /home/airflow/.local/lib/python3.12/site-packages/airflow/example_dags/example_branch_operator.py took 0.154 seconds
[2024-10-11T03:49:47.029+0000] {processor.py:186} INFO - Started process (PID=2276) to work on /home/airflow/.local/lib/python3.12/site-packages/airflow/example_dags/example_branch_operator.py
[2024-10-11T03:49:47.030+0000] {processor.py:914} INFO - Processing file /home/airflow/.local/lib/python3.12/site-packages/airflow/example_dags/example_branch_operator.py for tasks to queue
[2024-10-11T03:49:47.033+0000] {logging_mixin.py:190} INFO - [2024-10-11T03:49:47.033+0000] {dagbag.py:588} INFO - Filling up the DagBag from /home/airflow/.local/lib/python3.12/site-packages/airflow/example_dags/example_branch_operator.py
[2024-10-11T03:49:47.059+0000] {processor.py:925} INFO - DAG(s) 'example_branch_operator' retrieved from /home/airflow/.local/lib/python3.12/site-packages/airflow/example_dags/example_branch_operator.py
[2024-10-11T03:49:47.104+0000] {logging_mixin.py:190} INFO - [2024-10-11T03:49:47.104+0000] {dag.py:3239} INFO - Sync 1 DAGs
[2024-10-11T03:49:47.330+0000] {logging_mixin.py:190} INFO - [2024-10-11T03:49:47.330+0000] {dag.py:4180} INFO - Setting next_dagrun for example_branch_operator to 2024-10-10 00:00:00+00:00, run_after=2024-10-11 00:00:00+00:00
[2024-10-11T03:49:47.353+0000] {processor.py:208} INFO - Processing /home/airflow/.local/lib/python3.12/site-packages/airflow/example_dags/example_branch_operator.py took 0.332 seconds
[2024-10-11T03:50:18.105+0000] {processor.py:186} INFO - Started process (PID=2343) to work on /home/airflow/.local/lib/python3.12/site-packages/airflow/example_dags/example_branch_operator.py
[2024-10-11T03:50:18.106+0000] {processor.py:914} INFO - Processing file /home/airflow/.local/lib/python3.12/site-packages/airflow/example_dags/example_branch_operator.py for tasks to queue
[2024-10-11T03:50:18.109+0000] {logging_mixin.py:190} INFO - [2024-10-11T03:50:18.109+0000] {dagbag.py:588} INFO - Filling up the DagBag from /home/airflow/.local/lib/python3.12/site-packages/airflow/example_dags/example_branch_operator.py
[2024-10-11T03:50:18.135+0000] {processor.py:925} INFO - DAG(s) 'example_branch_operator' retrieved from /home/airflow/.local/lib/python3.12/site-packages/airflow/example_dags/example_branch_operator.py
[2024-10-11T03:50:18.176+0000] {logging_mixin.py:190} INFO - [2024-10-11T03:50:18.176+0000] {dag.py:3239} INFO - Sync 1 DAGs
[2024-10-11T03:50:18.212+0000] {logging_mixin.py:190} INFO - [2024-10-11T03:50:18.211+0000] {dag.py:4180} INFO - Setting next_dagrun for example_branch_operator to 2024-10-10 00:00:00+00:00, run_after=2024-10-11 00:00:00+00:00
[2024-10-11T03:50:18.449+0000] {processor.py:208} INFO - Processing /home/airflow/.local/lib/python3.12/site-packages/airflow/example_dags/example_branch_operator.py took 0.353 seconds
[2024-10-11T03:50:49.046+0000] {processor.py:186} INFO - Started process (PID=2410) to work on /home/airflow/.local/lib/python3.12/site-packages/airflow/example_dags/example_branch_operator.py
[2024-10-11T03:50:49.049+0000] {processor.py:914} INFO - Processing file /home/airflow/.local/lib/python3.12/site-packages/airflow/example_dags/example_branch_operator.py for tasks to queue
[2024-10-11T03:50:49.052+0000] {logging_mixin.py:190} INFO - [2024-10-11T03:50:49.052+0000] {dagbag.py:588} INFO - Filling up the DagBag from /home/airflow/.local/lib/python3.12/site-packages/airflow/example_dags/example_branch_operator.py
[2024-10-11T03:50:49.082+0000] {processor.py:925} INFO - DAG(s) 'example_branch_operator' retrieved from /home/airflow/.local/lib/python3.12/site-packages/airflow/example_dags/example_branch_operator.py
[2024-10-11T03:50:49.122+0000] {logging_mixin.py:190} INFO - [2024-10-11T03:50:49.121+0000] {dag.py:3239} INFO - Sync 1 DAGs
[2024-10-11T03:50:49.157+0000] {logging_mixin.py:190} INFO - [2024-10-11T03:50:49.156+0000] {dag.py:4180} INFO - Setting next_dagrun for example_branch_operator to 2024-10-10 00:00:00+00:00, run_after=2024-10-11 00:00:00+00:00
[2024-10-11T03:50:49.402+0000] {processor.py:208} INFO - Processing /home/airflow/.local/lib/python3.12/site-packages/airflow/example_dags/example_branch_operator.py took 0.369 seconds
[2024-10-11T03:51:19.636+0000] {processor.py:186} INFO - Started process (PID=2477) to work on /home/airflow/.local/lib/python3.12/site-packages/airflow/example_dags/example_branch_operator.py
[2024-10-11T03:51:19.638+0000] {processor.py:914} INFO - Processing file /home/airflow/.local/lib/python3.12/site-packages/airflow/example_dags/example_branch_operator.py for tasks to queue
[2024-10-11T03:51:19.642+0000] {logging_mixin.py:190} INFO - [2024-10-11T03:51:19.641+0000] {dagbag.py:588} INFO - Filling up the DagBag from /home/airflow/.local/lib/python3.12/site-packages/airflow/example_dags/example_branch_operator.py
[2024-10-11T03:51:19.670+0000] {processor.py:925} INFO - DAG(s) 'example_branch_operator' retrieved from /home/airflow/.local/lib/python3.12/site-packages/airflow/example_dags/example_branch_operator.py
[2024-10-11T03:51:19.718+0000] {logging_mixin.py:190} INFO - [2024-10-11T03:51:19.717+0000] {dag.py:3239} INFO - Sync 1 DAGs
[2024-10-11T03:51:19.752+0000] {logging_mixin.py:190} INFO - [2024-10-11T03:51:19.751+0000] {dag.py:4180} INFO - Setting next_dagrun for example_branch_operator to 2024-10-10 00:00:00+00:00, run_after=2024-10-11 00:00:00+00:00
[2024-10-11T03:51:19.774+0000] {processor.py:208} INFO - Processing /home/airflow/.local/lib/python3.12/site-packages/airflow/example_dags/example_branch_operator.py took 0.148 seconds
[2024-10-11T03:51:50.099+0000] {processor.py:186} INFO - Started process (PID=2544) to work on /home/airflow/.local/lib/python3.12/site-packages/airflow/example_dags/example_branch_operator.py
[2024-10-11T03:51:50.104+0000] {processor.py:914} INFO - Processing file /home/airflow/.local/lib/python3.12/site-packages/airflow/example_dags/example_branch_operator.py for tasks to queue
[2024-10-11T03:51:50.109+0000] {logging_mixin.py:190} INFO - [2024-10-11T03:51:50.108+0000] {dagbag.py:588} INFO - Filling up the DagBag from /home/airflow/.local/lib/python3.12/site-packages/airflow/example_dags/example_branch_operator.py
[2024-10-11T03:51:50.149+0000] {processor.py:925} INFO - DAG(s) 'example_branch_operator' retrieved from /home/airflow/.local/lib/python3.12/site-packages/airflow/example_dags/example_branch_operator.py
[2024-10-11T03:51:50.200+0000] {logging_mixin.py:190} INFO - [2024-10-11T03:51:50.199+0000] {dag.py:3239} INFO - Sync 1 DAGs
[2024-10-11T03:51:50.244+0000] {logging_mixin.py:190} INFO - [2024-10-11T03:51:50.244+0000] {dag.py:4180} INFO - Setting next_dagrun for example_branch_operator to 2024-10-10 00:00:00+00:00, run_after=2024-10-11 00:00:00+00:00
[2024-10-11T03:51:50.271+0000] {processor.py:208} INFO - Processing /home/airflow/.local/lib/python3.12/site-packages/airflow/example_dags/example_branch_operator.py took 0.181 seconds
[2024-10-11T03:52:21.005+0000] {processor.py:186} INFO - Started process (PID=2610) to work on /home/airflow/.local/lib/python3.12/site-packages/airflow/example_dags/example_branch_operator.py
[2024-10-11T03:52:21.007+0000] {processor.py:914} INFO - Processing file /home/airflow/.local/lib/python3.12/site-packages/airflow/example_dags/example_branch_operator.py for tasks to queue
[2024-10-11T03:52:21.011+0000] {logging_mixin.py:190} INFO - [2024-10-11T03:52:21.010+0000] {dagbag.py:588} INFO - Filling up the DagBag from /home/airflow/.local/lib/python3.12/site-packages/airflow/example_dags/example_branch_operator.py
[2024-10-11T03:52:21.050+0000] {processor.py:925} INFO - DAG(s) 'example_branch_operator' retrieved from /home/airflow/.local/lib/python3.12/site-packages/airflow/example_dags/example_branch_operator.py
[2024-10-11T03:52:21.536+0000] {logging_mixin.py:190} INFO - [2024-10-11T03:52:21.535+0000] {dag.py:3239} INFO - Sync 1 DAGs
[2024-10-11T03:52:21.598+0000] {logging_mixin.py:190} INFO - [2024-10-11T03:52:21.597+0000] {dag.py:4180} INFO - Setting next_dagrun for example_branch_operator to 2024-10-10 00:00:00+00:00, run_after=2024-10-11 00:00:00+00:00
[2024-10-11T03:52:21.669+0000] {processor.py:208} INFO - Processing /home/airflow/.local/lib/python3.12/site-packages/airflow/example_dags/example_branch_operator.py took 0.689 seconds
[2024-10-11T03:52:52.764+0000] {processor.py:186} INFO - Started process (PID=2676) to work on /home/airflow/.local/lib/python3.12/site-packages/airflow/example_dags/example_branch_operator.py
[2024-10-11T03:52:52.766+0000] {processor.py:914} INFO - Processing file /home/airflow/.local/lib/python3.12/site-packages/airflow/example_dags/example_branch_operator.py for tasks to queue
[2024-10-11T03:52:52.770+0000] {logging_mixin.py:190} INFO - [2024-10-11T03:52:52.769+0000] {dagbag.py:588} INFO - Filling up the DagBag from /home/airflow/.local/lib/python3.12/site-packages/airflow/example_dags/example_branch_operator.py
[2024-10-11T03:52:52.803+0000] {processor.py:925} INFO - DAG(s) 'example_branch_operator' retrieved from /home/airflow/.local/lib/python3.12/site-packages/airflow/example_dags/example_branch_operator.py
[2024-10-11T03:52:52.857+0000] {logging_mixin.py:190} INFO - [2024-10-11T03:52:52.856+0000] {dag.py:3239} INFO - Sync 1 DAGs
[2024-10-11T03:52:52.908+0000] {logging_mixin.py:190} INFO - [2024-10-11T03:52:52.908+0000] {dag.py:4180} INFO - Setting next_dagrun for example_branch_operator to 2024-10-10 00:00:00+00:00, run_after=2024-10-11 00:00:00+00:00
[2024-10-11T03:52:52.954+0000] {processor.py:208} INFO - Processing /home/airflow/.local/lib/python3.12/site-packages/airflow/example_dags/example_branch_operator.py took 0.204 seconds
[2024-10-11T03:53:23.053+0000] {processor.py:186} INFO - Started process (PID=2744) to work on /home/airflow/.local/lib/python3.12/site-packages/airflow/example_dags/example_branch_operator.py
[2024-10-11T03:53:23.055+0000] {processor.py:914} INFO - Processing file /home/airflow/.local/lib/python3.12/site-packages/airflow/example_dags/example_branch_operator.py for tasks to queue
[2024-10-11T03:53:23.061+0000] {logging_mixin.py:190} INFO - [2024-10-11T03:53:23.060+0000] {dagbag.py:588} INFO - Filling up the DagBag from /home/airflow/.local/lib/python3.12/site-packages/airflow/example_dags/example_branch_operator.py
[2024-10-11T03:53:23.137+0000] {processor.py:925} INFO - DAG(s) 'example_branch_operator' retrieved from /home/airflow/.local/lib/python3.12/site-packages/airflow/example_dags/example_branch_operator.py
[2024-10-11T03:53:23.206+0000] {logging_mixin.py:190} INFO - [2024-10-11T03:53:23.205+0000] {dag.py:3239} INFO - Sync 1 DAGs
[2024-10-11T03:53:23.271+0000] {logging_mixin.py:190} INFO - [2024-10-11T03:53:23.271+0000] {dag.py:4180} INFO - Setting next_dagrun for example_branch_operator to 2024-10-10 00:00:00+00:00, run_after=2024-10-11 00:00:00+00:00
[2024-10-11T03:53:23.323+0000] {processor.py:208} INFO - Processing /home/airflow/.local/lib/python3.12/site-packages/airflow/example_dags/example_branch_operator.py took 0.282 seconds
[2024-10-11T03:53:54.008+0000] {processor.py:186} INFO - Started process (PID=2811) to work on /home/airflow/.local/lib/python3.12/site-packages/airflow/example_dags/example_branch_operator.py
[2024-10-11T03:53:54.011+0000] {processor.py:914} INFO - Processing file /home/airflow/.local/lib/python3.12/site-packages/airflow/example_dags/example_branch_operator.py for tasks to queue
[2024-10-11T03:53:54.018+0000] {logging_mixin.py:190} INFO - [2024-10-11T03:53:54.017+0000] {dagbag.py:588} INFO - Filling up the DagBag from /home/airflow/.local/lib/python3.12/site-packages/airflow/example_dags/example_branch_operator.py
[2024-10-11T03:53:54.078+0000] {processor.py:925} INFO - DAG(s) 'example_branch_operator' retrieved from /home/airflow/.local/lib/python3.12/site-packages/airflow/example_dags/example_branch_operator.py
[2024-10-11T03:53:54.173+0000] {logging_mixin.py:190} INFO - [2024-10-11T03:53:54.173+0000] {dag.py:3239} INFO - Sync 1 DAGs
[2024-10-11T03:53:54.226+0000] {logging_mixin.py:190} INFO - [2024-10-11T03:53:54.225+0000] {dag.py:4180} INFO - Setting next_dagrun for example_branch_operator to 2024-10-10 00:00:00+00:00, run_after=2024-10-11 00:00:00+00:00
[2024-10-11T03:53:54.267+0000] {processor.py:208} INFO - Processing /home/airflow/.local/lib/python3.12/site-packages/airflow/example_dags/example_branch_operator.py took 0.278 seconds
[2024-10-11T03:54:24.890+0000] {processor.py:186} INFO - Started process (PID=2878) to work on /home/airflow/.local/lib/python3.12/site-packages/airflow/example_dags/example_branch_operator.py
[2024-10-11T03:54:24.893+0000] {processor.py:914} INFO - Processing file /home/airflow/.local/lib/python3.12/site-packages/airflow/example_dags/example_branch_operator.py for tasks to queue
[2024-10-11T03:54:24.897+0000] {logging_mixin.py:190} INFO - [2024-10-11T03:54:24.897+0000] {dagbag.py:588} INFO - Filling up the DagBag from /home/airflow/.local/lib/python3.12/site-packages/airflow/example_dags/example_branch_operator.py
[2024-10-11T03:54:24.962+0000] {processor.py:925} INFO - DAG(s) 'example_branch_operator' retrieved from /home/airflow/.local/lib/python3.12/site-packages/airflow/example_dags/example_branch_operator.py
[2024-10-11T03:54:25.068+0000] {logging_mixin.py:190} INFO - [2024-10-11T03:54:25.067+0000] {dag.py:3239} INFO - Sync 1 DAGs
[2024-10-11T03:54:25.161+0000] {logging_mixin.py:190} INFO - [2024-10-11T03:54:25.161+0000] {dag.py:4180} INFO - Setting next_dagrun for example_branch_operator to 2024-10-10 00:00:00+00:00, run_after=2024-10-11 00:00:00+00:00
[2024-10-11T03:54:25.207+0000] {processor.py:208} INFO - Processing /home/airflow/.local/lib/python3.12/site-packages/airflow/example_dags/example_branch_operator.py took 0.333 seconds
[2024-10-11T03:54:55.594+0000] {processor.py:186} INFO - Started process (PID=2945) to work on /home/airflow/.local/lib/python3.12/site-packages/airflow/example_dags/example_branch_operator.py
[2024-10-11T03:54:55.596+0000] {processor.py:914} INFO - Processing file /home/airflow/.local/lib/python3.12/site-packages/airflow/example_dags/example_branch_operator.py for tasks to queue
[2024-10-11T03:54:55.601+0000] {logging_mixin.py:190} INFO - [2024-10-11T03:54:55.600+0000] {dagbag.py:588} INFO - Filling up the DagBag from /home/airflow/.local/lib/python3.12/site-packages/airflow/example_dags/example_branch_operator.py
[2024-10-11T03:54:55.649+0000] {processor.py:925} INFO - DAG(s) 'example_branch_operator' retrieved from /home/airflow/.local/lib/python3.12/site-packages/airflow/example_dags/example_branch_operator.py
[2024-10-11T03:54:55.772+0000] {logging_mixin.py:190} INFO - [2024-10-11T03:54:55.771+0000] {dag.py:3239} INFO - Sync 1 DAGs
[2024-10-11T03:54:55.856+0000] {logging_mixin.py:190} INFO - [2024-10-11T03:54:55.855+0000] {dag.py:4180} INFO - Setting next_dagrun for example_branch_operator to 2024-10-10 00:00:00+00:00, run_after=2024-10-11 00:00:00+00:00
[2024-10-11T03:54:55.902+0000] {processor.py:208} INFO - Processing /home/airflow/.local/lib/python3.12/site-packages/airflow/example_dags/example_branch_operator.py took 0.321 seconds
[2024-10-11T03:55:26.058+0000] {processor.py:186} INFO - Started process (PID=3012) to work on /home/airflow/.local/lib/python3.12/site-packages/airflow/example_dags/example_branch_operator.py
[2024-10-11T03:55:26.059+0000] {processor.py:914} INFO - Processing file /home/airflow/.local/lib/python3.12/site-packages/airflow/example_dags/example_branch_operator.py for tasks to queue
[2024-10-11T03:55:26.083+0000] {logging_mixin.py:190} INFO - [2024-10-11T03:55:26.082+0000] {dagbag.py:588} INFO - Filling up the DagBag from /home/airflow/.local/lib/python3.12/site-packages/airflow/example_dags/example_branch_operator.py
[2024-10-11T03:55:26.196+0000] {processor.py:925} INFO - DAG(s) 'example_branch_operator' retrieved from /home/airflow/.local/lib/python3.12/site-packages/airflow/example_dags/example_branch_operator.py
[2024-10-11T03:55:26.281+0000] {logging_mixin.py:190} INFO - [2024-10-11T03:55:26.281+0000] {dag.py:3239} INFO - Sync 1 DAGs
[2024-10-11T03:55:26.361+0000] {logging_mixin.py:190} INFO - [2024-10-11T03:55:26.361+0000] {dag.py:4180} INFO - Setting next_dagrun for example_branch_operator to 2024-10-10 00:00:00+00:00, run_after=2024-10-11 00:00:00+00:00
[2024-10-11T03:55:26.488+0000] {processor.py:208} INFO - Processing /home/airflow/.local/lib/python3.12/site-packages/airflow/example_dags/example_branch_operator.py took 0.454 seconds
[2024-10-11T03:55:57.403+0000] {processor.py:186} INFO - Started process (PID=3078) to work on /home/airflow/.local/lib/python3.12/site-packages/airflow/example_dags/example_branch_operator.py
[2024-10-11T03:55:57.405+0000] {processor.py:914} INFO - Processing file /home/airflow/.local/lib/python3.12/site-packages/airflow/example_dags/example_branch_operator.py for tasks to queue
[2024-10-11T03:55:57.410+0000] {logging_mixin.py:190} INFO - [2024-10-11T03:55:57.408+0000] {dagbag.py:588} INFO - Filling up the DagBag from /home/airflow/.local/lib/python3.12/site-packages/airflow/example_dags/example_branch_operator.py
[2024-10-11T03:55:57.444+0000] {processor.py:925} INFO - DAG(s) 'example_branch_operator' retrieved from /home/airflow/.local/lib/python3.12/site-packages/airflow/example_dags/example_branch_operator.py
[2024-10-11T03:55:57.501+0000] {logging_mixin.py:190} INFO - [2024-10-11T03:55:57.500+0000] {dag.py:3239} INFO - Sync 1 DAGs
[2024-10-11T03:55:57.550+0000] {logging_mixin.py:190} INFO - [2024-10-11T03:55:57.549+0000] {dag.py:4180} INFO - Setting next_dagrun for example_branch_operator to 2024-10-10 00:00:00+00:00, run_after=2024-10-11 00:00:00+00:00
[2024-10-11T03:55:57.582+0000] {processor.py:208} INFO - Processing /home/airflow/.local/lib/python3.12/site-packages/airflow/example_dags/example_branch_operator.py took 0.189 seconds
[2024-10-11T03:56:27.808+0000] {processor.py:186} INFO - Started process (PID=3145) to work on /home/airflow/.local/lib/python3.12/site-packages/airflow/example_dags/example_branch_operator.py
[2024-10-11T03:56:27.810+0000] {processor.py:914} INFO - Processing file /home/airflow/.local/lib/python3.12/site-packages/airflow/example_dags/example_branch_operator.py for tasks to queue
[2024-10-11T03:56:27.816+0000] {logging_mixin.py:190} INFO - [2024-10-11T03:56:27.815+0000] {dagbag.py:588} INFO - Filling up the DagBag from /home/airflow/.local/lib/python3.12/site-packages/airflow/example_dags/example_branch_operator.py
[2024-10-11T03:56:27.856+0000] {processor.py:925} INFO - DAG(s) 'example_branch_operator' retrieved from /home/airflow/.local/lib/python3.12/site-packages/airflow/example_dags/example_branch_operator.py
[2024-10-11T03:56:27.933+0000] {logging_mixin.py:190} INFO - [2024-10-11T03:56:27.932+0000] {dag.py:3239} INFO - Sync 1 DAGs
[2024-10-11T03:56:27.987+0000] {logging_mixin.py:190} INFO - [2024-10-11T03:56:27.986+0000] {dag.py:4180} INFO - Setting next_dagrun for example_branch_operator to 2024-10-10 00:00:00+00:00, run_after=2024-10-11 00:00:00+00:00
[2024-10-11T03:56:28.021+0000] {processor.py:208} INFO - Processing /home/airflow/.local/lib/python3.12/site-packages/airflow/example_dags/example_branch_operator.py took 0.229 seconds
[2024-10-11T03:56:58.504+0000] {processor.py:186} INFO - Started process (PID=3212) to work on /home/airflow/.local/lib/python3.12/site-packages/airflow/example_dags/example_branch_operator.py
[2024-10-11T03:56:58.508+0000] {processor.py:914} INFO - Processing file /home/airflow/.local/lib/python3.12/site-packages/airflow/example_dags/example_branch_operator.py for tasks to queue
[2024-10-11T03:56:58.520+0000] {logging_mixin.py:190} INFO - [2024-10-11T03:56:58.517+0000] {dagbag.py:588} INFO - Filling up the DagBag from /home/airflow/.local/lib/python3.12/site-packages/airflow/example_dags/example_branch_operator.py
[2024-10-11T03:56:58.655+0000] {processor.py:925} INFO - DAG(s) 'example_branch_operator' retrieved from /home/airflow/.local/lib/python3.12/site-packages/airflow/example_dags/example_branch_operator.py
[2024-10-11T03:56:58.745+0000] {logging_mixin.py:190} INFO - [2024-10-11T03:56:58.744+0000] {dag.py:3239} INFO - Sync 1 DAGs
[2024-10-11T03:56:58.891+0000] {logging_mixin.py:190} INFO - [2024-10-11T03:56:58.887+0000] {dag.py:4180} INFO - Setting next_dagrun for example_branch_operator to 2024-10-10 00:00:00+00:00, run_after=2024-10-11 00:00:00+00:00
[2024-10-11T03:56:58.951+0000] {processor.py:208} INFO - Processing /home/airflow/.local/lib/python3.12/site-packages/airflow/example_dags/example_branch_operator.py took 0.476 seconds
[2024-10-11T03:57:29.565+0000] {processor.py:186} INFO - Started process (PID=3279) to work on /home/airflow/.local/lib/python3.12/site-packages/airflow/example_dags/example_branch_operator.py
[2024-10-11T03:57:29.566+0000] {processor.py:914} INFO - Processing file /home/airflow/.local/lib/python3.12/site-packages/airflow/example_dags/example_branch_operator.py for tasks to queue
[2024-10-11T03:57:29.569+0000] {logging_mixin.py:190} INFO - [2024-10-11T03:57:29.569+0000] {dagbag.py:588} INFO - Filling up the DagBag from /home/airflow/.local/lib/python3.12/site-packages/airflow/example_dags/example_branch_operator.py
[2024-10-11T03:57:29.595+0000] {processor.py:925} INFO - DAG(s) 'example_branch_operator' retrieved from /home/airflow/.local/lib/python3.12/site-packages/airflow/example_dags/example_branch_operator.py
[2024-10-11T03:57:29.637+0000] {logging_mixin.py:190} INFO - [2024-10-11T03:57:29.637+0000] {dag.py:3239} INFO - Sync 1 DAGs
[2024-10-11T03:57:29.671+0000] {logging_mixin.py:190} INFO - [2024-10-11T03:57:29.671+0000] {dag.py:4180} INFO - Setting next_dagrun for example_branch_operator to 2024-10-10 00:00:00+00:00, run_after=2024-10-11 00:00:00+00:00
[2024-10-11T03:57:29.695+0000] {processor.py:208} INFO - Processing /home/airflow/.local/lib/python3.12/site-packages/airflow/example_dags/example_branch_operator.py took 0.141 seconds
[2024-10-11T03:58:00.357+0000] {processor.py:186} INFO - Started process (PID=3346) to work on /home/airflow/.local/lib/python3.12/site-packages/airflow/example_dags/example_branch_operator.py
[2024-10-11T03:58:00.360+0000] {processor.py:914} INFO - Processing file /home/airflow/.local/lib/python3.12/site-packages/airflow/example_dags/example_branch_operator.py for tasks to queue
[2024-10-11T03:58:00.364+0000] {logging_mixin.py:190} INFO - [2024-10-11T03:58:00.364+0000] {dagbag.py:588} INFO - Filling up the DagBag from /home/airflow/.local/lib/python3.12/site-packages/airflow/example_dags/example_branch_operator.py
[2024-10-11T03:58:00.395+0000] {processor.py:925} INFO - DAG(s) 'example_branch_operator' retrieved from /home/airflow/.local/lib/python3.12/site-packages/airflow/example_dags/example_branch_operator.py
[2024-10-11T03:58:00.435+0000] {logging_mixin.py:190} INFO - [2024-10-11T03:58:00.435+0000] {dag.py:3239} INFO - Sync 1 DAGs
[2024-10-11T03:58:00.470+0000] {logging_mixin.py:190} INFO - [2024-10-11T03:58:00.469+0000] {dag.py:4180} INFO - Setting next_dagrun for example_branch_operator to 2024-10-10 00:00:00+00:00, run_after=2024-10-11 00:00:00+00:00
[2024-10-11T03:58:00.493+0000] {processor.py:208} INFO - Processing /home/airflow/.local/lib/python3.12/site-packages/airflow/example_dags/example_branch_operator.py took 0.149 seconds
[2024-10-11T03:58:31.268+0000] {processor.py:186} INFO - Started process (PID=3419) to work on /home/airflow/.local/lib/python3.12/site-packages/airflow/example_dags/example_branch_operator.py
[2024-10-11T03:58:31.269+0000] {processor.py:914} INFO - Processing file /home/airflow/.local/lib/python3.12/site-packages/airflow/example_dags/example_branch_operator.py for tasks to queue
[2024-10-11T03:58:31.276+0000] {logging_mixin.py:190} INFO - [2024-10-11T03:58:31.275+0000] {dagbag.py:588} INFO - Filling up the DagBag from /home/airflow/.local/lib/python3.12/site-packages/airflow/example_dags/example_branch_operator.py
[2024-10-11T03:58:31.316+0000] {processor.py:925} INFO - DAG(s) 'example_branch_operator' retrieved from /home/airflow/.local/lib/python3.12/site-packages/airflow/example_dags/example_branch_operator.py
[2024-10-11T03:58:31.452+0000] {logging_mixin.py:190} INFO - [2024-10-11T03:58:31.451+0000] {dag.py:3239} INFO - Sync 1 DAGs
[2024-10-11T03:58:31.552+0000] {logging_mixin.py:190} INFO - [2024-10-11T03:58:31.552+0000] {dag.py:4180} INFO - Setting next_dagrun for example_branch_operator to 2024-10-10 00:00:00+00:00, run_after=2024-10-11 00:00:00+00:00
[2024-10-11T03:58:31.583+0000] {processor.py:208} INFO - Processing /home/airflow/.local/lib/python3.12/site-packages/airflow/example_dags/example_branch_operator.py took 0.331 seconds
[2024-10-11T03:59:02.215+0000] {processor.py:186} INFO - Started process (PID=3486) to work on /home/airflow/.local/lib/python3.12/site-packages/airflow/example_dags/example_branch_operator.py
[2024-10-11T03:59:02.218+0000] {processor.py:914} INFO - Processing file /home/airflow/.local/lib/python3.12/site-packages/airflow/example_dags/example_branch_operator.py for tasks to queue
[2024-10-11T03:59:02.224+0000] {logging_mixin.py:190} INFO - [2024-10-11T03:59:02.223+0000] {dagbag.py:588} INFO - Filling up the DagBag from /home/airflow/.local/lib/python3.12/site-packages/airflow/example_dags/example_branch_operator.py
[2024-10-11T03:59:02.324+0000] {processor.py:925} INFO - DAG(s) 'example_branch_operator' retrieved from /home/airflow/.local/lib/python3.12/site-packages/airflow/example_dags/example_branch_operator.py
[2024-10-11T03:59:02.502+0000] {logging_mixin.py:190} INFO - [2024-10-11T03:59:02.501+0000] {dag.py:3239} INFO - Sync 1 DAGs
[2024-10-11T03:59:02.669+0000] {logging_mixin.py:190} INFO - [2024-10-11T03:59:02.669+0000] {dag.py:4180} INFO - Setting next_dagrun for example_branch_operator to 2024-10-10 00:00:00+00:00, run_after=2024-10-11 00:00:00+00:00
[2024-10-11T03:59:02.817+0000] {processor.py:208} INFO - Processing /home/airflow/.local/lib/python3.12/site-packages/airflow/example_dags/example_branch_operator.py took 0.657 seconds
[2024-10-11T03:59:33.125+0000] {processor.py:186} INFO - Started process (PID=3554) to work on /home/airflow/.local/lib/python3.12/site-packages/airflow/example_dags/example_branch_operator.py
[2024-10-11T03:59:33.128+0000] {processor.py:914} INFO - Processing file /home/airflow/.local/lib/python3.12/site-packages/airflow/example_dags/example_branch_operator.py for tasks to queue
[2024-10-11T03:59:33.134+0000] {logging_mixin.py:190} INFO - [2024-10-11T03:59:33.133+0000] {dagbag.py:588} INFO - Filling up the DagBag from /home/airflow/.local/lib/python3.12/site-packages/airflow/example_dags/example_branch_operator.py
[2024-10-11T03:59:33.185+0000] {processor.py:925} INFO - DAG(s) 'example_branch_operator' retrieved from /home/airflow/.local/lib/python3.12/site-packages/airflow/example_dags/example_branch_operator.py
[2024-10-11T03:59:33.289+0000] {logging_mixin.py:190} INFO - [2024-10-11T03:59:33.288+0000] {dag.py:3239} INFO - Sync 1 DAGs
[2024-10-11T03:59:33.390+0000] {logging_mixin.py:190} INFO - [2024-10-11T03:59:33.389+0000] {dag.py:4180} INFO - Setting next_dagrun for example_branch_operator to 2024-10-10 00:00:00+00:00, run_after=2024-10-11 00:00:00+00:00
[2024-10-11T03:59:33.437+0000] {processor.py:208} INFO - Processing /home/airflow/.local/lib/python3.12/site-packages/airflow/example_dags/example_branch_operator.py took 0.328 seconds
[2024-10-11T04:00:03.696+0000] {processor.py:186} INFO - Started process (PID=3620) to work on /home/airflow/.local/lib/python3.12/site-packages/airflow/example_dags/example_branch_operator.py
[2024-10-11T04:00:03.698+0000] {processor.py:914} INFO - Processing file /home/airflow/.local/lib/python3.12/site-packages/airflow/example_dags/example_branch_operator.py for tasks to queue
[2024-10-11T04:00:03.704+0000] {logging_mixin.py:190} INFO - [2024-10-11T04:00:03.703+0000] {dagbag.py:588} INFO - Filling up the DagBag from /home/airflow/.local/lib/python3.12/site-packages/airflow/example_dags/example_branch_operator.py
[2024-10-11T04:00:03.753+0000] {processor.py:925} INFO - DAG(s) 'example_branch_operator' retrieved from /home/airflow/.local/lib/python3.12/site-packages/airflow/example_dags/example_branch_operator.py
[2024-10-11T04:00:03.834+0000] {logging_mixin.py:190} INFO - [2024-10-11T04:00:03.833+0000] {dag.py:3239} INFO - Sync 1 DAGs
[2024-10-11T04:00:03.915+0000] {logging_mixin.py:190} INFO - [2024-10-11T04:00:03.914+0000] {dag.py:4180} INFO - Setting next_dagrun for example_branch_operator to 2024-10-10 00:00:00+00:00, run_after=2024-10-11 00:00:00+00:00
[2024-10-11T04:00:03.964+0000] {processor.py:208} INFO - Processing /home/airflow/.local/lib/python3.12/site-packages/airflow/example_dags/example_branch_operator.py took 0.285 seconds
[2024-10-11T04:00:34.124+0000] {processor.py:186} INFO - Started process (PID=3687) to work on /home/airflow/.local/lib/python3.12/site-packages/airflow/example_dags/example_branch_operator.py
[2024-10-11T04:00:34.126+0000] {processor.py:914} INFO - Processing file /home/airflow/.local/lib/python3.12/site-packages/airflow/example_dags/example_branch_operator.py for tasks to queue
[2024-10-11T04:00:34.132+0000] {logging_mixin.py:190} INFO - [2024-10-11T04:00:34.131+0000] {dagbag.py:588} INFO - Filling up the DagBag from /home/airflow/.local/lib/python3.12/site-packages/airflow/example_dags/example_branch_operator.py
[2024-10-11T04:00:34.177+0000] {processor.py:925} INFO - DAG(s) 'example_branch_operator' retrieved from /home/airflow/.local/lib/python3.12/site-packages/airflow/example_dags/example_branch_operator.py
[2024-10-11T04:00:34.244+0000] {logging_mixin.py:190} INFO - [2024-10-11T04:00:34.244+0000] {dag.py:3239} INFO - Sync 1 DAGs
[2024-10-11T04:00:34.297+0000] {logging_mixin.py:190} INFO - [2024-10-11T04:00:34.297+0000] {dag.py:4180} INFO - Setting next_dagrun for example_branch_operator to 2024-10-10 00:00:00+00:00, run_after=2024-10-11 00:00:00+00:00
[2024-10-11T04:00:34.342+0000] {processor.py:208} INFO - Processing /home/airflow/.local/lib/python3.12/site-packages/airflow/example_dags/example_branch_operator.py took 0.233 seconds
[2024-10-11T04:01:04.689+0000] {processor.py:186} INFO - Started process (PID=3754) to work on /home/airflow/.local/lib/python3.12/site-packages/airflow/example_dags/example_branch_operator.py
[2024-10-11T04:01:04.691+0000] {processor.py:914} INFO - Processing file /home/airflow/.local/lib/python3.12/site-packages/airflow/example_dags/example_branch_operator.py for tasks to queue
[2024-10-11T04:01:04.705+0000] {logging_mixin.py:190} INFO - [2024-10-11T04:01:04.704+0000] {dagbag.py:588} INFO - Filling up the DagBag from /home/airflow/.local/lib/python3.12/site-packages/airflow/example_dags/example_branch_operator.py
[2024-10-11T04:01:04.766+0000] {processor.py:925} INFO - DAG(s) 'example_branch_operator' retrieved from /home/airflow/.local/lib/python3.12/site-packages/airflow/example_dags/example_branch_operator.py
[2024-10-11T04:01:04.983+0000] {logging_mixin.py:190} INFO - [2024-10-11T04:01:04.980+0000] {dag.py:3239} INFO - Sync 1 DAGs
[2024-10-11T04:01:05.109+0000] {logging_mixin.py:190} INFO - [2024-10-11T04:01:05.108+0000] {dag.py:4180} INFO - Setting next_dagrun for example_branch_operator to 2024-10-10 00:00:00+00:00, run_after=2024-10-11 00:00:00+00:00
[2024-10-11T04:01:05.174+0000] {processor.py:208} INFO - Processing /home/airflow/.local/lib/python3.12/site-packages/airflow/example_dags/example_branch_operator.py took 0.497 seconds
