[2024-10-11T03:32:58.927+0000] {processor.py:186} INFO - Started process (PID=112) to work on /home/airflow/.local/lib/python3.12/site-packages/airflow/example_dags/example_latest_only_with_trigger.py
[2024-10-11T03:32:58.928+0000] {processor.py:914} INFO - Processing file /home/airflow/.local/lib/python3.12/site-packages/airflow/example_dags/example_latest_only_with_trigger.py for tasks to queue
[2024-10-11T03:32:58.933+0000] {logging_mixin.py:190} INFO - [2024-10-11T03:32:58.932+0000] {dagbag.py:588} INFO - Filling up the DagBag from /home/airflow/.local/lib/python3.12/site-packages/airflow/example_dags/example_latest_only_with_trigger.py
[2024-10-11T03:32:58.945+0000] {processor.py:925} INFO - DAG(s) 'latest_only_with_trigger' retrieved from /home/airflow/.local/lib/python3.12/site-packages/airflow/example_dags/example_latest_only_with_trigger.py
[2024-10-11T03:32:58.992+0000] {logging_mixin.py:190} INFO - [2024-10-11T03:32:58.992+0000] {dag.py:3239} INFO - Sync 1 DAGs
[2024-10-11T03:32:59.024+0000] {logging_mixin.py:190} INFO - [2024-10-11T03:32:59.024+0000] {dag.py:4180} INFO - Setting next_dagrun for latest_only_with_trigger to 2024-10-10 20:00:00+00:00, run_after=2024-10-11 00:00:00+00:00
[2024-10-11T03:32:59.048+0000] {processor.py:208} INFO - Processing /home/airflow/.local/lib/python3.12/site-packages/airflow/example_dags/example_latest_only_with_trigger.py took 0.131 seconds
[2024-10-11T03:33:29.365+0000] {processor.py:186} INFO - Started process (PID=178) to work on /home/airflow/.local/lib/python3.12/site-packages/airflow/example_dags/example_latest_only_with_trigger.py
[2024-10-11T03:33:29.367+0000] {processor.py:914} INFO - Processing file /home/airflow/.local/lib/python3.12/site-packages/airflow/example_dags/example_latest_only_with_trigger.py for tasks to queue
[2024-10-11T03:33:29.370+0000] {logging_mixin.py:190} INFO - [2024-10-11T03:33:29.370+0000] {dagbag.py:588} INFO - Filling up the DagBag from /home/airflow/.local/lib/python3.12/site-packages/airflow/example_dags/example_latest_only_with_trigger.py
[2024-10-11T03:33:29.381+0000] {processor.py:925} INFO - DAG(s) 'latest_only_with_trigger' retrieved from /home/airflow/.local/lib/python3.12/site-packages/airflow/example_dags/example_latest_only_with_trigger.py
[2024-10-11T03:33:29.407+0000] {logging_mixin.py:190} INFO - [2024-10-11T03:33:29.406+0000] {dag.py:3239} INFO - Sync 1 DAGs
[2024-10-11T03:33:29.442+0000] {logging_mixin.py:190} INFO - [2024-10-11T03:33:29.442+0000] {dag.py:4180} INFO - Setting next_dagrun for latest_only_with_trigger to 2024-10-10 20:00:00+00:00, run_after=2024-10-11 00:00:00+00:00
[2024-10-11T03:33:29.468+0000] {processor.py:208} INFO - Processing /home/airflow/.local/lib/python3.12/site-packages/airflow/example_dags/example_latest_only_with_trigger.py took 0.113 seconds
[2024-10-11T03:33:59.710+0000] {processor.py:186} INFO - Started process (PID=243) to work on /home/airflow/.local/lib/python3.12/site-packages/airflow/example_dags/example_latest_only_with_trigger.py
[2024-10-11T03:33:59.711+0000] {processor.py:914} INFO - Processing file /home/airflow/.local/lib/python3.12/site-packages/airflow/example_dags/example_latest_only_with_trigger.py for tasks to queue
[2024-10-11T03:33:59.714+0000] {logging_mixin.py:190} INFO - [2024-10-11T03:33:59.714+0000] {dagbag.py:588} INFO - Filling up the DagBag from /home/airflow/.local/lib/python3.12/site-packages/airflow/example_dags/example_latest_only_with_trigger.py
[2024-10-11T03:33:59.723+0000] {processor.py:925} INFO - DAG(s) 'latest_only_with_trigger' retrieved from /home/airflow/.local/lib/python3.12/site-packages/airflow/example_dags/example_latest_only_with_trigger.py
[2024-10-11T03:33:59.750+0000] {logging_mixin.py:190} INFO - [2024-10-11T03:33:59.750+0000] {dag.py:3239} INFO - Sync 1 DAGs
[2024-10-11T03:33:59.777+0000] {logging_mixin.py:190} INFO - [2024-10-11T03:33:59.777+0000] {dag.py:4180} INFO - Setting next_dagrun for latest_only_with_trigger to 2024-10-10 20:00:00+00:00, run_after=2024-10-11 00:00:00+00:00
[2024-10-11T03:33:59.801+0000] {processor.py:208} INFO - Processing /home/airflow/.local/lib/python3.12/site-packages/airflow/example_dags/example_latest_only_with_trigger.py took 0.098 seconds
[2024-10-11T03:34:29.867+0000] {processor.py:186} INFO - Started process (PID=309) to work on /home/airflow/.local/lib/python3.12/site-packages/airflow/example_dags/example_latest_only_with_trigger.py
[2024-10-11T03:34:29.868+0000] {processor.py:914} INFO - Processing file /home/airflow/.local/lib/python3.12/site-packages/airflow/example_dags/example_latest_only_with_trigger.py for tasks to queue
[2024-10-11T03:34:29.871+0000] {logging_mixin.py:190} INFO - [2024-10-11T03:34:29.870+0000] {dagbag.py:588} INFO - Filling up the DagBag from /home/airflow/.local/lib/python3.12/site-packages/airflow/example_dags/example_latest_only_with_trigger.py
[2024-10-11T03:34:29.879+0000] {processor.py:925} INFO - DAG(s) 'latest_only_with_trigger' retrieved from /home/airflow/.local/lib/python3.12/site-packages/airflow/example_dags/example_latest_only_with_trigger.py
[2024-10-11T03:34:29.904+0000] {logging_mixin.py:190} INFO - [2024-10-11T03:34:29.904+0000] {dag.py:3239} INFO - Sync 1 DAGs
[2024-10-11T03:34:29.932+0000] {logging_mixin.py:190} INFO - [2024-10-11T03:34:29.932+0000] {dag.py:4180} INFO - Setting next_dagrun for latest_only_with_trigger to 2024-10-10 20:00:00+00:00, run_after=2024-10-11 00:00:00+00:00
[2024-10-11T03:34:29.951+0000] {processor.py:208} INFO - Processing /home/airflow/.local/lib/python3.12/site-packages/airflow/example_dags/example_latest_only_with_trigger.py took 0.093 seconds
[2024-10-11T03:35:00.115+0000] {processor.py:186} INFO - Started process (PID=374) to work on /home/airflow/.local/lib/python3.12/site-packages/airflow/example_dags/example_latest_only_with_trigger.py
[2024-10-11T03:35:00.116+0000] {processor.py:914} INFO - Processing file /home/airflow/.local/lib/python3.12/site-packages/airflow/example_dags/example_latest_only_with_trigger.py for tasks to queue
[2024-10-11T03:35:00.119+0000] {logging_mixin.py:190} INFO - [2024-10-11T03:35:00.118+0000] {dagbag.py:588} INFO - Filling up the DagBag from /home/airflow/.local/lib/python3.12/site-packages/airflow/example_dags/example_latest_only_with_trigger.py
[2024-10-11T03:35:00.127+0000] {processor.py:925} INFO - DAG(s) 'latest_only_with_trigger' retrieved from /home/airflow/.local/lib/python3.12/site-packages/airflow/example_dags/example_latest_only_with_trigger.py
[2024-10-11T03:35:00.153+0000] {logging_mixin.py:190} INFO - [2024-10-11T03:35:00.153+0000] {dag.py:3239} INFO - Sync 1 DAGs
[2024-10-11T03:35:00.181+0000] {logging_mixin.py:190} INFO - [2024-10-11T03:35:00.180+0000] {dag.py:4180} INFO - Setting next_dagrun for latest_only_with_trigger to 2024-10-10 20:00:00+00:00, run_after=2024-10-11 00:00:00+00:00
[2024-10-11T03:35:00.204+0000] {processor.py:208} INFO - Processing /home/airflow/.local/lib/python3.12/site-packages/airflow/example_dags/example_latest_only_with_trigger.py took 0.097 seconds
[2024-10-11T03:35:32.354+0000] {processor.py:186} INFO - Started process (PID=440) to work on /home/airflow/.local/lib/python3.12/site-packages/airflow/example_dags/example_latest_only_with_trigger.py
[2024-10-11T03:35:32.355+0000] {processor.py:914} INFO - Processing file /home/airflow/.local/lib/python3.12/site-packages/airflow/example_dags/example_latest_only_with_trigger.py for tasks to queue
[2024-10-11T03:35:32.358+0000] {logging_mixin.py:190} INFO - [2024-10-11T03:35:32.358+0000] {dagbag.py:588} INFO - Filling up the DagBag from /home/airflow/.local/lib/python3.12/site-packages/airflow/example_dags/example_latest_only_with_trigger.py
[2024-10-11T03:35:32.368+0000] {processor.py:925} INFO - DAG(s) 'latest_only_with_trigger' retrieved from /home/airflow/.local/lib/python3.12/site-packages/airflow/example_dags/example_latest_only_with_trigger.py
[2024-10-11T03:35:32.403+0000] {logging_mixin.py:190} INFO - [2024-10-11T03:35:32.403+0000] {dag.py:3239} INFO - Sync 1 DAGs
[2024-10-11T03:35:32.434+0000] {logging_mixin.py:190} INFO - [2024-10-11T03:35:32.433+0000] {dag.py:4180} INFO - Setting next_dagrun for latest_only_with_trigger to 2024-10-10 20:00:00+00:00, run_after=2024-10-11 00:00:00+00:00
[2024-10-11T03:35:32.453+0000] {processor.py:208} INFO - Processing /home/airflow/.local/lib/python3.12/site-packages/airflow/example_dags/example_latest_only_with_trigger.py took 0.110 seconds
[2024-10-11T03:36:03.082+0000] {processor.py:186} INFO - Started process (PID=506) to work on /home/airflow/.local/lib/python3.12/site-packages/airflow/example_dags/example_latest_only_with_trigger.py
[2024-10-11T03:36:03.083+0000] {processor.py:914} INFO - Processing file /home/airflow/.local/lib/python3.12/site-packages/airflow/example_dags/example_latest_only_with_trigger.py for tasks to queue
[2024-10-11T03:36:03.086+0000] {logging_mixin.py:190} INFO - [2024-10-11T03:36:03.086+0000] {dagbag.py:588} INFO - Filling up the DagBag from /home/airflow/.local/lib/python3.12/site-packages/airflow/example_dags/example_latest_only_with_trigger.py
[2024-10-11T03:36:03.094+0000] {processor.py:925} INFO - DAG(s) 'latest_only_with_trigger' retrieved from /home/airflow/.local/lib/python3.12/site-packages/airflow/example_dags/example_latest_only_with_trigger.py
[2024-10-11T03:36:03.119+0000] {logging_mixin.py:190} INFO - [2024-10-11T03:36:03.119+0000] {dag.py:3239} INFO - Sync 1 DAGs
[2024-10-11T03:36:03.161+0000] {logging_mixin.py:190} INFO - [2024-10-11T03:36:03.161+0000] {dag.py:4180} INFO - Setting next_dagrun for latest_only_with_trigger to 2024-10-10 20:00:00+00:00, run_after=2024-10-11 00:00:00+00:00
[2024-10-11T03:36:03.184+0000] {processor.py:208} INFO - Processing /home/airflow/.local/lib/python3.12/site-packages/airflow/example_dags/example_latest_only_with_trigger.py took 0.109 seconds
[2024-10-11T03:36:33.882+0000] {processor.py:186} INFO - Started process (PID=572) to work on /home/airflow/.local/lib/python3.12/site-packages/airflow/example_dags/example_latest_only_with_trigger.py
[2024-10-11T03:36:33.886+0000] {processor.py:914} INFO - Processing file /home/airflow/.local/lib/python3.12/site-packages/airflow/example_dags/example_latest_only_with_trigger.py for tasks to queue
[2024-10-11T03:36:33.889+0000] {logging_mixin.py:190} INFO - [2024-10-11T03:36:33.889+0000] {dagbag.py:588} INFO - Filling up the DagBag from /home/airflow/.local/lib/python3.12/site-packages/airflow/example_dags/example_latest_only_with_trigger.py
[2024-10-11T03:36:33.920+0000] {processor.py:925} INFO - DAG(s) 'latest_only_with_trigger' retrieved from /home/airflow/.local/lib/python3.12/site-packages/airflow/example_dags/example_latest_only_with_trigger.py
[2024-10-11T03:36:33.971+0000] {logging_mixin.py:190} INFO - [2024-10-11T03:36:33.970+0000] {dag.py:3239} INFO - Sync 1 DAGs
[2024-10-11T03:36:34.004+0000] {logging_mixin.py:190} INFO - [2024-10-11T03:36:34.004+0000] {dag.py:4180} INFO - Setting next_dagrun for latest_only_with_trigger to 2024-10-10 20:00:00+00:00, run_after=2024-10-11 00:00:00+00:00
[2024-10-11T03:36:34.033+0000] {processor.py:208} INFO - Processing /home/airflow/.local/lib/python3.12/site-packages/airflow/example_dags/example_latest_only_with_trigger.py took 0.168 seconds
[2024-10-11T03:37:04.236+0000] {processor.py:186} INFO - Started process (PID=638) to work on /home/airflow/.local/lib/python3.12/site-packages/airflow/example_dags/example_latest_only_with_trigger.py
[2024-10-11T03:37:04.237+0000] {processor.py:914} INFO - Processing file /home/airflow/.local/lib/python3.12/site-packages/airflow/example_dags/example_latest_only_with_trigger.py for tasks to queue
[2024-10-11T03:37:04.242+0000] {logging_mixin.py:190} INFO - [2024-10-11T03:37:04.241+0000] {dagbag.py:588} INFO - Filling up the DagBag from /home/airflow/.local/lib/python3.12/site-packages/airflow/example_dags/example_latest_only_with_trigger.py
[2024-10-11T03:37:04.253+0000] {processor.py:925} INFO - DAG(s) 'latest_only_with_trigger' retrieved from /home/airflow/.local/lib/python3.12/site-packages/airflow/example_dags/example_latest_only_with_trigger.py
[2024-10-11T03:37:04.290+0000] {logging_mixin.py:190} INFO - [2024-10-11T03:37:04.290+0000] {dag.py:3239} INFO - Sync 1 DAGs
[2024-10-11T03:37:04.323+0000] {logging_mixin.py:190} INFO - [2024-10-11T03:37:04.323+0000] {dag.py:4180} INFO - Setting next_dagrun for latest_only_with_trigger to 2024-10-10 20:00:00+00:00, run_after=2024-10-11 00:00:00+00:00
[2024-10-11T03:37:04.353+0000] {processor.py:208} INFO - Processing /home/airflow/.local/lib/python3.12/site-packages/airflow/example_dags/example_latest_only_with_trigger.py took 0.128 seconds
[2024-10-11T03:37:34.871+0000] {processor.py:186} INFO - Started process (PID=704) to work on /home/airflow/.local/lib/python3.12/site-packages/airflow/example_dags/example_latest_only_with_trigger.py
[2024-10-11T03:37:34.874+0000] {processor.py:914} INFO - Processing file /home/airflow/.local/lib/python3.12/site-packages/airflow/example_dags/example_latest_only_with_trigger.py for tasks to queue
[2024-10-11T03:37:34.880+0000] {logging_mixin.py:190} INFO - [2024-10-11T03:37:34.879+0000] {dagbag.py:588} INFO - Filling up the DagBag from /home/airflow/.local/lib/python3.12/site-packages/airflow/example_dags/example_latest_only_with_trigger.py
[2024-10-11T03:37:34.889+0000] {processor.py:925} INFO - DAG(s) 'latest_only_with_trigger' retrieved from /home/airflow/.local/lib/python3.12/site-packages/airflow/example_dags/example_latest_only_with_trigger.py
[2024-10-11T03:37:34.928+0000] {logging_mixin.py:190} INFO - [2024-10-11T03:37:34.927+0000] {dag.py:3239} INFO - Sync 1 DAGs
[2024-10-11T03:37:34.972+0000] {logging_mixin.py:190} INFO - [2024-10-11T03:37:34.972+0000] {dag.py:4180} INFO - Setting next_dagrun for latest_only_with_trigger to 2024-10-10 20:00:00+00:00, run_after=2024-10-11 00:00:00+00:00
[2024-10-11T03:37:34.998+0000] {processor.py:208} INFO - Processing /home/airflow/.local/lib/python3.12/site-packages/airflow/example_dags/example_latest_only_with_trigger.py took 0.134 seconds
[2024-10-11T03:38:05.076+0000] {processor.py:186} INFO - Started process (PID=770) to work on /home/airflow/.local/lib/python3.12/site-packages/airflow/example_dags/example_latest_only_with_trigger.py
[2024-10-11T03:38:05.077+0000] {processor.py:914} INFO - Processing file /home/airflow/.local/lib/python3.12/site-packages/airflow/example_dags/example_latest_only_with_trigger.py for tasks to queue
[2024-10-11T03:38:05.080+0000] {logging_mixin.py:190} INFO - [2024-10-11T03:38:05.080+0000] {dagbag.py:588} INFO - Filling up the DagBag from /home/airflow/.local/lib/python3.12/site-packages/airflow/example_dags/example_latest_only_with_trigger.py
[2024-10-11T03:38:05.089+0000] {processor.py:925} INFO - DAG(s) 'latest_only_with_trigger' retrieved from /home/airflow/.local/lib/python3.12/site-packages/airflow/example_dags/example_latest_only_with_trigger.py
[2024-10-11T03:38:05.118+0000] {logging_mixin.py:190} INFO - [2024-10-11T03:38:05.118+0000] {dag.py:3239} INFO - Sync 1 DAGs
[2024-10-11T03:38:05.148+0000] {logging_mixin.py:190} INFO - [2024-10-11T03:38:05.148+0000] {dag.py:4180} INFO - Setting next_dagrun for latest_only_with_trigger to 2024-10-10 20:00:00+00:00, run_after=2024-10-11 00:00:00+00:00
[2024-10-11T03:38:05.166+0000] {processor.py:208} INFO - Processing /home/airflow/.local/lib/python3.12/site-packages/airflow/example_dags/example_latest_only_with_trigger.py took 0.097 seconds
[2024-10-11T03:38:35.938+0000] {processor.py:186} INFO - Started process (PID=836) to work on /home/airflow/.local/lib/python3.12/site-packages/airflow/example_dags/example_latest_only_with_trigger.py
[2024-10-11T03:38:35.940+0000] {processor.py:914} INFO - Processing file /home/airflow/.local/lib/python3.12/site-packages/airflow/example_dags/example_latest_only_with_trigger.py for tasks to queue
[2024-10-11T03:38:35.945+0000] {logging_mixin.py:190} INFO - [2024-10-11T03:38:35.944+0000] {dagbag.py:588} INFO - Filling up the DagBag from /home/airflow/.local/lib/python3.12/site-packages/airflow/example_dags/example_latest_only_with_trigger.py
[2024-10-11T03:38:35.954+0000] {processor.py:925} INFO - DAG(s) 'latest_only_with_trigger' retrieved from /home/airflow/.local/lib/python3.12/site-packages/airflow/example_dags/example_latest_only_with_trigger.py
[2024-10-11T03:38:35.982+0000] {logging_mixin.py:190} INFO - [2024-10-11T03:38:35.982+0000] {dag.py:3239} INFO - Sync 1 DAGs
[2024-10-11T03:38:36.012+0000] {logging_mixin.py:190} INFO - [2024-10-11T03:38:36.012+0000] {dag.py:4180} INFO - Setting next_dagrun for latest_only_with_trigger to 2024-10-10 20:00:00+00:00, run_after=2024-10-11 00:00:00+00:00
[2024-10-11T03:38:36.032+0000] {processor.py:208} INFO - Processing /home/airflow/.local/lib/python3.12/site-packages/airflow/example_dags/example_latest_only_with_trigger.py took 0.107 seconds
[2024-10-11T03:39:06.642+0000] {processor.py:186} INFO - Started process (PID=902) to work on /home/airflow/.local/lib/python3.12/site-packages/airflow/example_dags/example_latest_only_with_trigger.py
[2024-10-11T03:39:06.643+0000] {processor.py:914} INFO - Processing file /home/airflow/.local/lib/python3.12/site-packages/airflow/example_dags/example_latest_only_with_trigger.py for tasks to queue
[2024-10-11T03:39:06.647+0000] {logging_mixin.py:190} INFO - [2024-10-11T03:39:06.646+0000] {dagbag.py:588} INFO - Filling up the DagBag from /home/airflow/.local/lib/python3.12/site-packages/airflow/example_dags/example_latest_only_with_trigger.py
[2024-10-11T03:39:06.656+0000] {processor.py:925} INFO - DAG(s) 'latest_only_with_trigger' retrieved from /home/airflow/.local/lib/python3.12/site-packages/airflow/example_dags/example_latest_only_with_trigger.py
[2024-10-11T03:39:06.683+0000] {logging_mixin.py:190} INFO - [2024-10-11T03:39:06.682+0000] {dag.py:3239} INFO - Sync 1 DAGs
[2024-10-11T03:39:06.748+0000] {logging_mixin.py:190} INFO - [2024-10-11T03:39:06.745+0000] {dag.py:4180} INFO - Setting next_dagrun for latest_only_with_trigger to 2024-10-10 20:00:00+00:00, run_after=2024-10-11 00:00:00+00:00
[2024-10-11T03:39:06.820+0000] {processor.py:208} INFO - Processing /home/airflow/.local/lib/python3.12/site-packages/airflow/example_dags/example_latest_only_with_trigger.py took 0.185 seconds
[2024-10-11T03:39:37.472+0000] {processor.py:186} INFO - Started process (PID=968) to work on /home/airflow/.local/lib/python3.12/site-packages/airflow/example_dags/example_latest_only_with_trigger.py
[2024-10-11T03:39:37.473+0000] {processor.py:914} INFO - Processing file /home/airflow/.local/lib/python3.12/site-packages/airflow/example_dags/example_latest_only_with_trigger.py for tasks to queue
[2024-10-11T03:39:37.479+0000] {logging_mixin.py:190} INFO - [2024-10-11T03:39:37.478+0000] {dagbag.py:588} INFO - Filling up the DagBag from /home/airflow/.local/lib/python3.12/site-packages/airflow/example_dags/example_latest_only_with_trigger.py
[2024-10-11T03:39:37.492+0000] {processor.py:925} INFO - DAG(s) 'latest_only_with_trigger' retrieved from /home/airflow/.local/lib/python3.12/site-packages/airflow/example_dags/example_latest_only_with_trigger.py
[2024-10-11T03:39:37.544+0000] {logging_mixin.py:190} INFO - [2024-10-11T03:39:37.544+0000] {dag.py:3239} INFO - Sync 1 DAGs
[2024-10-11T03:39:37.584+0000] {logging_mixin.py:190} INFO - [2024-10-11T03:39:37.584+0000] {dag.py:4180} INFO - Setting next_dagrun for latest_only_with_trigger to 2024-10-10 20:00:00+00:00, run_after=2024-10-11 00:00:00+00:00
[2024-10-11T03:39:37.618+0000] {processor.py:208} INFO - Processing /home/airflow/.local/lib/python3.12/site-packages/airflow/example_dags/example_latest_only_with_trigger.py took 0.162 seconds
[2024-10-11T03:40:08.677+0000] {processor.py:186} INFO - Started process (PID=1034) to work on /home/airflow/.local/lib/python3.12/site-packages/airflow/example_dags/example_latest_only_with_trigger.py
[2024-10-11T03:40:08.679+0000] {processor.py:914} INFO - Processing file /home/airflow/.local/lib/python3.12/site-packages/airflow/example_dags/example_latest_only_with_trigger.py for tasks to queue
[2024-10-11T03:40:08.681+0000] {logging_mixin.py:190} INFO - [2024-10-11T03:40:08.681+0000] {dagbag.py:588} INFO - Filling up the DagBag from /home/airflow/.local/lib/python3.12/site-packages/airflow/example_dags/example_latest_only_with_trigger.py
[2024-10-11T03:40:08.690+0000] {processor.py:925} INFO - DAG(s) 'latest_only_with_trigger' retrieved from /home/airflow/.local/lib/python3.12/site-packages/airflow/example_dags/example_latest_only_with_trigger.py
[2024-10-11T03:40:08.713+0000] {logging_mixin.py:190} INFO - [2024-10-11T03:40:08.713+0000] {dag.py:3239} INFO - Sync 1 DAGs
[2024-10-11T03:40:08.741+0000] {logging_mixin.py:190} INFO - [2024-10-11T03:40:08.741+0000] {dag.py:4180} INFO - Setting next_dagrun for latest_only_with_trigger to 2024-10-10 20:00:00+00:00, run_after=2024-10-11 00:00:00+00:00
[2024-10-11T03:40:08.767+0000] {processor.py:208} INFO - Processing /home/airflow/.local/lib/python3.12/site-packages/airflow/example_dags/example_latest_only_with_trigger.py took 0.096 seconds
[2024-10-11T03:40:39.616+0000] {processor.py:186} INFO - Started process (PID=1100) to work on /home/airflow/.local/lib/python3.12/site-packages/airflow/example_dags/example_latest_only_with_trigger.py
[2024-10-11T03:40:39.617+0000] {processor.py:914} INFO - Processing file /home/airflow/.local/lib/python3.12/site-packages/airflow/example_dags/example_latest_only_with_trigger.py for tasks to queue
[2024-10-11T03:40:39.620+0000] {logging_mixin.py:190} INFO - [2024-10-11T03:40:39.619+0000] {dagbag.py:588} INFO - Filling up the DagBag from /home/airflow/.local/lib/python3.12/site-packages/airflow/example_dags/example_latest_only_with_trigger.py
[2024-10-11T03:40:39.628+0000] {processor.py:925} INFO - DAG(s) 'latest_only_with_trigger' retrieved from /home/airflow/.local/lib/python3.12/site-packages/airflow/example_dags/example_latest_only_with_trigger.py
[2024-10-11T03:40:39.651+0000] {logging_mixin.py:190} INFO - [2024-10-11T03:40:39.651+0000] {dag.py:3239} INFO - Sync 1 DAGs
[2024-10-11T03:40:39.681+0000] {logging_mixin.py:190} INFO - [2024-10-11T03:40:39.681+0000] {dag.py:4180} INFO - Setting next_dagrun for latest_only_with_trigger to 2024-10-10 20:00:00+00:00, run_after=2024-10-11 00:00:00+00:00
[2024-10-11T03:40:39.703+0000] {processor.py:208} INFO - Processing /home/airflow/.local/lib/python3.12/site-packages/airflow/example_dags/example_latest_only_with_trigger.py took 0.094 seconds
[2024-10-11T03:41:10.548+0000] {processor.py:186} INFO - Started process (PID=1166) to work on /home/airflow/.local/lib/python3.12/site-packages/airflow/example_dags/example_latest_only_with_trigger.py
[2024-10-11T03:41:10.552+0000] {processor.py:914} INFO - Processing file /home/airflow/.local/lib/python3.12/site-packages/airflow/example_dags/example_latest_only_with_trigger.py for tasks to queue
[2024-10-11T03:41:10.555+0000] {logging_mixin.py:190} INFO - [2024-10-11T03:41:10.554+0000] {dagbag.py:588} INFO - Filling up the DagBag from /home/airflow/.local/lib/python3.12/site-packages/airflow/example_dags/example_latest_only_with_trigger.py
[2024-10-11T03:41:10.570+0000] {processor.py:925} INFO - DAG(s) 'latest_only_with_trigger' retrieved from /home/airflow/.local/lib/python3.12/site-packages/airflow/example_dags/example_latest_only_with_trigger.py
[2024-10-11T03:41:10.594+0000] {logging_mixin.py:190} INFO - [2024-10-11T03:41:10.594+0000] {dag.py:3239} INFO - Sync 1 DAGs
[2024-10-11T03:41:10.626+0000] {logging_mixin.py:190} INFO - [2024-10-11T03:41:10.626+0000] {dag.py:4180} INFO - Setting next_dagrun for latest_only_with_trigger to 2024-10-10 20:00:00+00:00, run_after=2024-10-11 00:00:00+00:00
[2024-10-11T03:41:10.650+0000] {processor.py:208} INFO - Processing /home/airflow/.local/lib/python3.12/site-packages/airflow/example_dags/example_latest_only_with_trigger.py took 0.115 seconds
[2024-10-11T03:41:41.484+0000] {processor.py:186} INFO - Started process (PID=1232) to work on /home/airflow/.local/lib/python3.12/site-packages/airflow/example_dags/example_latest_only_with_trigger.py
[2024-10-11T03:41:41.485+0000] {processor.py:914} INFO - Processing file /home/airflow/.local/lib/python3.12/site-packages/airflow/example_dags/example_latest_only_with_trigger.py for tasks to queue
[2024-10-11T03:41:41.488+0000] {logging_mixin.py:190} INFO - [2024-10-11T03:41:41.487+0000] {dagbag.py:588} INFO - Filling up the DagBag from /home/airflow/.local/lib/python3.12/site-packages/airflow/example_dags/example_latest_only_with_trigger.py
[2024-10-11T03:41:41.500+0000] {processor.py:925} INFO - DAG(s) 'latest_only_with_trigger' retrieved from /home/airflow/.local/lib/python3.12/site-packages/airflow/example_dags/example_latest_only_with_trigger.py
[2024-10-11T03:41:41.529+0000] {logging_mixin.py:190} INFO - [2024-10-11T03:41:41.529+0000] {dag.py:3239} INFO - Sync 1 DAGs
[2024-10-11T03:41:41.566+0000] {logging_mixin.py:190} INFO - [2024-10-11T03:41:41.566+0000] {dag.py:4180} INFO - Setting next_dagrun for latest_only_with_trigger to 2024-10-10 20:00:00+00:00, run_after=2024-10-11 00:00:00+00:00
[2024-10-11T03:41:41.591+0000] {processor.py:208} INFO - Processing /home/airflow/.local/lib/python3.12/site-packages/airflow/example_dags/example_latest_only_with_trigger.py took 0.115 seconds
[2024-10-11T03:42:11.774+0000] {processor.py:186} INFO - Started process (PID=1298) to work on /home/airflow/.local/lib/python3.12/site-packages/airflow/example_dags/example_latest_only_with_trigger.py
[2024-10-11T03:42:11.776+0000] {processor.py:914} INFO - Processing file /home/airflow/.local/lib/python3.12/site-packages/airflow/example_dags/example_latest_only_with_trigger.py for tasks to queue
[2024-10-11T03:42:11.778+0000] {logging_mixin.py:190} INFO - [2024-10-11T03:42:11.778+0000] {dagbag.py:588} INFO - Filling up the DagBag from /home/airflow/.local/lib/python3.12/site-packages/airflow/example_dags/example_latest_only_with_trigger.py
[2024-10-11T03:42:11.788+0000] {processor.py:925} INFO - DAG(s) 'latest_only_with_trigger' retrieved from /home/airflow/.local/lib/python3.12/site-packages/airflow/example_dags/example_latest_only_with_trigger.py
[2024-10-11T03:42:11.814+0000] {logging_mixin.py:190} INFO - [2024-10-11T03:42:11.814+0000] {dag.py:3239} INFO - Sync 1 DAGs
[2024-10-11T03:42:11.853+0000] {logging_mixin.py:190} INFO - [2024-10-11T03:42:11.853+0000] {dag.py:4180} INFO - Setting next_dagrun for latest_only_with_trigger to 2024-10-10 20:00:00+00:00, run_after=2024-10-11 00:00:00+00:00
[2024-10-11T03:42:11.877+0000] {processor.py:208} INFO - Processing /home/airflow/.local/lib/python3.12/site-packages/airflow/example_dags/example_latest_only_with_trigger.py took 0.110 seconds
[2024-10-11T03:42:42.593+0000] {processor.py:186} INFO - Started process (PID=1364) to work on /home/airflow/.local/lib/python3.12/site-packages/airflow/example_dags/example_latest_only_with_trigger.py
[2024-10-11T03:42:42.594+0000] {processor.py:914} INFO - Processing file /home/airflow/.local/lib/python3.12/site-packages/airflow/example_dags/example_latest_only_with_trigger.py for tasks to queue
[2024-10-11T03:42:42.598+0000] {logging_mixin.py:190} INFO - [2024-10-11T03:42:42.597+0000] {dagbag.py:588} INFO - Filling up the DagBag from /home/airflow/.local/lib/python3.12/site-packages/airflow/example_dags/example_latest_only_with_trigger.py
[2024-10-11T03:42:42.612+0000] {processor.py:925} INFO - DAG(s) 'latest_only_with_trigger' retrieved from /home/airflow/.local/lib/python3.12/site-packages/airflow/example_dags/example_latest_only_with_trigger.py
[2024-10-11T03:42:42.638+0000] {logging_mixin.py:190} INFO - [2024-10-11T03:42:42.637+0000] {dag.py:3239} INFO - Sync 1 DAGs
[2024-10-11T03:42:42.666+0000] {logging_mixin.py:190} INFO - [2024-10-11T03:42:42.666+0000] {dag.py:4180} INFO - Setting next_dagrun for latest_only_with_trigger to 2024-10-10 20:00:00+00:00, run_after=2024-10-11 00:00:00+00:00
[2024-10-11T03:42:42.686+0000] {processor.py:208} INFO - Processing /home/airflow/.local/lib/python3.12/site-packages/airflow/example_dags/example_latest_only_with_trigger.py took 0.100 seconds
[2024-10-11T03:43:13.538+0000] {processor.py:186} INFO - Started process (PID=1432) to work on /home/airflow/.local/lib/python3.12/site-packages/airflow/example_dags/example_latest_only_with_trigger.py
[2024-10-11T03:43:13.539+0000] {processor.py:914} INFO - Processing file /home/airflow/.local/lib/python3.12/site-packages/airflow/example_dags/example_latest_only_with_trigger.py for tasks to queue
[2024-10-11T03:43:13.543+0000] {logging_mixin.py:190} INFO - [2024-10-11T03:43:13.542+0000] {dagbag.py:588} INFO - Filling up the DagBag from /home/airflow/.local/lib/python3.12/site-packages/airflow/example_dags/example_latest_only_with_trigger.py
[2024-10-11T03:43:13.555+0000] {processor.py:925} INFO - DAG(s) 'latest_only_with_trigger' retrieved from /home/airflow/.local/lib/python3.12/site-packages/airflow/example_dags/example_latest_only_with_trigger.py
[2024-10-11T03:43:13.583+0000] {logging_mixin.py:190} INFO - [2024-10-11T03:43:13.583+0000] {dag.py:3239} INFO - Sync 1 DAGs
[2024-10-11T03:43:13.612+0000] {logging_mixin.py:190} INFO - [2024-10-11T03:43:13.611+0000] {dag.py:4180} INFO - Setting next_dagrun for latest_only_with_trigger to 2024-10-10 20:00:00+00:00, run_after=2024-10-11 00:00:00+00:00
[2024-10-11T03:43:13.630+0000] {processor.py:208} INFO - Processing /home/airflow/.local/lib/python3.12/site-packages/airflow/example_dags/example_latest_only_with_trigger.py took 0.098 seconds
[2024-10-11T03:43:44.291+0000] {processor.py:186} INFO - Started process (PID=1499) to work on /home/airflow/.local/lib/python3.12/site-packages/airflow/example_dags/example_latest_only_with_trigger.py
[2024-10-11T03:43:44.294+0000] {processor.py:914} INFO - Processing file /home/airflow/.local/lib/python3.12/site-packages/airflow/example_dags/example_latest_only_with_trigger.py for tasks to queue
[2024-10-11T03:43:44.297+0000] {logging_mixin.py:190} INFO - [2024-10-11T03:43:44.297+0000] {dagbag.py:588} INFO - Filling up the DagBag from /home/airflow/.local/lib/python3.12/site-packages/airflow/example_dags/example_latest_only_with_trigger.py
[2024-10-11T03:43:44.309+0000] {processor.py:925} INFO - DAG(s) 'latest_only_with_trigger' retrieved from /home/airflow/.local/lib/python3.12/site-packages/airflow/example_dags/example_latest_only_with_trigger.py
[2024-10-11T03:43:44.340+0000] {logging_mixin.py:190} INFO - [2024-10-11T03:43:44.340+0000] {dag.py:3239} INFO - Sync 1 DAGs
[2024-10-11T03:43:44.370+0000] {logging_mixin.py:190} INFO - [2024-10-11T03:43:44.369+0000] {dag.py:4180} INFO - Setting next_dagrun for latest_only_with_trigger to 2024-10-10 20:00:00+00:00, run_after=2024-10-11 00:00:00+00:00
[2024-10-11T03:43:44.390+0000] {processor.py:208} INFO - Processing /home/airflow/.local/lib/python3.12/site-packages/airflow/example_dags/example_latest_only_with_trigger.py took 0.108 seconds
[2024-10-11T03:44:14.876+0000] {processor.py:186} INFO - Started process (PID=1566) to work on /home/airflow/.local/lib/python3.12/site-packages/airflow/example_dags/example_latest_only_with_trigger.py
[2024-10-11T03:44:14.877+0000] {processor.py:914} INFO - Processing file /home/airflow/.local/lib/python3.12/site-packages/airflow/example_dags/example_latest_only_with_trigger.py for tasks to queue
[2024-10-11T03:44:14.880+0000] {logging_mixin.py:190} INFO - [2024-10-11T03:44:14.880+0000] {dagbag.py:588} INFO - Filling up the DagBag from /home/airflow/.local/lib/python3.12/site-packages/airflow/example_dags/example_latest_only_with_trigger.py
[2024-10-11T03:44:14.891+0000] {processor.py:925} INFO - DAG(s) 'latest_only_with_trigger' retrieved from /home/airflow/.local/lib/python3.12/site-packages/airflow/example_dags/example_latest_only_with_trigger.py
[2024-10-11T03:44:14.917+0000] {logging_mixin.py:190} INFO - [2024-10-11T03:44:14.916+0000] {dag.py:3239} INFO - Sync 1 DAGs
[2024-10-11T03:44:14.947+0000] {logging_mixin.py:190} INFO - [2024-10-11T03:44:14.947+0000] {dag.py:4180} INFO - Setting next_dagrun for latest_only_with_trigger to 2024-10-10 20:00:00+00:00, run_after=2024-10-11 00:00:00+00:00
[2024-10-11T03:44:14.967+0000] {processor.py:208} INFO - Processing /home/airflow/.local/lib/python3.12/site-packages/airflow/example_dags/example_latest_only_with_trigger.py took 0.099 seconds
[2024-10-11T03:44:45.659+0000] {processor.py:186} INFO - Started process (PID=1633) to work on /home/airflow/.local/lib/python3.12/site-packages/airflow/example_dags/example_latest_only_with_trigger.py
[2024-10-11T03:44:45.660+0000] {processor.py:914} INFO - Processing file /home/airflow/.local/lib/python3.12/site-packages/airflow/example_dags/example_latest_only_with_trigger.py for tasks to queue
[2024-10-11T03:44:45.663+0000] {logging_mixin.py:190} INFO - [2024-10-11T03:44:45.663+0000] {dagbag.py:588} INFO - Filling up the DagBag from /home/airflow/.local/lib/python3.12/site-packages/airflow/example_dags/example_latest_only_with_trigger.py
[2024-10-11T03:44:45.673+0000] {processor.py:925} INFO - DAG(s) 'latest_only_with_trigger' retrieved from /home/airflow/.local/lib/python3.12/site-packages/airflow/example_dags/example_latest_only_with_trigger.py
[2024-10-11T03:44:45.701+0000] {logging_mixin.py:190} INFO - [2024-10-11T03:44:45.701+0000] {dag.py:3239} INFO - Sync 1 DAGs
[2024-10-11T03:44:45.735+0000] {logging_mixin.py:190} INFO - [2024-10-11T03:44:45.735+0000] {dag.py:4180} INFO - Setting next_dagrun for latest_only_with_trigger to 2024-10-10 20:00:00+00:00, run_after=2024-10-11 00:00:00+00:00
[2024-10-11T03:44:45.761+0000] {processor.py:208} INFO - Processing /home/airflow/.local/lib/python3.12/site-packages/airflow/example_dags/example_latest_only_with_trigger.py took 0.111 seconds
[2024-10-11T03:45:16.215+0000] {processor.py:186} INFO - Started process (PID=1701) to work on /home/airflow/.local/lib/python3.12/site-packages/airflow/example_dags/example_latest_only_with_trigger.py
[2024-10-11T03:45:16.216+0000] {processor.py:914} INFO - Processing file /home/airflow/.local/lib/python3.12/site-packages/airflow/example_dags/example_latest_only_with_trigger.py for tasks to queue
[2024-10-11T03:45:16.222+0000] {logging_mixin.py:190} INFO - [2024-10-11T03:45:16.222+0000] {dagbag.py:588} INFO - Filling up the DagBag from /home/airflow/.local/lib/python3.12/site-packages/airflow/example_dags/example_latest_only_with_trigger.py
[2024-10-11T03:45:16.232+0000] {processor.py:925} INFO - DAG(s) 'latest_only_with_trigger' retrieved from /home/airflow/.local/lib/python3.12/site-packages/airflow/example_dags/example_latest_only_with_trigger.py
[2024-10-11T03:45:16.258+0000] {logging_mixin.py:190} INFO - [2024-10-11T03:45:16.258+0000] {dag.py:3239} INFO - Sync 1 DAGs
[2024-10-11T03:45:16.289+0000] {logging_mixin.py:190} INFO - [2024-10-11T03:45:16.289+0000] {dag.py:4180} INFO - Setting next_dagrun for latest_only_with_trigger to 2024-10-10 20:00:00+00:00, run_after=2024-10-11 00:00:00+00:00
[2024-10-11T03:45:16.309+0000] {processor.py:208} INFO - Processing /home/airflow/.local/lib/python3.12/site-packages/airflow/example_dags/example_latest_only_with_trigger.py took 0.102 seconds
[2024-10-11T03:45:47.176+0000] {processor.py:186} INFO - Started process (PID=1768) to work on /home/airflow/.local/lib/python3.12/site-packages/airflow/example_dags/example_latest_only_with_trigger.py
[2024-10-11T03:45:47.177+0000] {processor.py:914} INFO - Processing file /home/airflow/.local/lib/python3.12/site-packages/airflow/example_dags/example_latest_only_with_trigger.py for tasks to queue
[2024-10-11T03:45:47.179+0000] {logging_mixin.py:190} INFO - [2024-10-11T03:45:47.179+0000] {dagbag.py:588} INFO - Filling up the DagBag from /home/airflow/.local/lib/python3.12/site-packages/airflow/example_dags/example_latest_only_with_trigger.py
[2024-10-11T03:45:47.188+0000] {processor.py:925} INFO - DAG(s) 'latest_only_with_trigger' retrieved from /home/airflow/.local/lib/python3.12/site-packages/airflow/example_dags/example_latest_only_with_trigger.py
[2024-10-11T03:45:47.212+0000] {logging_mixin.py:190} INFO - [2024-10-11T03:45:47.212+0000] {dag.py:3239} INFO - Sync 1 DAGs
[2024-10-11T03:45:47.239+0000] {logging_mixin.py:190} INFO - [2024-10-11T03:45:47.239+0000] {dag.py:4180} INFO - Setting next_dagrun for latest_only_with_trigger to 2024-10-10 20:00:00+00:00, run_after=2024-10-11 00:00:00+00:00
[2024-10-11T03:45:47.259+0000] {processor.py:208} INFO - Processing /home/airflow/.local/lib/python3.12/site-packages/airflow/example_dags/example_latest_only_with_trigger.py took 0.090 seconds
[2024-10-11T03:46:17.370+0000] {processor.py:186} INFO - Started process (PID=1835) to work on /home/airflow/.local/lib/python3.12/site-packages/airflow/example_dags/example_latest_only_with_trigger.py
[2024-10-11T03:46:17.372+0000] {processor.py:914} INFO - Processing file /home/airflow/.local/lib/python3.12/site-packages/airflow/example_dags/example_latest_only_with_trigger.py for tasks to queue
[2024-10-11T03:46:17.377+0000] {logging_mixin.py:190} INFO - [2024-10-11T03:46:17.376+0000] {dagbag.py:588} INFO - Filling up the DagBag from /home/airflow/.local/lib/python3.12/site-packages/airflow/example_dags/example_latest_only_with_trigger.py
[2024-10-11T03:46:17.387+0000] {processor.py:925} INFO - DAG(s) 'latest_only_with_trigger' retrieved from /home/airflow/.local/lib/python3.12/site-packages/airflow/example_dags/example_latest_only_with_trigger.py
[2024-10-11T03:46:17.436+0000] {logging_mixin.py:190} INFO - [2024-10-11T03:46:17.435+0000] {dag.py:3239} INFO - Sync 1 DAGs
[2024-10-11T03:46:17.479+0000] {logging_mixin.py:190} INFO - [2024-10-11T03:46:17.479+0000] {dag.py:4180} INFO - Setting next_dagrun for latest_only_with_trigger to 2024-10-10 20:00:00+00:00, run_after=2024-10-11 00:00:00+00:00
[2024-10-11T03:46:17.503+0000] {processor.py:208} INFO - Processing /home/airflow/.local/lib/python3.12/site-packages/airflow/example_dags/example_latest_only_with_trigger.py took 0.140 seconds
[2024-10-11T03:46:48.492+0000] {processor.py:186} INFO - Started process (PID=1901) to work on /home/airflow/.local/lib/python3.12/site-packages/airflow/example_dags/example_latest_only_with_trigger.py
[2024-10-11T03:46:48.494+0000] {processor.py:914} INFO - Processing file /home/airflow/.local/lib/python3.12/site-packages/airflow/example_dags/example_latest_only_with_trigger.py for tasks to queue
[2024-10-11T03:46:48.498+0000] {logging_mixin.py:190} INFO - [2024-10-11T03:46:48.498+0000] {dagbag.py:588} INFO - Filling up the DagBag from /home/airflow/.local/lib/python3.12/site-packages/airflow/example_dags/example_latest_only_with_trigger.py
[2024-10-11T03:46:48.508+0000] {processor.py:925} INFO - DAG(s) 'latest_only_with_trigger' retrieved from /home/airflow/.local/lib/python3.12/site-packages/airflow/example_dags/example_latest_only_with_trigger.py
[2024-10-11T03:46:48.537+0000] {logging_mixin.py:190} INFO - [2024-10-11T03:46:48.537+0000] {dag.py:3239} INFO - Sync 1 DAGs
[2024-10-11T03:46:48.577+0000] {logging_mixin.py:190} INFO - [2024-10-11T03:46:48.576+0000] {dag.py:4180} INFO - Setting next_dagrun for latest_only_with_trigger to 2024-10-10 20:00:00+00:00, run_after=2024-10-11 00:00:00+00:00
[2024-10-11T03:46:48.601+0000] {processor.py:208} INFO - Processing /home/airflow/.local/lib/python3.12/site-packages/airflow/example_dags/example_latest_only_with_trigger.py took 0.116 seconds
[2024-10-11T03:47:19.360+0000] {processor.py:186} INFO - Started process (PID=1968) to work on /home/airflow/.local/lib/python3.12/site-packages/airflow/example_dags/example_latest_only_with_trigger.py
[2024-10-11T03:47:19.362+0000] {processor.py:914} INFO - Processing file /home/airflow/.local/lib/python3.12/site-packages/airflow/example_dags/example_latest_only_with_trigger.py for tasks to queue
[2024-10-11T03:47:19.365+0000] {logging_mixin.py:190} INFO - [2024-10-11T03:47:19.365+0000] {dagbag.py:588} INFO - Filling up the DagBag from /home/airflow/.local/lib/python3.12/site-packages/airflow/example_dags/example_latest_only_with_trigger.py
[2024-10-11T03:47:19.376+0000] {processor.py:925} INFO - DAG(s) 'latest_only_with_trigger' retrieved from /home/airflow/.local/lib/python3.12/site-packages/airflow/example_dags/example_latest_only_with_trigger.py
[2024-10-11T03:47:19.415+0000] {logging_mixin.py:190} INFO - [2024-10-11T03:47:19.414+0000] {dag.py:3239} INFO - Sync 1 DAGs
[2024-10-11T03:47:19.455+0000] {logging_mixin.py:190} INFO - [2024-10-11T03:47:19.455+0000] {dag.py:4180} INFO - Setting next_dagrun for latest_only_with_trigger to 2024-10-10 20:00:00+00:00, run_after=2024-10-11 00:00:00+00:00
[2024-10-11T03:47:19.486+0000] {processor.py:208} INFO - Processing /home/airflow/.local/lib/python3.12/site-packages/airflow/example_dags/example_latest_only_with_trigger.py took 0.135 seconds
[2024-10-11T03:47:50.081+0000] {processor.py:186} INFO - Started process (PID=2035) to work on /home/airflow/.local/lib/python3.12/site-packages/airflow/example_dags/example_latest_only_with_trigger.py
[2024-10-11T03:47:50.083+0000] {processor.py:914} INFO - Processing file /home/airflow/.local/lib/python3.12/site-packages/airflow/example_dags/example_latest_only_with_trigger.py for tasks to queue
[2024-10-11T03:47:50.088+0000] {logging_mixin.py:190} INFO - [2024-10-11T03:47:50.087+0000] {dagbag.py:588} INFO - Filling up the DagBag from /home/airflow/.local/lib/python3.12/site-packages/airflow/example_dags/example_latest_only_with_trigger.py
[2024-10-11T03:47:50.104+0000] {processor.py:925} INFO - DAG(s) 'latest_only_with_trigger' retrieved from /home/airflow/.local/lib/python3.12/site-packages/airflow/example_dags/example_latest_only_with_trigger.py
[2024-10-11T03:47:50.148+0000] {logging_mixin.py:190} INFO - [2024-10-11T03:47:50.148+0000] {dag.py:3239} INFO - Sync 1 DAGs
[2024-10-11T03:47:50.190+0000] {logging_mixin.py:190} INFO - [2024-10-11T03:47:50.189+0000] {dag.py:4180} INFO - Setting next_dagrun for latest_only_with_trigger to 2024-10-10 20:00:00+00:00, run_after=2024-10-11 00:00:00+00:00
[2024-10-11T03:47:50.219+0000] {processor.py:208} INFO - Processing /home/airflow/.local/lib/python3.12/site-packages/airflow/example_dags/example_latest_only_with_trigger.py took 0.147 seconds
[2024-10-11T03:48:21.164+0000] {processor.py:186} INFO - Started process (PID=2102) to work on /home/airflow/.local/lib/python3.12/site-packages/airflow/example_dags/example_latest_only_with_trigger.py
[2024-10-11T03:48:21.165+0000] {processor.py:914} INFO - Processing file /home/airflow/.local/lib/python3.12/site-packages/airflow/example_dags/example_latest_only_with_trigger.py for tasks to queue
[2024-10-11T03:48:21.172+0000] {logging_mixin.py:190} INFO - [2024-10-11T03:48:21.171+0000] {dagbag.py:588} INFO - Filling up the DagBag from /home/airflow/.local/lib/python3.12/site-packages/airflow/example_dags/example_latest_only_with_trigger.py
[2024-10-11T03:48:21.200+0000] {processor.py:925} INFO - DAG(s) 'latest_only_with_trigger' retrieved from /home/airflow/.local/lib/python3.12/site-packages/airflow/example_dags/example_latest_only_with_trigger.py
[2024-10-11T03:48:21.259+0000] {logging_mixin.py:190} INFO - [2024-10-11T03:48:21.256+0000] {dag.py:3239} INFO - Sync 1 DAGs
[2024-10-11T03:48:21.306+0000] {logging_mixin.py:190} INFO - [2024-10-11T03:48:21.305+0000] {dag.py:4180} INFO - Setting next_dagrun for latest_only_with_trigger to 2024-10-10 20:00:00+00:00, run_after=2024-10-11 00:00:00+00:00
[2024-10-11T03:48:21.345+0000] {processor.py:208} INFO - Processing /home/airflow/.local/lib/python3.12/site-packages/airflow/example_dags/example_latest_only_with_trigger.py took 0.198 seconds
[2024-10-11T03:48:52.035+0000] {processor.py:186} INFO - Started process (PID=2169) to work on /home/airflow/.local/lib/python3.12/site-packages/airflow/example_dags/example_latest_only_with_trigger.py
[2024-10-11T03:48:52.037+0000] {processor.py:914} INFO - Processing file /home/airflow/.local/lib/python3.12/site-packages/airflow/example_dags/example_latest_only_with_trigger.py for tasks to queue
[2024-10-11T03:48:52.041+0000] {logging_mixin.py:190} INFO - [2024-10-11T03:48:52.041+0000] {dagbag.py:588} INFO - Filling up the DagBag from /home/airflow/.local/lib/python3.12/site-packages/airflow/example_dags/example_latest_only_with_trigger.py
[2024-10-11T03:48:52.055+0000] {processor.py:925} INFO - DAG(s) 'latest_only_with_trigger' retrieved from /home/airflow/.local/lib/python3.12/site-packages/airflow/example_dags/example_latest_only_with_trigger.py
[2024-10-11T03:48:52.098+0000] {logging_mixin.py:190} INFO - [2024-10-11T03:48:52.098+0000] {dag.py:3239} INFO - Sync 1 DAGs
[2024-10-11T03:48:52.135+0000] {logging_mixin.py:190} INFO - [2024-10-11T03:48:52.135+0000] {dag.py:4180} INFO - Setting next_dagrun for latest_only_with_trigger to 2024-10-10 20:00:00+00:00, run_after=2024-10-11 00:00:00+00:00
[2024-10-11T03:48:52.156+0000] {processor.py:208} INFO - Processing /home/airflow/.local/lib/python3.12/site-packages/airflow/example_dags/example_latest_only_with_trigger.py took 0.131 seconds
[2024-10-11T03:49:23.163+0000] {processor.py:186} INFO - Started process (PID=2235) to work on /home/airflow/.local/lib/python3.12/site-packages/airflow/example_dags/example_latest_only_with_trigger.py
[2024-10-11T03:49:23.164+0000] {processor.py:914} INFO - Processing file /home/airflow/.local/lib/python3.12/site-packages/airflow/example_dags/example_latest_only_with_trigger.py for tasks to queue
[2024-10-11T03:49:23.168+0000] {logging_mixin.py:190} INFO - [2024-10-11T03:49:23.167+0000] {dagbag.py:588} INFO - Filling up the DagBag from /home/airflow/.local/lib/python3.12/site-packages/airflow/example_dags/example_latest_only_with_trigger.py
[2024-10-11T03:49:23.179+0000] {processor.py:925} INFO - DAG(s) 'latest_only_with_trigger' retrieved from /home/airflow/.local/lib/python3.12/site-packages/airflow/example_dags/example_latest_only_with_trigger.py
[2024-10-11T03:49:23.208+0000] {logging_mixin.py:190} INFO - [2024-10-11T03:49:23.208+0000] {dag.py:3239} INFO - Sync 1 DAGs
[2024-10-11T03:49:23.247+0000] {logging_mixin.py:190} INFO - [2024-10-11T03:49:23.247+0000] {dag.py:4180} INFO - Setting next_dagrun for latest_only_with_trigger to 2024-10-10 20:00:00+00:00, run_after=2024-10-11 00:00:00+00:00
[2024-10-11T03:49:23.274+0000] {processor.py:208} INFO - Processing /home/airflow/.local/lib/python3.12/site-packages/airflow/example_dags/example_latest_only_with_trigger.py took 0.125 seconds
[2024-10-11T03:49:54.042+0000] {processor.py:186} INFO - Started process (PID=2301) to work on /home/airflow/.local/lib/python3.12/site-packages/airflow/example_dags/example_latest_only_with_trigger.py
[2024-10-11T03:49:54.046+0000] {processor.py:914} INFO - Processing file /home/airflow/.local/lib/python3.12/site-packages/airflow/example_dags/example_latest_only_with_trigger.py for tasks to queue
[2024-10-11T03:49:54.050+0000] {logging_mixin.py:190} INFO - [2024-10-11T03:49:54.050+0000] {dagbag.py:588} INFO - Filling up the DagBag from /home/airflow/.local/lib/python3.12/site-packages/airflow/example_dags/example_latest_only_with_trigger.py
[2024-10-11T03:49:54.067+0000] {processor.py:925} INFO - DAG(s) 'latest_only_with_trigger' retrieved from /home/airflow/.local/lib/python3.12/site-packages/airflow/example_dags/example_latest_only_with_trigger.py
[2024-10-11T03:49:54.125+0000] {logging_mixin.py:190} INFO - [2024-10-11T03:49:54.124+0000] {dag.py:3239} INFO - Sync 1 DAGs
[2024-10-11T03:49:54.182+0000] {logging_mixin.py:190} INFO - [2024-10-11T03:49:54.181+0000] {dag.py:4180} INFO - Setting next_dagrun for latest_only_with_trigger to 2024-10-10 20:00:00+00:00, run_after=2024-10-11 00:00:00+00:00
[2024-10-11T03:49:54.249+0000] {processor.py:208} INFO - Processing /home/airflow/.local/lib/python3.12/site-packages/airflow/example_dags/example_latest_only_with_trigger.py took 0.222 seconds
[2024-10-11T03:50:25.570+0000] {processor.py:186} INFO - Started process (PID=2368) to work on /home/airflow/.local/lib/python3.12/site-packages/airflow/example_dags/example_latest_only_with_trigger.py
[2024-10-11T03:50:25.572+0000] {processor.py:914} INFO - Processing file /home/airflow/.local/lib/python3.12/site-packages/airflow/example_dags/example_latest_only_with_trigger.py for tasks to queue
[2024-10-11T03:50:25.578+0000] {logging_mixin.py:190} INFO - [2024-10-11T03:50:25.578+0000] {dagbag.py:588} INFO - Filling up the DagBag from /home/airflow/.local/lib/python3.12/site-packages/airflow/example_dags/example_latest_only_with_trigger.py
[2024-10-11T03:50:25.601+0000] {processor.py:925} INFO - DAG(s) 'latest_only_with_trigger' retrieved from /home/airflow/.local/lib/python3.12/site-packages/airflow/example_dags/example_latest_only_with_trigger.py
[2024-10-11T03:50:25.657+0000] {logging_mixin.py:190} INFO - [2024-10-11T03:50:25.656+0000] {dag.py:3239} INFO - Sync 1 DAGs
[2024-10-11T03:50:25.699+0000] {logging_mixin.py:190} INFO - [2024-10-11T03:50:25.699+0000] {dag.py:4180} INFO - Setting next_dagrun for latest_only_with_trigger to 2024-10-10 20:00:00+00:00, run_after=2024-10-11 00:00:00+00:00
[2024-10-11T03:50:25.729+0000] {processor.py:208} INFO - Processing /home/airflow/.local/lib/python3.12/site-packages/airflow/example_dags/example_latest_only_with_trigger.py took 0.170 seconds
[2024-10-11T03:50:58.831+0000] {processor.py:186} INFO - Started process (PID=2442) to work on /home/airflow/.local/lib/python3.12/site-packages/airflow/example_dags/example_latest_only_with_trigger.py
[2024-10-11T03:50:58.832+0000] {processor.py:914} INFO - Processing file /home/airflow/.local/lib/python3.12/site-packages/airflow/example_dags/example_latest_only_with_trigger.py for tasks to queue
[2024-10-11T03:50:58.836+0000] {logging_mixin.py:190} INFO - [2024-10-11T03:50:58.836+0000] {dagbag.py:588} INFO - Filling up the DagBag from /home/airflow/.local/lib/python3.12/site-packages/airflow/example_dags/example_latest_only_with_trigger.py
[2024-10-11T03:50:58.850+0000] {processor.py:925} INFO - DAG(s) 'latest_only_with_trigger' retrieved from /home/airflow/.local/lib/python3.12/site-packages/airflow/example_dags/example_latest_only_with_trigger.py
[2024-10-11T03:50:58.894+0000] {logging_mixin.py:190} INFO - [2024-10-11T03:50:58.894+0000] {dag.py:3239} INFO - Sync 1 DAGs
[2024-10-11T03:50:59.167+0000] {logging_mixin.py:190} INFO - [2024-10-11T03:50:59.166+0000] {dag.py:4180} INFO - Setting next_dagrun for latest_only_with_trigger to 2024-10-10 20:00:00+00:00, run_after=2024-10-11 00:00:00+00:00
[2024-10-11T03:50:59.192+0000] {processor.py:208} INFO - Processing /home/airflow/.local/lib/python3.12/site-packages/airflow/example_dags/example_latest_only_with_trigger.py took 0.373 seconds
[2024-10-11T03:51:29.542+0000] {processor.py:186} INFO - Started process (PID=2509) to work on /home/airflow/.local/lib/python3.12/site-packages/airflow/example_dags/example_latest_only_with_trigger.py
[2024-10-11T03:51:29.544+0000] {processor.py:914} INFO - Processing file /home/airflow/.local/lib/python3.12/site-packages/airflow/example_dags/example_latest_only_with_trigger.py for tasks to queue
[2024-10-11T03:51:29.547+0000] {logging_mixin.py:190} INFO - [2024-10-11T03:51:29.547+0000] {dagbag.py:588} INFO - Filling up the DagBag from /home/airflow/.local/lib/python3.12/site-packages/airflow/example_dags/example_latest_only_with_trigger.py
[2024-10-11T03:51:29.560+0000] {processor.py:925} INFO - DAG(s) 'latest_only_with_trigger' retrieved from /home/airflow/.local/lib/python3.12/site-packages/airflow/example_dags/example_latest_only_with_trigger.py
[2024-10-11T03:51:29.593+0000] {logging_mixin.py:190} INFO - [2024-10-11T03:51:29.593+0000] {dag.py:3239} INFO - Sync 1 DAGs
[2024-10-11T03:51:29.636+0000] {logging_mixin.py:190} INFO - [2024-10-11T03:51:29.635+0000] {dag.py:4180} INFO - Setting next_dagrun for latest_only_with_trigger to 2024-10-10 20:00:00+00:00, run_after=2024-10-11 00:00:00+00:00
[2024-10-11T03:51:29.876+0000] {processor.py:208} INFO - Processing /home/airflow/.local/lib/python3.12/site-packages/airflow/example_dags/example_latest_only_with_trigger.py took 0.344 seconds
[2024-10-11T03:52:00.394+0000] {processor.py:186} INFO - Started process (PID=2575) to work on /home/airflow/.local/lib/python3.12/site-packages/airflow/example_dags/example_latest_only_with_trigger.py
[2024-10-11T03:52:00.395+0000] {processor.py:914} INFO - Processing file /home/airflow/.local/lib/python3.12/site-packages/airflow/example_dags/example_latest_only_with_trigger.py for tasks to queue
[2024-10-11T03:52:00.404+0000] {logging_mixin.py:190} INFO - [2024-10-11T03:52:00.404+0000] {dagbag.py:588} INFO - Filling up the DagBag from /home/airflow/.local/lib/python3.12/site-packages/airflow/example_dags/example_latest_only_with_trigger.py
[2024-10-11T03:52:00.417+0000] {processor.py:925} INFO - DAG(s) 'latest_only_with_trigger' retrieved from /home/airflow/.local/lib/python3.12/site-packages/airflow/example_dags/example_latest_only_with_trigger.py
[2024-10-11T03:52:00.448+0000] {logging_mixin.py:190} INFO - [2024-10-11T03:52:00.448+0000] {dag.py:3239} INFO - Sync 1 DAGs
[2024-10-11T03:52:00.488+0000] {logging_mixin.py:190} INFO - [2024-10-11T03:52:00.487+0000] {dag.py:4180} INFO - Setting next_dagrun for latest_only_with_trigger to 2024-10-10 20:00:00+00:00, run_after=2024-10-11 00:00:00+00:00
[2024-10-11T03:52:00.518+0000] {processor.py:208} INFO - Processing /home/airflow/.local/lib/python3.12/site-packages/airflow/example_dags/example_latest_only_with_trigger.py took 0.140 seconds
[2024-10-11T03:52:30.701+0000] {processor.py:186} INFO - Started process (PID=2640) to work on /home/airflow/.local/lib/python3.12/site-packages/airflow/example_dags/example_latest_only_with_trigger.py
[2024-10-11T03:52:30.703+0000] {processor.py:914} INFO - Processing file /home/airflow/.local/lib/python3.12/site-packages/airflow/example_dags/example_latest_only_with_trigger.py for tasks to queue
[2024-10-11T03:52:30.708+0000] {logging_mixin.py:190} INFO - [2024-10-11T03:52:30.707+0000] {dagbag.py:588} INFO - Filling up the DagBag from /home/airflow/.local/lib/python3.12/site-packages/airflow/example_dags/example_latest_only_with_trigger.py
[2024-10-11T03:52:30.720+0000] {processor.py:925} INFO - DAG(s) 'latest_only_with_trigger' retrieved from /home/airflow/.local/lib/python3.12/site-packages/airflow/example_dags/example_latest_only_with_trigger.py
[2024-10-11T03:52:30.764+0000] {logging_mixin.py:190} INFO - [2024-10-11T03:52:30.763+0000] {dag.py:3239} INFO - Sync 1 DAGs
[2024-10-11T03:52:30.805+0000] {logging_mixin.py:190} INFO - [2024-10-11T03:52:30.804+0000] {dag.py:4180} INFO - Setting next_dagrun for latest_only_with_trigger to 2024-10-10 20:00:00+00:00, run_after=2024-10-11 00:00:00+00:00
[2024-10-11T03:52:30.831+0000] {processor.py:208} INFO - Processing /home/airflow/.local/lib/python3.12/site-packages/airflow/example_dags/example_latest_only_with_trigger.py took 0.142 seconds
[2024-10-11T03:53:02.865+0000] {processor.py:186} INFO - Started process (PID=2709) to work on /home/airflow/.local/lib/python3.12/site-packages/airflow/example_dags/example_latest_only_with_trigger.py
[2024-10-11T03:53:02.869+0000] {processor.py:914} INFO - Processing file /home/airflow/.local/lib/python3.12/site-packages/airflow/example_dags/example_latest_only_with_trigger.py for tasks to queue
[2024-10-11T03:53:02.874+0000] {logging_mixin.py:190} INFO - [2024-10-11T03:53:02.874+0000] {dagbag.py:588} INFO - Filling up the DagBag from /home/airflow/.local/lib/python3.12/site-packages/airflow/example_dags/example_latest_only_with_trigger.py
[2024-10-11T03:53:02.895+0000] {processor.py:925} INFO - DAG(s) 'latest_only_with_trigger' retrieved from /home/airflow/.local/lib/python3.12/site-packages/airflow/example_dags/example_latest_only_with_trigger.py
[2024-10-11T03:53:02.989+0000] {logging_mixin.py:190} INFO - [2024-10-11T03:53:02.989+0000] {dag.py:3239} INFO - Sync 1 DAGs
[2024-10-11T03:53:03.066+0000] {logging_mixin.py:190} INFO - [2024-10-11T03:53:03.065+0000] {dag.py:4180} INFO - Setting next_dagrun for latest_only_with_trigger to 2024-10-10 20:00:00+00:00, run_after=2024-10-11 00:00:00+00:00
[2024-10-11T03:53:03.115+0000] {processor.py:208} INFO - Processing /home/airflow/.local/lib/python3.12/site-packages/airflow/example_dags/example_latest_only_with_trigger.py took 0.267 seconds
[2024-10-11T03:53:33.699+0000] {processor.py:186} INFO - Started process (PID=2775) to work on /home/airflow/.local/lib/python3.12/site-packages/airflow/example_dags/example_latest_only_with_trigger.py
[2024-10-11T03:53:33.701+0000] {processor.py:914} INFO - Processing file /home/airflow/.local/lib/python3.12/site-packages/airflow/example_dags/example_latest_only_with_trigger.py for tasks to queue
[2024-10-11T03:53:33.706+0000] {logging_mixin.py:190} INFO - [2024-10-11T03:53:33.704+0000] {dagbag.py:588} INFO - Filling up the DagBag from /home/airflow/.local/lib/python3.12/site-packages/airflow/example_dags/example_latest_only_with_trigger.py
[2024-10-11T03:53:33.723+0000] {processor.py:925} INFO - DAG(s) 'latest_only_with_trigger' retrieved from /home/airflow/.local/lib/python3.12/site-packages/airflow/example_dags/example_latest_only_with_trigger.py
[2024-10-11T03:53:33.766+0000] {logging_mixin.py:190} INFO - [2024-10-11T03:53:33.766+0000] {dag.py:3239} INFO - Sync 1 DAGs
[2024-10-11T03:53:33.822+0000] {logging_mixin.py:190} INFO - [2024-10-11T03:53:33.822+0000] {dag.py:4180} INFO - Setting next_dagrun for latest_only_with_trigger to 2024-10-10 20:00:00+00:00, run_after=2024-10-11 00:00:00+00:00
[2024-10-11T03:53:33.860+0000] {processor.py:208} INFO - Processing /home/airflow/.local/lib/python3.12/site-packages/airflow/example_dags/example_latest_only_with_trigger.py took 0.172 seconds
[2024-10-11T03:54:04.495+0000] {processor.py:186} INFO - Started process (PID=2842) to work on /home/airflow/.local/lib/python3.12/site-packages/airflow/example_dags/example_latest_only_with_trigger.py
[2024-10-11T03:54:04.497+0000] {processor.py:914} INFO - Processing file /home/airflow/.local/lib/python3.12/site-packages/airflow/example_dags/example_latest_only_with_trigger.py for tasks to queue
[2024-10-11T03:54:04.502+0000] {logging_mixin.py:190} INFO - [2024-10-11T03:54:04.502+0000] {dagbag.py:588} INFO - Filling up the DagBag from /home/airflow/.local/lib/python3.12/site-packages/airflow/example_dags/example_latest_only_with_trigger.py
[2024-10-11T03:54:04.518+0000] {processor.py:925} INFO - DAG(s) 'latest_only_with_trigger' retrieved from /home/airflow/.local/lib/python3.12/site-packages/airflow/example_dags/example_latest_only_with_trigger.py
[2024-10-11T03:54:04.573+0000] {logging_mixin.py:190} INFO - [2024-10-11T03:54:04.572+0000] {dag.py:3239} INFO - Sync 1 DAGs
[2024-10-11T03:54:04.624+0000] {logging_mixin.py:190} INFO - [2024-10-11T03:54:04.624+0000] {dag.py:4180} INFO - Setting next_dagrun for latest_only_with_trigger to 2024-10-10 20:00:00+00:00, run_after=2024-10-11 00:00:00+00:00
[2024-10-11T03:54:04.663+0000] {processor.py:208} INFO - Processing /home/airflow/.local/lib/python3.12/site-packages/airflow/example_dags/example_latest_only_with_trigger.py took 0.184 seconds
[2024-10-11T03:54:36.281+0000] {processor.py:186} INFO - Started process (PID=2910) to work on /home/airflow/.local/lib/python3.12/site-packages/airflow/example_dags/example_latest_only_with_trigger.py
[2024-10-11T03:54:36.282+0000] {processor.py:914} INFO - Processing file /home/airflow/.local/lib/python3.12/site-packages/airflow/example_dags/example_latest_only_with_trigger.py for tasks to queue
[2024-10-11T03:54:36.287+0000] {logging_mixin.py:190} INFO - [2024-10-11T03:54:36.286+0000] {dagbag.py:588} INFO - Filling up the DagBag from /home/airflow/.local/lib/python3.12/site-packages/airflow/example_dags/example_latest_only_with_trigger.py
[2024-10-11T03:54:36.303+0000] {processor.py:925} INFO - DAG(s) 'latest_only_with_trigger' retrieved from /home/airflow/.local/lib/python3.12/site-packages/airflow/example_dags/example_latest_only_with_trigger.py
[2024-10-11T03:54:36.359+0000] {logging_mixin.py:190} INFO - [2024-10-11T03:54:36.357+0000] {dag.py:3239} INFO - Sync 1 DAGs
[2024-10-11T03:54:36.420+0000] {logging_mixin.py:190} INFO - [2024-10-11T03:54:36.420+0000] {dag.py:4180} INFO - Setting next_dagrun for latest_only_with_trigger to 2024-10-10 20:00:00+00:00, run_after=2024-10-11 00:00:00+00:00
[2024-10-11T03:54:36.470+0000] {processor.py:208} INFO - Processing /home/airflow/.local/lib/python3.12/site-packages/airflow/example_dags/example_latest_only_with_trigger.py took 0.203 seconds
[2024-10-11T03:55:07.050+0000] {processor.py:186} INFO - Started process (PID=2976) to work on /home/airflow/.local/lib/python3.12/site-packages/airflow/example_dags/example_latest_only_with_trigger.py
[2024-10-11T03:55:07.052+0000] {processor.py:914} INFO - Processing file /home/airflow/.local/lib/python3.12/site-packages/airflow/example_dags/example_latest_only_with_trigger.py for tasks to queue
[2024-10-11T03:55:07.056+0000] {logging_mixin.py:190} INFO - [2024-10-11T03:55:07.056+0000] {dagbag.py:588} INFO - Filling up the DagBag from /home/airflow/.local/lib/python3.12/site-packages/airflow/example_dags/example_latest_only_with_trigger.py
[2024-10-11T03:55:07.074+0000] {processor.py:925} INFO - DAG(s) 'latest_only_with_trigger' retrieved from /home/airflow/.local/lib/python3.12/site-packages/airflow/example_dags/example_latest_only_with_trigger.py
[2024-10-11T03:55:07.125+0000] {logging_mixin.py:190} INFO - [2024-10-11T03:55:07.124+0000] {dag.py:3239} INFO - Sync 1 DAGs
[2024-10-11T03:55:07.182+0000] {logging_mixin.py:190} INFO - [2024-10-11T03:55:07.181+0000] {dag.py:4180} INFO - Setting next_dagrun for latest_only_with_trigger to 2024-10-10 20:00:00+00:00, run_after=2024-10-11 00:00:00+00:00
[2024-10-11T03:55:07.220+0000] {processor.py:208} INFO - Processing /home/airflow/.local/lib/python3.12/site-packages/airflow/example_dags/example_latest_only_with_trigger.py took 0.184 seconds
[2024-10-11T03:55:37.768+0000] {processor.py:186} INFO - Started process (PID=3042) to work on /home/airflow/.local/lib/python3.12/site-packages/airflow/example_dags/example_latest_only_with_trigger.py
[2024-10-11T03:55:37.771+0000] {processor.py:914} INFO - Processing file /home/airflow/.local/lib/python3.12/site-packages/airflow/example_dags/example_latest_only_with_trigger.py for tasks to queue
[2024-10-11T03:55:37.776+0000] {logging_mixin.py:190} INFO - [2024-10-11T03:55:37.775+0000] {dagbag.py:588} INFO - Filling up the DagBag from /home/airflow/.local/lib/python3.12/site-packages/airflow/example_dags/example_latest_only_with_trigger.py
[2024-10-11T03:55:37.791+0000] {processor.py:925} INFO - DAG(s) 'latest_only_with_trigger' retrieved from /home/airflow/.local/lib/python3.12/site-packages/airflow/example_dags/example_latest_only_with_trigger.py
[2024-10-11T03:55:37.834+0000] {logging_mixin.py:190} INFO - [2024-10-11T03:55:37.834+0000] {dag.py:3239} INFO - Sync 1 DAGs
[2024-10-11T03:55:37.884+0000] {logging_mixin.py:190} INFO - [2024-10-11T03:55:37.884+0000] {dag.py:4180} INFO - Setting next_dagrun for latest_only_with_trigger to 2024-10-10 20:00:00+00:00, run_after=2024-10-11 00:00:00+00:00
[2024-10-11T03:55:37.920+0000] {processor.py:208} INFO - Processing /home/airflow/.local/lib/python3.12/site-packages/airflow/example_dags/example_latest_only_with_trigger.py took 0.164 seconds
[2024-10-11T03:56:08.456+0000] {processor.py:186} INFO - Started process (PID=3109) to work on /home/airflow/.local/lib/python3.12/site-packages/airflow/example_dags/example_latest_only_with_trigger.py
[2024-10-11T03:56:08.457+0000] {processor.py:914} INFO - Processing file /home/airflow/.local/lib/python3.12/site-packages/airflow/example_dags/example_latest_only_with_trigger.py for tasks to queue
[2024-10-11T03:56:08.461+0000] {logging_mixin.py:190} INFO - [2024-10-11T03:56:08.461+0000] {dagbag.py:588} INFO - Filling up the DagBag from /home/airflow/.local/lib/python3.12/site-packages/airflow/example_dags/example_latest_only_with_trigger.py
[2024-10-11T03:56:08.474+0000] {processor.py:925} INFO - DAG(s) 'latest_only_with_trigger' retrieved from /home/airflow/.local/lib/python3.12/site-packages/airflow/example_dags/example_latest_only_with_trigger.py
[2024-10-11T03:56:08.507+0000] {logging_mixin.py:190} INFO - [2024-10-11T03:56:08.507+0000] {dag.py:3239} INFO - Sync 1 DAGs
[2024-10-11T03:56:08.549+0000] {logging_mixin.py:190} INFO - [2024-10-11T03:56:08.547+0000] {dag.py:4180} INFO - Setting next_dagrun for latest_only_with_trigger to 2024-10-10 20:00:00+00:00, run_after=2024-10-11 00:00:00+00:00
[2024-10-11T03:56:08.581+0000] {processor.py:208} INFO - Processing /home/airflow/.local/lib/python3.12/site-packages/airflow/example_dags/example_latest_only_with_trigger.py took 0.137 seconds
[2024-10-11T03:56:41.625+0000] {processor.py:186} INFO - Started process (PID=3177) to work on /home/airflow/.local/lib/python3.12/site-packages/airflow/example_dags/example_latest_only_with_trigger.py
[2024-10-11T03:56:41.634+0000] {processor.py:914} INFO - Processing file /home/airflow/.local/lib/python3.12/site-packages/airflow/example_dags/example_latest_only_with_trigger.py for tasks to queue
[2024-10-11T03:56:41.657+0000] {logging_mixin.py:190} INFO - [2024-10-11T03:56:41.652+0000] {dagbag.py:588} INFO - Filling up the DagBag from /home/airflow/.local/lib/python3.12/site-packages/airflow/example_dags/example_latest_only_with_trigger.py
[2024-10-11T03:56:41.732+0000] {processor.py:925} INFO - DAG(s) 'latest_only_with_trigger' retrieved from /home/airflow/.local/lib/python3.12/site-packages/airflow/example_dags/example_latest_only_with_trigger.py
[2024-10-11T03:56:42.004+0000] {logging_mixin.py:190} INFO - [2024-10-11T03:56:42.003+0000] {dag.py:3239} INFO - Sync 1 DAGs
[2024-10-11T03:56:42.111+0000] {logging_mixin.py:190} INFO - [2024-10-11T03:56:42.110+0000] {dag.py:4180} INFO - Setting next_dagrun for latest_only_with_trigger to 2024-10-10 20:00:00+00:00, run_after=2024-10-11 00:00:00+00:00
[2024-10-11T03:56:42.239+0000] {processor.py:208} INFO - Processing /home/airflow/.local/lib/python3.12/site-packages/airflow/example_dags/example_latest_only_with_trigger.py took 0.638 seconds
[2024-10-11T03:57:12.722+0000] {processor.py:186} INFO - Started process (PID=3244) to work on /home/airflow/.local/lib/python3.12/site-packages/airflow/example_dags/example_latest_only_with_trigger.py
[2024-10-11T03:57:12.723+0000] {processor.py:914} INFO - Processing file /home/airflow/.local/lib/python3.12/site-packages/airflow/example_dags/example_latest_only_with_trigger.py for tasks to queue
[2024-10-11T03:57:12.727+0000] {logging_mixin.py:190} INFO - [2024-10-11T03:57:12.727+0000] {dagbag.py:588} INFO - Filling up the DagBag from /home/airflow/.local/lib/python3.12/site-packages/airflow/example_dags/example_latest_only_with_trigger.py
[2024-10-11T03:57:12.741+0000] {processor.py:925} INFO - DAG(s) 'latest_only_with_trigger' retrieved from /home/airflow/.local/lib/python3.12/site-packages/airflow/example_dags/example_latest_only_with_trigger.py
[2024-10-11T03:57:12.781+0000] {logging_mixin.py:190} INFO - [2024-10-11T03:57:12.781+0000] {dag.py:3239} INFO - Sync 1 DAGs
[2024-10-11T03:57:12.825+0000] {logging_mixin.py:190} INFO - [2024-10-11T03:57:12.825+0000] {dag.py:4180} INFO - Setting next_dagrun for latest_only_with_trigger to 2024-10-10 20:00:00+00:00, run_after=2024-10-11 00:00:00+00:00
[2024-10-11T03:57:12.860+0000] {processor.py:208} INFO - Processing /home/airflow/.local/lib/python3.12/site-packages/airflow/example_dags/example_latest_only_with_trigger.py took 0.149 seconds
[2024-10-11T03:57:43.309+0000] {processor.py:186} INFO - Started process (PID=3311) to work on /home/airflow/.local/lib/python3.12/site-packages/airflow/example_dags/example_latest_only_with_trigger.py
[2024-10-11T03:57:43.310+0000] {processor.py:914} INFO - Processing file /home/airflow/.local/lib/python3.12/site-packages/airflow/example_dags/example_latest_only_with_trigger.py for tasks to queue
[2024-10-11T03:57:43.313+0000] {logging_mixin.py:190} INFO - [2024-10-11T03:57:43.312+0000] {dagbag.py:588} INFO - Filling up the DagBag from /home/airflow/.local/lib/python3.12/site-packages/airflow/example_dags/example_latest_only_with_trigger.py
[2024-10-11T03:57:43.323+0000] {processor.py:925} INFO - DAG(s) 'latest_only_with_trigger' retrieved from /home/airflow/.local/lib/python3.12/site-packages/airflow/example_dags/example_latest_only_with_trigger.py
[2024-10-11T03:57:43.353+0000] {logging_mixin.py:190} INFO - [2024-10-11T03:57:43.353+0000] {dag.py:3239} INFO - Sync 1 DAGs
[2024-10-11T03:57:43.381+0000] {logging_mixin.py:190} INFO - [2024-10-11T03:57:43.381+0000] {dag.py:4180} INFO - Setting next_dagrun for latest_only_with_trigger to 2024-10-10 20:00:00+00:00, run_after=2024-10-11 00:00:00+00:00
[2024-10-11T03:57:43.403+0000] {processor.py:208} INFO - Processing /home/airflow/.local/lib/python3.12/site-packages/airflow/example_dags/example_latest_only_with_trigger.py took 0.103 seconds
[2024-10-11T03:58:13.507+0000] {processor.py:186} INFO - Started process (PID=3376) to work on /home/airflow/.local/lib/python3.12/site-packages/airflow/example_dags/example_latest_only_with_trigger.py
[2024-10-11T03:58:13.508+0000] {processor.py:914} INFO - Processing file /home/airflow/.local/lib/python3.12/site-packages/airflow/example_dags/example_latest_only_with_trigger.py for tasks to queue
[2024-10-11T03:58:13.512+0000] {logging_mixin.py:190} INFO - [2024-10-11T03:58:13.511+0000] {dagbag.py:588} INFO - Filling up the DagBag from /home/airflow/.local/lib/python3.12/site-packages/airflow/example_dags/example_latest_only_with_trigger.py
[2024-10-11T03:58:13.523+0000] {processor.py:925} INFO - DAG(s) 'latest_only_with_trigger' retrieved from /home/airflow/.local/lib/python3.12/site-packages/airflow/example_dags/example_latest_only_with_trigger.py
[2024-10-11T03:58:13.559+0000] {logging_mixin.py:190} INFO - [2024-10-11T03:58:13.558+0000] {dag.py:3239} INFO - Sync 1 DAGs
[2024-10-11T03:58:13.595+0000] {logging_mixin.py:190} INFO - [2024-10-11T03:58:13.595+0000] {dag.py:4180} INFO - Setting next_dagrun for latest_only_with_trigger to 2024-10-10 20:00:00+00:00, run_after=2024-10-11 00:00:00+00:00
[2024-10-11T03:58:13.620+0000] {processor.py:208} INFO - Processing /home/airflow/.local/lib/python3.12/site-packages/airflow/example_dags/example_latest_only_with_trigger.py took 0.126 seconds
[2024-10-11T03:58:45.288+0000] {processor.py:186} INFO - Started process (PID=3445) to work on /home/airflow/.local/lib/python3.12/site-packages/airflow/example_dags/example_latest_only_with_trigger.py
[2024-10-11T03:58:45.295+0000] {processor.py:914} INFO - Processing file /home/airflow/.local/lib/python3.12/site-packages/airflow/example_dags/example_latest_only_with_trigger.py for tasks to queue
[2024-10-11T03:58:45.304+0000] {logging_mixin.py:190} INFO - [2024-10-11T03:58:45.303+0000] {dagbag.py:588} INFO - Filling up the DagBag from /home/airflow/.local/lib/python3.12/site-packages/airflow/example_dags/example_latest_only_with_trigger.py
[2024-10-11T03:58:45.326+0000] {processor.py:925} INFO - DAG(s) 'latest_only_with_trigger' retrieved from /home/airflow/.local/lib/python3.12/site-packages/airflow/example_dags/example_latest_only_with_trigger.py
[2024-10-11T03:58:45.435+0000] {logging_mixin.py:190} INFO - [2024-10-11T03:58:45.434+0000] {dag.py:3239} INFO - Sync 1 DAGs
[2024-10-11T03:58:45.547+0000] {logging_mixin.py:190} INFO - [2024-10-11T03:58:45.547+0000] {dag.py:4180} INFO - Setting next_dagrun for latest_only_with_trigger to 2024-10-10 20:00:00+00:00, run_after=2024-10-11 00:00:00+00:00
[2024-10-11T03:58:45.614+0000] {processor.py:208} INFO - Processing /home/airflow/.local/lib/python3.12/site-packages/airflow/example_dags/example_latest_only_with_trigger.py took 0.352 seconds
[2024-10-11T03:59:16.572+0000] {processor.py:186} INFO - Started process (PID=3513) to work on /home/airflow/.local/lib/python3.12/site-packages/airflow/example_dags/example_latest_only_with_trigger.py
[2024-10-11T03:59:16.574+0000] {processor.py:914} INFO - Processing file /home/airflow/.local/lib/python3.12/site-packages/airflow/example_dags/example_latest_only_with_trigger.py for tasks to queue
[2024-10-11T03:59:16.580+0000] {logging_mixin.py:190} INFO - [2024-10-11T03:59:16.579+0000] {dagbag.py:588} INFO - Filling up the DagBag from /home/airflow/.local/lib/python3.12/site-packages/airflow/example_dags/example_latest_only_with_trigger.py
[2024-10-11T03:59:16.598+0000] {processor.py:925} INFO - DAG(s) 'latest_only_with_trigger' retrieved from /home/airflow/.local/lib/python3.12/site-packages/airflow/example_dags/example_latest_only_with_trigger.py
[2024-10-11T03:59:16.652+0000] {logging_mixin.py:190} INFO - [2024-10-11T03:59:16.651+0000] {dag.py:3239} INFO - Sync 1 DAGs
[2024-10-11T03:59:16.710+0000] {logging_mixin.py:190} INFO - [2024-10-11T03:59:16.709+0000] {dag.py:4180} INFO - Setting next_dagrun for latest_only_with_trigger to 2024-10-10 20:00:00+00:00, run_after=2024-10-11 00:00:00+00:00
[2024-10-11T03:59:16.750+0000] {processor.py:208} INFO - Processing /home/airflow/.local/lib/python3.12/site-packages/airflow/example_dags/example_latest_only_with_trigger.py took 0.193 seconds
[2024-10-11T03:59:47.889+0000] {processor.py:186} INFO - Started process (PID=3580) to work on /home/airflow/.local/lib/python3.12/site-packages/airflow/example_dags/example_latest_only_with_trigger.py
[2024-10-11T03:59:47.890+0000] {processor.py:914} INFO - Processing file /home/airflow/.local/lib/python3.12/site-packages/airflow/example_dags/example_latest_only_with_trigger.py for tasks to queue
[2024-10-11T03:59:47.896+0000] {logging_mixin.py:190} INFO - [2024-10-11T03:59:47.896+0000] {dagbag.py:588} INFO - Filling up the DagBag from /home/airflow/.local/lib/python3.12/site-packages/airflow/example_dags/example_latest_only_with_trigger.py
[2024-10-11T03:59:47.919+0000] {processor.py:925} INFO - DAG(s) 'latest_only_with_trigger' retrieved from /home/airflow/.local/lib/python3.12/site-packages/airflow/example_dags/example_latest_only_with_trigger.py
[2024-10-11T03:59:47.974+0000] {logging_mixin.py:190} INFO - [2024-10-11T03:59:47.974+0000] {dag.py:3239} INFO - Sync 1 DAGs
[2024-10-11T03:59:48.033+0000] {logging_mixin.py:190} INFO - [2024-10-11T03:59:48.033+0000] {dag.py:4180} INFO - Setting next_dagrun for latest_only_with_trigger to 2024-10-10 20:00:00+00:00, run_after=2024-10-11 00:00:00+00:00
[2024-10-11T03:59:48.075+0000] {processor.py:208} INFO - Processing /home/airflow/.local/lib/python3.12/site-packages/airflow/example_dags/example_latest_only_with_trigger.py took 0.201 seconds
[2024-10-11T04:00:18.963+0000] {processor.py:186} INFO - Started process (PID=3646) to work on /home/airflow/.local/lib/python3.12/site-packages/airflow/example_dags/example_latest_only_with_trigger.py
[2024-10-11T04:00:18.966+0000] {processor.py:914} INFO - Processing file /home/airflow/.local/lib/python3.12/site-packages/airflow/example_dags/example_latest_only_with_trigger.py for tasks to queue
[2024-10-11T04:00:18.973+0000] {logging_mixin.py:190} INFO - [2024-10-11T04:00:18.972+0000] {dagbag.py:588} INFO - Filling up the DagBag from /home/airflow/.local/lib/python3.12/site-packages/airflow/example_dags/example_latest_only_with_trigger.py
[2024-10-11T04:00:18.993+0000] {processor.py:925} INFO - DAG(s) 'latest_only_with_trigger' retrieved from /home/airflow/.local/lib/python3.12/site-packages/airflow/example_dags/example_latest_only_with_trigger.py
[2024-10-11T04:00:19.041+0000] {logging_mixin.py:190} INFO - [2024-10-11T04:00:19.040+0000] {dag.py:3239} INFO - Sync 1 DAGs
[2024-10-11T04:00:19.097+0000] {logging_mixin.py:190} INFO - [2024-10-11T04:00:19.097+0000] {dag.py:4180} INFO - Setting next_dagrun for latest_only_with_trigger to 2024-10-11 00:00:00+00:00, run_after=2024-10-11 04:00:00+00:00
[2024-10-11T04:00:19.135+0000] {processor.py:208} INFO - Processing /home/airflow/.local/lib/python3.12/site-packages/airflow/example_dags/example_latest_only_with_trigger.py took 0.188 seconds
[2024-10-11T04:00:50.123+0000] {processor.py:186} INFO - Started process (PID=3713) to work on /home/airflow/.local/lib/python3.12/site-packages/airflow/example_dags/example_latest_only_with_trigger.py
[2024-10-11T04:00:50.124+0000] {processor.py:914} INFO - Processing file /home/airflow/.local/lib/python3.12/site-packages/airflow/example_dags/example_latest_only_with_trigger.py for tasks to queue
[2024-10-11T04:00:50.129+0000] {logging_mixin.py:190} INFO - [2024-10-11T04:00:50.128+0000] {dagbag.py:588} INFO - Filling up the DagBag from /home/airflow/.local/lib/python3.12/site-packages/airflow/example_dags/example_latest_only_with_trigger.py
[2024-10-11T04:00:50.146+0000] {processor.py:925} INFO - DAG(s) 'latest_only_with_trigger' retrieved from /home/airflow/.local/lib/python3.12/site-packages/airflow/example_dags/example_latest_only_with_trigger.py
[2024-10-11T04:00:50.193+0000] {logging_mixin.py:190} INFO - [2024-10-11T04:00:50.192+0000] {dag.py:3239} INFO - Sync 1 DAGs
[2024-10-11T04:00:50.247+0000] {logging_mixin.py:190} INFO - [2024-10-11T04:00:50.246+0000] {dag.py:4180} INFO - Setting next_dagrun for latest_only_with_trigger to 2024-10-11 00:00:00+00:00, run_after=2024-10-11 04:00:00+00:00
[2024-10-11T04:00:50.281+0000] {processor.py:208} INFO - Processing /home/airflow/.local/lib/python3.12/site-packages/airflow/example_dags/example_latest_only_with_trigger.py took 0.185 seconds
[2024-10-11T04:01:20.820+0000] {processor.py:186} INFO - Started process (PID=3780) to work on /home/airflow/.local/lib/python3.12/site-packages/airflow/example_dags/example_latest_only_with_trigger.py
[2024-10-11T04:01:20.821+0000] {processor.py:914} INFO - Processing file /home/airflow/.local/lib/python3.12/site-packages/airflow/example_dags/example_latest_only_with_trigger.py for tasks to queue
[2024-10-11T04:01:20.827+0000] {logging_mixin.py:190} INFO - [2024-10-11T04:01:20.826+0000] {dagbag.py:588} INFO - Filling up the DagBag from /home/airflow/.local/lib/python3.12/site-packages/airflow/example_dags/example_latest_only_with_trigger.py
[2024-10-11T04:01:20.844+0000] {processor.py:925} INFO - DAG(s) 'latest_only_with_trigger' retrieved from /home/airflow/.local/lib/python3.12/site-packages/airflow/example_dags/example_latest_only_with_trigger.py
[2024-10-11T04:01:20.890+0000] {logging_mixin.py:190} INFO - [2024-10-11T04:01:20.889+0000] {dag.py:3239} INFO - Sync 1 DAGs
[2024-10-11T04:01:20.948+0000] {logging_mixin.py:190} INFO - [2024-10-11T04:01:20.948+0000] {dag.py:4180} INFO - Setting next_dagrun for latest_only_with_trigger to 2024-10-11 00:00:00+00:00, run_after=2024-10-11 04:00:00+00:00
[2024-10-11T04:01:20.989+0000] {processor.py:208} INFO - Processing /home/airflow/.local/lib/python3.12/site-packages/airflow/example_dags/example_latest_only_with_trigger.py took 0.183 seconds
