[2024-10-11T03:33:01.549+0000] {processor.py:186} INFO - Started process (PID=132) to work on /home/airflow/.local/lib/python3.12/site-packages/airflow/example_dags/example_nested_branch_dag.py
[2024-10-11T03:33:01.551+0000] {processor.py:914} INFO - Processing file /home/airflow/.local/lib/python3.12/site-packages/airflow/example_dags/example_nested_branch_dag.py for tasks to queue
[2024-10-11T03:33:01.555+0000] {logging_mixin.py:190} INFO - [2024-10-11T03:33:01.554+0000] {dagbag.py:588} INFO - Filling up the DagBag from /home/airflow/.local/lib/python3.12/site-packages/airflow/example_dags/example_nested_branch_dag.py
[2024-10-11T03:33:01.575+0000] {processor.py:925} INFO - DAG(s) 'example_nested_branch_dag' retrieved from /home/airflow/.local/lib/python3.12/site-packages/airflow/example_dags/example_nested_branch_dag.py
[2024-10-11T03:33:01.608+0000] {logging_mixin.py:190} INFO - [2024-10-11T03:33:01.608+0000] {dag.py:3239} INFO - Sync 1 DAGs
[2024-10-11T03:33:01.649+0000] {logging_mixin.py:190} INFO - [2024-10-11T03:33:01.648+0000] {dag.py:4180} INFO - Setting next_dagrun for example_nested_branch_dag to 2024-10-10 00:00:00+00:00, run_after=2024-10-11 00:00:00+00:00
[2024-10-11T03:33:01.671+0000] {processor.py:208} INFO - Processing /home/airflow/.local/lib/python3.12/site-packages/airflow/example_dags/example_nested_branch_dag.py took 0.131 seconds
[2024-10-11T03:33:31.985+0000] {processor.py:186} INFO - Started process (PID=198) to work on /home/airflow/.local/lib/python3.12/site-packages/airflow/example_dags/example_nested_branch_dag.py
[2024-10-11T03:33:31.986+0000] {processor.py:914} INFO - Processing file /home/airflow/.local/lib/python3.12/site-packages/airflow/example_dags/example_nested_branch_dag.py for tasks to queue
[2024-10-11T03:33:31.989+0000] {logging_mixin.py:190} INFO - [2024-10-11T03:33:31.989+0000] {dagbag.py:588} INFO - Filling up the DagBag from /home/airflow/.local/lib/python3.12/site-packages/airflow/example_dags/example_nested_branch_dag.py
[2024-10-11T03:33:32.003+0000] {processor.py:925} INFO - DAG(s) 'example_nested_branch_dag' retrieved from /home/airflow/.local/lib/python3.12/site-packages/airflow/example_dags/example_nested_branch_dag.py
[2024-10-11T03:33:32.028+0000] {logging_mixin.py:190} INFO - [2024-10-11T03:33:32.028+0000] {dag.py:3239} INFO - Sync 1 DAGs
[2024-10-11T03:33:32.057+0000] {logging_mixin.py:190} INFO - [2024-10-11T03:33:32.057+0000] {dag.py:4180} INFO - Setting next_dagrun for example_nested_branch_dag to 2024-10-10 00:00:00+00:00, run_after=2024-10-11 00:00:00+00:00
[2024-10-11T03:33:32.076+0000] {processor.py:208} INFO - Processing /home/airflow/.local/lib/python3.12/site-packages/airflow/example_dags/example_nested_branch_dag.py took 0.098 seconds
[2024-10-11T03:34:02.406+0000] {processor.py:186} INFO - Started process (PID=263) to work on /home/airflow/.local/lib/python3.12/site-packages/airflow/example_dags/example_nested_branch_dag.py
[2024-10-11T03:34:02.408+0000] {processor.py:914} INFO - Processing file /home/airflow/.local/lib/python3.12/site-packages/airflow/example_dags/example_nested_branch_dag.py for tasks to queue
[2024-10-11T03:34:02.412+0000] {logging_mixin.py:190} INFO - [2024-10-11T03:34:02.411+0000] {dagbag.py:588} INFO - Filling up the DagBag from /home/airflow/.local/lib/python3.12/site-packages/airflow/example_dags/example_nested_branch_dag.py
[2024-10-11T03:34:02.430+0000] {processor.py:925} INFO - DAG(s) 'example_nested_branch_dag' retrieved from /home/airflow/.local/lib/python3.12/site-packages/airflow/example_dags/example_nested_branch_dag.py
[2024-10-11T03:34:02.477+0000] {logging_mixin.py:190} INFO - [2024-10-11T03:34:02.477+0000] {dag.py:3239} INFO - Sync 1 DAGs
[2024-10-11T03:34:02.513+0000] {logging_mixin.py:190} INFO - [2024-10-11T03:34:02.513+0000] {dag.py:4180} INFO - Setting next_dagrun for example_nested_branch_dag to 2024-10-10 00:00:00+00:00, run_after=2024-10-11 00:00:00+00:00
[2024-10-11T03:34:02.584+0000] {processor.py:208} INFO - Processing /home/airflow/.local/lib/python3.12/site-packages/airflow/example_dags/example_nested_branch_dag.py took 0.188 seconds
[2024-10-11T03:34:32.843+0000] {processor.py:186} INFO - Started process (PID=329) to work on /home/airflow/.local/lib/python3.12/site-packages/airflow/example_dags/example_nested_branch_dag.py
[2024-10-11T03:34:32.845+0000] {processor.py:914} INFO - Processing file /home/airflow/.local/lib/python3.12/site-packages/airflow/example_dags/example_nested_branch_dag.py for tasks to queue
[2024-10-11T03:34:32.847+0000] {logging_mixin.py:190} INFO - [2024-10-11T03:34:32.847+0000] {dagbag.py:588} INFO - Filling up the DagBag from /home/airflow/.local/lib/python3.12/site-packages/airflow/example_dags/example_nested_branch_dag.py
[2024-10-11T03:34:32.863+0000] {processor.py:925} INFO - DAG(s) 'example_nested_branch_dag' retrieved from /home/airflow/.local/lib/python3.12/site-packages/airflow/example_dags/example_nested_branch_dag.py
[2024-10-11T03:34:32.892+0000] {logging_mixin.py:190} INFO - [2024-10-11T03:34:32.892+0000] {dag.py:3239} INFO - Sync 1 DAGs
[2024-10-11T03:34:32.923+0000] {logging_mixin.py:190} INFO - [2024-10-11T03:34:32.923+0000] {dag.py:4180} INFO - Setting next_dagrun for example_nested_branch_dag to 2024-10-10 00:00:00+00:00, run_after=2024-10-11 00:00:00+00:00
[2024-10-11T03:34:32.945+0000] {processor.py:208} INFO - Processing /home/airflow/.local/lib/python3.12/site-packages/airflow/example_dags/example_nested_branch_dag.py took 0.109 seconds
[2024-10-11T03:35:03.651+0000] {processor.py:186} INFO - Started process (PID=395) to work on /home/airflow/.local/lib/python3.12/site-packages/airflow/example_dags/example_nested_branch_dag.py
[2024-10-11T03:35:03.652+0000] {processor.py:914} INFO - Processing file /home/airflow/.local/lib/python3.12/site-packages/airflow/example_dags/example_nested_branch_dag.py for tasks to queue
[2024-10-11T03:35:03.655+0000] {logging_mixin.py:190} INFO - [2024-10-11T03:35:03.655+0000] {dagbag.py:588} INFO - Filling up the DagBag from /home/airflow/.local/lib/python3.12/site-packages/airflow/example_dags/example_nested_branch_dag.py
[2024-10-11T03:35:03.669+0000] {processor.py:925} INFO - DAG(s) 'example_nested_branch_dag' retrieved from /home/airflow/.local/lib/python3.12/site-packages/airflow/example_dags/example_nested_branch_dag.py
[2024-10-11T03:35:03.695+0000] {logging_mixin.py:190} INFO - [2024-10-11T03:35:03.694+0000] {dag.py:3239} INFO - Sync 1 DAGs
[2024-10-11T03:35:03.724+0000] {logging_mixin.py:190} INFO - [2024-10-11T03:35:03.723+0000] {dag.py:4180} INFO - Setting next_dagrun for example_nested_branch_dag to 2024-10-10 00:00:00+00:00, run_after=2024-10-11 00:00:00+00:00
[2024-10-11T03:35:03.744+0000] {processor.py:208} INFO - Processing /home/airflow/.local/lib/python3.12/site-packages/airflow/example_dags/example_nested_branch_dag.py took 0.100 seconds
[2024-10-11T03:35:34.860+0000] {processor.py:186} INFO - Started process (PID=461) to work on /home/airflow/.local/lib/python3.12/site-packages/airflow/example_dags/example_nested_branch_dag.py
[2024-10-11T03:35:34.862+0000] {processor.py:914} INFO - Processing file /home/airflow/.local/lib/python3.12/site-packages/airflow/example_dags/example_nested_branch_dag.py for tasks to queue
[2024-10-11T03:35:34.867+0000] {logging_mixin.py:190} INFO - [2024-10-11T03:35:34.867+0000] {dagbag.py:588} INFO - Filling up the DagBag from /home/airflow/.local/lib/python3.12/site-packages/airflow/example_dags/example_nested_branch_dag.py
[2024-10-11T03:35:34.891+0000] {processor.py:925} INFO - DAG(s) 'example_nested_branch_dag' retrieved from /home/airflow/.local/lib/python3.12/site-packages/airflow/example_dags/example_nested_branch_dag.py
[2024-10-11T03:35:34.923+0000] {logging_mixin.py:190} INFO - [2024-10-11T03:35:34.922+0000] {dag.py:3239} INFO - Sync 1 DAGs
[2024-10-11T03:35:34.955+0000] {logging_mixin.py:190} INFO - [2024-10-11T03:35:34.955+0000] {dag.py:4180} INFO - Setting next_dagrun for example_nested_branch_dag to 2024-10-10 00:00:00+00:00, run_after=2024-10-11 00:00:00+00:00
[2024-10-11T03:35:34.978+0000] {processor.py:208} INFO - Processing /home/airflow/.local/lib/python3.12/site-packages/airflow/example_dags/example_nested_branch_dag.py took 0.127 seconds
[2024-10-11T03:36:05.032+0000] {processor.py:186} INFO - Started process (PID=527) to work on /home/airflow/.local/lib/python3.12/site-packages/airflow/example_dags/example_nested_branch_dag.py
[2024-10-11T03:36:05.033+0000] {processor.py:914} INFO - Processing file /home/airflow/.local/lib/python3.12/site-packages/airflow/example_dags/example_nested_branch_dag.py for tasks to queue
[2024-10-11T03:36:05.037+0000] {logging_mixin.py:190} INFO - [2024-10-11T03:36:05.036+0000] {dagbag.py:588} INFO - Filling up the DagBag from /home/airflow/.local/lib/python3.12/site-packages/airflow/example_dags/example_nested_branch_dag.py
[2024-10-11T03:36:05.054+0000] {processor.py:925} INFO - DAG(s) 'example_nested_branch_dag' retrieved from /home/airflow/.local/lib/python3.12/site-packages/airflow/example_dags/example_nested_branch_dag.py
[2024-10-11T03:36:05.090+0000] {logging_mixin.py:190} INFO - [2024-10-11T03:36:05.089+0000] {dag.py:3239} INFO - Sync 1 DAGs
[2024-10-11T03:36:05.130+0000] {logging_mixin.py:190} INFO - [2024-10-11T03:36:05.130+0000] {dag.py:4180} INFO - Setting next_dagrun for example_nested_branch_dag to 2024-10-10 00:00:00+00:00, run_after=2024-10-11 00:00:00+00:00
[2024-10-11T03:36:05.158+0000] {processor.py:208} INFO - Processing /home/airflow/.local/lib/python3.12/site-packages/airflow/example_dags/example_nested_branch_dag.py took 0.133 seconds
[2024-10-11T03:36:36.273+0000] {processor.py:186} INFO - Started process (PID=592) to work on /home/airflow/.local/lib/python3.12/site-packages/airflow/example_dags/example_nested_branch_dag.py
[2024-10-11T03:36:36.275+0000] {processor.py:914} INFO - Processing file /home/airflow/.local/lib/python3.12/site-packages/airflow/example_dags/example_nested_branch_dag.py for tasks to queue
[2024-10-11T03:36:36.280+0000] {logging_mixin.py:190} INFO - [2024-10-11T03:36:36.279+0000] {dagbag.py:588} INFO - Filling up the DagBag from /home/airflow/.local/lib/python3.12/site-packages/airflow/example_dags/example_nested_branch_dag.py
[2024-10-11T03:36:36.299+0000] {processor.py:925} INFO - DAG(s) 'example_nested_branch_dag' retrieved from /home/airflow/.local/lib/python3.12/site-packages/airflow/example_dags/example_nested_branch_dag.py
[2024-10-11T03:36:36.354+0000] {logging_mixin.py:190} INFO - [2024-10-11T03:36:36.353+0000] {dag.py:3239} INFO - Sync 1 DAGs
[2024-10-11T03:36:36.414+0000] {logging_mixin.py:190} INFO - [2024-10-11T03:36:36.414+0000] {dag.py:4180} INFO - Setting next_dagrun for example_nested_branch_dag to 2024-10-10 00:00:00+00:00, run_after=2024-10-11 00:00:00+00:00
[2024-10-11T03:36:36.451+0000] {processor.py:208} INFO - Processing /home/airflow/.local/lib/python3.12/site-packages/airflow/example_dags/example_nested_branch_dag.py took 0.201 seconds
[2024-10-11T03:37:06.923+0000] {processor.py:186} INFO - Started process (PID=658) to work on /home/airflow/.local/lib/python3.12/site-packages/airflow/example_dags/example_nested_branch_dag.py
[2024-10-11T03:37:06.924+0000] {processor.py:914} INFO - Processing file /home/airflow/.local/lib/python3.12/site-packages/airflow/example_dags/example_nested_branch_dag.py for tasks to queue
[2024-10-11T03:37:06.928+0000] {logging_mixin.py:190} INFO - [2024-10-11T03:37:06.928+0000] {dagbag.py:588} INFO - Filling up the DagBag from /home/airflow/.local/lib/python3.12/site-packages/airflow/example_dags/example_nested_branch_dag.py
[2024-10-11T03:37:06.943+0000] {processor.py:925} INFO - DAG(s) 'example_nested_branch_dag' retrieved from /home/airflow/.local/lib/python3.12/site-packages/airflow/example_dags/example_nested_branch_dag.py
[2024-10-11T03:37:06.971+0000] {logging_mixin.py:190} INFO - [2024-10-11T03:37:06.971+0000] {dag.py:3239} INFO - Sync 1 DAGs
[2024-10-11T03:37:07.010+0000] {logging_mixin.py:190} INFO - [2024-10-11T03:37:07.010+0000] {dag.py:4180} INFO - Setting next_dagrun for example_nested_branch_dag to 2024-10-10 00:00:00+00:00, run_after=2024-10-11 00:00:00+00:00
[2024-10-11T03:37:07.038+0000] {processor.py:208} INFO - Processing /home/airflow/.local/lib/python3.12/site-packages/airflow/example_dags/example_nested_branch_dag.py took 0.128 seconds
[2024-10-11T03:37:38.546+0000] {processor.py:186} INFO - Started process (PID=724) to work on /home/airflow/.local/lib/python3.12/site-packages/airflow/example_dags/example_nested_branch_dag.py
[2024-10-11T03:37:38.548+0000] {processor.py:914} INFO - Processing file /home/airflow/.local/lib/python3.12/site-packages/airflow/example_dags/example_nested_branch_dag.py for tasks to queue
[2024-10-11T03:37:38.552+0000] {logging_mixin.py:190} INFO - [2024-10-11T03:37:38.551+0000] {dagbag.py:588} INFO - Filling up the DagBag from /home/airflow/.local/lib/python3.12/site-packages/airflow/example_dags/example_nested_branch_dag.py
[2024-10-11T03:37:38.579+0000] {processor.py:925} INFO - DAG(s) 'example_nested_branch_dag' retrieved from /home/airflow/.local/lib/python3.12/site-packages/airflow/example_dags/example_nested_branch_dag.py
[2024-10-11T03:37:38.633+0000] {logging_mixin.py:190} INFO - [2024-10-11T03:37:38.632+0000] {dag.py:3239} INFO - Sync 1 DAGs
[2024-10-11T03:37:38.692+0000] {logging_mixin.py:190} INFO - [2024-10-11T03:37:38.691+0000] {dag.py:4180} INFO - Setting next_dagrun for example_nested_branch_dag to 2024-10-10 00:00:00+00:00, run_after=2024-10-11 00:00:00+00:00
[2024-10-11T03:37:38.720+0000] {processor.py:208} INFO - Processing /home/airflow/.local/lib/python3.12/site-packages/airflow/example_dags/example_nested_branch_dag.py took 0.188 seconds
[2024-10-11T03:38:09.356+0000] {processor.py:186} INFO - Started process (PID=790) to work on /home/airflow/.local/lib/python3.12/site-packages/airflow/example_dags/example_nested_branch_dag.py
[2024-10-11T03:38:09.357+0000] {processor.py:914} INFO - Processing file /home/airflow/.local/lib/python3.12/site-packages/airflow/example_dags/example_nested_branch_dag.py for tasks to queue
[2024-10-11T03:38:09.361+0000] {logging_mixin.py:190} INFO - [2024-10-11T03:38:09.360+0000] {dagbag.py:588} INFO - Filling up the DagBag from /home/airflow/.local/lib/python3.12/site-packages/airflow/example_dags/example_nested_branch_dag.py
[2024-10-11T03:38:09.375+0000] {processor.py:925} INFO - DAG(s) 'example_nested_branch_dag' retrieved from /home/airflow/.local/lib/python3.12/site-packages/airflow/example_dags/example_nested_branch_dag.py
[2024-10-11T03:38:09.413+0000] {logging_mixin.py:190} INFO - [2024-10-11T03:38:09.412+0000] {dag.py:3239} INFO - Sync 1 DAGs
[2024-10-11T03:38:09.442+0000] {logging_mixin.py:190} INFO - [2024-10-11T03:38:09.442+0000] {dag.py:4180} INFO - Setting next_dagrun for example_nested_branch_dag to 2024-10-10 00:00:00+00:00, run_after=2024-10-11 00:00:00+00:00
[2024-10-11T03:38:09.473+0000] {processor.py:208} INFO - Processing /home/airflow/.local/lib/python3.12/site-packages/airflow/example_dags/example_nested_branch_dag.py took 0.124 seconds
[2024-10-11T03:38:40.473+0000] {processor.py:186} INFO - Started process (PID=857) to work on /home/airflow/.local/lib/python3.12/site-packages/airflow/example_dags/example_nested_branch_dag.py
[2024-10-11T03:38:40.475+0000] {processor.py:914} INFO - Processing file /home/airflow/.local/lib/python3.12/site-packages/airflow/example_dags/example_nested_branch_dag.py for tasks to queue
[2024-10-11T03:38:40.478+0000] {logging_mixin.py:190} INFO - [2024-10-11T03:38:40.478+0000] {dagbag.py:588} INFO - Filling up the DagBag from /home/airflow/.local/lib/python3.12/site-packages/airflow/example_dags/example_nested_branch_dag.py
[2024-10-11T03:38:40.491+0000] {processor.py:925} INFO - DAG(s) 'example_nested_branch_dag' retrieved from /home/airflow/.local/lib/python3.12/site-packages/airflow/example_dags/example_nested_branch_dag.py
[2024-10-11T03:38:40.517+0000] {logging_mixin.py:190} INFO - [2024-10-11T03:38:40.517+0000] {dag.py:3239} INFO - Sync 1 DAGs
[2024-10-11T03:38:40.547+0000] {logging_mixin.py:190} INFO - [2024-10-11T03:38:40.547+0000] {dag.py:4180} INFO - Setting next_dagrun for example_nested_branch_dag to 2024-10-10 00:00:00+00:00, run_after=2024-10-11 00:00:00+00:00
[2024-10-11T03:38:40.567+0000] {processor.py:208} INFO - Processing /home/airflow/.local/lib/python3.12/site-packages/airflow/example_dags/example_nested_branch_dag.py took 0.101 seconds
[2024-10-11T03:39:11.258+0000] {processor.py:186} INFO - Started process (PID=923) to work on /home/airflow/.local/lib/python3.12/site-packages/airflow/example_dags/example_nested_branch_dag.py
[2024-10-11T03:39:11.259+0000] {processor.py:914} INFO - Processing file /home/airflow/.local/lib/python3.12/site-packages/airflow/example_dags/example_nested_branch_dag.py for tasks to queue
[2024-10-11T03:39:11.262+0000] {logging_mixin.py:190} INFO - [2024-10-11T03:39:11.261+0000] {dagbag.py:588} INFO - Filling up the DagBag from /home/airflow/.local/lib/python3.12/site-packages/airflow/example_dags/example_nested_branch_dag.py
[2024-10-11T03:39:11.275+0000] {processor.py:925} INFO - DAG(s) 'example_nested_branch_dag' retrieved from /home/airflow/.local/lib/python3.12/site-packages/airflow/example_dags/example_nested_branch_dag.py
[2024-10-11T03:39:11.304+0000] {logging_mixin.py:190} INFO - [2024-10-11T03:39:11.304+0000] {dag.py:3239} INFO - Sync 1 DAGs
[2024-10-11T03:39:11.335+0000] {logging_mixin.py:190} INFO - [2024-10-11T03:39:11.334+0000] {dag.py:4180} INFO - Setting next_dagrun for example_nested_branch_dag to 2024-10-10 00:00:00+00:00, run_after=2024-10-11 00:00:00+00:00
[2024-10-11T03:39:11.359+0000] {processor.py:208} INFO - Processing /home/airflow/.local/lib/python3.12/site-packages/airflow/example_dags/example_nested_branch_dag.py took 0.108 seconds
[2024-10-11T03:39:42.375+0000] {processor.py:186} INFO - Started process (PID=989) to work on /home/airflow/.local/lib/python3.12/site-packages/airflow/example_dags/example_nested_branch_dag.py
[2024-10-11T03:39:42.377+0000] {processor.py:914} INFO - Processing file /home/airflow/.local/lib/python3.12/site-packages/airflow/example_dags/example_nested_branch_dag.py for tasks to queue
[2024-10-11T03:39:42.386+0000] {logging_mixin.py:190} INFO - [2024-10-11T03:39:42.383+0000] {dagbag.py:588} INFO - Filling up the DagBag from /home/airflow/.local/lib/python3.12/site-packages/airflow/example_dags/example_nested_branch_dag.py
[2024-10-11T03:39:42.410+0000] {processor.py:925} INFO - DAG(s) 'example_nested_branch_dag' retrieved from /home/airflow/.local/lib/python3.12/site-packages/airflow/example_dags/example_nested_branch_dag.py
[2024-10-11T03:39:42.453+0000] {logging_mixin.py:190} INFO - [2024-10-11T03:39:42.452+0000] {dag.py:3239} INFO - Sync 1 DAGs
[2024-10-11T03:39:42.506+0000] {logging_mixin.py:190} INFO - [2024-10-11T03:39:42.505+0000] {dag.py:4180} INFO - Setting next_dagrun for example_nested_branch_dag to 2024-10-10 00:00:00+00:00, run_after=2024-10-11 00:00:00+00:00
[2024-10-11T03:39:42.555+0000] {processor.py:208} INFO - Processing /home/airflow/.local/lib/python3.12/site-packages/airflow/example_dags/example_nested_branch_dag.py took 0.190 seconds
[2024-10-11T03:40:13.434+0000] {processor.py:186} INFO - Started process (PID=1055) to work on /home/airflow/.local/lib/python3.12/site-packages/airflow/example_dags/example_nested_branch_dag.py
[2024-10-11T03:40:13.435+0000] {processor.py:914} INFO - Processing file /home/airflow/.local/lib/python3.12/site-packages/airflow/example_dags/example_nested_branch_dag.py for tasks to queue
[2024-10-11T03:40:13.438+0000] {logging_mixin.py:190} INFO - [2024-10-11T03:40:13.438+0000] {dagbag.py:588} INFO - Filling up the DagBag from /home/airflow/.local/lib/python3.12/site-packages/airflow/example_dags/example_nested_branch_dag.py
[2024-10-11T03:40:13.455+0000] {processor.py:925} INFO - DAG(s) 'example_nested_branch_dag' retrieved from /home/airflow/.local/lib/python3.12/site-packages/airflow/example_dags/example_nested_branch_dag.py
[2024-10-11T03:40:13.495+0000] {logging_mixin.py:190} INFO - [2024-10-11T03:40:13.492+0000] {dag.py:3239} INFO - Sync 1 DAGs
[2024-10-11T03:40:13.543+0000] {logging_mixin.py:190} INFO - [2024-10-11T03:40:13.543+0000] {dag.py:4180} INFO - Setting next_dagrun for example_nested_branch_dag to 2024-10-10 00:00:00+00:00, run_after=2024-10-11 00:00:00+00:00
[2024-10-11T03:40:13.570+0000] {processor.py:208} INFO - Processing /home/airflow/.local/lib/python3.12/site-packages/airflow/example_dags/example_nested_branch_dag.py took 0.151 seconds
[2024-10-11T03:40:44.419+0000] {processor.py:186} INFO - Started process (PID=1121) to work on /home/airflow/.local/lib/python3.12/site-packages/airflow/example_dags/example_nested_branch_dag.py
[2024-10-11T03:40:44.420+0000] {processor.py:914} INFO - Processing file /home/airflow/.local/lib/python3.12/site-packages/airflow/example_dags/example_nested_branch_dag.py for tasks to queue
[2024-10-11T03:40:44.423+0000] {logging_mixin.py:190} INFO - [2024-10-11T03:40:44.423+0000] {dagbag.py:588} INFO - Filling up the DagBag from /home/airflow/.local/lib/python3.12/site-packages/airflow/example_dags/example_nested_branch_dag.py
[2024-10-11T03:40:44.437+0000] {processor.py:925} INFO - DAG(s) 'example_nested_branch_dag' retrieved from /home/airflow/.local/lib/python3.12/site-packages/airflow/example_dags/example_nested_branch_dag.py
[2024-10-11T03:40:44.465+0000] {logging_mixin.py:190} INFO - [2024-10-11T03:40:44.465+0000] {dag.py:3239} INFO - Sync 1 DAGs
[2024-10-11T03:40:44.498+0000] {logging_mixin.py:190} INFO - [2024-10-11T03:40:44.498+0000] {dag.py:4180} INFO - Setting next_dagrun for example_nested_branch_dag to 2024-10-10 00:00:00+00:00, run_after=2024-10-11 00:00:00+00:00
[2024-10-11T03:40:44.518+0000] {processor.py:208} INFO - Processing /home/airflow/.local/lib/python3.12/site-packages/airflow/example_dags/example_nested_branch_dag.py took 0.106 seconds
[2024-10-11T03:41:15.425+0000] {processor.py:186} INFO - Started process (PID=1187) to work on /home/airflow/.local/lib/python3.12/site-packages/airflow/example_dags/example_nested_branch_dag.py
[2024-10-11T03:41:15.427+0000] {processor.py:914} INFO - Processing file /home/airflow/.local/lib/python3.12/site-packages/airflow/example_dags/example_nested_branch_dag.py for tasks to queue
[2024-10-11T03:41:15.430+0000] {logging_mixin.py:190} INFO - [2024-10-11T03:41:15.430+0000] {dagbag.py:588} INFO - Filling up the DagBag from /home/airflow/.local/lib/python3.12/site-packages/airflow/example_dags/example_nested_branch_dag.py
[2024-10-11T03:41:15.450+0000] {processor.py:925} INFO - DAG(s) 'example_nested_branch_dag' retrieved from /home/airflow/.local/lib/python3.12/site-packages/airflow/example_dags/example_nested_branch_dag.py
[2024-10-11T03:41:15.482+0000] {logging_mixin.py:190} INFO - [2024-10-11T03:41:15.481+0000] {dag.py:3239} INFO - Sync 1 DAGs
[2024-10-11T03:41:15.515+0000] {logging_mixin.py:190} INFO - [2024-10-11T03:41:15.514+0000] {dag.py:4180} INFO - Setting next_dagrun for example_nested_branch_dag to 2024-10-10 00:00:00+00:00, run_after=2024-10-11 00:00:00+00:00
[2024-10-11T03:41:15.534+0000] {processor.py:208} INFO - Processing /home/airflow/.local/lib/python3.12/site-packages/airflow/example_dags/example_nested_branch_dag.py took 0.117 seconds
[2024-10-11T03:41:46.403+0000] {processor.py:186} INFO - Started process (PID=1253) to work on /home/airflow/.local/lib/python3.12/site-packages/airflow/example_dags/example_nested_branch_dag.py
[2024-10-11T03:41:46.405+0000] {processor.py:914} INFO - Processing file /home/airflow/.local/lib/python3.12/site-packages/airflow/example_dags/example_nested_branch_dag.py for tasks to queue
[2024-10-11T03:41:46.408+0000] {logging_mixin.py:190} INFO - [2024-10-11T03:41:46.408+0000] {dagbag.py:588} INFO - Filling up the DagBag from /home/airflow/.local/lib/python3.12/site-packages/airflow/example_dags/example_nested_branch_dag.py
[2024-10-11T03:41:46.427+0000] {processor.py:925} INFO - DAG(s) 'example_nested_branch_dag' retrieved from /home/airflow/.local/lib/python3.12/site-packages/airflow/example_dags/example_nested_branch_dag.py
[2024-10-11T03:41:46.458+0000] {logging_mixin.py:190} INFO - [2024-10-11T03:41:46.458+0000] {dag.py:3239} INFO - Sync 1 DAGs
[2024-10-11T03:41:46.490+0000] {logging_mixin.py:190} INFO - [2024-10-11T03:41:46.489+0000] {dag.py:4180} INFO - Setting next_dagrun for example_nested_branch_dag to 2024-10-10 00:00:00+00:00, run_after=2024-10-11 00:00:00+00:00
[2024-10-11T03:41:46.512+0000] {processor.py:208} INFO - Processing /home/airflow/.local/lib/python3.12/site-packages/airflow/example_dags/example_nested_branch_dag.py took 0.118 seconds
[2024-10-11T03:42:16.878+0000] {processor.py:186} INFO - Started process (PID=1319) to work on /home/airflow/.local/lib/python3.12/site-packages/airflow/example_dags/example_nested_branch_dag.py
[2024-10-11T03:42:16.879+0000] {processor.py:914} INFO - Processing file /home/airflow/.local/lib/python3.12/site-packages/airflow/example_dags/example_nested_branch_dag.py for tasks to queue
[2024-10-11T03:42:16.885+0000] {logging_mixin.py:190} INFO - [2024-10-11T03:42:16.882+0000] {dagbag.py:588} INFO - Filling up the DagBag from /home/airflow/.local/lib/python3.12/site-packages/airflow/example_dags/example_nested_branch_dag.py
[2024-10-11T03:42:16.898+0000] {processor.py:925} INFO - DAG(s) 'example_nested_branch_dag' retrieved from /home/airflow/.local/lib/python3.12/site-packages/airflow/example_dags/example_nested_branch_dag.py
[2024-10-11T03:42:16.924+0000] {logging_mixin.py:190} INFO - [2024-10-11T03:42:16.924+0000] {dag.py:3239} INFO - Sync 1 DAGs
[2024-10-11T03:42:16.954+0000] {logging_mixin.py:190} INFO - [2024-10-11T03:42:16.953+0000] {dag.py:4180} INFO - Setting next_dagrun for example_nested_branch_dag to 2024-10-10 00:00:00+00:00, run_after=2024-10-11 00:00:00+00:00
[2024-10-11T03:42:16.973+0000] {processor.py:208} INFO - Processing /home/airflow/.local/lib/python3.12/site-packages/airflow/example_dags/example_nested_branch_dag.py took 0.103 seconds
[2024-10-11T03:42:47.339+0000] {processor.py:186} INFO - Started process (PID=1385) to work on /home/airflow/.local/lib/python3.12/site-packages/airflow/example_dags/example_nested_branch_dag.py
[2024-10-11T03:42:47.340+0000] {processor.py:914} INFO - Processing file /home/airflow/.local/lib/python3.12/site-packages/airflow/example_dags/example_nested_branch_dag.py for tasks to queue
[2024-10-11T03:42:47.344+0000] {logging_mixin.py:190} INFO - [2024-10-11T03:42:47.343+0000] {dagbag.py:588} INFO - Filling up the DagBag from /home/airflow/.local/lib/python3.12/site-packages/airflow/example_dags/example_nested_branch_dag.py
[2024-10-11T03:42:47.358+0000] {processor.py:925} INFO - DAG(s) 'example_nested_branch_dag' retrieved from /home/airflow/.local/lib/python3.12/site-packages/airflow/example_dags/example_nested_branch_dag.py
[2024-10-11T03:42:47.393+0000] {logging_mixin.py:190} INFO - [2024-10-11T03:42:47.393+0000] {dag.py:3239} INFO - Sync 1 DAGs
[2024-10-11T03:42:47.439+0000] {logging_mixin.py:190} INFO - [2024-10-11T03:42:47.439+0000] {dag.py:4180} INFO - Setting next_dagrun for example_nested_branch_dag to 2024-10-10 00:00:00+00:00, run_after=2024-10-11 00:00:00+00:00
[2024-10-11T03:42:47.477+0000] {processor.py:208} INFO - Processing /home/airflow/.local/lib/python3.12/site-packages/airflow/example_dags/example_nested_branch_dag.py took 0.146 seconds
[2024-10-11T03:43:18.481+0000] {processor.py:186} INFO - Started process (PID=1453) to work on /home/airflow/.local/lib/python3.12/site-packages/airflow/example_dags/example_nested_branch_dag.py
[2024-10-11T03:43:18.482+0000] {processor.py:914} INFO - Processing file /home/airflow/.local/lib/python3.12/site-packages/airflow/example_dags/example_nested_branch_dag.py for tasks to queue
[2024-10-11T03:43:18.485+0000] {logging_mixin.py:190} INFO - [2024-10-11T03:43:18.485+0000] {dagbag.py:588} INFO - Filling up the DagBag from /home/airflow/.local/lib/python3.12/site-packages/airflow/example_dags/example_nested_branch_dag.py
[2024-10-11T03:43:18.500+0000] {processor.py:925} INFO - DAG(s) 'example_nested_branch_dag' retrieved from /home/airflow/.local/lib/python3.12/site-packages/airflow/example_dags/example_nested_branch_dag.py
[2024-10-11T03:43:18.546+0000] {logging_mixin.py:190} INFO - [2024-10-11T03:43:18.546+0000] {dag.py:3239} INFO - Sync 1 DAGs
[2024-10-11T03:43:18.576+0000] {logging_mixin.py:190} INFO - [2024-10-11T03:43:18.576+0000] {dag.py:4180} INFO - Setting next_dagrun for example_nested_branch_dag to 2024-10-10 00:00:00+00:00, run_after=2024-10-11 00:00:00+00:00
[2024-10-11T03:43:18.599+0000] {processor.py:208} INFO - Processing /home/airflow/.local/lib/python3.12/site-packages/airflow/example_dags/example_nested_branch_dag.py took 0.125 seconds
[2024-10-11T03:43:49.345+0000] {processor.py:186} INFO - Started process (PID=1520) to work on /home/airflow/.local/lib/python3.12/site-packages/airflow/example_dags/example_nested_branch_dag.py
[2024-10-11T03:43:49.346+0000] {processor.py:914} INFO - Processing file /home/airflow/.local/lib/python3.12/site-packages/airflow/example_dags/example_nested_branch_dag.py for tasks to queue
[2024-10-11T03:43:49.351+0000] {logging_mixin.py:190} INFO - [2024-10-11T03:43:49.350+0000] {dagbag.py:588} INFO - Filling up the DagBag from /home/airflow/.local/lib/python3.12/site-packages/airflow/example_dags/example_nested_branch_dag.py
[2024-10-11T03:43:49.372+0000] {processor.py:925} INFO - DAG(s) 'example_nested_branch_dag' retrieved from /home/airflow/.local/lib/python3.12/site-packages/airflow/example_dags/example_nested_branch_dag.py
[2024-10-11T03:43:49.418+0000] {logging_mixin.py:190} INFO - [2024-10-11T03:43:49.417+0000] {dag.py:3239} INFO - Sync 1 DAGs
[2024-10-11T03:43:49.458+0000] {logging_mixin.py:190} INFO - [2024-10-11T03:43:49.458+0000] {dag.py:4180} INFO - Setting next_dagrun for example_nested_branch_dag to 2024-10-10 00:00:00+00:00, run_after=2024-10-11 00:00:00+00:00
[2024-10-11T03:43:49.481+0000] {processor.py:208} INFO - Processing /home/airflow/.local/lib/python3.12/site-packages/airflow/example_dags/example_nested_branch_dag.py took 0.150 seconds
[2024-10-11T03:44:19.956+0000] {processor.py:186} INFO - Started process (PID=1587) to work on /home/airflow/.local/lib/python3.12/site-packages/airflow/example_dags/example_nested_branch_dag.py
[2024-10-11T03:44:19.957+0000] {processor.py:914} INFO - Processing file /home/airflow/.local/lib/python3.12/site-packages/airflow/example_dags/example_nested_branch_dag.py for tasks to queue
[2024-10-11T03:44:19.961+0000] {logging_mixin.py:190} INFO - [2024-10-11T03:44:19.961+0000] {dagbag.py:588} INFO - Filling up the DagBag from /home/airflow/.local/lib/python3.12/site-packages/airflow/example_dags/example_nested_branch_dag.py
[2024-10-11T03:44:19.980+0000] {processor.py:925} INFO - DAG(s) 'example_nested_branch_dag' retrieved from /home/airflow/.local/lib/python3.12/site-packages/airflow/example_dags/example_nested_branch_dag.py
[2024-10-11T03:44:20.019+0000] {logging_mixin.py:190} INFO - [2024-10-11T03:44:20.019+0000] {dag.py:3239} INFO - Sync 1 DAGs
[2024-10-11T03:44:20.056+0000] {logging_mixin.py:190} INFO - [2024-10-11T03:44:20.056+0000] {dag.py:4180} INFO - Setting next_dagrun for example_nested_branch_dag to 2024-10-10 00:00:00+00:00, run_after=2024-10-11 00:00:00+00:00
[2024-10-11T03:44:20.081+0000] {processor.py:208} INFO - Processing /home/airflow/.local/lib/python3.12/site-packages/airflow/example_dags/example_nested_branch_dag.py took 0.134 seconds
[2024-10-11T03:44:50.741+0000] {processor.py:186} INFO - Started process (PID=1654) to work on /home/airflow/.local/lib/python3.12/site-packages/airflow/example_dags/example_nested_branch_dag.py
[2024-10-11T03:44:50.742+0000] {processor.py:914} INFO - Processing file /home/airflow/.local/lib/python3.12/site-packages/airflow/example_dags/example_nested_branch_dag.py for tasks to queue
[2024-10-11T03:44:50.746+0000] {logging_mixin.py:190} INFO - [2024-10-11T03:44:50.746+0000] {dagbag.py:588} INFO - Filling up the DagBag from /home/airflow/.local/lib/python3.12/site-packages/airflow/example_dags/example_nested_branch_dag.py
[2024-10-11T03:44:50.762+0000] {processor.py:925} INFO - DAG(s) 'example_nested_branch_dag' retrieved from /home/airflow/.local/lib/python3.12/site-packages/airflow/example_dags/example_nested_branch_dag.py
[2024-10-11T03:44:50.788+0000] {logging_mixin.py:190} INFO - [2024-10-11T03:44:50.788+0000] {dag.py:3239} INFO - Sync 1 DAGs
[2024-10-11T03:44:50.818+0000] {logging_mixin.py:190} INFO - [2024-10-11T03:44:50.818+0000] {dag.py:4180} INFO - Setting next_dagrun for example_nested_branch_dag to 2024-10-10 00:00:00+00:00, run_after=2024-10-11 00:00:00+00:00
[2024-10-11T03:44:50.839+0000] {processor.py:208} INFO - Processing /home/airflow/.local/lib/python3.12/site-packages/airflow/example_dags/example_nested_branch_dag.py took 0.108 seconds
[2024-10-11T03:45:21.269+0000] {processor.py:186} INFO - Started process (PID=1722) to work on /home/airflow/.local/lib/python3.12/site-packages/airflow/example_dags/example_nested_branch_dag.py
[2024-10-11T03:45:21.270+0000] {processor.py:914} INFO - Processing file /home/airflow/.local/lib/python3.12/site-packages/airflow/example_dags/example_nested_branch_dag.py for tasks to queue
[2024-10-11T03:45:21.273+0000] {logging_mixin.py:190} INFO - [2024-10-11T03:45:21.273+0000] {dagbag.py:588} INFO - Filling up the DagBag from /home/airflow/.local/lib/python3.12/site-packages/airflow/example_dags/example_nested_branch_dag.py
[2024-10-11T03:45:21.288+0000] {processor.py:925} INFO - DAG(s) 'example_nested_branch_dag' retrieved from /home/airflow/.local/lib/python3.12/site-packages/airflow/example_dags/example_nested_branch_dag.py
[2024-10-11T03:45:21.316+0000] {logging_mixin.py:190} INFO - [2024-10-11T03:45:21.315+0000] {dag.py:3239} INFO - Sync 1 DAGs
[2024-10-11T03:45:21.348+0000] {logging_mixin.py:190} INFO - [2024-10-11T03:45:21.347+0000] {dag.py:4180} INFO - Setting next_dagrun for example_nested_branch_dag to 2024-10-10 00:00:00+00:00, run_after=2024-10-11 00:00:00+00:00
[2024-10-11T03:45:21.369+0000] {processor.py:208} INFO - Processing /home/airflow/.local/lib/python3.12/site-packages/airflow/example_dags/example_nested_branch_dag.py took 0.109 seconds
[2024-10-11T03:45:52.177+0000] {processor.py:186} INFO - Started process (PID=1789) to work on /home/airflow/.local/lib/python3.12/site-packages/airflow/example_dags/example_nested_branch_dag.py
[2024-10-11T03:45:52.178+0000] {processor.py:914} INFO - Processing file /home/airflow/.local/lib/python3.12/site-packages/airflow/example_dags/example_nested_branch_dag.py for tasks to queue
[2024-10-11T03:45:52.182+0000] {logging_mixin.py:190} INFO - [2024-10-11T03:45:52.182+0000] {dagbag.py:588} INFO - Filling up the DagBag from /home/airflow/.local/lib/python3.12/site-packages/airflow/example_dags/example_nested_branch_dag.py
[2024-10-11T03:45:52.198+0000] {processor.py:925} INFO - DAG(s) 'example_nested_branch_dag' retrieved from /home/airflow/.local/lib/python3.12/site-packages/airflow/example_dags/example_nested_branch_dag.py
[2024-10-11T03:45:52.243+0000] {logging_mixin.py:190} INFO - [2024-10-11T03:45:52.243+0000] {dag.py:3239} INFO - Sync 1 DAGs
[2024-10-11T03:45:52.274+0000] {logging_mixin.py:190} INFO - [2024-10-11T03:45:52.274+0000] {dag.py:4180} INFO - Setting next_dagrun for example_nested_branch_dag to 2024-10-10 00:00:00+00:00, run_after=2024-10-11 00:00:00+00:00
[2024-10-11T03:45:52.293+0000] {processor.py:208} INFO - Processing /home/airflow/.local/lib/python3.12/site-packages/airflow/example_dags/example_nested_branch_dag.py took 0.125 seconds
[2024-10-11T03:46:23.519+0000] {processor.py:186} INFO - Started process (PID=1856) to work on /home/airflow/.local/lib/python3.12/site-packages/airflow/example_dags/example_nested_branch_dag.py
[2024-10-11T03:46:23.520+0000] {processor.py:914} INFO - Processing file /home/airflow/.local/lib/python3.12/site-packages/airflow/example_dags/example_nested_branch_dag.py for tasks to queue
[2024-10-11T03:46:23.524+0000] {logging_mixin.py:190} INFO - [2024-10-11T03:46:23.524+0000] {dagbag.py:588} INFO - Filling up the DagBag from /home/airflow/.local/lib/python3.12/site-packages/airflow/example_dags/example_nested_branch_dag.py
[2024-10-11T03:46:23.541+0000] {processor.py:925} INFO - DAG(s) 'example_nested_branch_dag' retrieved from /home/airflow/.local/lib/python3.12/site-packages/airflow/example_dags/example_nested_branch_dag.py
[2024-10-11T03:46:23.582+0000] {logging_mixin.py:190} INFO - [2024-10-11T03:46:23.580+0000] {dag.py:3239} INFO - Sync 1 DAGs
[2024-10-11T03:46:23.615+0000] {logging_mixin.py:190} INFO - [2024-10-11T03:46:23.615+0000] {dag.py:4180} INFO - Setting next_dagrun for example_nested_branch_dag to 2024-10-10 00:00:00+00:00, run_after=2024-10-11 00:00:00+00:00
[2024-10-11T03:46:23.635+0000] {processor.py:208} INFO - Processing /home/airflow/.local/lib/python3.12/site-packages/airflow/example_dags/example_nested_branch_dag.py took 0.125 seconds
[2024-10-11T03:46:54.208+0000] {processor.py:186} INFO - Started process (PID=1922) to work on /home/airflow/.local/lib/python3.12/site-packages/airflow/example_dags/example_nested_branch_dag.py
[2024-10-11T03:46:54.209+0000] {processor.py:914} INFO - Processing file /home/airflow/.local/lib/python3.12/site-packages/airflow/example_dags/example_nested_branch_dag.py for tasks to queue
[2024-10-11T03:46:54.213+0000] {logging_mixin.py:190} INFO - [2024-10-11T03:46:54.213+0000] {dagbag.py:588} INFO - Filling up the DagBag from /home/airflow/.local/lib/python3.12/site-packages/airflow/example_dags/example_nested_branch_dag.py
[2024-10-11T03:46:54.227+0000] {processor.py:925} INFO - DAG(s) 'example_nested_branch_dag' retrieved from /home/airflow/.local/lib/python3.12/site-packages/airflow/example_dags/example_nested_branch_dag.py
[2024-10-11T03:46:54.256+0000] {logging_mixin.py:190} INFO - [2024-10-11T03:46:54.255+0000] {dag.py:3239} INFO - Sync 1 DAGs
[2024-10-11T03:46:54.299+0000] {logging_mixin.py:190} INFO - [2024-10-11T03:46:54.299+0000] {dag.py:4180} INFO - Setting next_dagrun for example_nested_branch_dag to 2024-10-10 00:00:00+00:00, run_after=2024-10-11 00:00:00+00:00
[2024-10-11T03:46:54.321+0000] {processor.py:208} INFO - Processing /home/airflow/.local/lib/python3.12/site-packages/airflow/example_dags/example_nested_branch_dag.py took 0.121 seconds
[2024-10-11T03:47:25.421+0000] {processor.py:186} INFO - Started process (PID=1989) to work on /home/airflow/.local/lib/python3.12/site-packages/airflow/example_dags/example_nested_branch_dag.py
[2024-10-11T03:47:25.422+0000] {processor.py:914} INFO - Processing file /home/airflow/.local/lib/python3.12/site-packages/airflow/example_dags/example_nested_branch_dag.py for tasks to queue
[2024-10-11T03:47:25.426+0000] {logging_mixin.py:190} INFO - [2024-10-11T03:47:25.425+0000] {dagbag.py:588} INFO - Filling up the DagBag from /home/airflow/.local/lib/python3.12/site-packages/airflow/example_dags/example_nested_branch_dag.py
[2024-10-11T03:47:25.441+0000] {processor.py:925} INFO - DAG(s) 'example_nested_branch_dag' retrieved from /home/airflow/.local/lib/python3.12/site-packages/airflow/example_dags/example_nested_branch_dag.py
[2024-10-11T03:47:25.469+0000] {logging_mixin.py:190} INFO - [2024-10-11T03:47:25.469+0000] {dag.py:3239} INFO - Sync 1 DAGs
[2024-10-11T03:47:25.503+0000] {logging_mixin.py:190} INFO - [2024-10-11T03:47:25.503+0000] {dag.py:4180} INFO - Setting next_dagrun for example_nested_branch_dag to 2024-10-10 00:00:00+00:00, run_after=2024-10-11 00:00:00+00:00
[2024-10-11T03:47:25.526+0000] {processor.py:208} INFO - Processing /home/airflow/.local/lib/python3.12/site-packages/airflow/example_dags/example_nested_branch_dag.py took 0.112 seconds
[2024-10-11T03:47:56.469+0000] {processor.py:186} INFO - Started process (PID=2056) to work on /home/airflow/.local/lib/python3.12/site-packages/airflow/example_dags/example_nested_branch_dag.py
[2024-10-11T03:47:56.471+0000] {processor.py:914} INFO - Processing file /home/airflow/.local/lib/python3.12/site-packages/airflow/example_dags/example_nested_branch_dag.py for tasks to queue
[2024-10-11T03:47:56.474+0000] {logging_mixin.py:190} INFO - [2024-10-11T03:47:56.474+0000] {dagbag.py:588} INFO - Filling up the DagBag from /home/airflow/.local/lib/python3.12/site-packages/airflow/example_dags/example_nested_branch_dag.py
[2024-10-11T03:47:56.492+0000] {processor.py:925} INFO - DAG(s) 'example_nested_branch_dag' retrieved from /home/airflow/.local/lib/python3.12/site-packages/airflow/example_dags/example_nested_branch_dag.py
[2024-10-11T03:47:56.526+0000] {logging_mixin.py:190} INFO - [2024-10-11T03:47:56.526+0000] {dag.py:3239} INFO - Sync 1 DAGs
[2024-10-11T03:47:56.560+0000] {logging_mixin.py:190} INFO - [2024-10-11T03:47:56.559+0000] {dag.py:4180} INFO - Setting next_dagrun for example_nested_branch_dag to 2024-10-10 00:00:00+00:00, run_after=2024-10-11 00:00:00+00:00
[2024-10-11T03:47:56.585+0000] {processor.py:208} INFO - Processing /home/airflow/.local/lib/python3.12/site-packages/airflow/example_dags/example_nested_branch_dag.py took 0.124 seconds
[2024-10-11T03:48:27.130+0000] {processor.py:186} INFO - Started process (PID=2123) to work on /home/airflow/.local/lib/python3.12/site-packages/airflow/example_dags/example_nested_branch_dag.py
[2024-10-11T03:48:27.131+0000] {processor.py:914} INFO - Processing file /home/airflow/.local/lib/python3.12/site-packages/airflow/example_dags/example_nested_branch_dag.py for tasks to queue
[2024-10-11T03:48:27.134+0000] {logging_mixin.py:190} INFO - [2024-10-11T03:48:27.134+0000] {dagbag.py:588} INFO - Filling up the DagBag from /home/airflow/.local/lib/python3.12/site-packages/airflow/example_dags/example_nested_branch_dag.py
[2024-10-11T03:48:27.148+0000] {processor.py:925} INFO - DAG(s) 'example_nested_branch_dag' retrieved from /home/airflow/.local/lib/python3.12/site-packages/airflow/example_dags/example_nested_branch_dag.py
[2024-10-11T03:48:27.173+0000] {logging_mixin.py:190} INFO - [2024-10-11T03:48:27.173+0000] {dag.py:3239} INFO - Sync 1 DAGs
[2024-10-11T03:48:27.205+0000] {logging_mixin.py:190} INFO - [2024-10-11T03:48:27.204+0000] {dag.py:4180} INFO - Setting next_dagrun for example_nested_branch_dag to 2024-10-10 00:00:00+00:00, run_after=2024-10-11 00:00:00+00:00
[2024-10-11T03:48:27.226+0000] {processor.py:208} INFO - Processing /home/airflow/.local/lib/python3.12/site-packages/airflow/example_dags/example_nested_branch_dag.py took 0.103 seconds
[2024-10-11T03:48:57.999+0000] {processor.py:186} INFO - Started process (PID=2195) to work on /home/airflow/.local/lib/python3.12/site-packages/airflow/example_dags/example_nested_branch_dag.py
[2024-10-11T03:48:58.001+0000] {processor.py:914} INFO - Processing file /home/airflow/.local/lib/python3.12/site-packages/airflow/example_dags/example_nested_branch_dag.py for tasks to queue
[2024-10-11T03:48:58.006+0000] {logging_mixin.py:190} INFO - [2024-10-11T03:48:58.005+0000] {dagbag.py:588} INFO - Filling up the DagBag from /home/airflow/.local/lib/python3.12/site-packages/airflow/example_dags/example_nested_branch_dag.py
[2024-10-11T03:48:58.033+0000] {processor.py:925} INFO - DAG(s) 'example_nested_branch_dag' retrieved from /home/airflow/.local/lib/python3.12/site-packages/airflow/example_dags/example_nested_branch_dag.py
[2024-10-11T03:48:58.069+0000] {logging_mixin.py:190} INFO - [2024-10-11T03:48:58.069+0000] {dag.py:3239} INFO - Sync 1 DAGs
[2024-10-11T03:48:58.124+0000] {logging_mixin.py:190} INFO - [2024-10-11T03:48:58.124+0000] {dag.py:4180} INFO - Setting next_dagrun for example_nested_branch_dag to 2024-10-10 00:00:00+00:00, run_after=2024-10-11 00:00:00+00:00
[2024-10-11T03:48:58.152+0000] {processor.py:208} INFO - Processing /home/airflow/.local/lib/python3.12/site-packages/airflow/example_dags/example_nested_branch_dag.py took 0.165 seconds
[2024-10-11T03:49:29.456+0000] {processor.py:186} INFO - Started process (PID=2261) to work on /home/airflow/.local/lib/python3.12/site-packages/airflow/example_dags/example_nested_branch_dag.py
[2024-10-11T03:49:29.457+0000] {processor.py:914} INFO - Processing file /home/airflow/.local/lib/python3.12/site-packages/airflow/example_dags/example_nested_branch_dag.py for tasks to queue
[2024-10-11T03:49:29.469+0000] {logging_mixin.py:190} INFO - [2024-10-11T03:49:29.468+0000] {dagbag.py:588} INFO - Filling up the DagBag from /home/airflow/.local/lib/python3.12/site-packages/airflow/example_dags/example_nested_branch_dag.py
[2024-10-11T03:49:29.500+0000] {processor.py:925} INFO - DAG(s) 'example_nested_branch_dag' retrieved from /home/airflow/.local/lib/python3.12/site-packages/airflow/example_dags/example_nested_branch_dag.py
[2024-10-11T03:49:29.581+0000] {logging_mixin.py:190} INFO - [2024-10-11T03:49:29.580+0000] {dag.py:3239} INFO - Sync 1 DAGs
[2024-10-11T03:49:29.703+0000] {logging_mixin.py:190} INFO - [2024-10-11T03:49:29.703+0000] {dag.py:4180} INFO - Setting next_dagrun for example_nested_branch_dag to 2024-10-10 00:00:00+00:00, run_after=2024-10-11 00:00:00+00:00
[2024-10-11T03:49:29.752+0000] {processor.py:208} INFO - Processing /home/airflow/.local/lib/python3.12/site-packages/airflow/example_dags/example_nested_branch_dag.py took 0.314 seconds
[2024-10-11T03:50:00.819+0000] {processor.py:186} INFO - Started process (PID=2328) to work on /home/airflow/.local/lib/python3.12/site-packages/airflow/example_dags/example_nested_branch_dag.py
[2024-10-11T03:50:00.820+0000] {processor.py:914} INFO - Processing file /home/airflow/.local/lib/python3.12/site-packages/airflow/example_dags/example_nested_branch_dag.py for tasks to queue
[2024-10-11T03:50:00.823+0000] {logging_mixin.py:190} INFO - [2024-10-11T03:50:00.823+0000] {dagbag.py:588} INFO - Filling up the DagBag from /home/airflow/.local/lib/python3.12/site-packages/airflow/example_dags/example_nested_branch_dag.py
[2024-10-11T03:50:00.839+0000] {processor.py:925} INFO - DAG(s) 'example_nested_branch_dag' retrieved from /home/airflow/.local/lib/python3.12/site-packages/airflow/example_dags/example_nested_branch_dag.py
[2024-10-11T03:50:00.865+0000] {logging_mixin.py:190} INFO - [2024-10-11T03:50:00.865+0000] {dag.py:3239} INFO - Sync 1 DAGs
[2024-10-11T03:50:00.900+0000] {logging_mixin.py:190} INFO - [2024-10-11T03:50:00.900+0000] {dag.py:4180} INFO - Setting next_dagrun for example_nested_branch_dag to 2024-10-10 00:00:00+00:00, run_after=2024-10-11 00:00:00+00:00
[2024-10-11T03:50:00.940+0000] {processor.py:208} INFO - Processing /home/airflow/.local/lib/python3.12/site-packages/airflow/example_dags/example_nested_branch_dag.py took 0.129 seconds
[2024-10-11T03:50:31.708+0000] {processor.py:186} INFO - Started process (PID=2395) to work on /home/airflow/.local/lib/python3.12/site-packages/airflow/example_dags/example_nested_branch_dag.py
[2024-10-11T03:50:31.709+0000] {processor.py:914} INFO - Processing file /home/airflow/.local/lib/python3.12/site-packages/airflow/example_dags/example_nested_branch_dag.py for tasks to queue
[2024-10-11T03:50:31.720+0000] {logging_mixin.py:190} INFO - [2024-10-11T03:50:31.720+0000] {dagbag.py:588} INFO - Filling up the DagBag from /home/airflow/.local/lib/python3.12/site-packages/airflow/example_dags/example_nested_branch_dag.py
[2024-10-11T03:50:31.748+0000] {processor.py:925} INFO - DAG(s) 'example_nested_branch_dag' retrieved from /home/airflow/.local/lib/python3.12/site-packages/airflow/example_dags/example_nested_branch_dag.py
[2024-10-11T03:50:31.777+0000] {logging_mixin.py:190} INFO - [2024-10-11T03:50:31.777+0000] {dag.py:3239} INFO - Sync 1 DAGs
[2024-10-11T03:50:31.806+0000] {logging_mixin.py:190} INFO - [2024-10-11T03:50:31.806+0000] {dag.py:4180} INFO - Setting next_dagrun for example_nested_branch_dag to 2024-10-10 00:00:00+00:00, run_after=2024-10-11 00:00:00+00:00
[2024-10-11T03:50:31.825+0000] {processor.py:208} INFO - Processing /home/airflow/.local/lib/python3.12/site-packages/airflow/example_dags/example_nested_branch_dag.py took 0.131 seconds
[2024-10-11T03:51:02.235+0000] {processor.py:186} INFO - Started process (PID=2462) to work on /home/airflow/.local/lib/python3.12/site-packages/airflow/example_dags/example_nested_branch_dag.py
[2024-10-11T03:51:02.236+0000] {processor.py:914} INFO - Processing file /home/airflow/.local/lib/python3.12/site-packages/airflow/example_dags/example_nested_branch_dag.py for tasks to queue
[2024-10-11T03:51:02.240+0000] {logging_mixin.py:190} INFO - [2024-10-11T03:51:02.239+0000] {dagbag.py:588} INFO - Filling up the DagBag from /home/airflow/.local/lib/python3.12/site-packages/airflow/example_dags/example_nested_branch_dag.py
[2024-10-11T03:51:02.259+0000] {processor.py:925} INFO - DAG(s) 'example_nested_branch_dag' retrieved from /home/airflow/.local/lib/python3.12/site-packages/airflow/example_dags/example_nested_branch_dag.py
[2024-10-11T03:51:02.297+0000] {logging_mixin.py:190} INFO - [2024-10-11T03:51:02.296+0000] {dag.py:3239} INFO - Sync 1 DAGs
[2024-10-11T03:51:02.336+0000] {logging_mixin.py:190} INFO - [2024-10-11T03:51:02.336+0000] {dag.py:4180} INFO - Setting next_dagrun for example_nested_branch_dag to 2024-10-10 00:00:00+00:00, run_after=2024-10-11 00:00:00+00:00
[2024-10-11T03:51:02.367+0000] {processor.py:208} INFO - Processing /home/airflow/.local/lib/python3.12/site-packages/airflow/example_dags/example_nested_branch_dag.py took 0.141 seconds
[2024-10-11T03:51:34.178+0000] {processor.py:186} INFO - Started process (PID=2529) to work on /home/airflow/.local/lib/python3.12/site-packages/airflow/example_dags/example_nested_branch_dag.py
[2024-10-11T03:51:34.179+0000] {processor.py:914} INFO - Processing file /home/airflow/.local/lib/python3.12/site-packages/airflow/example_dags/example_nested_branch_dag.py for tasks to queue
[2024-10-11T03:51:34.184+0000] {logging_mixin.py:190} INFO - [2024-10-11T03:51:34.184+0000] {dagbag.py:588} INFO - Filling up the DagBag from /home/airflow/.local/lib/python3.12/site-packages/airflow/example_dags/example_nested_branch_dag.py
[2024-10-11T03:51:34.204+0000] {processor.py:925} INFO - DAG(s) 'example_nested_branch_dag' retrieved from /home/airflow/.local/lib/python3.12/site-packages/airflow/example_dags/example_nested_branch_dag.py
[2024-10-11T03:51:34.241+0000] {logging_mixin.py:190} INFO - [2024-10-11T03:51:34.241+0000] {dag.py:3239} INFO - Sync 1 DAGs
[2024-10-11T03:51:34.504+0000] {logging_mixin.py:190} INFO - [2024-10-11T03:51:34.504+0000] {dag.py:4180} INFO - Setting next_dagrun for example_nested_branch_dag to 2024-10-10 00:00:00+00:00, run_after=2024-10-11 00:00:00+00:00
[2024-10-11T03:51:34.532+0000] {processor.py:208} INFO - Processing /home/airflow/.local/lib/python3.12/site-packages/airflow/example_dags/example_nested_branch_dag.py took 0.366 seconds
[2024-10-11T03:52:05.183+0000] {processor.py:186} INFO - Started process (PID=2595) to work on /home/airflow/.local/lib/python3.12/site-packages/airflow/example_dags/example_nested_branch_dag.py
[2024-10-11T03:52:05.185+0000] {processor.py:914} INFO - Processing file /home/airflow/.local/lib/python3.12/site-packages/airflow/example_dags/example_nested_branch_dag.py for tasks to queue
[2024-10-11T03:52:05.189+0000] {logging_mixin.py:190} INFO - [2024-10-11T03:52:05.189+0000] {dagbag.py:588} INFO - Filling up the DagBag from /home/airflow/.local/lib/python3.12/site-packages/airflow/example_dags/example_nested_branch_dag.py
[2024-10-11T03:52:05.210+0000] {processor.py:925} INFO - DAG(s) 'example_nested_branch_dag' retrieved from /home/airflow/.local/lib/python3.12/site-packages/airflow/example_dags/example_nested_branch_dag.py
[2024-10-11T03:52:05.250+0000] {logging_mixin.py:190} INFO - [2024-10-11T03:52:05.249+0000] {dag.py:3239} INFO - Sync 1 DAGs
[2024-10-11T03:52:05.295+0000] {logging_mixin.py:190} INFO - [2024-10-11T03:52:05.295+0000] {dag.py:4180} INFO - Setting next_dagrun for example_nested_branch_dag to 2024-10-10 00:00:00+00:00, run_after=2024-10-11 00:00:00+00:00
[2024-10-11T03:52:05.544+0000] {processor.py:208} INFO - Processing /home/airflow/.local/lib/python3.12/site-packages/airflow/example_dags/example_nested_branch_dag.py took 0.370 seconds
[2024-10-11T03:52:35.672+0000] {processor.py:186} INFO - Started process (PID=2661) to work on /home/airflow/.local/lib/python3.12/site-packages/airflow/example_dags/example_nested_branch_dag.py
[2024-10-11T03:52:35.673+0000] {processor.py:914} INFO - Processing file /home/airflow/.local/lib/python3.12/site-packages/airflow/example_dags/example_nested_branch_dag.py for tasks to queue
[2024-10-11T03:52:35.677+0000] {logging_mixin.py:190} INFO - [2024-10-11T03:52:35.676+0000] {dagbag.py:588} INFO - Filling up the DagBag from /home/airflow/.local/lib/python3.12/site-packages/airflow/example_dags/example_nested_branch_dag.py
[2024-10-11T03:52:35.696+0000] {processor.py:925} INFO - DAG(s) 'example_nested_branch_dag' retrieved from /home/airflow/.local/lib/python3.12/site-packages/airflow/example_dags/example_nested_branch_dag.py
[2024-10-11T03:52:35.738+0000] {logging_mixin.py:190} INFO - [2024-10-11T03:52:35.737+0000] {dag.py:3239} INFO - Sync 1 DAGs
[2024-10-11T03:52:35.780+0000] {logging_mixin.py:190} INFO - [2024-10-11T03:52:35.780+0000] {dag.py:4180} INFO - Setting next_dagrun for example_nested_branch_dag to 2024-10-10 00:00:00+00:00, run_after=2024-10-11 00:00:00+00:00
[2024-10-11T03:52:35.812+0000] {processor.py:208} INFO - Processing /home/airflow/.local/lib/python3.12/site-packages/airflow/example_dags/example_nested_branch_dag.py took 0.151 seconds
[2024-10-11T03:53:06.994+0000] {processor.py:186} INFO - Started process (PID=2729) to work on /home/airflow/.local/lib/python3.12/site-packages/airflow/example_dags/example_nested_branch_dag.py
[2024-10-11T03:53:06.996+0000] {processor.py:914} INFO - Processing file /home/airflow/.local/lib/python3.12/site-packages/airflow/example_dags/example_nested_branch_dag.py for tasks to queue
[2024-10-11T03:53:07.004+0000] {logging_mixin.py:190} INFO - [2024-10-11T03:53:07.003+0000] {dagbag.py:588} INFO - Filling up the DagBag from /home/airflow/.local/lib/python3.12/site-packages/airflow/example_dags/example_nested_branch_dag.py
[2024-10-11T03:53:07.050+0000] {processor.py:925} INFO - DAG(s) 'example_nested_branch_dag' retrieved from /home/airflow/.local/lib/python3.12/site-packages/airflow/example_dags/example_nested_branch_dag.py
[2024-10-11T03:53:07.121+0000] {logging_mixin.py:190} INFO - [2024-10-11T03:53:07.120+0000] {dag.py:3239} INFO - Sync 1 DAGs
[2024-10-11T03:53:07.206+0000] {logging_mixin.py:190} INFO - [2024-10-11T03:53:07.205+0000] {dag.py:4180} INFO - Setting next_dagrun for example_nested_branch_dag to 2024-10-10 00:00:00+00:00, run_after=2024-10-11 00:00:00+00:00
[2024-10-11T03:53:07.390+0000] {processor.py:208} INFO - Processing /home/airflow/.local/lib/python3.12/site-packages/airflow/example_dags/example_nested_branch_dag.py took 0.421 seconds
[2024-10-11T03:53:37.939+0000] {processor.py:186} INFO - Started process (PID=2796) to work on /home/airflow/.local/lib/python3.12/site-packages/airflow/example_dags/example_nested_branch_dag.py
[2024-10-11T03:53:37.940+0000] {processor.py:914} INFO - Processing file /home/airflow/.local/lib/python3.12/site-packages/airflow/example_dags/example_nested_branch_dag.py for tasks to queue
[2024-10-11T03:53:37.949+0000] {logging_mixin.py:190} INFO - [2024-10-11T03:53:37.948+0000] {dagbag.py:588} INFO - Filling up the DagBag from /home/airflow/.local/lib/python3.12/site-packages/airflow/example_dags/example_nested_branch_dag.py
[2024-10-11T03:53:37.975+0000] {processor.py:925} INFO - DAG(s) 'example_nested_branch_dag' retrieved from /home/airflow/.local/lib/python3.12/site-packages/airflow/example_dags/example_nested_branch_dag.py
[2024-10-11T03:53:38.122+0000] {logging_mixin.py:190} INFO - [2024-10-11T03:53:38.121+0000] {dag.py:3239} INFO - Sync 1 DAGs
[2024-10-11T03:53:38.250+0000] {logging_mixin.py:190} INFO - [2024-10-11T03:53:38.249+0000] {dag.py:4180} INFO - Setting next_dagrun for example_nested_branch_dag to 2024-10-10 00:00:00+00:00, run_after=2024-10-11 00:00:00+00:00
[2024-10-11T03:53:38.282+0000] {processor.py:208} INFO - Processing /home/airflow/.local/lib/python3.12/site-packages/airflow/example_dags/example_nested_branch_dag.py took 0.357 seconds
[2024-10-11T03:54:08.567+0000] {processor.py:186} INFO - Started process (PID=2862) to work on /home/airflow/.local/lib/python3.12/site-packages/airflow/example_dags/example_nested_branch_dag.py
[2024-10-11T03:54:08.571+0000] {processor.py:914} INFO - Processing file /home/airflow/.local/lib/python3.12/site-packages/airflow/example_dags/example_nested_branch_dag.py for tasks to queue
[2024-10-11T03:54:08.586+0000] {logging_mixin.py:190} INFO - [2024-10-11T03:54:08.582+0000] {dagbag.py:588} INFO - Filling up the DagBag from /home/airflow/.local/lib/python3.12/site-packages/airflow/example_dags/example_nested_branch_dag.py
[2024-10-11T03:54:08.618+0000] {processor.py:925} INFO - DAG(s) 'example_nested_branch_dag' retrieved from /home/airflow/.local/lib/python3.12/site-packages/airflow/example_dags/example_nested_branch_dag.py
[2024-10-11T03:54:08.749+0000] {logging_mixin.py:190} INFO - [2024-10-11T03:54:08.748+0000] {dag.py:3239} INFO - Sync 1 DAGs
[2024-10-11T03:54:09.022+0000] {logging_mixin.py:190} INFO - [2024-10-11T03:54:09.021+0000] {dag.py:4180} INFO - Setting next_dagrun for example_nested_branch_dag to 2024-10-10 00:00:00+00:00, run_after=2024-10-11 00:00:00+00:00
[2024-10-11T03:54:09.116+0000] {processor.py:208} INFO - Processing /home/airflow/.local/lib/python3.12/site-packages/airflow/example_dags/example_nested_branch_dag.py took 0.568 seconds
[2024-10-11T03:54:40.212+0000] {processor.py:186} INFO - Started process (PID=2930) to work on /home/airflow/.local/lib/python3.12/site-packages/airflow/example_dags/example_nested_branch_dag.py
[2024-10-11T03:54:40.214+0000] {processor.py:914} INFO - Processing file /home/airflow/.local/lib/python3.12/site-packages/airflow/example_dags/example_nested_branch_dag.py for tasks to queue
[2024-10-11T03:54:40.220+0000] {logging_mixin.py:190} INFO - [2024-10-11T03:54:40.218+0000] {dagbag.py:588} INFO - Filling up the DagBag from /home/airflow/.local/lib/python3.12/site-packages/airflow/example_dags/example_nested_branch_dag.py
[2024-10-11T03:54:40.252+0000] {processor.py:925} INFO - DAG(s) 'example_nested_branch_dag' retrieved from /home/airflow/.local/lib/python3.12/site-packages/airflow/example_dags/example_nested_branch_dag.py
[2024-10-11T03:54:40.307+0000] {logging_mixin.py:190} INFO - [2024-10-11T03:54:40.306+0000] {dag.py:3239} INFO - Sync 1 DAGs
[2024-10-11T03:54:40.367+0000] {logging_mixin.py:190} INFO - [2024-10-11T03:54:40.366+0000] {dag.py:4180} INFO - Setting next_dagrun for example_nested_branch_dag to 2024-10-10 00:00:00+00:00, run_after=2024-10-11 00:00:00+00:00
[2024-10-11T03:54:40.406+0000] {processor.py:208} INFO - Processing /home/airflow/.local/lib/python3.12/site-packages/airflow/example_dags/example_nested_branch_dag.py took 0.213 seconds
[2024-10-11T03:55:11.201+0000] {processor.py:186} INFO - Started process (PID=2997) to work on /home/airflow/.local/lib/python3.12/site-packages/airflow/example_dags/example_nested_branch_dag.py
[2024-10-11T03:55:11.203+0000] {processor.py:914} INFO - Processing file /home/airflow/.local/lib/python3.12/site-packages/airflow/example_dags/example_nested_branch_dag.py for tasks to queue
[2024-10-11T03:55:11.212+0000] {logging_mixin.py:190} INFO - [2024-10-11T03:55:11.211+0000] {dagbag.py:588} INFO - Filling up the DagBag from /home/airflow/.local/lib/python3.12/site-packages/airflow/example_dags/example_nested_branch_dag.py
[2024-10-11T03:55:11.241+0000] {processor.py:925} INFO - DAG(s) 'example_nested_branch_dag' retrieved from /home/airflow/.local/lib/python3.12/site-packages/airflow/example_dags/example_nested_branch_dag.py
[2024-10-11T03:55:11.293+0000] {logging_mixin.py:190} INFO - [2024-10-11T03:55:11.292+0000] {dag.py:3239} INFO - Sync 1 DAGs
[2024-10-11T03:55:11.350+0000] {logging_mixin.py:190} INFO - [2024-10-11T03:55:11.350+0000] {dag.py:4180} INFO - Setting next_dagrun for example_nested_branch_dag to 2024-10-10 00:00:00+00:00, run_after=2024-10-11 00:00:00+00:00
[2024-10-11T03:55:11.393+0000] {processor.py:208} INFO - Processing /home/airflow/.local/lib/python3.12/site-packages/airflow/example_dags/example_nested_branch_dag.py took 0.211 seconds
[2024-10-11T03:55:41.565+0000] {processor.py:186} INFO - Started process (PID=3062) to work on /home/airflow/.local/lib/python3.12/site-packages/airflow/example_dags/example_nested_branch_dag.py
[2024-10-11T03:55:41.567+0000] {processor.py:914} INFO - Processing file /home/airflow/.local/lib/python3.12/site-packages/airflow/example_dags/example_nested_branch_dag.py for tasks to queue
[2024-10-11T03:55:41.574+0000] {logging_mixin.py:190} INFO - [2024-10-11T03:55:41.573+0000] {dagbag.py:588} INFO - Filling up the DagBag from /home/airflow/.local/lib/python3.12/site-packages/airflow/example_dags/example_nested_branch_dag.py
[2024-10-11T03:55:41.600+0000] {processor.py:925} INFO - DAG(s) 'example_nested_branch_dag' retrieved from /home/airflow/.local/lib/python3.12/site-packages/airflow/example_dags/example_nested_branch_dag.py
[2024-10-11T03:55:41.644+0000] {logging_mixin.py:190} INFO - [2024-10-11T03:55:41.644+0000] {dag.py:3239} INFO - Sync 1 DAGs
[2024-10-11T03:55:41.703+0000] {logging_mixin.py:190} INFO - [2024-10-11T03:55:41.703+0000] {dag.py:4180} INFO - Setting next_dagrun for example_nested_branch_dag to 2024-10-10 00:00:00+00:00, run_after=2024-10-11 00:00:00+00:00
[2024-10-11T03:55:41.740+0000] {processor.py:208} INFO - Processing /home/airflow/.local/lib/python3.12/site-packages/airflow/example_dags/example_nested_branch_dag.py took 0.189 seconds
[2024-10-11T03:56:11.908+0000] {processor.py:186} INFO - Started process (PID=3129) to work on /home/airflow/.local/lib/python3.12/site-packages/airflow/example_dags/example_nested_branch_dag.py
[2024-10-11T03:56:11.910+0000] {processor.py:914} INFO - Processing file /home/airflow/.local/lib/python3.12/site-packages/airflow/example_dags/example_nested_branch_dag.py for tasks to queue
[2024-10-11T03:56:11.915+0000] {logging_mixin.py:190} INFO - [2024-10-11T03:56:11.915+0000] {dagbag.py:588} INFO - Filling up the DagBag from /home/airflow/.local/lib/python3.12/site-packages/airflow/example_dags/example_nested_branch_dag.py
[2024-10-11T03:56:11.946+0000] {processor.py:925} INFO - DAG(s) 'example_nested_branch_dag' retrieved from /home/airflow/.local/lib/python3.12/site-packages/airflow/example_dags/example_nested_branch_dag.py
[2024-10-11T03:56:11.990+0000] {logging_mixin.py:190} INFO - [2024-10-11T03:56:11.990+0000] {dag.py:3239} INFO - Sync 1 DAGs
[2024-10-11T03:56:12.033+0000] {logging_mixin.py:190} INFO - [2024-10-11T03:56:12.032+0000] {dag.py:4180} INFO - Setting next_dagrun for example_nested_branch_dag to 2024-10-10 00:00:00+00:00, run_after=2024-10-11 00:00:00+00:00
[2024-10-11T03:56:12.062+0000] {processor.py:208} INFO - Processing /home/airflow/.local/lib/python3.12/site-packages/airflow/example_dags/example_nested_branch_dag.py took 0.166 seconds
[2024-10-11T03:56:46.383+0000] {processor.py:186} INFO - Started process (PID=3198) to work on /home/airflow/.local/lib/python3.12/site-packages/airflow/example_dags/example_nested_branch_dag.py
[2024-10-11T03:56:46.385+0000] {processor.py:914} INFO - Processing file /home/airflow/.local/lib/python3.12/site-packages/airflow/example_dags/example_nested_branch_dag.py for tasks to queue
[2024-10-11T03:56:46.391+0000] {logging_mixin.py:190} INFO - [2024-10-11T03:56:46.391+0000] {dagbag.py:588} INFO - Filling up the DagBag from /home/airflow/.local/lib/python3.12/site-packages/airflow/example_dags/example_nested_branch_dag.py
[2024-10-11T03:56:46.434+0000] {processor.py:925} INFO - DAG(s) 'example_nested_branch_dag' retrieved from /home/airflow/.local/lib/python3.12/site-packages/airflow/example_dags/example_nested_branch_dag.py
[2024-10-11T03:56:46.487+0000] {logging_mixin.py:190} INFO - [2024-10-11T03:56:46.486+0000] {dag.py:3239} INFO - Sync 1 DAGs
[2024-10-11T03:56:46.547+0000] {logging_mixin.py:190} INFO - [2024-10-11T03:56:46.547+0000] {dag.py:4180} INFO - Setting next_dagrun for example_nested_branch_dag to 2024-10-10 00:00:00+00:00, run_after=2024-10-11 00:00:00+00:00
[2024-10-11T03:56:46.587+0000] {processor.py:208} INFO - Processing /home/airflow/.local/lib/python3.12/site-packages/airflow/example_dags/example_nested_branch_dag.py took 0.224 seconds
[2024-10-11T03:57:17.109+0000] {processor.py:186} INFO - Started process (PID=3265) to work on /home/airflow/.local/lib/python3.12/site-packages/airflow/example_dags/example_nested_branch_dag.py
[2024-10-11T03:57:17.110+0000] {processor.py:914} INFO - Processing file /home/airflow/.local/lib/python3.12/site-packages/airflow/example_dags/example_nested_branch_dag.py for tasks to queue
[2024-10-11T03:57:17.115+0000] {logging_mixin.py:190} INFO - [2024-10-11T03:57:17.115+0000] {dagbag.py:588} INFO - Filling up the DagBag from /home/airflow/.local/lib/python3.12/site-packages/airflow/example_dags/example_nested_branch_dag.py
[2024-10-11T03:57:17.134+0000] {processor.py:925} INFO - DAG(s) 'example_nested_branch_dag' retrieved from /home/airflow/.local/lib/python3.12/site-packages/airflow/example_dags/example_nested_branch_dag.py
[2024-10-11T03:57:17.168+0000] {logging_mixin.py:190} INFO - [2024-10-11T03:57:17.167+0000] {dag.py:3239} INFO - Sync 1 DAGs
[2024-10-11T03:57:17.212+0000] {logging_mixin.py:190} INFO - [2024-10-11T03:57:17.211+0000] {dag.py:4180} INFO - Setting next_dagrun for example_nested_branch_dag to 2024-10-10 00:00:00+00:00, run_after=2024-10-11 00:00:00+00:00
[2024-10-11T03:57:17.236+0000] {processor.py:208} INFO - Processing /home/airflow/.local/lib/python3.12/site-packages/airflow/example_dags/example_nested_branch_dag.py took 0.138 seconds
[2024-10-11T03:57:47.594+0000] {processor.py:186} INFO - Started process (PID=3332) to work on /home/airflow/.local/lib/python3.12/site-packages/airflow/example_dags/example_nested_branch_dag.py
[2024-10-11T03:57:47.595+0000] {processor.py:914} INFO - Processing file /home/airflow/.local/lib/python3.12/site-packages/airflow/example_dags/example_nested_branch_dag.py for tasks to queue
[2024-10-11T03:57:47.598+0000] {logging_mixin.py:190} INFO - [2024-10-11T03:57:47.598+0000] {dagbag.py:588} INFO - Filling up the DagBag from /home/airflow/.local/lib/python3.12/site-packages/airflow/example_dags/example_nested_branch_dag.py
[2024-10-11T03:57:47.616+0000] {processor.py:925} INFO - DAG(s) 'example_nested_branch_dag' retrieved from /home/airflow/.local/lib/python3.12/site-packages/airflow/example_dags/example_nested_branch_dag.py
[2024-10-11T03:57:47.651+0000] {logging_mixin.py:190} INFO - [2024-10-11T03:57:47.651+0000] {dag.py:3239} INFO - Sync 1 DAGs
[2024-10-11T03:57:47.693+0000] {logging_mixin.py:190} INFO - [2024-10-11T03:57:47.692+0000] {dag.py:4180} INFO - Setting next_dagrun for example_nested_branch_dag to 2024-10-10 00:00:00+00:00, run_after=2024-10-11 00:00:00+00:00
[2024-10-11T03:57:47.733+0000] {processor.py:208} INFO - Processing /home/airflow/.local/lib/python3.12/site-packages/airflow/example_dags/example_nested_branch_dag.py took 0.151 seconds
[2024-10-11T03:58:18.784+0000] {processor.py:186} INFO - Started process (PID=3398) to work on /home/airflow/.local/lib/python3.12/site-packages/airflow/example_dags/example_nested_branch_dag.py
[2024-10-11T03:58:18.785+0000] {processor.py:914} INFO - Processing file /home/airflow/.local/lib/python3.12/site-packages/airflow/example_dags/example_nested_branch_dag.py for tasks to queue
[2024-10-11T03:58:18.791+0000] {logging_mixin.py:190} INFO - [2024-10-11T03:58:18.791+0000] {dagbag.py:588} INFO - Filling up the DagBag from /home/airflow/.local/lib/python3.12/site-packages/airflow/example_dags/example_nested_branch_dag.py
[2024-10-11T03:58:18.813+0000] {processor.py:925} INFO - DAG(s) 'example_nested_branch_dag' retrieved from /home/airflow/.local/lib/python3.12/site-packages/airflow/example_dags/example_nested_branch_dag.py
[2024-10-11T03:58:18.854+0000] {logging_mixin.py:190} INFO - [2024-10-11T03:58:18.853+0000] {dag.py:3239} INFO - Sync 1 DAGs
[2024-10-11T03:58:18.898+0000] {logging_mixin.py:190} INFO - [2024-10-11T03:58:18.897+0000] {dag.py:4180} INFO - Setting next_dagrun for example_nested_branch_dag to 2024-10-10 00:00:00+00:00, run_after=2024-10-11 00:00:00+00:00
[2024-10-11T03:58:18.925+0000] {processor.py:208} INFO - Processing /home/airflow/.local/lib/python3.12/site-packages/airflow/example_dags/example_nested_branch_dag.py took 0.156 seconds
[2024-10-11T03:58:50.162+0000] {processor.py:186} INFO - Started process (PID=3467) to work on /home/airflow/.local/lib/python3.12/site-packages/airflow/example_dags/example_nested_branch_dag.py
[2024-10-11T03:58:50.164+0000] {processor.py:914} INFO - Processing file /home/airflow/.local/lib/python3.12/site-packages/airflow/example_dags/example_nested_branch_dag.py for tasks to queue
[2024-10-11T03:58:50.173+0000] {logging_mixin.py:190} INFO - [2024-10-11T03:58:50.172+0000] {dagbag.py:588} INFO - Filling up the DagBag from /home/airflow/.local/lib/python3.12/site-packages/airflow/example_dags/example_nested_branch_dag.py
[2024-10-11T03:58:50.198+0000] {processor.py:925} INFO - DAG(s) 'example_nested_branch_dag' retrieved from /home/airflow/.local/lib/python3.12/site-packages/airflow/example_dags/example_nested_branch_dag.py
[2024-10-11T03:58:50.262+0000] {logging_mixin.py:190} INFO - [2024-10-11T03:58:50.261+0000] {dag.py:3239} INFO - Sync 1 DAGs
[2024-10-11T03:58:50.316+0000] {logging_mixin.py:190} INFO - [2024-10-11T03:58:50.316+0000] {dag.py:4180} INFO - Setting next_dagrun for example_nested_branch_dag to 2024-10-10 00:00:00+00:00, run_after=2024-10-11 00:00:00+00:00
[2024-10-11T03:58:50.359+0000] {processor.py:208} INFO - Processing /home/airflow/.local/lib/python3.12/site-packages/airflow/example_dags/example_nested_branch_dag.py took 0.212 seconds
[2024-10-11T03:59:22.137+0000] {processor.py:186} INFO - Started process (PID=3535) to work on /home/airflow/.local/lib/python3.12/site-packages/airflow/example_dags/example_nested_branch_dag.py
[2024-10-11T03:59:22.142+0000] {processor.py:914} INFO - Processing file /home/airflow/.local/lib/python3.12/site-packages/airflow/example_dags/example_nested_branch_dag.py for tasks to queue
[2024-10-11T03:59:22.162+0000] {logging_mixin.py:190} INFO - [2024-10-11T03:59:22.160+0000] {dagbag.py:588} INFO - Filling up the DagBag from /home/airflow/.local/lib/python3.12/site-packages/airflow/example_dags/example_nested_branch_dag.py
[2024-10-11T03:59:22.265+0000] {processor.py:925} INFO - DAG(s) 'example_nested_branch_dag' retrieved from /home/airflow/.local/lib/python3.12/site-packages/airflow/example_dags/example_nested_branch_dag.py
[2024-10-11T03:59:22.378+0000] {logging_mixin.py:190} INFO - [2024-10-11T03:59:22.377+0000] {dag.py:3239} INFO - Sync 1 DAGs
[2024-10-11T03:59:22.522+0000] {logging_mixin.py:190} INFO - [2024-10-11T03:59:22.520+0000] {dag.py:4180} INFO - Setting next_dagrun for example_nested_branch_dag to 2024-10-10 00:00:00+00:00, run_after=2024-10-11 00:00:00+00:00
[2024-10-11T03:59:22.563+0000] {processor.py:208} INFO - Processing /home/airflow/.local/lib/python3.12/site-packages/airflow/example_dags/example_nested_branch_dag.py took 0.453 seconds
[2024-10-11T03:59:54.019+0000] {processor.py:186} INFO - Started process (PID=3602) to work on /home/airflow/.local/lib/python3.12/site-packages/airflow/example_dags/example_nested_branch_dag.py
[2024-10-11T03:59:54.023+0000] {processor.py:914} INFO - Processing file /home/airflow/.local/lib/python3.12/site-packages/airflow/example_dags/example_nested_branch_dag.py for tasks to queue
[2024-10-11T03:59:54.045+0000] {logging_mixin.py:190} INFO - [2024-10-11T03:59:54.044+0000] {dagbag.py:588} INFO - Filling up the DagBag from /home/airflow/.local/lib/python3.12/site-packages/airflow/example_dags/example_nested_branch_dag.py
[2024-10-11T03:59:54.089+0000] {processor.py:925} INFO - DAG(s) 'example_nested_branch_dag' retrieved from /home/airflow/.local/lib/python3.12/site-packages/airflow/example_dags/example_nested_branch_dag.py
[2024-10-11T03:59:54.179+0000] {logging_mixin.py:190} INFO - [2024-10-11T03:59:54.179+0000] {dag.py:3239} INFO - Sync 1 DAGs
[2024-10-11T03:59:54.328+0000] {logging_mixin.py:190} INFO - [2024-10-11T03:59:54.327+0000] {dag.py:4180} INFO - Setting next_dagrun for example_nested_branch_dag to 2024-10-10 00:00:00+00:00, run_after=2024-10-11 00:00:00+00:00
[2024-10-11T03:59:54.526+0000] {processor.py:208} INFO - Processing /home/airflow/.local/lib/python3.12/site-packages/airflow/example_dags/example_nested_branch_dag.py took 0.562 seconds
[2024-10-11T04:00:24.765+0000] {processor.py:186} INFO - Started process (PID=3668) to work on /home/airflow/.local/lib/python3.12/site-packages/airflow/example_dags/example_nested_branch_dag.py
[2024-10-11T04:00:24.769+0000] {processor.py:914} INFO - Processing file /home/airflow/.local/lib/python3.12/site-packages/airflow/example_dags/example_nested_branch_dag.py for tasks to queue
[2024-10-11T04:00:24.778+0000] {logging_mixin.py:190} INFO - [2024-10-11T04:00:24.777+0000] {dagbag.py:588} INFO - Filling up the DagBag from /home/airflow/.local/lib/python3.12/site-packages/airflow/example_dags/example_nested_branch_dag.py
[2024-10-11T04:00:24.813+0000] {processor.py:925} INFO - DAG(s) 'example_nested_branch_dag' retrieved from /home/airflow/.local/lib/python3.12/site-packages/airflow/example_dags/example_nested_branch_dag.py
[2024-10-11T04:00:24.864+0000] {logging_mixin.py:190} INFO - [2024-10-11T04:00:24.864+0000] {dag.py:3239} INFO - Sync 1 DAGs
[2024-10-11T04:00:24.929+0000] {logging_mixin.py:190} INFO - [2024-10-11T04:00:24.929+0000] {dag.py:4180} INFO - Setting next_dagrun for example_nested_branch_dag to 2024-10-10 00:00:00+00:00, run_after=2024-10-11 00:00:00+00:00
[2024-10-11T04:00:24.967+0000] {processor.py:208} INFO - Processing /home/airflow/.local/lib/python3.12/site-packages/airflow/example_dags/example_nested_branch_dag.py took 0.222 seconds
[2024-10-11T04:00:55.489+0000] {processor.py:186} INFO - Started process (PID=3735) to work on /home/airflow/.local/lib/python3.12/site-packages/airflow/example_dags/example_nested_branch_dag.py
[2024-10-11T04:00:55.500+0000] {processor.py:914} INFO - Processing file /home/airflow/.local/lib/python3.12/site-packages/airflow/example_dags/example_nested_branch_dag.py for tasks to queue
[2024-10-11T04:00:55.522+0000] {logging_mixin.py:190} INFO - [2024-10-11T04:00:55.512+0000] {dagbag.py:588} INFO - Filling up the DagBag from /home/airflow/.local/lib/python3.12/site-packages/airflow/example_dags/example_nested_branch_dag.py
[2024-10-11T04:00:55.610+0000] {processor.py:925} INFO - DAG(s) 'example_nested_branch_dag' retrieved from /home/airflow/.local/lib/python3.12/site-packages/airflow/example_dags/example_nested_branch_dag.py
[2024-10-11T04:00:55.683+0000] {logging_mixin.py:190} INFO - [2024-10-11T04:00:55.682+0000] {dag.py:3239} INFO - Sync 1 DAGs
[2024-10-11T04:00:55.815+0000] {logging_mixin.py:190} INFO - [2024-10-11T04:00:55.814+0000] {dag.py:4180} INFO - Setting next_dagrun for example_nested_branch_dag to 2024-10-10 00:00:00+00:00, run_after=2024-10-11 00:00:00+00:00
[2024-10-11T04:00:55.885+0000] {processor.py:208} INFO - Processing /home/airflow/.local/lib/python3.12/site-packages/airflow/example_dags/example_nested_branch_dag.py took 0.428 seconds
[2024-10-11T04:01:26.052+0000] {processor.py:186} INFO - Started process (PID=3802) to work on /home/airflow/.local/lib/python3.12/site-packages/airflow/example_dags/example_nested_branch_dag.py
[2024-10-11T04:01:26.053+0000] {processor.py:914} INFO - Processing file /home/airflow/.local/lib/python3.12/site-packages/airflow/example_dags/example_nested_branch_dag.py for tasks to queue
[2024-10-11T04:01:26.058+0000] {logging_mixin.py:190} INFO - [2024-10-11T04:01:26.057+0000] {dagbag.py:588} INFO - Filling up the DagBag from /home/airflow/.local/lib/python3.12/site-packages/airflow/example_dags/example_nested_branch_dag.py
[2024-10-11T04:01:26.083+0000] {processor.py:925} INFO - DAG(s) 'example_nested_branch_dag' retrieved from /home/airflow/.local/lib/python3.12/site-packages/airflow/example_dags/example_nested_branch_dag.py
[2024-10-11T04:01:26.131+0000] {logging_mixin.py:190} INFO - [2024-10-11T04:01:26.130+0000] {dag.py:3239} INFO - Sync 1 DAGs
[2024-10-11T04:01:26.184+0000] {logging_mixin.py:190} INFO - [2024-10-11T04:01:26.184+0000] {dag.py:4180} INFO - Setting next_dagrun for example_nested_branch_dag to 2024-10-10 00:00:00+00:00, run_after=2024-10-11 00:00:00+00:00
[2024-10-11T04:01:26.224+0000] {processor.py:208} INFO - Processing /home/airflow/.local/lib/python3.12/site-packages/airflow/example_dags/example_nested_branch_dag.py took 0.189 seconds
