[2024-10-11T03:33:01.061+0000] {processor.py:186} INFO - Started process (PID=128) to work on /home/airflow/.local/lib/python3.12/site-packages/airflow/example_dags/example_xcomargs.py
[2024-10-11T03:33:01.062+0000] {processor.py:914} INFO - Processing file /home/airflow/.local/lib/python3.12/site-packages/airflow/example_dags/example_xcomargs.py for tasks to queue
[2024-10-11T03:33:01.065+0000] {logging_mixin.py:190} INFO - [2024-10-11T03:33:01.064+0000] {dagbag.py:588} INFO - Filling up the DagBag from /home/airflow/.local/lib/python3.12/site-packages/airflow/example_dags/example_xcomargs.py
[2024-10-11T03:33:01.077+0000] {processor.py:925} INFO - DAG(s) 'example_xcom_args_with_operators', 'example_xcom_args' retrieved from /home/airflow/.local/lib/python3.12/site-packages/airflow/example_dags/example_xcomargs.py
[2024-10-11T03:33:01.116+0000] {logging_mixin.py:190} INFO - [2024-10-11T03:33:01.115+0000] {dag.py:3239} INFO - Sync 2 DAGs
[2024-10-11T03:33:01.144+0000] {logging_mixin.py:190} INFO - [2024-10-11T03:33:01.144+0000] {dag.py:4180} INFO - Setting next_dagrun for example_xcom_args to None, run_after=None
[2024-10-11T03:33:01.149+0000] {logging_mixin.py:190} INFO - [2024-10-11T03:33:01.149+0000] {dag.py:4180} INFO - Setting next_dagrun for example_xcom_args_with_operators to None, run_after=None
[2024-10-11T03:33:01.173+0000] {processor.py:208} INFO - Processing /home/airflow/.local/lib/python3.12/site-packages/airflow/example_dags/example_xcomargs.py took 0.119 seconds
[2024-10-11T03:33:31.659+0000] {processor.py:186} INFO - Started process (PID=194) to work on /home/airflow/.local/lib/python3.12/site-packages/airflow/example_dags/example_xcomargs.py
[2024-10-11T03:33:31.661+0000] {processor.py:914} INFO - Processing file /home/airflow/.local/lib/python3.12/site-packages/airflow/example_dags/example_xcomargs.py for tasks to queue
[2024-10-11T03:33:31.664+0000] {logging_mixin.py:190} INFO - [2024-10-11T03:33:31.664+0000] {dagbag.py:588} INFO - Filling up the DagBag from /home/airflow/.local/lib/python3.12/site-packages/airflow/example_dags/example_xcomargs.py
[2024-10-11T03:33:31.683+0000] {processor.py:925} INFO - DAG(s) 'example_xcom_args', 'example_xcom_args_with_operators' retrieved from /home/airflow/.local/lib/python3.12/site-packages/airflow/example_dags/example_xcomargs.py
[2024-10-11T03:33:31.720+0000] {logging_mixin.py:190} INFO - [2024-10-11T03:33:31.720+0000] {dag.py:3239} INFO - Sync 2 DAGs
[2024-10-11T03:33:31.746+0000] {logging_mixin.py:190} INFO - [2024-10-11T03:33:31.745+0000] {dag.py:4180} INFO - Setting next_dagrun for example_xcom_args to None, run_after=None
[2024-10-11T03:33:31.751+0000] {logging_mixin.py:190} INFO - [2024-10-11T03:33:31.751+0000] {dag.py:4180} INFO - Setting next_dagrun for example_xcom_args_with_operators to None, run_after=None
[2024-10-11T03:33:31.772+0000] {processor.py:208} INFO - Processing /home/airflow/.local/lib/python3.12/site-packages/airflow/example_dags/example_xcomargs.py took 0.122 seconds
[2024-10-11T03:34:01.874+0000] {processor.py:186} INFO - Started process (PID=259) to work on /home/airflow/.local/lib/python3.12/site-packages/airflow/example_dags/example_xcomargs.py
[2024-10-11T03:34:01.875+0000] {processor.py:914} INFO - Processing file /home/airflow/.local/lib/python3.12/site-packages/airflow/example_dags/example_xcomargs.py for tasks to queue
[2024-10-11T03:34:01.878+0000] {logging_mixin.py:190} INFO - [2024-10-11T03:34:01.877+0000] {dagbag.py:588} INFO - Filling up the DagBag from /home/airflow/.local/lib/python3.12/site-packages/airflow/example_dags/example_xcomargs.py
[2024-10-11T03:34:01.893+0000] {processor.py:925} INFO - DAG(s) 'example_xcom_args', 'example_xcom_args_with_operators' retrieved from /home/airflow/.local/lib/python3.12/site-packages/airflow/example_dags/example_xcomargs.py
[2024-10-11T03:34:01.941+0000] {logging_mixin.py:190} INFO - [2024-10-11T03:34:01.940+0000] {dag.py:3239} INFO - Sync 2 DAGs
[2024-10-11T03:34:01.960+0000] {logging_mixin.py:190} INFO - [2024-10-11T03:34:01.959+0000] {dag.py:4180} INFO - Setting next_dagrun for example_xcom_args to None, run_after=None
[2024-10-11T03:34:01.966+0000] {logging_mixin.py:190} INFO - [2024-10-11T03:34:01.966+0000] {dag.py:4180} INFO - Setting next_dagrun for example_xcom_args_with_operators to None, run_after=None
[2024-10-11T03:34:01.983+0000] {processor.py:208} INFO - Processing /home/airflow/.local/lib/python3.12/site-packages/airflow/example_dags/example_xcomargs.py took 0.117 seconds
[2024-10-11T03:34:32.193+0000] {processor.py:186} INFO - Started process (PID=324) to work on /home/airflow/.local/lib/python3.12/site-packages/airflow/example_dags/example_xcomargs.py
[2024-10-11T03:34:32.197+0000] {processor.py:914} INFO - Processing file /home/airflow/.local/lib/python3.12/site-packages/airflow/example_dags/example_xcomargs.py for tasks to queue
[2024-10-11T03:34:32.201+0000] {logging_mixin.py:190} INFO - [2024-10-11T03:34:32.200+0000] {dagbag.py:588} INFO - Filling up the DagBag from /home/airflow/.local/lib/python3.12/site-packages/airflow/example_dags/example_xcomargs.py
[2024-10-11T03:34:32.215+0000] {processor.py:925} INFO - DAG(s) 'example_xcom_args', 'example_xcom_args_with_operators' retrieved from /home/airflow/.local/lib/python3.12/site-packages/airflow/example_dags/example_xcomargs.py
[2024-10-11T03:34:32.243+0000] {logging_mixin.py:190} INFO - [2024-10-11T03:34:32.243+0000] {dag.py:3239} INFO - Sync 2 DAGs
[2024-10-11T03:34:32.262+0000] {logging_mixin.py:190} INFO - [2024-10-11T03:34:32.262+0000] {dag.py:4180} INFO - Setting next_dagrun for example_xcom_args to None, run_after=None
[2024-10-11T03:34:32.266+0000] {logging_mixin.py:190} INFO - [2024-10-11T03:34:32.266+0000] {dag.py:4180} INFO - Setting next_dagrun for example_xcom_args_with_operators to None, run_after=None
[2024-10-11T03:34:32.284+0000] {processor.py:208} INFO - Processing /home/airflow/.local/lib/python3.12/site-packages/airflow/example_dags/example_xcomargs.py took 0.100 seconds
[2024-10-11T03:35:03.402+0000] {processor.py:186} INFO - Started process (PID=391) to work on /home/airflow/.local/lib/python3.12/site-packages/airflow/example_dags/example_xcomargs.py
[2024-10-11T03:35:03.403+0000] {processor.py:914} INFO - Processing file /home/airflow/.local/lib/python3.12/site-packages/airflow/example_dags/example_xcomargs.py for tasks to queue
[2024-10-11T03:35:03.406+0000] {logging_mixin.py:190} INFO - [2024-10-11T03:35:03.406+0000] {dagbag.py:588} INFO - Filling up the DagBag from /home/airflow/.local/lib/python3.12/site-packages/airflow/example_dags/example_xcomargs.py
[2024-10-11T03:35:03.419+0000] {processor.py:925} INFO - DAG(s) 'example_xcom_args', 'example_xcom_args_with_operators' retrieved from /home/airflow/.local/lib/python3.12/site-packages/airflow/example_dags/example_xcomargs.py
[2024-10-11T03:35:03.449+0000] {logging_mixin.py:190} INFO - [2024-10-11T03:35:03.449+0000] {dag.py:3239} INFO - Sync 2 DAGs
[2024-10-11T03:35:03.468+0000] {logging_mixin.py:190} INFO - [2024-10-11T03:35:03.468+0000] {dag.py:4180} INFO - Setting next_dagrun for example_xcom_args to None, run_after=None
[2024-10-11T03:35:03.473+0000] {logging_mixin.py:190} INFO - [2024-10-11T03:35:03.473+0000] {dag.py:4180} INFO - Setting next_dagrun for example_xcom_args_with_operators to None, run_after=None
[2024-10-11T03:35:03.490+0000] {processor.py:208} INFO - Processing /home/airflow/.local/lib/python3.12/site-packages/airflow/example_dags/example_xcomargs.py took 0.101 seconds
[2024-10-11T03:35:34.388+0000] {processor.py:186} INFO - Started process (PID=457) to work on /home/airflow/.local/lib/python3.12/site-packages/airflow/example_dags/example_xcomargs.py
[2024-10-11T03:35:34.393+0000] {processor.py:914} INFO - Processing file /home/airflow/.local/lib/python3.12/site-packages/airflow/example_dags/example_xcomargs.py for tasks to queue
[2024-10-11T03:35:34.400+0000] {logging_mixin.py:190} INFO - [2024-10-11T03:35:34.399+0000] {dagbag.py:588} INFO - Filling up the DagBag from /home/airflow/.local/lib/python3.12/site-packages/airflow/example_dags/example_xcomargs.py
[2024-10-11T03:35:34.414+0000] {processor.py:925} INFO - DAG(s) 'example_xcom_args_with_operators', 'example_xcom_args' retrieved from /home/airflow/.local/lib/python3.12/site-packages/airflow/example_dags/example_xcomargs.py
[2024-10-11T03:35:34.452+0000] {logging_mixin.py:190} INFO - [2024-10-11T03:35:34.452+0000] {dag.py:3239} INFO - Sync 2 DAGs
[2024-10-11T03:35:34.475+0000] {logging_mixin.py:190} INFO - [2024-10-11T03:35:34.475+0000] {dag.py:4180} INFO - Setting next_dagrun for example_xcom_args to None, run_after=None
[2024-10-11T03:35:34.482+0000] {logging_mixin.py:190} INFO - [2024-10-11T03:35:34.481+0000] {dag.py:4180} INFO - Setting next_dagrun for example_xcom_args_with_operators to None, run_after=None
[2024-10-11T03:35:34.510+0000] {processor.py:208} INFO - Processing /home/airflow/.local/lib/python3.12/site-packages/airflow/example_dags/example_xcomargs.py took 0.132 seconds
[2024-10-11T03:36:04.731+0000] {processor.py:186} INFO - Started process (PID=523) to work on /home/airflow/.local/lib/python3.12/site-packages/airflow/example_dags/example_xcomargs.py
[2024-10-11T03:36:04.733+0000] {processor.py:914} INFO - Processing file /home/airflow/.local/lib/python3.12/site-packages/airflow/example_dags/example_xcomargs.py for tasks to queue
[2024-10-11T03:36:04.736+0000] {logging_mixin.py:190} INFO - [2024-10-11T03:36:04.735+0000] {dagbag.py:588} INFO - Filling up the DagBag from /home/airflow/.local/lib/python3.12/site-packages/airflow/example_dags/example_xcomargs.py
[2024-10-11T03:36:04.749+0000] {processor.py:925} INFO - DAG(s) 'example_xcom_args', 'example_xcom_args_with_operators' retrieved from /home/airflow/.local/lib/python3.12/site-packages/airflow/example_dags/example_xcomargs.py
[2024-10-11T03:36:04.787+0000] {logging_mixin.py:190} INFO - [2024-10-11T03:36:04.787+0000] {dag.py:3239} INFO - Sync 2 DAGs
[2024-10-11T03:36:04.808+0000] {logging_mixin.py:190} INFO - [2024-10-11T03:36:04.808+0000] {dag.py:4180} INFO - Setting next_dagrun for example_xcom_args to None, run_after=None
[2024-10-11T03:36:04.814+0000] {logging_mixin.py:190} INFO - [2024-10-11T03:36:04.813+0000] {dag.py:4180} INFO - Setting next_dagrun for example_xcom_args_with_operators to None, run_after=None
[2024-10-11T03:36:04.844+0000] {processor.py:208} INFO - Processing /home/airflow/.local/lib/python3.12/site-packages/airflow/example_dags/example_xcomargs.py took 0.121 seconds
[2024-10-11T03:36:36.025+0000] {processor.py:186} INFO - Started process (PID=589) to work on /home/airflow/.local/lib/python3.12/site-packages/airflow/example_dags/example_xcomargs.py
[2024-10-11T03:36:36.026+0000] {processor.py:914} INFO - Processing file /home/airflow/.local/lib/python3.12/site-packages/airflow/example_dags/example_xcomargs.py for tasks to queue
[2024-10-11T03:36:36.030+0000] {logging_mixin.py:190} INFO - [2024-10-11T03:36:36.029+0000] {dagbag.py:588} INFO - Filling up the DagBag from /home/airflow/.local/lib/python3.12/site-packages/airflow/example_dags/example_xcomargs.py
[2024-10-11T03:36:36.046+0000] {processor.py:925} INFO - DAG(s) 'example_xcom_args', 'example_xcom_args_with_operators' retrieved from /home/airflow/.local/lib/python3.12/site-packages/airflow/example_dags/example_xcomargs.py
[2024-10-11T03:36:36.082+0000] {logging_mixin.py:190} INFO - [2024-10-11T03:36:36.081+0000] {dag.py:3239} INFO - Sync 2 DAGs
[2024-10-11T03:36:36.106+0000] {logging_mixin.py:190} INFO - [2024-10-11T03:36:36.105+0000] {dag.py:4180} INFO - Setting next_dagrun for example_xcom_args to None, run_after=None
[2024-10-11T03:36:36.112+0000] {logging_mixin.py:190} INFO - [2024-10-11T03:36:36.112+0000] {dag.py:4180} INFO - Setting next_dagrun for example_xcom_args_with_operators to None, run_after=None
[2024-10-11T03:36:36.146+0000] {processor.py:208} INFO - Processing /home/airflow/.local/lib/python3.12/site-packages/airflow/example_dags/example_xcomargs.py took 0.130 seconds
[2024-10-11T03:37:06.683+0000] {processor.py:186} INFO - Started process (PID=655) to work on /home/airflow/.local/lib/python3.12/site-packages/airflow/example_dags/example_xcomargs.py
[2024-10-11T03:37:06.684+0000] {processor.py:914} INFO - Processing file /home/airflow/.local/lib/python3.12/site-packages/airflow/example_dags/example_xcomargs.py for tasks to queue
[2024-10-11T03:37:06.689+0000] {logging_mixin.py:190} INFO - [2024-10-11T03:37:06.688+0000] {dagbag.py:588} INFO - Filling up the DagBag from /home/airflow/.local/lib/python3.12/site-packages/airflow/example_dags/example_xcomargs.py
[2024-10-11T03:37:06.705+0000] {processor.py:925} INFO - DAG(s) 'example_xcom_args_with_operators', 'example_xcom_args' retrieved from /home/airflow/.local/lib/python3.12/site-packages/airflow/example_dags/example_xcomargs.py
[2024-10-11T03:37:06.754+0000] {logging_mixin.py:190} INFO - [2024-10-11T03:37:06.752+0000] {dag.py:3239} INFO - Sync 2 DAGs
[2024-10-11T03:37:06.777+0000] {logging_mixin.py:190} INFO - [2024-10-11T03:37:06.776+0000] {dag.py:4180} INFO - Setting next_dagrun for example_xcom_args to None, run_after=None
[2024-10-11T03:37:06.782+0000] {logging_mixin.py:190} INFO - [2024-10-11T03:37:06.782+0000] {dag.py:4180} INFO - Setting next_dagrun for example_xcom_args_with_operators to None, run_after=None
[2024-10-11T03:37:06.808+0000] {processor.py:208} INFO - Processing /home/airflow/.local/lib/python3.12/site-packages/airflow/example_dags/example_xcomargs.py took 0.135 seconds
[2024-10-11T03:37:38.179+0000] {processor.py:186} INFO - Started process (PID=721) to work on /home/airflow/.local/lib/python3.12/site-packages/airflow/example_dags/example_xcomargs.py
[2024-10-11T03:37:38.180+0000] {processor.py:914} INFO - Processing file /home/airflow/.local/lib/python3.12/site-packages/airflow/example_dags/example_xcomargs.py for tasks to queue
[2024-10-11T03:37:38.188+0000] {logging_mixin.py:190} INFO - [2024-10-11T03:37:38.185+0000] {dagbag.py:588} INFO - Filling up the DagBag from /home/airflow/.local/lib/python3.12/site-packages/airflow/example_dags/example_xcomargs.py
[2024-10-11T03:37:38.207+0000] {processor.py:925} INFO - DAG(s) 'example_xcom_args', 'example_xcom_args_with_operators' retrieved from /home/airflow/.local/lib/python3.12/site-packages/airflow/example_dags/example_xcomargs.py
[2024-10-11T03:37:38.243+0000] {logging_mixin.py:190} INFO - [2024-10-11T03:37:38.242+0000] {dag.py:3239} INFO - Sync 2 DAGs
[2024-10-11T03:37:38.271+0000] {logging_mixin.py:190} INFO - [2024-10-11T03:37:38.271+0000] {dag.py:4180} INFO - Setting next_dagrun for example_xcom_args to None, run_after=None
[2024-10-11T03:37:38.281+0000] {logging_mixin.py:190} INFO - [2024-10-11T03:37:38.281+0000] {dag.py:4180} INFO - Setting next_dagrun for example_xcom_args_with_operators to None, run_after=None
[2024-10-11T03:37:38.310+0000] {processor.py:208} INFO - Processing /home/airflow/.local/lib/python3.12/site-packages/airflow/example_dags/example_xcomargs.py took 0.152 seconds
[2024-10-11T03:38:09.144+0000] {processor.py:186} INFO - Started process (PID=787) to work on /home/airflow/.local/lib/python3.12/site-packages/airflow/example_dags/example_xcomargs.py
[2024-10-11T03:38:09.146+0000] {processor.py:914} INFO - Processing file /home/airflow/.local/lib/python3.12/site-packages/airflow/example_dags/example_xcomargs.py for tasks to queue
[2024-10-11T03:38:09.148+0000] {logging_mixin.py:190} INFO - [2024-10-11T03:38:09.148+0000] {dagbag.py:588} INFO - Filling up the DagBag from /home/airflow/.local/lib/python3.12/site-packages/airflow/example_dags/example_xcomargs.py
[2024-10-11T03:38:09.160+0000] {processor.py:925} INFO - DAG(s) 'example_xcom_args', 'example_xcom_args_with_operators' retrieved from /home/airflow/.local/lib/python3.12/site-packages/airflow/example_dags/example_xcomargs.py
[2024-10-11T03:38:09.188+0000] {logging_mixin.py:190} INFO - [2024-10-11T03:38:09.187+0000] {dag.py:3239} INFO - Sync 2 DAGs
[2024-10-11T03:38:09.205+0000] {logging_mixin.py:190} INFO - [2024-10-11T03:38:09.205+0000] {dag.py:4180} INFO - Setting next_dagrun for example_xcom_args to None, run_after=None
[2024-10-11T03:38:09.209+0000] {logging_mixin.py:190} INFO - [2024-10-11T03:38:09.209+0000] {dag.py:4180} INFO - Setting next_dagrun for example_xcom_args_with_operators to None, run_after=None
[2024-10-11T03:38:09.231+0000] {processor.py:208} INFO - Processing /home/airflow/.local/lib/python3.12/site-packages/airflow/example_dags/example_xcomargs.py took 0.094 seconds
[2024-10-11T03:38:40.163+0000] {processor.py:186} INFO - Started process (PID=853) to work on /home/airflow/.local/lib/python3.12/site-packages/airflow/example_dags/example_xcomargs.py
[2024-10-11T03:38:40.164+0000] {processor.py:914} INFO - Processing file /home/airflow/.local/lib/python3.12/site-packages/airflow/example_dags/example_xcomargs.py for tasks to queue
[2024-10-11T03:38:40.167+0000] {logging_mixin.py:190} INFO - [2024-10-11T03:38:40.167+0000] {dagbag.py:588} INFO - Filling up the DagBag from /home/airflow/.local/lib/python3.12/site-packages/airflow/example_dags/example_xcomargs.py
[2024-10-11T03:38:40.179+0000] {processor.py:925} INFO - DAG(s) 'example_xcom_args', 'example_xcom_args_with_operators' retrieved from /home/airflow/.local/lib/python3.12/site-packages/airflow/example_dags/example_xcomargs.py
[2024-10-11T03:38:40.207+0000] {logging_mixin.py:190} INFO - [2024-10-11T03:38:40.207+0000] {dag.py:3239} INFO - Sync 2 DAGs
[2024-10-11T03:38:40.226+0000] {logging_mixin.py:190} INFO - [2024-10-11T03:38:40.226+0000] {dag.py:4180} INFO - Setting next_dagrun for example_xcom_args to None, run_after=None
[2024-10-11T03:38:40.230+0000] {logging_mixin.py:190} INFO - [2024-10-11T03:38:40.230+0000] {dag.py:4180} INFO - Setting next_dagrun for example_xcom_args_with_operators to None, run_after=None
[2024-10-11T03:38:40.246+0000] {processor.py:208} INFO - Processing /home/airflow/.local/lib/python3.12/site-packages/airflow/example_dags/example_xcomargs.py took 0.091 seconds
[2024-10-11T03:39:10.929+0000] {processor.py:186} INFO - Started process (PID=919) to work on /home/airflow/.local/lib/python3.12/site-packages/airflow/example_dags/example_xcomargs.py
[2024-10-11T03:39:10.930+0000] {processor.py:914} INFO - Processing file /home/airflow/.local/lib/python3.12/site-packages/airflow/example_dags/example_xcomargs.py for tasks to queue
[2024-10-11T03:39:10.934+0000] {logging_mixin.py:190} INFO - [2024-10-11T03:39:10.933+0000] {dagbag.py:588} INFO - Filling up the DagBag from /home/airflow/.local/lib/python3.12/site-packages/airflow/example_dags/example_xcomargs.py
[2024-10-11T03:39:10.946+0000] {processor.py:925} INFO - DAG(s) 'example_xcom_args_with_operators', 'example_xcom_args' retrieved from /home/airflow/.local/lib/python3.12/site-packages/airflow/example_dags/example_xcomargs.py
[2024-10-11T03:39:10.974+0000] {logging_mixin.py:190} INFO - [2024-10-11T03:39:10.974+0000] {dag.py:3239} INFO - Sync 2 DAGs
[2024-10-11T03:39:10.998+0000] {logging_mixin.py:190} INFO - [2024-10-11T03:39:10.998+0000] {dag.py:4180} INFO - Setting next_dagrun for example_xcom_args to None, run_after=None
[2024-10-11T03:39:11.005+0000] {logging_mixin.py:190} INFO - [2024-10-11T03:39:11.004+0000] {dag.py:4180} INFO - Setting next_dagrun for example_xcom_args_with_operators to None, run_after=None
[2024-10-11T03:39:11.025+0000] {processor.py:208} INFO - Processing /home/airflow/.local/lib/python3.12/site-packages/airflow/example_dags/example_xcomargs.py took 0.103 seconds
[2024-10-11T03:39:41.908+0000] {processor.py:186} INFO - Started process (PID=985) to work on /home/airflow/.local/lib/python3.12/site-packages/airflow/example_dags/example_xcomargs.py
[2024-10-11T03:39:41.910+0000] {processor.py:914} INFO - Processing file /home/airflow/.local/lib/python3.12/site-packages/airflow/example_dags/example_xcomargs.py for tasks to queue
[2024-10-11T03:39:41.915+0000] {logging_mixin.py:190} INFO - [2024-10-11T03:39:41.915+0000] {dagbag.py:588} INFO - Filling up the DagBag from /home/airflow/.local/lib/python3.12/site-packages/airflow/example_dags/example_xcomargs.py
[2024-10-11T03:39:41.935+0000] {processor.py:925} INFO - DAG(s) 'example_xcom_args', 'example_xcom_args_with_operators' retrieved from /home/airflow/.local/lib/python3.12/site-packages/airflow/example_dags/example_xcomargs.py
[2024-10-11T03:39:42.001+0000] {logging_mixin.py:190} INFO - [2024-10-11T03:39:42.000+0000] {dag.py:3239} INFO - Sync 2 DAGs
[2024-10-11T03:39:42.026+0000] {logging_mixin.py:190} INFO - [2024-10-11T03:39:42.025+0000] {dag.py:4180} INFO - Setting next_dagrun for example_xcom_args to None, run_after=None
[2024-10-11T03:39:42.032+0000] {logging_mixin.py:190} INFO - [2024-10-11T03:39:42.031+0000] {dag.py:4180} INFO - Setting next_dagrun for example_xcom_args_with_operators to None, run_after=None
[2024-10-11T03:39:42.057+0000] {processor.py:208} INFO - Processing /home/airflow/.local/lib/python3.12/site-packages/airflow/example_dags/example_xcomargs.py took 0.160 seconds
[2024-10-11T03:40:12.932+0000] {processor.py:186} INFO - Started process (PID=1051) to work on /home/airflow/.local/lib/python3.12/site-packages/airflow/example_dags/example_xcomargs.py
[2024-10-11T03:40:12.932+0000] {processor.py:914} INFO - Processing file /home/airflow/.local/lib/python3.12/site-packages/airflow/example_dags/example_xcomargs.py for tasks to queue
[2024-10-11T03:40:12.935+0000] {logging_mixin.py:190} INFO - [2024-10-11T03:40:12.935+0000] {dagbag.py:588} INFO - Filling up the DagBag from /home/airflow/.local/lib/python3.12/site-packages/airflow/example_dags/example_xcomargs.py
[2024-10-11T03:40:12.947+0000] {processor.py:925} INFO - DAG(s) 'example_xcom_args_with_operators', 'example_xcom_args' retrieved from /home/airflow/.local/lib/python3.12/site-packages/airflow/example_dags/example_xcomargs.py
[2024-10-11T03:40:12.975+0000] {logging_mixin.py:190} INFO - [2024-10-11T03:40:12.974+0000] {dag.py:3239} INFO - Sync 2 DAGs
[2024-10-11T03:40:12.993+0000] {logging_mixin.py:190} INFO - [2024-10-11T03:40:12.993+0000] {dag.py:4180} INFO - Setting next_dagrun for example_xcom_args to None, run_after=None
[2024-10-11T03:40:12.998+0000] {logging_mixin.py:190} INFO - [2024-10-11T03:40:12.998+0000] {dag.py:4180} INFO - Setting next_dagrun for example_xcom_args_with_operators to None, run_after=None
[2024-10-11T03:40:13.024+0000] {processor.py:208} INFO - Processing /home/airflow/.local/lib/python3.12/site-packages/airflow/example_dags/example_xcomargs.py took 0.100 seconds
[2024-10-11T03:40:43.987+0000] {processor.py:186} INFO - Started process (PID=1117) to work on /home/airflow/.local/lib/python3.12/site-packages/airflow/example_dags/example_xcomargs.py
[2024-10-11T03:40:43.988+0000] {processor.py:914} INFO - Processing file /home/airflow/.local/lib/python3.12/site-packages/airflow/example_dags/example_xcomargs.py for tasks to queue
[2024-10-11T03:40:43.991+0000] {logging_mixin.py:190} INFO - [2024-10-11T03:40:43.991+0000] {dagbag.py:588} INFO - Filling up the DagBag from /home/airflow/.local/lib/python3.12/site-packages/airflow/example_dags/example_xcomargs.py
[2024-10-11T03:40:44.004+0000] {processor.py:925} INFO - DAG(s) 'example_xcom_args', 'example_xcom_args_with_operators' retrieved from /home/airflow/.local/lib/python3.12/site-packages/airflow/example_dags/example_xcomargs.py
[2024-10-11T03:40:44.031+0000] {logging_mixin.py:190} INFO - [2024-10-11T03:40:44.031+0000] {dag.py:3239} INFO - Sync 2 DAGs
[2024-10-11T03:40:44.049+0000] {logging_mixin.py:190} INFO - [2024-10-11T03:40:44.049+0000] {dag.py:4180} INFO - Setting next_dagrun for example_xcom_args to None, run_after=None
[2024-10-11T03:40:44.054+0000] {logging_mixin.py:190} INFO - [2024-10-11T03:40:44.053+0000] {dag.py:4180} INFO - Setting next_dagrun for example_xcom_args_with_operators to None, run_after=None
[2024-10-11T03:40:44.085+0000] {processor.py:208} INFO - Processing /home/airflow/.local/lib/python3.12/site-packages/airflow/example_dags/example_xcomargs.py took 0.106 seconds
[2024-10-11T03:41:14.912+0000] {processor.py:186} INFO - Started process (PID=1183) to work on /home/airflow/.local/lib/python3.12/site-packages/airflow/example_dags/example_xcomargs.py
[2024-10-11T03:41:14.913+0000] {processor.py:914} INFO - Processing file /home/airflow/.local/lib/python3.12/site-packages/airflow/example_dags/example_xcomargs.py for tasks to queue
[2024-10-11T03:41:14.917+0000] {logging_mixin.py:190} INFO - [2024-10-11T03:41:14.917+0000] {dagbag.py:588} INFO - Filling up the DagBag from /home/airflow/.local/lib/python3.12/site-packages/airflow/example_dags/example_xcomargs.py
[2024-10-11T03:41:14.933+0000] {processor.py:925} INFO - DAG(s) 'example_xcom_args', 'example_xcom_args_with_operators' retrieved from /home/airflow/.local/lib/python3.12/site-packages/airflow/example_dags/example_xcomargs.py
[2024-10-11T03:41:14.972+0000] {logging_mixin.py:190} INFO - [2024-10-11T03:41:14.971+0000] {dag.py:3239} INFO - Sync 2 DAGs
[2024-10-11T03:41:15.017+0000] {logging_mixin.py:190} INFO - [2024-10-11T03:41:15.016+0000] {dag.py:4180} INFO - Setting next_dagrun for example_xcom_args to None, run_after=None
[2024-10-11T03:41:15.022+0000] {logging_mixin.py:190} INFO - [2024-10-11T03:41:15.022+0000] {dag.py:4180} INFO - Setting next_dagrun for example_xcom_args_with_operators to None, run_after=None
[2024-10-11T03:41:15.046+0000] {processor.py:208} INFO - Processing /home/airflow/.local/lib/python3.12/site-packages/airflow/example_dags/example_xcomargs.py took 0.143 seconds
[2024-10-11T03:41:45.721+0000] {processor.py:186} INFO - Started process (PID=1249) to work on /home/airflow/.local/lib/python3.12/site-packages/airflow/example_dags/example_xcomargs.py
[2024-10-11T03:41:45.722+0000] {processor.py:914} INFO - Processing file /home/airflow/.local/lib/python3.12/site-packages/airflow/example_dags/example_xcomargs.py for tasks to queue
[2024-10-11T03:41:45.725+0000] {logging_mixin.py:190} INFO - [2024-10-11T03:41:45.725+0000] {dagbag.py:588} INFO - Filling up the DagBag from /home/airflow/.local/lib/python3.12/site-packages/airflow/example_dags/example_xcomargs.py
[2024-10-11T03:41:45.737+0000] {processor.py:925} INFO - DAG(s) 'example_xcom_args_with_operators', 'example_xcom_args' retrieved from /home/airflow/.local/lib/python3.12/site-packages/airflow/example_dags/example_xcomargs.py
[2024-10-11T03:41:45.766+0000] {logging_mixin.py:190} INFO - [2024-10-11T03:41:45.766+0000] {dag.py:3239} INFO - Sync 2 DAGs
[2024-10-11T03:41:45.790+0000] {logging_mixin.py:190} INFO - [2024-10-11T03:41:45.789+0000] {dag.py:4180} INFO - Setting next_dagrun for example_xcom_args to None, run_after=None
[2024-10-11T03:41:45.794+0000] {logging_mixin.py:190} INFO - [2024-10-11T03:41:45.794+0000] {dag.py:4180} INFO - Setting next_dagrun for example_xcom_args_with_operators to None, run_after=None
[2024-10-11T03:41:45.812+0000] {processor.py:208} INFO - Processing /home/airflow/.local/lib/python3.12/site-packages/airflow/example_dags/example_xcomargs.py took 0.098 seconds
[2024-10-11T03:42:16.310+0000] {processor.py:186} INFO - Started process (PID=1315) to work on /home/airflow/.local/lib/python3.12/site-packages/airflow/example_dags/example_xcomargs.py
[2024-10-11T03:42:16.312+0000] {processor.py:914} INFO - Processing file /home/airflow/.local/lib/python3.12/site-packages/airflow/example_dags/example_xcomargs.py for tasks to queue
[2024-10-11T03:42:16.317+0000] {logging_mixin.py:190} INFO - [2024-10-11T03:42:16.316+0000] {dagbag.py:588} INFO - Filling up the DagBag from /home/airflow/.local/lib/python3.12/site-packages/airflow/example_dags/example_xcomargs.py
[2024-10-11T03:42:16.335+0000] {processor.py:925} INFO - DAG(s) 'example_xcom_args', 'example_xcom_args_with_operators' retrieved from /home/airflow/.local/lib/python3.12/site-packages/airflow/example_dags/example_xcomargs.py
[2024-10-11T03:42:16.371+0000] {logging_mixin.py:190} INFO - [2024-10-11T03:42:16.371+0000] {dag.py:3239} INFO - Sync 2 DAGs
[2024-10-11T03:42:16.393+0000] {logging_mixin.py:190} INFO - [2024-10-11T03:42:16.393+0000] {dag.py:4180} INFO - Setting next_dagrun for example_xcom_args to None, run_after=None
[2024-10-11T03:42:16.398+0000] {logging_mixin.py:190} INFO - [2024-10-11T03:42:16.398+0000] {dag.py:4180} INFO - Setting next_dagrun for example_xcom_args_with_operators to None, run_after=None
[2024-10-11T03:42:16.417+0000] {processor.py:208} INFO - Processing /home/airflow/.local/lib/python3.12/site-packages/airflow/example_dags/example_xcomargs.py took 0.124 seconds
[2024-10-11T03:42:46.876+0000] {processor.py:186} INFO - Started process (PID=1381) to work on /home/airflow/.local/lib/python3.12/site-packages/airflow/example_dags/example_xcomargs.py
[2024-10-11T03:42:46.877+0000] {processor.py:914} INFO - Processing file /home/airflow/.local/lib/python3.12/site-packages/airflow/example_dags/example_xcomargs.py for tasks to queue
[2024-10-11T03:42:46.880+0000] {logging_mixin.py:190} INFO - [2024-10-11T03:42:46.879+0000] {dagbag.py:588} INFO - Filling up the DagBag from /home/airflow/.local/lib/python3.12/site-packages/airflow/example_dags/example_xcomargs.py
[2024-10-11T03:42:46.894+0000] {processor.py:925} INFO - DAG(s) 'example_xcom_args', 'example_xcom_args_with_operators' retrieved from /home/airflow/.local/lib/python3.12/site-packages/airflow/example_dags/example_xcomargs.py
[2024-10-11T03:42:46.926+0000] {logging_mixin.py:190} INFO - [2024-10-11T03:42:46.925+0000] {dag.py:3239} INFO - Sync 2 DAGs
[2024-10-11T03:42:46.946+0000] {logging_mixin.py:190} INFO - [2024-10-11T03:42:46.945+0000] {dag.py:4180} INFO - Setting next_dagrun for example_xcom_args to None, run_after=None
[2024-10-11T03:42:46.950+0000] {logging_mixin.py:190} INFO - [2024-10-11T03:42:46.950+0000] {dag.py:4180} INFO - Setting next_dagrun for example_xcom_args_with_operators to None, run_after=None
[2024-10-11T03:42:46.970+0000] {processor.py:208} INFO - Processing /home/airflow/.local/lib/python3.12/site-packages/airflow/example_dags/example_xcomargs.py took 0.102 seconds
[2024-10-11T03:43:17.813+0000] {processor.py:186} INFO - Started process (PID=1449) to work on /home/airflow/.local/lib/python3.12/site-packages/airflow/example_dags/example_xcomargs.py
[2024-10-11T03:43:17.814+0000] {processor.py:914} INFO - Processing file /home/airflow/.local/lib/python3.12/site-packages/airflow/example_dags/example_xcomargs.py for tasks to queue
[2024-10-11T03:43:17.818+0000] {logging_mixin.py:190} INFO - [2024-10-11T03:43:17.817+0000] {dagbag.py:588} INFO - Filling up the DagBag from /home/airflow/.local/lib/python3.12/site-packages/airflow/example_dags/example_xcomargs.py
[2024-10-11T03:43:17.831+0000] {processor.py:925} INFO - DAG(s) 'example_xcom_args_with_operators', 'example_xcom_args' retrieved from /home/airflow/.local/lib/python3.12/site-packages/airflow/example_dags/example_xcomargs.py
[2024-10-11T03:43:17.859+0000] {logging_mixin.py:190} INFO - [2024-10-11T03:43:17.859+0000] {dag.py:3239} INFO - Sync 2 DAGs
[2024-10-11T03:43:17.878+0000] {logging_mixin.py:190} INFO - [2024-10-11T03:43:17.878+0000] {dag.py:4180} INFO - Setting next_dagrun for example_xcom_args to None, run_after=None
[2024-10-11T03:43:17.882+0000] {logging_mixin.py:190} INFO - [2024-10-11T03:43:17.882+0000] {dag.py:4180} INFO - Setting next_dagrun for example_xcom_args_with_operators to None, run_after=None
[2024-10-11T03:43:17.900+0000] {processor.py:208} INFO - Processing /home/airflow/.local/lib/python3.12/site-packages/airflow/example_dags/example_xcomargs.py took 0.095 seconds
[2024-10-11T03:43:48.615+0000] {processor.py:186} INFO - Started process (PID=1516) to work on /home/airflow/.local/lib/python3.12/site-packages/airflow/example_dags/example_xcomargs.py
[2024-10-11T03:43:48.616+0000] {processor.py:914} INFO - Processing file /home/airflow/.local/lib/python3.12/site-packages/airflow/example_dags/example_xcomargs.py for tasks to queue
[2024-10-11T03:43:48.619+0000] {logging_mixin.py:190} INFO - [2024-10-11T03:43:48.619+0000] {dagbag.py:588} INFO - Filling up the DagBag from /home/airflow/.local/lib/python3.12/site-packages/airflow/example_dags/example_xcomargs.py
[2024-10-11T03:43:48.632+0000] {processor.py:925} INFO - DAG(s) 'example_xcom_args_with_operators', 'example_xcom_args' retrieved from /home/airflow/.local/lib/python3.12/site-packages/airflow/example_dags/example_xcomargs.py
[2024-10-11T03:43:48.667+0000] {logging_mixin.py:190} INFO - [2024-10-11T03:43:48.667+0000] {dag.py:3239} INFO - Sync 2 DAGs
[2024-10-11T03:43:48.686+0000] {logging_mixin.py:190} INFO - [2024-10-11T03:43:48.686+0000] {dag.py:4180} INFO - Setting next_dagrun for example_xcom_args to None, run_after=None
[2024-10-11T03:43:48.692+0000] {logging_mixin.py:190} INFO - [2024-10-11T03:43:48.692+0000] {dag.py:4180} INFO - Setting next_dagrun for example_xcom_args_with_operators to None, run_after=None
[2024-10-11T03:43:48.712+0000] {processor.py:208} INFO - Processing /home/airflow/.local/lib/python3.12/site-packages/airflow/example_dags/example_xcomargs.py took 0.108 seconds
[2024-10-11T03:44:19.267+0000] {processor.py:186} INFO - Started process (PID=1583) to work on /home/airflow/.local/lib/python3.12/site-packages/airflow/example_dags/example_xcomargs.py
[2024-10-11T03:44:19.268+0000] {processor.py:914} INFO - Processing file /home/airflow/.local/lib/python3.12/site-packages/airflow/example_dags/example_xcomargs.py for tasks to queue
[2024-10-11T03:44:19.271+0000] {logging_mixin.py:190} INFO - [2024-10-11T03:44:19.271+0000] {dagbag.py:588} INFO - Filling up the DagBag from /home/airflow/.local/lib/python3.12/site-packages/airflow/example_dags/example_xcomargs.py
[2024-10-11T03:44:19.284+0000] {processor.py:925} INFO - DAG(s) 'example_xcom_args', 'example_xcom_args_with_operators' retrieved from /home/airflow/.local/lib/python3.12/site-packages/airflow/example_dags/example_xcomargs.py
[2024-10-11T03:44:19.315+0000] {logging_mixin.py:190} INFO - [2024-10-11T03:44:19.314+0000] {dag.py:3239} INFO - Sync 2 DAGs
[2024-10-11T03:44:19.338+0000] {logging_mixin.py:190} INFO - [2024-10-11T03:44:19.337+0000] {dag.py:4180} INFO - Setting next_dagrun for example_xcom_args to None, run_after=None
[2024-10-11T03:44:19.345+0000] {logging_mixin.py:190} INFO - [2024-10-11T03:44:19.345+0000] {dag.py:4180} INFO - Setting next_dagrun for example_xcom_args_with_operators to None, run_after=None
[2024-10-11T03:44:19.365+0000] {processor.py:208} INFO - Processing /home/airflow/.local/lib/python3.12/site-packages/airflow/example_dags/example_xcomargs.py took 0.106 seconds
[2024-10-11T03:44:50.087+0000] {processor.py:186} INFO - Started process (PID=1650) to work on /home/airflow/.local/lib/python3.12/site-packages/airflow/example_dags/example_xcomargs.py
[2024-10-11T03:44:50.087+0000] {processor.py:914} INFO - Processing file /home/airflow/.local/lib/python3.12/site-packages/airflow/example_dags/example_xcomargs.py for tasks to queue
[2024-10-11T03:44:50.090+0000] {logging_mixin.py:190} INFO - [2024-10-11T03:44:50.090+0000] {dagbag.py:588} INFO - Filling up the DagBag from /home/airflow/.local/lib/python3.12/site-packages/airflow/example_dags/example_xcomargs.py
[2024-10-11T03:44:50.108+0000] {processor.py:925} INFO - DAG(s) 'example_xcom_args_with_operators', 'example_xcom_args' retrieved from /home/airflow/.local/lib/python3.12/site-packages/airflow/example_dags/example_xcomargs.py
[2024-10-11T03:44:50.141+0000] {logging_mixin.py:190} INFO - [2024-10-11T03:44:50.141+0000] {dag.py:3239} INFO - Sync 2 DAGs
[2024-10-11T03:44:50.164+0000] {logging_mixin.py:190} INFO - [2024-10-11T03:44:50.164+0000] {dag.py:4180} INFO - Setting next_dagrun for example_xcom_args to None, run_after=None
[2024-10-11T03:44:50.169+0000] {logging_mixin.py:190} INFO - [2024-10-11T03:44:50.169+0000] {dag.py:4180} INFO - Setting next_dagrun for example_xcom_args_with_operators to None, run_after=None
[2024-10-11T03:44:50.190+0000] {processor.py:208} INFO - Processing /home/airflow/.local/lib/python3.12/site-packages/airflow/example_dags/example_xcomargs.py took 0.112 seconds
[2024-10-11T03:45:20.548+0000] {processor.py:186} INFO - Started process (PID=1717) to work on /home/airflow/.local/lib/python3.12/site-packages/airflow/example_dags/example_xcomargs.py
[2024-10-11T03:45:20.549+0000] {processor.py:914} INFO - Processing file /home/airflow/.local/lib/python3.12/site-packages/airflow/example_dags/example_xcomargs.py for tasks to queue
[2024-10-11T03:45:20.552+0000] {logging_mixin.py:190} INFO - [2024-10-11T03:45:20.552+0000] {dagbag.py:588} INFO - Filling up the DagBag from /home/airflow/.local/lib/python3.12/site-packages/airflow/example_dags/example_xcomargs.py
[2024-10-11T03:45:20.564+0000] {processor.py:925} INFO - DAG(s) 'example_xcom_args', 'example_xcom_args_with_operators' retrieved from /home/airflow/.local/lib/python3.12/site-packages/airflow/example_dags/example_xcomargs.py
[2024-10-11T03:45:20.590+0000] {logging_mixin.py:190} INFO - [2024-10-11T03:45:20.589+0000] {dag.py:3239} INFO - Sync 2 DAGs
[2024-10-11T03:45:20.607+0000] {logging_mixin.py:190} INFO - [2024-10-11T03:45:20.607+0000] {dag.py:4180} INFO - Setting next_dagrun for example_xcom_args to None, run_after=None
[2024-10-11T03:45:20.611+0000] {logging_mixin.py:190} INFO - [2024-10-11T03:45:20.611+0000] {dag.py:4180} INFO - Setting next_dagrun for example_xcom_args_with_operators to None, run_after=None
[2024-10-11T03:45:20.628+0000] {processor.py:208} INFO - Processing /home/airflow/.local/lib/python3.12/site-packages/airflow/example_dags/example_xcomargs.py took 0.088 seconds
[2024-10-11T03:45:51.519+0000] {processor.py:186} INFO - Started process (PID=1785) to work on /home/airflow/.local/lib/python3.12/site-packages/airflow/example_dags/example_xcomargs.py
[2024-10-11T03:45:51.520+0000] {processor.py:914} INFO - Processing file /home/airflow/.local/lib/python3.12/site-packages/airflow/example_dags/example_xcomargs.py for tasks to queue
[2024-10-11T03:45:51.522+0000] {logging_mixin.py:190} INFO - [2024-10-11T03:45:51.522+0000] {dagbag.py:588} INFO - Filling up the DagBag from /home/airflow/.local/lib/python3.12/site-packages/airflow/example_dags/example_xcomargs.py
[2024-10-11T03:45:51.535+0000] {processor.py:925} INFO - DAG(s) 'example_xcom_args_with_operators', 'example_xcom_args' retrieved from /home/airflow/.local/lib/python3.12/site-packages/airflow/example_dags/example_xcomargs.py
[2024-10-11T03:45:51.568+0000] {logging_mixin.py:190} INFO - [2024-10-11T03:45:51.568+0000] {dag.py:3239} INFO - Sync 2 DAGs
[2024-10-11T03:45:51.589+0000] {logging_mixin.py:190} INFO - [2024-10-11T03:45:51.589+0000] {dag.py:4180} INFO - Setting next_dagrun for example_xcom_args to None, run_after=None
[2024-10-11T03:45:51.593+0000] {logging_mixin.py:190} INFO - [2024-10-11T03:45:51.593+0000] {dag.py:4180} INFO - Setting next_dagrun for example_xcom_args_with_operators to None, run_after=None
[2024-10-11T03:45:51.611+0000] {processor.py:208} INFO - Processing /home/airflow/.local/lib/python3.12/site-packages/airflow/example_dags/example_xcomargs.py took 0.100 seconds
[2024-10-11T03:46:21.811+0000] {processor.py:186} INFO - Started process (PID=1851) to work on /home/airflow/.local/lib/python3.12/site-packages/airflow/example_dags/example_xcomargs.py
[2024-10-11T03:46:21.812+0000] {processor.py:914} INFO - Processing file /home/airflow/.local/lib/python3.12/site-packages/airflow/example_dags/example_xcomargs.py for tasks to queue
[2024-10-11T03:46:21.815+0000] {logging_mixin.py:190} INFO - [2024-10-11T03:46:21.815+0000] {dagbag.py:588} INFO - Filling up the DagBag from /home/airflow/.local/lib/python3.12/site-packages/airflow/example_dags/example_xcomargs.py
[2024-10-11T03:46:21.828+0000] {processor.py:925} INFO - DAG(s) 'example_xcom_args', 'example_xcom_args_with_operators' retrieved from /home/airflow/.local/lib/python3.12/site-packages/airflow/example_dags/example_xcomargs.py
[2024-10-11T03:46:21.857+0000] {logging_mixin.py:190} INFO - [2024-10-11T03:46:21.857+0000] {dag.py:3239} INFO - Sync 2 DAGs
[2024-10-11T03:46:21.876+0000] {logging_mixin.py:190} INFO - [2024-10-11T03:46:21.876+0000] {dag.py:4180} INFO - Setting next_dagrun for example_xcom_args to None, run_after=None
[2024-10-11T03:46:21.881+0000] {logging_mixin.py:190} INFO - [2024-10-11T03:46:21.880+0000] {dag.py:4180} INFO - Setting next_dagrun for example_xcom_args_with_operators to None, run_after=None
[2024-10-11T03:46:21.900+0000] {processor.py:208} INFO - Processing /home/airflow/.local/lib/python3.12/site-packages/airflow/example_dags/example_xcomargs.py took 0.097 seconds
[2024-10-11T03:46:52.598+0000] {processor.py:186} INFO - Started process (PID=1917) to work on /home/airflow/.local/lib/python3.12/site-packages/airflow/example_dags/example_xcomargs.py
[2024-10-11T03:46:52.599+0000] {processor.py:914} INFO - Processing file /home/airflow/.local/lib/python3.12/site-packages/airflow/example_dags/example_xcomargs.py for tasks to queue
[2024-10-11T03:46:52.603+0000] {logging_mixin.py:190} INFO - [2024-10-11T03:46:52.603+0000] {dagbag.py:588} INFO - Filling up the DagBag from /home/airflow/.local/lib/python3.12/site-packages/airflow/example_dags/example_xcomargs.py
[2024-10-11T03:46:52.619+0000] {processor.py:925} INFO - DAG(s) 'example_xcom_args', 'example_xcom_args_with_operators' retrieved from /home/airflow/.local/lib/python3.12/site-packages/airflow/example_dags/example_xcomargs.py
[2024-10-11T03:46:52.655+0000] {logging_mixin.py:190} INFO - [2024-10-11T03:46:52.655+0000] {dag.py:3239} INFO - Sync 2 DAGs
[2024-10-11T03:46:52.673+0000] {logging_mixin.py:190} INFO - [2024-10-11T03:46:52.673+0000] {dag.py:4180} INFO - Setting next_dagrun for example_xcom_args to None, run_after=None
[2024-10-11T03:46:52.677+0000] {logging_mixin.py:190} INFO - [2024-10-11T03:46:52.677+0000] {dag.py:4180} INFO - Setting next_dagrun for example_xcom_args_with_operators to None, run_after=None
[2024-10-11T03:46:52.694+0000] {processor.py:208} INFO - Processing /home/airflow/.local/lib/python3.12/site-packages/airflow/example_dags/example_xcomargs.py took 0.105 seconds
[2024-10-11T03:47:22.816+0000] {processor.py:186} INFO - Started process (PID=1984) to work on /home/airflow/.local/lib/python3.12/site-packages/airflow/example_dags/example_xcomargs.py
[2024-10-11T03:47:22.817+0000] {processor.py:914} INFO - Processing file /home/airflow/.local/lib/python3.12/site-packages/airflow/example_dags/example_xcomargs.py for tasks to queue
[2024-10-11T03:47:22.820+0000] {logging_mixin.py:190} INFO - [2024-10-11T03:47:22.820+0000] {dagbag.py:588} INFO - Filling up the DagBag from /home/airflow/.local/lib/python3.12/site-packages/airflow/example_dags/example_xcomargs.py
[2024-10-11T03:47:22.834+0000] {processor.py:925} INFO - DAG(s) 'example_xcom_args_with_operators', 'example_xcom_args' retrieved from /home/airflow/.local/lib/python3.12/site-packages/airflow/example_dags/example_xcomargs.py
[2024-10-11T03:47:22.863+0000] {logging_mixin.py:190} INFO - [2024-10-11T03:47:22.863+0000] {dag.py:3239} INFO - Sync 2 DAGs
[2024-10-11T03:47:22.882+0000] {logging_mixin.py:190} INFO - [2024-10-11T03:47:22.882+0000] {dag.py:4180} INFO - Setting next_dagrun for example_xcom_args to None, run_after=None
[2024-10-11T03:47:22.887+0000] {logging_mixin.py:190} INFO - [2024-10-11T03:47:22.886+0000] {dag.py:4180} INFO - Setting next_dagrun for example_xcom_args_with_operators to None, run_after=None
[2024-10-11T03:47:22.905+0000] {processor.py:208} INFO - Processing /home/airflow/.local/lib/python3.12/site-packages/airflow/example_dags/example_xcomargs.py took 0.098 seconds
[2024-10-11T03:47:53.743+0000] {processor.py:186} INFO - Started process (PID=2051) to work on /home/airflow/.local/lib/python3.12/site-packages/airflow/example_dags/example_xcomargs.py
[2024-10-11T03:47:53.745+0000] {processor.py:914} INFO - Processing file /home/airflow/.local/lib/python3.12/site-packages/airflow/example_dags/example_xcomargs.py for tasks to queue
[2024-10-11T03:47:53.749+0000] {logging_mixin.py:190} INFO - [2024-10-11T03:47:53.748+0000] {dagbag.py:588} INFO - Filling up the DagBag from /home/airflow/.local/lib/python3.12/site-packages/airflow/example_dags/example_xcomargs.py
[2024-10-11T03:47:53.765+0000] {processor.py:925} INFO - DAG(s) 'example_xcom_args_with_operators', 'example_xcom_args' retrieved from /home/airflow/.local/lib/python3.12/site-packages/airflow/example_dags/example_xcomargs.py
[2024-10-11T03:47:53.799+0000] {logging_mixin.py:190} INFO - [2024-10-11T03:47:53.799+0000] {dag.py:3239} INFO - Sync 2 DAGs
[2024-10-11T03:47:53.822+0000] {logging_mixin.py:190} INFO - [2024-10-11T03:47:53.822+0000] {dag.py:4180} INFO - Setting next_dagrun for example_xcom_args to None, run_after=None
[2024-10-11T03:47:53.828+0000] {logging_mixin.py:190} INFO - [2024-10-11T03:47:53.827+0000] {dag.py:4180} INFO - Setting next_dagrun for example_xcom_args_with_operators to None, run_after=None
[2024-10-11T03:47:53.849+0000] {processor.py:208} INFO - Processing /home/airflow/.local/lib/python3.12/site-packages/airflow/example_dags/example_xcomargs.py took 0.114 seconds
[2024-10-11T03:48:24.429+0000] {processor.py:186} INFO - Started process (PID=2118) to work on /home/airflow/.local/lib/python3.12/site-packages/airflow/example_dags/example_xcomargs.py
[2024-10-11T03:48:24.430+0000] {processor.py:914} INFO - Processing file /home/airflow/.local/lib/python3.12/site-packages/airflow/example_dags/example_xcomargs.py for tasks to queue
[2024-10-11T03:48:24.435+0000] {logging_mixin.py:190} INFO - [2024-10-11T03:48:24.435+0000] {dagbag.py:588} INFO - Filling up the DagBag from /home/airflow/.local/lib/python3.12/site-packages/airflow/example_dags/example_xcomargs.py
[2024-10-11T03:48:24.456+0000] {processor.py:925} INFO - DAG(s) 'example_xcom_args', 'example_xcom_args_with_operators' retrieved from /home/airflow/.local/lib/python3.12/site-packages/airflow/example_dags/example_xcomargs.py
[2024-10-11T03:48:24.492+0000] {logging_mixin.py:190} INFO - [2024-10-11T03:48:24.491+0000] {dag.py:3239} INFO - Sync 2 DAGs
[2024-10-11T03:48:24.515+0000] {logging_mixin.py:190} INFO - [2024-10-11T03:48:24.515+0000] {dag.py:4180} INFO - Setting next_dagrun for example_xcom_args to None, run_after=None
[2024-10-11T03:48:24.521+0000] {logging_mixin.py:190} INFO - [2024-10-11T03:48:24.520+0000] {dag.py:4180} INFO - Setting next_dagrun for example_xcom_args_with_operators to None, run_after=None
[2024-10-11T03:48:24.544+0000] {processor.py:208} INFO - Processing /home/airflow/.local/lib/python3.12/site-packages/airflow/example_dags/example_xcomargs.py took 0.123 seconds
[2024-10-11T03:48:54.887+0000] {processor.py:186} INFO - Started process (PID=2185) to work on /home/airflow/.local/lib/python3.12/site-packages/airflow/example_dags/example_xcomargs.py
[2024-10-11T03:48:54.889+0000] {processor.py:914} INFO - Processing file /home/airflow/.local/lib/python3.12/site-packages/airflow/example_dags/example_xcomargs.py for tasks to queue
[2024-10-11T03:48:54.893+0000] {logging_mixin.py:190} INFO - [2024-10-11T03:48:54.893+0000] {dagbag.py:588} INFO - Filling up the DagBag from /home/airflow/.local/lib/python3.12/site-packages/airflow/example_dags/example_xcomargs.py
[2024-10-11T03:48:54.916+0000] {processor.py:925} INFO - DAG(s) 'example_xcom_args_with_operators', 'example_xcom_args' retrieved from /home/airflow/.local/lib/python3.12/site-packages/airflow/example_dags/example_xcomargs.py
[2024-10-11T03:48:54.962+0000] {logging_mixin.py:190} INFO - [2024-10-11T03:48:54.961+0000] {dag.py:3239} INFO - Sync 2 DAGs
[2024-10-11T03:48:54.996+0000] {logging_mixin.py:190} INFO - [2024-10-11T03:48:54.996+0000] {dag.py:4180} INFO - Setting next_dagrun for example_xcom_args to None, run_after=None
[2024-10-11T03:48:55.005+0000] {logging_mixin.py:190} INFO - [2024-10-11T03:48:55.005+0000] {dag.py:4180} INFO - Setting next_dagrun for example_xcom_args_with_operators to None, run_after=None
[2024-10-11T03:48:55.039+0000] {processor.py:208} INFO - Processing /home/airflow/.local/lib/python3.12/site-packages/airflow/example_dags/example_xcomargs.py took 0.173 seconds
[2024-10-11T03:49:25.798+0000] {processor.py:186} INFO - Started process (PID=2251) to work on /home/airflow/.local/lib/python3.12/site-packages/airflow/example_dags/example_xcomargs.py
[2024-10-11T03:49:25.800+0000] {processor.py:914} INFO - Processing file /home/airflow/.local/lib/python3.12/site-packages/airflow/example_dags/example_xcomargs.py for tasks to queue
[2024-10-11T03:49:25.804+0000] {logging_mixin.py:190} INFO - [2024-10-11T03:49:25.803+0000] {dagbag.py:588} INFO - Filling up the DagBag from /home/airflow/.local/lib/python3.12/site-packages/airflow/example_dags/example_xcomargs.py
[2024-10-11T03:49:25.823+0000] {processor.py:925} INFO - DAG(s) 'example_xcom_args', 'example_xcom_args_with_operators' retrieved from /home/airflow/.local/lib/python3.12/site-packages/airflow/example_dags/example_xcomargs.py
[2024-10-11T03:49:25.862+0000] {logging_mixin.py:190} INFO - [2024-10-11T03:49:25.862+0000] {dag.py:3239} INFO - Sync 2 DAGs
[2024-10-11T03:49:25.890+0000] {logging_mixin.py:190} INFO - [2024-10-11T03:49:25.889+0000] {dag.py:4180} INFO - Setting next_dagrun for example_xcom_args to None, run_after=None
[2024-10-11T03:49:25.897+0000] {logging_mixin.py:190} INFO - [2024-10-11T03:49:25.897+0000] {dag.py:4180} INFO - Setting next_dagrun for example_xcom_args_with_operators to None, run_after=None
[2024-10-11T03:49:25.932+0000] {processor.py:208} INFO - Processing /home/airflow/.local/lib/python3.12/site-packages/airflow/example_dags/example_xcomargs.py took 0.144 seconds
[2024-10-11T03:49:56.802+0000] {processor.py:186} INFO - Started process (PID=2317) to work on /home/airflow/.local/lib/python3.12/site-packages/airflow/example_dags/example_xcomargs.py
[2024-10-11T03:49:56.803+0000] {processor.py:914} INFO - Processing file /home/airflow/.local/lib/python3.12/site-packages/airflow/example_dags/example_xcomargs.py for tasks to queue
[2024-10-11T03:49:56.807+0000] {logging_mixin.py:190} INFO - [2024-10-11T03:49:56.806+0000] {dagbag.py:588} INFO - Filling up the DagBag from /home/airflow/.local/lib/python3.12/site-packages/airflow/example_dags/example_xcomargs.py
[2024-10-11T03:49:56.822+0000] {processor.py:925} INFO - DAG(s) 'example_xcom_args', 'example_xcom_args_with_operators' retrieved from /home/airflow/.local/lib/python3.12/site-packages/airflow/example_dags/example_xcomargs.py
[2024-10-11T03:49:56.855+0000] {logging_mixin.py:190} INFO - [2024-10-11T03:49:56.855+0000] {dag.py:3239} INFO - Sync 2 DAGs
[2024-10-11T03:49:56.881+0000] {logging_mixin.py:190} INFO - [2024-10-11T03:49:56.880+0000] {dag.py:4180} INFO - Setting next_dagrun for example_xcom_args to None, run_after=None
[2024-10-11T03:49:56.889+0000] {logging_mixin.py:190} INFO - [2024-10-11T03:49:56.889+0000] {dag.py:4180} INFO - Setting next_dagrun for example_xcom_args_with_operators to None, run_after=None
[2024-10-11T03:49:56.929+0000] {processor.py:208} INFO - Processing /home/airflow/.local/lib/python3.12/site-packages/airflow/example_dags/example_xcomargs.py took 0.135 seconds
[2024-10-11T03:50:27.481+0000] {processor.py:186} INFO - Started process (PID=2384) to work on /home/airflow/.local/lib/python3.12/site-packages/airflow/example_dags/example_xcomargs.py
[2024-10-11T03:50:27.482+0000] {processor.py:914} INFO - Processing file /home/airflow/.local/lib/python3.12/site-packages/airflow/example_dags/example_xcomargs.py for tasks to queue
[2024-10-11T03:50:27.485+0000] {logging_mixin.py:190} INFO - [2024-10-11T03:50:27.485+0000] {dagbag.py:588} INFO - Filling up the DagBag from /home/airflow/.local/lib/python3.12/site-packages/airflow/example_dags/example_xcomargs.py
[2024-10-11T03:50:27.503+0000] {processor.py:925} INFO - DAG(s) 'example_xcom_args', 'example_xcom_args_with_operators' retrieved from /home/airflow/.local/lib/python3.12/site-packages/airflow/example_dags/example_xcomargs.py
[2024-10-11T03:50:27.534+0000] {logging_mixin.py:190} INFO - [2024-10-11T03:50:27.533+0000] {dag.py:3239} INFO - Sync 2 DAGs
[2024-10-11T03:50:27.554+0000] {logging_mixin.py:190} INFO - [2024-10-11T03:50:27.553+0000] {dag.py:4180} INFO - Setting next_dagrun for example_xcom_args to None, run_after=None
[2024-10-11T03:50:27.559+0000] {logging_mixin.py:190} INFO - [2024-10-11T03:50:27.559+0000] {dag.py:4180} INFO - Setting next_dagrun for example_xcom_args_with_operators to None, run_after=None
[2024-10-11T03:50:27.580+0000] {processor.py:208} INFO - Processing /home/airflow/.local/lib/python3.12/site-packages/airflow/example_dags/example_xcomargs.py took 0.107 seconds
[2024-10-11T03:51:01.386+0000] {processor.py:186} INFO - Started process (PID=2457) to work on /home/airflow/.local/lib/python3.12/site-packages/airflow/example_dags/example_xcomargs.py
[2024-10-11T03:51:01.388+0000] {processor.py:914} INFO - Processing file /home/airflow/.local/lib/python3.12/site-packages/airflow/example_dags/example_xcomargs.py for tasks to queue
[2024-10-11T03:51:01.393+0000] {logging_mixin.py:190} INFO - [2024-10-11T03:51:01.392+0000] {dagbag.py:588} INFO - Filling up the DagBag from /home/airflow/.local/lib/python3.12/site-packages/airflow/example_dags/example_xcomargs.py
[2024-10-11T03:51:01.414+0000] {processor.py:925} INFO - DAG(s) 'example_xcom_args_with_operators', 'example_xcom_args' retrieved from /home/airflow/.local/lib/python3.12/site-packages/airflow/example_dags/example_xcomargs.py
[2024-10-11T03:51:01.460+0000] {logging_mixin.py:190} INFO - [2024-10-11T03:51:01.459+0000] {dag.py:3239} INFO - Sync 2 DAGs
[2024-10-11T03:51:01.487+0000] {logging_mixin.py:190} INFO - [2024-10-11T03:51:01.487+0000] {dag.py:4180} INFO - Setting next_dagrun for example_xcom_args to None, run_after=None
[2024-10-11T03:51:01.494+0000] {logging_mixin.py:190} INFO - [2024-10-11T03:51:01.493+0000] {dag.py:4180} INFO - Setting next_dagrun for example_xcom_args_with_operators to None, run_after=None
[2024-10-11T03:51:01.522+0000] {processor.py:208} INFO - Processing /home/airflow/.local/lib/python3.12/site-packages/airflow/example_dags/example_xcomargs.py took 0.146 seconds
[2024-10-11T03:51:32.952+0000] {processor.py:186} INFO - Started process (PID=2525) to work on /home/airflow/.local/lib/python3.12/site-packages/airflow/example_dags/example_xcomargs.py
[2024-10-11T03:51:32.953+0000] {processor.py:914} INFO - Processing file /home/airflow/.local/lib/python3.12/site-packages/airflow/example_dags/example_xcomargs.py for tasks to queue
[2024-10-11T03:51:32.958+0000] {logging_mixin.py:190} INFO - [2024-10-11T03:51:32.958+0000] {dagbag.py:588} INFO - Filling up the DagBag from /home/airflow/.local/lib/python3.12/site-packages/airflow/example_dags/example_xcomargs.py
[2024-10-11T03:51:32.976+0000] {processor.py:925} INFO - DAG(s) 'example_xcom_args', 'example_xcom_args_with_operators' retrieved from /home/airflow/.local/lib/python3.12/site-packages/airflow/example_dags/example_xcomargs.py
[2024-10-11T03:51:33.023+0000] {logging_mixin.py:190} INFO - [2024-10-11T03:51:33.022+0000] {dag.py:3239} INFO - Sync 2 DAGs
[2024-10-11T03:51:33.287+0000] {logging_mixin.py:190} INFO - [2024-10-11T03:51:33.286+0000] {dag.py:4180} INFO - Setting next_dagrun for example_xcom_args to None, run_after=None
[2024-10-11T03:51:33.293+0000] {logging_mixin.py:190} INFO - [2024-10-11T03:51:33.292+0000] {dag.py:4180} INFO - Setting next_dagrun for example_xcom_args_with_operators to None, run_after=None
[2024-10-11T03:51:33.321+0000] {processor.py:208} INFO - Processing /home/airflow/.local/lib/python3.12/site-packages/airflow/example_dags/example_xcomargs.py took 0.379 seconds
[2024-10-11T03:52:04.316+0000] {processor.py:186} INFO - Started process (PID=2591) to work on /home/airflow/.local/lib/python3.12/site-packages/airflow/example_dags/example_xcomargs.py
[2024-10-11T03:52:04.318+0000] {processor.py:914} INFO - Processing file /home/airflow/.local/lib/python3.12/site-packages/airflow/example_dags/example_xcomargs.py for tasks to queue
[2024-10-11T03:52:04.321+0000] {logging_mixin.py:190} INFO - [2024-10-11T03:52:04.321+0000] {dagbag.py:588} INFO - Filling up the DagBag from /home/airflow/.local/lib/python3.12/site-packages/airflow/example_dags/example_xcomargs.py
[2024-10-11T03:52:04.337+0000] {processor.py:925} INFO - DAG(s) 'example_xcom_args_with_operators', 'example_xcom_args' retrieved from /home/airflow/.local/lib/python3.12/site-packages/airflow/example_dags/example_xcomargs.py
[2024-10-11T03:52:04.370+0000] {logging_mixin.py:190} INFO - [2024-10-11T03:52:04.370+0000] {dag.py:3239} INFO - Sync 2 DAGs
[2024-10-11T03:52:04.393+0000] {logging_mixin.py:190} INFO - [2024-10-11T03:52:04.392+0000] {dag.py:4180} INFO - Setting next_dagrun for example_xcom_args to None, run_after=None
[2024-10-11T03:52:04.398+0000] {logging_mixin.py:190} INFO - [2024-10-11T03:52:04.398+0000] {dag.py:4180} INFO - Setting next_dagrun for example_xcom_args_with_operators to None, run_after=None
[2024-10-11T03:52:04.421+0000] {processor.py:208} INFO - Processing /home/airflow/.local/lib/python3.12/site-packages/airflow/example_dags/example_xcomargs.py took 0.113 seconds
[2024-10-11T03:52:35.120+0000] {processor.py:186} INFO - Started process (PID=2657) to work on /home/airflow/.local/lib/python3.12/site-packages/airflow/example_dags/example_xcomargs.py
[2024-10-11T03:52:35.121+0000] {processor.py:914} INFO - Processing file /home/airflow/.local/lib/python3.12/site-packages/airflow/example_dags/example_xcomargs.py for tasks to queue
[2024-10-11T03:52:35.126+0000] {logging_mixin.py:190} INFO - [2024-10-11T03:52:35.125+0000] {dagbag.py:588} INFO - Filling up the DagBag from /home/airflow/.local/lib/python3.12/site-packages/airflow/example_dags/example_xcomargs.py
[2024-10-11T03:52:35.141+0000] {processor.py:925} INFO - DAG(s) 'example_xcom_args_with_operators', 'example_xcom_args' retrieved from /home/airflow/.local/lib/python3.12/site-packages/airflow/example_dags/example_xcomargs.py
[2024-10-11T03:52:35.178+0000] {logging_mixin.py:190} INFO - [2024-10-11T03:52:35.177+0000] {dag.py:3239} INFO - Sync 2 DAGs
[2024-10-11T03:52:35.199+0000] {logging_mixin.py:190} INFO - [2024-10-11T03:52:35.199+0000] {dag.py:4180} INFO - Setting next_dagrun for example_xcom_args to None, run_after=None
[2024-10-11T03:52:35.204+0000] {logging_mixin.py:190} INFO - [2024-10-11T03:52:35.204+0000] {dag.py:4180} INFO - Setting next_dagrun for example_xcom_args_with_operators to None, run_after=None
[2024-10-11T03:52:35.227+0000] {processor.py:208} INFO - Processing /home/airflow/.local/lib/python3.12/site-packages/airflow/example_dags/example_xcomargs.py took 0.115 seconds
[2024-10-11T03:53:06.082+0000] {processor.py:186} INFO - Started process (PID=2725) to work on /home/airflow/.local/lib/python3.12/site-packages/airflow/example_dags/example_xcomargs.py
[2024-10-11T03:53:06.085+0000] {processor.py:914} INFO - Processing file /home/airflow/.local/lib/python3.12/site-packages/airflow/example_dags/example_xcomargs.py for tasks to queue
[2024-10-11T03:53:06.089+0000] {logging_mixin.py:190} INFO - [2024-10-11T03:53:06.088+0000] {dagbag.py:588} INFO - Filling up the DagBag from /home/airflow/.local/lib/python3.12/site-packages/airflow/example_dags/example_xcomargs.py
[2024-10-11T03:53:06.117+0000] {processor.py:925} INFO - DAG(s) 'example_xcom_args_with_operators', 'example_xcom_args' retrieved from /home/airflow/.local/lib/python3.12/site-packages/airflow/example_dags/example_xcomargs.py
[2024-10-11T03:53:06.176+0000] {logging_mixin.py:190} INFO - [2024-10-11T03:53:06.176+0000] {dag.py:3239} INFO - Sync 2 DAGs
[2024-10-11T03:53:06.218+0000] {logging_mixin.py:190} INFO - [2024-10-11T03:53:06.217+0000] {dag.py:4180} INFO - Setting next_dagrun for example_xcom_args to None, run_after=None
[2024-10-11T03:53:06.226+0000] {logging_mixin.py:190} INFO - [2024-10-11T03:53:06.226+0000] {dag.py:4180} INFO - Setting next_dagrun for example_xcom_args_with_operators to None, run_after=None
[2024-10-11T03:53:06.260+0000] {processor.py:208} INFO - Processing /home/airflow/.local/lib/python3.12/site-packages/airflow/example_dags/example_xcomargs.py took 0.192 seconds
[2024-10-11T03:53:36.773+0000] {processor.py:186} INFO - Started process (PID=2792) to work on /home/airflow/.local/lib/python3.12/site-packages/airflow/example_dags/example_xcomargs.py
[2024-10-11T03:53:36.778+0000] {processor.py:914} INFO - Processing file /home/airflow/.local/lib/python3.12/site-packages/airflow/example_dags/example_xcomargs.py for tasks to queue
[2024-10-11T03:53:36.783+0000] {logging_mixin.py:190} INFO - [2024-10-11T03:53:36.782+0000] {dagbag.py:588} INFO - Filling up the DagBag from /home/airflow/.local/lib/python3.12/site-packages/airflow/example_dags/example_xcomargs.py
[2024-10-11T03:53:36.810+0000] {processor.py:925} INFO - DAG(s) 'example_xcom_args_with_operators', 'example_xcom_args' retrieved from /home/airflow/.local/lib/python3.12/site-packages/airflow/example_dags/example_xcomargs.py
[2024-10-11T03:53:36.919+0000] {logging_mixin.py:190} INFO - [2024-10-11T03:53:36.918+0000] {dag.py:3239} INFO - Sync 2 DAGs
[2024-10-11T03:53:36.973+0000] {logging_mixin.py:190} INFO - [2024-10-11T03:53:36.973+0000] {dag.py:4180} INFO - Setting next_dagrun for example_xcom_args to None, run_after=None
[2024-10-11T03:53:36.990+0000] {logging_mixin.py:190} INFO - [2024-10-11T03:53:36.989+0000] {dag.py:4180} INFO - Setting next_dagrun for example_xcom_args_with_operators to None, run_after=None
[2024-10-11T03:53:37.053+0000] {processor.py:208} INFO - Processing /home/airflow/.local/lib/python3.12/site-packages/airflow/example_dags/example_xcomargs.py took 0.298 seconds
[2024-10-11T03:54:07.968+0000] {processor.py:186} INFO - Started process (PID=2859) to work on /home/airflow/.local/lib/python3.12/site-packages/airflow/example_dags/example_xcomargs.py
[2024-10-11T03:54:07.971+0000] {processor.py:914} INFO - Processing file /home/airflow/.local/lib/python3.12/site-packages/airflow/example_dags/example_xcomargs.py for tasks to queue
[2024-10-11T03:54:07.976+0000] {logging_mixin.py:190} INFO - [2024-10-11T03:54:07.975+0000] {dagbag.py:588} INFO - Filling up the DagBag from /home/airflow/.local/lib/python3.12/site-packages/airflow/example_dags/example_xcomargs.py
[2024-10-11T03:54:08.002+0000] {processor.py:925} INFO - DAG(s) 'example_xcom_args_with_operators', 'example_xcom_args' retrieved from /home/airflow/.local/lib/python3.12/site-packages/airflow/example_dags/example_xcomargs.py
[2024-10-11T03:54:08.057+0000] {logging_mixin.py:190} INFO - [2024-10-11T03:54:08.057+0000] {dag.py:3239} INFO - Sync 2 DAGs
[2024-10-11T03:54:08.109+0000] {logging_mixin.py:190} INFO - [2024-10-11T03:54:08.108+0000] {dag.py:4180} INFO - Setting next_dagrun for example_xcom_args to None, run_after=None
[2024-10-11T03:54:08.120+0000] {logging_mixin.py:190} INFO - [2024-10-11T03:54:08.119+0000] {dag.py:4180} INFO - Setting next_dagrun for example_xcom_args_with_operators to None, run_after=None
[2024-10-11T03:54:08.180+0000] {processor.py:208} INFO - Processing /home/airflow/.local/lib/python3.12/site-packages/airflow/example_dags/example_xcomargs.py took 0.230 seconds
[2024-10-11T03:54:39.691+0000] {processor.py:186} INFO - Started process (PID=2926) to work on /home/airflow/.local/lib/python3.12/site-packages/airflow/example_dags/example_xcomargs.py
[2024-10-11T03:54:39.694+0000] {processor.py:914} INFO - Processing file /home/airflow/.local/lib/python3.12/site-packages/airflow/example_dags/example_xcomargs.py for tasks to queue
[2024-10-11T03:54:39.700+0000] {logging_mixin.py:190} INFO - [2024-10-11T03:54:39.699+0000] {dagbag.py:588} INFO - Filling up the DagBag from /home/airflow/.local/lib/python3.12/site-packages/airflow/example_dags/example_xcomargs.py
[2024-10-11T03:54:39.727+0000] {processor.py:925} INFO - DAG(s) 'example_xcom_args', 'example_xcom_args_with_operators' retrieved from /home/airflow/.local/lib/python3.12/site-packages/airflow/example_dags/example_xcomargs.py
[2024-10-11T03:54:39.796+0000] {logging_mixin.py:190} INFO - [2024-10-11T03:54:39.796+0000] {dag.py:3239} INFO - Sync 2 DAGs
[2024-10-11T03:54:39.842+0000] {logging_mixin.py:190} INFO - [2024-10-11T03:54:39.841+0000] {dag.py:4180} INFO - Setting next_dagrun for example_xcom_args to None, run_after=None
[2024-10-11T03:54:39.851+0000] {logging_mixin.py:190} INFO - [2024-10-11T03:54:39.851+0000] {dag.py:4180} INFO - Setting next_dagrun for example_xcom_args_with_operators to None, run_after=None
[2024-10-11T03:54:39.890+0000] {processor.py:208} INFO - Processing /home/airflow/.local/lib/python3.12/site-packages/airflow/example_dags/example_xcomargs.py took 0.219 seconds
[2024-10-11T03:55:10.709+0000] {processor.py:186} INFO - Started process (PID=2993) to work on /home/airflow/.local/lib/python3.12/site-packages/airflow/example_dags/example_xcomargs.py
[2024-10-11T03:55:10.711+0000] {processor.py:914} INFO - Processing file /home/airflow/.local/lib/python3.12/site-packages/airflow/example_dags/example_xcomargs.py for tasks to queue
[2024-10-11T03:55:10.720+0000] {logging_mixin.py:190} INFO - [2024-10-11T03:55:10.719+0000] {dagbag.py:588} INFO - Filling up the DagBag from /home/airflow/.local/lib/python3.12/site-packages/airflow/example_dags/example_xcomargs.py
[2024-10-11T03:55:10.745+0000] {processor.py:925} INFO - DAG(s) 'example_xcom_args_with_operators', 'example_xcom_args' retrieved from /home/airflow/.local/lib/python3.12/site-packages/airflow/example_dags/example_xcomargs.py
[2024-10-11T03:55:10.815+0000] {logging_mixin.py:190} INFO - [2024-10-11T03:55:10.815+0000] {dag.py:3239} INFO - Sync 2 DAGs
[2024-10-11T03:55:10.853+0000] {logging_mixin.py:190} INFO - [2024-10-11T03:55:10.852+0000] {dag.py:4180} INFO - Setting next_dagrun for example_xcom_args to None, run_after=None
[2024-10-11T03:55:10.860+0000] {logging_mixin.py:190} INFO - [2024-10-11T03:55:10.860+0000] {dag.py:4180} INFO - Setting next_dagrun for example_xcom_args_with_operators to None, run_after=None
[2024-10-11T03:55:10.893+0000] {processor.py:208} INFO - Processing /home/airflow/.local/lib/python3.12/site-packages/airflow/example_dags/example_xcomargs.py took 0.200 seconds
[2024-10-11T03:55:41.273+0000] {processor.py:186} INFO - Started process (PID=3059) to work on /home/airflow/.local/lib/python3.12/site-packages/airflow/example_dags/example_xcomargs.py
[2024-10-11T03:55:41.275+0000] {processor.py:914} INFO - Processing file /home/airflow/.local/lib/python3.12/site-packages/airflow/example_dags/example_xcomargs.py for tasks to queue
[2024-10-11T03:55:41.279+0000] {logging_mixin.py:190} INFO - [2024-10-11T03:55:41.278+0000] {dagbag.py:588} INFO - Filling up the DagBag from /home/airflow/.local/lib/python3.12/site-packages/airflow/example_dags/example_xcomargs.py
[2024-10-11T03:55:41.300+0000] {processor.py:925} INFO - DAG(s) 'example_xcom_args_with_operators', 'example_xcom_args' retrieved from /home/airflow/.local/lib/python3.12/site-packages/airflow/example_dags/example_xcomargs.py
[2024-10-11T03:55:41.348+0000] {logging_mixin.py:190} INFO - [2024-10-11T03:55:41.348+0000] {dag.py:3239} INFO - Sync 2 DAGs
[2024-10-11T03:55:41.378+0000] {logging_mixin.py:190} INFO - [2024-10-11T03:55:41.378+0000] {dag.py:4180} INFO - Setting next_dagrun for example_xcom_args to None, run_after=None
[2024-10-11T03:55:41.387+0000] {logging_mixin.py:190} INFO - [2024-10-11T03:55:41.386+0000] {dag.py:4180} INFO - Setting next_dagrun for example_xcom_args_with_operators to None, run_after=None
[2024-10-11T03:55:41.416+0000] {processor.py:208} INFO - Processing /home/airflow/.local/lib/python3.12/site-packages/airflow/example_dags/example_xcomargs.py took 0.154 seconds
[2024-10-11T03:56:11.537+0000] {processor.py:186} INFO - Started process (PID=3126) to work on /home/airflow/.local/lib/python3.12/site-packages/airflow/example_dags/example_xcomargs.py
[2024-10-11T03:56:11.539+0000] {processor.py:914} INFO - Processing file /home/airflow/.local/lib/python3.12/site-packages/airflow/example_dags/example_xcomargs.py for tasks to queue
[2024-10-11T03:56:11.543+0000] {logging_mixin.py:190} INFO - [2024-10-11T03:56:11.542+0000] {dagbag.py:588} INFO - Filling up the DagBag from /home/airflow/.local/lib/python3.12/site-packages/airflow/example_dags/example_xcomargs.py
[2024-10-11T03:56:11.561+0000] {processor.py:925} INFO - DAG(s) 'example_xcom_args', 'example_xcom_args_with_operators' retrieved from /home/airflow/.local/lib/python3.12/site-packages/airflow/example_dags/example_xcomargs.py
[2024-10-11T03:56:11.607+0000] {logging_mixin.py:190} INFO - [2024-10-11T03:56:11.607+0000] {dag.py:3239} INFO - Sync 2 DAGs
[2024-10-11T03:56:11.648+0000] {logging_mixin.py:190} INFO - [2024-10-11T03:56:11.647+0000] {dag.py:4180} INFO - Setting next_dagrun for example_xcom_args to None, run_after=None
[2024-10-11T03:56:11.655+0000] {logging_mixin.py:190} INFO - [2024-10-11T03:56:11.655+0000] {dag.py:4180} INFO - Setting next_dagrun for example_xcom_args_with_operators to None, run_after=None
[2024-10-11T03:56:11.683+0000] {processor.py:208} INFO - Processing /home/airflow/.local/lib/python3.12/site-packages/airflow/example_dags/example_xcomargs.py took 0.156 seconds
[2024-10-11T03:56:45.374+0000] {processor.py:186} INFO - Started process (PID=3194) to work on /home/airflow/.local/lib/python3.12/site-packages/airflow/example_dags/example_xcomargs.py
[2024-10-11T03:56:45.377+0000] {processor.py:914} INFO - Processing file /home/airflow/.local/lib/python3.12/site-packages/airflow/example_dags/example_xcomargs.py for tasks to queue
[2024-10-11T03:56:45.382+0000] {logging_mixin.py:190} INFO - [2024-10-11T03:56:45.381+0000] {dagbag.py:588} INFO - Filling up the DagBag from /home/airflow/.local/lib/python3.12/site-packages/airflow/example_dags/example_xcomargs.py
[2024-10-11T03:56:45.406+0000] {processor.py:925} INFO - DAG(s) 'example_xcom_args', 'example_xcom_args_with_operators' retrieved from /home/airflow/.local/lib/python3.12/site-packages/airflow/example_dags/example_xcomargs.py
[2024-10-11T03:56:45.467+0000] {logging_mixin.py:190} INFO - [2024-10-11T03:56:45.466+0000] {dag.py:3239} INFO - Sync 2 DAGs
[2024-10-11T03:56:45.511+0000] {logging_mixin.py:190} INFO - [2024-10-11T03:56:45.510+0000] {dag.py:4180} INFO - Setting next_dagrun for example_xcom_args to None, run_after=None
[2024-10-11T03:56:45.525+0000] {logging_mixin.py:190} INFO - [2024-10-11T03:56:45.524+0000] {dag.py:4180} INFO - Setting next_dagrun for example_xcom_args_with_operators to None, run_after=None
[2024-10-11T03:56:45.566+0000] {processor.py:208} INFO - Processing /home/airflow/.local/lib/python3.12/site-packages/airflow/example_dags/example_xcomargs.py took 0.207 seconds
[2024-10-11T03:57:16.486+0000] {processor.py:186} INFO - Started process (PID=3261) to work on /home/airflow/.local/lib/python3.12/site-packages/airflow/example_dags/example_xcomargs.py
[2024-10-11T03:57:16.487+0000] {processor.py:914} INFO - Processing file /home/airflow/.local/lib/python3.12/site-packages/airflow/example_dags/example_xcomargs.py for tasks to queue
[2024-10-11T03:57:16.491+0000] {logging_mixin.py:190} INFO - [2024-10-11T03:57:16.490+0000] {dagbag.py:588} INFO - Filling up the DagBag from /home/airflow/.local/lib/python3.12/site-packages/airflow/example_dags/example_xcomargs.py
[2024-10-11T03:57:16.511+0000] {processor.py:925} INFO - DAG(s) 'example_xcom_args', 'example_xcom_args_with_operators' retrieved from /home/airflow/.local/lib/python3.12/site-packages/airflow/example_dags/example_xcomargs.py
[2024-10-11T03:57:16.549+0000] {logging_mixin.py:190} INFO - [2024-10-11T03:57:16.549+0000] {dag.py:3239} INFO - Sync 2 DAGs
[2024-10-11T03:57:16.585+0000] {logging_mixin.py:190} INFO - [2024-10-11T03:57:16.585+0000] {dag.py:4180} INFO - Setting next_dagrun for example_xcom_args to None, run_after=None
[2024-10-11T03:57:16.591+0000] {logging_mixin.py:190} INFO - [2024-10-11T03:57:16.591+0000] {dag.py:4180} INFO - Setting next_dagrun for example_xcom_args_with_operators to None, run_after=None
[2024-10-11T03:57:16.616+0000] {processor.py:208} INFO - Processing /home/airflow/.local/lib/python3.12/site-packages/airflow/example_dags/example_xcomargs.py took 0.142 seconds
[2024-10-11T03:57:46.740+0000] {processor.py:186} INFO - Started process (PID=3327) to work on /home/airflow/.local/lib/python3.12/site-packages/airflow/example_dags/example_xcomargs.py
[2024-10-11T03:57:46.741+0000] {processor.py:914} INFO - Processing file /home/airflow/.local/lib/python3.12/site-packages/airflow/example_dags/example_xcomargs.py for tasks to queue
[2024-10-11T03:57:46.745+0000] {logging_mixin.py:190} INFO - [2024-10-11T03:57:46.744+0000] {dagbag.py:588} INFO - Filling up the DagBag from /home/airflow/.local/lib/python3.12/site-packages/airflow/example_dags/example_xcomargs.py
[2024-10-11T03:57:46.758+0000] {processor.py:925} INFO - DAG(s) 'example_xcom_args_with_operators', 'example_xcom_args' retrieved from /home/airflow/.local/lib/python3.12/site-packages/airflow/example_dags/example_xcomargs.py
[2024-10-11T03:57:46.792+0000] {logging_mixin.py:190} INFO - [2024-10-11T03:57:46.791+0000] {dag.py:3239} INFO - Sync 2 DAGs
[2024-10-11T03:57:46.816+0000] {logging_mixin.py:190} INFO - [2024-10-11T03:57:46.815+0000] {dag.py:4180} INFO - Setting next_dagrun for example_xcom_args to None, run_after=None
[2024-10-11T03:57:46.821+0000] {logging_mixin.py:190} INFO - [2024-10-11T03:57:46.821+0000] {dag.py:4180} INFO - Setting next_dagrun for example_xcom_args_with_operators to None, run_after=None
[2024-10-11T03:57:46.849+0000] {processor.py:208} INFO - Processing /home/airflow/.local/lib/python3.12/site-packages/airflow/example_dags/example_xcomargs.py took 0.116 seconds
[2024-10-11T03:58:17.148+0000] {processor.py:186} INFO - Started process (PID=3393) to work on /home/airflow/.local/lib/python3.12/site-packages/airflow/example_dags/example_xcomargs.py
[2024-10-11T03:58:17.149+0000] {processor.py:914} INFO - Processing file /home/airflow/.local/lib/python3.12/site-packages/airflow/example_dags/example_xcomargs.py for tasks to queue
[2024-10-11T03:58:17.154+0000] {logging_mixin.py:190} INFO - [2024-10-11T03:58:17.153+0000] {dagbag.py:588} INFO - Filling up the DagBag from /home/airflow/.local/lib/python3.12/site-packages/airflow/example_dags/example_xcomargs.py
[2024-10-11T03:58:17.172+0000] {processor.py:925} INFO - DAG(s) 'example_xcom_args', 'example_xcom_args_with_operators' retrieved from /home/airflow/.local/lib/python3.12/site-packages/airflow/example_dags/example_xcomargs.py
[2024-10-11T03:58:17.229+0000] {logging_mixin.py:190} INFO - [2024-10-11T03:58:17.229+0000] {dag.py:3239} INFO - Sync 2 DAGs
[2024-10-11T03:58:17.253+0000] {logging_mixin.py:190} INFO - [2024-10-11T03:58:17.253+0000] {dag.py:4180} INFO - Setting next_dagrun for example_xcom_args to None, run_after=None
[2024-10-11T03:58:17.259+0000] {logging_mixin.py:190} INFO - [2024-10-11T03:58:17.259+0000] {dag.py:4180} INFO - Setting next_dagrun for example_xcom_args_with_operators to None, run_after=None
[2024-10-11T03:58:17.288+0000] {processor.py:208} INFO - Processing /home/airflow/.local/lib/python3.12/site-packages/airflow/example_dags/example_xcomargs.py took 0.150 seconds
[2024-10-11T03:58:48.167+0000] {processor.py:186} INFO - Started process (PID=3462) to work on /home/airflow/.local/lib/python3.12/site-packages/airflow/example_dags/example_xcomargs.py
[2024-10-11T03:58:48.169+0000] {processor.py:914} INFO - Processing file /home/airflow/.local/lib/python3.12/site-packages/airflow/example_dags/example_xcomargs.py for tasks to queue
[2024-10-11T03:58:48.175+0000] {logging_mixin.py:190} INFO - [2024-10-11T03:58:48.174+0000] {dagbag.py:588} INFO - Filling up the DagBag from /home/airflow/.local/lib/python3.12/site-packages/airflow/example_dags/example_xcomargs.py
[2024-10-11T03:58:48.198+0000] {processor.py:925} INFO - DAG(s) 'example_xcom_args', 'example_xcom_args_with_operators' retrieved from /home/airflow/.local/lib/python3.12/site-packages/airflow/example_dags/example_xcomargs.py
[2024-10-11T03:58:48.241+0000] {logging_mixin.py:190} INFO - [2024-10-11T03:58:48.240+0000] {dag.py:3239} INFO - Sync 2 DAGs
[2024-10-11T03:58:48.273+0000] {logging_mixin.py:190} INFO - [2024-10-11T03:58:48.272+0000] {dag.py:4180} INFO - Setting next_dagrun for example_xcom_args to None, run_after=None
[2024-10-11T03:58:48.285+0000] {logging_mixin.py:190} INFO - [2024-10-11T03:58:48.285+0000] {dag.py:4180} INFO - Setting next_dagrun for example_xcom_args_with_operators to None, run_after=None
[2024-10-11T03:58:48.333+0000] {processor.py:208} INFO - Processing /home/airflow/.local/lib/python3.12/site-packages/airflow/example_dags/example_xcomargs.py took 0.177 seconds
[2024-10-11T03:59:19.220+0000] {processor.py:186} INFO - Started process (PID=3529) to work on /home/airflow/.local/lib/python3.12/site-packages/airflow/example_dags/example_xcomargs.py
[2024-10-11T03:59:19.222+0000] {processor.py:914} INFO - Processing file /home/airflow/.local/lib/python3.12/site-packages/airflow/example_dags/example_xcomargs.py for tasks to queue
[2024-10-11T03:59:19.229+0000] {logging_mixin.py:190} INFO - [2024-10-11T03:59:19.228+0000] {dagbag.py:588} INFO - Filling up the DagBag from /home/airflow/.local/lib/python3.12/site-packages/airflow/example_dags/example_xcomargs.py
[2024-10-11T03:59:19.275+0000] {processor.py:925} INFO - DAG(s) 'example_xcom_args_with_operators', 'example_xcom_args' retrieved from /home/airflow/.local/lib/python3.12/site-packages/airflow/example_dags/example_xcomargs.py
[2024-10-11T03:59:19.386+0000] {logging_mixin.py:190} INFO - [2024-10-11T03:59:19.385+0000] {dag.py:3239} INFO - Sync 2 DAGs
[2024-10-11T03:59:19.451+0000] {logging_mixin.py:190} INFO - [2024-10-11T03:59:19.447+0000] {dag.py:4180} INFO - Setting next_dagrun for example_xcom_args to None, run_after=None
[2024-10-11T03:59:19.481+0000] {logging_mixin.py:190} INFO - [2024-10-11T03:59:19.480+0000] {dag.py:4180} INFO - Setting next_dagrun for example_xcom_args_with_operators to None, run_after=None
[2024-10-11T03:59:19.559+0000] {processor.py:208} INFO - Processing /home/airflow/.local/lib/python3.12/site-packages/airflow/example_dags/example_xcomargs.py took 0.363 seconds
[2024-10-11T03:59:50.881+0000] {processor.py:186} INFO - Started process (PID=3596) to work on /home/airflow/.local/lib/python3.12/site-packages/airflow/example_dags/example_xcomargs.py
[2024-10-11T03:59:50.885+0000] {processor.py:914} INFO - Processing file /home/airflow/.local/lib/python3.12/site-packages/airflow/example_dags/example_xcomargs.py for tasks to queue
[2024-10-11T03:59:50.890+0000] {logging_mixin.py:190} INFO - [2024-10-11T03:59:50.890+0000] {dagbag.py:588} INFO - Filling up the DagBag from /home/airflow/.local/lib/python3.12/site-packages/airflow/example_dags/example_xcomargs.py
[2024-10-11T03:59:50.922+0000] {processor.py:925} INFO - DAG(s) 'example_xcom_args_with_operators', 'example_xcom_args' retrieved from /home/airflow/.local/lib/python3.12/site-packages/airflow/example_dags/example_xcomargs.py
[2024-10-11T03:59:51.001+0000] {logging_mixin.py:190} INFO - [2024-10-11T03:59:51.000+0000] {dag.py:3239} INFO - Sync 2 DAGs
[2024-10-11T03:59:51.072+0000] {logging_mixin.py:190} INFO - [2024-10-11T03:59:51.070+0000] {dag.py:4180} INFO - Setting next_dagrun for example_xcom_args to None, run_after=None
[2024-10-11T03:59:51.090+0000] {logging_mixin.py:190} INFO - [2024-10-11T03:59:51.089+0000] {dag.py:4180} INFO - Setting next_dagrun for example_xcom_args_with_operators to None, run_after=None
[2024-10-11T03:59:51.151+0000] {processor.py:208} INFO - Processing /home/airflow/.local/lib/python3.12/site-packages/airflow/example_dags/example_xcomargs.py took 0.289 seconds
[2024-10-11T04:00:22.032+0000] {processor.py:186} INFO - Started process (PID=3662) to work on /home/airflow/.local/lib/python3.12/site-packages/airflow/example_dags/example_xcomargs.py
[2024-10-11T04:00:22.034+0000] {processor.py:914} INFO - Processing file /home/airflow/.local/lib/python3.12/site-packages/airflow/example_dags/example_xcomargs.py for tasks to queue
[2024-10-11T04:00:22.039+0000] {logging_mixin.py:190} INFO - [2024-10-11T04:00:22.038+0000] {dagbag.py:588} INFO - Filling up the DagBag from /home/airflow/.local/lib/python3.12/site-packages/airflow/example_dags/example_xcomargs.py
[2024-10-11T04:00:22.078+0000] {processor.py:925} INFO - DAG(s) 'example_xcom_args_with_operators', 'example_xcom_args' retrieved from /home/airflow/.local/lib/python3.12/site-packages/airflow/example_dags/example_xcomargs.py
[2024-10-11T04:00:22.138+0000] {logging_mixin.py:190} INFO - [2024-10-11T04:00:22.138+0000] {dag.py:3239} INFO - Sync 2 DAGs
[2024-10-11T04:00:22.182+0000] {logging_mixin.py:190} INFO - [2024-10-11T04:00:22.182+0000] {dag.py:4180} INFO - Setting next_dagrun for example_xcom_args to None, run_after=None
[2024-10-11T04:00:22.202+0000] {logging_mixin.py:190} INFO - [2024-10-11T04:00:22.201+0000] {dag.py:4180} INFO - Setting next_dagrun for example_xcom_args_with_operators to None, run_after=None
[2024-10-11T04:00:22.325+0000] {processor.py:208} INFO - Processing /home/airflow/.local/lib/python3.12/site-packages/airflow/example_dags/example_xcomargs.py took 0.310 seconds
[2024-10-11T04:00:53.396+0000] {processor.py:186} INFO - Started process (PID=3730) to work on /home/airflow/.local/lib/python3.12/site-packages/airflow/example_dags/example_xcomargs.py
[2024-10-11T04:00:53.398+0000] {processor.py:914} INFO - Processing file /home/airflow/.local/lib/python3.12/site-packages/airflow/example_dags/example_xcomargs.py for tasks to queue
[2024-10-11T04:00:53.402+0000] {logging_mixin.py:190} INFO - [2024-10-11T04:00:53.401+0000] {dagbag.py:588} INFO - Filling up the DagBag from /home/airflow/.local/lib/python3.12/site-packages/airflow/example_dags/example_xcomargs.py
[2024-10-11T04:00:53.428+0000] {processor.py:925} INFO - DAG(s) 'example_xcom_args_with_operators', 'example_xcom_args' retrieved from /home/airflow/.local/lib/python3.12/site-packages/airflow/example_dags/example_xcomargs.py
[2024-10-11T04:00:53.494+0000] {logging_mixin.py:190} INFO - [2024-10-11T04:00:53.494+0000] {dag.py:3239} INFO - Sync 2 DAGs
[2024-10-11T04:00:53.542+0000] {logging_mixin.py:190} INFO - [2024-10-11T04:00:53.541+0000] {dag.py:4180} INFO - Setting next_dagrun for example_xcom_args to None, run_after=None
[2024-10-11T04:00:53.550+0000] {logging_mixin.py:190} INFO - [2024-10-11T04:00:53.549+0000] {dag.py:4180} INFO - Setting next_dagrun for example_xcom_args_with_operators to None, run_after=None
[2024-10-11T04:00:53.592+0000] {processor.py:208} INFO - Processing /home/airflow/.local/lib/python3.12/site-packages/airflow/example_dags/example_xcomargs.py took 0.215 seconds
[2024-10-11T04:01:23.955+0000] {processor.py:186} INFO - Started process (PID=3797) to work on /home/airflow/.local/lib/python3.12/site-packages/airflow/example_dags/example_xcomargs.py
[2024-10-11T04:01:23.956+0000] {processor.py:914} INFO - Processing file /home/airflow/.local/lib/python3.12/site-packages/airflow/example_dags/example_xcomargs.py for tasks to queue
[2024-10-11T04:01:23.963+0000] {logging_mixin.py:190} INFO - [2024-10-11T04:01:23.961+0000] {dagbag.py:588} INFO - Filling up the DagBag from /home/airflow/.local/lib/python3.12/site-packages/airflow/example_dags/example_xcomargs.py
[2024-10-11T04:01:23.988+0000] {processor.py:925} INFO - DAG(s) 'example_xcom_args', 'example_xcom_args_with_operators' retrieved from /home/airflow/.local/lib/python3.12/site-packages/airflow/example_dags/example_xcomargs.py
[2024-10-11T04:01:24.068+0000] {logging_mixin.py:190} INFO - [2024-10-11T04:01:24.067+0000] {dag.py:3239} INFO - Sync 2 DAGs
[2024-10-11T04:01:24.117+0000] {logging_mixin.py:190} INFO - [2024-10-11T04:01:24.117+0000] {dag.py:4180} INFO - Setting next_dagrun for example_xcom_args to None, run_after=None
[2024-10-11T04:01:24.128+0000] {logging_mixin.py:190} INFO - [2024-10-11T04:01:24.128+0000] {dag.py:4180} INFO - Setting next_dagrun for example_xcom_args_with_operators to None, run_after=None
[2024-10-11T04:01:24.175+0000] {processor.py:208} INFO - Processing /home/airflow/.local/lib/python3.12/site-packages/airflow/example_dags/example_xcomargs.py took 0.240 seconds
