[2024-10-11T03:33:01.610+0000] {processor.py:186} INFO - Started process (PID=133) to work on /home/airflow/.local/lib/python3.12/site-packages/airflow/example_dags/example_skip_dag.py
[2024-10-11T03:33:01.611+0000] {processor.py:914} INFO - Processing file /home/airflow/.local/lib/python3.12/site-packages/airflow/example_dags/example_skip_dag.py for tasks to queue
[2024-10-11T03:33:01.614+0000] {logging_mixin.py:190} INFO - [2024-10-11T03:33:01.613+0000] {dagbag.py:588} INFO - Filling up the DagBag from /home/airflow/.local/lib/python3.12/site-packages/airflow/example_dags/example_skip_dag.py
[2024-10-11T03:33:01.627+0000] {processor.py:925} INFO - DAG(s) 'example_skip_dag' retrieved from /home/airflow/.local/lib/python3.12/site-packages/airflow/example_dags/example_skip_dag.py
[2024-10-11T03:33:01.655+0000] {logging_mixin.py:190} INFO - [2024-10-11T03:33:01.655+0000] {dag.py:3239} INFO - Sync 1 DAGs
[2024-10-11T03:33:01.689+0000] {logging_mixin.py:190} INFO - [2024-10-11T03:33:01.688+0000] {dag.py:4180} INFO - Setting next_dagrun for example_skip_dag to 2024-10-10 00:00:00+00:00, run_after=2024-10-11 00:00:00+00:00
[2024-10-11T03:33:01.712+0000] {processor.py:208} INFO - Processing /home/airflow/.local/lib/python3.12/site-packages/airflow/example_dags/example_skip_dag.py took 0.113 seconds
[2024-10-11T03:33:32.092+0000] {processor.py:186} INFO - Started process (PID=199) to work on /home/airflow/.local/lib/python3.12/site-packages/airflow/example_dags/example_skip_dag.py
[2024-10-11T03:33:32.093+0000] {processor.py:914} INFO - Processing file /home/airflow/.local/lib/python3.12/site-packages/airflow/example_dags/example_skip_dag.py for tasks to queue
[2024-10-11T03:33:32.097+0000] {logging_mixin.py:190} INFO - [2024-10-11T03:33:32.096+0000] {dagbag.py:588} INFO - Filling up the DagBag from /home/airflow/.local/lib/python3.12/site-packages/airflow/example_dags/example_skip_dag.py
[2024-10-11T03:33:32.107+0000] {processor.py:925} INFO - DAG(s) 'example_skip_dag' retrieved from /home/airflow/.local/lib/python3.12/site-packages/airflow/example_dags/example_skip_dag.py
[2024-10-11T03:33:32.135+0000] {logging_mixin.py:190} INFO - [2024-10-11T03:33:32.134+0000] {dag.py:3239} INFO - Sync 1 DAGs
[2024-10-11T03:33:32.169+0000] {logging_mixin.py:190} INFO - [2024-10-11T03:33:32.168+0000] {dag.py:4180} INFO - Setting next_dagrun for example_skip_dag to 2024-10-10 00:00:00+00:00, run_after=2024-10-11 00:00:00+00:00
[2024-10-11T03:33:32.191+0000] {processor.py:208} INFO - Processing /home/airflow/.local/lib/python3.12/site-packages/airflow/example_dags/example_skip_dag.py took 0.105 seconds
[2024-10-11T03:34:02.537+0000] {processor.py:186} INFO - Started process (PID=264) to work on /home/airflow/.local/lib/python3.12/site-packages/airflow/example_dags/example_skip_dag.py
[2024-10-11T03:34:02.555+0000] {processor.py:914} INFO - Processing file /home/airflow/.local/lib/python3.12/site-packages/airflow/example_dags/example_skip_dag.py for tasks to queue
[2024-10-11T03:34:02.565+0000] {logging_mixin.py:190} INFO - [2024-10-11T03:34:02.564+0000] {dagbag.py:588} INFO - Filling up the DagBag from /home/airflow/.local/lib/python3.12/site-packages/airflow/example_dags/example_skip_dag.py
[2024-10-11T03:34:02.584+0000] {processor.py:925} INFO - DAG(s) 'example_skip_dag' retrieved from /home/airflow/.local/lib/python3.12/site-packages/airflow/example_dags/example_skip_dag.py
[2024-10-11T03:34:02.623+0000] {logging_mixin.py:190} INFO - [2024-10-11T03:34:02.623+0000] {dag.py:3239} INFO - Sync 1 DAGs
[2024-10-11T03:34:02.664+0000] {logging_mixin.py:190} INFO - [2024-10-11T03:34:02.663+0000] {dag.py:4180} INFO - Setting next_dagrun for example_skip_dag to 2024-10-10 00:00:00+00:00, run_after=2024-10-11 00:00:00+00:00
[2024-10-11T03:34:02.688+0000] {processor.py:208} INFO - Processing /home/airflow/.local/lib/python3.12/site-packages/airflow/example_dags/example_skip_dag.py took 0.159 seconds
[2024-10-11T03:34:32.853+0000] {processor.py:186} INFO - Started process (PID=330) to work on /home/airflow/.local/lib/python3.12/site-packages/airflow/example_dags/example_skip_dag.py
[2024-10-11T03:34:32.855+0000] {processor.py:914} INFO - Processing file /home/airflow/.local/lib/python3.12/site-packages/airflow/example_dags/example_skip_dag.py for tasks to queue
[2024-10-11T03:34:32.858+0000] {logging_mixin.py:190} INFO - [2024-10-11T03:34:32.857+0000] {dagbag.py:588} INFO - Filling up the DagBag from /home/airflow/.local/lib/python3.12/site-packages/airflow/example_dags/example_skip_dag.py
[2024-10-11T03:34:32.872+0000] {processor.py:925} INFO - DAG(s) 'example_skip_dag' retrieved from /home/airflow/.local/lib/python3.12/site-packages/airflow/example_dags/example_skip_dag.py
[2024-10-11T03:34:32.899+0000] {logging_mixin.py:190} INFO - [2024-10-11T03:34:32.899+0000] {dag.py:3239} INFO - Sync 1 DAGs
[2024-10-11T03:34:32.930+0000] {logging_mixin.py:190} INFO - [2024-10-11T03:34:32.930+0000] {dag.py:4180} INFO - Setting next_dagrun for example_skip_dag to 2024-10-10 00:00:00+00:00, run_after=2024-10-11 00:00:00+00:00
[2024-10-11T03:34:32.956+0000] {processor.py:208} INFO - Processing /home/airflow/.local/lib/python3.12/site-packages/airflow/example_dags/example_skip_dag.py took 0.111 seconds
[2024-10-11T03:35:03.772+0000] {processor.py:186} INFO - Started process (PID=396) to work on /home/airflow/.local/lib/python3.12/site-packages/airflow/example_dags/example_skip_dag.py
[2024-10-11T03:35:03.773+0000] {processor.py:914} INFO - Processing file /home/airflow/.local/lib/python3.12/site-packages/airflow/example_dags/example_skip_dag.py for tasks to queue
[2024-10-11T03:35:03.776+0000] {logging_mixin.py:190} INFO - [2024-10-11T03:35:03.775+0000] {dagbag.py:588} INFO - Filling up the DagBag from /home/airflow/.local/lib/python3.12/site-packages/airflow/example_dags/example_skip_dag.py
[2024-10-11T03:35:03.785+0000] {processor.py:925} INFO - DAG(s) 'example_skip_dag' retrieved from /home/airflow/.local/lib/python3.12/site-packages/airflow/example_dags/example_skip_dag.py
[2024-10-11T03:35:03.815+0000] {logging_mixin.py:190} INFO - [2024-10-11T03:35:03.815+0000] {dag.py:3239} INFO - Sync 1 DAGs
[2024-10-11T03:35:03.850+0000] {logging_mixin.py:190} INFO - [2024-10-11T03:35:03.850+0000] {dag.py:4180} INFO - Setting next_dagrun for example_skip_dag to 2024-10-10 00:00:00+00:00, run_after=2024-10-11 00:00:00+00:00
[2024-10-11T03:35:03.886+0000] {processor.py:208} INFO - Processing /home/airflow/.local/lib/python3.12/site-packages/airflow/example_dags/example_skip_dag.py took 0.122 seconds
[2024-10-11T03:35:34.912+0000] {processor.py:186} INFO - Started process (PID=462) to work on /home/airflow/.local/lib/python3.12/site-packages/airflow/example_dags/example_skip_dag.py
[2024-10-11T03:35:34.913+0000] {processor.py:914} INFO - Processing file /home/airflow/.local/lib/python3.12/site-packages/airflow/example_dags/example_skip_dag.py for tasks to queue
[2024-10-11T03:35:34.917+0000] {logging_mixin.py:190} INFO - [2024-10-11T03:35:34.916+0000] {dagbag.py:588} INFO - Filling up the DagBag from /home/airflow/.local/lib/python3.12/site-packages/airflow/example_dags/example_skip_dag.py
[2024-10-11T03:35:34.929+0000] {processor.py:925} INFO - DAG(s) 'example_skip_dag' retrieved from /home/airflow/.local/lib/python3.12/site-packages/airflow/example_dags/example_skip_dag.py
[2024-10-11T03:35:34.958+0000] {logging_mixin.py:190} INFO - [2024-10-11T03:35:34.958+0000] {dag.py:3239} INFO - Sync 1 DAGs
[2024-10-11T03:35:34.989+0000] {logging_mixin.py:190} INFO - [2024-10-11T03:35:34.989+0000] {dag.py:4180} INFO - Setting next_dagrun for example_skip_dag to 2024-10-10 00:00:00+00:00, run_after=2024-10-11 00:00:00+00:00
[2024-10-11T03:35:35.007+0000] {processor.py:208} INFO - Processing /home/airflow/.local/lib/python3.12/site-packages/airflow/example_dags/example_skip_dag.py took 0.106 seconds
[2024-10-11T03:36:05.192+0000] {processor.py:186} INFO - Started process (PID=528) to work on /home/airflow/.local/lib/python3.12/site-packages/airflow/example_dags/example_skip_dag.py
[2024-10-11T03:36:05.193+0000] {processor.py:914} INFO - Processing file /home/airflow/.local/lib/python3.12/site-packages/airflow/example_dags/example_skip_dag.py for tasks to queue
[2024-10-11T03:36:05.197+0000] {logging_mixin.py:190} INFO - [2024-10-11T03:36:05.197+0000] {dagbag.py:588} INFO - Filling up the DagBag from /home/airflow/.local/lib/python3.12/site-packages/airflow/example_dags/example_skip_dag.py
[2024-10-11T03:36:05.210+0000] {processor.py:925} INFO - DAG(s) 'example_skip_dag' retrieved from /home/airflow/.local/lib/python3.12/site-packages/airflow/example_dags/example_skip_dag.py
[2024-10-11T03:36:05.249+0000] {logging_mixin.py:190} INFO - [2024-10-11T03:36:05.249+0000] {dag.py:3239} INFO - Sync 1 DAGs
[2024-10-11T03:36:05.291+0000] {logging_mixin.py:190} INFO - [2024-10-11T03:36:05.291+0000] {dag.py:4180} INFO - Setting next_dagrun for example_skip_dag to 2024-10-10 00:00:00+00:00, run_after=2024-10-11 00:00:00+00:00
[2024-10-11T03:36:05.343+0000] {processor.py:208} INFO - Processing /home/airflow/.local/lib/python3.12/site-packages/airflow/example_dags/example_skip_dag.py took 0.159 seconds
[2024-10-11T03:36:36.514+0000] {processor.py:186} INFO - Started process (PID=594) to work on /home/airflow/.local/lib/python3.12/site-packages/airflow/example_dags/example_skip_dag.py
[2024-10-11T03:36:36.515+0000] {processor.py:914} INFO - Processing file /home/airflow/.local/lib/python3.12/site-packages/airflow/example_dags/example_skip_dag.py for tasks to queue
[2024-10-11T03:36:36.520+0000] {logging_mixin.py:190} INFO - [2024-10-11T03:36:36.519+0000] {dagbag.py:588} INFO - Filling up the DagBag from /home/airflow/.local/lib/python3.12/site-packages/airflow/example_dags/example_skip_dag.py
[2024-10-11T03:36:36.531+0000] {processor.py:925} INFO - DAG(s) 'example_skip_dag' retrieved from /home/airflow/.local/lib/python3.12/site-packages/airflow/example_dags/example_skip_dag.py
[2024-10-11T03:36:36.577+0000] {logging_mixin.py:190} INFO - [2024-10-11T03:36:36.577+0000] {dag.py:3239} INFO - Sync 1 DAGs
[2024-10-11T03:36:36.609+0000] {logging_mixin.py:190} INFO - [2024-10-11T03:36:36.609+0000] {dag.py:4180} INFO - Setting next_dagrun for example_skip_dag to 2024-10-10 00:00:00+00:00, run_after=2024-10-11 00:00:00+00:00
[2024-10-11T03:36:36.634+0000] {processor.py:208} INFO - Processing /home/airflow/.local/lib/python3.12/site-packages/airflow/example_dags/example_skip_dag.py took 0.129 seconds
[2024-10-11T03:37:07.010+0000] {processor.py:186} INFO - Started process (PID=659) to work on /home/airflow/.local/lib/python3.12/site-packages/airflow/example_dags/example_skip_dag.py
[2024-10-11T03:37:07.012+0000] {processor.py:914} INFO - Processing file /home/airflow/.local/lib/python3.12/site-packages/airflow/example_dags/example_skip_dag.py for tasks to queue
[2024-10-11T03:37:07.017+0000] {logging_mixin.py:190} INFO - [2024-10-11T03:37:07.016+0000] {dagbag.py:588} INFO - Filling up the DagBag from /home/airflow/.local/lib/python3.12/site-packages/airflow/example_dags/example_skip_dag.py
[2024-10-11T03:37:07.030+0000] {processor.py:925} INFO - DAG(s) 'example_skip_dag' retrieved from /home/airflow/.local/lib/python3.12/site-packages/airflow/example_dags/example_skip_dag.py
[2024-10-11T03:37:07.060+0000] {logging_mixin.py:190} INFO - [2024-10-11T03:37:07.059+0000] {dag.py:3239} INFO - Sync 1 DAGs
[2024-10-11T03:37:07.095+0000] {logging_mixin.py:190} INFO - [2024-10-11T03:37:07.095+0000] {dag.py:4180} INFO - Setting next_dagrun for example_skip_dag to 2024-10-10 00:00:00+00:00, run_after=2024-10-11 00:00:00+00:00
[2024-10-11T03:37:07.124+0000] {processor.py:208} INFO - Processing /home/airflow/.local/lib/python3.12/site-packages/airflow/example_dags/example_skip_dag.py took 0.127 seconds
[2024-10-11T03:37:38.562+0000] {processor.py:186} INFO - Started process (PID=725) to work on /home/airflow/.local/lib/python3.12/site-packages/airflow/example_dags/example_skip_dag.py
[2024-10-11T03:37:38.563+0000] {processor.py:914} INFO - Processing file /home/airflow/.local/lib/python3.12/site-packages/airflow/example_dags/example_skip_dag.py for tasks to queue
[2024-10-11T03:37:38.569+0000] {logging_mixin.py:190} INFO - [2024-10-11T03:37:38.567+0000] {dagbag.py:588} INFO - Filling up the DagBag from /home/airflow/.local/lib/python3.12/site-packages/airflow/example_dags/example_skip_dag.py
[2024-10-11T03:37:38.584+0000] {processor.py:925} INFO - DAG(s) 'example_skip_dag' retrieved from /home/airflow/.local/lib/python3.12/site-packages/airflow/example_dags/example_skip_dag.py
[2024-10-11T03:37:38.618+0000] {logging_mixin.py:190} INFO - [2024-10-11T03:37:38.617+0000] {dag.py:3239} INFO - Sync 1 DAGs
[2024-10-11T03:37:38.652+0000] {logging_mixin.py:190} INFO - [2024-10-11T03:37:38.652+0000] {dag.py:4180} INFO - Setting next_dagrun for example_skip_dag to 2024-10-10 00:00:00+00:00, run_after=2024-10-11 00:00:00+00:00
[2024-10-11T03:37:38.677+0000] {processor.py:208} INFO - Processing /home/airflow/.local/lib/python3.12/site-packages/airflow/example_dags/example_skip_dag.py took 0.126 seconds
[2024-10-11T03:38:09.423+0000] {processor.py:186} INFO - Started process (PID=791) to work on /home/airflow/.local/lib/python3.12/site-packages/airflow/example_dags/example_skip_dag.py
[2024-10-11T03:38:09.425+0000] {processor.py:914} INFO - Processing file /home/airflow/.local/lib/python3.12/site-packages/airflow/example_dags/example_skip_dag.py for tasks to queue
[2024-10-11T03:38:09.428+0000] {logging_mixin.py:190} INFO - [2024-10-11T03:38:09.427+0000] {dagbag.py:588} INFO - Filling up the DagBag from /home/airflow/.local/lib/python3.12/site-packages/airflow/example_dags/example_skip_dag.py
[2024-10-11T03:38:09.437+0000] {processor.py:925} INFO - DAG(s) 'example_skip_dag' retrieved from /home/airflow/.local/lib/python3.12/site-packages/airflow/example_dags/example_skip_dag.py
[2024-10-11T03:38:09.479+0000] {logging_mixin.py:190} INFO - [2024-10-11T03:38:09.479+0000] {dag.py:3239} INFO - Sync 1 DAGs
[2024-10-11T03:38:09.513+0000] {logging_mixin.py:190} INFO - [2024-10-11T03:38:09.513+0000] {dag.py:4180} INFO - Setting next_dagrun for example_skip_dag to 2024-10-10 00:00:00+00:00, run_after=2024-10-11 00:00:00+00:00
[2024-10-11T03:38:09.535+0000] {processor.py:208} INFO - Processing /home/airflow/.local/lib/python3.12/site-packages/airflow/example_dags/example_skip_dag.py took 0.119 seconds
[2024-10-11T03:38:40.563+0000] {processor.py:186} INFO - Started process (PID=858) to work on /home/airflow/.local/lib/python3.12/site-packages/airflow/example_dags/example_skip_dag.py
[2024-10-11T03:38:40.565+0000] {processor.py:914} INFO - Processing file /home/airflow/.local/lib/python3.12/site-packages/airflow/example_dags/example_skip_dag.py for tasks to queue
[2024-10-11T03:38:40.568+0000] {logging_mixin.py:190} INFO - [2024-10-11T03:38:40.567+0000] {dagbag.py:588} INFO - Filling up the DagBag from /home/airflow/.local/lib/python3.12/site-packages/airflow/example_dags/example_skip_dag.py
[2024-10-11T03:38:40.577+0000] {processor.py:925} INFO - DAG(s) 'example_skip_dag' retrieved from /home/airflow/.local/lib/python3.12/site-packages/airflow/example_dags/example_skip_dag.py
[2024-10-11T03:38:40.602+0000] {logging_mixin.py:190} INFO - [2024-10-11T03:38:40.601+0000] {dag.py:3239} INFO - Sync 1 DAGs
[2024-10-11T03:38:40.629+0000] {logging_mixin.py:190} INFO - [2024-10-11T03:38:40.629+0000] {dag.py:4180} INFO - Setting next_dagrun for example_skip_dag to 2024-10-10 00:00:00+00:00, run_after=2024-10-11 00:00:00+00:00
[2024-10-11T03:38:40.648+0000] {processor.py:208} INFO - Processing /home/airflow/.local/lib/python3.12/site-packages/airflow/example_dags/example_skip_dag.py took 0.092 seconds
[2024-10-11T03:39:11.356+0000] {processor.py:186} INFO - Started process (PID=924) to work on /home/airflow/.local/lib/python3.12/site-packages/airflow/example_dags/example_skip_dag.py
[2024-10-11T03:39:11.357+0000] {processor.py:914} INFO - Processing file /home/airflow/.local/lib/python3.12/site-packages/airflow/example_dags/example_skip_dag.py for tasks to queue
[2024-10-11T03:39:11.360+0000] {logging_mixin.py:190} INFO - [2024-10-11T03:39:11.360+0000] {dagbag.py:588} INFO - Filling up the DagBag from /home/airflow/.local/lib/python3.12/site-packages/airflow/example_dags/example_skip_dag.py
[2024-10-11T03:39:11.369+0000] {processor.py:925} INFO - DAG(s) 'example_skip_dag' retrieved from /home/airflow/.local/lib/python3.12/site-packages/airflow/example_dags/example_skip_dag.py
[2024-10-11T03:39:11.393+0000] {logging_mixin.py:190} INFO - [2024-10-11T03:39:11.393+0000] {dag.py:3239} INFO - Sync 1 DAGs
[2024-10-11T03:39:11.423+0000] {logging_mixin.py:190} INFO - [2024-10-11T03:39:11.422+0000] {dag.py:4180} INFO - Setting next_dagrun for example_skip_dag to 2024-10-10 00:00:00+00:00, run_after=2024-10-11 00:00:00+00:00
[2024-10-11T03:39:11.454+0000] {processor.py:208} INFO - Processing /home/airflow/.local/lib/python3.12/site-packages/airflow/example_dags/example_skip_dag.py took 0.106 seconds
[2024-10-11T03:39:42.513+0000] {processor.py:186} INFO - Started process (PID=990) to work on /home/airflow/.local/lib/python3.12/site-packages/airflow/example_dags/example_skip_dag.py
[2024-10-11T03:39:42.515+0000] {processor.py:914} INFO - Processing file /home/airflow/.local/lib/python3.12/site-packages/airflow/example_dags/example_skip_dag.py for tasks to queue
[2024-10-11T03:39:42.520+0000] {logging_mixin.py:190} INFO - [2024-10-11T03:39:42.520+0000] {dagbag.py:588} INFO - Filling up the DagBag from /home/airflow/.local/lib/python3.12/site-packages/airflow/example_dags/example_skip_dag.py
[2024-10-11T03:39:42.535+0000] {processor.py:925} INFO - DAG(s) 'example_skip_dag' retrieved from /home/airflow/.local/lib/python3.12/site-packages/airflow/example_dags/example_skip_dag.py
[2024-10-11T03:39:42.580+0000] {logging_mixin.py:190} INFO - [2024-10-11T03:39:42.580+0000] {dag.py:3239} INFO - Sync 1 DAGs
[2024-10-11T03:39:42.619+0000] {logging_mixin.py:190} INFO - [2024-10-11T03:39:42.619+0000] {dag.py:4180} INFO - Setting next_dagrun for example_skip_dag to 2024-10-10 00:00:00+00:00, run_after=2024-10-11 00:00:00+00:00
[2024-10-11T03:39:42.648+0000] {processor.py:208} INFO - Processing /home/airflow/.local/lib/python3.12/site-packages/airflow/example_dags/example_skip_dag.py took 0.147 seconds
[2024-10-11T03:40:13.546+0000] {processor.py:186} INFO - Started process (PID=1056) to work on /home/airflow/.local/lib/python3.12/site-packages/airflow/example_dags/example_skip_dag.py
[2024-10-11T03:40:13.547+0000] {processor.py:914} INFO - Processing file /home/airflow/.local/lib/python3.12/site-packages/airflow/example_dags/example_skip_dag.py for tasks to queue
[2024-10-11T03:40:13.552+0000] {logging_mixin.py:190} INFO - [2024-10-11T03:40:13.551+0000] {dagbag.py:588} INFO - Filling up the DagBag from /home/airflow/.local/lib/python3.12/site-packages/airflow/example_dags/example_skip_dag.py
[2024-10-11T03:40:13.562+0000] {processor.py:925} INFO - DAG(s) 'example_skip_dag' retrieved from /home/airflow/.local/lib/python3.12/site-packages/airflow/example_dags/example_skip_dag.py
[2024-10-11T03:40:13.595+0000] {logging_mixin.py:190} INFO - [2024-10-11T03:40:13.594+0000] {dag.py:3239} INFO - Sync 1 DAGs
[2024-10-11T03:40:13.636+0000] {logging_mixin.py:190} INFO - [2024-10-11T03:40:13.636+0000] {dag.py:4180} INFO - Setting next_dagrun for example_skip_dag to 2024-10-10 00:00:00+00:00, run_after=2024-10-11 00:00:00+00:00
[2024-10-11T03:40:13.662+0000] {processor.py:208} INFO - Processing /home/airflow/.local/lib/python3.12/site-packages/airflow/example_dags/example_skip_dag.py took 0.127 seconds
[2024-10-11T03:40:44.506+0000] {processor.py:186} INFO - Started process (PID=1122) to work on /home/airflow/.local/lib/python3.12/site-packages/airflow/example_dags/example_skip_dag.py
[2024-10-11T03:40:44.507+0000] {processor.py:914} INFO - Processing file /home/airflow/.local/lib/python3.12/site-packages/airflow/example_dags/example_skip_dag.py for tasks to queue
[2024-10-11T03:40:44.511+0000] {logging_mixin.py:190} INFO - [2024-10-11T03:40:44.510+0000] {dagbag.py:588} INFO - Filling up the DagBag from /home/airflow/.local/lib/python3.12/site-packages/airflow/example_dags/example_skip_dag.py
[2024-10-11T03:40:44.520+0000] {processor.py:925} INFO - DAG(s) 'example_skip_dag' retrieved from /home/airflow/.local/lib/python3.12/site-packages/airflow/example_dags/example_skip_dag.py
[2024-10-11T03:40:44.547+0000] {logging_mixin.py:190} INFO - [2024-10-11T03:40:44.547+0000] {dag.py:3239} INFO - Sync 1 DAGs
[2024-10-11T03:40:44.577+0000] {logging_mixin.py:190} INFO - [2024-10-11T03:40:44.576+0000] {dag.py:4180} INFO - Setting next_dagrun for example_skip_dag to 2024-10-10 00:00:00+00:00, run_after=2024-10-11 00:00:00+00:00
[2024-10-11T03:40:44.595+0000] {processor.py:208} INFO - Processing /home/airflow/.local/lib/python3.12/site-packages/airflow/example_dags/example_skip_dag.py took 0.098 seconds
[2024-10-11T03:41:15.504+0000] {processor.py:186} INFO - Started process (PID=1188) to work on /home/airflow/.local/lib/python3.12/site-packages/airflow/example_dags/example_skip_dag.py
[2024-10-11T03:41:15.505+0000] {processor.py:914} INFO - Processing file /home/airflow/.local/lib/python3.12/site-packages/airflow/example_dags/example_skip_dag.py for tasks to queue
[2024-10-11T03:41:15.508+0000] {logging_mixin.py:190} INFO - [2024-10-11T03:41:15.508+0000] {dagbag.py:588} INFO - Filling up the DagBag from /home/airflow/.local/lib/python3.12/site-packages/airflow/example_dags/example_skip_dag.py
[2024-10-11T03:41:15.518+0000] {processor.py:925} INFO - DAG(s) 'example_skip_dag' retrieved from /home/airflow/.local/lib/python3.12/site-packages/airflow/example_dags/example_skip_dag.py
[2024-10-11T03:41:15.543+0000] {logging_mixin.py:190} INFO - [2024-10-11T03:41:15.543+0000] {dag.py:3239} INFO - Sync 1 DAGs
[2024-10-11T03:41:15.574+0000] {logging_mixin.py:190} INFO - [2024-10-11T03:41:15.574+0000] {dag.py:4180} INFO - Setting next_dagrun for example_skip_dag to 2024-10-10 00:00:00+00:00, run_after=2024-10-11 00:00:00+00:00
[2024-10-11T03:41:15.594+0000] {processor.py:208} INFO - Processing /home/airflow/.local/lib/python3.12/site-packages/airflow/example_dags/example_skip_dag.py took 0.098 seconds
[2024-10-11T03:41:46.497+0000] {processor.py:186} INFO - Started process (PID=1254) to work on /home/airflow/.local/lib/python3.12/site-packages/airflow/example_dags/example_skip_dag.py
[2024-10-11T03:41:46.499+0000] {processor.py:914} INFO - Processing file /home/airflow/.local/lib/python3.12/site-packages/airflow/example_dags/example_skip_dag.py for tasks to queue
[2024-10-11T03:41:46.502+0000] {logging_mixin.py:190} INFO - [2024-10-11T03:41:46.501+0000] {dagbag.py:588} INFO - Filling up the DagBag from /home/airflow/.local/lib/python3.12/site-packages/airflow/example_dags/example_skip_dag.py
[2024-10-11T03:41:46.514+0000] {processor.py:925} INFO - DAG(s) 'example_skip_dag' retrieved from /home/airflow/.local/lib/python3.12/site-packages/airflow/example_dags/example_skip_dag.py
[2024-10-11T03:41:46.550+0000] {logging_mixin.py:190} INFO - [2024-10-11T03:41:46.550+0000] {dag.py:3239} INFO - Sync 1 DAGs
[2024-10-11T03:41:46.579+0000] {logging_mixin.py:190} INFO - [2024-10-11T03:41:46.579+0000] {dag.py:4180} INFO - Setting next_dagrun for example_skip_dag to 2024-10-10 00:00:00+00:00, run_after=2024-10-11 00:00:00+00:00
[2024-10-11T03:41:46.602+0000] {processor.py:208} INFO - Processing /home/airflow/.local/lib/python3.12/site-packages/airflow/example_dags/example_skip_dag.py took 0.112 seconds
[2024-10-11T03:42:16.929+0000] {processor.py:186} INFO - Started process (PID=1320) to work on /home/airflow/.local/lib/python3.12/site-packages/airflow/example_dags/example_skip_dag.py
[2024-10-11T03:42:16.930+0000] {processor.py:914} INFO - Processing file /home/airflow/.local/lib/python3.12/site-packages/airflow/example_dags/example_skip_dag.py for tasks to queue
[2024-10-11T03:42:16.933+0000] {logging_mixin.py:190} INFO - [2024-10-11T03:42:16.933+0000] {dagbag.py:588} INFO - Filling up the DagBag from /home/airflow/.local/lib/python3.12/site-packages/airflow/example_dags/example_skip_dag.py
[2024-10-11T03:42:16.942+0000] {processor.py:925} INFO - DAG(s) 'example_skip_dag' retrieved from /home/airflow/.local/lib/python3.12/site-packages/airflow/example_dags/example_skip_dag.py
[2024-10-11T03:42:16.967+0000] {logging_mixin.py:190} INFO - [2024-10-11T03:42:16.967+0000] {dag.py:3239} INFO - Sync 1 DAGs
[2024-10-11T03:42:16.998+0000] {logging_mixin.py:190} INFO - [2024-10-11T03:42:16.998+0000] {dag.py:4180} INFO - Setting next_dagrun for example_skip_dag to 2024-10-10 00:00:00+00:00, run_after=2024-10-11 00:00:00+00:00
[2024-10-11T03:42:17.017+0000] {processor.py:208} INFO - Processing /home/airflow/.local/lib/python3.12/site-packages/airflow/example_dags/example_skip_dag.py took 0.095 seconds
[2024-10-11T03:42:47.524+0000] {processor.py:186} INFO - Started process (PID=1386) to work on /home/airflow/.local/lib/python3.12/site-packages/airflow/example_dags/example_skip_dag.py
[2024-10-11T03:42:47.525+0000] {processor.py:914} INFO - Processing file /home/airflow/.local/lib/python3.12/site-packages/airflow/example_dags/example_skip_dag.py for tasks to queue
[2024-10-11T03:42:47.530+0000] {logging_mixin.py:190} INFO - [2024-10-11T03:42:47.529+0000] {dagbag.py:588} INFO - Filling up the DagBag from /home/airflow/.local/lib/python3.12/site-packages/airflow/example_dags/example_skip_dag.py
[2024-10-11T03:42:47.546+0000] {processor.py:925} INFO - DAG(s) 'example_skip_dag' retrieved from /home/airflow/.local/lib/python3.12/site-packages/airflow/example_dags/example_skip_dag.py
[2024-10-11T03:42:47.595+0000] {logging_mixin.py:190} INFO - [2024-10-11T03:42:47.594+0000] {dag.py:3239} INFO - Sync 1 DAGs
[2024-10-11T03:42:47.636+0000] {logging_mixin.py:190} INFO - [2024-10-11T03:42:47.635+0000] {dag.py:4180} INFO - Setting next_dagrun for example_skip_dag to 2024-10-10 00:00:00+00:00, run_after=2024-10-11 00:00:00+00:00
[2024-10-11T03:42:47.659+0000] {processor.py:208} INFO - Processing /home/airflow/.local/lib/python3.12/site-packages/airflow/example_dags/example_skip_dag.py took 0.144 seconds
[2024-10-11T03:43:18.550+0000] {processor.py:186} INFO - Started process (PID=1454) to work on /home/airflow/.local/lib/python3.12/site-packages/airflow/example_dags/example_skip_dag.py
[2024-10-11T03:43:18.551+0000] {processor.py:914} INFO - Processing file /home/airflow/.local/lib/python3.12/site-packages/airflow/example_dags/example_skip_dag.py for tasks to queue
[2024-10-11T03:43:18.554+0000] {logging_mixin.py:190} INFO - [2024-10-11T03:43:18.554+0000] {dagbag.py:588} INFO - Filling up the DagBag from /home/airflow/.local/lib/python3.12/site-packages/airflow/example_dags/example_skip_dag.py
[2024-10-11T03:43:18.564+0000] {processor.py:925} INFO - DAG(s) 'example_skip_dag' retrieved from /home/airflow/.local/lib/python3.12/site-packages/airflow/example_dags/example_skip_dag.py
[2024-10-11T03:43:18.601+0000] {logging_mixin.py:190} INFO - [2024-10-11T03:43:18.600+0000] {dag.py:3239} INFO - Sync 1 DAGs
[2024-10-11T03:43:18.640+0000] {logging_mixin.py:190} INFO - [2024-10-11T03:43:18.639+0000] {dag.py:4180} INFO - Setting next_dagrun for example_skip_dag to 2024-10-10 00:00:00+00:00, run_after=2024-10-11 00:00:00+00:00
[2024-10-11T03:43:18.668+0000] {processor.py:208} INFO - Processing /home/airflow/.local/lib/python3.12/site-packages/airflow/example_dags/example_skip_dag.py took 0.126 seconds
[2024-10-11T03:43:49.484+0000] {processor.py:186} INFO - Started process (PID=1521) to work on /home/airflow/.local/lib/python3.12/site-packages/airflow/example_dags/example_skip_dag.py
[2024-10-11T03:43:49.485+0000] {processor.py:914} INFO - Processing file /home/airflow/.local/lib/python3.12/site-packages/airflow/example_dags/example_skip_dag.py for tasks to queue
[2024-10-11T03:43:49.490+0000] {logging_mixin.py:190} INFO - [2024-10-11T03:43:49.490+0000] {dagbag.py:588} INFO - Filling up the DagBag from /home/airflow/.local/lib/python3.12/site-packages/airflow/example_dags/example_skip_dag.py
[2024-10-11T03:43:49.504+0000] {processor.py:925} INFO - DAG(s) 'example_skip_dag' retrieved from /home/airflow/.local/lib/python3.12/site-packages/airflow/example_dags/example_skip_dag.py
[2024-10-11T03:43:49.532+0000] {logging_mixin.py:190} INFO - [2024-10-11T03:43:49.532+0000] {dag.py:3239} INFO - Sync 1 DAGs
[2024-10-11T03:43:49.563+0000] {logging_mixin.py:190} INFO - [2024-10-11T03:43:49.562+0000] {dag.py:4180} INFO - Setting next_dagrun for example_skip_dag to 2024-10-10 00:00:00+00:00, run_after=2024-10-11 00:00:00+00:00
[2024-10-11T03:43:49.586+0000] {processor.py:208} INFO - Processing /home/airflow/.local/lib/python3.12/site-packages/airflow/example_dags/example_skip_dag.py took 0.114 seconds
[2024-10-11T03:44:20.072+0000] {processor.py:186} INFO - Started process (PID=1588) to work on /home/airflow/.local/lib/python3.12/site-packages/airflow/example_dags/example_skip_dag.py
[2024-10-11T03:44:20.073+0000] {processor.py:914} INFO - Processing file /home/airflow/.local/lib/python3.12/site-packages/airflow/example_dags/example_skip_dag.py for tasks to queue
[2024-10-11T03:44:20.077+0000] {logging_mixin.py:190} INFO - [2024-10-11T03:44:20.077+0000] {dagbag.py:588} INFO - Filling up the DagBag from /home/airflow/.local/lib/python3.12/site-packages/airflow/example_dags/example_skip_dag.py
[2024-10-11T03:44:20.089+0000] {processor.py:925} INFO - DAG(s) 'example_skip_dag' retrieved from /home/airflow/.local/lib/python3.12/site-packages/airflow/example_dags/example_skip_dag.py
[2024-10-11T03:44:20.120+0000] {logging_mixin.py:190} INFO - [2024-10-11T03:44:20.119+0000] {dag.py:3239} INFO - Sync 1 DAGs
[2024-10-11T03:44:20.151+0000] {logging_mixin.py:190} INFO - [2024-10-11T03:44:20.151+0000] {dag.py:4180} INFO - Setting next_dagrun for example_skip_dag to 2024-10-10 00:00:00+00:00, run_after=2024-10-11 00:00:00+00:00
[2024-10-11T03:44:20.173+0000] {processor.py:208} INFO - Processing /home/airflow/.local/lib/python3.12/site-packages/airflow/example_dags/example_skip_dag.py took 0.111 seconds
[2024-10-11T03:44:50.858+0000] {processor.py:186} INFO - Started process (PID=1655) to work on /home/airflow/.local/lib/python3.12/site-packages/airflow/example_dags/example_skip_dag.py
[2024-10-11T03:44:50.859+0000] {processor.py:914} INFO - Processing file /home/airflow/.local/lib/python3.12/site-packages/airflow/example_dags/example_skip_dag.py for tasks to queue
[2024-10-11T03:44:50.862+0000] {logging_mixin.py:190} INFO - [2024-10-11T03:44:50.861+0000] {dagbag.py:588} INFO - Filling up the DagBag from /home/airflow/.local/lib/python3.12/site-packages/airflow/example_dags/example_skip_dag.py
[2024-10-11T03:44:50.871+0000] {processor.py:925} INFO - DAG(s) 'example_skip_dag' retrieved from /home/airflow/.local/lib/python3.12/site-packages/airflow/example_dags/example_skip_dag.py
[2024-10-11T03:44:50.897+0000] {logging_mixin.py:190} INFO - [2024-10-11T03:44:50.897+0000] {dag.py:3239} INFO - Sync 1 DAGs
[2024-10-11T03:44:50.924+0000] {logging_mixin.py:190} INFO - [2024-10-11T03:44:50.923+0000] {dag.py:4180} INFO - Setting next_dagrun for example_skip_dag to 2024-10-10 00:00:00+00:00, run_after=2024-10-11 00:00:00+00:00
[2024-10-11T03:44:50.944+0000] {processor.py:208} INFO - Processing /home/airflow/.local/lib/python3.12/site-packages/airflow/example_dags/example_skip_dag.py took 0.096 seconds
[2024-10-11T03:45:21.399+0000] {processor.py:186} INFO - Started process (PID=1723) to work on /home/airflow/.local/lib/python3.12/site-packages/airflow/example_dags/example_skip_dag.py
[2024-10-11T03:45:21.400+0000] {processor.py:914} INFO - Processing file /home/airflow/.local/lib/python3.12/site-packages/airflow/example_dags/example_skip_dag.py for tasks to queue
[2024-10-11T03:45:21.403+0000] {logging_mixin.py:190} INFO - [2024-10-11T03:45:21.403+0000] {dagbag.py:588} INFO - Filling up the DagBag from /home/airflow/.local/lib/python3.12/site-packages/airflow/example_dags/example_skip_dag.py
[2024-10-11T03:45:21.413+0000] {processor.py:925} INFO - DAG(s) 'example_skip_dag' retrieved from /home/airflow/.local/lib/python3.12/site-packages/airflow/example_dags/example_skip_dag.py
[2024-10-11T03:45:21.437+0000] {logging_mixin.py:190} INFO - [2024-10-11T03:45:21.437+0000] {dag.py:3239} INFO - Sync 1 DAGs
[2024-10-11T03:45:21.466+0000] {logging_mixin.py:190} INFO - [2024-10-11T03:45:21.466+0000] {dag.py:4180} INFO - Setting next_dagrun for example_skip_dag to 2024-10-10 00:00:00+00:00, run_after=2024-10-11 00:00:00+00:00
[2024-10-11T03:45:21.489+0000] {processor.py:208} INFO - Processing /home/airflow/.local/lib/python3.12/site-packages/airflow/example_dags/example_skip_dag.py took 0.097 seconds
[2024-10-11T03:45:52.281+0000] {processor.py:186} INFO - Started process (PID=1790) to work on /home/airflow/.local/lib/python3.12/site-packages/airflow/example_dags/example_skip_dag.py
[2024-10-11T03:45:52.282+0000] {processor.py:914} INFO - Processing file /home/airflow/.local/lib/python3.12/site-packages/airflow/example_dags/example_skip_dag.py for tasks to queue
[2024-10-11T03:45:52.286+0000] {logging_mixin.py:190} INFO - [2024-10-11T03:45:52.285+0000] {dagbag.py:588} INFO - Filling up the DagBag from /home/airflow/.local/lib/python3.12/site-packages/airflow/example_dags/example_skip_dag.py
[2024-10-11T03:45:52.295+0000] {processor.py:925} INFO - DAG(s) 'example_skip_dag' retrieved from /home/airflow/.local/lib/python3.12/site-packages/airflow/example_dags/example_skip_dag.py
[2024-10-11T03:45:52.321+0000] {logging_mixin.py:190} INFO - [2024-10-11T03:45:52.321+0000] {dag.py:3239} INFO - Sync 1 DAGs
[2024-10-11T03:45:52.350+0000] {logging_mixin.py:190} INFO - [2024-10-11T03:45:52.350+0000] {dag.py:4180} INFO - Setting next_dagrun for example_skip_dag to 2024-10-10 00:00:00+00:00, run_after=2024-10-11 00:00:00+00:00
[2024-10-11T03:45:52.373+0000] {processor.py:208} INFO - Processing /home/airflow/.local/lib/python3.12/site-packages/airflow/example_dags/example_skip_dag.py took 0.098 seconds
[2024-10-11T03:46:23.526+0000] {processor.py:186} INFO - Started process (PID=1857) to work on /home/airflow/.local/lib/python3.12/site-packages/airflow/example_dags/example_skip_dag.py
[2024-10-11T03:46:23.527+0000] {processor.py:914} INFO - Processing file /home/airflow/.local/lib/python3.12/site-packages/airflow/example_dags/example_skip_dag.py for tasks to queue
[2024-10-11T03:46:23.531+0000] {logging_mixin.py:190} INFO - [2024-10-11T03:46:23.530+0000] {dagbag.py:588} INFO - Filling up the DagBag from /home/airflow/.local/lib/python3.12/site-packages/airflow/example_dags/example_skip_dag.py
[2024-10-11T03:46:23.545+0000] {processor.py:925} INFO - DAG(s) 'example_skip_dag' retrieved from /home/airflow/.local/lib/python3.12/site-packages/airflow/example_dags/example_skip_dag.py
[2024-10-11T03:46:23.584+0000] {logging_mixin.py:190} INFO - [2024-10-11T03:46:23.583+0000] {dag.py:3239} INFO - Sync 1 DAGs
[2024-10-11T03:46:23.617+0000] {logging_mixin.py:190} INFO - [2024-10-11T03:46:23.617+0000] {dag.py:4180} INFO - Setting next_dagrun for example_skip_dag to 2024-10-10 00:00:00+00:00, run_after=2024-10-11 00:00:00+00:00
[2024-10-11T03:46:23.639+0000] {processor.py:208} INFO - Processing /home/airflow/.local/lib/python3.12/site-packages/airflow/example_dags/example_skip_dag.py took 0.121 seconds
[2024-10-11T03:46:54.335+0000] {processor.py:186} INFO - Started process (PID=1923) to work on /home/airflow/.local/lib/python3.12/site-packages/airflow/example_dags/example_skip_dag.py
[2024-10-11T03:46:54.337+0000] {processor.py:914} INFO - Processing file /home/airflow/.local/lib/python3.12/site-packages/airflow/example_dags/example_skip_dag.py for tasks to queue
[2024-10-11T03:46:54.340+0000] {logging_mixin.py:190} INFO - [2024-10-11T03:46:54.339+0000] {dagbag.py:588} INFO - Filling up the DagBag from /home/airflow/.local/lib/python3.12/site-packages/airflow/example_dags/example_skip_dag.py
[2024-10-11T03:46:54.349+0000] {processor.py:925} INFO - DAG(s) 'example_skip_dag' retrieved from /home/airflow/.local/lib/python3.12/site-packages/airflow/example_dags/example_skip_dag.py
[2024-10-11T03:46:54.376+0000] {logging_mixin.py:190} INFO - [2024-10-11T03:46:54.376+0000] {dag.py:3239} INFO - Sync 1 DAGs
[2024-10-11T03:46:54.408+0000] {logging_mixin.py:190} INFO - [2024-10-11T03:46:54.408+0000] {dag.py:4180} INFO - Setting next_dagrun for example_skip_dag to 2024-10-10 00:00:00+00:00, run_after=2024-10-11 00:00:00+00:00
[2024-10-11T03:46:54.429+0000] {processor.py:208} INFO - Processing /home/airflow/.local/lib/python3.12/site-packages/airflow/example_dags/example_skip_dag.py took 0.101 seconds
[2024-10-11T03:47:25.532+0000] {processor.py:186} INFO - Started process (PID=1990) to work on /home/airflow/.local/lib/python3.12/site-packages/airflow/example_dags/example_skip_dag.py
[2024-10-11T03:47:25.533+0000] {processor.py:914} INFO - Processing file /home/airflow/.local/lib/python3.12/site-packages/airflow/example_dags/example_skip_dag.py for tasks to queue
[2024-10-11T03:47:25.537+0000] {logging_mixin.py:190} INFO - [2024-10-11T03:47:25.537+0000] {dagbag.py:588} INFO - Filling up the DagBag from /home/airflow/.local/lib/python3.12/site-packages/airflow/example_dags/example_skip_dag.py
[2024-10-11T03:47:25.547+0000] {processor.py:925} INFO - DAG(s) 'example_skip_dag' retrieved from /home/airflow/.local/lib/python3.12/site-packages/airflow/example_dags/example_skip_dag.py
[2024-10-11T03:47:25.574+0000] {logging_mixin.py:190} INFO - [2024-10-11T03:47:25.574+0000] {dag.py:3239} INFO - Sync 1 DAGs
[2024-10-11T03:47:25.605+0000] {logging_mixin.py:190} INFO - [2024-10-11T03:47:25.605+0000] {dag.py:4180} INFO - Setting next_dagrun for example_skip_dag to 2024-10-10 00:00:00+00:00, run_after=2024-10-11 00:00:00+00:00
[2024-10-11T03:47:25.627+0000] {processor.py:208} INFO - Processing /home/airflow/.local/lib/python3.12/site-packages/airflow/example_dags/example_skip_dag.py took 0.104 seconds
[2024-10-11T03:47:56.582+0000] {processor.py:186} INFO - Started process (PID=2057) to work on /home/airflow/.local/lib/python3.12/site-packages/airflow/example_dags/example_skip_dag.py
[2024-10-11T03:47:56.584+0000] {processor.py:914} INFO - Processing file /home/airflow/.local/lib/python3.12/site-packages/airflow/example_dags/example_skip_dag.py for tasks to queue
[2024-10-11T03:47:56.586+0000] {logging_mixin.py:190} INFO - [2024-10-11T03:47:56.586+0000] {dagbag.py:588} INFO - Filling up the DagBag from /home/airflow/.local/lib/python3.12/site-packages/airflow/example_dags/example_skip_dag.py
[2024-10-11T03:47:56.597+0000] {processor.py:925} INFO - DAG(s) 'example_skip_dag' retrieved from /home/airflow/.local/lib/python3.12/site-packages/airflow/example_dags/example_skip_dag.py
[2024-10-11T03:47:56.622+0000] {logging_mixin.py:190} INFO - [2024-10-11T03:47:56.621+0000] {dag.py:3239} INFO - Sync 1 DAGs
[2024-10-11T03:47:56.652+0000] {logging_mixin.py:190} INFO - [2024-10-11T03:47:56.652+0000] {dag.py:4180} INFO - Setting next_dagrun for example_skip_dag to 2024-10-10 00:00:00+00:00, run_after=2024-10-11 00:00:00+00:00
[2024-10-11T03:47:56.689+0000] {processor.py:208} INFO - Processing /home/airflow/.local/lib/python3.12/site-packages/airflow/example_dags/example_skip_dag.py took 0.116 seconds
[2024-10-11T03:48:27.232+0000] {processor.py:186} INFO - Started process (PID=2124) to work on /home/airflow/.local/lib/python3.12/site-packages/airflow/example_dags/example_skip_dag.py
[2024-10-11T03:48:27.233+0000] {processor.py:914} INFO - Processing file /home/airflow/.local/lib/python3.12/site-packages/airflow/example_dags/example_skip_dag.py for tasks to queue
[2024-10-11T03:48:27.237+0000] {logging_mixin.py:190} INFO - [2024-10-11T03:48:27.237+0000] {dagbag.py:588} INFO - Filling up the DagBag from /home/airflow/.local/lib/python3.12/site-packages/airflow/example_dags/example_skip_dag.py
[2024-10-11T03:48:27.247+0000] {processor.py:925} INFO - DAG(s) 'example_skip_dag' retrieved from /home/airflow/.local/lib/python3.12/site-packages/airflow/example_dags/example_skip_dag.py
[2024-10-11T03:48:27.272+0000] {logging_mixin.py:190} INFO - [2024-10-11T03:48:27.271+0000] {dag.py:3239} INFO - Sync 1 DAGs
[2024-10-11T03:48:27.299+0000] {logging_mixin.py:190} INFO - [2024-10-11T03:48:27.299+0000] {dag.py:4180} INFO - Setting next_dagrun for example_skip_dag to 2024-10-10 00:00:00+00:00, run_after=2024-10-11 00:00:00+00:00
[2024-10-11T03:48:27.318+0000] {processor.py:208} INFO - Processing /home/airflow/.local/lib/python3.12/site-packages/airflow/example_dags/example_skip_dag.py took 0.094 seconds
[2024-10-11T03:48:58.235+0000] {processor.py:186} INFO - Started process (PID=2196) to work on /home/airflow/.local/lib/python3.12/site-packages/airflow/example_dags/example_skip_dag.py
[2024-10-11T03:48:58.237+0000] {processor.py:914} INFO - Processing file /home/airflow/.local/lib/python3.12/site-packages/airflow/example_dags/example_skip_dag.py for tasks to queue
[2024-10-11T03:48:58.241+0000] {logging_mixin.py:190} INFO - [2024-10-11T03:48:58.241+0000] {dagbag.py:588} INFO - Filling up the DagBag from /home/airflow/.local/lib/python3.12/site-packages/airflow/example_dags/example_skip_dag.py
[2024-10-11T03:48:58.255+0000] {processor.py:925} INFO - DAG(s) 'example_skip_dag' retrieved from /home/airflow/.local/lib/python3.12/site-packages/airflow/example_dags/example_skip_dag.py
[2024-10-11T03:48:58.300+0000] {logging_mixin.py:190} INFO - [2024-10-11T03:48:58.299+0000] {dag.py:3239} INFO - Sync 1 DAGs
[2024-10-11T03:48:58.334+0000] {logging_mixin.py:190} INFO - [2024-10-11T03:48:58.334+0000] {dag.py:4180} INFO - Setting next_dagrun for example_skip_dag to 2024-10-10 00:00:00+00:00, run_after=2024-10-11 00:00:00+00:00
[2024-10-11T03:48:58.359+0000] {processor.py:208} INFO - Processing /home/airflow/.local/lib/python3.12/site-packages/airflow/example_dags/example_skip_dag.py took 0.143 seconds
[2024-10-11T03:49:29.718+0000] {processor.py:186} INFO - Started process (PID=2262) to work on /home/airflow/.local/lib/python3.12/site-packages/airflow/example_dags/example_skip_dag.py
[2024-10-11T03:49:29.719+0000] {processor.py:914} INFO - Processing file /home/airflow/.local/lib/python3.12/site-packages/airflow/example_dags/example_skip_dag.py for tasks to queue
[2024-10-11T03:49:29.725+0000] {logging_mixin.py:190} INFO - [2024-10-11T03:49:29.723+0000] {dagbag.py:588} INFO - Filling up the DagBag from /home/airflow/.local/lib/python3.12/site-packages/airflow/example_dags/example_skip_dag.py
[2024-10-11T03:49:29.743+0000] {processor.py:925} INFO - DAG(s) 'example_skip_dag' retrieved from /home/airflow/.local/lib/python3.12/site-packages/airflow/example_dags/example_skip_dag.py
[2024-10-11T03:49:29.803+0000] {logging_mixin.py:190} INFO - [2024-10-11T03:49:29.802+0000] {dag.py:3239} INFO - Sync 1 DAGs
[2024-10-11T03:49:29.899+0000] {logging_mixin.py:190} INFO - [2024-10-11T03:49:29.898+0000] {dag.py:4180} INFO - Setting next_dagrun for example_skip_dag to 2024-10-10 00:00:00+00:00, run_after=2024-10-11 00:00:00+00:00
[2024-10-11T03:49:29.942+0000] {processor.py:208} INFO - Processing /home/airflow/.local/lib/python3.12/site-packages/airflow/example_dags/example_skip_dag.py took 0.238 seconds
[2024-10-11T03:50:00.834+0000] {processor.py:186} INFO - Started process (PID=2329) to work on /home/airflow/.local/lib/python3.12/site-packages/airflow/example_dags/example_skip_dag.py
[2024-10-11T03:50:00.836+0000] {processor.py:914} INFO - Processing file /home/airflow/.local/lib/python3.12/site-packages/airflow/example_dags/example_skip_dag.py for tasks to queue
[2024-10-11T03:50:00.840+0000] {logging_mixin.py:190} INFO - [2024-10-11T03:50:00.839+0000] {dagbag.py:588} INFO - Filling up the DagBag from /home/airflow/.local/lib/python3.12/site-packages/airflow/example_dags/example_skip_dag.py
[2024-10-11T03:50:00.854+0000] {processor.py:925} INFO - DAG(s) 'example_skip_dag' retrieved from /home/airflow/.local/lib/python3.12/site-packages/airflow/example_dags/example_skip_dag.py
[2024-10-11T03:50:00.891+0000] {logging_mixin.py:190} INFO - [2024-10-11T03:50:00.890+0000] {dag.py:3239} INFO - Sync 1 DAGs
[2024-10-11T03:50:00.948+0000] {logging_mixin.py:190} INFO - [2024-10-11T03:50:00.947+0000] {dag.py:4180} INFO - Setting next_dagrun for example_skip_dag to 2024-10-10 00:00:00+00:00, run_after=2024-10-11 00:00:00+00:00
[2024-10-11T03:50:00.989+0000] {processor.py:208} INFO - Processing /home/airflow/.local/lib/python3.12/site-packages/airflow/example_dags/example_skip_dag.py took 0.166 seconds
[2024-10-11T03:50:31.753+0000] {processor.py:186} INFO - Started process (PID=2396) to work on /home/airflow/.local/lib/python3.12/site-packages/airflow/example_dags/example_skip_dag.py
[2024-10-11T03:50:31.756+0000] {processor.py:914} INFO - Processing file /home/airflow/.local/lib/python3.12/site-packages/airflow/example_dags/example_skip_dag.py for tasks to queue
[2024-10-11T03:50:31.760+0000] {logging_mixin.py:190} INFO - [2024-10-11T03:50:31.760+0000] {dagbag.py:588} INFO - Filling up the DagBag from /home/airflow/.local/lib/python3.12/site-packages/airflow/example_dags/example_skip_dag.py
[2024-10-11T03:50:31.770+0000] {processor.py:925} INFO - DAG(s) 'example_skip_dag' retrieved from /home/airflow/.local/lib/python3.12/site-packages/airflow/example_dags/example_skip_dag.py
[2024-10-11T03:50:31.799+0000] {logging_mixin.py:190} INFO - [2024-10-11T03:50:31.798+0000] {dag.py:3239} INFO - Sync 1 DAGs
[2024-10-11T03:50:31.828+0000] {logging_mixin.py:190} INFO - [2024-10-11T03:50:31.827+0000] {dag.py:4180} INFO - Setting next_dagrun for example_skip_dag to 2024-10-10 00:00:00+00:00, run_after=2024-10-11 00:00:00+00:00
[2024-10-11T03:50:31.867+0000] {processor.py:208} INFO - Processing /home/airflow/.local/lib/python3.12/site-packages/airflow/example_dags/example_skip_dag.py took 0.140 seconds
[2024-10-11T03:51:02.378+0000] {processor.py:186} INFO - Started process (PID=2463) to work on /home/airflow/.local/lib/python3.12/site-packages/airflow/example_dags/example_skip_dag.py
[2024-10-11T03:51:02.381+0000] {processor.py:914} INFO - Processing file /home/airflow/.local/lib/python3.12/site-packages/airflow/example_dags/example_skip_dag.py for tasks to queue
[2024-10-11T03:51:02.386+0000] {logging_mixin.py:190} INFO - [2024-10-11T03:51:02.385+0000] {dagbag.py:588} INFO - Filling up the DagBag from /home/airflow/.local/lib/python3.12/site-packages/airflow/example_dags/example_skip_dag.py
[2024-10-11T03:51:02.398+0000] {processor.py:925} INFO - DAG(s) 'example_skip_dag' retrieved from /home/airflow/.local/lib/python3.12/site-packages/airflow/example_dags/example_skip_dag.py
[2024-10-11T03:51:02.429+0000] {logging_mixin.py:190} INFO - [2024-10-11T03:51:02.429+0000] {dag.py:3239} INFO - Sync 1 DAGs
[2024-10-11T03:51:02.469+0000] {logging_mixin.py:190} INFO - [2024-10-11T03:51:02.469+0000] {dag.py:4180} INFO - Setting next_dagrun for example_skip_dag to 2024-10-10 00:00:00+00:00, run_after=2024-10-11 00:00:00+00:00
[2024-10-11T03:51:02.494+0000] {processor.py:208} INFO - Processing /home/airflow/.local/lib/python3.12/site-packages/airflow/example_dags/example_skip_dag.py took 0.128 seconds
[2024-10-11T03:51:34.269+0000] {processor.py:186} INFO - Started process (PID=2530) to work on /home/airflow/.local/lib/python3.12/site-packages/airflow/example_dags/example_skip_dag.py
[2024-10-11T03:51:34.270+0000] {processor.py:914} INFO - Processing file /home/airflow/.local/lib/python3.12/site-packages/airflow/example_dags/example_skip_dag.py for tasks to queue
[2024-10-11T03:51:34.277+0000] {logging_mixin.py:190} INFO - [2024-10-11T03:51:34.276+0000] {dagbag.py:588} INFO - Filling up the DagBag from /home/airflow/.local/lib/python3.12/site-packages/airflow/example_dags/example_skip_dag.py
[2024-10-11T03:51:34.293+0000] {processor.py:925} INFO - DAG(s) 'example_skip_dag' retrieved from /home/airflow/.local/lib/python3.12/site-packages/airflow/example_dags/example_skip_dag.py
[2024-10-11T03:51:34.329+0000] {logging_mixin.py:190} INFO - [2024-10-11T03:51:34.329+0000] {dag.py:3239} INFO - Sync 1 DAGs
[2024-10-11T03:51:34.596+0000] {logging_mixin.py:190} INFO - [2024-10-11T03:51:34.595+0000] {dag.py:4180} INFO - Setting next_dagrun for example_skip_dag to 2024-10-10 00:00:00+00:00, run_after=2024-10-11 00:00:00+00:00
[2024-10-11T03:51:34.626+0000] {processor.py:208} INFO - Processing /home/airflow/.local/lib/python3.12/site-packages/airflow/example_dags/example_skip_dag.py took 0.373 seconds
[2024-10-11T03:52:05.304+0000] {processor.py:186} INFO - Started process (PID=2596) to work on /home/airflow/.local/lib/python3.12/site-packages/airflow/example_dags/example_skip_dag.py
[2024-10-11T03:52:05.306+0000] {processor.py:914} INFO - Processing file /home/airflow/.local/lib/python3.12/site-packages/airflow/example_dags/example_skip_dag.py for tasks to queue
[2024-10-11T03:52:05.310+0000] {logging_mixin.py:190} INFO - [2024-10-11T03:52:05.310+0000] {dagbag.py:588} INFO - Filling up the DagBag from /home/airflow/.local/lib/python3.12/site-packages/airflow/example_dags/example_skip_dag.py
[2024-10-11T03:52:05.324+0000] {processor.py:925} INFO - DAG(s) 'example_skip_dag' retrieved from /home/airflow/.local/lib/python3.12/site-packages/airflow/example_dags/example_skip_dag.py
[2024-10-11T03:52:05.360+0000] {logging_mixin.py:190} INFO - [2024-10-11T03:52:05.359+0000] {dag.py:3239} INFO - Sync 1 DAGs
[2024-10-11T03:52:05.402+0000] {logging_mixin.py:190} INFO - [2024-10-11T03:52:05.402+0000] {dag.py:4180} INFO - Setting next_dagrun for example_skip_dag to 2024-10-10 00:00:00+00:00, run_after=2024-10-11 00:00:00+00:00
[2024-10-11T03:52:05.681+0000] {processor.py:208} INFO - Processing /home/airflow/.local/lib/python3.12/site-packages/airflow/example_dags/example_skip_dag.py took 0.387 seconds
[2024-10-11T03:52:35.803+0000] {processor.py:186} INFO - Started process (PID=2662) to work on /home/airflow/.local/lib/python3.12/site-packages/airflow/example_dags/example_skip_dag.py
[2024-10-11T03:52:35.805+0000] {processor.py:914} INFO - Processing file /home/airflow/.local/lib/python3.12/site-packages/airflow/example_dags/example_skip_dag.py for tasks to queue
[2024-10-11T03:52:35.810+0000] {logging_mixin.py:190} INFO - [2024-10-11T03:52:35.809+0000] {dagbag.py:588} INFO - Filling up the DagBag from /home/airflow/.local/lib/python3.12/site-packages/airflow/example_dags/example_skip_dag.py
[2024-10-11T03:52:35.826+0000] {processor.py:925} INFO - DAG(s) 'example_skip_dag' retrieved from /home/airflow/.local/lib/python3.12/site-packages/airflow/example_dags/example_skip_dag.py
[2024-10-11T03:52:35.866+0000] {logging_mixin.py:190} INFO - [2024-10-11T03:52:35.865+0000] {dag.py:3239} INFO - Sync 1 DAGs
[2024-10-11T03:52:35.906+0000] {logging_mixin.py:190} INFO - [2024-10-11T03:52:35.906+0000] {dag.py:4180} INFO - Setting next_dagrun for example_skip_dag to 2024-10-10 00:00:00+00:00, run_after=2024-10-11 00:00:00+00:00
[2024-10-11T03:52:35.938+0000] {processor.py:208} INFO - Processing /home/airflow/.local/lib/python3.12/site-packages/airflow/example_dags/example_skip_dag.py took 0.147 seconds
[2024-10-11T03:53:07.346+0000] {processor.py:186} INFO - Started process (PID=2730) to work on /home/airflow/.local/lib/python3.12/site-packages/airflow/example_dags/example_skip_dag.py
[2024-10-11T03:53:07.356+0000] {processor.py:914} INFO - Processing file /home/airflow/.local/lib/python3.12/site-packages/airflow/example_dags/example_skip_dag.py for tasks to queue
[2024-10-11T03:53:07.378+0000] {logging_mixin.py:190} INFO - [2024-10-11T03:53:07.374+0000] {dagbag.py:588} INFO - Filling up the DagBag from /home/airflow/.local/lib/python3.12/site-packages/airflow/example_dags/example_skip_dag.py
[2024-10-11T03:53:07.417+0000] {processor.py:925} INFO - DAG(s) 'example_skip_dag' retrieved from /home/airflow/.local/lib/python3.12/site-packages/airflow/example_dags/example_skip_dag.py
[2024-10-11T03:53:07.551+0000] {logging_mixin.py:190} INFO - [2024-10-11T03:53:07.550+0000] {dag.py:3239} INFO - Sync 1 DAGs
[2024-10-11T03:53:07.647+0000] {logging_mixin.py:190} INFO - [2024-10-11T03:53:07.647+0000] {dag.py:4180} INFO - Setting next_dagrun for example_skip_dag to 2024-10-10 00:00:00+00:00, run_after=2024-10-11 00:00:00+00:00
[2024-10-11T03:53:07.689+0000] {processor.py:208} INFO - Processing /home/airflow/.local/lib/python3.12/site-packages/airflow/example_dags/example_skip_dag.py took 0.435 seconds
[2024-10-11T03:53:38.342+0000] {processor.py:186} INFO - Started process (PID=2797) to work on /home/airflow/.local/lib/python3.12/site-packages/airflow/example_dags/example_skip_dag.py
[2024-10-11T03:53:38.346+0000] {processor.py:914} INFO - Processing file /home/airflow/.local/lib/python3.12/site-packages/airflow/example_dags/example_skip_dag.py for tasks to queue
[2024-10-11T03:53:38.352+0000] {logging_mixin.py:190} INFO - [2024-10-11T03:53:38.351+0000] {dagbag.py:588} INFO - Filling up the DagBag from /home/airflow/.local/lib/python3.12/site-packages/airflow/example_dags/example_skip_dag.py
[2024-10-11T03:53:38.375+0000] {processor.py:925} INFO - DAG(s) 'example_skip_dag' retrieved from /home/airflow/.local/lib/python3.12/site-packages/airflow/example_dags/example_skip_dag.py
[2024-10-11T03:53:38.437+0000] {logging_mixin.py:190} INFO - [2024-10-11T03:53:38.436+0000] {dag.py:3239} INFO - Sync 1 DAGs
[2024-10-11T03:53:38.493+0000] {logging_mixin.py:190} INFO - [2024-10-11T03:53:38.492+0000] {dag.py:4180} INFO - Setting next_dagrun for example_skip_dag to 2024-10-10 00:00:00+00:00, run_after=2024-10-11 00:00:00+00:00
[2024-10-11T03:53:38.533+0000] {processor.py:208} INFO - Processing /home/airflow/.local/lib/python3.12/site-packages/airflow/example_dags/example_skip_dag.py took 0.211 seconds
[2024-10-11T03:54:09.285+0000] {processor.py:186} INFO - Started process (PID=2864) to work on /home/airflow/.local/lib/python3.12/site-packages/airflow/example_dags/example_skip_dag.py
[2024-10-11T03:54:09.294+0000] {processor.py:914} INFO - Processing file /home/airflow/.local/lib/python3.12/site-packages/airflow/example_dags/example_skip_dag.py for tasks to queue
[2024-10-11T03:54:09.310+0000] {logging_mixin.py:190} INFO - [2024-10-11T03:54:09.306+0000] {dagbag.py:588} INFO - Filling up the DagBag from /home/airflow/.local/lib/python3.12/site-packages/airflow/example_dags/example_skip_dag.py
[2024-10-11T03:54:09.342+0000] {processor.py:925} INFO - DAG(s) 'example_skip_dag' retrieved from /home/airflow/.local/lib/python3.12/site-packages/airflow/example_dags/example_skip_dag.py
[2024-10-11T03:54:09.433+0000] {logging_mixin.py:190} INFO - [2024-10-11T03:54:09.432+0000] {dag.py:3239} INFO - Sync 1 DAGs
[2024-10-11T03:54:09.489+0000] {logging_mixin.py:190} INFO - [2024-10-11T03:54:09.488+0000] {dag.py:4180} INFO - Setting next_dagrun for example_skip_dag to 2024-10-10 00:00:00+00:00, run_after=2024-10-11 00:00:00+00:00
[2024-10-11T03:54:09.536+0000] {processor.py:208} INFO - Processing /home/airflow/.local/lib/python3.12/site-packages/airflow/example_dags/example_skip_dag.py took 0.282 seconds
[2024-10-11T03:54:40.467+0000] {processor.py:186} INFO - Started process (PID=2931) to work on /home/airflow/.local/lib/python3.12/site-packages/airflow/example_dags/example_skip_dag.py
[2024-10-11T03:54:40.469+0000] {processor.py:914} INFO - Processing file /home/airflow/.local/lib/python3.12/site-packages/airflow/example_dags/example_skip_dag.py for tasks to queue
[2024-10-11T03:54:40.474+0000] {logging_mixin.py:190} INFO - [2024-10-11T03:54:40.473+0000] {dagbag.py:588} INFO - Filling up the DagBag from /home/airflow/.local/lib/python3.12/site-packages/airflow/example_dags/example_skip_dag.py
[2024-10-11T03:54:40.491+0000] {processor.py:925} INFO - DAG(s) 'example_skip_dag' retrieved from /home/airflow/.local/lib/python3.12/site-packages/airflow/example_dags/example_skip_dag.py
[2024-10-11T03:54:40.543+0000] {logging_mixin.py:190} INFO - [2024-10-11T03:54:40.542+0000] {dag.py:3239} INFO - Sync 1 DAGs
[2024-10-11T03:54:40.625+0000] {logging_mixin.py:190} INFO - [2024-10-11T03:54:40.623+0000] {dag.py:4180} INFO - Setting next_dagrun for example_skip_dag to 2024-10-10 00:00:00+00:00, run_after=2024-10-11 00:00:00+00:00
[2024-10-11T03:54:40.670+0000] {processor.py:208} INFO - Processing /home/airflow/.local/lib/python3.12/site-packages/airflow/example_dags/example_skip_dag.py took 0.217 seconds
[2024-10-11T03:55:11.455+0000] {processor.py:186} INFO - Started process (PID=2998) to work on /home/airflow/.local/lib/python3.12/site-packages/airflow/example_dags/example_skip_dag.py
[2024-10-11T03:55:11.457+0000] {processor.py:914} INFO - Processing file /home/airflow/.local/lib/python3.12/site-packages/airflow/example_dags/example_skip_dag.py for tasks to queue
[2024-10-11T03:55:11.464+0000] {logging_mixin.py:190} INFO - [2024-10-11T03:55:11.464+0000] {dagbag.py:588} INFO - Filling up the DagBag from /home/airflow/.local/lib/python3.12/site-packages/airflow/example_dags/example_skip_dag.py
[2024-10-11T03:55:11.482+0000] {processor.py:925} INFO - DAG(s) 'example_skip_dag' retrieved from /home/airflow/.local/lib/python3.12/site-packages/airflow/example_dags/example_skip_dag.py
[2024-10-11T03:55:11.539+0000] {logging_mixin.py:190} INFO - [2024-10-11T03:55:11.538+0000] {dag.py:3239} INFO - Sync 1 DAGs
[2024-10-11T03:55:11.596+0000] {logging_mixin.py:190} INFO - [2024-10-11T03:55:11.596+0000] {dag.py:4180} INFO - Setting next_dagrun for example_skip_dag to 2024-10-10 00:00:00+00:00, run_after=2024-10-11 00:00:00+00:00
[2024-10-11T03:55:11.692+0000] {processor.py:208} INFO - Processing /home/airflow/.local/lib/python3.12/site-packages/airflow/example_dags/example_skip_dag.py took 0.251 seconds
[2024-10-11T03:55:41.792+0000] {processor.py:186} INFO - Started process (PID=3064) to work on /home/airflow/.local/lib/python3.12/site-packages/airflow/example_dags/example_skip_dag.py
[2024-10-11T03:55:41.793+0000] {processor.py:914} INFO - Processing file /home/airflow/.local/lib/python3.12/site-packages/airflow/example_dags/example_skip_dag.py for tasks to queue
[2024-10-11T03:55:41.798+0000] {logging_mixin.py:190} INFO - [2024-10-11T03:55:41.798+0000] {dagbag.py:588} INFO - Filling up the DagBag from /home/airflow/.local/lib/python3.12/site-packages/airflow/example_dags/example_skip_dag.py
[2024-10-11T03:55:41.813+0000] {processor.py:925} INFO - DAG(s) 'example_skip_dag' retrieved from /home/airflow/.local/lib/python3.12/site-packages/airflow/example_dags/example_skip_dag.py
[2024-10-11T03:55:41.854+0000] {logging_mixin.py:190} INFO - [2024-10-11T03:55:41.854+0000] {dag.py:3239} INFO - Sync 1 DAGs
[2024-10-11T03:55:41.908+0000] {logging_mixin.py:190} INFO - [2024-10-11T03:55:41.907+0000] {dag.py:4180} INFO - Setting next_dagrun for example_skip_dag to 2024-10-10 00:00:00+00:00, run_after=2024-10-11 00:00:00+00:00
[2024-10-11T03:55:41.951+0000] {processor.py:208} INFO - Processing /home/airflow/.local/lib/python3.12/site-packages/airflow/example_dags/example_skip_dag.py took 0.170 seconds
[2024-10-11T03:56:11.997+0000] {processor.py:186} INFO - Started process (PID=3130) to work on /home/airflow/.local/lib/python3.12/site-packages/airflow/example_dags/example_skip_dag.py
[2024-10-11T03:56:12.000+0000] {processor.py:914} INFO - Processing file /home/airflow/.local/lib/python3.12/site-packages/airflow/example_dags/example_skip_dag.py for tasks to queue
[2024-10-11T03:56:12.004+0000] {logging_mixin.py:190} INFO - [2024-10-11T03:56:12.004+0000] {dagbag.py:588} INFO - Filling up the DagBag from /home/airflow/.local/lib/python3.12/site-packages/airflow/example_dags/example_skip_dag.py
[2024-10-11T03:56:12.021+0000] {processor.py:925} INFO - DAG(s) 'example_skip_dag' retrieved from /home/airflow/.local/lib/python3.12/site-packages/airflow/example_dags/example_skip_dag.py
[2024-10-11T03:56:12.063+0000] {logging_mixin.py:190} INFO - [2024-10-11T03:56:12.063+0000] {dag.py:3239} INFO - Sync 1 DAGs
[2024-10-11T03:56:12.105+0000] {logging_mixin.py:190} INFO - [2024-10-11T03:56:12.105+0000] {dag.py:4180} INFO - Setting next_dagrun for example_skip_dag to 2024-10-10 00:00:00+00:00, run_after=2024-10-11 00:00:00+00:00
[2024-10-11T03:56:12.135+0000] {processor.py:208} INFO - Processing /home/airflow/.local/lib/python3.12/site-packages/airflow/example_dags/example_skip_dag.py took 0.149 seconds
[2024-10-11T03:56:46.645+0000] {processor.py:186} INFO - Started process (PID=3199) to work on /home/airflow/.local/lib/python3.12/site-packages/airflow/example_dags/example_skip_dag.py
[2024-10-11T03:56:46.647+0000] {processor.py:914} INFO - Processing file /home/airflow/.local/lib/python3.12/site-packages/airflow/example_dags/example_skip_dag.py for tasks to queue
[2024-10-11T03:56:46.653+0000] {logging_mixin.py:190} INFO - [2024-10-11T03:56:46.652+0000] {dagbag.py:588} INFO - Filling up the DagBag from /home/airflow/.local/lib/python3.12/site-packages/airflow/example_dags/example_skip_dag.py
[2024-10-11T03:56:46.674+0000] {processor.py:925} INFO - DAG(s) 'example_skip_dag' retrieved from /home/airflow/.local/lib/python3.12/site-packages/airflow/example_dags/example_skip_dag.py
[2024-10-11T03:56:46.730+0000] {logging_mixin.py:190} INFO - [2024-10-11T03:56:46.729+0000] {dag.py:3239} INFO - Sync 1 DAGs
[2024-10-11T03:56:46.790+0000] {logging_mixin.py:190} INFO - [2024-10-11T03:56:46.790+0000] {dag.py:4180} INFO - Setting next_dagrun for example_skip_dag to 2024-10-10 00:00:00+00:00, run_after=2024-10-11 00:00:00+00:00
[2024-10-11T03:56:46.830+0000] {processor.py:208} INFO - Processing /home/airflow/.local/lib/python3.12/site-packages/airflow/example_dags/example_skip_dag.py took 0.201 seconds
[2024-10-11T03:57:17.222+0000] {processor.py:186} INFO - Started process (PID=3266) to work on /home/airflow/.local/lib/python3.12/site-packages/airflow/example_dags/example_skip_dag.py
[2024-10-11T03:57:17.223+0000] {processor.py:914} INFO - Processing file /home/airflow/.local/lib/python3.12/site-packages/airflow/example_dags/example_skip_dag.py for tasks to queue
[2024-10-11T03:57:17.228+0000] {logging_mixin.py:190} INFO - [2024-10-11T03:57:17.227+0000] {dagbag.py:588} INFO - Filling up the DagBag from /home/airflow/.local/lib/python3.12/site-packages/airflow/example_dags/example_skip_dag.py
[2024-10-11T03:57:17.240+0000] {processor.py:925} INFO - DAG(s) 'example_skip_dag' retrieved from /home/airflow/.local/lib/python3.12/site-packages/airflow/example_dags/example_skip_dag.py
[2024-10-11T03:57:17.297+0000] {logging_mixin.py:190} INFO - [2024-10-11T03:57:17.296+0000] {dag.py:3239} INFO - Sync 1 DAGs
[2024-10-11T03:57:17.346+0000] {logging_mixin.py:190} INFO - [2024-10-11T03:57:17.346+0000] {dag.py:4180} INFO - Setting next_dagrun for example_skip_dag to 2024-10-10 00:00:00+00:00, run_after=2024-10-11 00:00:00+00:00
[2024-10-11T03:57:17.372+0000] {processor.py:208} INFO - Processing /home/airflow/.local/lib/python3.12/site-packages/airflow/example_dags/example_skip_dag.py took 0.159 seconds
[2024-10-11T03:57:47.779+0000] {processor.py:186} INFO - Started process (PID=3333) to work on /home/airflow/.local/lib/python3.12/site-packages/airflow/example_dags/example_skip_dag.py
[2024-10-11T03:57:47.780+0000] {processor.py:914} INFO - Processing file /home/airflow/.local/lib/python3.12/site-packages/airflow/example_dags/example_skip_dag.py for tasks to queue
[2024-10-11T03:57:47.784+0000] {logging_mixin.py:190} INFO - [2024-10-11T03:57:47.784+0000] {dagbag.py:588} INFO - Filling up the DagBag from /home/airflow/.local/lib/python3.12/site-packages/airflow/example_dags/example_skip_dag.py
[2024-10-11T03:57:47.796+0000] {processor.py:925} INFO - DAG(s) 'example_skip_dag' retrieved from /home/airflow/.local/lib/python3.12/site-packages/airflow/example_dags/example_skip_dag.py
[2024-10-11T03:57:47.835+0000] {logging_mixin.py:190} INFO - [2024-10-11T03:57:47.835+0000] {dag.py:3239} INFO - Sync 1 DAGs
[2024-10-11T03:57:47.876+0000] {logging_mixin.py:190} INFO - [2024-10-11T03:57:47.876+0000] {dag.py:4180} INFO - Setting next_dagrun for example_skip_dag to 2024-10-10 00:00:00+00:00, run_after=2024-10-11 00:00:00+00:00
[2024-10-11T03:57:47.911+0000] {processor.py:208} INFO - Processing /home/airflow/.local/lib/python3.12/site-packages/airflow/example_dags/example_skip_dag.py took 0.143 seconds
[2024-10-11T03:58:18.908+0000] {processor.py:186} INFO - Started process (PID=3399) to work on /home/airflow/.local/lib/python3.12/site-packages/airflow/example_dags/example_skip_dag.py
[2024-10-11T03:58:18.909+0000] {processor.py:914} INFO - Processing file /home/airflow/.local/lib/python3.12/site-packages/airflow/example_dags/example_skip_dag.py for tasks to queue
[2024-10-11T03:58:18.914+0000] {logging_mixin.py:190} INFO - [2024-10-11T03:58:18.913+0000] {dagbag.py:588} INFO - Filling up the DagBag from /home/airflow/.local/lib/python3.12/site-packages/airflow/example_dags/example_skip_dag.py
[2024-10-11T03:58:18.927+0000] {processor.py:925} INFO - DAG(s) 'example_skip_dag' retrieved from /home/airflow/.local/lib/python3.12/site-packages/airflow/example_dags/example_skip_dag.py
[2024-10-11T03:58:18.978+0000] {logging_mixin.py:190} INFO - [2024-10-11T03:58:18.977+0000] {dag.py:3239} INFO - Sync 1 DAGs
[2024-10-11T03:58:19.023+0000] {logging_mixin.py:190} INFO - [2024-10-11T03:58:19.023+0000] {dag.py:4180} INFO - Setting next_dagrun for example_skip_dag to 2024-10-10 00:00:00+00:00, run_after=2024-10-11 00:00:00+00:00
[2024-10-11T03:58:19.051+0000] {processor.py:208} INFO - Processing /home/airflow/.local/lib/python3.12/site-packages/airflow/example_dags/example_skip_dag.py took 0.153 seconds
[2024-10-11T03:58:50.341+0000] {processor.py:186} INFO - Started process (PID=3468) to work on /home/airflow/.local/lib/python3.12/site-packages/airflow/example_dags/example_skip_dag.py
[2024-10-11T03:58:50.343+0000] {processor.py:914} INFO - Processing file /home/airflow/.local/lib/python3.12/site-packages/airflow/example_dags/example_skip_dag.py for tasks to queue
[2024-10-11T03:58:50.350+0000] {logging_mixin.py:190} INFO - [2024-10-11T03:58:50.349+0000] {dagbag.py:588} INFO - Filling up the DagBag from /home/airflow/.local/lib/python3.12/site-packages/airflow/example_dags/example_skip_dag.py
[2024-10-11T03:58:50.368+0000] {processor.py:925} INFO - DAG(s) 'example_skip_dag' retrieved from /home/airflow/.local/lib/python3.12/site-packages/airflow/example_dags/example_skip_dag.py
[2024-10-11T03:58:50.418+0000] {logging_mixin.py:190} INFO - [2024-10-11T03:58:50.417+0000] {dag.py:3239} INFO - Sync 1 DAGs
[2024-10-11T03:58:50.478+0000] {logging_mixin.py:190} INFO - [2024-10-11T03:58:50.478+0000] {dag.py:4180} INFO - Setting next_dagrun for example_skip_dag to 2024-10-10 00:00:00+00:00, run_after=2024-10-11 00:00:00+00:00
[2024-10-11T03:58:50.519+0000] {processor.py:208} INFO - Processing /home/airflow/.local/lib/python3.12/site-packages/airflow/example_dags/example_skip_dag.py took 0.196 seconds
[2024-10-11T03:59:22.619+0000] {processor.py:186} INFO - Started process (PID=3536) to work on /home/airflow/.local/lib/python3.12/site-packages/airflow/example_dags/example_skip_dag.py
[2024-10-11T03:59:22.622+0000] {processor.py:914} INFO - Processing file /home/airflow/.local/lib/python3.12/site-packages/airflow/example_dags/example_skip_dag.py for tasks to queue
[2024-10-11T03:59:22.629+0000] {logging_mixin.py:190} INFO - [2024-10-11T03:59:22.628+0000] {dagbag.py:588} INFO - Filling up the DagBag from /home/airflow/.local/lib/python3.12/site-packages/airflow/example_dags/example_skip_dag.py
[2024-10-11T03:59:22.652+0000] {processor.py:925} INFO - DAG(s) 'example_skip_dag' retrieved from /home/airflow/.local/lib/python3.12/site-packages/airflow/example_dags/example_skip_dag.py
[2024-10-11T03:59:22.711+0000] {logging_mixin.py:190} INFO - [2024-10-11T03:59:22.710+0000] {dag.py:3239} INFO - Sync 1 DAGs
[2024-10-11T03:59:22.776+0000] {logging_mixin.py:190} INFO - [2024-10-11T03:59:22.776+0000] {dag.py:4180} INFO - Setting next_dagrun for example_skip_dag to 2024-10-10 00:00:00+00:00, run_after=2024-10-11 00:00:00+00:00
[2024-10-11T03:59:22.834+0000] {processor.py:208} INFO - Processing /home/airflow/.local/lib/python3.12/site-packages/airflow/example_dags/example_skip_dag.py took 0.233 seconds
[2024-10-11T03:59:54.475+0000] {processor.py:186} INFO - Started process (PID=3603) to work on /home/airflow/.local/lib/python3.12/site-packages/airflow/example_dags/example_skip_dag.py
[2024-10-11T03:59:54.479+0000] {processor.py:914} INFO - Processing file /home/airflow/.local/lib/python3.12/site-packages/airflow/example_dags/example_skip_dag.py for tasks to queue
[2024-10-11T03:59:54.492+0000] {logging_mixin.py:190} INFO - [2024-10-11T03:59:54.490+0000] {dagbag.py:588} INFO - Filling up the DagBag from /home/airflow/.local/lib/python3.12/site-packages/airflow/example_dags/example_skip_dag.py
[2024-10-11T03:59:54.544+0000] {processor.py:925} INFO - DAG(s) 'example_skip_dag' retrieved from /home/airflow/.local/lib/python3.12/site-packages/airflow/example_dags/example_skip_dag.py
[2024-10-11T03:59:54.798+0000] {logging_mixin.py:190} INFO - [2024-10-11T03:59:54.797+0000] {dag.py:3239} INFO - Sync 1 DAGs
[2024-10-11T03:59:54.959+0000] {logging_mixin.py:190} INFO - [2024-10-11T03:59:54.957+0000] {dag.py:4180} INFO - Setting next_dagrun for example_skip_dag to 2024-10-10 00:00:00+00:00, run_after=2024-10-11 00:00:00+00:00
[2024-10-11T03:59:55.043+0000] {processor.py:208} INFO - Processing /home/airflow/.local/lib/python3.12/site-packages/airflow/example_dags/example_skip_dag.py took 0.613 seconds
[2024-10-11T04:00:25.928+0000] {processor.py:186} INFO - Started process (PID=3669) to work on /home/airflow/.local/lib/python3.12/site-packages/airflow/example_dags/example_skip_dag.py
[2024-10-11T04:00:25.930+0000] {processor.py:914} INFO - Processing file /home/airflow/.local/lib/python3.12/site-packages/airflow/example_dags/example_skip_dag.py for tasks to queue
[2024-10-11T04:00:25.936+0000] {logging_mixin.py:190} INFO - [2024-10-11T04:00:25.935+0000] {dagbag.py:588} INFO - Filling up the DagBag from /home/airflow/.local/lib/python3.12/site-packages/airflow/example_dags/example_skip_dag.py
[2024-10-11T04:00:25.958+0000] {processor.py:925} INFO - DAG(s) 'example_skip_dag' retrieved from /home/airflow/.local/lib/python3.12/site-packages/airflow/example_dags/example_skip_dag.py
[2024-10-11T04:00:26.012+0000] {logging_mixin.py:190} INFO - [2024-10-11T04:00:26.012+0000] {dag.py:3239} INFO - Sync 1 DAGs
[2024-10-11T04:00:26.067+0000] {logging_mixin.py:190} INFO - [2024-10-11T04:00:26.067+0000] {dag.py:4180} INFO - Setting next_dagrun for example_skip_dag to 2024-10-10 00:00:00+00:00, run_after=2024-10-11 00:00:00+00:00
[2024-10-11T04:00:26.108+0000] {processor.py:208} INFO - Processing /home/airflow/.local/lib/python3.12/site-packages/airflow/example_dags/example_skip_dag.py took 0.195 seconds
[2024-10-11T04:00:56.973+0000] {processor.py:186} INFO - Started process (PID=3736) to work on /home/airflow/.local/lib/python3.12/site-packages/airflow/example_dags/example_skip_dag.py
[2024-10-11T04:00:56.984+0000] {processor.py:914} INFO - Processing file /home/airflow/.local/lib/python3.12/site-packages/airflow/example_dags/example_skip_dag.py for tasks to queue
[2024-10-11T04:00:56.993+0000] {logging_mixin.py:190} INFO - [2024-10-11T04:00:56.992+0000] {dagbag.py:588} INFO - Filling up the DagBag from /home/airflow/.local/lib/python3.12/site-packages/airflow/example_dags/example_skip_dag.py
[2024-10-11T04:00:57.042+0000] {processor.py:925} INFO - DAG(s) 'example_skip_dag' retrieved from /home/airflow/.local/lib/python3.12/site-packages/airflow/example_dags/example_skip_dag.py
[2024-10-11T04:00:57.146+0000] {logging_mixin.py:190} INFO - [2024-10-11T04:00:57.142+0000] {dag.py:3239} INFO - Sync 1 DAGs
[2024-10-11T04:00:57.271+0000] {logging_mixin.py:190} INFO - [2024-10-11T04:00:57.271+0000] {dag.py:4180} INFO - Setting next_dagrun for example_skip_dag to 2024-10-10 00:00:00+00:00, run_after=2024-10-11 00:00:00+00:00
[2024-10-11T04:00:57.390+0000] {processor.py:208} INFO - Processing /home/airflow/.local/lib/python3.12/site-packages/airflow/example_dags/example_skip_dag.py took 0.445 seconds
[2024-10-11T04:01:27.497+0000] {processor.py:186} INFO - Started process (PID=3804) to work on /home/airflow/.local/lib/python3.12/site-packages/airflow/example_dags/example_skip_dag.py
[2024-10-11T04:01:27.499+0000] {processor.py:914} INFO - Processing file /home/airflow/.local/lib/python3.12/site-packages/airflow/example_dags/example_skip_dag.py for tasks to queue
[2024-10-11T04:01:27.504+0000] {logging_mixin.py:190} INFO - [2024-10-11T04:01:27.504+0000] {dagbag.py:588} INFO - Filling up the DagBag from /home/airflow/.local/lib/python3.12/site-packages/airflow/example_dags/example_skip_dag.py
[2024-10-11T04:01:27.523+0000] {processor.py:925} INFO - DAG(s) 'example_skip_dag' retrieved from /home/airflow/.local/lib/python3.12/site-packages/airflow/example_dags/example_skip_dag.py
[2024-10-11T04:01:27.571+0000] {logging_mixin.py:190} INFO - [2024-10-11T04:01:27.570+0000] {dag.py:3239} INFO - Sync 1 DAGs
