[2024-10-11T03:32:57.781+0000] {processor.py:186} INFO - Started process (PID=103) to work on /home/airflow/.local/lib/python3.12/site-packages/airflow/example_dags/example_bash_operator.py
[2024-10-11T03:32:57.782+0000] {processor.py:914} INFO - Processing file /home/airflow/.local/lib/python3.12/site-packages/airflow/example_dags/example_bash_operator.py for tasks to queue
[2024-10-11T03:32:57.787+0000] {logging_mixin.py:190} INFO - [2024-10-11T03:32:57.786+0000] {dagbag.py:588} INFO - Filling up the DagBag from /home/airflow/.local/lib/python3.12/site-packages/airflow/example_dags/example_bash_operator.py
[2024-10-11T03:32:57.805+0000] {processor.py:925} INFO - DAG(s) 'example_bash_operator' retrieved from /home/airflow/.local/lib/python3.12/site-packages/airflow/example_dags/example_bash_operator.py
[2024-10-11T03:32:57.853+0000] {logging_mixin.py:190} INFO - [2024-10-11T03:32:57.853+0000] {dag.py:3239} INFO - Sync 1 DAGs
[2024-10-11T03:32:57.887+0000] {logging_mixin.py:190} INFO - [2024-10-11T03:32:57.886+0000] {dag.py:4180} INFO - Setting next_dagrun for example_bash_operator to 2024-10-10 00:00:00+00:00, run_after=2024-10-11 00:00:00+00:00
[2024-10-11T03:32:57.909+0000] {processor.py:208} INFO - Processing /home/airflow/.local/lib/python3.12/site-packages/airflow/example_dags/example_bash_operator.py took 0.147 seconds
[2024-10-11T03:33:27.955+0000] {processor.py:186} INFO - Started process (PID=168) to work on /home/airflow/.local/lib/python3.12/site-packages/airflow/example_dags/example_bash_operator.py
[2024-10-11T03:33:27.957+0000] {processor.py:914} INFO - Processing file /home/airflow/.local/lib/python3.12/site-packages/airflow/example_dags/example_bash_operator.py for tasks to queue
[2024-10-11T03:33:27.959+0000] {logging_mixin.py:190} INFO - [2024-10-11T03:33:27.959+0000] {dagbag.py:588} INFO - Filling up the DagBag from /home/airflow/.local/lib/python3.12/site-packages/airflow/example_dags/example_bash_operator.py
[2024-10-11T03:33:27.976+0000] {processor.py:925} INFO - DAG(s) 'example_bash_operator' retrieved from /home/airflow/.local/lib/python3.12/site-packages/airflow/example_dags/example_bash_operator.py
[2024-10-11T03:33:28.012+0000] {logging_mixin.py:190} INFO - [2024-10-11T03:33:28.012+0000] {dag.py:3239} INFO - Sync 1 DAGs
[2024-10-11T03:33:28.041+0000] {logging_mixin.py:190} INFO - [2024-10-11T03:33:28.040+0000] {dag.py:4180} INFO - Setting next_dagrun for example_bash_operator to 2024-10-10 00:00:00+00:00, run_after=2024-10-11 00:00:00+00:00
[2024-10-11T03:33:28.063+0000] {processor.py:208} INFO - Processing /home/airflow/.local/lib/python3.12/site-packages/airflow/example_dags/example_bash_operator.py took 0.115 seconds
[2024-10-11T03:33:58.641+0000] {processor.py:186} INFO - Started process (PID=233) to work on /home/airflow/.local/lib/python3.12/site-packages/airflow/example_dags/example_bash_operator.py
[2024-10-11T03:33:58.643+0000] {processor.py:914} INFO - Processing file /home/airflow/.local/lib/python3.12/site-packages/airflow/example_dags/example_bash_operator.py for tasks to queue
[2024-10-11T03:33:58.658+0000] {logging_mixin.py:190} INFO - [2024-10-11T03:33:58.657+0000] {dagbag.py:588} INFO - Filling up the DagBag from /home/airflow/.local/lib/python3.12/site-packages/airflow/example_dags/example_bash_operator.py
[2024-10-11T03:33:58.692+0000] {processor.py:925} INFO - DAG(s) 'example_bash_operator' retrieved from /home/airflow/.local/lib/python3.12/site-packages/airflow/example_dags/example_bash_operator.py
[2024-10-11T03:33:58.754+0000] {logging_mixin.py:190} INFO - [2024-10-11T03:33:58.753+0000] {dag.py:3239} INFO - Sync 1 DAGs
[2024-10-11T03:33:58.798+0000] {logging_mixin.py:190} INFO - [2024-10-11T03:33:58.797+0000] {dag.py:4180} INFO - Setting next_dagrun for example_bash_operator to 2024-10-10 00:00:00+00:00, run_after=2024-10-11 00:00:00+00:00
[2024-10-11T03:33:58.817+0000] {processor.py:208} INFO - Processing /home/airflow/.local/lib/python3.12/site-packages/airflow/example_dags/example_bash_operator.py took 0.191 seconds
[2024-10-11T03:34:29.113+0000] {processor.py:186} INFO - Started process (PID=299) to work on /home/airflow/.local/lib/python3.12/site-packages/airflow/example_dags/example_bash_operator.py
[2024-10-11T03:34:29.115+0000] {processor.py:914} INFO - Processing file /home/airflow/.local/lib/python3.12/site-packages/airflow/example_dags/example_bash_operator.py for tasks to queue
[2024-10-11T03:34:29.119+0000] {logging_mixin.py:190} INFO - [2024-10-11T03:34:29.119+0000] {dagbag.py:588} INFO - Filling up the DagBag from /home/airflow/.local/lib/python3.12/site-packages/airflow/example_dags/example_bash_operator.py
[2024-10-11T03:34:29.140+0000] {processor.py:925} INFO - DAG(s) 'example_bash_operator' retrieved from /home/airflow/.local/lib/python3.12/site-packages/airflow/example_dags/example_bash_operator.py
[2024-10-11T03:34:29.181+0000] {logging_mixin.py:190} INFO - [2024-10-11T03:34:29.180+0000] {dag.py:3239} INFO - Sync 1 DAGs
[2024-10-11T03:34:29.216+0000] {logging_mixin.py:190} INFO - [2024-10-11T03:34:29.216+0000] {dag.py:4180} INFO - Setting next_dagrun for example_bash_operator to 2024-10-10 00:00:00+00:00, run_after=2024-10-11 00:00:00+00:00
[2024-10-11T03:34:29.245+0000] {processor.py:208} INFO - Processing /home/airflow/.local/lib/python3.12/site-packages/airflow/example_dags/example_bash_operator.py took 0.140 seconds
[2024-10-11T03:34:59.469+0000] {processor.py:186} INFO - Started process (PID=365) to work on /home/airflow/.local/lib/python3.12/site-packages/airflow/example_dags/example_bash_operator.py
[2024-10-11T03:34:59.470+0000] {processor.py:914} INFO - Processing file /home/airflow/.local/lib/python3.12/site-packages/airflow/example_dags/example_bash_operator.py for tasks to queue
[2024-10-11T03:34:59.473+0000] {logging_mixin.py:190} INFO - [2024-10-11T03:34:59.472+0000] {dagbag.py:588} INFO - Filling up the DagBag from /home/airflow/.local/lib/python3.12/site-packages/airflow/example_dags/example_bash_operator.py
[2024-10-11T03:34:59.492+0000] {processor.py:925} INFO - DAG(s) 'example_bash_operator' retrieved from /home/airflow/.local/lib/python3.12/site-packages/airflow/example_dags/example_bash_operator.py
[2024-10-11T03:34:59.530+0000] {logging_mixin.py:190} INFO - [2024-10-11T03:34:59.529+0000] {dag.py:3239} INFO - Sync 1 DAGs
[2024-10-11T03:34:59.569+0000] {logging_mixin.py:190} INFO - [2024-10-11T03:34:59.569+0000] {dag.py:4180} INFO - Setting next_dagrun for example_bash_operator to 2024-10-10 00:00:00+00:00, run_after=2024-10-11 00:00:00+00:00
[2024-10-11T03:34:59.597+0000] {processor.py:208} INFO - Processing /home/airflow/.local/lib/python3.12/site-packages/airflow/example_dags/example_bash_operator.py took 0.137 seconds
[2024-10-11T03:35:31.188+0000] {processor.py:186} INFO - Started process (PID=432) to work on /home/airflow/.local/lib/python3.12/site-packages/airflow/example_dags/example_bash_operator.py
[2024-10-11T03:35:31.191+0000] {processor.py:914} INFO - Processing file /home/airflow/.local/lib/python3.12/site-packages/airflow/example_dags/example_bash_operator.py for tasks to queue
[2024-10-11T03:35:31.196+0000] {logging_mixin.py:190} INFO - [2024-10-11T03:35:31.196+0000] {dagbag.py:588} INFO - Filling up the DagBag from /home/airflow/.local/lib/python3.12/site-packages/airflow/example_dags/example_bash_operator.py
[2024-10-11T03:35:31.228+0000] {processor.py:925} INFO - DAG(s) 'example_bash_operator' retrieved from /home/airflow/.local/lib/python3.12/site-packages/airflow/example_dags/example_bash_operator.py
[2024-10-11T03:35:31.296+0000] {logging_mixin.py:190} INFO - [2024-10-11T03:35:31.295+0000] {dag.py:3239} INFO - Sync 1 DAGs
[2024-10-11T03:35:31.401+0000] {logging_mixin.py:190} INFO - [2024-10-11T03:35:31.401+0000] {dag.py:4180} INFO - Setting next_dagrun for example_bash_operator to 2024-10-10 00:00:00+00:00, run_after=2024-10-11 00:00:00+00:00
[2024-10-11T03:35:31.469+0000] {processor.py:208} INFO - Processing /home/airflow/.local/lib/python3.12/site-packages/airflow/example_dags/example_bash_operator.py took 0.298 seconds
[2024-10-11T03:36:01.607+0000] {processor.py:186} INFO - Started process (PID=498) to work on /home/airflow/.local/lib/python3.12/site-packages/airflow/example_dags/example_bash_operator.py
[2024-10-11T03:36:01.608+0000] {processor.py:914} INFO - Processing file /home/airflow/.local/lib/python3.12/site-packages/airflow/example_dags/example_bash_operator.py for tasks to queue
[2024-10-11T03:36:01.611+0000] {logging_mixin.py:190} INFO - [2024-10-11T03:36:01.610+0000] {dagbag.py:588} INFO - Filling up the DagBag from /home/airflow/.local/lib/python3.12/site-packages/airflow/example_dags/example_bash_operator.py
[2024-10-11T03:36:01.626+0000] {processor.py:925} INFO - DAG(s) 'example_bash_operator' retrieved from /home/airflow/.local/lib/python3.12/site-packages/airflow/example_dags/example_bash_operator.py
[2024-10-11T03:36:01.660+0000] {logging_mixin.py:190} INFO - [2024-10-11T03:36:01.660+0000] {dag.py:3239} INFO - Sync 1 DAGs
[2024-10-11T03:36:01.689+0000] {logging_mixin.py:190} INFO - [2024-10-11T03:36:01.688+0000] {dag.py:4180} INFO - Setting next_dagrun for example_bash_operator to 2024-10-10 00:00:00+00:00, run_after=2024-10-11 00:00:00+00:00
[2024-10-11T03:36:01.713+0000] {processor.py:208} INFO - Processing /home/airflow/.local/lib/python3.12/site-packages/airflow/example_dags/example_bash_operator.py took 0.113 seconds
[2024-10-11T03:36:32.174+0000] {processor.py:186} INFO - Started process (PID=564) to work on /home/airflow/.local/lib/python3.12/site-packages/airflow/example_dags/example_bash_operator.py
[2024-10-11T03:36:32.175+0000] {processor.py:914} INFO - Processing file /home/airflow/.local/lib/python3.12/site-packages/airflow/example_dags/example_bash_operator.py for tasks to queue
[2024-10-11T03:36:32.180+0000] {logging_mixin.py:190} INFO - [2024-10-11T03:36:32.179+0000] {dagbag.py:588} INFO - Filling up the DagBag from /home/airflow/.local/lib/python3.12/site-packages/airflow/example_dags/example_bash_operator.py
[2024-10-11T03:36:32.221+0000] {processor.py:925} INFO - DAG(s) 'example_bash_operator' retrieved from /home/airflow/.local/lib/python3.12/site-packages/airflow/example_dags/example_bash_operator.py
[2024-10-11T03:36:32.263+0000] {logging_mixin.py:190} INFO - [2024-10-11T03:36:32.263+0000] {dag.py:3239} INFO - Sync 1 DAGs
[2024-10-11T03:36:32.298+0000] {logging_mixin.py:190} INFO - [2024-10-11T03:36:32.297+0000] {dag.py:4180} INFO - Setting next_dagrun for example_bash_operator to 2024-10-10 00:00:00+00:00, run_after=2024-10-11 00:00:00+00:00
[2024-10-11T03:36:32.323+0000] {processor.py:208} INFO - Processing /home/airflow/.local/lib/python3.12/site-packages/airflow/example_dags/example_bash_operator.py took 0.162 seconds
[2024-10-11T03:37:02.581+0000] {processor.py:186} INFO - Started process (PID=630) to work on /home/airflow/.local/lib/python3.12/site-packages/airflow/example_dags/example_bash_operator.py
[2024-10-11T03:37:02.583+0000] {processor.py:914} INFO - Processing file /home/airflow/.local/lib/python3.12/site-packages/airflow/example_dags/example_bash_operator.py for tasks to queue
[2024-10-11T03:37:02.586+0000] {logging_mixin.py:190} INFO - [2024-10-11T03:37:02.585+0000] {dagbag.py:588} INFO - Filling up the DagBag from /home/airflow/.local/lib/python3.12/site-packages/airflow/example_dags/example_bash_operator.py
[2024-10-11T03:37:02.605+0000] {processor.py:925} INFO - DAG(s) 'example_bash_operator' retrieved from /home/airflow/.local/lib/python3.12/site-packages/airflow/example_dags/example_bash_operator.py
[2024-10-11T03:37:02.652+0000] {logging_mixin.py:190} INFO - [2024-10-11T03:37:02.651+0000] {dag.py:3239} INFO - Sync 1 DAGs
[2024-10-11T03:37:02.690+0000] {logging_mixin.py:190} INFO - [2024-10-11T03:37:02.690+0000] {dag.py:4180} INFO - Setting next_dagrun for example_bash_operator to 2024-10-10 00:00:00+00:00, run_after=2024-10-11 00:00:00+00:00
[2024-10-11T03:37:02.725+0000] {processor.py:208} INFO - Processing /home/airflow/.local/lib/python3.12/site-packages/airflow/example_dags/example_bash_operator.py took 0.151 seconds
[2024-10-11T03:37:33.157+0000] {processor.py:186} INFO - Started process (PID=696) to work on /home/airflow/.local/lib/python3.12/site-packages/airflow/example_dags/example_bash_operator.py
[2024-10-11T03:37:33.158+0000] {processor.py:914} INFO - Processing file /home/airflow/.local/lib/python3.12/site-packages/airflow/example_dags/example_bash_operator.py for tasks to queue
[2024-10-11T03:37:33.161+0000] {logging_mixin.py:190} INFO - [2024-10-11T03:37:33.160+0000] {dagbag.py:588} INFO - Filling up the DagBag from /home/airflow/.local/lib/python3.12/site-packages/airflow/example_dags/example_bash_operator.py
[2024-10-11T03:37:33.178+0000] {processor.py:925} INFO - DAG(s) 'example_bash_operator' retrieved from /home/airflow/.local/lib/python3.12/site-packages/airflow/example_dags/example_bash_operator.py
[2024-10-11T03:37:33.223+0000] {logging_mixin.py:190} INFO - [2024-10-11T03:37:33.222+0000] {dag.py:3239} INFO - Sync 1 DAGs
[2024-10-11T03:37:33.253+0000] {logging_mixin.py:190} INFO - [2024-10-11T03:37:33.253+0000] {dag.py:4180} INFO - Setting next_dagrun for example_bash_operator to 2024-10-10 00:00:00+00:00, run_after=2024-10-11 00:00:00+00:00
[2024-10-11T03:37:33.274+0000] {processor.py:208} INFO - Processing /home/airflow/.local/lib/python3.12/site-packages/airflow/example_dags/example_bash_operator.py took 0.125 seconds
[2024-10-11T03:38:03.502+0000] {processor.py:186} INFO - Started process (PID=762) to work on /home/airflow/.local/lib/python3.12/site-packages/airflow/example_dags/example_bash_operator.py
[2024-10-11T03:38:03.503+0000] {processor.py:914} INFO - Processing file /home/airflow/.local/lib/python3.12/site-packages/airflow/example_dags/example_bash_operator.py for tasks to queue
[2024-10-11T03:38:03.506+0000] {logging_mixin.py:190} INFO - [2024-10-11T03:38:03.506+0000] {dagbag.py:588} INFO - Filling up the DagBag from /home/airflow/.local/lib/python3.12/site-packages/airflow/example_dags/example_bash_operator.py
[2024-10-11T03:38:03.522+0000] {processor.py:925} INFO - DAG(s) 'example_bash_operator' retrieved from /home/airflow/.local/lib/python3.12/site-packages/airflow/example_dags/example_bash_operator.py
[2024-10-11T03:38:03.555+0000] {logging_mixin.py:190} INFO - [2024-10-11T03:38:03.555+0000] {dag.py:3239} INFO - Sync 1 DAGs
[2024-10-11T03:38:03.594+0000] {logging_mixin.py:190} INFO - [2024-10-11T03:38:03.594+0000] {dag.py:4180} INFO - Setting next_dagrun for example_bash_operator to 2024-10-10 00:00:00+00:00, run_after=2024-10-11 00:00:00+00:00
[2024-10-11T03:38:03.613+0000] {processor.py:208} INFO - Processing /home/airflow/.local/lib/python3.12/site-packages/airflow/example_dags/example_bash_operator.py took 0.119 seconds
[2024-10-11T03:38:34.320+0000] {processor.py:186} INFO - Started process (PID=828) to work on /home/airflow/.local/lib/python3.12/site-packages/airflow/example_dags/example_bash_operator.py
[2024-10-11T03:38:34.321+0000] {processor.py:914} INFO - Processing file /home/airflow/.local/lib/python3.12/site-packages/airflow/example_dags/example_bash_operator.py for tasks to queue
[2024-10-11T03:38:34.325+0000] {logging_mixin.py:190} INFO - [2024-10-11T03:38:34.324+0000] {dagbag.py:588} INFO - Filling up the DagBag from /home/airflow/.local/lib/python3.12/site-packages/airflow/example_dags/example_bash_operator.py
[2024-10-11T03:38:34.346+0000] {processor.py:925} INFO - DAG(s) 'example_bash_operator' retrieved from /home/airflow/.local/lib/python3.12/site-packages/airflow/example_dags/example_bash_operator.py
[2024-10-11T03:38:34.397+0000] {logging_mixin.py:190} INFO - [2024-10-11T03:38:34.396+0000] {dag.py:3239} INFO - Sync 1 DAGs
[2024-10-11T03:38:34.441+0000] {logging_mixin.py:190} INFO - [2024-10-11T03:38:34.441+0000] {dag.py:4180} INFO - Setting next_dagrun for example_bash_operator to 2024-10-10 00:00:00+00:00, run_after=2024-10-11 00:00:00+00:00
[2024-10-11T03:38:34.467+0000] {processor.py:208} INFO - Processing /home/airflow/.local/lib/python3.12/site-packages/airflow/example_dags/example_bash_operator.py took 0.157 seconds
[2024-10-11T03:39:05.078+0000] {processor.py:186} INFO - Started process (PID=894) to work on /home/airflow/.local/lib/python3.12/site-packages/airflow/example_dags/example_bash_operator.py
[2024-10-11T03:39:05.079+0000] {processor.py:914} INFO - Processing file /home/airflow/.local/lib/python3.12/site-packages/airflow/example_dags/example_bash_operator.py for tasks to queue
[2024-10-11T03:39:05.082+0000] {logging_mixin.py:190} INFO - [2024-10-11T03:39:05.081+0000] {dagbag.py:588} INFO - Filling up the DagBag from /home/airflow/.local/lib/python3.12/site-packages/airflow/example_dags/example_bash_operator.py
[2024-10-11T03:39:05.098+0000] {processor.py:925} INFO - DAG(s) 'example_bash_operator' retrieved from /home/airflow/.local/lib/python3.12/site-packages/airflow/example_dags/example_bash_operator.py
[2024-10-11T03:39:05.131+0000] {logging_mixin.py:190} INFO - [2024-10-11T03:39:05.131+0000] {dag.py:3239} INFO - Sync 1 DAGs
[2024-10-11T03:39:05.158+0000] {logging_mixin.py:190} INFO - [2024-10-11T03:39:05.158+0000] {dag.py:4180} INFO - Setting next_dagrun for example_bash_operator to 2024-10-10 00:00:00+00:00, run_after=2024-10-11 00:00:00+00:00
[2024-10-11T03:39:05.176+0000] {processor.py:208} INFO - Processing /home/airflow/.local/lib/python3.12/site-packages/airflow/example_dags/example_bash_operator.py took 0.106 seconds
[2024-10-11T03:39:36.560+0000] {processor.py:186} INFO - Started process (PID=960) to work on /home/airflow/.local/lib/python3.12/site-packages/airflow/example_dags/example_bash_operator.py
[2024-10-11T03:39:36.562+0000] {processor.py:914} INFO - Processing file /home/airflow/.local/lib/python3.12/site-packages/airflow/example_dags/example_bash_operator.py for tasks to queue
[2024-10-11T03:39:36.566+0000] {logging_mixin.py:190} INFO - [2024-10-11T03:39:36.566+0000] {dagbag.py:588} INFO - Filling up the DagBag from /home/airflow/.local/lib/python3.12/site-packages/airflow/example_dags/example_bash_operator.py
[2024-10-11T03:39:36.592+0000] {processor.py:925} INFO - DAG(s) 'example_bash_operator' retrieved from /home/airflow/.local/lib/python3.12/site-packages/airflow/example_dags/example_bash_operator.py
[2024-10-11T03:39:36.662+0000] {logging_mixin.py:190} INFO - [2024-10-11T03:39:36.662+0000] {dag.py:3239} INFO - Sync 1 DAGs
[2024-10-11T03:39:36.710+0000] {logging_mixin.py:190} INFO - [2024-10-11T03:39:36.709+0000] {dag.py:4180} INFO - Setting next_dagrun for example_bash_operator to 2024-10-10 00:00:00+00:00, run_after=2024-10-11 00:00:00+00:00
[2024-10-11T03:39:36.752+0000] {processor.py:208} INFO - Processing /home/airflow/.local/lib/python3.12/site-packages/airflow/example_dags/example_bash_operator.py took 0.204 seconds
[2024-10-11T03:40:07.999+0000] {processor.py:186} INFO - Started process (PID=1026) to work on /home/airflow/.local/lib/python3.12/site-packages/airflow/example_dags/example_bash_operator.py
[2024-10-11T03:40:08.000+0000] {processor.py:914} INFO - Processing file /home/airflow/.local/lib/python3.12/site-packages/airflow/example_dags/example_bash_operator.py for tasks to queue
[2024-10-11T03:40:08.003+0000] {logging_mixin.py:190} INFO - [2024-10-11T03:40:08.002+0000] {dagbag.py:588} INFO - Filling up the DagBag from /home/airflow/.local/lib/python3.12/site-packages/airflow/example_dags/example_bash_operator.py
[2024-10-11T03:40:08.020+0000] {processor.py:925} INFO - DAG(s) 'example_bash_operator' retrieved from /home/airflow/.local/lib/python3.12/site-packages/airflow/example_dags/example_bash_operator.py
[2024-10-11T03:40:08.058+0000] {logging_mixin.py:190} INFO - [2024-10-11T03:40:08.057+0000] {dag.py:3239} INFO - Sync 1 DAGs
[2024-10-11T03:40:08.088+0000] {logging_mixin.py:190} INFO - [2024-10-11T03:40:08.088+0000] {dag.py:4180} INFO - Setting next_dagrun for example_bash_operator to 2024-10-10 00:00:00+00:00, run_after=2024-10-11 00:00:00+00:00
[2024-10-11T03:40:08.110+0000] {processor.py:208} INFO - Processing /home/airflow/.local/lib/python3.12/site-packages/airflow/example_dags/example_bash_operator.py took 0.119 seconds
[2024-10-11T03:40:38.939+0000] {processor.py:186} INFO - Started process (PID=1092) to work on /home/airflow/.local/lib/python3.12/site-packages/airflow/example_dags/example_bash_operator.py
[2024-10-11T03:40:38.940+0000] {processor.py:914} INFO - Processing file /home/airflow/.local/lib/python3.12/site-packages/airflow/example_dags/example_bash_operator.py for tasks to queue
[2024-10-11T03:40:38.943+0000] {logging_mixin.py:190} INFO - [2024-10-11T03:40:38.943+0000] {dagbag.py:588} INFO - Filling up the DagBag from /home/airflow/.local/lib/python3.12/site-packages/airflow/example_dags/example_bash_operator.py
[2024-10-11T03:40:38.965+0000] {processor.py:925} INFO - DAG(s) 'example_bash_operator' retrieved from /home/airflow/.local/lib/python3.12/site-packages/airflow/example_dags/example_bash_operator.py
[2024-10-11T03:40:38.998+0000] {logging_mixin.py:190} INFO - [2024-10-11T03:40:38.998+0000] {dag.py:3239} INFO - Sync 1 DAGs
[2024-10-11T03:40:39.032+0000] {logging_mixin.py:190} INFO - [2024-10-11T03:40:39.032+0000] {dag.py:4180} INFO - Setting next_dagrun for example_bash_operator to 2024-10-10 00:00:00+00:00, run_after=2024-10-11 00:00:00+00:00
[2024-10-11T03:40:39.069+0000] {processor.py:208} INFO - Processing /home/airflow/.local/lib/python3.12/site-packages/airflow/example_dags/example_bash_operator.py took 0.137 seconds
[2024-10-11T03:41:09.971+0000] {processor.py:186} INFO - Started process (PID=1158) to work on /home/airflow/.local/lib/python3.12/site-packages/airflow/example_dags/example_bash_operator.py
[2024-10-11T03:41:09.973+0000] {processor.py:914} INFO - Processing file /home/airflow/.local/lib/python3.12/site-packages/airflow/example_dags/example_bash_operator.py for tasks to queue
[2024-10-11T03:41:09.976+0000] {logging_mixin.py:190} INFO - [2024-10-11T03:41:09.975+0000] {dagbag.py:588} INFO - Filling up the DagBag from /home/airflow/.local/lib/python3.12/site-packages/airflow/example_dags/example_bash_operator.py
[2024-10-11T03:41:09.992+0000] {processor.py:925} INFO - DAG(s) 'example_bash_operator' retrieved from /home/airflow/.local/lib/python3.12/site-packages/airflow/example_dags/example_bash_operator.py
[2024-10-11T03:41:10.025+0000] {logging_mixin.py:190} INFO - [2024-10-11T03:41:10.024+0000] {dag.py:3239} INFO - Sync 1 DAGs
[2024-10-11T03:41:10.053+0000] {logging_mixin.py:190} INFO - [2024-10-11T03:41:10.053+0000] {dag.py:4180} INFO - Setting next_dagrun for example_bash_operator to 2024-10-10 00:00:00+00:00, run_after=2024-10-11 00:00:00+00:00
[2024-10-11T03:41:10.076+0000] {processor.py:208} INFO - Processing /home/airflow/.local/lib/python3.12/site-packages/airflow/example_dags/example_bash_operator.py took 0.112 seconds
[2024-10-11T03:41:40.674+0000] {processor.py:186} INFO - Started process (PID=1224) to work on /home/airflow/.local/lib/python3.12/site-packages/airflow/example_dags/example_bash_operator.py
[2024-10-11T03:41:40.676+0000] {processor.py:914} INFO - Processing file /home/airflow/.local/lib/python3.12/site-packages/airflow/example_dags/example_bash_operator.py for tasks to queue
[2024-10-11T03:41:40.690+0000] {logging_mixin.py:190} INFO - [2024-10-11T03:41:40.689+0000] {dagbag.py:588} INFO - Filling up the DagBag from /home/airflow/.local/lib/python3.12/site-packages/airflow/example_dags/example_bash_operator.py
[2024-10-11T03:41:40.712+0000] {processor.py:925} INFO - DAG(s) 'example_bash_operator' retrieved from /home/airflow/.local/lib/python3.12/site-packages/airflow/example_dags/example_bash_operator.py
[2024-10-11T03:41:40.763+0000] {logging_mixin.py:190} INFO - [2024-10-11T03:41:40.763+0000] {dag.py:3239} INFO - Sync 1 DAGs
[2024-10-11T03:41:40.798+0000] {logging_mixin.py:190} INFO - [2024-10-11T03:41:40.797+0000] {dag.py:4180} INFO - Setting next_dagrun for example_bash_operator to 2024-10-10 00:00:00+00:00, run_after=2024-10-11 00:00:00+00:00
[2024-10-11T03:41:40.820+0000] {processor.py:208} INFO - Processing /home/airflow/.local/lib/python3.12/site-packages/airflow/example_dags/example_bash_operator.py took 0.167 seconds
[2024-10-11T03:42:10.984+0000] {processor.py:186} INFO - Started process (PID=1290) to work on /home/airflow/.local/lib/python3.12/site-packages/airflow/example_dags/example_bash_operator.py
[2024-10-11T03:42:10.985+0000] {processor.py:914} INFO - Processing file /home/airflow/.local/lib/python3.12/site-packages/airflow/example_dags/example_bash_operator.py for tasks to queue
[2024-10-11T03:42:10.988+0000] {logging_mixin.py:190} INFO - [2024-10-11T03:42:10.988+0000] {dagbag.py:588} INFO - Filling up the DagBag from /home/airflow/.local/lib/python3.12/site-packages/airflow/example_dags/example_bash_operator.py
[2024-10-11T03:42:11.009+0000] {processor.py:925} INFO - DAG(s) 'example_bash_operator' retrieved from /home/airflow/.local/lib/python3.12/site-packages/airflow/example_dags/example_bash_operator.py
[2024-10-11T03:42:11.046+0000] {logging_mixin.py:190} INFO - [2024-10-11T03:42:11.046+0000] {dag.py:3239} INFO - Sync 1 DAGs
[2024-10-11T03:42:11.080+0000] {logging_mixin.py:190} INFO - [2024-10-11T03:42:11.080+0000] {dag.py:4180} INFO - Setting next_dagrun for example_bash_operator to 2024-10-10 00:00:00+00:00, run_after=2024-10-11 00:00:00+00:00
[2024-10-11T03:42:11.102+0000] {processor.py:208} INFO - Processing /home/airflow/.local/lib/python3.12/site-packages/airflow/example_dags/example_bash_operator.py took 0.127 seconds
[2024-10-11T03:42:41.949+0000] {processor.py:186} INFO - Started process (PID=1356) to work on /home/airflow/.local/lib/python3.12/site-packages/airflow/example_dags/example_bash_operator.py
[2024-10-11T03:42:41.950+0000] {processor.py:914} INFO - Processing file /home/airflow/.local/lib/python3.12/site-packages/airflow/example_dags/example_bash_operator.py for tasks to queue
[2024-10-11T03:42:41.954+0000] {logging_mixin.py:190} INFO - [2024-10-11T03:42:41.954+0000] {dagbag.py:588} INFO - Filling up the DagBag from /home/airflow/.local/lib/python3.12/site-packages/airflow/example_dags/example_bash_operator.py
[2024-10-11T03:42:41.974+0000] {processor.py:925} INFO - DAG(s) 'example_bash_operator' retrieved from /home/airflow/.local/lib/python3.12/site-packages/airflow/example_dags/example_bash_operator.py
[2024-10-11T03:42:42.014+0000] {logging_mixin.py:190} INFO - [2024-10-11T03:42:42.014+0000] {dag.py:3239} INFO - Sync 1 DAGs
[2024-10-11T03:42:42.048+0000] {logging_mixin.py:190} INFO - [2024-10-11T03:42:42.048+0000] {dag.py:4180} INFO - Setting next_dagrun for example_bash_operator to 2024-10-10 00:00:00+00:00, run_after=2024-10-11 00:00:00+00:00
[2024-10-11T03:42:42.073+0000] {processor.py:208} INFO - Processing /home/airflow/.local/lib/python3.12/site-packages/airflow/example_dags/example_bash_operator.py took 0.134 seconds
[2024-10-11T03:43:13.028+0000] {processor.py:186} INFO - Started process (PID=1424) to work on /home/airflow/.local/lib/python3.12/site-packages/airflow/example_dags/example_bash_operator.py
[2024-10-11T03:43:13.030+0000] {processor.py:914} INFO - Processing file /home/airflow/.local/lib/python3.12/site-packages/airflow/example_dags/example_bash_operator.py for tasks to queue
[2024-10-11T03:43:13.034+0000] {logging_mixin.py:190} INFO - [2024-10-11T03:43:13.033+0000] {dagbag.py:588} INFO - Filling up the DagBag from /home/airflow/.local/lib/python3.12/site-packages/airflow/example_dags/example_bash_operator.py
[2024-10-11T03:43:13.050+0000] {processor.py:925} INFO - DAG(s) 'example_bash_operator' retrieved from /home/airflow/.local/lib/python3.12/site-packages/airflow/example_dags/example_bash_operator.py
[2024-10-11T03:43:13.080+0000] {logging_mixin.py:190} INFO - [2024-10-11T03:43:13.080+0000] {dag.py:3239} INFO - Sync 1 DAGs
[2024-10-11T03:43:13.108+0000] {logging_mixin.py:190} INFO - [2024-10-11T03:43:13.108+0000] {dag.py:4180} INFO - Setting next_dagrun for example_bash_operator to 2024-10-10 00:00:00+00:00, run_after=2024-10-11 00:00:00+00:00
[2024-10-11T03:43:13.127+0000] {processor.py:208} INFO - Processing /home/airflow/.local/lib/python3.12/site-packages/airflow/example_dags/example_bash_operator.py took 0.106 seconds
[2024-10-11T03:43:43.722+0000] {processor.py:186} INFO - Started process (PID=1491) to work on /home/airflow/.local/lib/python3.12/site-packages/airflow/example_dags/example_bash_operator.py
[2024-10-11T03:43:43.723+0000] {processor.py:914} INFO - Processing file /home/airflow/.local/lib/python3.12/site-packages/airflow/example_dags/example_bash_operator.py for tasks to queue
[2024-10-11T03:43:43.726+0000] {logging_mixin.py:190} INFO - [2024-10-11T03:43:43.726+0000] {dagbag.py:588} INFO - Filling up the DagBag from /home/airflow/.local/lib/python3.12/site-packages/airflow/example_dags/example_bash_operator.py
[2024-10-11T03:43:43.745+0000] {processor.py:925} INFO - DAG(s) 'example_bash_operator' retrieved from /home/airflow/.local/lib/python3.12/site-packages/airflow/example_dags/example_bash_operator.py
[2024-10-11T03:43:43.779+0000] {logging_mixin.py:190} INFO - [2024-10-11T03:43:43.778+0000] {dag.py:3239} INFO - Sync 1 DAGs
[2024-10-11T03:43:43.811+0000] {logging_mixin.py:190} INFO - [2024-10-11T03:43:43.811+0000] {dag.py:4180} INFO - Setting next_dagrun for example_bash_operator to 2024-10-10 00:00:00+00:00, run_after=2024-10-11 00:00:00+00:00
[2024-10-11T03:43:43.836+0000] {processor.py:208} INFO - Processing /home/airflow/.local/lib/python3.12/site-packages/airflow/example_dags/example_bash_operator.py took 0.121 seconds
[2024-10-11T03:44:14.317+0000] {processor.py:186} INFO - Started process (PID=1558) to work on /home/airflow/.local/lib/python3.12/site-packages/airflow/example_dags/example_bash_operator.py
[2024-10-11T03:44:14.318+0000] {processor.py:914} INFO - Processing file /home/airflow/.local/lib/python3.12/site-packages/airflow/example_dags/example_bash_operator.py for tasks to queue
[2024-10-11T03:44:14.322+0000] {logging_mixin.py:190} INFO - [2024-10-11T03:44:14.321+0000] {dagbag.py:588} INFO - Filling up the DagBag from /home/airflow/.local/lib/python3.12/site-packages/airflow/example_dags/example_bash_operator.py
[2024-10-11T03:44:14.339+0000] {processor.py:925} INFO - DAG(s) 'example_bash_operator' retrieved from /home/airflow/.local/lib/python3.12/site-packages/airflow/example_dags/example_bash_operator.py
[2024-10-11T03:44:14.375+0000] {logging_mixin.py:190} INFO - [2024-10-11T03:44:14.375+0000] {dag.py:3239} INFO - Sync 1 DAGs
[2024-10-11T03:44:14.407+0000] {logging_mixin.py:190} INFO - [2024-10-11T03:44:14.407+0000] {dag.py:4180} INFO - Setting next_dagrun for example_bash_operator to 2024-10-10 00:00:00+00:00, run_after=2024-10-11 00:00:00+00:00
[2024-10-11T03:44:14.433+0000] {processor.py:208} INFO - Processing /home/airflow/.local/lib/python3.12/site-packages/airflow/example_dags/example_bash_operator.py took 0.128 seconds
[2024-10-11T03:44:45.005+0000] {processor.py:186} INFO - Started process (PID=1625) to work on /home/airflow/.local/lib/python3.12/site-packages/airflow/example_dags/example_bash_operator.py
[2024-10-11T03:44:45.006+0000] {processor.py:914} INFO - Processing file /home/airflow/.local/lib/python3.12/site-packages/airflow/example_dags/example_bash_operator.py for tasks to queue
[2024-10-11T03:44:45.009+0000] {logging_mixin.py:190} INFO - [2024-10-11T03:44:45.008+0000] {dagbag.py:588} INFO - Filling up the DagBag from /home/airflow/.local/lib/python3.12/site-packages/airflow/example_dags/example_bash_operator.py
[2024-10-11T03:44:45.025+0000] {processor.py:925} INFO - DAG(s) 'example_bash_operator' retrieved from /home/airflow/.local/lib/python3.12/site-packages/airflow/example_dags/example_bash_operator.py
[2024-10-11T03:44:45.058+0000] {logging_mixin.py:190} INFO - [2024-10-11T03:44:45.058+0000] {dag.py:3239} INFO - Sync 1 DAGs
[2024-10-11T03:44:45.087+0000] {logging_mixin.py:190} INFO - [2024-10-11T03:44:45.087+0000] {dag.py:4180} INFO - Setting next_dagrun for example_bash_operator to 2024-10-10 00:00:00+00:00, run_after=2024-10-11 00:00:00+00:00
[2024-10-11T03:44:45.106+0000] {processor.py:208} INFO - Processing /home/airflow/.local/lib/python3.12/site-packages/airflow/example_dags/example_bash_operator.py took 0.108 seconds
[2024-10-11T03:45:15.552+0000] {processor.py:186} INFO - Started process (PID=1692) to work on /home/airflow/.local/lib/python3.12/site-packages/airflow/example_dags/example_bash_operator.py
[2024-10-11T03:45:15.553+0000] {processor.py:914} INFO - Processing file /home/airflow/.local/lib/python3.12/site-packages/airflow/example_dags/example_bash_operator.py for tasks to queue
[2024-10-11T03:45:15.556+0000] {logging_mixin.py:190} INFO - [2024-10-11T03:45:15.556+0000] {dagbag.py:588} INFO - Filling up the DagBag from /home/airflow/.local/lib/python3.12/site-packages/airflow/example_dags/example_bash_operator.py
[2024-10-11T03:45:15.572+0000] {processor.py:925} INFO - DAG(s) 'example_bash_operator' retrieved from /home/airflow/.local/lib/python3.12/site-packages/airflow/example_dags/example_bash_operator.py
[2024-10-11T03:45:15.603+0000] {logging_mixin.py:190} INFO - [2024-10-11T03:45:15.603+0000] {dag.py:3239} INFO - Sync 1 DAGs
[2024-10-11T03:45:15.634+0000] {logging_mixin.py:190} INFO - [2024-10-11T03:45:15.634+0000] {dag.py:4180} INFO - Setting next_dagrun for example_bash_operator to 2024-10-10 00:00:00+00:00, run_after=2024-10-11 00:00:00+00:00
[2024-10-11T03:45:15.653+0000] {processor.py:208} INFO - Processing /home/airflow/.local/lib/python3.12/site-packages/airflow/example_dags/example_bash_operator.py took 0.107 seconds
[2024-10-11T03:45:46.185+0000] {processor.py:186} INFO - Started process (PID=1759) to work on /home/airflow/.local/lib/python3.12/site-packages/airflow/example_dags/example_bash_operator.py
[2024-10-11T03:45:46.186+0000] {processor.py:914} INFO - Processing file /home/airflow/.local/lib/python3.12/site-packages/airflow/example_dags/example_bash_operator.py for tasks to queue
[2024-10-11T03:45:46.189+0000] {logging_mixin.py:190} INFO - [2024-10-11T03:45:46.188+0000] {dagbag.py:588} INFO - Filling up the DagBag from /home/airflow/.local/lib/python3.12/site-packages/airflow/example_dags/example_bash_operator.py
[2024-10-11T03:45:46.206+0000] {processor.py:925} INFO - DAG(s) 'example_bash_operator' retrieved from /home/airflow/.local/lib/python3.12/site-packages/airflow/example_dags/example_bash_operator.py
[2024-10-11T03:45:46.238+0000] {logging_mixin.py:190} INFO - [2024-10-11T03:45:46.238+0000] {dag.py:3239} INFO - Sync 1 DAGs
[2024-10-11T03:45:46.266+0000] {logging_mixin.py:190} INFO - [2024-10-11T03:45:46.266+0000] {dag.py:4180} INFO - Setting next_dagrun for example_bash_operator to 2024-10-10 00:00:00+00:00, run_after=2024-10-11 00:00:00+00:00
[2024-10-11T03:45:46.288+0000] {processor.py:208} INFO - Processing /home/airflow/.local/lib/python3.12/site-packages/airflow/example_dags/example_bash_operator.py took 0.111 seconds
[2024-10-11T03:46:16.614+0000] {processor.py:186} INFO - Started process (PID=1827) to work on /home/airflow/.local/lib/python3.12/site-packages/airflow/example_dags/example_bash_operator.py
[2024-10-11T03:46:16.615+0000] {processor.py:914} INFO - Processing file /home/airflow/.local/lib/python3.12/site-packages/airflow/example_dags/example_bash_operator.py for tasks to queue
[2024-10-11T03:46:16.620+0000] {logging_mixin.py:190} INFO - [2024-10-11T03:46:16.618+0000] {dagbag.py:588} INFO - Filling up the DagBag from /home/airflow/.local/lib/python3.12/site-packages/airflow/example_dags/example_bash_operator.py
[2024-10-11T03:46:16.638+0000] {processor.py:925} INFO - DAG(s) 'example_bash_operator' retrieved from /home/airflow/.local/lib/python3.12/site-packages/airflow/example_dags/example_bash_operator.py
[2024-10-11T03:46:16.687+0000] {logging_mixin.py:190} INFO - [2024-10-11T03:46:16.687+0000] {dag.py:3239} INFO - Sync 1 DAGs
[2024-10-11T03:46:16.727+0000] {logging_mixin.py:190} INFO - [2024-10-11T03:46:16.727+0000] {dag.py:4180} INFO - Setting next_dagrun for example_bash_operator to 2024-10-10 00:00:00+00:00, run_after=2024-10-11 00:00:00+00:00
[2024-10-11T03:46:16.758+0000] {processor.py:208} INFO - Processing /home/airflow/.local/lib/python3.12/site-packages/airflow/example_dags/example_bash_operator.py took 0.152 seconds
[2024-10-11T03:46:47.664+0000] {processor.py:186} INFO - Started process (PID=1893) to work on /home/airflow/.local/lib/python3.12/site-packages/airflow/example_dags/example_bash_operator.py
[2024-10-11T03:46:47.665+0000] {processor.py:914} INFO - Processing file /home/airflow/.local/lib/python3.12/site-packages/airflow/example_dags/example_bash_operator.py for tasks to queue
[2024-10-11T03:46:47.669+0000] {logging_mixin.py:190} INFO - [2024-10-11T03:46:47.669+0000] {dagbag.py:588} INFO - Filling up the DagBag from /home/airflow/.local/lib/python3.12/site-packages/airflow/example_dags/example_bash_operator.py
[2024-10-11T03:46:47.686+0000] {processor.py:925} INFO - DAG(s) 'example_bash_operator' retrieved from /home/airflow/.local/lib/python3.12/site-packages/airflow/example_dags/example_bash_operator.py
[2024-10-11T03:46:47.725+0000] {logging_mixin.py:190} INFO - [2024-10-11T03:46:47.724+0000] {dag.py:3239} INFO - Sync 1 DAGs
[2024-10-11T03:46:47.760+0000] {logging_mixin.py:190} INFO - [2024-10-11T03:46:47.760+0000] {dag.py:4180} INFO - Setting next_dagrun for example_bash_operator to 2024-10-10 00:00:00+00:00, run_after=2024-10-11 00:00:00+00:00
[2024-10-11T03:46:47.799+0000] {processor.py:208} INFO - Processing /home/airflow/.local/lib/python3.12/site-packages/airflow/example_dags/example_bash_operator.py took 0.145 seconds
[2024-10-11T03:47:18.549+0000] {processor.py:186} INFO - Started process (PID=1960) to work on /home/airflow/.local/lib/python3.12/site-packages/airflow/example_dags/example_bash_operator.py
[2024-10-11T03:47:18.550+0000] {processor.py:914} INFO - Processing file /home/airflow/.local/lib/python3.12/site-packages/airflow/example_dags/example_bash_operator.py for tasks to queue
[2024-10-11T03:47:18.553+0000] {logging_mixin.py:190} INFO - [2024-10-11T03:47:18.553+0000] {dagbag.py:588} INFO - Filling up the DagBag from /home/airflow/.local/lib/python3.12/site-packages/airflow/example_dags/example_bash_operator.py
[2024-10-11T03:47:18.572+0000] {processor.py:925} INFO - DAG(s) 'example_bash_operator' retrieved from /home/airflow/.local/lib/python3.12/site-packages/airflow/example_dags/example_bash_operator.py
[2024-10-11T03:47:18.610+0000] {logging_mixin.py:190} INFO - [2024-10-11T03:47:18.610+0000] {dag.py:3239} INFO - Sync 1 DAGs
[2024-10-11T03:47:18.642+0000] {logging_mixin.py:190} INFO - [2024-10-11T03:47:18.641+0000] {dag.py:4180} INFO - Setting next_dagrun for example_bash_operator to 2024-10-10 00:00:00+00:00, run_after=2024-10-11 00:00:00+00:00
[2024-10-11T03:47:18.664+0000] {processor.py:208} INFO - Processing /home/airflow/.local/lib/python3.12/site-packages/airflow/example_dags/example_bash_operator.py took 0.123 seconds
[2024-10-11T03:47:49.485+0000] {processor.py:186} INFO - Started process (PID=2027) to work on /home/airflow/.local/lib/python3.12/site-packages/airflow/example_dags/example_bash_operator.py
[2024-10-11T03:47:49.486+0000] {processor.py:914} INFO - Processing file /home/airflow/.local/lib/python3.12/site-packages/airflow/example_dags/example_bash_operator.py for tasks to queue
[2024-10-11T03:47:49.489+0000] {logging_mixin.py:190} INFO - [2024-10-11T03:47:49.489+0000] {dagbag.py:588} INFO - Filling up the DagBag from /home/airflow/.local/lib/python3.12/site-packages/airflow/example_dags/example_bash_operator.py
[2024-10-11T03:47:49.512+0000] {processor.py:925} INFO - DAG(s) 'example_bash_operator' retrieved from /home/airflow/.local/lib/python3.12/site-packages/airflow/example_dags/example_bash_operator.py
[2024-10-11T03:47:49.554+0000] {logging_mixin.py:190} INFO - [2024-10-11T03:47:49.554+0000] {dag.py:3239} INFO - Sync 1 DAGs
[2024-10-11T03:47:49.592+0000] {logging_mixin.py:190} INFO - [2024-10-11T03:47:49.591+0000] {dag.py:4180} INFO - Setting next_dagrun for example_bash_operator to 2024-10-10 00:00:00+00:00, run_after=2024-10-11 00:00:00+00:00
[2024-10-11T03:47:49.609+0000] {processor.py:208} INFO - Processing /home/airflow/.local/lib/python3.12/site-packages/airflow/example_dags/example_bash_operator.py took 0.132 seconds
[2024-10-11T03:48:20.327+0000] {processor.py:186} INFO - Started process (PID=2094) to work on /home/airflow/.local/lib/python3.12/site-packages/airflow/example_dags/example_bash_operator.py
[2024-10-11T03:48:20.330+0000] {processor.py:914} INFO - Processing file /home/airflow/.local/lib/python3.12/site-packages/airflow/example_dags/example_bash_operator.py for tasks to queue
[2024-10-11T03:48:20.337+0000] {logging_mixin.py:190} INFO - [2024-10-11T03:48:20.336+0000] {dagbag.py:588} INFO - Filling up the DagBag from /home/airflow/.local/lib/python3.12/site-packages/airflow/example_dags/example_bash_operator.py
[2024-10-11T03:48:20.376+0000] {processor.py:925} INFO - DAG(s) 'example_bash_operator' retrieved from /home/airflow/.local/lib/python3.12/site-packages/airflow/example_dags/example_bash_operator.py
[2024-10-11T03:48:20.445+0000] {logging_mixin.py:190} INFO - [2024-10-11T03:48:20.444+0000] {dag.py:3239} INFO - Sync 1 DAGs
[2024-10-11T03:48:20.494+0000] {logging_mixin.py:190} INFO - [2024-10-11T03:48:20.493+0000] {dag.py:4180} INFO - Setting next_dagrun for example_bash_operator to 2024-10-10 00:00:00+00:00, run_after=2024-10-11 00:00:00+00:00
[2024-10-11T03:48:20.518+0000] {processor.py:208} INFO - Processing /home/airflow/.local/lib/python3.12/site-packages/airflow/example_dags/example_bash_operator.py took 0.206 seconds
[2024-10-11T03:48:51.260+0000] {processor.py:186} INFO - Started process (PID=2161) to work on /home/airflow/.local/lib/python3.12/site-packages/airflow/example_dags/example_bash_operator.py
[2024-10-11T03:48:51.261+0000] {processor.py:914} INFO - Processing file /home/airflow/.local/lib/python3.12/site-packages/airflow/example_dags/example_bash_operator.py for tasks to queue
[2024-10-11T03:48:51.264+0000] {logging_mixin.py:190} INFO - [2024-10-11T03:48:51.263+0000] {dagbag.py:588} INFO - Filling up the DagBag from /home/airflow/.local/lib/python3.12/site-packages/airflow/example_dags/example_bash_operator.py
[2024-10-11T03:48:51.281+0000] {processor.py:925} INFO - DAG(s) 'example_bash_operator' retrieved from /home/airflow/.local/lib/python3.12/site-packages/airflow/example_dags/example_bash_operator.py
[2024-10-11T03:48:51.319+0000] {logging_mixin.py:190} INFO - [2024-10-11T03:48:51.319+0000] {dag.py:3239} INFO - Sync 1 DAGs
[2024-10-11T03:48:51.354+0000] {logging_mixin.py:190} INFO - [2024-10-11T03:48:51.354+0000] {dag.py:4180} INFO - Setting next_dagrun for example_bash_operator to 2024-10-10 00:00:00+00:00, run_after=2024-10-11 00:00:00+00:00
[2024-10-11T03:48:51.377+0000] {processor.py:208} INFO - Processing /home/airflow/.local/lib/python3.12/site-packages/airflow/example_dags/example_bash_operator.py took 0.124 seconds
[2024-10-11T03:49:22.418+0000] {processor.py:186} INFO - Started process (PID=2227) to work on /home/airflow/.local/lib/python3.12/site-packages/airflow/example_dags/example_bash_operator.py
[2024-10-11T03:49:22.420+0000] {processor.py:914} INFO - Processing file /home/airflow/.local/lib/python3.12/site-packages/airflow/example_dags/example_bash_operator.py for tasks to queue
[2024-10-11T03:49:22.423+0000] {logging_mixin.py:190} INFO - [2024-10-11T03:49:22.423+0000] {dagbag.py:588} INFO - Filling up the DagBag from /home/airflow/.local/lib/python3.12/site-packages/airflow/example_dags/example_bash_operator.py
[2024-10-11T03:49:22.442+0000] {processor.py:925} INFO - DAG(s) 'example_bash_operator' retrieved from /home/airflow/.local/lib/python3.12/site-packages/airflow/example_dags/example_bash_operator.py
[2024-10-11T03:49:22.480+0000] {logging_mixin.py:190} INFO - [2024-10-11T03:49:22.480+0000] {dag.py:3239} INFO - Sync 1 DAGs
[2024-10-11T03:49:22.514+0000] {logging_mixin.py:190} INFO - [2024-10-11T03:49:22.514+0000] {dag.py:4180} INFO - Setting next_dagrun for example_bash_operator to 2024-10-10 00:00:00+00:00, run_after=2024-10-11 00:00:00+00:00
[2024-10-11T03:49:22.541+0000] {processor.py:208} INFO - Processing /home/airflow/.local/lib/python3.12/site-packages/airflow/example_dags/example_bash_operator.py took 0.132 seconds
[2024-10-11T03:49:53.345+0000] {processor.py:186} INFO - Started process (PID=2293) to work on /home/airflow/.local/lib/python3.12/site-packages/airflow/example_dags/example_bash_operator.py
[2024-10-11T03:49:53.346+0000] {processor.py:914} INFO - Processing file /home/airflow/.local/lib/python3.12/site-packages/airflow/example_dags/example_bash_operator.py for tasks to queue
[2024-10-11T03:49:53.349+0000] {logging_mixin.py:190} INFO - [2024-10-11T03:49:53.349+0000] {dagbag.py:588} INFO - Filling up the DagBag from /home/airflow/.local/lib/python3.12/site-packages/airflow/example_dags/example_bash_operator.py
[2024-10-11T03:49:53.367+0000] {processor.py:925} INFO - DAG(s) 'example_bash_operator' retrieved from /home/airflow/.local/lib/python3.12/site-packages/airflow/example_dags/example_bash_operator.py
[2024-10-11T03:49:53.404+0000] {logging_mixin.py:190} INFO - [2024-10-11T03:49:53.404+0000] {dag.py:3239} INFO - Sync 1 DAGs
[2024-10-11T03:49:53.442+0000] {logging_mixin.py:190} INFO - [2024-10-11T03:49:53.442+0000] {dag.py:4180} INFO - Setting next_dagrun for example_bash_operator to 2024-10-10 00:00:00+00:00, run_after=2024-10-11 00:00:00+00:00
[2024-10-11T03:49:53.468+0000] {processor.py:208} INFO - Processing /home/airflow/.local/lib/python3.12/site-packages/airflow/example_dags/example_bash_operator.py took 0.132 seconds
[2024-10-11T03:50:24.700+0000] {processor.py:186} INFO - Started process (PID=2360) to work on /home/airflow/.local/lib/python3.12/site-packages/airflow/example_dags/example_bash_operator.py
[2024-10-11T03:50:24.702+0000] {processor.py:914} INFO - Processing file /home/airflow/.local/lib/python3.12/site-packages/airflow/example_dags/example_bash_operator.py for tasks to queue
[2024-10-11T03:50:24.708+0000] {logging_mixin.py:190} INFO - [2024-10-11T03:50:24.707+0000] {dagbag.py:588} INFO - Filling up the DagBag from /home/airflow/.local/lib/python3.12/site-packages/airflow/example_dags/example_bash_operator.py
[2024-10-11T03:50:24.732+0000] {processor.py:925} INFO - DAG(s) 'example_bash_operator' retrieved from /home/airflow/.local/lib/python3.12/site-packages/airflow/example_dags/example_bash_operator.py
[2024-10-11T03:50:24.784+0000] {logging_mixin.py:190} INFO - [2024-10-11T03:50:24.784+0000] {dag.py:3239} INFO - Sync 1 DAGs
[2024-10-11T03:50:24.821+0000] {logging_mixin.py:190} INFO - [2024-10-11T03:50:24.821+0000] {dag.py:4180} INFO - Setting next_dagrun for example_bash_operator to 2024-10-10 00:00:00+00:00, run_after=2024-10-11 00:00:00+00:00
[2024-10-11T03:50:24.843+0000] {processor.py:208} INFO - Processing /home/airflow/.local/lib/python3.12/site-packages/airflow/example_dags/example_bash_operator.py took 0.163 seconds
[2024-10-11T03:50:56.193+0000] {processor.py:186} INFO - Started process (PID=2427) to work on /home/airflow/.local/lib/python3.12/site-packages/airflow/example_dags/example_bash_operator.py
[2024-10-11T03:50:56.194+0000] {processor.py:914} INFO - Processing file /home/airflow/.local/lib/python3.12/site-packages/airflow/example_dags/example_bash_operator.py for tasks to queue
[2024-10-11T03:50:56.198+0000] {logging_mixin.py:190} INFO - [2024-10-11T03:50:56.197+0000] {dagbag.py:588} INFO - Filling up the DagBag from /home/airflow/.local/lib/python3.12/site-packages/airflow/example_dags/example_bash_operator.py
[2024-10-11T03:50:56.231+0000] {processor.py:925} INFO - DAG(s) 'example_bash_operator' retrieved from /home/airflow/.local/lib/python3.12/site-packages/airflow/example_dags/example_bash_operator.py
[2024-10-11T03:50:56.279+0000] {logging_mixin.py:190} INFO - [2024-10-11T03:50:56.279+0000] {dag.py:3239} INFO - Sync 1 DAGs
[2024-10-11T03:50:56.558+0000] {logging_mixin.py:190} INFO - [2024-10-11T03:50:56.557+0000] {dag.py:4180} INFO - Setting next_dagrun for example_bash_operator to 2024-10-10 00:00:00+00:00, run_after=2024-10-11 00:00:00+00:00
[2024-10-11T03:50:56.581+0000] {processor.py:208} INFO - Processing /home/airflow/.local/lib/python3.12/site-packages/airflow/example_dags/example_bash_operator.py took 0.424 seconds
[2024-10-11T03:51:26.779+0000] {processor.py:186} INFO - Started process (PID=2494) to work on /home/airflow/.local/lib/python3.12/site-packages/airflow/example_dags/example_bash_operator.py
[2024-10-11T03:51:26.780+0000] {processor.py:914} INFO - Processing file /home/airflow/.local/lib/python3.12/site-packages/airflow/example_dags/example_bash_operator.py for tasks to queue
[2024-10-11T03:51:26.785+0000] {logging_mixin.py:190} INFO - [2024-10-11T03:51:26.784+0000] {dagbag.py:588} INFO - Filling up the DagBag from /home/airflow/.local/lib/python3.12/site-packages/airflow/example_dags/example_bash_operator.py
[2024-10-11T03:51:26.813+0000] {processor.py:925} INFO - DAG(s) 'example_bash_operator' retrieved from /home/airflow/.local/lib/python3.12/site-packages/airflow/example_dags/example_bash_operator.py
[2024-10-11T03:51:26.861+0000] {logging_mixin.py:190} INFO - [2024-10-11T03:51:26.861+0000] {dag.py:3239} INFO - Sync 1 DAGs
[2024-10-11T03:51:26.897+0000] {logging_mixin.py:190} INFO - [2024-10-11T03:51:26.897+0000] {dag.py:4180} INFO - Setting next_dagrun for example_bash_operator to 2024-10-10 00:00:00+00:00, run_after=2024-10-11 00:00:00+00:00
[2024-10-11T03:51:27.160+0000] {processor.py:208} INFO - Processing /home/airflow/.local/lib/python3.12/site-packages/airflow/example_dags/example_bash_operator.py took 0.393 seconds
[2024-10-11T03:51:57.551+0000] {processor.py:186} INFO - Started process (PID=2561) to work on /home/airflow/.local/lib/python3.12/site-packages/airflow/example_dags/example_bash_operator.py
[2024-10-11T03:51:57.553+0000] {processor.py:914} INFO - Processing file /home/airflow/.local/lib/python3.12/site-packages/airflow/example_dags/example_bash_operator.py for tasks to queue
[2024-10-11T03:51:57.558+0000] {logging_mixin.py:190} INFO - [2024-10-11T03:51:57.558+0000] {dagbag.py:588} INFO - Filling up the DagBag from /home/airflow/.local/lib/python3.12/site-packages/airflow/example_dags/example_bash_operator.py
[2024-10-11T03:51:57.584+0000] {processor.py:925} INFO - DAG(s) 'example_bash_operator' retrieved from /home/airflow/.local/lib/python3.12/site-packages/airflow/example_dags/example_bash_operator.py
[2024-10-11T03:51:57.631+0000] {logging_mixin.py:190} INFO - [2024-10-11T03:51:57.630+0000] {dag.py:3239} INFO - Sync 1 DAGs
[2024-10-11T03:51:57.667+0000] {logging_mixin.py:190} INFO - [2024-10-11T03:51:57.667+0000] {dag.py:4180} INFO - Setting next_dagrun for example_bash_operator to 2024-10-10 00:00:00+00:00, run_after=2024-10-11 00:00:00+00:00
[2024-10-11T03:51:57.696+0000] {processor.py:208} INFO - Processing /home/airflow/.local/lib/python3.12/site-packages/airflow/example_dags/example_bash_operator.py took 0.155 seconds
[2024-10-11T03:52:28.839+0000] {processor.py:186} INFO - Started process (PID=2632) to work on /home/airflow/.local/lib/python3.12/site-packages/airflow/example_dags/example_bash_operator.py
[2024-10-11T03:52:28.841+0000] {processor.py:914} INFO - Processing file /home/airflow/.local/lib/python3.12/site-packages/airflow/example_dags/example_bash_operator.py for tasks to queue
[2024-10-11T03:52:28.846+0000] {logging_mixin.py:190} INFO - [2024-10-11T03:52:28.846+0000] {dagbag.py:588} INFO - Filling up the DagBag from /home/airflow/.local/lib/python3.12/site-packages/airflow/example_dags/example_bash_operator.py
[2024-10-11T03:52:28.869+0000] {processor.py:925} INFO - DAG(s) 'example_bash_operator' retrieved from /home/airflow/.local/lib/python3.12/site-packages/airflow/example_dags/example_bash_operator.py
[2024-10-11T03:52:28.928+0000] {logging_mixin.py:190} INFO - [2024-10-11T03:52:28.928+0000] {dag.py:3239} INFO - Sync 1 DAGs
[2024-10-11T03:52:28.969+0000] {logging_mixin.py:190} INFO - [2024-10-11T03:52:28.968+0000] {dag.py:4180} INFO - Setting next_dagrun for example_bash_operator to 2024-10-10 00:00:00+00:00, run_after=2024-10-11 00:00:00+00:00
[2024-10-11T03:52:28.996+0000] {processor.py:208} INFO - Processing /home/airflow/.local/lib/python3.12/site-packages/airflow/example_dags/example_bash_operator.py took 0.171 seconds
[2024-10-11T03:53:01.623+0000] {processor.py:186} INFO - Started process (PID=2700) to work on /home/airflow/.local/lib/python3.12/site-packages/airflow/example_dags/example_bash_operator.py
[2024-10-11T03:53:01.625+0000] {processor.py:914} INFO - Processing file /home/airflow/.local/lib/python3.12/site-packages/airflow/example_dags/example_bash_operator.py for tasks to queue
[2024-10-11T03:53:01.632+0000] {logging_mixin.py:190} INFO - [2024-10-11T03:53:01.631+0000] {dagbag.py:588} INFO - Filling up the DagBag from /home/airflow/.local/lib/python3.12/site-packages/airflow/example_dags/example_bash_operator.py
[2024-10-11T03:53:01.666+0000] {processor.py:925} INFO - DAG(s) 'example_bash_operator' retrieved from /home/airflow/.local/lib/python3.12/site-packages/airflow/example_dags/example_bash_operator.py
[2024-10-11T03:53:01.724+0000] {logging_mixin.py:190} INFO - [2024-10-11T03:53:01.723+0000] {dag.py:3239} INFO - Sync 1 DAGs
[2024-10-11T03:53:01.772+0000] {logging_mixin.py:190} INFO - [2024-10-11T03:53:01.772+0000] {dag.py:4180} INFO - Setting next_dagrun for example_bash_operator to 2024-10-10 00:00:00+00:00, run_after=2024-10-11 00:00:00+00:00
[2024-10-11T03:53:01.808+0000] {processor.py:208} INFO - Processing /home/airflow/.local/lib/python3.12/site-packages/airflow/example_dags/example_bash_operator.py took 0.207 seconds
[2024-10-11T03:53:32.386+0000] {processor.py:186} INFO - Started process (PID=2767) to work on /home/airflow/.local/lib/python3.12/site-packages/airflow/example_dags/example_bash_operator.py
[2024-10-11T03:53:32.388+0000] {processor.py:914} INFO - Processing file /home/airflow/.local/lib/python3.12/site-packages/airflow/example_dags/example_bash_operator.py for tasks to queue
[2024-10-11T03:53:32.393+0000] {logging_mixin.py:190} INFO - [2024-10-11T03:53:32.392+0000] {dagbag.py:588} INFO - Filling up the DagBag from /home/airflow/.local/lib/python3.12/site-packages/airflow/example_dags/example_bash_operator.py
[2024-10-11T03:53:32.431+0000] {processor.py:925} INFO - DAG(s) 'example_bash_operator' retrieved from /home/airflow/.local/lib/python3.12/site-packages/airflow/example_dags/example_bash_operator.py
[2024-10-11T03:53:32.500+0000] {logging_mixin.py:190} INFO - [2024-10-11T03:53:32.500+0000] {dag.py:3239} INFO - Sync 1 DAGs
[2024-10-11T03:53:32.557+0000] {logging_mixin.py:190} INFO - [2024-10-11T03:53:32.557+0000] {dag.py:4180} INFO - Setting next_dagrun for example_bash_operator to 2024-10-10 00:00:00+00:00, run_after=2024-10-11 00:00:00+00:00
[2024-10-11T03:53:32.640+0000] {processor.py:208} INFO - Processing /home/airflow/.local/lib/python3.12/site-packages/airflow/example_dags/example_bash_operator.py took 0.268 seconds
[2024-10-11T03:54:02.773+0000] {processor.py:186} INFO - Started process (PID=2833) to work on /home/airflow/.local/lib/python3.12/site-packages/airflow/example_dags/example_bash_operator.py
[2024-10-11T03:54:02.775+0000] {processor.py:914} INFO - Processing file /home/airflow/.local/lib/python3.12/site-packages/airflow/example_dags/example_bash_operator.py for tasks to queue
[2024-10-11T03:54:02.782+0000] {logging_mixin.py:190} INFO - [2024-10-11T03:54:02.780+0000] {dagbag.py:588} INFO - Filling up the DagBag from /home/airflow/.local/lib/python3.12/site-packages/airflow/example_dags/example_bash_operator.py
[2024-10-11T03:54:02.817+0000] {processor.py:925} INFO - DAG(s) 'example_bash_operator' retrieved from /home/airflow/.local/lib/python3.12/site-packages/airflow/example_dags/example_bash_operator.py
[2024-10-11T03:54:02.876+0000] {logging_mixin.py:190} INFO - [2024-10-11T03:54:02.876+0000] {dag.py:3239} INFO - Sync 1 DAGs
[2024-10-11T03:54:02.942+0000] {logging_mixin.py:190} INFO - [2024-10-11T03:54:02.942+0000] {dag.py:4180} INFO - Setting next_dagrun for example_bash_operator to 2024-10-10 00:00:00+00:00, run_after=2024-10-11 00:00:00+00:00
[2024-10-11T03:54:02.984+0000] {processor.py:208} INFO - Processing /home/airflow/.local/lib/python3.12/site-packages/airflow/example_dags/example_bash_operator.py took 0.223 seconds
[2024-10-11T03:54:33.262+0000] {processor.py:186} INFO - Started process (PID=2900) to work on /home/airflow/.local/lib/python3.12/site-packages/airflow/example_dags/example_bash_operator.py
[2024-10-11T03:54:33.264+0000] {processor.py:914} INFO - Processing file /home/airflow/.local/lib/python3.12/site-packages/airflow/example_dags/example_bash_operator.py for tasks to queue
[2024-10-11T03:54:33.270+0000] {logging_mixin.py:190} INFO - [2024-10-11T03:54:33.269+0000] {dagbag.py:588} INFO - Filling up the DagBag from /home/airflow/.local/lib/python3.12/site-packages/airflow/example_dags/example_bash_operator.py
[2024-10-11T03:54:33.300+0000] {processor.py:925} INFO - DAG(s) 'example_bash_operator' retrieved from /home/airflow/.local/lib/python3.12/site-packages/airflow/example_dags/example_bash_operator.py
[2024-10-11T03:54:33.359+0000] {logging_mixin.py:190} INFO - [2024-10-11T03:54:33.358+0000] {dag.py:3239} INFO - Sync 1 DAGs
[2024-10-11T03:54:33.422+0000] {logging_mixin.py:190} INFO - [2024-10-11T03:54:33.421+0000] {dag.py:4180} INFO - Setting next_dagrun for example_bash_operator to 2024-10-10 00:00:00+00:00, run_after=2024-10-11 00:00:00+00:00
[2024-10-11T03:54:33.464+0000] {processor.py:208} INFO - Processing /home/airflow/.local/lib/python3.12/site-packages/airflow/example_dags/example_bash_operator.py took 0.214 seconds
[2024-10-11T03:55:04.187+0000] {processor.py:186} INFO - Started process (PID=2967) to work on /home/airflow/.local/lib/python3.12/site-packages/airflow/example_dags/example_bash_operator.py
[2024-10-11T03:55:04.189+0000] {processor.py:914} INFO - Processing file /home/airflow/.local/lib/python3.12/site-packages/airflow/example_dags/example_bash_operator.py for tasks to queue
[2024-10-11T03:55:04.194+0000] {logging_mixin.py:190} INFO - [2024-10-11T03:55:04.193+0000] {dagbag.py:588} INFO - Filling up the DagBag from /home/airflow/.local/lib/python3.12/site-packages/airflow/example_dags/example_bash_operator.py
[2024-10-11T03:55:04.227+0000] {processor.py:925} INFO - DAG(s) 'example_bash_operator' retrieved from /home/airflow/.local/lib/python3.12/site-packages/airflow/example_dags/example_bash_operator.py
[2024-10-11T03:55:04.289+0000] {logging_mixin.py:190} INFO - [2024-10-11T03:55:04.288+0000] {dag.py:3239} INFO - Sync 1 DAGs
[2024-10-11T03:55:04.355+0000] {logging_mixin.py:190} INFO - [2024-10-11T03:55:04.355+0000] {dag.py:4180} INFO - Setting next_dagrun for example_bash_operator to 2024-10-10 00:00:00+00:00, run_after=2024-10-11 00:00:00+00:00
[2024-10-11T03:55:04.403+0000] {processor.py:208} INFO - Processing /home/airflow/.local/lib/python3.12/site-packages/airflow/example_dags/example_bash_operator.py took 0.231 seconds
[2024-10-11T03:55:34.460+0000] {processor.py:186} INFO - Started process (PID=3032) to work on /home/airflow/.local/lib/python3.12/site-packages/airflow/example_dags/example_bash_operator.py
[2024-10-11T03:55:34.461+0000] {processor.py:914} INFO - Processing file /home/airflow/.local/lib/python3.12/site-packages/airflow/example_dags/example_bash_operator.py for tasks to queue
[2024-10-11T03:55:34.466+0000] {logging_mixin.py:190} INFO - [2024-10-11T03:55:34.465+0000] {dagbag.py:588} INFO - Filling up the DagBag from /home/airflow/.local/lib/python3.12/site-packages/airflow/example_dags/example_bash_operator.py
[2024-10-11T03:55:34.491+0000] {processor.py:925} INFO - DAG(s) 'example_bash_operator' retrieved from /home/airflow/.local/lib/python3.12/site-packages/airflow/example_dags/example_bash_operator.py
[2024-10-11T03:55:34.544+0000] {logging_mixin.py:190} INFO - [2024-10-11T03:55:34.544+0000] {dag.py:3239} INFO - Sync 1 DAGs
[2024-10-11T03:55:34.596+0000] {logging_mixin.py:190} INFO - [2024-10-11T03:55:34.595+0000] {dag.py:4180} INFO - Setting next_dagrun for example_bash_operator to 2024-10-10 00:00:00+00:00, run_after=2024-10-11 00:00:00+00:00
[2024-10-11T03:55:34.630+0000] {processor.py:208} INFO - Processing /home/airflow/.local/lib/python3.12/site-packages/airflow/example_dags/example_bash_operator.py took 0.184 seconds
[2024-10-11T03:56:05.298+0000] {processor.py:186} INFO - Started process (PID=3100) to work on /home/airflow/.local/lib/python3.12/site-packages/airflow/example_dags/example_bash_operator.py
[2024-10-11T03:56:05.300+0000] {processor.py:914} INFO - Processing file /home/airflow/.local/lib/python3.12/site-packages/airflow/example_dags/example_bash_operator.py for tasks to queue
[2024-10-11T03:56:05.306+0000] {logging_mixin.py:190} INFO - [2024-10-11T03:56:05.305+0000] {dagbag.py:588} INFO - Filling up the DagBag from /home/airflow/.local/lib/python3.12/site-packages/airflow/example_dags/example_bash_operator.py
[2024-10-11T03:56:05.336+0000] {processor.py:925} INFO - DAG(s) 'example_bash_operator' retrieved from /home/airflow/.local/lib/python3.12/site-packages/airflow/example_dags/example_bash_operator.py
[2024-10-11T03:56:05.430+0000] {logging_mixin.py:190} INFO - [2024-10-11T03:56:05.430+0000] {dag.py:3239} INFO - Sync 1 DAGs
[2024-10-11T03:56:05.475+0000] {logging_mixin.py:190} INFO - [2024-10-11T03:56:05.475+0000] {dag.py:4180} INFO - Setting next_dagrun for example_bash_operator to 2024-10-10 00:00:00+00:00, run_after=2024-10-11 00:00:00+00:00
[2024-10-11T03:56:05.509+0000] {processor.py:208} INFO - Processing /home/airflow/.local/lib/python3.12/site-packages/airflow/example_dags/example_bash_operator.py took 0.222 seconds
[2024-10-11T03:56:35.781+0000] {processor.py:186} INFO - Started process (PID=3167) to work on /home/airflow/.local/lib/python3.12/site-packages/airflow/example_dags/example_bash_operator.py
[2024-10-11T03:56:35.783+0000] {processor.py:914} INFO - Processing file /home/airflow/.local/lib/python3.12/site-packages/airflow/example_dags/example_bash_operator.py for tasks to queue
[2024-10-11T03:56:35.789+0000] {logging_mixin.py:190} INFO - [2024-10-11T03:56:35.789+0000] {dagbag.py:588} INFO - Filling up the DagBag from /home/airflow/.local/lib/python3.12/site-packages/airflow/example_dags/example_bash_operator.py
[2024-10-11T03:56:35.830+0000] {processor.py:925} INFO - DAG(s) 'example_bash_operator' retrieved from /home/airflow/.local/lib/python3.12/site-packages/airflow/example_dags/example_bash_operator.py
[2024-10-11T03:56:35.974+0000] {logging_mixin.py:190} INFO - [2024-10-11T03:56:35.973+0000] {dag.py:3239} INFO - Sync 1 DAGs
[2024-10-11T03:56:36.040+0000] {logging_mixin.py:190} INFO - [2024-10-11T03:56:36.040+0000] {dag.py:4180} INFO - Setting next_dagrun for example_bash_operator to 2024-10-10 00:00:00+00:00, run_after=2024-10-11 00:00:00+00:00
[2024-10-11T03:56:36.081+0000] {processor.py:208} INFO - Processing /home/airflow/.local/lib/python3.12/site-packages/airflow/example_dags/example_bash_operator.py took 0.318 seconds
[2024-10-11T03:57:06.606+0000] {processor.py:186} INFO - Started process (PID=3234) to work on /home/airflow/.local/lib/python3.12/site-packages/airflow/example_dags/example_bash_operator.py
[2024-10-11T03:57:06.608+0000] {processor.py:914} INFO - Processing file /home/airflow/.local/lib/python3.12/site-packages/airflow/example_dags/example_bash_operator.py for tasks to queue
[2024-10-11T03:57:06.613+0000] {logging_mixin.py:190} INFO - [2024-10-11T03:57:06.612+0000] {dagbag.py:588} INFO - Filling up the DagBag from /home/airflow/.local/lib/python3.12/site-packages/airflow/example_dags/example_bash_operator.py
[2024-10-11T03:57:06.644+0000] {processor.py:925} INFO - DAG(s) 'example_bash_operator' retrieved from /home/airflow/.local/lib/python3.12/site-packages/airflow/example_dags/example_bash_operator.py
[2024-10-11T03:57:06.706+0000] {logging_mixin.py:190} INFO - [2024-10-11T03:57:06.705+0000] {dag.py:3239} INFO - Sync 1 DAGs
[2024-10-11T03:57:06.756+0000] {logging_mixin.py:190} INFO - [2024-10-11T03:57:06.756+0000] {dag.py:4180} INFO - Setting next_dagrun for example_bash_operator to 2024-10-10 00:00:00+00:00, run_after=2024-10-11 00:00:00+00:00
[2024-10-11T03:57:06.799+0000] {processor.py:208} INFO - Processing /home/airflow/.local/lib/python3.12/site-packages/airflow/example_dags/example_bash_operator.py took 0.207 seconds
[2024-10-11T03:57:37.612+0000] {processor.py:186} INFO - Started process (PID=3301) to work on /home/airflow/.local/lib/python3.12/site-packages/airflow/example_dags/example_bash_operator.py
[2024-10-11T03:57:37.614+0000] {processor.py:914} INFO - Processing file /home/airflow/.local/lib/python3.12/site-packages/airflow/example_dags/example_bash_operator.py for tasks to queue
[2024-10-11T03:57:37.620+0000] {logging_mixin.py:190} INFO - [2024-10-11T03:57:37.619+0000] {dagbag.py:588} INFO - Filling up the DagBag from /home/airflow/.local/lib/python3.12/site-packages/airflow/example_dags/example_bash_operator.py
[2024-10-11T03:57:37.638+0000] {processor.py:925} INFO - DAG(s) 'example_bash_operator' retrieved from /home/airflow/.local/lib/python3.12/site-packages/airflow/example_dags/example_bash_operator.py
[2024-10-11T03:57:37.669+0000] {logging_mixin.py:190} INFO - [2024-10-11T03:57:37.669+0000] {dag.py:3239} INFO - Sync 1 DAGs
[2024-10-11T03:57:37.699+0000] {logging_mixin.py:190} INFO - [2024-10-11T03:57:37.699+0000] {dag.py:4180} INFO - Setting next_dagrun for example_bash_operator to 2024-10-10 00:00:00+00:00, run_after=2024-10-11 00:00:00+00:00
[2024-10-11T03:57:37.720+0000] {processor.py:208} INFO - Processing /home/airflow/.local/lib/python3.12/site-packages/airflow/example_dags/example_bash_operator.py took 0.116 seconds
[2024-10-11T03:58:08.350+0000] {processor.py:186} INFO - Started process (PID=3367) to work on /home/airflow/.local/lib/python3.12/site-packages/airflow/example_dags/example_bash_operator.py
[2024-10-11T03:58:08.352+0000] {processor.py:914} INFO - Processing file /home/airflow/.local/lib/python3.12/site-packages/airflow/example_dags/example_bash_operator.py for tasks to queue
[2024-10-11T03:58:08.356+0000] {logging_mixin.py:190} INFO - [2024-10-11T03:58:08.355+0000] {dagbag.py:588} INFO - Filling up the DagBag from /home/airflow/.local/lib/python3.12/site-packages/airflow/example_dags/example_bash_operator.py
[2024-10-11T03:58:08.397+0000] {processor.py:925} INFO - DAG(s) 'example_bash_operator' retrieved from /home/airflow/.local/lib/python3.12/site-packages/airflow/example_dags/example_bash_operator.py
[2024-10-11T03:58:08.476+0000] {logging_mixin.py:190} INFO - [2024-10-11T03:58:08.476+0000] {dag.py:3239} INFO - Sync 1 DAGs
[2024-10-11T03:58:08.516+0000] {logging_mixin.py:190} INFO - [2024-10-11T03:58:08.516+0000] {dag.py:4180} INFO - Setting next_dagrun for example_bash_operator to 2024-10-10 00:00:00+00:00, run_after=2024-10-11 00:00:00+00:00
[2024-10-11T03:58:08.541+0000] {processor.py:208} INFO - Processing /home/airflow/.local/lib/python3.12/site-packages/airflow/example_dags/example_bash_operator.py took 0.219 seconds
[2024-10-11T03:58:39.199+0000] {processor.py:186} INFO - Started process (PID=3435) to work on /home/airflow/.local/lib/python3.12/site-packages/airflow/example_dags/example_bash_operator.py
[2024-10-11T03:58:39.201+0000] {processor.py:914} INFO - Processing file /home/airflow/.local/lib/python3.12/site-packages/airflow/example_dags/example_bash_operator.py for tasks to queue
[2024-10-11T03:58:39.206+0000] {logging_mixin.py:190} INFO - [2024-10-11T03:58:39.205+0000] {dagbag.py:588} INFO - Filling up the DagBag from /home/airflow/.local/lib/python3.12/site-packages/airflow/example_dags/example_bash_operator.py
[2024-10-11T03:58:39.235+0000] {processor.py:925} INFO - DAG(s) 'example_bash_operator' retrieved from /home/airflow/.local/lib/python3.12/site-packages/airflow/example_dags/example_bash_operator.py
[2024-10-11T03:58:39.308+0000] {logging_mixin.py:190} INFO - [2024-10-11T03:58:39.308+0000] {dag.py:3239} INFO - Sync 1 DAGs
[2024-10-11T03:58:39.384+0000] {logging_mixin.py:190} INFO - [2024-10-11T03:58:39.383+0000] {dag.py:4180} INFO - Setting next_dagrun for example_bash_operator to 2024-10-10 00:00:00+00:00, run_after=2024-10-11 00:00:00+00:00
[2024-10-11T03:58:39.421+0000] {processor.py:208} INFO - Processing /home/airflow/.local/lib/python3.12/site-packages/airflow/example_dags/example_bash_operator.py took 0.233 seconds
[2024-10-11T03:59:10.559+0000] {processor.py:186} INFO - Started process (PID=3502) to work on /home/airflow/.local/lib/python3.12/site-packages/airflow/example_dags/example_bash_operator.py
[2024-10-11T03:59:10.562+0000] {processor.py:914} INFO - Processing file /home/airflow/.local/lib/python3.12/site-packages/airflow/example_dags/example_bash_operator.py for tasks to queue
[2024-10-11T03:59:10.567+0000] {logging_mixin.py:190} INFO - [2024-10-11T03:59:10.566+0000] {dagbag.py:588} INFO - Filling up the DagBag from /home/airflow/.local/lib/python3.12/site-packages/airflow/example_dags/example_bash_operator.py
[2024-10-11T03:59:10.616+0000] {processor.py:925} INFO - DAG(s) 'example_bash_operator' retrieved from /home/airflow/.local/lib/python3.12/site-packages/airflow/example_dags/example_bash_operator.py
[2024-10-11T03:59:10.692+0000] {logging_mixin.py:190} INFO - [2024-10-11T03:59:10.691+0000] {dag.py:3239} INFO - Sync 1 DAGs
[2024-10-11T03:59:10.758+0000] {logging_mixin.py:190} INFO - [2024-10-11T03:59:10.757+0000] {dag.py:4180} INFO - Setting next_dagrun for example_bash_operator to 2024-10-10 00:00:00+00:00, run_after=2024-10-11 00:00:00+00:00
[2024-10-11T03:59:10.835+0000] {processor.py:208} INFO - Processing /home/airflow/.local/lib/python3.12/site-packages/airflow/example_dags/example_bash_operator.py took 0.300 seconds
[2024-10-11T03:59:41.942+0000] {processor.py:186} INFO - Started process (PID=3570) to work on /home/airflow/.local/lib/python3.12/site-packages/airflow/example_dags/example_bash_operator.py
[2024-10-11T03:59:41.954+0000] {processor.py:914} INFO - Processing file /home/airflow/.local/lib/python3.12/site-packages/airflow/example_dags/example_bash_operator.py for tasks to queue
[2024-10-11T03:59:41.985+0000] {logging_mixin.py:190} INFO - [2024-10-11T03:59:41.977+0000] {dagbag.py:588} INFO - Filling up the DagBag from /home/airflow/.local/lib/python3.12/site-packages/airflow/example_dags/example_bash_operator.py
[2024-10-11T03:59:42.071+0000] {processor.py:925} INFO - DAG(s) 'example_bash_operator' retrieved from /home/airflow/.local/lib/python3.12/site-packages/airflow/example_dags/example_bash_operator.py
[2024-10-11T03:59:42.244+0000] {logging_mixin.py:190} INFO - [2024-10-11T03:59:42.244+0000] {dag.py:3239} INFO - Sync 1 DAGs
[2024-10-11T03:59:42.354+0000] {logging_mixin.py:190} INFO - [2024-10-11T03:59:42.353+0000] {dag.py:4180} INFO - Setting next_dagrun for example_bash_operator to 2024-10-10 00:00:00+00:00, run_after=2024-10-11 00:00:00+00:00
[2024-10-11T03:59:42.390+0000] {processor.py:208} INFO - Processing /home/airflow/.local/lib/python3.12/site-packages/airflow/example_dags/example_bash_operator.py took 0.530 seconds
[2024-10-11T04:00:12.893+0000] {processor.py:186} INFO - Started process (PID=3636) to work on /home/airflow/.local/lib/python3.12/site-packages/airflow/example_dags/example_bash_operator.py
[2024-10-11T04:00:12.895+0000] {processor.py:914} INFO - Processing file /home/airflow/.local/lib/python3.12/site-packages/airflow/example_dags/example_bash_operator.py for tasks to queue
[2024-10-11T04:00:12.900+0000] {logging_mixin.py:190} INFO - [2024-10-11T04:00:12.899+0000] {dagbag.py:588} INFO - Filling up the DagBag from /home/airflow/.local/lib/python3.12/site-packages/airflow/example_dags/example_bash_operator.py
[2024-10-11T04:00:12.938+0000] {processor.py:925} INFO - DAG(s) 'example_bash_operator' retrieved from /home/airflow/.local/lib/python3.12/site-packages/airflow/example_dags/example_bash_operator.py
[2024-10-11T04:00:13.008+0000] {logging_mixin.py:190} INFO - [2024-10-11T04:00:13.007+0000] {dag.py:3239} INFO - Sync 1 DAGs
[2024-10-11T04:00:13.073+0000] {logging_mixin.py:190} INFO - [2024-10-11T04:00:13.073+0000] {dag.py:4180} INFO - Setting next_dagrun for example_bash_operator to 2024-10-10 00:00:00+00:00, run_after=2024-10-11 00:00:00+00:00
[2024-10-11T04:00:13.114+0000] {processor.py:208} INFO - Processing /home/airflow/.local/lib/python3.12/site-packages/airflow/example_dags/example_bash_operator.py took 0.236 seconds
[2024-10-11T04:00:43.442+0000] {processor.py:186} INFO - Started process (PID=3702) to work on /home/airflow/.local/lib/python3.12/site-packages/airflow/example_dags/example_bash_operator.py
[2024-10-11T04:00:43.444+0000] {processor.py:914} INFO - Processing file /home/airflow/.local/lib/python3.12/site-packages/airflow/example_dags/example_bash_operator.py for tasks to queue
[2024-10-11T04:00:43.448+0000] {logging_mixin.py:190} INFO - [2024-10-11T04:00:43.448+0000] {dagbag.py:588} INFO - Filling up the DagBag from /home/airflow/.local/lib/python3.12/site-packages/airflow/example_dags/example_bash_operator.py
[2024-10-11T04:00:43.492+0000] {processor.py:925} INFO - DAG(s) 'example_bash_operator' retrieved from /home/airflow/.local/lib/python3.12/site-packages/airflow/example_dags/example_bash_operator.py
[2024-10-11T04:00:43.548+0000] {logging_mixin.py:190} INFO - [2024-10-11T04:00:43.547+0000] {dag.py:3239} INFO - Sync 1 DAGs
[2024-10-11T04:00:43.607+0000] {logging_mixin.py:190} INFO - [2024-10-11T04:00:43.606+0000] {dag.py:4180} INFO - Setting next_dagrun for example_bash_operator to 2024-10-10 00:00:00+00:00, run_after=2024-10-11 00:00:00+00:00
[2024-10-11T04:00:43.708+0000] {processor.py:208} INFO - Processing /home/airflow/.local/lib/python3.12/site-packages/airflow/example_dags/example_bash_operator.py took 0.279 seconds
[2024-10-11T04:01:14.035+0000] {processor.py:186} INFO - Started process (PID=3769) to work on /home/airflow/.local/lib/python3.12/site-packages/airflow/example_dags/example_bash_operator.py
[2024-10-11T04:01:14.038+0000] {processor.py:914} INFO - Processing file /home/airflow/.local/lib/python3.12/site-packages/airflow/example_dags/example_bash_operator.py for tasks to queue
[2024-10-11T04:01:14.043+0000] {logging_mixin.py:190} INFO - [2024-10-11T04:01:14.042+0000] {dagbag.py:588} INFO - Filling up the DagBag from /home/airflow/.local/lib/python3.12/site-packages/airflow/example_dags/example_bash_operator.py
[2024-10-11T04:01:14.076+0000] {processor.py:925} INFO - DAG(s) 'example_bash_operator' retrieved from /home/airflow/.local/lib/python3.12/site-packages/airflow/example_dags/example_bash_operator.py
[2024-10-11T04:01:14.151+0000] {logging_mixin.py:190} INFO - [2024-10-11T04:01:14.151+0000] {dag.py:3239} INFO - Sync 1 DAGs
[2024-10-11T04:01:14.240+0000] {logging_mixin.py:190} INFO - [2024-10-11T04:01:14.239+0000] {dag.py:4180} INFO - Setting next_dagrun for example_bash_operator to 2024-10-10 00:00:00+00:00, run_after=2024-10-11 00:00:00+00:00
[2024-10-11T04:01:14.294+0000] {processor.py:208} INFO - Processing /home/airflow/.local/lib/python3.12/site-packages/airflow/example_dags/example_bash_operator.py took 0.275 seconds
