[2024-10-11T03:32:59.998+0000] {processor.py:186} INFO - Started process (PID=121) to work on /home/airflow/.local/lib/python3.12/site-packages/airflow/example_dags/example_python_operator.py
[2024-10-11T03:33:00.002+0000] {processor.py:914} INFO - Processing file /home/airflow/.local/lib/python3.12/site-packages/airflow/example_dags/example_python_operator.py for tasks to queue
[2024-10-11T03:33:00.019+0000] {logging_mixin.py:190} INFO - [2024-10-11T03:33:00.016+0000] {dagbag.py:588} INFO - Filling up the DagBag from /home/airflow/.local/lib/python3.12/site-packages/airflow/example_dags/example_python_operator.py
[2024-10-11T03:33:00.063+0000] {processor.py:925} INFO - DAG(s) 'example_python_operator' retrieved from /home/airflow/.local/lib/python3.12/site-packages/airflow/example_dags/example_python_operator.py
[2024-10-11T03:33:00.246+0000] {logging_mixin.py:190} INFO - [2024-10-11T03:33:00.246+0000] {dag.py:3239} INFO - Sync 1 DAGs
[2024-10-11T03:33:00.268+0000] {logging_mixin.py:190} INFO - [2024-10-11T03:33:00.268+0000] {dag.py:4180} INFO - Setting next_dagrun for example_python_operator to None, run_after=None
[2024-10-11T03:33:00.287+0000] {processor.py:208} INFO - Processing /home/airflow/.local/lib/python3.12/site-packages/airflow/example_dags/example_python_operator.py took 0.303 seconds
[2024-10-11T03:33:31.030+0000] {processor.py:186} INFO - Started process (PID=187) to work on /home/airflow/.local/lib/python3.12/site-packages/airflow/example_dags/example_python_operator.py
[2024-10-11T03:33:31.031+0000] {processor.py:914} INFO - Processing file /home/airflow/.local/lib/python3.12/site-packages/airflow/example_dags/example_python_operator.py for tasks to queue
[2024-10-11T03:33:31.034+0000] {logging_mixin.py:190} INFO - [2024-10-11T03:33:31.033+0000] {dagbag.py:588} INFO - Filling up the DagBag from /home/airflow/.local/lib/python3.12/site-packages/airflow/example_dags/example_python_operator.py
[2024-10-11T03:33:31.051+0000] {processor.py:925} INFO - DAG(s) 'example_python_operator' retrieved from /home/airflow/.local/lib/python3.12/site-packages/airflow/example_dags/example_python_operator.py
[2024-10-11T03:33:31.079+0000] {logging_mixin.py:190} INFO - [2024-10-11T03:33:31.079+0000] {dag.py:3239} INFO - Sync 1 DAGs
[2024-10-11T03:33:31.098+0000] {logging_mixin.py:190} INFO - [2024-10-11T03:33:31.098+0000] {dag.py:4180} INFO - Setting next_dagrun for example_python_operator to None, run_after=None
[2024-10-11T03:33:31.124+0000] {processor.py:208} INFO - Processing /home/airflow/.local/lib/python3.12/site-packages/airflow/example_dags/example_python_operator.py took 0.103 seconds
[2024-10-11T03:34:01.218+0000] {processor.py:186} INFO - Started process (PID=252) to work on /home/airflow/.local/lib/python3.12/site-packages/airflow/example_dags/example_python_operator.py
[2024-10-11T03:34:01.219+0000] {processor.py:914} INFO - Processing file /home/airflow/.local/lib/python3.12/site-packages/airflow/example_dags/example_python_operator.py for tasks to queue
[2024-10-11T03:34:01.225+0000] {logging_mixin.py:190} INFO - [2024-10-11T03:34:01.222+0000] {dagbag.py:588} INFO - Filling up the DagBag from /home/airflow/.local/lib/python3.12/site-packages/airflow/example_dags/example_python_operator.py
[2024-10-11T03:34:01.245+0000] {processor.py:925} INFO - DAG(s) 'example_python_operator' retrieved from /home/airflow/.local/lib/python3.12/site-packages/airflow/example_dags/example_python_operator.py
[2024-10-11T03:34:01.277+0000] {logging_mixin.py:190} INFO - [2024-10-11T03:34:01.277+0000] {dag.py:3239} INFO - Sync 1 DAGs
[2024-10-11T03:34:01.295+0000] {logging_mixin.py:190} INFO - [2024-10-11T03:34:01.294+0000] {dag.py:4180} INFO - Setting next_dagrun for example_python_operator to None, run_after=None
[2024-10-11T03:34:01.316+0000] {processor.py:208} INFO - Processing /home/airflow/.local/lib/python3.12/site-packages/airflow/example_dags/example_python_operator.py took 0.108 seconds
[2024-10-11T03:34:31.688+0000] {processor.py:186} INFO - Started process (PID=318) to work on /home/airflow/.local/lib/python3.12/site-packages/airflow/example_dags/example_python_operator.py
[2024-10-11T03:34:31.689+0000] {processor.py:914} INFO - Processing file /home/airflow/.local/lib/python3.12/site-packages/airflow/example_dags/example_python_operator.py for tasks to queue
[2024-10-11T03:34:31.692+0000] {logging_mixin.py:190} INFO - [2024-10-11T03:34:31.692+0000] {dagbag.py:588} INFO - Filling up the DagBag from /home/airflow/.local/lib/python3.12/site-packages/airflow/example_dags/example_python_operator.py
[2024-10-11T03:34:31.709+0000] {processor.py:925} INFO - DAG(s) 'example_python_operator' retrieved from /home/airflow/.local/lib/python3.12/site-packages/airflow/example_dags/example_python_operator.py
[2024-10-11T03:34:31.738+0000] {logging_mixin.py:190} INFO - [2024-10-11T03:34:31.738+0000] {dag.py:3239} INFO - Sync 1 DAGs
[2024-10-11T03:34:31.757+0000] {logging_mixin.py:190} INFO - [2024-10-11T03:34:31.757+0000] {dag.py:4180} INFO - Setting next_dagrun for example_python_operator to None, run_after=None
[2024-10-11T03:34:31.788+0000] {processor.py:208} INFO - Processing /home/airflow/.local/lib/python3.12/site-packages/airflow/example_dags/example_python_operator.py took 0.109 seconds
[2024-10-11T03:35:02.780+0000] {processor.py:186} INFO - Started process (PID=384) to work on /home/airflow/.local/lib/python3.12/site-packages/airflow/example_dags/example_python_operator.py
[2024-10-11T03:35:02.781+0000] {processor.py:914} INFO - Processing file /home/airflow/.local/lib/python3.12/site-packages/airflow/example_dags/example_python_operator.py for tasks to queue
[2024-10-11T03:35:02.784+0000] {logging_mixin.py:190} INFO - [2024-10-11T03:35:02.784+0000] {dagbag.py:588} INFO - Filling up the DagBag from /home/airflow/.local/lib/python3.12/site-packages/airflow/example_dags/example_python_operator.py
[2024-10-11T03:35:02.803+0000] {processor.py:925} INFO - DAG(s) 'example_python_operator' retrieved from /home/airflow/.local/lib/python3.12/site-packages/airflow/example_dags/example_python_operator.py
[2024-10-11T03:35:02.837+0000] {logging_mixin.py:190} INFO - [2024-10-11T03:35:02.837+0000] {dag.py:3239} INFO - Sync 1 DAGs
[2024-10-11T03:35:02.870+0000] {logging_mixin.py:190} INFO - [2024-10-11T03:35:02.869+0000] {dag.py:4180} INFO - Setting next_dagrun for example_python_operator to None, run_after=None
[2024-10-11T03:35:02.893+0000] {processor.py:208} INFO - Processing /home/airflow/.local/lib/python3.12/site-packages/airflow/example_dags/example_python_operator.py took 0.121 seconds
[2024-10-11T03:35:33.658+0000] {processor.py:186} INFO - Started process (PID=450) to work on /home/airflow/.local/lib/python3.12/site-packages/airflow/example_dags/example_python_operator.py
[2024-10-11T03:35:33.662+0000] {processor.py:914} INFO - Processing file /home/airflow/.local/lib/python3.12/site-packages/airflow/example_dags/example_python_operator.py for tasks to queue
[2024-10-11T03:35:33.668+0000] {logging_mixin.py:190} INFO - [2024-10-11T03:35:33.668+0000] {dagbag.py:588} INFO - Filling up the DagBag from /home/airflow/.local/lib/python3.12/site-packages/airflow/example_dags/example_python_operator.py
[2024-10-11T03:35:33.696+0000] {processor.py:925} INFO - DAG(s) 'example_python_operator' retrieved from /home/airflow/.local/lib/python3.12/site-packages/airflow/example_dags/example_python_operator.py
[2024-10-11T03:35:33.738+0000] {logging_mixin.py:190} INFO - [2024-10-11T03:35:33.738+0000] {dag.py:3239} INFO - Sync 1 DAGs
[2024-10-11T03:35:33.757+0000] {logging_mixin.py:190} INFO - [2024-10-11T03:35:33.757+0000] {dag.py:4180} INFO - Setting next_dagrun for example_python_operator to None, run_after=None
[2024-10-11T03:35:33.779+0000] {processor.py:208} INFO - Processing /home/airflow/.local/lib/python3.12/site-packages/airflow/example_dags/example_python_operator.py took 0.134 seconds
[2024-10-11T03:36:04.019+0000] {processor.py:186} INFO - Started process (PID=516) to work on /home/airflow/.local/lib/python3.12/site-packages/airflow/example_dags/example_python_operator.py
[2024-10-11T03:36:04.020+0000] {processor.py:914} INFO - Processing file /home/airflow/.local/lib/python3.12/site-packages/airflow/example_dags/example_python_operator.py for tasks to queue
[2024-10-11T03:36:04.023+0000] {logging_mixin.py:190} INFO - [2024-10-11T03:36:04.023+0000] {dagbag.py:588} INFO - Filling up the DagBag from /home/airflow/.local/lib/python3.12/site-packages/airflow/example_dags/example_python_operator.py
[2024-10-11T03:36:04.039+0000] {processor.py:925} INFO - DAG(s) 'example_python_operator' retrieved from /home/airflow/.local/lib/python3.12/site-packages/airflow/example_dags/example_python_operator.py
[2024-10-11T03:36:04.072+0000] {logging_mixin.py:190} INFO - [2024-10-11T03:36:04.072+0000] {dag.py:3239} INFO - Sync 1 DAGs
[2024-10-11T03:36:04.094+0000] {logging_mixin.py:190} INFO - [2024-10-11T03:36:04.094+0000] {dag.py:4180} INFO - Setting next_dagrun for example_python_operator to None, run_after=None
[2024-10-11T03:36:04.130+0000] {processor.py:208} INFO - Processing /home/airflow/.local/lib/python3.12/site-packages/airflow/example_dags/example_python_operator.py took 0.128 seconds
[2024-10-11T03:36:35.197+0000] {processor.py:186} INFO - Started process (PID=582) to work on /home/airflow/.local/lib/python3.12/site-packages/airflow/example_dags/example_python_operator.py
[2024-10-11T03:36:35.199+0000] {processor.py:914} INFO - Processing file /home/airflow/.local/lib/python3.12/site-packages/airflow/example_dags/example_python_operator.py for tasks to queue
[2024-10-11T03:36:35.203+0000] {logging_mixin.py:190} INFO - [2024-10-11T03:36:35.202+0000] {dagbag.py:588} INFO - Filling up the DagBag from /home/airflow/.local/lib/python3.12/site-packages/airflow/example_dags/example_python_operator.py
[2024-10-11T03:36:35.223+0000] {processor.py:925} INFO - DAG(s) 'example_python_operator' retrieved from /home/airflow/.local/lib/python3.12/site-packages/airflow/example_dags/example_python_operator.py
[2024-10-11T03:36:35.258+0000] {logging_mixin.py:190} INFO - [2024-10-11T03:36:35.257+0000] {dag.py:3239} INFO - Sync 1 DAGs
[2024-10-11T03:36:35.279+0000] {logging_mixin.py:190} INFO - [2024-10-11T03:36:35.279+0000] {dag.py:4180} INFO - Setting next_dagrun for example_python_operator to None, run_after=None
[2024-10-11T03:36:35.306+0000] {processor.py:208} INFO - Processing /home/airflow/.local/lib/python3.12/site-packages/airflow/example_dags/example_python_operator.py took 0.125 seconds
[2024-10-11T03:37:06.027+0000] {processor.py:186} INFO - Started process (PID=648) to work on /home/airflow/.local/lib/python3.12/site-packages/airflow/example_dags/example_python_operator.py
[2024-10-11T03:37:06.029+0000] {processor.py:914} INFO - Processing file /home/airflow/.local/lib/python3.12/site-packages/airflow/example_dags/example_python_operator.py for tasks to queue
[2024-10-11T03:37:06.032+0000] {logging_mixin.py:190} INFO - [2024-10-11T03:37:06.031+0000] {dagbag.py:588} INFO - Filling up the DagBag from /home/airflow/.local/lib/python3.12/site-packages/airflow/example_dags/example_python_operator.py
[2024-10-11T03:37:06.050+0000] {processor.py:925} INFO - DAG(s) 'example_python_operator' retrieved from /home/airflow/.local/lib/python3.12/site-packages/airflow/example_dags/example_python_operator.py
[2024-10-11T03:37:06.080+0000] {logging_mixin.py:190} INFO - [2024-10-11T03:37:06.080+0000] {dag.py:3239} INFO - Sync 1 DAGs
[2024-10-11T03:37:06.101+0000] {logging_mixin.py:190} INFO - [2024-10-11T03:37:06.101+0000] {dag.py:4180} INFO - Setting next_dagrun for example_python_operator to None, run_after=None
[2024-10-11T03:37:06.125+0000] {processor.py:208} INFO - Processing /home/airflow/.local/lib/python3.12/site-packages/airflow/example_dags/example_python_operator.py took 0.106 seconds
[2024-10-11T03:37:37.037+0000] {processor.py:186} INFO - Started process (PID=714) to work on /home/airflow/.local/lib/python3.12/site-packages/airflow/example_dags/example_python_operator.py
[2024-10-11T03:37:37.038+0000] {processor.py:914} INFO - Processing file /home/airflow/.local/lib/python3.12/site-packages/airflow/example_dags/example_python_operator.py for tasks to queue
[2024-10-11T03:37:37.043+0000] {logging_mixin.py:190} INFO - [2024-10-11T03:37:37.042+0000] {dagbag.py:588} INFO - Filling up the DagBag from /home/airflow/.local/lib/python3.12/site-packages/airflow/example_dags/example_python_operator.py
[2024-10-11T03:37:37.071+0000] {processor.py:925} INFO - DAG(s) 'example_python_operator' retrieved from /home/airflow/.local/lib/python3.12/site-packages/airflow/example_dags/example_python_operator.py
[2024-10-11T03:37:37.139+0000] {logging_mixin.py:190} INFO - [2024-10-11T03:37:37.139+0000] {dag.py:3239} INFO - Sync 1 DAGs
[2024-10-11T03:37:37.177+0000] {logging_mixin.py:190} INFO - [2024-10-11T03:37:37.176+0000] {dag.py:4180} INFO - Setting next_dagrun for example_python_operator to None, run_after=None
[2024-10-11T03:37:37.237+0000] {processor.py:208} INFO - Processing /home/airflow/.local/lib/python3.12/site-packages/airflow/example_dags/example_python_operator.py took 0.216 seconds
[2024-10-11T03:38:07.678+0000] {processor.py:186} INFO - Started process (PID=780) to work on /home/airflow/.local/lib/python3.12/site-packages/airflow/example_dags/example_python_operator.py
[2024-10-11T03:38:07.679+0000] {processor.py:914} INFO - Processing file /home/airflow/.local/lib/python3.12/site-packages/airflow/example_dags/example_python_operator.py for tasks to queue
[2024-10-11T03:38:07.682+0000] {logging_mixin.py:190} INFO - [2024-10-11T03:38:07.682+0000] {dagbag.py:588} INFO - Filling up the DagBag from /home/airflow/.local/lib/python3.12/site-packages/airflow/example_dags/example_python_operator.py
[2024-10-11T03:38:07.697+0000] {processor.py:925} INFO - DAG(s) 'example_python_operator' retrieved from /home/airflow/.local/lib/python3.12/site-packages/airflow/example_dags/example_python_operator.py
[2024-10-11T03:38:07.723+0000] {logging_mixin.py:190} INFO - [2024-10-11T03:38:07.723+0000] {dag.py:3239} INFO - Sync 1 DAGs
[2024-10-11T03:38:07.740+0000] {logging_mixin.py:190} INFO - [2024-10-11T03:38:07.740+0000] {dag.py:4180} INFO - Setting next_dagrun for example_python_operator to None, run_after=None
[2024-10-11T03:38:07.759+0000] {processor.py:208} INFO - Processing /home/airflow/.local/lib/python3.12/site-packages/airflow/example_dags/example_python_operator.py took 0.088 seconds
[2024-10-11T03:38:38.685+0000] {processor.py:186} INFO - Started process (PID=846) to work on /home/airflow/.local/lib/python3.12/site-packages/airflow/example_dags/example_python_operator.py
[2024-10-11T03:38:38.687+0000] {processor.py:914} INFO - Processing file /home/airflow/.local/lib/python3.12/site-packages/airflow/example_dags/example_python_operator.py for tasks to queue
[2024-10-11T03:38:38.689+0000] {logging_mixin.py:190} INFO - [2024-10-11T03:38:38.689+0000] {dagbag.py:588} INFO - Filling up the DagBag from /home/airflow/.local/lib/python3.12/site-packages/airflow/example_dags/example_python_operator.py
[2024-10-11T03:38:38.705+0000] {processor.py:925} INFO - DAG(s) 'example_python_operator' retrieved from /home/airflow/.local/lib/python3.12/site-packages/airflow/example_dags/example_python_operator.py
[2024-10-11T03:38:38.732+0000] {logging_mixin.py:190} INFO - [2024-10-11T03:38:38.732+0000] {dag.py:3239} INFO - Sync 1 DAGs
[2024-10-11T03:38:38.750+0000] {logging_mixin.py:190} INFO - [2024-10-11T03:38:38.749+0000] {dag.py:4180} INFO - Setting next_dagrun for example_python_operator to None, run_after=None
[2024-10-11T03:38:38.768+0000] {processor.py:208} INFO - Processing /home/airflow/.local/lib/python3.12/site-packages/airflow/example_dags/example_python_operator.py took 0.090 seconds
[2024-10-11T03:39:09.451+0000] {processor.py:186} INFO - Started process (PID=912) to work on /home/airflow/.local/lib/python3.12/site-packages/airflow/example_dags/example_python_operator.py
[2024-10-11T03:39:09.452+0000] {processor.py:914} INFO - Processing file /home/airflow/.local/lib/python3.12/site-packages/airflow/example_dags/example_python_operator.py for tasks to queue
[2024-10-11T03:39:09.456+0000] {logging_mixin.py:190} INFO - [2024-10-11T03:39:09.455+0000] {dagbag.py:588} INFO - Filling up the DagBag from /home/airflow/.local/lib/python3.12/site-packages/airflow/example_dags/example_python_operator.py
[2024-10-11T03:39:09.471+0000] {processor.py:925} INFO - DAG(s) 'example_python_operator' retrieved from /home/airflow/.local/lib/python3.12/site-packages/airflow/example_dags/example_python_operator.py
[2024-10-11T03:39:09.497+0000] {logging_mixin.py:190} INFO - [2024-10-11T03:39:09.497+0000] {dag.py:3239} INFO - Sync 1 DAGs
[2024-10-11T03:39:09.514+0000] {logging_mixin.py:190} INFO - [2024-10-11T03:39:09.514+0000] {dag.py:4180} INFO - Setting next_dagrun for example_python_operator to None, run_after=None
[2024-10-11T03:39:09.534+0000] {processor.py:208} INFO - Processing /home/airflow/.local/lib/python3.12/site-packages/airflow/example_dags/example_python_operator.py took 0.090 seconds
[2024-10-11T03:39:40.245+0000] {processor.py:186} INFO - Started process (PID=978) to work on /home/airflow/.local/lib/python3.12/site-packages/airflow/example_dags/example_python_operator.py
[2024-10-11T03:39:40.247+0000] {processor.py:914} INFO - Processing file /home/airflow/.local/lib/python3.12/site-packages/airflow/example_dags/example_python_operator.py for tasks to queue
[2024-10-11T03:39:40.250+0000] {logging_mixin.py:190} INFO - [2024-10-11T03:39:40.249+0000] {dagbag.py:588} INFO - Filling up the DagBag from /home/airflow/.local/lib/python3.12/site-packages/airflow/example_dags/example_python_operator.py
[2024-10-11T03:39:40.266+0000] {processor.py:925} INFO - DAG(s) 'example_python_operator' retrieved from /home/airflow/.local/lib/python3.12/site-packages/airflow/example_dags/example_python_operator.py
[2024-10-11T03:39:40.295+0000] {logging_mixin.py:190} INFO - [2024-10-11T03:39:40.295+0000] {dag.py:3239} INFO - Sync 1 DAGs
[2024-10-11T03:39:40.327+0000] {logging_mixin.py:190} INFO - [2024-10-11T03:39:40.327+0000] {dag.py:4180} INFO - Setting next_dagrun for example_python_operator to None, run_after=None
[2024-10-11T03:39:40.361+0000] {processor.py:208} INFO - Processing /home/airflow/.local/lib/python3.12/site-packages/airflow/example_dags/example_python_operator.py took 0.125 seconds
[2024-10-11T03:40:10.543+0000] {processor.py:186} INFO - Started process (PID=1044) to work on /home/airflow/.local/lib/python3.12/site-packages/airflow/example_dags/example_python_operator.py
[2024-10-11T03:40:10.544+0000] {processor.py:914} INFO - Processing file /home/airflow/.local/lib/python3.12/site-packages/airflow/example_dags/example_python_operator.py for tasks to queue
[2024-10-11T03:40:10.547+0000] {logging_mixin.py:190} INFO - [2024-10-11T03:40:10.546+0000] {dagbag.py:588} INFO - Filling up the DagBag from /home/airflow/.local/lib/python3.12/site-packages/airflow/example_dags/example_python_operator.py
[2024-10-11T03:40:10.564+0000] {processor.py:925} INFO - DAG(s) 'example_python_operator' retrieved from /home/airflow/.local/lib/python3.12/site-packages/airflow/example_dags/example_python_operator.py
[2024-10-11T03:40:10.588+0000] {logging_mixin.py:190} INFO - [2024-10-11T03:40:10.588+0000] {dag.py:3239} INFO - Sync 1 DAGs
[2024-10-11T03:40:10.606+0000] {logging_mixin.py:190} INFO - [2024-10-11T03:40:10.606+0000] {dag.py:4180} INFO - Setting next_dagrun for example_python_operator to None, run_after=None
[2024-10-11T03:40:10.626+0000] {processor.py:208} INFO - Processing /home/airflow/.local/lib/python3.12/site-packages/airflow/example_dags/example_python_operator.py took 0.090 seconds
[2024-10-11T03:40:41.543+0000] {processor.py:186} INFO - Started process (PID=1110) to work on /home/airflow/.local/lib/python3.12/site-packages/airflow/example_dags/example_python_operator.py
[2024-10-11T03:40:41.545+0000] {processor.py:914} INFO - Processing file /home/airflow/.local/lib/python3.12/site-packages/airflow/example_dags/example_python_operator.py for tasks to queue
[2024-10-11T03:40:41.548+0000] {logging_mixin.py:190} INFO - [2024-10-11T03:40:41.547+0000] {dagbag.py:588} INFO - Filling up the DagBag from /home/airflow/.local/lib/python3.12/site-packages/airflow/example_dags/example_python_operator.py
[2024-10-11T03:40:41.569+0000] {processor.py:925} INFO - DAG(s) 'example_python_operator' retrieved from /home/airflow/.local/lib/python3.12/site-packages/airflow/example_dags/example_python_operator.py
[2024-10-11T03:40:41.615+0000] {logging_mixin.py:190} INFO - [2024-10-11T03:40:41.615+0000] {dag.py:3239} INFO - Sync 1 DAGs
[2024-10-11T03:40:41.634+0000] {logging_mixin.py:190} INFO - [2024-10-11T03:40:41.634+0000] {dag.py:4180} INFO - Setting next_dagrun for example_python_operator to None, run_after=None
[2024-10-11T03:40:41.656+0000] {processor.py:208} INFO - Processing /home/airflow/.local/lib/python3.12/site-packages/airflow/example_dags/example_python_operator.py took 0.127 seconds
[2024-10-11T03:41:12.405+0000] {processor.py:186} INFO - Started process (PID=1176) to work on /home/airflow/.local/lib/python3.12/site-packages/airflow/example_dags/example_python_operator.py
[2024-10-11T03:41:12.407+0000] {processor.py:914} INFO - Processing file /home/airflow/.local/lib/python3.12/site-packages/airflow/example_dags/example_python_operator.py for tasks to queue
[2024-10-11T03:41:12.410+0000] {logging_mixin.py:190} INFO - [2024-10-11T03:41:12.409+0000] {dagbag.py:588} INFO - Filling up the DagBag from /home/airflow/.local/lib/python3.12/site-packages/airflow/example_dags/example_python_operator.py
[2024-10-11T03:41:12.429+0000] {processor.py:925} INFO - DAG(s) 'example_python_operator' retrieved from /home/airflow/.local/lib/python3.12/site-packages/airflow/example_dags/example_python_operator.py
[2024-10-11T03:41:12.456+0000] {logging_mixin.py:190} INFO - [2024-10-11T03:41:12.456+0000] {dag.py:3239} INFO - Sync 1 DAGs
[2024-10-11T03:41:12.479+0000] {logging_mixin.py:190} INFO - [2024-10-11T03:41:12.478+0000] {dag.py:4180} INFO - Setting next_dagrun for example_python_operator to None, run_after=None
[2024-10-11T03:41:12.500+0000] {processor.py:208} INFO - Processing /home/airflow/.local/lib/python3.12/site-packages/airflow/example_dags/example_python_operator.py took 0.102 seconds
[2024-10-11T03:41:43.425+0000] {processor.py:186} INFO - Started process (PID=1242) to work on /home/airflow/.local/lib/python3.12/site-packages/airflow/example_dags/example_python_operator.py
[2024-10-11T03:41:43.426+0000] {processor.py:914} INFO - Processing file /home/airflow/.local/lib/python3.12/site-packages/airflow/example_dags/example_python_operator.py for tasks to queue
[2024-10-11T03:41:43.428+0000] {logging_mixin.py:190} INFO - [2024-10-11T03:41:43.428+0000] {dagbag.py:588} INFO - Filling up the DagBag from /home/airflow/.local/lib/python3.12/site-packages/airflow/example_dags/example_python_operator.py
[2024-10-11T03:41:43.444+0000] {processor.py:925} INFO - DAG(s) 'example_python_operator' retrieved from /home/airflow/.local/lib/python3.12/site-packages/airflow/example_dags/example_python_operator.py
[2024-10-11T03:41:43.469+0000] {logging_mixin.py:190} INFO - [2024-10-11T03:41:43.469+0000] {dag.py:3239} INFO - Sync 1 DAGs
[2024-10-11T03:41:43.486+0000] {logging_mixin.py:190} INFO - [2024-10-11T03:41:43.486+0000] {dag.py:4180} INFO - Setting next_dagrun for example_python_operator to None, run_after=None
[2024-10-11T03:41:43.506+0000] {processor.py:208} INFO - Processing /home/airflow/.local/lib/python3.12/site-packages/airflow/example_dags/example_python_operator.py took 0.089 seconds
[2024-10-11T03:42:13.737+0000] {processor.py:186} INFO - Started process (PID=1308) to work on /home/airflow/.local/lib/python3.12/site-packages/airflow/example_dags/example_python_operator.py
[2024-10-11T03:42:13.738+0000] {processor.py:914} INFO - Processing file /home/airflow/.local/lib/python3.12/site-packages/airflow/example_dags/example_python_operator.py for tasks to queue
[2024-10-11T03:42:13.742+0000] {logging_mixin.py:190} INFO - [2024-10-11T03:42:13.741+0000] {dagbag.py:588} INFO - Filling up the DagBag from /home/airflow/.local/lib/python3.12/site-packages/airflow/example_dags/example_python_operator.py
[2024-10-11T03:42:13.759+0000] {processor.py:925} INFO - DAG(s) 'example_python_operator' retrieved from /home/airflow/.local/lib/python3.12/site-packages/airflow/example_dags/example_python_operator.py
[2024-10-11T03:42:13.786+0000] {logging_mixin.py:190} INFO - [2024-10-11T03:42:13.785+0000] {dag.py:3239} INFO - Sync 1 DAGs
[2024-10-11T03:42:13.804+0000] {logging_mixin.py:190} INFO - [2024-10-11T03:42:13.804+0000] {dag.py:4180} INFO - Setting next_dagrun for example_python_operator to None, run_after=None
[2024-10-11T03:42:13.824+0000] {processor.py:208} INFO - Processing /home/airflow/.local/lib/python3.12/site-packages/airflow/example_dags/example_python_operator.py took 0.095 seconds
[2024-10-11T03:42:44.511+0000] {processor.py:186} INFO - Started process (PID=1374) to work on /home/airflow/.local/lib/python3.12/site-packages/airflow/example_dags/example_python_operator.py
[2024-10-11T03:42:44.512+0000] {processor.py:914} INFO - Processing file /home/airflow/.local/lib/python3.12/site-packages/airflow/example_dags/example_python_operator.py for tasks to queue
[2024-10-11T03:42:44.515+0000] {logging_mixin.py:190} INFO - [2024-10-11T03:42:44.515+0000] {dagbag.py:588} INFO - Filling up the DagBag from /home/airflow/.local/lib/python3.12/site-packages/airflow/example_dags/example_python_operator.py
[2024-10-11T03:42:44.531+0000] {processor.py:925} INFO - DAG(s) 'example_python_operator' retrieved from /home/airflow/.local/lib/python3.12/site-packages/airflow/example_dags/example_python_operator.py
[2024-10-11T03:42:44.558+0000] {logging_mixin.py:190} INFO - [2024-10-11T03:42:44.557+0000] {dag.py:3239} INFO - Sync 1 DAGs
[2024-10-11T03:42:44.578+0000] {logging_mixin.py:190} INFO - [2024-10-11T03:42:44.578+0000] {dag.py:4180} INFO - Setting next_dagrun for example_python_operator to None, run_after=None
[2024-10-11T03:42:44.605+0000] {processor.py:208} INFO - Processing /home/airflow/.local/lib/python3.12/site-packages/airflow/example_dags/example_python_operator.py took 0.102 seconds
[2024-10-11T03:43:15.499+0000] {processor.py:186} INFO - Started process (PID=1442) to work on /home/airflow/.local/lib/python3.12/site-packages/airflow/example_dags/example_python_operator.py
[2024-10-11T03:43:15.501+0000] {processor.py:914} INFO - Processing file /home/airflow/.local/lib/python3.12/site-packages/airflow/example_dags/example_python_operator.py for tasks to queue
[2024-10-11T03:43:15.505+0000] {logging_mixin.py:190} INFO - [2024-10-11T03:43:15.504+0000] {dagbag.py:588} INFO - Filling up the DagBag from /home/airflow/.local/lib/python3.12/site-packages/airflow/example_dags/example_python_operator.py
[2024-10-11T03:43:15.524+0000] {processor.py:925} INFO - DAG(s) 'example_python_operator' retrieved from /home/airflow/.local/lib/python3.12/site-packages/airflow/example_dags/example_python_operator.py
[2024-10-11T03:43:15.561+0000] {logging_mixin.py:190} INFO - [2024-10-11T03:43:15.561+0000] {dag.py:3239} INFO - Sync 1 DAGs
[2024-10-11T03:43:15.580+0000] {logging_mixin.py:190} INFO - [2024-10-11T03:43:15.580+0000] {dag.py:4180} INFO - Setting next_dagrun for example_python_operator to None, run_after=None
[2024-10-11T03:43:15.600+0000] {processor.py:208} INFO - Processing /home/airflow/.local/lib/python3.12/site-packages/airflow/example_dags/example_python_operator.py took 0.110 seconds
[2024-10-11T03:43:46.325+0000] {processor.py:186} INFO - Started process (PID=1509) to work on /home/airflow/.local/lib/python3.12/site-packages/airflow/example_dags/example_python_operator.py
[2024-10-11T03:43:46.326+0000] {processor.py:914} INFO - Processing file /home/airflow/.local/lib/python3.12/site-packages/airflow/example_dags/example_python_operator.py for tasks to queue
[2024-10-11T03:43:46.328+0000] {logging_mixin.py:190} INFO - [2024-10-11T03:43:46.328+0000] {dagbag.py:588} INFO - Filling up the DagBag from /home/airflow/.local/lib/python3.12/site-packages/airflow/example_dags/example_python_operator.py
[2024-10-11T03:43:46.344+0000] {processor.py:925} INFO - DAG(s) 'example_python_operator' retrieved from /home/airflow/.local/lib/python3.12/site-packages/airflow/example_dags/example_python_operator.py
[2024-10-11T03:43:46.370+0000] {logging_mixin.py:190} INFO - [2024-10-11T03:43:46.369+0000] {dag.py:3239} INFO - Sync 1 DAGs
[2024-10-11T03:43:46.388+0000] {logging_mixin.py:190} INFO - [2024-10-11T03:43:46.387+0000] {dag.py:4180} INFO - Setting next_dagrun for example_python_operator to None, run_after=None
[2024-10-11T03:43:46.408+0000] {processor.py:208} INFO - Processing /home/airflow/.local/lib/python3.12/site-packages/airflow/example_dags/example_python_operator.py took 0.090 seconds
[2024-10-11T03:44:16.825+0000] {processor.py:186} INFO - Started process (PID=1576) to work on /home/airflow/.local/lib/python3.12/site-packages/airflow/example_dags/example_python_operator.py
[2024-10-11T03:44:16.826+0000] {processor.py:914} INFO - Processing file /home/airflow/.local/lib/python3.12/site-packages/airflow/example_dags/example_python_operator.py for tasks to queue
[2024-10-11T03:44:16.829+0000] {logging_mixin.py:190} INFO - [2024-10-11T03:44:16.828+0000] {dagbag.py:588} INFO - Filling up the DagBag from /home/airflow/.local/lib/python3.12/site-packages/airflow/example_dags/example_python_operator.py
[2024-10-11T03:44:16.846+0000] {processor.py:925} INFO - DAG(s) 'example_python_operator' retrieved from /home/airflow/.local/lib/python3.12/site-packages/airflow/example_dags/example_python_operator.py
[2024-10-11T03:44:16.884+0000] {logging_mixin.py:190} INFO - [2024-10-11T03:44:16.884+0000] {dag.py:3239} INFO - Sync 1 DAGs
[2024-10-11T03:44:16.904+0000] {logging_mixin.py:190} INFO - [2024-10-11T03:44:16.904+0000] {dag.py:4180} INFO - Setting next_dagrun for example_python_operator to None, run_after=None
[2024-10-11T03:44:16.927+0000] {processor.py:208} INFO - Processing /home/airflow/.local/lib/python3.12/site-packages/airflow/example_dags/example_python_operator.py took 0.112 seconds
[2024-10-11T03:44:47.570+0000] {processor.py:186} INFO - Started process (PID=1643) to work on /home/airflow/.local/lib/python3.12/site-packages/airflow/example_dags/example_python_operator.py
[2024-10-11T03:44:47.571+0000] {processor.py:914} INFO - Processing file /home/airflow/.local/lib/python3.12/site-packages/airflow/example_dags/example_python_operator.py for tasks to queue
[2024-10-11T03:44:47.574+0000] {logging_mixin.py:190} INFO - [2024-10-11T03:44:47.574+0000] {dagbag.py:588} INFO - Filling up the DagBag from /home/airflow/.local/lib/python3.12/site-packages/airflow/example_dags/example_python_operator.py
[2024-10-11T03:44:47.592+0000] {processor.py:925} INFO - DAG(s) 'example_python_operator' retrieved from /home/airflow/.local/lib/python3.12/site-packages/airflow/example_dags/example_python_operator.py
[2024-10-11T03:44:47.629+0000] {logging_mixin.py:190} INFO - [2024-10-11T03:44:47.629+0000] {dag.py:3239} INFO - Sync 1 DAGs
[2024-10-11T03:44:47.650+0000] {logging_mixin.py:190} INFO - [2024-10-11T03:44:47.650+0000] {dag.py:4180} INFO - Setting next_dagrun for example_python_operator to None, run_after=None
[2024-10-11T03:44:47.691+0000] {processor.py:208} INFO - Processing /home/airflow/.local/lib/python3.12/site-packages/airflow/example_dags/example_python_operator.py took 0.129 seconds
[2024-10-11T03:45:18.123+0000] {processor.py:186} INFO - Started process (PID=1711) to work on /home/airflow/.local/lib/python3.12/site-packages/airflow/example_dags/example_python_operator.py
[2024-10-11T03:45:18.124+0000] {processor.py:914} INFO - Processing file /home/airflow/.local/lib/python3.12/site-packages/airflow/example_dags/example_python_operator.py for tasks to queue
[2024-10-11T03:45:18.128+0000] {logging_mixin.py:190} INFO - [2024-10-11T03:45:18.127+0000] {dagbag.py:588} INFO - Filling up the DagBag from /home/airflow/.local/lib/python3.12/site-packages/airflow/example_dags/example_python_operator.py
[2024-10-11T03:45:18.149+0000] {processor.py:925} INFO - DAG(s) 'example_python_operator' retrieved from /home/airflow/.local/lib/python3.12/site-packages/airflow/example_dags/example_python_operator.py
[2024-10-11T03:45:18.180+0000] {logging_mixin.py:190} INFO - [2024-10-11T03:45:18.180+0000] {dag.py:3239} INFO - Sync 1 DAGs
[2024-10-11T03:45:18.200+0000] {logging_mixin.py:190} INFO - [2024-10-11T03:45:18.199+0000] {dag.py:4180} INFO - Setting next_dagrun for example_python_operator to None, run_after=None
[2024-10-11T03:45:18.223+0000] {processor.py:208} INFO - Processing /home/airflow/.local/lib/python3.12/site-packages/airflow/example_dags/example_python_operator.py took 0.112 seconds
[2024-10-11T03:45:49.042+0000] {processor.py:186} INFO - Started process (PID=1778) to work on /home/airflow/.local/lib/python3.12/site-packages/airflow/example_dags/example_python_operator.py
[2024-10-11T03:45:49.043+0000] {processor.py:914} INFO - Processing file /home/airflow/.local/lib/python3.12/site-packages/airflow/example_dags/example_python_operator.py for tasks to queue
[2024-10-11T03:45:49.046+0000] {logging_mixin.py:190} INFO - [2024-10-11T03:45:49.045+0000] {dagbag.py:588} INFO - Filling up the DagBag from /home/airflow/.local/lib/python3.12/site-packages/airflow/example_dags/example_python_operator.py
[2024-10-11T03:45:49.065+0000] {processor.py:925} INFO - DAG(s) 'example_python_operator' retrieved from /home/airflow/.local/lib/python3.12/site-packages/airflow/example_dags/example_python_operator.py
[2024-10-11T03:45:49.097+0000] {logging_mixin.py:190} INFO - [2024-10-11T03:45:49.097+0000] {dag.py:3239} INFO - Sync 1 DAGs
[2024-10-11T03:45:49.116+0000] {logging_mixin.py:190} INFO - [2024-10-11T03:45:49.116+0000] {dag.py:4180} INFO - Setting next_dagrun for example_python_operator to None, run_after=None
[2024-10-11T03:45:49.136+0000] {processor.py:208} INFO - Processing /home/airflow/.local/lib/python3.12/site-packages/airflow/example_dags/example_python_operator.py took 0.102 seconds
[2024-10-11T03:46:19.174+0000] {processor.py:186} INFO - Started process (PID=1844) to work on /home/airflow/.local/lib/python3.12/site-packages/airflow/example_dags/example_python_operator.py
[2024-10-11T03:46:19.176+0000] {processor.py:914} INFO - Processing file /home/airflow/.local/lib/python3.12/site-packages/airflow/example_dags/example_python_operator.py for tasks to queue
[2024-10-11T03:46:19.179+0000] {logging_mixin.py:190} INFO - [2024-10-11T03:46:19.179+0000] {dagbag.py:588} INFO - Filling up the DagBag from /home/airflow/.local/lib/python3.12/site-packages/airflow/example_dags/example_python_operator.py
[2024-10-11T03:46:19.196+0000] {processor.py:925} INFO - DAG(s) 'example_python_operator' retrieved from /home/airflow/.local/lib/python3.12/site-packages/airflow/example_dags/example_python_operator.py
[2024-10-11T03:46:19.226+0000] {logging_mixin.py:190} INFO - [2024-10-11T03:46:19.226+0000] {dag.py:3239} INFO - Sync 1 DAGs
[2024-10-11T03:46:19.249+0000] {logging_mixin.py:190} INFO - [2024-10-11T03:46:19.247+0000] {dag.py:4180} INFO - Setting next_dagrun for example_python_operator to None, run_after=None
[2024-10-11T03:46:19.280+0000] {processor.py:208} INFO - Processing /home/airflow/.local/lib/python3.12/site-packages/airflow/example_dags/example_python_operator.py took 0.113 seconds
[2024-10-11T03:46:49.391+0000] {processor.py:186} INFO - Started process (PID=1909) to work on /home/airflow/.local/lib/python3.12/site-packages/airflow/example_dags/example_python_operator.py
[2024-10-11T03:46:49.393+0000] {processor.py:914} INFO - Processing file /home/airflow/.local/lib/python3.12/site-packages/airflow/example_dags/example_python_operator.py for tasks to queue
[2024-10-11T03:46:49.398+0000] {logging_mixin.py:190} INFO - [2024-10-11T03:46:49.397+0000] {dagbag.py:588} INFO - Filling up the DagBag from /home/airflow/.local/lib/python3.12/site-packages/airflow/example_dags/example_python_operator.py
[2024-10-11T03:46:49.435+0000] {processor.py:925} INFO - DAG(s) 'example_python_operator' retrieved from /home/airflow/.local/lib/python3.12/site-packages/airflow/example_dags/example_python_operator.py
[2024-10-11T03:46:49.505+0000] {logging_mixin.py:190} INFO - [2024-10-11T03:46:49.505+0000] {dag.py:3239} INFO - Sync 1 DAGs
[2024-10-11T03:46:49.538+0000] {logging_mixin.py:190} INFO - [2024-10-11T03:46:49.538+0000] {dag.py:4180} INFO - Setting next_dagrun for example_python_operator to None, run_after=None
[2024-10-11T03:46:49.581+0000] {processor.py:208} INFO - Processing /home/airflow/.local/lib/python3.12/site-packages/airflow/example_dags/example_python_operator.py took 0.204 seconds
[2024-10-11T03:47:20.016+0000] {processor.py:186} INFO - Started process (PID=1976) to work on /home/airflow/.local/lib/python3.12/site-packages/airflow/example_dags/example_python_operator.py
[2024-10-11T03:47:20.017+0000] {processor.py:914} INFO - Processing file /home/airflow/.local/lib/python3.12/site-packages/airflow/example_dags/example_python_operator.py for tasks to queue
[2024-10-11T03:47:20.019+0000] {logging_mixin.py:190} INFO - [2024-10-11T03:47:20.019+0000] {dagbag.py:588} INFO - Filling up the DagBag from /home/airflow/.local/lib/python3.12/site-packages/airflow/example_dags/example_python_operator.py
[2024-10-11T03:47:20.036+0000] {processor.py:925} INFO - DAG(s) 'example_python_operator' retrieved from /home/airflow/.local/lib/python3.12/site-packages/airflow/example_dags/example_python_operator.py
[2024-10-11T03:47:20.070+0000] {logging_mixin.py:190} INFO - [2024-10-11T03:47:20.070+0000] {dag.py:3239} INFO - Sync 1 DAGs
[2024-10-11T03:47:20.097+0000] {logging_mixin.py:190} INFO - [2024-10-11T03:47:20.096+0000] {dag.py:4180} INFO - Setting next_dagrun for example_python_operator to None, run_after=None
[2024-10-11T03:47:20.121+0000] {processor.py:208} INFO - Processing /home/airflow/.local/lib/python3.12/site-packages/airflow/example_dags/example_python_operator.py took 0.112 seconds
[2024-10-11T03:47:50.688+0000] {processor.py:186} INFO - Started process (PID=2043) to work on /home/airflow/.local/lib/python3.12/site-packages/airflow/example_dags/example_python_operator.py
[2024-10-11T03:47:50.735+0000] {processor.py:914} INFO - Processing file /home/airflow/.local/lib/python3.12/site-packages/airflow/example_dags/example_python_operator.py for tasks to queue
[2024-10-11T03:47:50.741+0000] {logging_mixin.py:190} INFO - [2024-10-11T03:47:50.740+0000] {dagbag.py:588} INFO - Filling up the DagBag from /home/airflow/.local/lib/python3.12/site-packages/airflow/example_dags/example_python_operator.py
[2024-10-11T03:47:50.768+0000] {processor.py:925} INFO - DAG(s) 'example_python_operator' retrieved from /home/airflow/.local/lib/python3.12/site-packages/airflow/example_dags/example_python_operator.py
[2024-10-11T03:47:50.796+0000] {logging_mixin.py:190} INFO - [2024-10-11T03:47:50.796+0000] {dag.py:3239} INFO - Sync 1 DAGs
[2024-10-11T03:47:50.814+0000] {logging_mixin.py:190} INFO - [2024-10-11T03:47:50.814+0000] {dag.py:4180} INFO - Setting next_dagrun for example_python_operator to None, run_after=None
[2024-10-11T03:47:50.838+0000] {processor.py:208} INFO - Processing /home/airflow/.local/lib/python3.12/site-packages/airflow/example_dags/example_python_operator.py took 0.160 seconds
[2024-10-11T03:48:22.264+0000] {processor.py:186} INFO - Started process (PID=2110) to work on /home/airflow/.local/lib/python3.12/site-packages/airflow/example_dags/example_python_operator.py
[2024-10-11T03:48:22.265+0000] {processor.py:914} INFO - Processing file /home/airflow/.local/lib/python3.12/site-packages/airflow/example_dags/example_python_operator.py for tasks to queue
[2024-10-11T03:48:22.269+0000] {logging_mixin.py:190} INFO - [2024-10-11T03:48:22.268+0000] {dagbag.py:588} INFO - Filling up the DagBag from /home/airflow/.local/lib/python3.12/site-packages/airflow/example_dags/example_python_operator.py
[2024-10-11T03:48:22.286+0000] {processor.py:925} INFO - DAG(s) 'example_python_operator' retrieved from /home/airflow/.local/lib/python3.12/site-packages/airflow/example_dags/example_python_operator.py
[2024-10-11T03:48:22.324+0000] {logging_mixin.py:190} INFO - [2024-10-11T03:48:22.323+0000] {dag.py:3239} INFO - Sync 1 DAGs
[2024-10-11T03:48:22.344+0000] {logging_mixin.py:190} INFO - [2024-10-11T03:48:22.344+0000] {dag.py:4180} INFO - Setting next_dagrun for example_python_operator to None, run_after=None
[2024-10-11T03:48:22.367+0000] {processor.py:208} INFO - Processing /home/airflow/.local/lib/python3.12/site-packages/airflow/example_dags/example_python_operator.py took 0.112 seconds
[2024-10-11T03:48:53.438+0000] {processor.py:186} INFO - Started process (PID=2178) to work on /home/airflow/.local/lib/python3.12/site-packages/airflow/example_dags/example_python_operator.py
[2024-10-11T03:48:53.439+0000] {processor.py:914} INFO - Processing file /home/airflow/.local/lib/python3.12/site-packages/airflow/example_dags/example_python_operator.py for tasks to queue
[2024-10-11T03:48:53.442+0000] {logging_mixin.py:190} INFO - [2024-10-11T03:48:53.442+0000] {dagbag.py:588} INFO - Filling up the DagBag from /home/airflow/.local/lib/python3.12/site-packages/airflow/example_dags/example_python_operator.py
[2024-10-11T03:48:53.461+0000] {processor.py:925} INFO - DAG(s) 'example_python_operator' retrieved from /home/airflow/.local/lib/python3.12/site-packages/airflow/example_dags/example_python_operator.py
[2024-10-11T03:48:53.508+0000] {logging_mixin.py:190} INFO - [2024-10-11T03:48:53.507+0000] {dag.py:3239} INFO - Sync 1 DAGs
[2024-10-11T03:48:53.534+0000] {logging_mixin.py:190} INFO - [2024-10-11T03:48:53.534+0000] {dag.py:4180} INFO - Setting next_dagrun for example_python_operator to None, run_after=None
[2024-10-11T03:48:53.574+0000] {processor.py:208} INFO - Processing /home/airflow/.local/lib/python3.12/site-packages/airflow/example_dags/example_python_operator.py took 0.146 seconds
[2024-10-11T03:49:24.038+0000] {processor.py:186} INFO - Started process (PID=2244) to work on /home/airflow/.local/lib/python3.12/site-packages/airflow/example_dags/example_python_operator.py
[2024-10-11T03:49:24.040+0000] {processor.py:914} INFO - Processing file /home/airflow/.local/lib/python3.12/site-packages/airflow/example_dags/example_python_operator.py for tasks to queue
[2024-10-11T03:49:24.044+0000] {logging_mixin.py:190} INFO - [2024-10-11T03:49:24.043+0000] {dagbag.py:588} INFO - Filling up the DagBag from /home/airflow/.local/lib/python3.12/site-packages/airflow/example_dags/example_python_operator.py
[2024-10-11T03:49:24.063+0000] {processor.py:925} INFO - DAG(s) 'example_python_operator' retrieved from /home/airflow/.local/lib/python3.12/site-packages/airflow/example_dags/example_python_operator.py
[2024-10-11T03:49:24.094+0000] {logging_mixin.py:190} INFO - [2024-10-11T03:49:24.093+0000] {dag.py:3239} INFO - Sync 1 DAGs
[2024-10-11T03:49:24.115+0000] {logging_mixin.py:190} INFO - [2024-10-11T03:49:24.115+0000] {dag.py:4180} INFO - Setting next_dagrun for example_python_operator to None, run_after=None
[2024-10-11T03:49:24.140+0000] {processor.py:208} INFO - Processing /home/airflow/.local/lib/python3.12/site-packages/airflow/example_dags/example_python_operator.py took 0.111 seconds
[2024-10-11T03:49:55.058+0000] {processor.py:186} INFO - Started process (PID=2310) to work on /home/airflow/.local/lib/python3.12/site-packages/airflow/example_dags/example_python_operator.py
[2024-10-11T03:49:55.060+0000] {processor.py:914} INFO - Processing file /home/airflow/.local/lib/python3.12/site-packages/airflow/example_dags/example_python_operator.py for tasks to queue
[2024-10-11T03:49:55.062+0000] {logging_mixin.py:190} INFO - [2024-10-11T03:49:55.062+0000] {dagbag.py:588} INFO - Filling up the DagBag from /home/airflow/.local/lib/python3.12/site-packages/airflow/example_dags/example_python_operator.py
[2024-10-11T03:49:55.083+0000] {processor.py:925} INFO - DAG(s) 'example_python_operator' retrieved from /home/airflow/.local/lib/python3.12/site-packages/airflow/example_dags/example_python_operator.py
[2024-10-11T03:49:55.122+0000] {logging_mixin.py:190} INFO - [2024-10-11T03:49:55.122+0000] {dag.py:3239} INFO - Sync 1 DAGs
[2024-10-11T03:49:55.148+0000] {logging_mixin.py:190} INFO - [2024-10-11T03:49:55.148+0000] {dag.py:4180} INFO - Setting next_dagrun for example_python_operator to None, run_after=None
[2024-10-11T03:49:55.179+0000] {processor.py:208} INFO - Processing /home/airflow/.local/lib/python3.12/site-packages/airflow/example_dags/example_python_operator.py took 0.132 seconds
[2024-10-11T03:50:26.519+0000] {processor.py:186} INFO - Started process (PID=2377) to work on /home/airflow/.local/lib/python3.12/site-packages/airflow/example_dags/example_python_operator.py
[2024-10-11T03:50:26.520+0000] {processor.py:914} INFO - Processing file /home/airflow/.local/lib/python3.12/site-packages/airflow/example_dags/example_python_operator.py for tasks to queue
[2024-10-11T03:50:26.523+0000] {logging_mixin.py:190} INFO - [2024-10-11T03:50:26.523+0000] {dagbag.py:588} INFO - Filling up the DagBag from /home/airflow/.local/lib/python3.12/site-packages/airflow/example_dags/example_python_operator.py
[2024-10-11T03:50:26.542+0000] {processor.py:925} INFO - DAG(s) 'example_python_operator' retrieved from /home/airflow/.local/lib/python3.12/site-packages/airflow/example_dags/example_python_operator.py
[2024-10-11T03:50:26.581+0000] {logging_mixin.py:190} INFO - [2024-10-11T03:50:26.581+0000] {dag.py:3239} INFO - Sync 1 DAGs
[2024-10-11T03:50:26.608+0000] {logging_mixin.py:190} INFO - [2024-10-11T03:50:26.608+0000] {dag.py:4180} INFO - Setting next_dagrun for example_python_operator to None, run_after=None
[2024-10-11T03:50:26.638+0000] {processor.py:208} INFO - Processing /home/airflow/.local/lib/python3.12/site-packages/airflow/example_dags/example_python_operator.py took 0.128 seconds
[2024-10-11T03:51:00.721+0000] {processor.py:186} INFO - Started process (PID=2451) to work on /home/airflow/.local/lib/python3.12/site-packages/airflow/example_dags/example_python_operator.py
[2024-10-11T03:51:00.723+0000] {processor.py:914} INFO - Processing file /home/airflow/.local/lib/python3.12/site-packages/airflow/example_dags/example_python_operator.py for tasks to queue
[2024-10-11T03:51:00.727+0000] {logging_mixin.py:190} INFO - [2024-10-11T03:51:00.726+0000] {dagbag.py:588} INFO - Filling up the DagBag from /home/airflow/.local/lib/python3.12/site-packages/airflow/example_dags/example_python_operator.py
[2024-10-11T03:51:00.749+0000] {processor.py:925} INFO - DAG(s) 'example_python_operator' retrieved from /home/airflow/.local/lib/python3.12/site-packages/airflow/example_dags/example_python_operator.py
[2024-10-11T03:51:01.067+0000] {logging_mixin.py:190} INFO - [2024-10-11T03:51:01.066+0000] {dag.py:3239} INFO - Sync 1 DAGs
[2024-10-11T03:51:01.091+0000] {logging_mixin.py:190} INFO - [2024-10-11T03:51:01.090+0000] {dag.py:4180} INFO - Setting next_dagrun for example_python_operator to None, run_after=None
[2024-10-11T03:51:01.116+0000] {processor.py:208} INFO - Processing /home/airflow/.local/lib/python3.12/site-packages/airflow/example_dags/example_python_operator.py took 0.404 seconds
[2024-10-11T03:51:31.555+0000] {processor.py:186} INFO - Started process (PID=2518) to work on /home/airflow/.local/lib/python3.12/site-packages/airflow/example_dags/example_python_operator.py
[2024-10-11T03:51:31.557+0000] {processor.py:914} INFO - Processing file /home/airflow/.local/lib/python3.12/site-packages/airflow/example_dags/example_python_operator.py for tasks to queue
[2024-10-11T03:51:31.563+0000] {logging_mixin.py:190} INFO - [2024-10-11T03:51:31.563+0000] {dagbag.py:588} INFO - Filling up the DagBag from /home/airflow/.local/lib/python3.12/site-packages/airflow/example_dags/example_python_operator.py
[2024-10-11T03:51:31.587+0000] {processor.py:925} INFO - DAG(s) 'example_python_operator' retrieved from /home/airflow/.local/lib/python3.12/site-packages/airflow/example_dags/example_python_operator.py
[2024-10-11T03:51:31.632+0000] {logging_mixin.py:190} INFO - [2024-10-11T03:51:31.631+0000] {dag.py:3239} INFO - Sync 1 DAGs
[2024-10-11T03:51:31.891+0000] {logging_mixin.py:190} INFO - [2024-10-11T03:51:31.890+0000] {dag.py:4180} INFO - Setting next_dagrun for example_python_operator to None, run_after=None
[2024-10-11T03:51:31.931+0000] {processor.py:208} INFO - Processing /home/airflow/.local/lib/python3.12/site-packages/airflow/example_dags/example_python_operator.py took 0.388 seconds
[2024-10-11T03:52:02.411+0000] {processor.py:186} INFO - Started process (PID=2584) to work on /home/airflow/.local/lib/python3.12/site-packages/airflow/example_dags/example_python_operator.py
[2024-10-11T03:52:02.413+0000] {processor.py:914} INFO - Processing file /home/airflow/.local/lib/python3.12/site-packages/airflow/example_dags/example_python_operator.py for tasks to queue
[2024-10-11T03:52:02.417+0000] {logging_mixin.py:190} INFO - [2024-10-11T03:52:02.416+0000] {dagbag.py:588} INFO - Filling up the DagBag from /home/airflow/.local/lib/python3.12/site-packages/airflow/example_dags/example_python_operator.py
[2024-10-11T03:52:02.443+0000] {processor.py:925} INFO - DAG(s) 'example_python_operator' retrieved from /home/airflow/.local/lib/python3.12/site-packages/airflow/example_dags/example_python_operator.py
[2024-10-11T03:52:02.491+0000] {logging_mixin.py:190} INFO - [2024-10-11T03:52:02.491+0000] {dag.py:3239} INFO - Sync 1 DAGs
[2024-10-11T03:52:02.521+0000] {logging_mixin.py:190} INFO - [2024-10-11T03:52:02.520+0000] {dag.py:4180} INFO - Setting next_dagrun for example_python_operator to None, run_after=None
[2024-10-11T03:52:02.800+0000] {processor.py:208} INFO - Processing /home/airflow/.local/lib/python3.12/site-packages/airflow/example_dags/example_python_operator.py took 0.401 seconds
[2024-10-11T03:52:33.603+0000] {processor.py:186} INFO - Started process (PID=2650) to work on /home/airflow/.local/lib/python3.12/site-packages/airflow/example_dags/example_python_operator.py
[2024-10-11T03:52:33.604+0000] {processor.py:914} INFO - Processing file /home/airflow/.local/lib/python3.12/site-packages/airflow/example_dags/example_python_operator.py for tasks to queue
[2024-10-11T03:52:33.609+0000] {logging_mixin.py:190} INFO - [2024-10-11T03:52:33.608+0000] {dagbag.py:588} INFO - Filling up the DagBag from /home/airflow/.local/lib/python3.12/site-packages/airflow/example_dags/example_python_operator.py
[2024-10-11T03:52:33.629+0000] {processor.py:925} INFO - DAG(s) 'example_python_operator' retrieved from /home/airflow/.local/lib/python3.12/site-packages/airflow/example_dags/example_python_operator.py
[2024-10-11T03:52:33.659+0000] {logging_mixin.py:190} INFO - [2024-10-11T03:52:33.659+0000] {dag.py:3239} INFO - Sync 1 DAGs
[2024-10-11T03:52:33.679+0000] {logging_mixin.py:190} INFO - [2024-10-11T03:52:33.679+0000] {dag.py:4180} INFO - Setting next_dagrun for example_python_operator to None, run_after=None
[2024-10-11T03:52:33.705+0000] {processor.py:208} INFO - Processing /home/airflow/.local/lib/python3.12/site-packages/airflow/example_dags/example_python_operator.py took 0.111 seconds
[2024-10-11T03:53:04.398+0000] {processor.py:186} INFO - Started process (PID=2718) to work on /home/airflow/.local/lib/python3.12/site-packages/airflow/example_dags/example_python_operator.py
[2024-10-11T03:53:04.401+0000] {processor.py:914} INFO - Processing file /home/airflow/.local/lib/python3.12/site-packages/airflow/example_dags/example_python_operator.py for tasks to queue
[2024-10-11T03:53:04.406+0000] {logging_mixin.py:190} INFO - [2024-10-11T03:53:04.405+0000] {dagbag.py:588} INFO - Filling up the DagBag from /home/airflow/.local/lib/python3.12/site-packages/airflow/example_dags/example_python_operator.py
[2024-10-11T03:53:04.435+0000] {processor.py:925} INFO - DAG(s) 'example_python_operator' retrieved from /home/airflow/.local/lib/python3.12/site-packages/airflow/example_dags/example_python_operator.py
[2024-10-11T03:53:04.476+0000] {logging_mixin.py:190} INFO - [2024-10-11T03:53:04.475+0000] {dag.py:3239} INFO - Sync 1 DAGs
[2024-10-11T03:53:04.503+0000] {logging_mixin.py:190} INFO - [2024-10-11T03:53:04.503+0000] {dag.py:4180} INFO - Setting next_dagrun for example_python_operator to None, run_after=None
[2024-10-11T03:53:04.536+0000] {processor.py:208} INFO - Processing /home/airflow/.local/lib/python3.12/site-packages/airflow/example_dags/example_python_operator.py took 0.150 seconds
[2024-10-11T03:53:35.516+0000] {processor.py:186} INFO - Started process (PID=2785) to work on /home/airflow/.local/lib/python3.12/site-packages/airflow/example_dags/example_python_operator.py
[2024-10-11T03:53:35.522+0000] {processor.py:914} INFO - Processing file /home/airflow/.local/lib/python3.12/site-packages/airflow/example_dags/example_python_operator.py for tasks to queue
[2024-10-11T03:53:35.536+0000] {logging_mixin.py:190} INFO - [2024-10-11T03:53:35.535+0000] {dagbag.py:588} INFO - Filling up the DagBag from /home/airflow/.local/lib/python3.12/site-packages/airflow/example_dags/example_python_operator.py
[2024-10-11T03:53:35.583+0000] {processor.py:925} INFO - DAG(s) 'example_python_operator' retrieved from /home/airflow/.local/lib/python3.12/site-packages/airflow/example_dags/example_python_operator.py
[2024-10-11T03:53:35.642+0000] {logging_mixin.py:190} INFO - [2024-10-11T03:53:35.642+0000] {dag.py:3239} INFO - Sync 1 DAGs
[2024-10-11T03:53:35.685+0000] {logging_mixin.py:190} INFO - [2024-10-11T03:53:35.684+0000] {dag.py:4180} INFO - Setting next_dagrun for example_python_operator to None, run_after=None
[2024-10-11T03:53:35.729+0000] {processor.py:208} INFO - Processing /home/airflow/.local/lib/python3.12/site-packages/airflow/example_dags/example_python_operator.py took 0.242 seconds
[2024-10-11T03:54:06.563+0000] {processor.py:186} INFO - Started process (PID=2852) to work on /home/airflow/.local/lib/python3.12/site-packages/airflow/example_dags/example_python_operator.py
[2024-10-11T03:54:06.565+0000] {processor.py:914} INFO - Processing file /home/airflow/.local/lib/python3.12/site-packages/airflow/example_dags/example_python_operator.py for tasks to queue
[2024-10-11T03:54:06.570+0000] {logging_mixin.py:190} INFO - [2024-10-11T03:54:06.569+0000] {dagbag.py:588} INFO - Filling up the DagBag from /home/airflow/.local/lib/python3.12/site-packages/airflow/example_dags/example_python_operator.py
[2024-10-11T03:54:06.604+0000] {processor.py:925} INFO - DAG(s) 'example_python_operator' retrieved from /home/airflow/.local/lib/python3.12/site-packages/airflow/example_dags/example_python_operator.py
[2024-10-11T03:54:06.651+0000] {logging_mixin.py:190} INFO - [2024-10-11T03:54:06.650+0000] {dag.py:3239} INFO - Sync 1 DAGs
[2024-10-11T03:54:06.679+0000] {logging_mixin.py:190} INFO - [2024-10-11T03:54:06.678+0000] {dag.py:4180} INFO - Setting next_dagrun for example_python_operator to None, run_after=None
[2024-10-11T03:54:06.713+0000] {processor.py:208} INFO - Processing /home/airflow/.local/lib/python3.12/site-packages/airflow/example_dags/example_python_operator.py took 0.163 seconds
[2024-10-11T03:54:37.973+0000] {processor.py:186} INFO - Started process (PID=2919) to work on /home/airflow/.local/lib/python3.12/site-packages/airflow/example_dags/example_python_operator.py
[2024-10-11T03:54:37.975+0000] {processor.py:914} INFO - Processing file /home/airflow/.local/lib/python3.12/site-packages/airflow/example_dags/example_python_operator.py for tasks to queue
[2024-10-11T03:54:37.982+0000] {logging_mixin.py:190} INFO - [2024-10-11T03:54:37.981+0000] {dagbag.py:588} INFO - Filling up the DagBag from /home/airflow/.local/lib/python3.12/site-packages/airflow/example_dags/example_python_operator.py
[2024-10-11T03:54:38.015+0000] {processor.py:925} INFO - DAG(s) 'example_python_operator' retrieved from /home/airflow/.local/lib/python3.12/site-packages/airflow/example_dags/example_python_operator.py
[2024-10-11T03:54:38.085+0000] {logging_mixin.py:190} INFO - [2024-10-11T03:54:38.085+0000] {dag.py:3239} INFO - Sync 1 DAGs
[2024-10-11T03:54:38.148+0000] {logging_mixin.py:190} INFO - [2024-10-11T03:54:38.146+0000] {dag.py:4180} INFO - Setting next_dagrun for example_python_operator to None, run_after=None
[2024-10-11T03:54:38.209+0000] {processor.py:208} INFO - Processing /home/airflow/.local/lib/python3.12/site-packages/airflow/example_dags/example_python_operator.py took 0.252 seconds
[2024-10-11T03:55:08.776+0000] {processor.py:186} INFO - Started process (PID=2986) to work on /home/airflow/.local/lib/python3.12/site-packages/airflow/example_dags/example_python_operator.py
[2024-10-11T03:55:08.781+0000] {processor.py:914} INFO - Processing file /home/airflow/.local/lib/python3.12/site-packages/airflow/example_dags/example_python_operator.py for tasks to queue
[2024-10-11T03:55:08.786+0000] {logging_mixin.py:190} INFO - [2024-10-11T03:55:08.785+0000] {dagbag.py:588} INFO - Filling up the DagBag from /home/airflow/.local/lib/python3.12/site-packages/airflow/example_dags/example_python_operator.py
[2024-10-11T03:55:08.815+0000] {processor.py:925} INFO - DAG(s) 'example_python_operator' retrieved from /home/airflow/.local/lib/python3.12/site-packages/airflow/example_dags/example_python_operator.py
[2024-10-11T03:55:08.869+0000] {logging_mixin.py:190} INFO - [2024-10-11T03:55:08.869+0000] {dag.py:3239} INFO - Sync 1 DAGs
[2024-10-11T03:55:08.905+0000] {logging_mixin.py:190} INFO - [2024-10-11T03:55:08.904+0000] {dag.py:4180} INFO - Setting next_dagrun for example_python_operator to None, run_after=None
[2024-10-11T03:55:08.946+0000] {processor.py:208} INFO - Processing /home/airflow/.local/lib/python3.12/site-packages/airflow/example_dags/example_python_operator.py took 0.187 seconds
[2024-10-11T03:55:39.271+0000] {processor.py:186} INFO - Started process (PID=3052) to work on /home/airflow/.local/lib/python3.12/site-packages/airflow/example_dags/example_python_operator.py
[2024-10-11T03:55:39.272+0000] {processor.py:914} INFO - Processing file /home/airflow/.local/lib/python3.12/site-packages/airflow/example_dags/example_python_operator.py for tasks to queue
[2024-10-11T03:55:39.277+0000] {logging_mixin.py:190} INFO - [2024-10-11T03:55:39.276+0000] {dagbag.py:588} INFO - Filling up the DagBag from /home/airflow/.local/lib/python3.12/site-packages/airflow/example_dags/example_python_operator.py
[2024-10-11T03:55:39.306+0000] {processor.py:925} INFO - DAG(s) 'example_python_operator' retrieved from /home/airflow/.local/lib/python3.12/site-packages/airflow/example_dags/example_python_operator.py
[2024-10-11T03:55:39.353+0000] {logging_mixin.py:190} INFO - [2024-10-11T03:55:39.352+0000] {dag.py:3239} INFO - Sync 1 DAGs
[2024-10-11T03:55:39.385+0000] {logging_mixin.py:190} INFO - [2024-10-11T03:55:39.384+0000] {dag.py:4180} INFO - Setting next_dagrun for example_python_operator to None, run_after=None
[2024-10-11T03:55:39.422+0000] {processor.py:208} INFO - Processing /home/airflow/.local/lib/python3.12/site-packages/airflow/example_dags/example_python_operator.py took 0.164 seconds
[2024-10-11T03:56:09.637+0000] {processor.py:186} INFO - Started process (PID=3119) to work on /home/airflow/.local/lib/python3.12/site-packages/airflow/example_dags/example_python_operator.py
[2024-10-11T03:56:09.638+0000] {processor.py:914} INFO - Processing file /home/airflow/.local/lib/python3.12/site-packages/airflow/example_dags/example_python_operator.py for tasks to queue
[2024-10-11T03:56:09.643+0000] {logging_mixin.py:190} INFO - [2024-10-11T03:56:09.642+0000] {dagbag.py:588} INFO - Filling up the DagBag from /home/airflow/.local/lib/python3.12/site-packages/airflow/example_dags/example_python_operator.py
[2024-10-11T03:56:09.665+0000] {processor.py:925} INFO - DAG(s) 'example_python_operator' retrieved from /home/airflow/.local/lib/python3.12/site-packages/airflow/example_dags/example_python_operator.py
[2024-10-11T03:56:09.713+0000] {logging_mixin.py:190} INFO - [2024-10-11T03:56:09.713+0000] {dag.py:3239} INFO - Sync 1 DAGs
[2024-10-11T03:56:09.739+0000] {logging_mixin.py:190} INFO - [2024-10-11T03:56:09.738+0000] {dag.py:4180} INFO - Setting next_dagrun for example_python_operator to None, run_after=None
[2024-10-11T03:56:09.772+0000] {processor.py:208} INFO - Processing /home/airflow/.local/lib/python3.12/site-packages/airflow/example_dags/example_python_operator.py took 0.146 seconds
[2024-10-11T03:56:43.840+0000] {processor.py:186} INFO - Started process (PID=3186) to work on /home/airflow/.local/lib/python3.12/site-packages/airflow/example_dags/example_python_operator.py
[2024-10-11T03:56:43.845+0000] {processor.py:914} INFO - Processing file /home/airflow/.local/lib/python3.12/site-packages/airflow/example_dags/example_python_operator.py for tasks to queue
[2024-10-11T03:56:43.852+0000] {logging_mixin.py:190} INFO - [2024-10-11T03:56:43.851+0000] {dagbag.py:588} INFO - Filling up the DagBag from /home/airflow/.local/lib/python3.12/site-packages/airflow/example_dags/example_python_operator.py
[2024-10-11T03:56:43.924+0000] {processor.py:925} INFO - DAG(s) 'example_python_operator' retrieved from /home/airflow/.local/lib/python3.12/site-packages/airflow/example_dags/example_python_operator.py
[2024-10-11T03:56:43.999+0000] {logging_mixin.py:190} INFO - [2024-10-11T03:56:43.998+0000] {dag.py:3239} INFO - Sync 1 DAGs
[2024-10-11T03:56:44.102+0000] {logging_mixin.py:190} INFO - [2024-10-11T03:56:44.101+0000] {dag.py:4180} INFO - Setting next_dagrun for example_python_operator to None, run_after=None
[2024-10-11T03:56:44.191+0000] {processor.py:208} INFO - Processing /home/airflow/.local/lib/python3.12/site-packages/airflow/example_dags/example_python_operator.py took 0.390 seconds
[2024-10-11T03:57:14.665+0000] {processor.py:186} INFO - Started process (PID=3253) to work on /home/airflow/.local/lib/python3.12/site-packages/airflow/example_dags/example_python_operator.py
[2024-10-11T03:57:14.666+0000] {processor.py:914} INFO - Processing file /home/airflow/.local/lib/python3.12/site-packages/airflow/example_dags/example_python_operator.py for tasks to queue
[2024-10-11T03:57:14.670+0000] {logging_mixin.py:190} INFO - [2024-10-11T03:57:14.670+0000] {dagbag.py:588} INFO - Filling up the DagBag from /home/airflow/.local/lib/python3.12/site-packages/airflow/example_dags/example_python_operator.py
[2024-10-11T03:57:14.692+0000] {processor.py:925} INFO - DAG(s) 'example_python_operator' retrieved from /home/airflow/.local/lib/python3.12/site-packages/airflow/example_dags/example_python_operator.py
[2024-10-11T03:57:14.733+0000] {logging_mixin.py:190} INFO - [2024-10-11T03:57:14.732+0000] {dag.py:3239} INFO - Sync 1 DAGs
[2024-10-11T03:57:14.757+0000] {logging_mixin.py:190} INFO - [2024-10-11T03:57:14.757+0000] {dag.py:4180} INFO - Setting next_dagrun for example_python_operator to None, run_after=None
[2024-10-11T03:57:14.785+0000] {processor.py:208} INFO - Processing /home/airflow/.local/lib/python3.12/site-packages/airflow/example_dags/example_python_operator.py took 0.131 seconds
[2024-10-11T03:57:44.978+0000] {processor.py:186} INFO - Started process (PID=3320) to work on /home/airflow/.local/lib/python3.12/site-packages/airflow/example_dags/example_python_operator.py
[2024-10-11T03:57:44.979+0000] {processor.py:914} INFO - Processing file /home/airflow/.local/lib/python3.12/site-packages/airflow/example_dags/example_python_operator.py for tasks to queue
[2024-10-11T03:57:44.981+0000] {logging_mixin.py:190} INFO - [2024-10-11T03:57:44.981+0000] {dagbag.py:588} INFO - Filling up the DagBag from /home/airflow/.local/lib/python3.12/site-packages/airflow/example_dags/example_python_operator.py
[2024-10-11T03:57:44.996+0000] {processor.py:925} INFO - DAG(s) 'example_python_operator' retrieved from /home/airflow/.local/lib/python3.12/site-packages/airflow/example_dags/example_python_operator.py
[2024-10-11T03:57:45.022+0000] {logging_mixin.py:190} INFO - [2024-10-11T03:57:45.022+0000] {dag.py:3239} INFO - Sync 1 DAGs
[2024-10-11T03:57:45.039+0000] {logging_mixin.py:190} INFO - [2024-10-11T03:57:45.039+0000] {dag.py:4180} INFO - Setting next_dagrun for example_python_operator to None, run_after=None
[2024-10-11T03:57:45.064+0000] {processor.py:208} INFO - Processing /home/airflow/.local/lib/python3.12/site-packages/airflow/example_dags/example_python_operator.py took 0.093 seconds
[2024-10-11T03:58:15.509+0000] {processor.py:186} INFO - Started process (PID=3386) to work on /home/airflow/.local/lib/python3.12/site-packages/airflow/example_dags/example_python_operator.py
[2024-10-11T03:58:15.510+0000] {processor.py:914} INFO - Processing file /home/airflow/.local/lib/python3.12/site-packages/airflow/example_dags/example_python_operator.py for tasks to queue
[2024-10-11T03:58:15.515+0000] {logging_mixin.py:190} INFO - [2024-10-11T03:58:15.514+0000] {dagbag.py:588} INFO - Filling up the DagBag from /home/airflow/.local/lib/python3.12/site-packages/airflow/example_dags/example_python_operator.py
[2024-10-11T03:58:15.538+0000] {processor.py:925} INFO - DAG(s) 'example_python_operator' retrieved from /home/airflow/.local/lib/python3.12/site-packages/airflow/example_dags/example_python_operator.py
[2024-10-11T03:58:15.577+0000] {logging_mixin.py:190} INFO - [2024-10-11T03:58:15.577+0000] {dag.py:3239} INFO - Sync 1 DAGs
[2024-10-11T03:58:15.603+0000] {logging_mixin.py:190} INFO - [2024-10-11T03:58:15.603+0000] {dag.py:4180} INFO - Setting next_dagrun for example_python_operator to None, run_after=None
[2024-10-11T03:58:15.630+0000] {processor.py:208} INFO - Processing /home/airflow/.local/lib/python3.12/site-packages/airflow/example_dags/example_python_operator.py took 0.133 seconds
[2024-10-11T03:58:46.951+0000] {processor.py:186} INFO - Started process (PID=3455) to work on /home/airflow/.local/lib/python3.12/site-packages/airflow/example_dags/example_python_operator.py
[2024-10-11T03:58:46.954+0000] {processor.py:914} INFO - Processing file /home/airflow/.local/lib/python3.12/site-packages/airflow/example_dags/example_python_operator.py for tasks to queue
[2024-10-11T03:58:46.958+0000] {logging_mixin.py:190} INFO - [2024-10-11T03:58:46.958+0000] {dagbag.py:588} INFO - Filling up the DagBag from /home/airflow/.local/lib/python3.12/site-packages/airflow/example_dags/example_python_operator.py
[2024-10-11T03:58:47.007+0000] {processor.py:925} INFO - DAG(s) 'example_python_operator' retrieved from /home/airflow/.local/lib/python3.12/site-packages/airflow/example_dags/example_python_operator.py
[2024-10-11T03:58:47.102+0000] {logging_mixin.py:190} INFO - [2024-10-11T03:58:47.101+0000] {dag.py:3239} INFO - Sync 1 DAGs
[2024-10-11T03:58:47.151+0000] {logging_mixin.py:190} INFO - [2024-10-11T03:58:47.150+0000] {dag.py:4180} INFO - Setting next_dagrun for example_python_operator to None, run_after=None
[2024-10-11T03:58:47.198+0000] {processor.py:208} INFO - Processing /home/airflow/.local/lib/python3.12/site-packages/airflow/example_dags/example_python_operator.py took 0.266 seconds
[2024-10-11T03:59:18.119+0000] {processor.py:186} INFO - Started process (PID=3522) to work on /home/airflow/.local/lib/python3.12/site-packages/airflow/example_dags/example_python_operator.py
[2024-10-11T03:59:18.122+0000] {processor.py:914} INFO - Processing file /home/airflow/.local/lib/python3.12/site-packages/airflow/example_dags/example_python_operator.py for tasks to queue
[2024-10-11T03:59:18.128+0000] {logging_mixin.py:190} INFO - [2024-10-11T03:59:18.128+0000] {dagbag.py:588} INFO - Filling up the DagBag from /home/airflow/.local/lib/python3.12/site-packages/airflow/example_dags/example_python_operator.py
[2024-10-11T03:59:18.167+0000] {processor.py:925} INFO - DAG(s) 'example_python_operator' retrieved from /home/airflow/.local/lib/python3.12/site-packages/airflow/example_dags/example_python_operator.py
[2024-10-11T03:59:18.222+0000] {logging_mixin.py:190} INFO - [2024-10-11T03:59:18.221+0000] {dag.py:3239} INFO - Sync 1 DAGs
[2024-10-11T03:59:18.259+0000] {logging_mixin.py:190} INFO - [2024-10-11T03:59:18.259+0000] {dag.py:4180} INFO - Setting next_dagrun for example_python_operator to None, run_after=None
[2024-10-11T03:59:18.301+0000] {processor.py:208} INFO - Processing /home/airflow/.local/lib/python3.12/site-packages/airflow/example_dags/example_python_operator.py took 0.204 seconds
[2024-10-11T03:59:49.735+0000] {processor.py:186} INFO - Started process (PID=3589) to work on /home/airflow/.local/lib/python3.12/site-packages/airflow/example_dags/example_python_operator.py
[2024-10-11T03:59:49.738+0000] {processor.py:914} INFO - Processing file /home/airflow/.local/lib/python3.12/site-packages/airflow/example_dags/example_python_operator.py for tasks to queue
[2024-10-11T03:59:49.743+0000] {logging_mixin.py:190} INFO - [2024-10-11T03:59:49.742+0000] {dagbag.py:588} INFO - Filling up the DagBag from /home/airflow/.local/lib/python3.12/site-packages/airflow/example_dags/example_python_operator.py
[2024-10-11T03:59:49.776+0000] {processor.py:925} INFO - DAG(s) 'example_python_operator' retrieved from /home/airflow/.local/lib/python3.12/site-packages/airflow/example_dags/example_python_operator.py
[2024-10-11T03:59:49.834+0000] {logging_mixin.py:190} INFO - [2024-10-11T03:59:49.833+0000] {dag.py:3239} INFO - Sync 1 DAGs
[2024-10-11T03:59:49.895+0000] {logging_mixin.py:190} INFO - [2024-10-11T03:59:49.895+0000] {dag.py:4180} INFO - Setting next_dagrun for example_python_operator to None, run_after=None
[2024-10-11T03:59:50.026+0000] {processor.py:208} INFO - Processing /home/airflow/.local/lib/python3.12/site-packages/airflow/example_dags/example_python_operator.py took 0.306 seconds
[2024-10-11T04:00:20.883+0000] {processor.py:186} INFO - Started process (PID=3656) to work on /home/airflow/.local/lib/python3.12/site-packages/airflow/example_dags/example_python_operator.py
[2024-10-11T04:00:20.885+0000] {processor.py:914} INFO - Processing file /home/airflow/.local/lib/python3.12/site-packages/airflow/example_dags/example_python_operator.py for tasks to queue
[2024-10-11T04:00:20.894+0000] {logging_mixin.py:190} INFO - [2024-10-11T04:00:20.893+0000] {dagbag.py:588} INFO - Filling up the DagBag from /home/airflow/.local/lib/python3.12/site-packages/airflow/example_dags/example_python_operator.py
[2024-10-11T04:00:20.932+0000] {processor.py:925} INFO - DAG(s) 'example_python_operator' retrieved from /home/airflow/.local/lib/python3.12/site-packages/airflow/example_dags/example_python_operator.py
[2024-10-11T04:00:21.018+0000] {logging_mixin.py:190} INFO - [2024-10-11T04:00:21.017+0000] {dag.py:3239} INFO - Sync 1 DAGs
[2024-10-11T04:00:21.063+0000] {logging_mixin.py:190} INFO - [2024-10-11T04:00:21.062+0000] {dag.py:4180} INFO - Setting next_dagrun for example_python_operator to None, run_after=None
[2024-10-11T04:00:21.110+0000] {processor.py:208} INFO - Processing /home/airflow/.local/lib/python3.12/site-packages/airflow/example_dags/example_python_operator.py took 0.250 seconds
[2024-10-11T04:00:51.200+0000] {processor.py:186} INFO - Started process (PID=3722) to work on /home/airflow/.local/lib/python3.12/site-packages/airflow/example_dags/example_python_operator.py
[2024-10-11T04:00:51.202+0000] {processor.py:914} INFO - Processing file /home/airflow/.local/lib/python3.12/site-packages/airflow/example_dags/example_python_operator.py for tasks to queue
[2024-10-11T04:00:51.209+0000] {logging_mixin.py:190} INFO - [2024-10-11T04:00:51.208+0000] {dagbag.py:588} INFO - Filling up the DagBag from /home/airflow/.local/lib/python3.12/site-packages/airflow/example_dags/example_python_operator.py
[2024-10-11T04:00:51.237+0000] {processor.py:925} INFO - DAG(s) 'example_python_operator' retrieved from /home/airflow/.local/lib/python3.12/site-packages/airflow/example_dags/example_python_operator.py
[2024-10-11T04:00:51.288+0000] {logging_mixin.py:190} INFO - [2024-10-11T04:00:51.287+0000] {dag.py:3239} INFO - Sync 1 DAGs
[2024-10-11T04:00:51.317+0000] {logging_mixin.py:190} INFO - [2024-10-11T04:00:51.317+0000] {dag.py:4180} INFO - Setting next_dagrun for example_python_operator to None, run_after=None
[2024-10-11T04:00:51.354+0000] {processor.py:208} INFO - Processing /home/airflow/.local/lib/python3.12/site-packages/airflow/example_dags/example_python_operator.py took 0.168 seconds
[2024-10-11T04:01:22.151+0000] {processor.py:186} INFO - Started process (PID=3790) to work on /home/airflow/.local/lib/python3.12/site-packages/airflow/example_dags/example_python_operator.py
[2024-10-11T04:01:22.153+0000] {processor.py:914} INFO - Processing file /home/airflow/.local/lib/python3.12/site-packages/airflow/example_dags/example_python_operator.py for tasks to queue
[2024-10-11T04:01:22.158+0000] {logging_mixin.py:190} INFO - [2024-10-11T04:01:22.157+0000] {dagbag.py:588} INFO - Filling up the DagBag from /home/airflow/.local/lib/python3.12/site-packages/airflow/example_dags/example_python_operator.py
[2024-10-11T04:01:22.186+0000] {processor.py:925} INFO - DAG(s) 'example_python_operator' retrieved from /home/airflow/.local/lib/python3.12/site-packages/airflow/example_dags/example_python_operator.py
[2024-10-11T04:01:22.239+0000] {logging_mixin.py:190} INFO - [2024-10-11T04:01:22.239+0000] {dag.py:3239} INFO - Sync 1 DAGs
[2024-10-11T04:01:22.274+0000] {logging_mixin.py:190} INFO - [2024-10-11T04:01:22.274+0000] {dag.py:4180} INFO - Setting next_dagrun for example_python_operator to None, run_after=None
[2024-10-11T04:01:22.317+0000] {processor.py:208} INFO - Processing /home/airflow/.local/lib/python3.12/site-packages/airflow/example_dags/example_python_operator.py took 0.179 seconds
