[2024-10-11T03:33:01.219+0000] {processor.py:186} INFO - Started process (PID=130) to work on /home/airflow/.local/lib/python3.12/site-packages/airflow/example_dags/example_inlet_event_extra.py
[2024-10-11T03:33:01.220+0000] {processor.py:914} INFO - Processing file /home/airflow/.local/lib/python3.12/site-packages/airflow/example_dags/example_inlet_event_extra.py for tasks to queue
[2024-10-11T03:33:01.224+0000] {logging_mixin.py:190} INFO - [2024-10-11T03:33:01.223+0000] {dagbag.py:588} INFO - Filling up the DagBag from /home/airflow/.local/lib/python3.12/site-packages/airflow/example_dags/example_inlet_event_extra.py
[2024-10-11T03:33:01.443+0000] {processor.py:925} INFO - DAG(s) 'read_dataset_event_from_classic', 'read_dataset_event' retrieved from /home/airflow/.local/lib/python3.12/site-packages/airflow/example_dags/example_inlet_event_extra.py
[2024-10-11T03:33:01.478+0000] {logging_mixin.py:190} INFO - [2024-10-11T03:33:01.478+0000] {dag.py:3239} INFO - Sync 2 DAGs
[2024-10-11T03:33:01.527+0000] {logging_mixin.py:190} INFO - [2024-10-11T03:33:01.527+0000] {dag.py:4180} INFO - Setting next_dagrun for read_dataset_event to 2024-10-10 00:00:00+00:00, run_after=2024-10-11 00:00:00+00:00
[2024-10-11T03:33:01.537+0000] {logging_mixin.py:190} INFO - [2024-10-11T03:33:01.536+0000] {dag.py:4180} INFO - Setting next_dagrun for read_dataset_event_from_classic to 2024-10-10 00:00:00+00:00, run_after=2024-10-11 00:00:00+00:00
[2024-10-11T03:33:01.567+0000] {processor.py:208} INFO - Processing /home/airflow/.local/lib/python3.12/site-packages/airflow/example_dags/example_inlet_event_extra.py took 0.365 seconds
[2024-10-11T03:33:31.808+0000] {processor.py:186} INFO - Started process (PID=196) to work on /home/airflow/.local/lib/python3.12/site-packages/airflow/example_dags/example_inlet_event_extra.py
[2024-10-11T03:33:31.809+0000] {processor.py:914} INFO - Processing file /home/airflow/.local/lib/python3.12/site-packages/airflow/example_dags/example_inlet_event_extra.py for tasks to queue
[2024-10-11T03:33:31.812+0000] {logging_mixin.py:190} INFO - [2024-10-11T03:33:31.812+0000] {dagbag.py:588} INFO - Filling up the DagBag from /home/airflow/.local/lib/python3.12/site-packages/airflow/example_dags/example_inlet_event_extra.py
[2024-10-11T03:33:31.991+0000] {processor.py:925} INFO - DAG(s) 'read_dataset_event_from_classic', 'read_dataset_event' retrieved from /home/airflow/.local/lib/python3.12/site-packages/airflow/example_dags/example_inlet_event_extra.py
[2024-10-11T03:33:32.015+0000] {logging_mixin.py:190} INFO - [2024-10-11T03:33:32.014+0000] {dag.py:3239} INFO - Sync 2 DAGs
[2024-10-11T03:33:32.044+0000] {logging_mixin.py:190} INFO - [2024-10-11T03:33:32.043+0000] {dag.py:4180} INFO - Setting next_dagrun for read_dataset_event to 2024-10-10 00:00:00+00:00, run_after=2024-10-11 00:00:00+00:00
[2024-10-11T03:33:32.049+0000] {logging_mixin.py:190} INFO - [2024-10-11T03:33:32.049+0000] {dag.py:4180} INFO - Setting next_dagrun for read_dataset_event_from_classic to 2024-10-10 00:00:00+00:00, run_after=2024-10-11 00:00:00+00:00
[2024-10-11T03:33:32.065+0000] {processor.py:208} INFO - Processing /home/airflow/.local/lib/python3.12/site-packages/airflow/example_dags/example_inlet_event_extra.py took 0.266 seconds
[2024-10-11T03:34:02.122+0000] {processor.py:186} INFO - Started process (PID=261) to work on /home/airflow/.local/lib/python3.12/site-packages/airflow/example_dags/example_inlet_event_extra.py
[2024-10-11T03:34:02.125+0000] {processor.py:914} INFO - Processing file /home/airflow/.local/lib/python3.12/site-packages/airflow/example_dags/example_inlet_event_extra.py for tasks to queue
[2024-10-11T03:34:02.129+0000] {logging_mixin.py:190} INFO - [2024-10-11T03:34:02.128+0000] {dagbag.py:588} INFO - Filling up the DagBag from /home/airflow/.local/lib/python3.12/site-packages/airflow/example_dags/example_inlet_event_extra.py
[2024-10-11T03:34:02.372+0000] {processor.py:925} INFO - DAG(s) 'read_dataset_event_from_classic', 'read_dataset_event' retrieved from /home/airflow/.local/lib/python3.12/site-packages/airflow/example_dags/example_inlet_event_extra.py
[2024-10-11T03:34:02.427+0000] {logging_mixin.py:190} INFO - [2024-10-11T03:34:02.426+0000] {dag.py:3239} INFO - Sync 2 DAGs
[2024-10-11T03:34:02.462+0000] {logging_mixin.py:190} INFO - [2024-10-11T03:34:02.461+0000] {dag.py:4180} INFO - Setting next_dagrun for read_dataset_event to 2024-10-10 00:00:00+00:00, run_after=2024-10-11 00:00:00+00:00
[2024-10-11T03:34:02.470+0000] {logging_mixin.py:190} INFO - [2024-10-11T03:34:02.470+0000] {dag.py:4180} INFO - Setting next_dagrun for read_dataset_event_from_classic to 2024-10-10 00:00:00+00:00, run_after=2024-10-11 00:00:00+00:00
[2024-10-11T03:34:02.496+0000] {processor.py:208} INFO - Processing /home/airflow/.local/lib/python3.12/site-packages/airflow/example_dags/example_inlet_event_extra.py took 0.386 seconds
[2024-10-11T03:34:32.548+0000] {processor.py:186} INFO - Started process (PID=328) to work on /home/airflow/.local/lib/python3.12/site-packages/airflow/example_dags/example_inlet_event_extra.py
[2024-10-11T03:34:32.549+0000] {processor.py:914} INFO - Processing file /home/airflow/.local/lib/python3.12/site-packages/airflow/example_dags/example_inlet_event_extra.py for tasks to queue
[2024-10-11T03:34:32.552+0000] {logging_mixin.py:190} INFO - [2024-10-11T03:34:32.552+0000] {dagbag.py:588} INFO - Filling up the DagBag from /home/airflow/.local/lib/python3.12/site-packages/airflow/example_dags/example_inlet_event_extra.py
[2024-10-11T03:34:32.731+0000] {processor.py:925} INFO - DAG(s) 'read_dataset_event_from_classic', 'read_dataset_event' retrieved from /home/airflow/.local/lib/python3.12/site-packages/airflow/example_dags/example_inlet_event_extra.py
[2024-10-11T03:34:32.758+0000] {logging_mixin.py:190} INFO - [2024-10-11T03:34:32.758+0000] {dag.py:3239} INFO - Sync 2 DAGs
[2024-10-11T03:34:32.789+0000] {logging_mixin.py:190} INFO - [2024-10-11T03:34:32.789+0000] {dag.py:4180} INFO - Setting next_dagrun for read_dataset_event to 2024-10-10 00:00:00+00:00, run_after=2024-10-11 00:00:00+00:00
[2024-10-11T03:34:32.795+0000] {logging_mixin.py:190} INFO - [2024-10-11T03:34:32.794+0000] {dag.py:4180} INFO - Setting next_dagrun for read_dataset_event_from_classic to 2024-10-10 00:00:00+00:00, run_after=2024-10-11 00:00:00+00:00
[2024-10-11T03:34:32.813+0000] {processor.py:208} INFO - Processing /home/airflow/.local/lib/python3.12/site-packages/airflow/example_dags/example_inlet_event_extra.py took 0.272 seconds
[2024-10-11T03:35:03.604+0000] {processor.py:186} INFO - Started process (PID=394) to work on /home/airflow/.local/lib/python3.12/site-packages/airflow/example_dags/example_inlet_event_extra.py
[2024-10-11T03:35:03.605+0000] {processor.py:914} INFO - Processing file /home/airflow/.local/lib/python3.12/site-packages/airflow/example_dags/example_inlet_event_extra.py for tasks to queue
[2024-10-11T03:35:03.609+0000] {logging_mixin.py:190} INFO - [2024-10-11T03:35:03.608+0000] {dagbag.py:588} INFO - Filling up the DagBag from /home/airflow/.local/lib/python3.12/site-packages/airflow/example_dags/example_inlet_event_extra.py
[2024-10-11T03:35:03.774+0000] {processor.py:925} INFO - DAG(s) 'read_dataset_event_from_classic', 'read_dataset_event' retrieved from /home/airflow/.local/lib/python3.12/site-packages/airflow/example_dags/example_inlet_event_extra.py
[2024-10-11T03:35:03.799+0000] {logging_mixin.py:190} INFO - [2024-10-11T03:35:03.799+0000] {dag.py:3239} INFO - Sync 2 DAGs
[2024-10-11T03:35:03.840+0000] {logging_mixin.py:190} INFO - [2024-10-11T03:35:03.839+0000] {dag.py:4180} INFO - Setting next_dagrun for read_dataset_event to 2024-10-10 00:00:00+00:00, run_after=2024-10-11 00:00:00+00:00
[2024-10-11T03:35:03.848+0000] {logging_mixin.py:190} INFO - [2024-10-11T03:35:03.847+0000] {dag.py:4180} INFO - Setting next_dagrun for read_dataset_event_from_classic to 2024-10-10 00:00:00+00:00, run_after=2024-10-11 00:00:00+00:00
[2024-10-11T03:35:03.879+0000] {processor.py:208} INFO - Processing /home/airflow/.local/lib/python3.12/site-packages/airflow/example_dags/example_inlet_event_extra.py took 0.283 seconds
[2024-10-11T03:35:34.556+0000] {processor.py:186} INFO - Started process (PID=459) to work on /home/airflow/.local/lib/python3.12/site-packages/airflow/example_dags/example_inlet_event_extra.py
[2024-10-11T03:35:34.558+0000] {processor.py:914} INFO - Processing file /home/airflow/.local/lib/python3.12/site-packages/airflow/example_dags/example_inlet_event_extra.py for tasks to queue
[2024-10-11T03:35:34.561+0000] {logging_mixin.py:190} INFO - [2024-10-11T03:35:34.561+0000] {dagbag.py:588} INFO - Filling up the DagBag from /home/airflow/.local/lib/python3.12/site-packages/airflow/example_dags/example_inlet_event_extra.py
[2024-10-11T03:35:34.742+0000] {processor.py:925} INFO - DAG(s) 'read_dataset_event', 'read_dataset_event_from_classic' retrieved from /home/airflow/.local/lib/python3.12/site-packages/airflow/example_dags/example_inlet_event_extra.py
[2024-10-11T03:35:34.777+0000] {logging_mixin.py:190} INFO - [2024-10-11T03:35:34.777+0000] {dag.py:3239} INFO - Sync 2 DAGs
[2024-10-11T03:35:34.823+0000] {logging_mixin.py:190} INFO - [2024-10-11T03:35:34.823+0000] {dag.py:4180} INFO - Setting next_dagrun for read_dataset_event to 2024-10-10 00:00:00+00:00, run_after=2024-10-11 00:00:00+00:00
[2024-10-11T03:35:34.830+0000] {logging_mixin.py:190} INFO - [2024-10-11T03:35:34.830+0000] {dag.py:4180} INFO - Setting next_dagrun for read_dataset_event_from_classic to 2024-10-10 00:00:00+00:00, run_after=2024-10-11 00:00:00+00:00
[2024-10-11T03:35:34.859+0000] {processor.py:208} INFO - Processing /home/airflow/.local/lib/python3.12/site-packages/airflow/example_dags/example_inlet_event_extra.py took 0.312 seconds
[2024-10-11T03:36:04.950+0000] {processor.py:186} INFO - Started process (PID=526) to work on /home/airflow/.local/lib/python3.12/site-packages/airflow/example_dags/example_inlet_event_extra.py
[2024-10-11T03:36:04.952+0000] {processor.py:914} INFO - Processing file /home/airflow/.local/lib/python3.12/site-packages/airflow/example_dags/example_inlet_event_extra.py for tasks to queue
[2024-10-11T03:36:04.957+0000] {logging_mixin.py:190} INFO - [2024-10-11T03:36:04.957+0000] {dagbag.py:588} INFO - Filling up the DagBag from /home/airflow/.local/lib/python3.12/site-packages/airflow/example_dags/example_inlet_event_extra.py
[2024-10-11T03:36:05.177+0000] {processor.py:925} INFO - DAG(s) 'read_dataset_event', 'read_dataset_event_from_classic' retrieved from /home/airflow/.local/lib/python3.12/site-packages/airflow/example_dags/example_inlet_event_extra.py
[2024-10-11T03:36:05.211+0000] {logging_mixin.py:190} INFO - [2024-10-11T03:36:05.210+0000] {dag.py:3239} INFO - Sync 2 DAGs
[2024-10-11T03:36:05.264+0000] {logging_mixin.py:190} INFO - [2024-10-11T03:36:05.264+0000] {dag.py:4180} INFO - Setting next_dagrun for read_dataset_event to 2024-10-10 00:00:00+00:00, run_after=2024-10-11 00:00:00+00:00
[2024-10-11T03:36:05.273+0000] {logging_mixin.py:190} INFO - [2024-10-11T03:36:05.272+0000] {dag.py:4180} INFO - Setting next_dagrun for read_dataset_event_from_classic to 2024-10-10 00:00:00+00:00, run_after=2024-10-11 00:00:00+00:00
[2024-10-11T03:36:05.297+0000] {processor.py:208} INFO - Processing /home/airflow/.local/lib/python3.12/site-packages/airflow/example_dags/example_inlet_event_extra.py took 0.357 seconds
[2024-10-11T03:36:36.398+0000] {processor.py:186} INFO - Started process (PID=593) to work on /home/airflow/.local/lib/python3.12/site-packages/airflow/example_dags/example_inlet_event_extra.py
[2024-10-11T03:36:36.403+0000] {processor.py:914} INFO - Processing file /home/airflow/.local/lib/python3.12/site-packages/airflow/example_dags/example_inlet_event_extra.py for tasks to queue
[2024-10-11T03:36:36.413+0000] {logging_mixin.py:190} INFO - [2024-10-11T03:36:36.412+0000] {dagbag.py:588} INFO - Filling up the DagBag from /home/airflow/.local/lib/python3.12/site-packages/airflow/example_dags/example_inlet_event_extra.py
[2024-10-11T03:36:36.643+0000] {processor.py:925} INFO - DAG(s) 'read_dataset_event', 'read_dataset_event_from_classic' retrieved from /home/airflow/.local/lib/python3.12/site-packages/airflow/example_dags/example_inlet_event_extra.py
[2024-10-11T03:36:36.678+0000] {logging_mixin.py:190} INFO - [2024-10-11T03:36:36.678+0000] {dag.py:3239} INFO - Sync 2 DAGs
[2024-10-11T03:36:36.720+0000] {logging_mixin.py:190} INFO - [2024-10-11T03:36:36.720+0000] {dag.py:4180} INFO - Setting next_dagrun for read_dataset_event to 2024-10-10 00:00:00+00:00, run_after=2024-10-11 00:00:00+00:00
[2024-10-11T03:36:36.728+0000] {logging_mixin.py:190} INFO - [2024-10-11T03:36:36.728+0000] {dag.py:4180} INFO - Setting next_dagrun for read_dataset_event_from_classic to 2024-10-10 00:00:00+00:00, run_after=2024-10-11 00:00:00+00:00
[2024-10-11T03:36:36.763+0000] {processor.py:208} INFO - Processing /home/airflow/.local/lib/python3.12/site-packages/airflow/example_dags/example_inlet_event_extra.py took 0.379 seconds
[2024-10-11T03:37:07.078+0000] {processor.py:186} INFO - Started process (PID=660) to work on /home/airflow/.local/lib/python3.12/site-packages/airflow/example_dags/example_inlet_event_extra.py
[2024-10-11T03:37:07.080+0000] {processor.py:914} INFO - Processing file /home/airflow/.local/lib/python3.12/site-packages/airflow/example_dags/example_inlet_event_extra.py for tasks to queue
[2024-10-11T03:37:07.083+0000] {logging_mixin.py:190} INFO - [2024-10-11T03:37:07.083+0000] {dagbag.py:588} INFO - Filling up the DagBag from /home/airflow/.local/lib/python3.12/site-packages/airflow/example_dags/example_inlet_event_extra.py
[2024-10-11T03:37:07.272+0000] {processor.py:925} INFO - DAG(s) 'read_dataset_event_from_classic', 'read_dataset_event' retrieved from /home/airflow/.local/lib/python3.12/site-packages/airflow/example_dags/example_inlet_event_extra.py
[2024-10-11T03:37:07.299+0000] {logging_mixin.py:190} INFO - [2024-10-11T03:37:07.299+0000] {dag.py:3239} INFO - Sync 2 DAGs
[2024-10-11T03:37:07.331+0000] {logging_mixin.py:190} INFO - [2024-10-11T03:37:07.331+0000] {dag.py:4180} INFO - Setting next_dagrun for read_dataset_event to 2024-10-10 00:00:00+00:00, run_after=2024-10-11 00:00:00+00:00
[2024-10-11T03:37:07.338+0000] {logging_mixin.py:190} INFO - [2024-10-11T03:37:07.338+0000] {dag.py:4180} INFO - Setting next_dagrun for read_dataset_event_from_classic to 2024-10-10 00:00:00+00:00, run_after=2024-10-11 00:00:00+00:00
[2024-10-11T03:37:07.361+0000] {processor.py:208} INFO - Processing /home/airflow/.local/lib/python3.12/site-packages/airflow/example_dags/example_inlet_event_extra.py took 0.291 seconds
[2024-10-11T03:37:38.774+0000] {processor.py:186} INFO - Started process (PID=727) to work on /home/airflow/.local/lib/python3.12/site-packages/airflow/example_dags/example_inlet_event_extra.py
[2024-10-11T03:37:38.775+0000] {processor.py:914} INFO - Processing file /home/airflow/.local/lib/python3.12/site-packages/airflow/example_dags/example_inlet_event_extra.py for tasks to queue
[2024-10-11T03:37:38.779+0000] {logging_mixin.py:190} INFO - [2024-10-11T03:37:38.779+0000] {dagbag.py:588} INFO - Filling up the DagBag from /home/airflow/.local/lib/python3.12/site-packages/airflow/example_dags/example_inlet_event_extra.py
[2024-10-11T03:37:38.982+0000] {processor.py:925} INFO - DAG(s) 'read_dataset_event_from_classic', 'read_dataset_event' retrieved from /home/airflow/.local/lib/python3.12/site-packages/airflow/example_dags/example_inlet_event_extra.py
[2024-10-11T03:37:39.013+0000] {logging_mixin.py:190} INFO - [2024-10-11T03:37:39.013+0000] {dag.py:3239} INFO - Sync 2 DAGs
[2024-10-11T03:37:39.051+0000] {logging_mixin.py:190} INFO - [2024-10-11T03:37:39.050+0000] {dag.py:4180} INFO - Setting next_dagrun for read_dataset_event to 2024-10-10 00:00:00+00:00, run_after=2024-10-11 00:00:00+00:00
[2024-10-11T03:37:39.057+0000] {logging_mixin.py:190} INFO - [2024-10-11T03:37:39.056+0000] {dag.py:4180} INFO - Setting next_dagrun for read_dataset_event_from_classic to 2024-10-10 00:00:00+00:00, run_after=2024-10-11 00:00:00+00:00
[2024-10-11T03:37:39.077+0000] {processor.py:208} INFO - Processing /home/airflow/.local/lib/python3.12/site-packages/airflow/example_dags/example_inlet_event_extra.py took 0.312 seconds
[2024-10-11T03:38:09.595+0000] {processor.py:186} INFO - Started process (PID=793) to work on /home/airflow/.local/lib/python3.12/site-packages/airflow/example_dags/example_inlet_event_extra.py
[2024-10-11T03:38:09.597+0000] {processor.py:914} INFO - Processing file /home/airflow/.local/lib/python3.12/site-packages/airflow/example_dags/example_inlet_event_extra.py for tasks to queue
[2024-10-11T03:38:09.601+0000] {logging_mixin.py:190} INFO - [2024-10-11T03:38:09.601+0000] {dagbag.py:588} INFO - Filling up the DagBag from /home/airflow/.local/lib/python3.12/site-packages/airflow/example_dags/example_inlet_event_extra.py
[2024-10-11T03:38:09.770+0000] {processor.py:925} INFO - DAG(s) 'read_dataset_event_from_classic', 'read_dataset_event' retrieved from /home/airflow/.local/lib/python3.12/site-packages/airflow/example_dags/example_inlet_event_extra.py
[2024-10-11T03:38:09.790+0000] {logging_mixin.py:190} INFO - [2024-10-11T03:38:09.790+0000] {dag.py:3239} INFO - Sync 2 DAGs
[2024-10-11T03:38:09.818+0000] {logging_mixin.py:190} INFO - [2024-10-11T03:38:09.818+0000] {dag.py:4180} INFO - Setting next_dagrun for read_dataset_event to 2024-10-10 00:00:00+00:00, run_after=2024-10-11 00:00:00+00:00
[2024-10-11T03:38:09.823+0000] {logging_mixin.py:190} INFO - [2024-10-11T03:38:09.823+0000] {dag.py:4180} INFO - Setting next_dagrun for read_dataset_event_from_classic to 2024-10-10 00:00:00+00:00, run_after=2024-10-11 00:00:00+00:00
[2024-10-11T03:38:09.839+0000] {processor.py:208} INFO - Processing /home/airflow/.local/lib/python3.12/site-packages/airflow/example_dags/example_inlet_event_extra.py took 0.253 seconds
[2024-10-11T03:38:40.279+0000] {processor.py:186} INFO - Started process (PID=855) to work on /home/airflow/.local/lib/python3.12/site-packages/airflow/example_dags/example_inlet_event_extra.py
[2024-10-11T03:38:40.280+0000] {processor.py:914} INFO - Processing file /home/airflow/.local/lib/python3.12/site-packages/airflow/example_dags/example_inlet_event_extra.py for tasks to queue
[2024-10-11T03:38:40.283+0000] {logging_mixin.py:190} INFO - [2024-10-11T03:38:40.283+0000] {dagbag.py:588} INFO - Filling up the DagBag from /home/airflow/.local/lib/python3.12/site-packages/airflow/example_dags/example_inlet_event_extra.py
[2024-10-11T03:38:40.455+0000] {processor.py:925} INFO - DAG(s) 'read_dataset_event', 'read_dataset_event_from_classic' retrieved from /home/airflow/.local/lib/python3.12/site-packages/airflow/example_dags/example_inlet_event_extra.py
[2024-10-11T03:38:40.479+0000] {logging_mixin.py:190} INFO - [2024-10-11T03:38:40.479+0000] {dag.py:3239} INFO - Sync 2 DAGs
[2024-10-11T03:38:40.508+0000] {logging_mixin.py:190} INFO - [2024-10-11T03:38:40.508+0000] {dag.py:4180} INFO - Setting next_dagrun for read_dataset_event to 2024-10-10 00:00:00+00:00, run_after=2024-10-11 00:00:00+00:00
[2024-10-11T03:38:40.513+0000] {logging_mixin.py:190} INFO - [2024-10-11T03:38:40.513+0000] {dag.py:4180} INFO - Setting next_dagrun for read_dataset_event_from_classic to 2024-10-10 00:00:00+00:00, run_after=2024-10-11 00:00:00+00:00
[2024-10-11T03:38:40.530+0000] {processor.py:208} INFO - Processing /home/airflow/.local/lib/python3.12/site-packages/airflow/example_dags/example_inlet_event_extra.py took 0.261 seconds
[2024-10-11T03:39:11.065+0000] {processor.py:186} INFO - Started process (PID=921) to work on /home/airflow/.local/lib/python3.12/site-packages/airflow/example_dags/example_inlet_event_extra.py
[2024-10-11T03:39:11.066+0000] {processor.py:914} INFO - Processing file /home/airflow/.local/lib/python3.12/site-packages/airflow/example_dags/example_inlet_event_extra.py for tasks to queue
[2024-10-11T03:39:11.069+0000] {logging_mixin.py:190} INFO - [2024-10-11T03:39:11.069+0000] {dagbag.py:588} INFO - Filling up the DagBag from /home/airflow/.local/lib/python3.12/site-packages/airflow/example_dags/example_inlet_event_extra.py
[2024-10-11T03:39:11.236+0000] {processor.py:925} INFO - DAG(s) 'read_dataset_event_from_classic', 'read_dataset_event' retrieved from /home/airflow/.local/lib/python3.12/site-packages/airflow/example_dags/example_inlet_event_extra.py
[2024-10-11T03:39:11.260+0000] {logging_mixin.py:190} INFO - [2024-10-11T03:39:11.259+0000] {dag.py:3239} INFO - Sync 2 DAGs
[2024-10-11T03:39:11.290+0000] {logging_mixin.py:190} INFO - [2024-10-11T03:39:11.290+0000] {dag.py:4180} INFO - Setting next_dagrun for read_dataset_event to 2024-10-10 00:00:00+00:00, run_after=2024-10-11 00:00:00+00:00
[2024-10-11T03:39:11.302+0000] {logging_mixin.py:190} INFO - [2024-10-11T03:39:11.302+0000] {dag.py:4180} INFO - Setting next_dagrun for read_dataset_event_from_classic to 2024-10-10 00:00:00+00:00, run_after=2024-10-11 00:00:00+00:00
[2024-10-11T03:39:11.319+0000] {processor.py:208} INFO - Processing /home/airflow/.local/lib/python3.12/site-packages/airflow/example_dags/example_inlet_event_extra.py took 0.261 seconds
[2024-10-11T03:39:42.103+0000] {processor.py:186} INFO - Started process (PID=987) to work on /home/airflow/.local/lib/python3.12/site-packages/airflow/example_dags/example_inlet_event_extra.py
[2024-10-11T03:39:42.105+0000] {processor.py:914} INFO - Processing file /home/airflow/.local/lib/python3.12/site-packages/airflow/example_dags/example_inlet_event_extra.py for tasks to queue
[2024-10-11T03:39:42.109+0000] {logging_mixin.py:190} INFO - [2024-10-11T03:39:42.109+0000] {dagbag.py:588} INFO - Filling up the DagBag from /home/airflow/.local/lib/python3.12/site-packages/airflow/example_dags/example_inlet_event_extra.py
[2024-10-11T03:39:42.319+0000] {processor.py:925} INFO - DAG(s) 'read_dataset_event', 'read_dataset_event_from_classic' retrieved from /home/airflow/.local/lib/python3.12/site-packages/airflow/example_dags/example_inlet_event_extra.py
[2024-10-11T03:39:42.357+0000] {logging_mixin.py:190} INFO - [2024-10-11T03:39:42.357+0000] {dag.py:3239} INFO - Sync 2 DAGs
[2024-10-11T03:39:42.414+0000] {logging_mixin.py:190} INFO - [2024-10-11T03:39:42.414+0000] {dag.py:4180} INFO - Setting next_dagrun for read_dataset_event to 2024-10-10 00:00:00+00:00, run_after=2024-10-11 00:00:00+00:00
[2024-10-11T03:39:42.424+0000] {logging_mixin.py:190} INFO - [2024-10-11T03:39:42.423+0000] {dag.py:4180} INFO - Setting next_dagrun for read_dataset_event_from_classic to 2024-10-10 00:00:00+00:00, run_after=2024-10-11 00:00:00+00:00
[2024-10-11T03:39:42.460+0000] {processor.py:208} INFO - Processing /home/airflow/.local/lib/python3.12/site-packages/airflow/example_dags/example_inlet_event_extra.py took 0.367 seconds
[2024-10-11T03:40:13.170+0000] {processor.py:186} INFO - Started process (PID=1053) to work on /home/airflow/.local/lib/python3.12/site-packages/airflow/example_dags/example_inlet_event_extra.py
[2024-10-11T03:40:13.171+0000] {processor.py:914} INFO - Processing file /home/airflow/.local/lib/python3.12/site-packages/airflow/example_dags/example_inlet_event_extra.py for tasks to queue
[2024-10-11T03:40:13.174+0000] {logging_mixin.py:190} INFO - [2024-10-11T03:40:13.174+0000] {dagbag.py:588} INFO - Filling up the DagBag from /home/airflow/.local/lib/python3.12/site-packages/airflow/example_dags/example_inlet_event_extra.py
[2024-10-11T03:40:13.393+0000] {processor.py:925} INFO - DAG(s) 'read_dataset_event_from_classic', 'read_dataset_event' retrieved from /home/airflow/.local/lib/python3.12/site-packages/airflow/example_dags/example_inlet_event_extra.py
[2024-10-11T03:40:13.433+0000] {logging_mixin.py:190} INFO - [2024-10-11T03:40:13.432+0000] {dag.py:3239} INFO - Sync 2 DAGs
[2024-10-11T03:40:13.469+0000] {logging_mixin.py:190} INFO - [2024-10-11T03:40:13.469+0000] {dag.py:4180} INFO - Setting next_dagrun for read_dataset_event to 2024-10-10 00:00:00+00:00, run_after=2024-10-11 00:00:00+00:00
[2024-10-11T03:40:13.476+0000] {logging_mixin.py:190} INFO - [2024-10-11T03:40:13.475+0000] {dag.py:4180} INFO - Setting next_dagrun for read_dataset_event_from_classic to 2024-10-10 00:00:00+00:00, run_after=2024-10-11 00:00:00+00:00
[2024-10-11T03:40:13.503+0000] {processor.py:208} INFO - Processing /home/airflow/.local/lib/python3.12/site-packages/airflow/example_dags/example_inlet_event_extra.py took 0.339 seconds
[2024-10-11T03:40:44.223+0000] {processor.py:186} INFO - Started process (PID=1119) to work on /home/airflow/.local/lib/python3.12/site-packages/airflow/example_dags/example_inlet_event_extra.py
[2024-10-11T03:40:44.225+0000] {processor.py:914} INFO - Processing file /home/airflow/.local/lib/python3.12/site-packages/airflow/example_dags/example_inlet_event_extra.py for tasks to queue
[2024-10-11T03:40:44.228+0000] {logging_mixin.py:190} INFO - [2024-10-11T03:40:44.228+0000] {dagbag.py:588} INFO - Filling up the DagBag from /home/airflow/.local/lib/python3.12/site-packages/airflow/example_dags/example_inlet_event_extra.py
[2024-10-11T03:40:44.393+0000] {processor.py:925} INFO - DAG(s) 'read_dataset_event', 'read_dataset_event_from_classic' retrieved from /home/airflow/.local/lib/python3.12/site-packages/airflow/example_dags/example_inlet_event_extra.py
[2024-10-11T03:40:44.420+0000] {logging_mixin.py:190} INFO - [2024-10-11T03:40:44.420+0000] {dag.py:3239} INFO - Sync 2 DAGs
[2024-10-11T03:40:44.451+0000] {logging_mixin.py:190} INFO - [2024-10-11T03:40:44.450+0000] {dag.py:4180} INFO - Setting next_dagrun for read_dataset_event to 2024-10-10 00:00:00+00:00, run_after=2024-10-11 00:00:00+00:00
[2024-10-11T03:40:44.457+0000] {logging_mixin.py:190} INFO - [2024-10-11T03:40:44.457+0000] {dag.py:4180} INFO - Setting next_dagrun for read_dataset_event_from_classic to 2024-10-10 00:00:00+00:00, run_after=2024-10-11 00:00:00+00:00
[2024-10-11T03:40:44.474+0000] {processor.py:208} INFO - Processing /home/airflow/.local/lib/python3.12/site-packages/airflow/example_dags/example_inlet_event_extra.py took 0.259 seconds
[2024-10-11T03:41:15.199+0000] {processor.py:186} INFO - Started process (PID=1185) to work on /home/airflow/.local/lib/python3.12/site-packages/airflow/example_dags/example_inlet_event_extra.py
[2024-10-11T03:41:15.201+0000] {processor.py:914} INFO - Processing file /home/airflow/.local/lib/python3.12/site-packages/airflow/example_dags/example_inlet_event_extra.py for tasks to queue
[2024-10-11T03:41:15.204+0000] {logging_mixin.py:190} INFO - [2024-10-11T03:41:15.203+0000] {dagbag.py:588} INFO - Filling up the DagBag from /home/airflow/.local/lib/python3.12/site-packages/airflow/example_dags/example_inlet_event_extra.py
[2024-10-11T03:41:15.375+0000] {processor.py:925} INFO - DAG(s) 'read_dataset_event_from_classic', 'read_dataset_event' retrieved from /home/airflow/.local/lib/python3.12/site-packages/airflow/example_dags/example_inlet_event_extra.py
[2024-10-11T03:41:15.402+0000] {logging_mixin.py:190} INFO - [2024-10-11T03:41:15.401+0000] {dag.py:3239} INFO - Sync 2 DAGs
[2024-10-11T03:41:15.443+0000] {logging_mixin.py:190} INFO - [2024-10-11T03:41:15.442+0000] {dag.py:4180} INFO - Setting next_dagrun for read_dataset_event to 2024-10-10 00:00:00+00:00, run_after=2024-10-11 00:00:00+00:00
[2024-10-11T03:41:15.449+0000] {logging_mixin.py:190} INFO - [2024-10-11T03:41:15.449+0000] {dag.py:4180} INFO - Setting next_dagrun for read_dataset_event_from_classic to 2024-10-10 00:00:00+00:00, run_after=2024-10-11 00:00:00+00:00
[2024-10-11T03:41:15.469+0000] {processor.py:208} INFO - Processing /home/airflow/.local/lib/python3.12/site-packages/airflow/example_dags/example_inlet_event_extra.py took 0.277 seconds
[2024-10-11T03:41:45.962+0000] {processor.py:186} INFO - Started process (PID=1251) to work on /home/airflow/.local/lib/python3.12/site-packages/airflow/example_dags/example_inlet_event_extra.py
[2024-10-11T03:41:45.964+0000] {processor.py:914} INFO - Processing file /home/airflow/.local/lib/python3.12/site-packages/airflow/example_dags/example_inlet_event_extra.py for tasks to queue
[2024-10-11T03:41:45.967+0000] {logging_mixin.py:190} INFO - [2024-10-11T03:41:45.967+0000] {dagbag.py:588} INFO - Filling up the DagBag from /home/airflow/.local/lib/python3.12/site-packages/airflow/example_dags/example_inlet_event_extra.py
[2024-10-11T03:41:46.154+0000] {processor.py:925} INFO - DAG(s) 'read_dataset_event_from_classic', 'read_dataset_event' retrieved from /home/airflow/.local/lib/python3.12/site-packages/airflow/example_dags/example_inlet_event_extra.py
[2024-10-11T03:41:46.200+0000] {logging_mixin.py:190} INFO - [2024-10-11T03:41:46.200+0000] {dag.py:3239} INFO - Sync 2 DAGs
[2024-10-11T03:41:46.234+0000] {logging_mixin.py:190} INFO - [2024-10-11T03:41:46.234+0000] {dag.py:4180} INFO - Setting next_dagrun for read_dataset_event to 2024-10-10 00:00:00+00:00, run_after=2024-10-11 00:00:00+00:00
[2024-10-11T03:41:46.241+0000] {logging_mixin.py:190} INFO - [2024-10-11T03:41:46.241+0000] {dag.py:4180} INFO - Setting next_dagrun for read_dataset_event_from_classic to 2024-10-10 00:00:00+00:00, run_after=2024-10-11 00:00:00+00:00
[2024-10-11T03:41:46.462+0000] {processor.py:208} INFO - Processing /home/airflow/.local/lib/python3.12/site-packages/airflow/example_dags/example_inlet_event_extra.py took 0.508 seconds
[2024-10-11T03:42:16.564+0000] {processor.py:186} INFO - Started process (PID=1317) to work on /home/airflow/.local/lib/python3.12/site-packages/airflow/example_dags/example_inlet_event_extra.py
[2024-10-11T03:42:16.566+0000] {processor.py:914} INFO - Processing file /home/airflow/.local/lib/python3.12/site-packages/airflow/example_dags/example_inlet_event_extra.py for tasks to queue
[2024-10-11T03:42:16.569+0000] {logging_mixin.py:190} INFO - [2024-10-11T03:42:16.569+0000] {dagbag.py:588} INFO - Filling up the DagBag from /home/airflow/.local/lib/python3.12/site-packages/airflow/example_dags/example_inlet_event_extra.py
[2024-10-11T03:42:16.742+0000] {processor.py:925} INFO - DAG(s) 'read_dataset_event', 'read_dataset_event_from_classic' retrieved from /home/airflow/.local/lib/python3.12/site-packages/airflow/example_dags/example_inlet_event_extra.py
[2024-10-11T03:42:16.774+0000] {logging_mixin.py:190} INFO - [2024-10-11T03:42:16.774+0000] {dag.py:3239} INFO - Sync 2 DAGs
[2024-10-11T03:42:16.809+0000] {logging_mixin.py:190} INFO - [2024-10-11T03:42:16.809+0000] {dag.py:4180} INFO - Setting next_dagrun for read_dataset_event to 2024-10-10 00:00:00+00:00, run_after=2024-10-11 00:00:00+00:00
[2024-10-11T03:42:16.814+0000] {logging_mixin.py:190} INFO - [2024-10-11T03:42:16.814+0000] {dag.py:4180} INFO - Setting next_dagrun for read_dataset_event_from_classic to 2024-10-10 00:00:00+00:00, run_after=2024-10-11 00:00:00+00:00
[2024-10-11T03:42:16.831+0000] {processor.py:208} INFO - Processing /home/airflow/.local/lib/python3.12/site-packages/airflow/example_dags/example_inlet_event_extra.py took 0.274 seconds
[2024-10-11T03:42:47.141+0000] {processor.py:186} INFO - Started process (PID=1383) to work on /home/airflow/.local/lib/python3.12/site-packages/airflow/example_dags/example_inlet_event_extra.py
[2024-10-11T03:42:47.142+0000] {processor.py:914} INFO - Processing file /home/airflow/.local/lib/python3.12/site-packages/airflow/example_dags/example_inlet_event_extra.py for tasks to queue
[2024-10-11T03:42:47.145+0000] {logging_mixin.py:190} INFO - [2024-10-11T03:42:47.145+0000] {dagbag.py:588} INFO - Filling up the DagBag from /home/airflow/.local/lib/python3.12/site-packages/airflow/example_dags/example_inlet_event_extra.py
[2024-10-11T03:42:47.349+0000] {processor.py:925} INFO - DAG(s) 'read_dataset_event', 'read_dataset_event_from_classic' retrieved from /home/airflow/.local/lib/python3.12/site-packages/airflow/example_dags/example_inlet_event_extra.py
[2024-10-11T03:42:47.427+0000] {logging_mixin.py:190} INFO - [2024-10-11T03:42:47.427+0000] {dag.py:3239} INFO - Sync 2 DAGs
[2024-10-11T03:42:47.482+0000] {logging_mixin.py:190} INFO - [2024-10-11T03:42:47.482+0000] {dag.py:4180} INFO - Setting next_dagrun for read_dataset_event to 2024-10-10 00:00:00+00:00, run_after=2024-10-11 00:00:00+00:00
[2024-10-11T03:42:47.494+0000] {logging_mixin.py:190} INFO - [2024-10-11T03:42:47.494+0000] {dag.py:4180} INFO - Setting next_dagrun for read_dataset_event_from_classic to 2024-10-10 00:00:00+00:00, run_after=2024-10-11 00:00:00+00:00
[2024-10-11T03:42:47.551+0000] {processor.py:208} INFO - Processing /home/airflow/.local/lib/python3.12/site-packages/airflow/example_dags/example_inlet_event_extra.py took 0.418 seconds
[2024-10-11T03:43:18.028+0000] {processor.py:186} INFO - Started process (PID=1451) to work on /home/airflow/.local/lib/python3.12/site-packages/airflow/example_dags/example_inlet_event_extra.py
[2024-10-11T03:43:18.029+0000] {processor.py:914} INFO - Processing file /home/airflow/.local/lib/python3.12/site-packages/airflow/example_dags/example_inlet_event_extra.py for tasks to queue
[2024-10-11T03:43:18.032+0000] {logging_mixin.py:190} INFO - [2024-10-11T03:43:18.032+0000] {dagbag.py:588} INFO - Filling up the DagBag from /home/airflow/.local/lib/python3.12/site-packages/airflow/example_dags/example_inlet_event_extra.py
[2024-10-11T03:43:18.225+0000] {processor.py:925} INFO - DAG(s) 'read_dataset_event_from_classic', 'read_dataset_event' retrieved from /home/airflow/.local/lib/python3.12/site-packages/airflow/example_dags/example_inlet_event_extra.py
[2024-10-11T03:43:18.437+0000] {logging_mixin.py:190} INFO - [2024-10-11T03:43:18.437+0000] {dag.py:3239} INFO - Sync 2 DAGs
[2024-10-11T03:43:18.472+0000] {logging_mixin.py:190} INFO - [2024-10-11T03:43:18.472+0000] {dag.py:4180} INFO - Setting next_dagrun for read_dataset_event to 2024-10-10 00:00:00+00:00, run_after=2024-10-11 00:00:00+00:00
[2024-10-11T03:43:18.478+0000] {logging_mixin.py:190} INFO - [2024-10-11T03:43:18.478+0000] {dag.py:4180} INFO - Setting next_dagrun for read_dataset_event_from_classic to 2024-10-10 00:00:00+00:00, run_after=2024-10-11 00:00:00+00:00
[2024-10-11T03:43:18.492+0000] {processor.py:208} INFO - Processing /home/airflow/.local/lib/python3.12/site-packages/airflow/example_dags/example_inlet_event_extra.py took 0.471 seconds
[2024-10-11T03:43:48.905+0000] {processor.py:186} INFO - Started process (PID=1518) to work on /home/airflow/.local/lib/python3.12/site-packages/airflow/example_dags/example_inlet_event_extra.py
[2024-10-11T03:43:48.906+0000] {processor.py:914} INFO - Processing file /home/airflow/.local/lib/python3.12/site-packages/airflow/example_dags/example_inlet_event_extra.py for tasks to queue
[2024-10-11T03:43:48.910+0000] {logging_mixin.py:190} INFO - [2024-10-11T03:43:48.909+0000] {dagbag.py:588} INFO - Filling up the DagBag from /home/airflow/.local/lib/python3.12/site-packages/airflow/example_dags/example_inlet_event_extra.py
[2024-10-11T03:43:49.130+0000] {processor.py:925} INFO - DAG(s) 'read_dataset_event', 'read_dataset_event_from_classic' retrieved from /home/airflow/.local/lib/python3.12/site-packages/airflow/example_dags/example_inlet_event_extra.py
[2024-10-11T03:43:49.158+0000] {logging_mixin.py:190} INFO - [2024-10-11T03:43:49.158+0000] {dag.py:3239} INFO - Sync 2 DAGs
[2024-10-11T03:43:49.404+0000] {logging_mixin.py:190} INFO - [2024-10-11T03:43:49.404+0000] {dag.py:4180} INFO - Setting next_dagrun for read_dataset_event to 2024-10-10 00:00:00+00:00, run_after=2024-10-11 00:00:00+00:00
[2024-10-11T03:43:49.412+0000] {logging_mixin.py:190} INFO - [2024-10-11T03:43:49.412+0000] {dag.py:4180} INFO - Setting next_dagrun for read_dataset_event_from_classic to 2024-10-10 00:00:00+00:00, run_after=2024-10-11 00:00:00+00:00
[2024-10-11T03:43:49.437+0000] {processor.py:208} INFO - Processing /home/airflow/.local/lib/python3.12/site-packages/airflow/example_dags/example_inlet_event_extra.py took 0.541 seconds
[2024-10-11T03:44:19.532+0000] {processor.py:186} INFO - Started process (PID=1585) to work on /home/airflow/.local/lib/python3.12/site-packages/airflow/example_dags/example_inlet_event_extra.py
[2024-10-11T03:44:19.533+0000] {processor.py:914} INFO - Processing file /home/airflow/.local/lib/python3.12/site-packages/airflow/example_dags/example_inlet_event_extra.py for tasks to queue
[2024-10-11T03:44:19.537+0000] {logging_mixin.py:190} INFO - [2024-10-11T03:44:19.536+0000] {dagbag.py:588} INFO - Filling up the DagBag from /home/airflow/.local/lib/python3.12/site-packages/airflow/example_dags/example_inlet_event_extra.py
[2024-10-11T03:44:19.729+0000] {processor.py:925} INFO - DAG(s) 'read_dataset_event_from_classic', 'read_dataset_event' retrieved from /home/airflow/.local/lib/python3.12/site-packages/airflow/example_dags/example_inlet_event_extra.py
[2024-10-11T03:44:19.761+0000] {logging_mixin.py:190} INFO - [2024-10-11T03:44:19.761+0000] {dag.py:3239} INFO - Sync 2 DAGs
[2024-10-11T03:44:20.002+0000] {logging_mixin.py:190} INFO - [2024-10-11T03:44:20.002+0000] {dag.py:4180} INFO - Setting next_dagrun for read_dataset_event to 2024-10-10 00:00:00+00:00, run_after=2024-10-11 00:00:00+00:00
[2024-10-11T03:44:20.011+0000] {logging_mixin.py:190} INFO - [2024-10-11T03:44:20.010+0000] {dag.py:4180} INFO - Setting next_dagrun for read_dataset_event_from_classic to 2024-10-10 00:00:00+00:00, run_after=2024-10-11 00:00:00+00:00
[2024-10-11T03:44:20.030+0000] {processor.py:208} INFO - Processing /home/airflow/.local/lib/python3.12/site-packages/airflow/example_dags/example_inlet_event_extra.py took 0.507 seconds
[2024-10-11T03:44:50.352+0000] {processor.py:186} INFO - Started process (PID=1652) to work on /home/airflow/.local/lib/python3.12/site-packages/airflow/example_dags/example_inlet_event_extra.py
[2024-10-11T03:44:50.356+0000] {processor.py:914} INFO - Processing file /home/airflow/.local/lib/python3.12/site-packages/airflow/example_dags/example_inlet_event_extra.py for tasks to queue
[2024-10-11T03:44:50.361+0000] {logging_mixin.py:190} INFO - [2024-10-11T03:44:50.361+0000] {dagbag.py:588} INFO - Filling up the DagBag from /home/airflow/.local/lib/python3.12/site-packages/airflow/example_dags/example_inlet_event_extra.py
[2024-10-11T03:44:50.751+0000] {processor.py:925} INFO - DAG(s) 'read_dataset_event_from_classic', 'read_dataset_event' retrieved from /home/airflow/.local/lib/python3.12/site-packages/airflow/example_dags/example_inlet_event_extra.py
[2024-10-11T03:44:50.771+0000] {logging_mixin.py:190} INFO - [2024-10-11T03:44:50.771+0000] {dag.py:3239} INFO - Sync 2 DAGs
[2024-10-11T03:44:50.798+0000] {logging_mixin.py:190} INFO - [2024-10-11T03:44:50.798+0000] {dag.py:4180} INFO - Setting next_dagrun for read_dataset_event to 2024-10-10 00:00:00+00:00, run_after=2024-10-11 00:00:00+00:00
[2024-10-11T03:44:50.803+0000] {logging_mixin.py:190} INFO - [2024-10-11T03:44:50.802+0000] {dag.py:4180} INFO - Setting next_dagrun for read_dataset_event_from_classic to 2024-10-10 00:00:00+00:00, run_after=2024-10-11 00:00:00+00:00
[2024-10-11T03:44:50.818+0000] {processor.py:208} INFO - Processing /home/airflow/.local/lib/python3.12/site-packages/airflow/example_dags/example_inlet_event_extra.py took 0.478 seconds
[2024-10-11T03:45:21.121+0000] {processor.py:186} INFO - Started process (PID=1720) to work on /home/airflow/.local/lib/python3.12/site-packages/airflow/example_dags/example_inlet_event_extra.py
[2024-10-11T03:45:21.122+0000] {processor.py:914} INFO - Processing file /home/airflow/.local/lib/python3.12/site-packages/airflow/example_dags/example_inlet_event_extra.py for tasks to queue
[2024-10-11T03:45:21.125+0000] {logging_mixin.py:190} INFO - [2024-10-11T03:45:21.124+0000] {dagbag.py:588} INFO - Filling up the DagBag from /home/airflow/.local/lib/python3.12/site-packages/airflow/example_dags/example_inlet_event_extra.py
[2024-10-11T03:45:21.305+0000] {processor.py:925} INFO - DAG(s) 'read_dataset_event_from_classic', 'read_dataset_event' retrieved from /home/airflow/.local/lib/python3.12/site-packages/airflow/example_dags/example_inlet_event_extra.py
[2024-10-11T03:45:21.330+0000] {logging_mixin.py:190} INFO - [2024-10-11T03:45:21.330+0000] {dag.py:3239} INFO - Sync 2 DAGs
[2024-10-11T03:45:21.359+0000] {logging_mixin.py:190} INFO - [2024-10-11T03:45:21.359+0000] {dag.py:4180} INFO - Setting next_dagrun for read_dataset_event to 2024-10-10 00:00:00+00:00, run_after=2024-10-11 00:00:00+00:00
[2024-10-11T03:45:21.365+0000] {logging_mixin.py:190} INFO - [2024-10-11T03:45:21.365+0000] {dag.py:4180} INFO - Setting next_dagrun for read_dataset_event_from_classic to 2024-10-10 00:00:00+00:00, run_after=2024-10-11 00:00:00+00:00
[2024-10-11T03:45:21.383+0000] {processor.py:208} INFO - Processing /home/airflow/.local/lib/python3.12/site-packages/airflow/example_dags/example_inlet_event_extra.py took 0.270 seconds
[2024-10-11T03:45:51.762+0000] {processor.py:186} INFO - Started process (PID=1787) to work on /home/airflow/.local/lib/python3.12/site-packages/airflow/example_dags/example_inlet_event_extra.py
[2024-10-11T03:45:51.763+0000] {processor.py:914} INFO - Processing file /home/airflow/.local/lib/python3.12/site-packages/airflow/example_dags/example_inlet_event_extra.py for tasks to queue
[2024-10-11T03:45:51.767+0000] {logging_mixin.py:190} INFO - [2024-10-11T03:45:51.766+0000] {dagbag.py:588} INFO - Filling up the DagBag from /home/airflow/.local/lib/python3.12/site-packages/airflow/example_dags/example_inlet_event_extra.py
[2024-10-11T03:45:52.157+0000] {processor.py:925} INFO - DAG(s) 'read_dataset_event_from_classic', 'read_dataset_event' retrieved from /home/airflow/.local/lib/python3.12/site-packages/airflow/example_dags/example_inlet_event_extra.py
[2024-10-11T03:45:52.182+0000] {logging_mixin.py:190} INFO - [2024-10-11T03:45:52.182+0000] {dag.py:3239} INFO - Sync 2 DAGs
[2024-10-11T03:45:52.209+0000] {logging_mixin.py:190} INFO - [2024-10-11T03:45:52.209+0000] {dag.py:4180} INFO - Setting next_dagrun for read_dataset_event to 2024-10-10 00:00:00+00:00, run_after=2024-10-11 00:00:00+00:00
[2024-10-11T03:45:52.228+0000] {logging_mixin.py:190} INFO - [2024-10-11T03:45:52.227+0000] {dag.py:4180} INFO - Setting next_dagrun for read_dataset_event_from_classic to 2024-10-10 00:00:00+00:00, run_after=2024-10-11 00:00:00+00:00
[2024-10-11T03:45:52.246+0000] {processor.py:208} INFO - Processing /home/airflow/.local/lib/python3.12/site-packages/airflow/example_dags/example_inlet_event_extra.py took 0.492 seconds
[2024-10-11T03:46:22.846+0000] {processor.py:186} INFO - Started process (PID=1854) to work on /home/airflow/.local/lib/python3.12/site-packages/airflow/example_dags/example_inlet_event_extra.py
[2024-10-11T03:46:22.846+0000] {processor.py:914} INFO - Processing file /home/airflow/.local/lib/python3.12/site-packages/airflow/example_dags/example_inlet_event_extra.py for tasks to queue
[2024-10-11T03:46:22.849+0000] {logging_mixin.py:190} INFO - [2024-10-11T03:46:22.849+0000] {dagbag.py:588} INFO - Filling up the DagBag from /home/airflow/.local/lib/python3.12/site-packages/airflow/example_dags/example_inlet_event_extra.py
[2024-10-11T03:46:23.287+0000] {processor.py:925} INFO - DAG(s) 'read_dataset_event', 'read_dataset_event_from_classic' retrieved from /home/airflow/.local/lib/python3.12/site-packages/airflow/example_dags/example_inlet_event_extra.py
[2024-10-11T03:46:23.314+0000] {logging_mixin.py:190} INFO - [2024-10-11T03:46:23.313+0000] {dag.py:3239} INFO - Sync 2 DAGs
[2024-10-11T03:46:23.337+0000] {logging_mixin.py:190} INFO - [2024-10-11T03:46:23.337+0000] {dag.py:4180} INFO - Setting next_dagrun for read_dataset_event to 2024-10-10 00:00:00+00:00, run_after=2024-10-11 00:00:00+00:00
[2024-10-11T03:46:23.342+0000] {logging_mixin.py:190} INFO - [2024-10-11T03:46:23.342+0000] {dag.py:4180} INFO - Setting next_dagrun for read_dataset_event_from_classic to 2024-10-10 00:00:00+00:00, run_after=2024-10-11 00:00:00+00:00
[2024-10-11T03:46:23.357+0000] {processor.py:208} INFO - Processing /home/airflow/.local/lib/python3.12/site-packages/airflow/example_dags/example_inlet_event_extra.py took 0.518 seconds
[2024-10-11T03:46:53.649+0000] {processor.py:186} INFO - Started process (PID=1920) to work on /home/airflow/.local/lib/python3.12/site-packages/airflow/example_dags/example_inlet_event_extra.py
[2024-10-11T03:46:53.651+0000] {processor.py:914} INFO - Processing file /home/airflow/.local/lib/python3.12/site-packages/airflow/example_dags/example_inlet_event_extra.py for tasks to queue
[2024-10-11T03:46:53.655+0000] {logging_mixin.py:190} INFO - [2024-10-11T03:46:53.654+0000] {dagbag.py:588} INFO - Filling up the DagBag from /home/airflow/.local/lib/python3.12/site-packages/airflow/example_dags/example_inlet_event_extra.py
[2024-10-11T03:46:54.073+0000] {processor.py:925} INFO - DAG(s) 'read_dataset_event', 'read_dataset_event_from_classic' retrieved from /home/airflow/.local/lib/python3.12/site-packages/airflow/example_dags/example_inlet_event_extra.py
[2024-10-11T03:46:54.105+0000] {logging_mixin.py:190} INFO - [2024-10-11T03:46:54.105+0000] {dag.py:3239} INFO - Sync 2 DAGs
[2024-10-11T03:46:54.135+0000] {logging_mixin.py:190} INFO - [2024-10-11T03:46:54.134+0000] {dag.py:4180} INFO - Setting next_dagrun for read_dataset_event to 2024-10-10 00:00:00+00:00, run_after=2024-10-11 00:00:00+00:00
[2024-10-11T03:46:54.140+0000] {logging_mixin.py:190} INFO - [2024-10-11T03:46:54.140+0000] {dag.py:4180} INFO - Setting next_dagrun for read_dataset_event_from_classic to 2024-10-10 00:00:00+00:00, run_after=2024-10-11 00:00:00+00:00
[2024-10-11T03:46:54.157+0000] {processor.py:208} INFO - Processing /home/airflow/.local/lib/python3.12/site-packages/airflow/example_dags/example_inlet_event_extra.py took 0.520 seconds
[2024-10-11T03:47:24.908+0000] {processor.py:186} INFO - Started process (PID=1987) to work on /home/airflow/.local/lib/python3.12/site-packages/airflow/example_dags/example_inlet_event_extra.py
[2024-10-11T03:47:24.910+0000] {processor.py:914} INFO - Processing file /home/airflow/.local/lib/python3.12/site-packages/airflow/example_dags/example_inlet_event_extra.py for tasks to queue
[2024-10-11T03:47:24.913+0000] {logging_mixin.py:190} INFO - [2024-10-11T03:47:24.912+0000] {dagbag.py:588} INFO - Filling up the DagBag from /home/airflow/.local/lib/python3.12/site-packages/airflow/example_dags/example_inlet_event_extra.py
[2024-10-11T03:47:25.301+0000] {processor.py:925} INFO - DAG(s) 'read_dataset_event_from_classic', 'read_dataset_event' retrieved from /home/airflow/.local/lib/python3.12/site-packages/airflow/example_dags/example_inlet_event_extra.py
[2024-10-11T03:47:25.322+0000] {logging_mixin.py:190} INFO - [2024-10-11T03:47:25.322+0000] {dag.py:3239} INFO - Sync 2 DAGs
[2024-10-11T03:47:25.350+0000] {logging_mixin.py:190} INFO - [2024-10-11T03:47:25.350+0000] {dag.py:4180} INFO - Setting next_dagrun for read_dataset_event to 2024-10-10 00:00:00+00:00, run_after=2024-10-11 00:00:00+00:00
[2024-10-11T03:47:25.355+0000] {logging_mixin.py:190} INFO - [2024-10-11T03:47:25.355+0000] {dag.py:4180} INFO - Setting next_dagrun for read_dataset_event_from_classic to 2024-10-10 00:00:00+00:00, run_after=2024-10-11 00:00:00+00:00
[2024-10-11T03:47:25.370+0000] {processor.py:208} INFO - Processing /home/airflow/.local/lib/python3.12/site-packages/airflow/example_dags/example_inlet_event_extra.py took 0.470 seconds
[2024-10-11T03:47:55.901+0000] {processor.py:186} INFO - Started process (PID=2054) to work on /home/airflow/.local/lib/python3.12/site-packages/airflow/example_dags/example_inlet_event_extra.py
[2024-10-11T03:47:55.903+0000] {processor.py:914} INFO - Processing file /home/airflow/.local/lib/python3.12/site-packages/airflow/example_dags/example_inlet_event_extra.py for tasks to queue
[2024-10-11T03:47:55.906+0000] {logging_mixin.py:190} INFO - [2024-10-11T03:47:55.905+0000] {dagbag.py:588} INFO - Filling up the DagBag from /home/airflow/.local/lib/python3.12/site-packages/airflow/example_dags/example_inlet_event_extra.py
[2024-10-11T03:47:56.302+0000] {processor.py:925} INFO - DAG(s) 'read_dataset_event_from_classic', 'read_dataset_event' retrieved from /home/airflow/.local/lib/python3.12/site-packages/airflow/example_dags/example_inlet_event_extra.py
[2024-10-11T03:47:56.329+0000] {logging_mixin.py:190} INFO - [2024-10-11T03:47:56.329+0000] {dag.py:3239} INFO - Sync 2 DAGs
[2024-10-11T03:47:56.362+0000] {logging_mixin.py:190} INFO - [2024-10-11T03:47:56.362+0000] {dag.py:4180} INFO - Setting next_dagrun for read_dataset_event to 2024-10-10 00:00:00+00:00, run_after=2024-10-11 00:00:00+00:00
[2024-10-11T03:47:56.368+0000] {logging_mixin.py:190} INFO - [2024-10-11T03:47:56.368+0000] {dag.py:4180} INFO - Setting next_dagrun for read_dataset_event_from_classic to 2024-10-10 00:00:00+00:00, run_after=2024-10-11 00:00:00+00:00
[2024-10-11T03:47:56.387+0000] {processor.py:208} INFO - Processing /home/airflow/.local/lib/python3.12/site-packages/airflow/example_dags/example_inlet_event_extra.py took 0.494 seconds
[2024-10-11T03:48:26.617+0000] {processor.py:186} INFO - Started process (PID=2121) to work on /home/airflow/.local/lib/python3.12/site-packages/airflow/example_dags/example_inlet_event_extra.py
[2024-10-11T03:48:26.619+0000] {processor.py:914} INFO - Processing file /home/airflow/.local/lib/python3.12/site-packages/airflow/example_dags/example_inlet_event_extra.py for tasks to queue
[2024-10-11T03:48:26.626+0000] {logging_mixin.py:190} INFO - [2024-10-11T03:48:26.625+0000] {dagbag.py:588} INFO - Filling up the DagBag from /home/airflow/.local/lib/python3.12/site-packages/airflow/example_dags/example_inlet_event_extra.py
[2024-10-11T03:48:26.997+0000] {processor.py:925} INFO - DAG(s) 'read_dataset_event_from_classic', 'read_dataset_event' retrieved from /home/airflow/.local/lib/python3.12/site-packages/airflow/example_dags/example_inlet_event_extra.py
[2024-10-11T03:48:27.021+0000] {logging_mixin.py:190} INFO - [2024-10-11T03:48:27.020+0000] {dag.py:3239} INFO - Sync 2 DAGs
[2024-10-11T03:48:27.048+0000] {logging_mixin.py:190} INFO - [2024-10-11T03:48:27.048+0000] {dag.py:4180} INFO - Setting next_dagrun for read_dataset_event to 2024-10-10 00:00:00+00:00, run_after=2024-10-11 00:00:00+00:00
[2024-10-11T03:48:27.054+0000] {logging_mixin.py:190} INFO - [2024-10-11T03:48:27.054+0000] {dag.py:4180} INFO - Setting next_dagrun for read_dataset_event_from_classic to 2024-10-10 00:00:00+00:00, run_after=2024-10-11 00:00:00+00:00
[2024-10-11T03:48:27.071+0000] {processor.py:208} INFO - Processing /home/airflow/.local/lib/python3.12/site-packages/airflow/example_dags/example_inlet_event_extra.py took 0.467 seconds
[2024-10-11T03:48:57.123+0000] {processor.py:186} INFO - Started process (PID=2187) to work on /home/airflow/.local/lib/python3.12/site-packages/airflow/example_dags/example_inlet_event_extra.py
[2024-10-11T03:48:57.125+0000] {processor.py:914} INFO - Processing file /home/airflow/.local/lib/python3.12/site-packages/airflow/example_dags/example_inlet_event_extra.py for tasks to queue
[2024-10-11T03:48:57.129+0000] {logging_mixin.py:190} INFO - [2024-10-11T03:48:57.128+0000] {dagbag.py:588} INFO - Filling up the DagBag from /home/airflow/.local/lib/python3.12/site-packages/airflow/example_dags/example_inlet_event_extra.py
[2024-10-11T03:48:57.571+0000] {processor.py:925} INFO - DAG(s) 'read_dataset_event', 'read_dataset_event_from_classic' retrieved from /home/airflow/.local/lib/python3.12/site-packages/airflow/example_dags/example_inlet_event_extra.py
[2024-10-11T03:48:57.615+0000] {logging_mixin.py:190} INFO - [2024-10-11T03:48:57.614+0000] {dag.py:3239} INFO - Sync 2 DAGs
[2024-10-11T03:48:57.675+0000] {logging_mixin.py:190} INFO - [2024-10-11T03:48:57.675+0000] {dag.py:4180} INFO - Setting next_dagrun for read_dataset_event to 2024-10-10 00:00:00+00:00, run_after=2024-10-11 00:00:00+00:00
[2024-10-11T03:48:57.685+0000] {logging_mixin.py:190} INFO - [2024-10-11T03:48:57.684+0000] {dag.py:4180} INFO - Setting next_dagrun for read_dataset_event_from_classic to 2024-10-10 00:00:00+00:00, run_after=2024-10-11 00:00:00+00:00
[2024-10-11T03:48:57.723+0000] {processor.py:208} INFO - Processing /home/airflow/.local/lib/python3.12/site-packages/airflow/example_dags/example_inlet_event_extra.py took 0.610 seconds
[2024-10-11T03:49:28.097+0000] {processor.py:186} INFO - Started process (PID=2254) to work on /home/airflow/.local/lib/python3.12/site-packages/airflow/example_dags/example_inlet_event_extra.py
[2024-10-11T03:49:28.101+0000] {processor.py:914} INFO - Processing file /home/airflow/.local/lib/python3.12/site-packages/airflow/example_dags/example_inlet_event_extra.py for tasks to queue
[2024-10-11T03:49:28.118+0000] {logging_mixin.py:190} INFO - [2024-10-11T03:49:28.117+0000] {dagbag.py:588} INFO - Filling up the DagBag from /home/airflow/.local/lib/python3.12/site-packages/airflow/example_dags/example_inlet_event_extra.py
[2024-10-11T03:49:29.077+0000] {processor.py:925} INFO - DAG(s) 'read_dataset_event', 'read_dataset_event_from_classic' retrieved from /home/airflow/.local/lib/python3.12/site-packages/airflow/example_dags/example_inlet_event_extra.py
[2024-10-11T03:49:29.114+0000] {logging_mixin.py:190} INFO - [2024-10-11T03:49:29.114+0000] {dag.py:3239} INFO - Sync 2 DAGs
[2024-10-11T03:49:29.154+0000] {logging_mixin.py:190} INFO - [2024-10-11T03:49:29.153+0000] {dag.py:4180} INFO - Setting next_dagrun for read_dataset_event to 2024-10-10 00:00:00+00:00, run_after=2024-10-11 00:00:00+00:00
[2024-10-11T03:49:29.163+0000] {logging_mixin.py:190} INFO - [2024-10-11T03:49:29.162+0000] {dag.py:4180} INFO - Setting next_dagrun for read_dataset_event_from_classic to 2024-10-10 00:00:00+00:00, run_after=2024-10-11 00:00:00+00:00
[2024-10-11T03:49:29.193+0000] {processor.py:208} INFO - Processing /home/airflow/.local/lib/python3.12/site-packages/airflow/example_dags/example_inlet_event_extra.py took 1.151 seconds
[2024-10-11T03:50:00.039+0000] {processor.py:186} INFO - Started process (PID=2326) to work on /home/airflow/.local/lib/python3.12/site-packages/airflow/example_dags/example_inlet_event_extra.py
[2024-10-11T03:50:00.041+0000] {processor.py:914} INFO - Processing file /home/airflow/.local/lib/python3.12/site-packages/airflow/example_dags/example_inlet_event_extra.py for tasks to queue
[2024-10-11T03:50:00.046+0000] {logging_mixin.py:190} INFO - [2024-10-11T03:50:00.045+0000] {dagbag.py:588} INFO - Filling up the DagBag from /home/airflow/.local/lib/python3.12/site-packages/airflow/example_dags/example_inlet_event_extra.py
[2024-10-11T03:50:00.521+0000] {processor.py:925} INFO - DAG(s) 'read_dataset_event_from_classic', 'read_dataset_event' retrieved from /home/airflow/.local/lib/python3.12/site-packages/airflow/example_dags/example_inlet_event_extra.py
[2024-10-11T03:50:00.557+0000] {logging_mixin.py:190} INFO - [2024-10-11T03:50:00.556+0000] {dag.py:3239} INFO - Sync 2 DAGs
[2024-10-11T03:50:00.604+0000] {logging_mixin.py:190} INFO - [2024-10-11T03:50:00.603+0000] {dag.py:4180} INFO - Setting next_dagrun for read_dataset_event to 2024-10-10 00:00:00+00:00, run_after=2024-10-11 00:00:00+00:00
[2024-10-11T03:50:00.611+0000] {logging_mixin.py:190} INFO - [2024-10-11T03:50:00.611+0000] {dag.py:4180} INFO - Setting next_dagrun for read_dataset_event_from_classic to 2024-10-10 00:00:00+00:00, run_after=2024-10-11 00:00:00+00:00
[2024-10-11T03:50:00.642+0000] {processor.py:208} INFO - Processing /home/airflow/.local/lib/python3.12/site-packages/airflow/example_dags/example_inlet_event_extra.py took 0.618 seconds
[2024-10-11T03:50:30.812+0000] {processor.py:186} INFO - Started process (PID=2393) to work on /home/airflow/.local/lib/python3.12/site-packages/airflow/example_dags/example_inlet_event_extra.py
[2024-10-11T03:50:30.813+0000] {processor.py:914} INFO - Processing file /home/airflow/.local/lib/python3.12/site-packages/airflow/example_dags/example_inlet_event_extra.py for tasks to queue
[2024-10-11T03:50:30.817+0000] {logging_mixin.py:190} INFO - [2024-10-11T03:50:30.816+0000] {dagbag.py:588} INFO - Filling up the DagBag from /home/airflow/.local/lib/python3.12/site-packages/airflow/example_dags/example_inlet_event_extra.py
[2024-10-11T03:50:31.354+0000] {processor.py:925} INFO - DAG(s) 'read_dataset_event_from_classic', 'read_dataset_event' retrieved from /home/airflow/.local/lib/python3.12/site-packages/airflow/example_dags/example_inlet_event_extra.py
[2024-10-11T03:50:31.409+0000] {logging_mixin.py:190} INFO - [2024-10-11T03:50:31.408+0000] {dag.py:3239} INFO - Sync 2 DAGs
[2024-10-11T03:50:31.452+0000] {logging_mixin.py:190} INFO - [2024-10-11T03:50:31.451+0000] {dag.py:4180} INFO - Setting next_dagrun for read_dataset_event to 2024-10-10 00:00:00+00:00, run_after=2024-10-11 00:00:00+00:00
[2024-10-11T03:50:31.463+0000] {logging_mixin.py:190} INFO - [2024-10-11T03:50:31.462+0000] {dag.py:4180} INFO - Setting next_dagrun for read_dataset_event_from_classic to 2024-10-10 00:00:00+00:00, run_after=2024-10-11 00:00:00+00:00
[2024-10-11T03:50:31.490+0000] {processor.py:208} INFO - Processing /home/airflow/.local/lib/python3.12/site-packages/airflow/example_dags/example_inlet_event_extra.py took 0.691 seconds
[2024-10-11T03:51:01.645+0000] {processor.py:186} INFO - Started process (PID=2460) to work on /home/airflow/.local/lib/python3.12/site-packages/airflow/example_dags/example_inlet_event_extra.py
[2024-10-11T03:51:01.647+0000] {processor.py:914} INFO - Processing file /home/airflow/.local/lib/python3.12/site-packages/airflow/example_dags/example_inlet_event_extra.py for tasks to queue
[2024-10-11T03:51:01.651+0000] {logging_mixin.py:190} INFO - [2024-10-11T03:51:01.650+0000] {dagbag.py:588} INFO - Filling up the DagBag from /home/airflow/.local/lib/python3.12/site-packages/airflow/example_dags/example_inlet_event_extra.py
[2024-10-11T03:51:02.090+0000] {processor.py:925} INFO - DAG(s) 'read_dataset_event', 'read_dataset_event_from_classic' retrieved from /home/airflow/.local/lib/python3.12/site-packages/airflow/example_dags/example_inlet_event_extra.py
[2024-10-11T03:51:02.115+0000] {logging_mixin.py:190} INFO - [2024-10-11T03:51:02.114+0000] {dag.py:3239} INFO - Sync 2 DAGs
[2024-10-11T03:51:02.146+0000] {logging_mixin.py:190} INFO - [2024-10-11T03:51:02.146+0000] {dag.py:4180} INFO - Setting next_dagrun for read_dataset_event to 2024-10-10 00:00:00+00:00, run_after=2024-10-11 00:00:00+00:00
[2024-10-11T03:51:02.153+0000] {logging_mixin.py:190} INFO - [2024-10-11T03:51:02.153+0000] {dag.py:4180} INFO - Setting next_dagrun for read_dataset_event_from_classic to 2024-10-10 00:00:00+00:00, run_after=2024-10-11 00:00:00+00:00
[2024-10-11T03:51:02.178+0000] {processor.py:208} INFO - Processing /home/airflow/.local/lib/python3.12/site-packages/airflow/example_dags/example_inlet_event_extra.py took 0.543 seconds
[2024-10-11T03:51:33.626+0000] {processor.py:186} INFO - Started process (PID=2527) to work on /home/airflow/.local/lib/python3.12/site-packages/airflow/example_dags/example_inlet_event_extra.py
[2024-10-11T03:51:33.628+0000] {processor.py:914} INFO - Processing file /home/airflow/.local/lib/python3.12/site-packages/airflow/example_dags/example_inlet_event_extra.py for tasks to queue
[2024-10-11T03:51:33.634+0000] {logging_mixin.py:190} INFO - [2024-10-11T03:51:33.633+0000] {dagbag.py:588} INFO - Filling up the DagBag from /home/airflow/.local/lib/python3.12/site-packages/airflow/example_dags/example_inlet_event_extra.py
[2024-10-11T03:51:34.101+0000] {processor.py:925} INFO - DAG(s) 'read_dataset_event_from_classic', 'read_dataset_event' retrieved from /home/airflow/.local/lib/python3.12/site-packages/airflow/example_dags/example_inlet_event_extra.py
[2024-10-11T03:51:34.138+0000] {logging_mixin.py:190} INFO - [2024-10-11T03:51:34.138+0000] {dag.py:3239} INFO - Sync 2 DAGs
[2024-10-11T03:51:34.175+0000] {logging_mixin.py:190} INFO - [2024-10-11T03:51:34.175+0000] {dag.py:4180} INFO - Setting next_dagrun for read_dataset_event to 2024-10-10 00:00:00+00:00, run_after=2024-10-11 00:00:00+00:00
[2024-10-11T03:51:34.183+0000] {logging_mixin.py:190} INFO - [2024-10-11T03:51:34.183+0000] {dag.py:4180} INFO - Setting next_dagrun for read_dataset_event_from_classic to 2024-10-10 00:00:00+00:00, run_after=2024-10-11 00:00:00+00:00
[2024-10-11T03:51:34.212+0000] {processor.py:208} INFO - Processing /home/airflow/.local/lib/python3.12/site-packages/airflow/example_dags/example_inlet_event_extra.py took 0.597 seconds
[2024-10-11T03:52:04.624+0000] {processor.py:186} INFO - Started process (PID=2593) to work on /home/airflow/.local/lib/python3.12/site-packages/airflow/example_dags/example_inlet_event_extra.py
[2024-10-11T03:52:04.625+0000] {processor.py:914} INFO - Processing file /home/airflow/.local/lib/python3.12/site-packages/airflow/example_dags/example_inlet_event_extra.py for tasks to queue
[2024-10-11T03:52:04.630+0000] {logging_mixin.py:190} INFO - [2024-10-11T03:52:04.629+0000] {dagbag.py:588} INFO - Filling up the DagBag from /home/airflow/.local/lib/python3.12/site-packages/airflow/example_dags/example_inlet_event_extra.py
[2024-10-11T03:52:05.042+0000] {processor.py:925} INFO - DAG(s) 'read_dataset_event_from_classic', 'read_dataset_event' retrieved from /home/airflow/.local/lib/python3.12/site-packages/airflow/example_dags/example_inlet_event_extra.py
[2024-10-11T03:52:05.069+0000] {logging_mixin.py:190} INFO - [2024-10-11T03:52:05.069+0000] {dag.py:3239} INFO - Sync 2 DAGs
[2024-10-11T03:52:05.100+0000] {logging_mixin.py:190} INFO - [2024-10-11T03:52:05.100+0000] {dag.py:4180} INFO - Setting next_dagrun for read_dataset_event to 2024-10-10 00:00:00+00:00, run_after=2024-10-11 00:00:00+00:00
[2024-10-11T03:52:05.107+0000] {logging_mixin.py:190} INFO - [2024-10-11T03:52:05.107+0000] {dag.py:4180} INFO - Setting next_dagrun for read_dataset_event_from_classic to 2024-10-10 00:00:00+00:00, run_after=2024-10-11 00:00:00+00:00
[2024-10-11T03:52:05.133+0000] {processor.py:208} INFO - Processing /home/airflow/.local/lib/python3.12/site-packages/airflow/example_dags/example_inlet_event_extra.py took 0.521 seconds
[2024-10-11T03:52:35.421+0000] {processor.py:186} INFO - Started process (PID=2659) to work on /home/airflow/.local/lib/python3.12/site-packages/airflow/example_dags/example_inlet_event_extra.py
[2024-10-11T03:52:35.422+0000] {processor.py:914} INFO - Processing file /home/airflow/.local/lib/python3.12/site-packages/airflow/example_dags/example_inlet_event_extra.py for tasks to queue
[2024-10-11T03:52:35.427+0000] {logging_mixin.py:190} INFO - [2024-10-11T03:52:35.426+0000] {dagbag.py:588} INFO - Filling up the DagBag from /home/airflow/.local/lib/python3.12/site-packages/airflow/example_dags/example_inlet_event_extra.py
[2024-10-11T03:52:35.633+0000] {processor.py:925} INFO - DAG(s) 'read_dataset_event_from_classic', 'read_dataset_event' retrieved from /home/airflow/.local/lib/python3.12/site-packages/airflow/example_dags/example_inlet_event_extra.py
[2024-10-11T03:52:35.671+0000] {logging_mixin.py:190} INFO - [2024-10-11T03:52:35.671+0000] {dag.py:3239} INFO - Sync 2 DAGs
[2024-10-11T03:52:35.713+0000] {logging_mixin.py:190} INFO - [2024-10-11T03:52:35.713+0000] {dag.py:4180} INFO - Setting next_dagrun for read_dataset_event to 2024-10-10 00:00:00+00:00, run_after=2024-10-11 00:00:00+00:00
[2024-10-11T03:52:35.721+0000] {logging_mixin.py:190} INFO - [2024-10-11T03:52:35.720+0000] {dag.py:4180} INFO - Setting next_dagrun for read_dataset_event_from_classic to 2024-10-10 00:00:00+00:00, run_after=2024-10-11 00:00:00+00:00
[2024-10-11T03:52:35.748+0000] {processor.py:208} INFO - Processing /home/airflow/.local/lib/python3.12/site-packages/airflow/example_dags/example_inlet_event_extra.py took 0.337 seconds
[2024-10-11T03:53:06.504+0000] {processor.py:186} INFO - Started process (PID=2727) to work on /home/airflow/.local/lib/python3.12/site-packages/airflow/example_dags/example_inlet_event_extra.py
[2024-10-11T03:53:06.509+0000] {processor.py:914} INFO - Processing file /home/airflow/.local/lib/python3.12/site-packages/airflow/example_dags/example_inlet_event_extra.py for tasks to queue
[2024-10-11T03:53:06.517+0000] {logging_mixin.py:190} INFO - [2024-10-11T03:53:06.516+0000] {dagbag.py:588} INFO - Filling up the DagBag from /home/airflow/.local/lib/python3.12/site-packages/airflow/example_dags/example_inlet_event_extra.py
[2024-10-11T03:53:06.926+0000] {processor.py:925} INFO - DAG(s) 'read_dataset_event_from_classic', 'read_dataset_event' retrieved from /home/airflow/.local/lib/python3.12/site-packages/airflow/example_dags/example_inlet_event_extra.py
[2024-10-11T03:53:06.994+0000] {logging_mixin.py:190} INFO - [2024-10-11T03:53:06.993+0000] {dag.py:3239} INFO - Sync 2 DAGs
[2024-10-11T03:53:07.101+0000] {logging_mixin.py:190} INFO - [2024-10-11T03:53:07.100+0000] {dag.py:4180} INFO - Setting next_dagrun for read_dataset_event to 2024-10-10 00:00:00+00:00, run_after=2024-10-11 00:00:00+00:00
[2024-10-11T03:53:07.116+0000] {logging_mixin.py:190} INFO - [2024-10-11T03:53:07.116+0000] {dag.py:4180} INFO - Setting next_dagrun for read_dataset_event_from_classic to 2024-10-10 00:00:00+00:00, run_after=2024-10-11 00:00:00+00:00
[2024-10-11T03:53:07.169+0000] {processor.py:208} INFO - Processing /home/airflow/.local/lib/python3.12/site-packages/airflow/example_dags/example_inlet_event_extra.py took 0.677 seconds
[2024-10-11T03:53:37.437+0000] {processor.py:186} INFO - Started process (PID=2794) to work on /home/airflow/.local/lib/python3.12/site-packages/airflow/example_dags/example_inlet_event_extra.py
[2024-10-11T03:53:37.443+0000] {processor.py:914} INFO - Processing file /home/airflow/.local/lib/python3.12/site-packages/airflow/example_dags/example_inlet_event_extra.py for tasks to queue
[2024-10-11T03:53:37.452+0000] {logging_mixin.py:190} INFO - [2024-10-11T03:53:37.452+0000] {dagbag.py:588} INFO - Filling up the DagBag from /home/airflow/.local/lib/python3.12/site-packages/airflow/example_dags/example_inlet_event_extra.py
[2024-10-11T03:53:38.085+0000] {processor.py:925} INFO - DAG(s) 'read_dataset_event_from_classic', 'read_dataset_event' retrieved from /home/airflow/.local/lib/python3.12/site-packages/airflow/example_dags/example_inlet_event_extra.py
[2024-10-11T03:53:38.173+0000] {logging_mixin.py:190} INFO - [2024-10-11T03:53:38.172+0000] {dag.py:3239} INFO - Sync 2 DAGs
[2024-10-11T03:53:38.259+0000] {logging_mixin.py:190} INFO - [2024-10-11T03:53:38.259+0000] {dag.py:4180} INFO - Setting next_dagrun for read_dataset_event to 2024-10-10 00:00:00+00:00, run_after=2024-10-11 00:00:00+00:00
[2024-10-11T03:53:38.272+0000] {logging_mixin.py:190} INFO - [2024-10-11T03:53:38.271+0000] {dag.py:4180} INFO - Setting next_dagrun for read_dataset_event_from_classic to 2024-10-10 00:00:00+00:00, run_after=2024-10-11 00:00:00+00:00
[2024-10-11T03:53:38.304+0000] {processor.py:208} INFO - Processing /home/airflow/.local/lib/python3.12/site-packages/airflow/example_dags/example_inlet_event_extra.py took 0.887 seconds
[2024-10-11T03:54:08.863+0000] {processor.py:186} INFO - Started process (PID=2863) to work on /home/airflow/.local/lib/python3.12/site-packages/airflow/example_dags/example_inlet_event_extra.py
[2024-10-11T03:54:08.867+0000] {processor.py:914} INFO - Processing file /home/airflow/.local/lib/python3.12/site-packages/airflow/example_dags/example_inlet_event_extra.py for tasks to queue
[2024-10-11T03:54:08.883+0000] {logging_mixin.py:190} INFO - [2024-10-11T03:54:08.882+0000] {dagbag.py:588} INFO - Filling up the DagBag from /home/airflow/.local/lib/python3.12/site-packages/airflow/example_dags/example_inlet_event_extra.py
[2024-10-11T03:54:09.460+0000] {processor.py:925} INFO - DAG(s) 'read_dataset_event', 'read_dataset_event_from_classic' retrieved from /home/airflow/.local/lib/python3.12/site-packages/airflow/example_dags/example_inlet_event_extra.py
[2024-10-11T03:54:09.525+0000] {logging_mixin.py:190} INFO - [2024-10-11T03:54:09.522+0000] {dag.py:3239} INFO - Sync 2 DAGs
[2024-10-11T03:54:09.636+0000] {logging_mixin.py:190} INFO - [2024-10-11T03:54:09.635+0000] {dag.py:4180} INFO - Setting next_dagrun for read_dataset_event to 2024-10-10 00:00:00+00:00, run_after=2024-10-11 00:00:00+00:00
[2024-10-11T03:54:09.653+0000] {logging_mixin.py:190} INFO - [2024-10-11T03:54:09.652+0000] {dag.py:4180} INFO - Setting next_dagrun for read_dataset_event_from_classic to 2024-10-10 00:00:00+00:00, run_after=2024-10-11 00:00:00+00:00
[2024-10-11T03:54:09.697+0000] {processor.py:208} INFO - Processing /home/airflow/.local/lib/python3.12/site-packages/airflow/example_dags/example_inlet_event_extra.py took 0.878 seconds
[2024-10-11T03:54:40.076+0000] {processor.py:186} INFO - Started process (PID=2929) to work on /home/airflow/.local/lib/python3.12/site-packages/airflow/example_dags/example_inlet_event_extra.py
[2024-10-11T03:54:40.081+0000] {processor.py:914} INFO - Processing file /home/airflow/.local/lib/python3.12/site-packages/airflow/example_dags/example_inlet_event_extra.py for tasks to queue
[2024-10-11T03:54:40.086+0000] {logging_mixin.py:190} INFO - [2024-10-11T03:54:40.085+0000] {dagbag.py:588} INFO - Filling up the DagBag from /home/airflow/.local/lib/python3.12/site-packages/airflow/example_dags/example_inlet_event_extra.py
[2024-10-11T03:54:40.397+0000] {processor.py:925} INFO - DAG(s) 'read_dataset_event', 'read_dataset_event_from_classic' retrieved from /home/airflow/.local/lib/python3.12/site-packages/airflow/example_dags/example_inlet_event_extra.py
[2024-10-11T03:54:40.450+0000] {logging_mixin.py:190} INFO - [2024-10-11T03:54:40.450+0000] {dag.py:3239} INFO - Sync 2 DAGs
[2024-10-11T03:54:40.502+0000] {logging_mixin.py:190} INFO - [2024-10-11T03:54:40.502+0000] {dag.py:4180} INFO - Setting next_dagrun for read_dataset_event to 2024-10-10 00:00:00+00:00, run_after=2024-10-11 00:00:00+00:00
[2024-10-11T03:54:40.513+0000] {logging_mixin.py:190} INFO - [2024-10-11T03:54:40.512+0000] {dag.py:4180} INFO - Setting next_dagrun for read_dataset_event_from_classic to 2024-10-10 00:00:00+00:00, run_after=2024-10-11 00:00:00+00:00
[2024-10-11T03:54:40.544+0000] {processor.py:208} INFO - Processing /home/airflow/.local/lib/python3.12/site-packages/airflow/example_dags/example_inlet_event_extra.py took 0.484 seconds
[2024-10-11T03:55:11.074+0000] {processor.py:186} INFO - Started process (PID=2996) to work on /home/airflow/.local/lib/python3.12/site-packages/airflow/example_dags/example_inlet_event_extra.py
[2024-10-11T03:55:11.076+0000] {processor.py:914} INFO - Processing file /home/airflow/.local/lib/python3.12/site-packages/airflow/example_dags/example_inlet_event_extra.py for tasks to queue
[2024-10-11T03:55:11.082+0000] {logging_mixin.py:190} INFO - [2024-10-11T03:55:11.081+0000] {dagbag.py:588} INFO - Filling up the DagBag from /home/airflow/.local/lib/python3.12/site-packages/airflow/example_dags/example_inlet_event_extra.py
[2024-10-11T03:55:11.415+0000] {processor.py:925} INFO - DAG(s) 'read_dataset_event', 'read_dataset_event_from_classic' retrieved from /home/airflow/.local/lib/python3.12/site-packages/airflow/example_dags/example_inlet_event_extra.py
[2024-10-11T03:55:11.470+0000] {logging_mixin.py:190} INFO - [2024-10-11T03:55:11.469+0000] {dag.py:3239} INFO - Sync 2 DAGs
[2024-10-11T03:55:11.542+0000] {logging_mixin.py:190} INFO - [2024-10-11T03:55:11.541+0000] {dag.py:4180} INFO - Setting next_dagrun for read_dataset_event to 2024-10-10 00:00:00+00:00, run_after=2024-10-11 00:00:00+00:00
[2024-10-11T03:55:11.554+0000] {logging_mixin.py:190} INFO - [2024-10-11T03:55:11.554+0000] {dag.py:4180} INFO - Setting next_dagrun for read_dataset_event_from_classic to 2024-10-10 00:00:00+00:00, run_after=2024-10-11 00:00:00+00:00
[2024-10-11T03:55:11.589+0000] {processor.py:208} INFO - Processing /home/airflow/.local/lib/python3.12/site-packages/airflow/example_dags/example_inlet_event_extra.py took 0.531 seconds
[2024-10-11T03:55:41.652+0000] {processor.py:186} INFO - Started process (PID=3063) to work on /home/airflow/.local/lib/python3.12/site-packages/airflow/example_dags/example_inlet_event_extra.py
[2024-10-11T03:55:41.654+0000] {processor.py:914} INFO - Processing file /home/airflow/.local/lib/python3.12/site-packages/airflow/example_dags/example_inlet_event_extra.py for tasks to queue
[2024-10-11T03:55:41.658+0000] {logging_mixin.py:190} INFO - [2024-10-11T03:55:41.658+0000] {dagbag.py:588} INFO - Filling up the DagBag from /home/airflow/.local/lib/python3.12/site-packages/airflow/example_dags/example_inlet_event_extra.py
[2024-10-11T03:55:41.914+0000] {processor.py:925} INFO - DAG(s) 'read_dataset_event_from_classic', 'read_dataset_event' retrieved from /home/airflow/.local/lib/python3.12/site-packages/airflow/example_dags/example_inlet_event_extra.py
[2024-10-11T03:55:41.957+0000] {logging_mixin.py:190} INFO - [2024-10-11T03:55:41.956+0000] {dag.py:3239} INFO - Sync 2 DAGs
[2024-10-11T03:55:42.008+0000] {logging_mixin.py:190} INFO - [2024-10-11T03:55:42.007+0000] {dag.py:4180} INFO - Setting next_dagrun for read_dataset_event to 2024-10-10 00:00:00+00:00, run_after=2024-10-11 00:00:00+00:00
[2024-10-11T03:55:42.017+0000] {logging_mixin.py:190} INFO - [2024-10-11T03:55:42.016+0000] {dag.py:4180} INFO - Setting next_dagrun for read_dataset_event_from_classic to 2024-10-10 00:00:00+00:00, run_after=2024-10-11 00:00:00+00:00
[2024-10-11T03:55:42.052+0000] {processor.py:208} INFO - Processing /home/airflow/.local/lib/python3.12/site-packages/airflow/example_dags/example_inlet_event_extra.py took 0.412 seconds
[2024-10-11T03:56:12.111+0000] {processor.py:186} INFO - Started process (PID=3131) to work on /home/airflow/.local/lib/python3.12/site-packages/airflow/example_dags/example_inlet_event_extra.py
[2024-10-11T03:56:12.112+0000] {processor.py:914} INFO - Processing file /home/airflow/.local/lib/python3.12/site-packages/airflow/example_dags/example_inlet_event_extra.py for tasks to queue
[2024-10-11T03:56:12.117+0000] {logging_mixin.py:190} INFO - [2024-10-11T03:56:12.116+0000] {dagbag.py:588} INFO - Filling up the DagBag from /home/airflow/.local/lib/python3.12/site-packages/airflow/example_dags/example_inlet_event_extra.py
[2024-10-11T03:56:12.352+0000] {processor.py:925} INFO - DAG(s) 'read_dataset_event_from_classic', 'read_dataset_event' retrieved from /home/airflow/.local/lib/python3.12/site-packages/airflow/example_dags/example_inlet_event_extra.py
[2024-10-11T03:56:12.386+0000] {logging_mixin.py:190} INFO - [2024-10-11T03:56:12.385+0000] {dag.py:3239} INFO - Sync 2 DAGs
[2024-10-11T03:56:12.426+0000] {logging_mixin.py:190} INFO - [2024-10-11T03:56:12.425+0000] {dag.py:4180} INFO - Setting next_dagrun for read_dataset_event to 2024-10-10 00:00:00+00:00, run_after=2024-10-11 00:00:00+00:00
[2024-10-11T03:56:12.434+0000] {logging_mixin.py:190} INFO - [2024-10-11T03:56:12.433+0000] {dag.py:4180} INFO - Setting next_dagrun for read_dataset_event_from_classic to 2024-10-10 00:00:00+00:00, run_after=2024-10-11 00:00:00+00:00
[2024-10-11T03:56:12.460+0000] {processor.py:208} INFO - Processing /home/airflow/.local/lib/python3.12/site-packages/airflow/example_dags/example_inlet_event_extra.py took 0.361 seconds
[2024-10-11T03:56:45.825+0000] {processor.py:186} INFO - Started process (PID=3196) to work on /home/airflow/.local/lib/python3.12/site-packages/airflow/example_dags/example_inlet_event_extra.py
[2024-10-11T03:56:45.828+0000] {processor.py:914} INFO - Processing file /home/airflow/.local/lib/python3.12/site-packages/airflow/example_dags/example_inlet_event_extra.py for tasks to queue
[2024-10-11T03:56:45.834+0000] {logging_mixin.py:190} INFO - [2024-10-11T03:56:45.833+0000] {dagbag.py:588} INFO - Filling up the DagBag from /home/airflow/.local/lib/python3.12/site-packages/airflow/example_dags/example_inlet_event_extra.py
[2024-10-11T03:56:46.153+0000] {processor.py:925} INFO - DAG(s) 'read_dataset_event_from_classic', 'read_dataset_event' retrieved from /home/airflow/.local/lib/python3.12/site-packages/airflow/example_dags/example_inlet_event_extra.py
[2024-10-11T03:56:46.202+0000] {logging_mixin.py:190} INFO - [2024-10-11T03:56:46.201+0000] {dag.py:3239} INFO - Sync 2 DAGs
[2024-10-11T03:56:46.264+0000] {logging_mixin.py:190} INFO - [2024-10-11T03:56:46.263+0000] {dag.py:4180} INFO - Setting next_dagrun for read_dataset_event to 2024-10-10 00:00:00+00:00, run_after=2024-10-11 00:00:00+00:00
[2024-10-11T03:56:46.275+0000] {logging_mixin.py:190} INFO - [2024-10-11T03:56:46.275+0000] {dag.py:4180} INFO - Setting next_dagrun for read_dataset_event_from_classic to 2024-10-10 00:00:00+00:00, run_after=2024-10-11 00:00:00+00:00
[2024-10-11T03:56:46.309+0000] {processor.py:208} INFO - Processing /home/airflow/.local/lib/python3.12/site-packages/airflow/example_dags/example_inlet_event_extra.py took 0.497 seconds
[2024-10-11T03:57:16.813+0000] {processor.py:186} INFO - Started process (PID=3263) to work on /home/airflow/.local/lib/python3.12/site-packages/airflow/example_dags/example_inlet_event_extra.py
[2024-10-11T03:57:16.814+0000] {processor.py:914} INFO - Processing file /home/airflow/.local/lib/python3.12/site-packages/airflow/example_dags/example_inlet_event_extra.py for tasks to queue
[2024-10-11T03:57:16.819+0000] {logging_mixin.py:190} INFO - [2024-10-11T03:57:16.818+0000] {dagbag.py:588} INFO - Filling up the DagBag from /home/airflow/.local/lib/python3.12/site-packages/airflow/example_dags/example_inlet_event_extra.py
[2024-10-11T03:57:17.069+0000] {processor.py:925} INFO - DAG(s) 'read_dataset_event_from_classic', 'read_dataset_event' retrieved from /home/airflow/.local/lib/python3.12/site-packages/airflow/example_dags/example_inlet_event_extra.py
[2024-10-11T03:57:17.099+0000] {logging_mixin.py:190} INFO - [2024-10-11T03:57:17.099+0000] {dag.py:3239} INFO - Sync 2 DAGs
[2024-10-11T03:57:17.140+0000] {logging_mixin.py:190} INFO - [2024-10-11T03:57:17.140+0000] {dag.py:4180} INFO - Setting next_dagrun for read_dataset_event to 2024-10-10 00:00:00+00:00, run_after=2024-10-11 00:00:00+00:00
[2024-10-11T03:57:17.147+0000] {logging_mixin.py:190} INFO - [2024-10-11T03:57:17.147+0000] {dag.py:4180} INFO - Setting next_dagrun for read_dataset_event_from_classic to 2024-10-10 00:00:00+00:00, run_after=2024-10-11 00:00:00+00:00
[2024-10-11T03:57:17.170+0000] {processor.py:208} INFO - Processing /home/airflow/.local/lib/python3.12/site-packages/airflow/example_dags/example_inlet_event_extra.py took 0.368 seconds
[2024-10-11T03:57:47.394+0000] {processor.py:186} INFO - Started process (PID=3330) to work on /home/airflow/.local/lib/python3.12/site-packages/airflow/example_dags/example_inlet_event_extra.py
[2024-10-11T03:57:47.398+0000] {processor.py:914} INFO - Processing file /home/airflow/.local/lib/python3.12/site-packages/airflow/example_dags/example_inlet_event_extra.py for tasks to queue
[2024-10-11T03:57:47.403+0000] {logging_mixin.py:190} INFO - [2024-10-11T03:57:47.403+0000] {dagbag.py:588} INFO - Filling up the DagBag from /home/airflow/.local/lib/python3.12/site-packages/airflow/example_dags/example_inlet_event_extra.py
[2024-10-11T03:57:47.619+0000] {processor.py:925} INFO - DAG(s) 'read_dataset_event', 'read_dataset_event_from_classic' retrieved from /home/airflow/.local/lib/python3.12/site-packages/airflow/example_dags/example_inlet_event_extra.py
[2024-10-11T03:57:47.647+0000] {logging_mixin.py:190} INFO - [2024-10-11T03:57:47.647+0000] {dag.py:3239} INFO - Sync 2 DAGs
[2024-10-11T03:57:47.685+0000] {logging_mixin.py:190} INFO - [2024-10-11T03:57:47.685+0000] {dag.py:4180} INFO - Setting next_dagrun for read_dataset_event to 2024-10-10 00:00:00+00:00, run_after=2024-10-11 00:00:00+00:00
[2024-10-11T03:57:47.691+0000] {logging_mixin.py:190} INFO - [2024-10-11T03:57:47.691+0000] {dag.py:4180} INFO - Setting next_dagrun for read_dataset_event_from_classic to 2024-10-10 00:00:00+00:00, run_after=2024-10-11 00:00:00+00:00
[2024-10-11T03:57:47.719+0000] {processor.py:208} INFO - Processing /home/airflow/.local/lib/python3.12/site-packages/airflow/example_dags/example_inlet_event_extra.py took 0.334 seconds
[2024-10-11T03:58:18.345+0000] {processor.py:186} INFO - Started process (PID=3396) to work on /home/airflow/.local/lib/python3.12/site-packages/airflow/example_dags/example_inlet_event_extra.py
[2024-10-11T03:58:18.346+0000] {processor.py:914} INFO - Processing file /home/airflow/.local/lib/python3.12/site-packages/airflow/example_dags/example_inlet_event_extra.py for tasks to queue
[2024-10-11T03:58:18.351+0000] {logging_mixin.py:190} INFO - [2024-10-11T03:58:18.350+0000] {dagbag.py:588} INFO - Filling up the DagBag from /home/airflow/.local/lib/python3.12/site-packages/airflow/example_dags/example_inlet_event_extra.py
[2024-10-11T03:58:18.598+0000] {processor.py:925} INFO - DAG(s) 'read_dataset_event_from_classic', 'read_dataset_event' retrieved from /home/airflow/.local/lib/python3.12/site-packages/airflow/example_dags/example_inlet_event_extra.py
[2024-10-11T03:58:18.632+0000] {logging_mixin.py:190} INFO - [2024-10-11T03:58:18.632+0000] {dag.py:3239} INFO - Sync 2 DAGs
[2024-10-11T03:58:18.670+0000] {logging_mixin.py:190} INFO - [2024-10-11T03:58:18.670+0000] {dag.py:4180} INFO - Setting next_dagrun for read_dataset_event to 2024-10-10 00:00:00+00:00, run_after=2024-10-11 00:00:00+00:00
[2024-10-11T03:58:18.677+0000] {logging_mixin.py:190} INFO - [2024-10-11T03:58:18.677+0000] {dag.py:4180} INFO - Setting next_dagrun for read_dataset_event_from_classic to 2024-10-10 00:00:00+00:00, run_after=2024-10-11 00:00:00+00:00
[2024-10-11T03:58:18.702+0000] {processor.py:208} INFO - Processing /home/airflow/.local/lib/python3.12/site-packages/airflow/example_dags/example_inlet_event_extra.py took 0.373 seconds
[2024-10-11T03:58:49.465+0000] {processor.py:186} INFO - Started process (PID=3465) to work on /home/airflow/.local/lib/python3.12/site-packages/airflow/example_dags/example_inlet_event_extra.py
[2024-10-11T03:58:49.468+0000] {processor.py:914} INFO - Processing file /home/airflow/.local/lib/python3.12/site-packages/airflow/example_dags/example_inlet_event_extra.py for tasks to queue
[2024-10-11T03:58:49.479+0000] {logging_mixin.py:190} INFO - [2024-10-11T03:58:49.478+0000] {dagbag.py:588} INFO - Filling up the DagBag from /home/airflow/.local/lib/python3.12/site-packages/airflow/example_dags/example_inlet_event_extra.py
[2024-10-11T03:58:49.864+0000] {processor.py:925} INFO - DAG(s) 'read_dataset_event_from_classic', 'read_dataset_event' retrieved from /home/airflow/.local/lib/python3.12/site-packages/airflow/example_dags/example_inlet_event_extra.py
[2024-10-11T03:58:49.955+0000] {logging_mixin.py:190} INFO - [2024-10-11T03:58:49.954+0000] {dag.py:3239} INFO - Sync 2 DAGs
[2024-10-11T03:58:50.009+0000] {logging_mixin.py:190} INFO - [2024-10-11T03:58:50.008+0000] {dag.py:4180} INFO - Setting next_dagrun for read_dataset_event to 2024-10-10 00:00:00+00:00, run_after=2024-10-11 00:00:00+00:00
[2024-10-11T03:58:50.019+0000] {logging_mixin.py:190} INFO - [2024-10-11T03:58:50.019+0000] {dag.py:4180} INFO - Setting next_dagrun for read_dataset_event_from_classic to 2024-10-10 00:00:00+00:00, run_after=2024-10-11 00:00:00+00:00
[2024-10-11T03:58:50.054+0000] {processor.py:208} INFO - Processing /home/airflow/.local/lib/python3.12/site-packages/airflow/example_dags/example_inlet_event_extra.py took 0.621 seconds
[2024-10-11T03:59:21.171+0000] {processor.py:186} INFO - Started process (PID=3533) to work on /home/airflow/.local/lib/python3.12/site-packages/airflow/example_dags/example_inlet_event_extra.py
[2024-10-11T03:59:21.177+0000] {processor.py:914} INFO - Processing file /home/airflow/.local/lib/python3.12/site-packages/airflow/example_dags/example_inlet_event_extra.py for tasks to queue
[2024-10-11T03:59:21.200+0000] {logging_mixin.py:190} INFO - [2024-10-11T03:59:21.199+0000] {dagbag.py:588} INFO - Filling up the DagBag from /home/airflow/.local/lib/python3.12/site-packages/airflow/example_dags/example_inlet_event_extra.py
[2024-10-11T03:59:21.629+0000] {processor.py:925} INFO - DAG(s) 'read_dataset_event', 'read_dataset_event_from_classic' retrieved from /home/airflow/.local/lib/python3.12/site-packages/airflow/example_dags/example_inlet_event_extra.py
[2024-10-11T03:59:21.723+0000] {logging_mixin.py:190} INFO - [2024-10-11T03:59:21.722+0000] {dag.py:3239} INFO - Sync 2 DAGs
[2024-10-11T03:59:21.915+0000] {logging_mixin.py:190} INFO - [2024-10-11T03:59:21.912+0000] {dag.py:4180} INFO - Setting next_dagrun for read_dataset_event to 2024-10-10 00:00:00+00:00, run_after=2024-10-11 00:00:00+00:00
[2024-10-11T03:59:21.941+0000] {logging_mixin.py:190} INFO - [2024-10-11T03:59:21.940+0000] {dag.py:4180} INFO - Setting next_dagrun for read_dataset_event_from_classic to 2024-10-10 00:00:00+00:00, run_after=2024-10-11 00:00:00+00:00
[2024-10-11T03:59:22.027+0000] {processor.py:208} INFO - Processing /home/airflow/.local/lib/python3.12/site-packages/airflow/example_dags/example_inlet_event_extra.py took 0.903 seconds
[2024-10-11T03:59:52.352+0000] {processor.py:186} INFO - Started process (PID=3600) to work on /home/airflow/.local/lib/python3.12/site-packages/airflow/example_dags/example_inlet_event_extra.py
[2024-10-11T03:59:52.354+0000] {processor.py:914} INFO - Processing file /home/airflow/.local/lib/python3.12/site-packages/airflow/example_dags/example_inlet_event_extra.py for tasks to queue
[2024-10-11T03:59:52.361+0000] {logging_mixin.py:190} INFO - [2024-10-11T03:59:52.360+0000] {dagbag.py:588} INFO - Filling up the DagBag from /home/airflow/.local/lib/python3.12/site-packages/airflow/example_dags/example_inlet_event_extra.py
[2024-10-11T03:59:53.062+0000] {processor.py:925} INFO - DAG(s) 'read_dataset_event_from_classic', 'read_dataset_event' retrieved from /home/airflow/.local/lib/python3.12/site-packages/airflow/example_dags/example_inlet_event_extra.py
[2024-10-11T03:59:53.264+0000] {logging_mixin.py:190} INFO - [2024-10-11T03:59:53.263+0000] {dag.py:3239} INFO - Sync 2 DAGs
[2024-10-11T03:59:53.453+0000] {logging_mixin.py:190} INFO - [2024-10-11T03:59:53.452+0000] {dag.py:4180} INFO - Setting next_dagrun for read_dataset_event to 2024-10-10 00:00:00+00:00, run_after=2024-10-11 00:00:00+00:00
[2024-10-11T03:59:53.474+0000] {logging_mixin.py:190} INFO - [2024-10-11T03:59:53.473+0000] {dag.py:4180} INFO - Setting next_dagrun for read_dataset_event_from_classic to 2024-10-10 00:00:00+00:00, run_after=2024-10-11 00:00:00+00:00
[2024-10-11T03:59:53.528+0000] {processor.py:208} INFO - Processing /home/airflow/.local/lib/python3.12/site-packages/airflow/example_dags/example_inlet_event_extra.py took 1.201 seconds
[2024-10-11T04:00:23.825+0000] {processor.py:186} INFO - Started process (PID=3665) to work on /home/airflow/.local/lib/python3.12/site-packages/airflow/example_dags/example_inlet_event_extra.py
[2024-10-11T04:00:23.828+0000] {processor.py:914} INFO - Processing file /home/airflow/.local/lib/python3.12/site-packages/airflow/example_dags/example_inlet_event_extra.py for tasks to queue
[2024-10-11T04:00:23.834+0000] {logging_mixin.py:190} INFO - [2024-10-11T04:00:23.834+0000] {dagbag.py:588} INFO - Filling up the DagBag from /home/airflow/.local/lib/python3.12/site-packages/airflow/example_dags/example_inlet_event_extra.py
[2024-10-11T04:00:24.202+0000] {processor.py:925} INFO - DAG(s) 'read_dataset_event', 'read_dataset_event_from_classic' retrieved from /home/airflow/.local/lib/python3.12/site-packages/airflow/example_dags/example_inlet_event_extra.py
[2024-10-11T04:00:24.273+0000] {logging_mixin.py:190} INFO - [2024-10-11T04:00:24.272+0000] {dag.py:3239} INFO - Sync 2 DAGs
[2024-10-11T04:00:24.360+0000] {logging_mixin.py:190} INFO - [2024-10-11T04:00:24.360+0000] {dag.py:4180} INFO - Setting next_dagrun for read_dataset_event to 2024-10-10 00:00:00+00:00, run_after=2024-10-11 00:00:00+00:00
[2024-10-11T04:00:24.370+0000] {logging_mixin.py:190} INFO - [2024-10-11T04:00:24.369+0000] {dag.py:4180} INFO - Setting next_dagrun for read_dataset_event_from_classic to 2024-10-10 00:00:00+00:00, run_after=2024-10-11 00:00:00+00:00
[2024-10-11T04:00:24.402+0000] {processor.py:208} INFO - Processing /home/airflow/.local/lib/python3.12/site-packages/airflow/example_dags/example_inlet_event_extra.py took 0.595 seconds
[2024-10-11T04:00:54.659+0000] {processor.py:186} INFO - Started process (PID=3732) to work on /home/airflow/.local/lib/python3.12/site-packages/airflow/example_dags/example_inlet_event_extra.py
[2024-10-11T04:00:54.661+0000] {processor.py:914} INFO - Processing file /home/airflow/.local/lib/python3.12/site-packages/airflow/example_dags/example_inlet_event_extra.py for tasks to queue
[2024-10-11T04:00:54.667+0000] {logging_mixin.py:190} INFO - [2024-10-11T04:00:54.666+0000] {dagbag.py:588} INFO - Filling up the DagBag from /home/airflow/.local/lib/python3.12/site-packages/airflow/example_dags/example_inlet_event_extra.py
[2024-10-11T04:00:54.957+0000] {processor.py:925} INFO - DAG(s) 'read_dataset_event_from_classic', 'read_dataset_event' retrieved from /home/airflow/.local/lib/python3.12/site-packages/airflow/example_dags/example_inlet_event_extra.py
[2024-10-11T04:00:55.002+0000] {logging_mixin.py:190} INFO - [2024-10-11T04:00:55.002+0000] {dag.py:3239} INFO - Sync 2 DAGs
[2024-10-11T04:00:55.053+0000] {logging_mixin.py:190} INFO - [2024-10-11T04:00:55.053+0000] {dag.py:4180} INFO - Setting next_dagrun for read_dataset_event to 2024-10-10 00:00:00+00:00, run_after=2024-10-11 00:00:00+00:00
[2024-10-11T04:00:55.064+0000] {logging_mixin.py:190} INFO - [2024-10-11T04:00:55.063+0000] {dag.py:4180} INFO - Setting next_dagrun for read_dataset_event_from_classic to 2024-10-10 00:00:00+00:00, run_after=2024-10-11 00:00:00+00:00
[2024-10-11T04:00:55.099+0000] {processor.py:208} INFO - Processing /home/airflow/.local/lib/python3.12/site-packages/airflow/example_dags/example_inlet_event_extra.py took 0.456 seconds
[2024-10-11T04:01:25.254+0000] {processor.py:186} INFO - Started process (PID=3799) to work on /home/airflow/.local/lib/python3.12/site-packages/airflow/example_dags/example_inlet_event_extra.py
[2024-10-11T04:01:25.256+0000] {processor.py:914} INFO - Processing file /home/airflow/.local/lib/python3.12/site-packages/airflow/example_dags/example_inlet_event_extra.py for tasks to queue
[2024-10-11T04:01:25.261+0000] {logging_mixin.py:190} INFO - [2024-10-11T04:01:25.261+0000] {dagbag.py:588} INFO - Filling up the DagBag from /home/airflow/.local/lib/python3.12/site-packages/airflow/example_dags/example_inlet_event_extra.py
[2024-10-11T04:01:25.575+0000] {processor.py:925} INFO - DAG(s) 'read_dataset_event', 'read_dataset_event_from_classic' retrieved from /home/airflow/.local/lib/python3.12/site-packages/airflow/example_dags/example_inlet_event_extra.py
[2024-10-11T04:01:25.625+0000] {logging_mixin.py:190} INFO - [2024-10-11T04:01:25.624+0000] {dag.py:3239} INFO - Sync 2 DAGs
[2024-10-11T04:01:25.682+0000] {logging_mixin.py:190} INFO - [2024-10-11T04:01:25.681+0000] {dag.py:4180} INFO - Setting next_dagrun for read_dataset_event to 2024-10-10 00:00:00+00:00, run_after=2024-10-11 00:00:00+00:00
[2024-10-11T04:01:25.694+0000] {logging_mixin.py:190} INFO - [2024-10-11T04:01:25.693+0000] {dag.py:4180} INFO - Setting next_dagrun for read_dataset_event_from_classic to 2024-10-10 00:00:00+00:00, run_after=2024-10-11 00:00:00+00:00
[2024-10-11T04:01:25.723+0000] {processor.py:208} INFO - Processing /home/airflow/.local/lib/python3.12/site-packages/airflow/example_dags/example_inlet_event_extra.py took 0.491 seconds
