[2024-10-11T03:32:56.823+0000] {processor.py:186} INFO - Started process (PID=97) to work on /home/airflow/.local/lib/python3.12/site-packages/airflow/example_dags/example_branch_labels.py
[2024-10-11T03:32:56.824+0000] {processor.py:914} INFO - Processing file /home/airflow/.local/lib/python3.12/site-packages/airflow/example_dags/example_branch_labels.py for tasks to queue
[2024-10-11T03:32:56.827+0000] {logging_mixin.py:190} INFO - [2024-10-11T03:32:56.826+0000] {dagbag.py:588} INFO - Filling up the DagBag from /home/airflow/.local/lib/python3.12/site-packages/airflow/example_dags/example_branch_labels.py
[2024-10-11T03:32:56.841+0000] {processor.py:925} INFO - DAG(s) 'example_branch_labels' retrieved from /home/airflow/.local/lib/python3.12/site-packages/airflow/example_dags/example_branch_labels.py
[2024-10-11T03:32:56.900+0000] {logging_mixin.py:190} INFO - [2024-10-11T03:32:56.900+0000] {dag.py:3239} INFO - Sync 1 DAGs
[2024-10-11T03:32:56.982+0000] {logging_mixin.py:190} INFO - [2024-10-11T03:32:56.977+0000] {dag.py:4180} INFO - Setting next_dagrun for example_branch_labels to 2024-10-10 00:00:00+00:00, run_after=2024-10-11 00:00:00+00:00
[2024-10-11T03:32:57.083+0000] {processor.py:208} INFO - Processing /home/airflow/.local/lib/python3.12/site-packages/airflow/example_dags/example_branch_labels.py took 0.268 seconds
[2024-10-11T03:33:27.351+0000] {processor.py:186} INFO - Started process (PID=163) to work on /home/airflow/.local/lib/python3.12/site-packages/airflow/example_dags/example_branch_labels.py
[2024-10-11T03:33:27.352+0000] {processor.py:914} INFO - Processing file /home/airflow/.local/lib/python3.12/site-packages/airflow/example_dags/example_branch_labels.py for tasks to queue
[2024-10-11T03:33:27.356+0000] {logging_mixin.py:190} INFO - [2024-10-11T03:33:27.355+0000] {dagbag.py:588} INFO - Filling up the DagBag from /home/airflow/.local/lib/python3.12/site-packages/airflow/example_dags/example_branch_labels.py
[2024-10-11T03:33:27.369+0000] {processor.py:925} INFO - DAG(s) 'example_branch_labels' retrieved from /home/airflow/.local/lib/python3.12/site-packages/airflow/example_dags/example_branch_labels.py
[2024-10-11T03:33:27.400+0000] {logging_mixin.py:190} INFO - [2024-10-11T03:33:27.400+0000] {dag.py:3239} INFO - Sync 1 DAGs
[2024-10-11T03:33:27.437+0000] {logging_mixin.py:190} INFO - [2024-10-11T03:33:27.437+0000] {dag.py:4180} INFO - Setting next_dagrun for example_branch_labels to 2024-10-10 00:00:00+00:00, run_after=2024-10-11 00:00:00+00:00
[2024-10-11T03:33:27.461+0000] {processor.py:208} INFO - Processing /home/airflow/.local/lib/python3.12/site-packages/airflow/example_dags/example_branch_labels.py took 0.118 seconds
[2024-10-11T03:33:58.087+0000] {processor.py:186} INFO - Started process (PID=228) to work on /home/airflow/.local/lib/python3.12/site-packages/airflow/example_dags/example_branch_labels.py
[2024-10-11T03:33:58.088+0000] {processor.py:914} INFO - Processing file /home/airflow/.local/lib/python3.12/site-packages/airflow/example_dags/example_branch_labels.py for tasks to queue
[2024-10-11T03:33:58.091+0000] {logging_mixin.py:190} INFO - [2024-10-11T03:33:58.090+0000] {dagbag.py:588} INFO - Filling up the DagBag from /home/airflow/.local/lib/python3.12/site-packages/airflow/example_dags/example_branch_labels.py
[2024-10-11T03:33:58.104+0000] {processor.py:925} INFO - DAG(s) 'example_branch_labels' retrieved from /home/airflow/.local/lib/python3.12/site-packages/airflow/example_dags/example_branch_labels.py
[2024-10-11T03:33:58.130+0000] {logging_mixin.py:190} INFO - [2024-10-11T03:33:58.130+0000] {dag.py:3239} INFO - Sync 1 DAGs
[2024-10-11T03:33:58.173+0000] {logging_mixin.py:190} INFO - [2024-10-11T03:33:58.173+0000] {dag.py:4180} INFO - Setting next_dagrun for example_branch_labels to 2024-10-10 00:00:00+00:00, run_after=2024-10-11 00:00:00+00:00
[2024-10-11T03:33:58.205+0000] {processor.py:208} INFO - Processing /home/airflow/.local/lib/python3.12/site-packages/airflow/example_dags/example_branch_labels.py took 0.125 seconds
[2024-10-11T03:34:28.678+0000] {processor.py:186} INFO - Started process (PID=294) to work on /home/airflow/.local/lib/python3.12/site-packages/airflow/example_dags/example_branch_labels.py
[2024-10-11T03:34:28.679+0000] {processor.py:914} INFO - Processing file /home/airflow/.local/lib/python3.12/site-packages/airflow/example_dags/example_branch_labels.py for tasks to queue
[2024-10-11T03:34:28.682+0000] {logging_mixin.py:190} INFO - [2024-10-11T03:34:28.681+0000] {dagbag.py:588} INFO - Filling up the DagBag from /home/airflow/.local/lib/python3.12/site-packages/airflow/example_dags/example_branch_labels.py
[2024-10-11T03:34:28.694+0000] {processor.py:925} INFO - DAG(s) 'example_branch_labels' retrieved from /home/airflow/.local/lib/python3.12/site-packages/airflow/example_dags/example_branch_labels.py
[2024-10-11T03:34:28.717+0000] {logging_mixin.py:190} INFO - [2024-10-11T03:34:28.717+0000] {dag.py:3239} INFO - Sync 1 DAGs
[2024-10-11T03:34:28.746+0000] {logging_mixin.py:190} INFO - [2024-10-11T03:34:28.745+0000] {dag.py:4180} INFO - Setting next_dagrun for example_branch_labels to 2024-10-10 00:00:00+00:00, run_after=2024-10-11 00:00:00+00:00
[2024-10-11T03:34:28.765+0000] {processor.py:208} INFO - Processing /home/airflow/.local/lib/python3.12/site-packages/airflow/example_dags/example_branch_labels.py took 0.095 seconds
[2024-10-11T03:34:59.144+0000] {processor.py:186} INFO - Started process (PID=360) to work on /home/airflow/.local/lib/python3.12/site-packages/airflow/example_dags/example_branch_labels.py
[2024-10-11T03:34:59.145+0000] {processor.py:914} INFO - Processing file /home/airflow/.local/lib/python3.12/site-packages/airflow/example_dags/example_branch_labels.py for tasks to queue
[2024-10-11T03:34:59.148+0000] {logging_mixin.py:190} INFO - [2024-10-11T03:34:59.147+0000] {dagbag.py:588} INFO - Filling up the DagBag from /home/airflow/.local/lib/python3.12/site-packages/airflow/example_dags/example_branch_labels.py
[2024-10-11T03:34:59.162+0000] {processor.py:925} INFO - DAG(s) 'example_branch_labels' retrieved from /home/airflow/.local/lib/python3.12/site-packages/airflow/example_dags/example_branch_labels.py
[2024-10-11T03:34:59.191+0000] {logging_mixin.py:190} INFO - [2024-10-11T03:34:59.191+0000] {dag.py:3239} INFO - Sync 1 DAGs
[2024-10-11T03:34:59.227+0000] {logging_mixin.py:190} INFO - [2024-10-11T03:34:59.227+0000] {dag.py:4180} INFO - Setting next_dagrun for example_branch_labels to 2024-10-10 00:00:00+00:00, run_after=2024-10-11 00:00:00+00:00
[2024-10-11T03:34:59.248+0000] {processor.py:208} INFO - Processing /home/airflow/.local/lib/python3.12/site-packages/airflow/example_dags/example_branch_labels.py took 0.113 seconds
[2024-10-11T03:35:30.111+0000] {processor.py:186} INFO - Started process (PID=426) to work on /home/airflow/.local/lib/python3.12/site-packages/airflow/example_dags/example_branch_labels.py
[2024-10-11T03:35:30.113+0000] {processor.py:914} INFO - Processing file /home/airflow/.local/lib/python3.12/site-packages/airflow/example_dags/example_branch_labels.py for tasks to queue
[2024-10-11T03:35:30.117+0000] {logging_mixin.py:190} INFO - [2024-10-11T03:35:30.116+0000] {dagbag.py:588} INFO - Filling up the DagBag from /home/airflow/.local/lib/python3.12/site-packages/airflow/example_dags/example_branch_labels.py
[2024-10-11T03:35:30.140+0000] {processor.py:925} INFO - DAG(s) 'example_branch_labels' retrieved from /home/airflow/.local/lib/python3.12/site-packages/airflow/example_dags/example_branch_labels.py
[2024-10-11T03:35:30.183+0000] {logging_mixin.py:190} INFO - [2024-10-11T03:35:30.183+0000] {dag.py:3239} INFO - Sync 1 DAGs
[2024-10-11T03:35:30.267+0000] {logging_mixin.py:190} INFO - [2024-10-11T03:35:30.266+0000] {dag.py:4180} INFO - Setting next_dagrun for example_branch_labels to 2024-10-10 00:00:00+00:00, run_after=2024-10-11 00:00:00+00:00
[2024-10-11T03:35:30.303+0000] {processor.py:208} INFO - Processing /home/airflow/.local/lib/python3.12/site-packages/airflow/example_dags/example_branch_labels.py took 0.215 seconds
[2024-10-11T03:36:01.052+0000] {processor.py:186} INFO - Started process (PID=492) to work on /home/airflow/.local/lib/python3.12/site-packages/airflow/example_dags/example_branch_labels.py
[2024-10-11T03:36:01.053+0000] {processor.py:914} INFO - Processing file /home/airflow/.local/lib/python3.12/site-packages/airflow/example_dags/example_branch_labels.py for tasks to queue
[2024-10-11T03:36:01.056+0000] {logging_mixin.py:190} INFO - [2024-10-11T03:36:01.056+0000] {dagbag.py:588} INFO - Filling up the DagBag from /home/airflow/.local/lib/python3.12/site-packages/airflow/example_dags/example_branch_labels.py
[2024-10-11T03:36:01.069+0000] {processor.py:925} INFO - DAG(s) 'example_branch_labels' retrieved from /home/airflow/.local/lib/python3.12/site-packages/airflow/example_dags/example_branch_labels.py
[2024-10-11T03:36:01.099+0000] {logging_mixin.py:190} INFO - [2024-10-11T03:36:01.099+0000] {dag.py:3239} INFO - Sync 1 DAGs
[2024-10-11T03:36:01.130+0000] {logging_mixin.py:190} INFO - [2024-10-11T03:36:01.129+0000] {dag.py:4180} INFO - Setting next_dagrun for example_branch_labels to 2024-10-10 00:00:00+00:00, run_after=2024-10-11 00:00:00+00:00
[2024-10-11T03:36:01.153+0000] {processor.py:208} INFO - Processing /home/airflow/.local/lib/python3.12/site-packages/airflow/example_dags/example_branch_labels.py took 0.110 seconds
[2024-10-11T03:36:31.581+0000] {processor.py:186} INFO - Started process (PID=558) to work on /home/airflow/.local/lib/python3.12/site-packages/airflow/example_dags/example_branch_labels.py
[2024-10-11T03:36:31.582+0000] {processor.py:914} INFO - Processing file /home/airflow/.local/lib/python3.12/site-packages/airflow/example_dags/example_branch_labels.py for tasks to queue
[2024-10-11T03:36:31.586+0000] {logging_mixin.py:190} INFO - [2024-10-11T03:36:31.585+0000] {dagbag.py:588} INFO - Filling up the DagBag from /home/airflow/.local/lib/python3.12/site-packages/airflow/example_dags/example_branch_labels.py
[2024-10-11T03:36:31.603+0000] {processor.py:925} INFO - DAG(s) 'example_branch_labels' retrieved from /home/airflow/.local/lib/python3.12/site-packages/airflow/example_dags/example_branch_labels.py
[2024-10-11T03:36:31.678+0000] {logging_mixin.py:190} INFO - [2024-10-11T03:36:31.677+0000] {dag.py:3239} INFO - Sync 1 DAGs
[2024-10-11T03:36:31.721+0000] {logging_mixin.py:190} INFO - [2024-10-11T03:36:31.720+0000] {dag.py:4180} INFO - Setting next_dagrun for example_branch_labels to 2024-10-10 00:00:00+00:00, run_after=2024-10-11 00:00:00+00:00
[2024-10-11T03:36:31.758+0000] {processor.py:208} INFO - Processing /home/airflow/.local/lib/python3.12/site-packages/airflow/example_dags/example_branch_labels.py took 0.186 seconds
[2024-10-11T03:37:02.109+0000] {processor.py:186} INFO - Started process (PID=624) to work on /home/airflow/.local/lib/python3.12/site-packages/airflow/example_dags/example_branch_labels.py
[2024-10-11T03:37:02.112+0000] {processor.py:914} INFO - Processing file /home/airflow/.local/lib/python3.12/site-packages/airflow/example_dags/example_branch_labels.py for tasks to queue
[2024-10-11T03:37:02.117+0000] {logging_mixin.py:190} INFO - [2024-10-11T03:37:02.116+0000] {dagbag.py:588} INFO - Filling up the DagBag from /home/airflow/.local/lib/python3.12/site-packages/airflow/example_dags/example_branch_labels.py
[2024-10-11T03:37:02.135+0000] {processor.py:925} INFO - DAG(s) 'example_branch_labels' retrieved from /home/airflow/.local/lib/python3.12/site-packages/airflow/example_dags/example_branch_labels.py
[2024-10-11T03:37:02.163+0000] {logging_mixin.py:190} INFO - [2024-10-11T03:37:02.162+0000] {dag.py:3239} INFO - Sync 1 DAGs
[2024-10-11T03:37:02.197+0000] {logging_mixin.py:190} INFO - [2024-10-11T03:37:02.197+0000] {dag.py:4180} INFO - Setting next_dagrun for example_branch_labels to 2024-10-10 00:00:00+00:00, run_after=2024-10-11 00:00:00+00:00
[2024-10-11T03:37:02.225+0000] {processor.py:208} INFO - Processing /home/airflow/.local/lib/python3.12/site-packages/airflow/example_dags/example_branch_labels.py took 0.127 seconds
[2024-10-11T03:37:32.555+0000] {processor.py:186} INFO - Started process (PID=690) to work on /home/airflow/.local/lib/python3.12/site-packages/airflow/example_dags/example_branch_labels.py
[2024-10-11T03:37:32.556+0000] {processor.py:914} INFO - Processing file /home/airflow/.local/lib/python3.12/site-packages/airflow/example_dags/example_branch_labels.py for tasks to queue
[2024-10-11T03:37:32.559+0000] {logging_mixin.py:190} INFO - [2024-10-11T03:37:32.559+0000] {dagbag.py:588} INFO - Filling up the DagBag from /home/airflow/.local/lib/python3.12/site-packages/airflow/example_dags/example_branch_labels.py
[2024-10-11T03:37:32.573+0000] {processor.py:925} INFO - DAG(s) 'example_branch_labels' retrieved from /home/airflow/.local/lib/python3.12/site-packages/airflow/example_dags/example_branch_labels.py
[2024-10-11T03:37:32.605+0000] {logging_mixin.py:190} INFO - [2024-10-11T03:37:32.605+0000] {dag.py:3239} INFO - Sync 1 DAGs
[2024-10-11T03:37:32.654+0000] {logging_mixin.py:190} INFO - [2024-10-11T03:37:32.654+0000] {dag.py:4180} INFO - Setting next_dagrun for example_branch_labels to 2024-10-10 00:00:00+00:00, run_after=2024-10-11 00:00:00+00:00
[2024-10-11T03:37:32.709+0000] {processor.py:208} INFO - Processing /home/airflow/.local/lib/python3.12/site-packages/airflow/example_dags/example_branch_labels.py took 0.163 seconds
[2024-10-11T03:38:03.025+0000] {processor.py:186} INFO - Started process (PID=756) to work on /home/airflow/.local/lib/python3.12/site-packages/airflow/example_dags/example_branch_labels.py
[2024-10-11T03:38:03.026+0000] {processor.py:914} INFO - Processing file /home/airflow/.local/lib/python3.12/site-packages/airflow/example_dags/example_branch_labels.py for tasks to queue
[2024-10-11T03:38:03.029+0000] {logging_mixin.py:190} INFO - [2024-10-11T03:38:03.028+0000] {dagbag.py:588} INFO - Filling up the DagBag from /home/airflow/.local/lib/python3.12/site-packages/airflow/example_dags/example_branch_labels.py
[2024-10-11T03:38:03.041+0000] {processor.py:925} INFO - DAG(s) 'example_branch_labels' retrieved from /home/airflow/.local/lib/python3.12/site-packages/airflow/example_dags/example_branch_labels.py
[2024-10-11T03:38:03.066+0000] {logging_mixin.py:190} INFO - [2024-10-11T03:38:03.066+0000] {dag.py:3239} INFO - Sync 1 DAGs
[2024-10-11T03:38:03.094+0000] {logging_mixin.py:190} INFO - [2024-10-11T03:38:03.094+0000] {dag.py:4180} INFO - Setting next_dagrun for example_branch_labels to 2024-10-10 00:00:00+00:00, run_after=2024-10-11 00:00:00+00:00
[2024-10-11T03:38:03.115+0000] {processor.py:208} INFO - Processing /home/airflow/.local/lib/python3.12/site-packages/airflow/example_dags/example_branch_labels.py took 0.098 seconds
[2024-10-11T03:38:33.890+0000] {processor.py:186} INFO - Started process (PID=822) to work on /home/airflow/.local/lib/python3.12/site-packages/airflow/example_dags/example_branch_labels.py
[2024-10-11T03:38:33.891+0000] {processor.py:914} INFO - Processing file /home/airflow/.local/lib/python3.12/site-packages/airflow/example_dags/example_branch_labels.py for tasks to queue
[2024-10-11T03:38:33.894+0000] {logging_mixin.py:190} INFO - [2024-10-11T03:38:33.894+0000] {dagbag.py:588} INFO - Filling up the DagBag from /home/airflow/.local/lib/python3.12/site-packages/airflow/example_dags/example_branch_labels.py
[2024-10-11T03:38:33.906+0000] {processor.py:925} INFO - DAG(s) 'example_branch_labels' retrieved from /home/airflow/.local/lib/python3.12/site-packages/airflow/example_dags/example_branch_labels.py
[2024-10-11T03:38:33.930+0000] {logging_mixin.py:190} INFO - [2024-10-11T03:38:33.930+0000] {dag.py:3239} INFO - Sync 1 DAGs
[2024-10-11T03:38:33.961+0000] {logging_mixin.py:190} INFO - [2024-10-11T03:38:33.960+0000] {dag.py:4180} INFO - Setting next_dagrun for example_branch_labels to 2024-10-10 00:00:00+00:00, run_after=2024-10-11 00:00:00+00:00
[2024-10-11T03:38:33.982+0000] {processor.py:208} INFO - Processing /home/airflow/.local/lib/python3.12/site-packages/airflow/example_dags/example_branch_labels.py took 0.100 seconds
[2024-10-11T03:39:04.680+0000] {processor.py:186} INFO - Started process (PID=888) to work on /home/airflow/.local/lib/python3.12/site-packages/airflow/example_dags/example_branch_labels.py
[2024-10-11T03:39:04.681+0000] {processor.py:914} INFO - Processing file /home/airflow/.local/lib/python3.12/site-packages/airflow/example_dags/example_branch_labels.py for tasks to queue
[2024-10-11T03:39:04.684+0000] {logging_mixin.py:190} INFO - [2024-10-11T03:39:04.683+0000] {dagbag.py:588} INFO - Filling up the DagBag from /home/airflow/.local/lib/python3.12/site-packages/airflow/example_dags/example_branch_labels.py
[2024-10-11T03:39:04.695+0000] {processor.py:925} INFO - DAG(s) 'example_branch_labels' retrieved from /home/airflow/.local/lib/python3.12/site-packages/airflow/example_dags/example_branch_labels.py
[2024-10-11T03:39:04.719+0000] {logging_mixin.py:190} INFO - [2024-10-11T03:39:04.719+0000] {dag.py:3239} INFO - Sync 1 DAGs
[2024-10-11T03:39:04.751+0000] {logging_mixin.py:190} INFO - [2024-10-11T03:39:04.751+0000] {dag.py:4180} INFO - Setting next_dagrun for example_branch_labels to 2024-10-10 00:00:00+00:00, run_after=2024-10-11 00:00:00+00:00
[2024-10-11T03:39:04.770+0000] {processor.py:208} INFO - Processing /home/airflow/.local/lib/python3.12/site-packages/airflow/example_dags/example_branch_labels.py took 0.098 seconds
[2024-10-11T03:39:35.983+0000] {processor.py:186} INFO - Started process (PID=954) to work on /home/airflow/.local/lib/python3.12/site-packages/airflow/example_dags/example_branch_labels.py
[2024-10-11T03:39:35.985+0000] {processor.py:914} INFO - Processing file /home/airflow/.local/lib/python3.12/site-packages/airflow/example_dags/example_branch_labels.py for tasks to queue
[2024-10-11T03:39:35.989+0000] {logging_mixin.py:190} INFO - [2024-10-11T03:39:35.988+0000] {dagbag.py:588} INFO - Filling up the DagBag from /home/airflow/.local/lib/python3.12/site-packages/airflow/example_dags/example_branch_labels.py
[2024-10-11T03:39:36.004+0000] {processor.py:925} INFO - DAG(s) 'example_branch_labels' retrieved from /home/airflow/.local/lib/python3.12/site-packages/airflow/example_dags/example_branch_labels.py
[2024-10-11T03:39:36.031+0000] {logging_mixin.py:190} INFO - [2024-10-11T03:39:36.030+0000] {dag.py:3239} INFO - Sync 1 DAGs
[2024-10-11T03:39:36.068+0000] {logging_mixin.py:190} INFO - [2024-10-11T03:39:36.068+0000] {dag.py:4180} INFO - Setting next_dagrun for example_branch_labels to 2024-10-10 00:00:00+00:00, run_after=2024-10-11 00:00:00+00:00
[2024-10-11T03:39:36.099+0000] {processor.py:208} INFO - Processing /home/airflow/.local/lib/python3.12/site-packages/airflow/example_dags/example_branch_labels.py took 0.125 seconds
[2024-10-11T03:40:07.481+0000] {processor.py:186} INFO - Started process (PID=1020) to work on /home/airflow/.local/lib/python3.12/site-packages/airflow/example_dags/example_branch_labels.py
[2024-10-11T03:40:07.484+0000] {processor.py:914} INFO - Processing file /home/airflow/.local/lib/python3.12/site-packages/airflow/example_dags/example_branch_labels.py for tasks to queue
[2024-10-11T03:40:07.487+0000] {logging_mixin.py:190} INFO - [2024-10-11T03:40:07.486+0000] {dagbag.py:588} INFO - Filling up the DagBag from /home/airflow/.local/lib/python3.12/site-packages/airflow/example_dags/example_branch_labels.py
[2024-10-11T03:40:07.509+0000] {processor.py:925} INFO - DAG(s) 'example_branch_labels' retrieved from /home/airflow/.local/lib/python3.12/site-packages/airflow/example_dags/example_branch_labels.py
[2024-10-11T03:40:07.555+0000] {logging_mixin.py:190} INFO - [2024-10-11T03:40:07.555+0000] {dag.py:3239} INFO - Sync 1 DAGs
[2024-10-11T03:40:07.608+0000] {logging_mixin.py:190} INFO - [2024-10-11T03:40:07.608+0000] {dag.py:4180} INFO - Setting next_dagrun for example_branch_labels to 2024-10-10 00:00:00+00:00, run_after=2024-10-11 00:00:00+00:00
[2024-10-11T03:40:07.638+0000] {processor.py:208} INFO - Processing /home/airflow/.local/lib/python3.12/site-packages/airflow/example_dags/example_branch_labels.py took 0.168 seconds
[2024-10-11T03:40:38.510+0000] {processor.py:186} INFO - Started process (PID=1086) to work on /home/airflow/.local/lib/python3.12/site-packages/airflow/example_dags/example_branch_labels.py
[2024-10-11T03:40:38.511+0000] {processor.py:914} INFO - Processing file /home/airflow/.local/lib/python3.12/site-packages/airflow/example_dags/example_branch_labels.py for tasks to queue
[2024-10-11T03:40:38.514+0000] {logging_mixin.py:190} INFO - [2024-10-11T03:40:38.513+0000] {dagbag.py:588} INFO - Filling up the DagBag from /home/airflow/.local/lib/python3.12/site-packages/airflow/example_dags/example_branch_labels.py
[2024-10-11T03:40:38.526+0000] {processor.py:925} INFO - DAG(s) 'example_branch_labels' retrieved from /home/airflow/.local/lib/python3.12/site-packages/airflow/example_dags/example_branch_labels.py
[2024-10-11T03:40:38.558+0000] {logging_mixin.py:190} INFO - [2024-10-11T03:40:38.557+0000] {dag.py:3239} INFO - Sync 1 DAGs
[2024-10-11T03:40:38.591+0000] {logging_mixin.py:190} INFO - [2024-10-11T03:40:38.591+0000] {dag.py:4180} INFO - Setting next_dagrun for example_branch_labels to 2024-10-10 00:00:00+00:00, run_after=2024-10-11 00:00:00+00:00
[2024-10-11T03:40:38.624+0000] {processor.py:208} INFO - Processing /home/airflow/.local/lib/python3.12/site-packages/airflow/example_dags/example_branch_labels.py took 0.123 seconds
[2024-10-11T03:41:09.453+0000] {processor.py:186} INFO - Started process (PID=1152) to work on /home/airflow/.local/lib/python3.12/site-packages/airflow/example_dags/example_branch_labels.py
[2024-10-11T03:41:09.454+0000] {processor.py:914} INFO - Processing file /home/airflow/.local/lib/python3.12/site-packages/airflow/example_dags/example_branch_labels.py for tasks to queue
[2024-10-11T03:41:09.457+0000] {logging_mixin.py:190} INFO - [2024-10-11T03:41:09.457+0000] {dagbag.py:588} INFO - Filling up the DagBag from /home/airflow/.local/lib/python3.12/site-packages/airflow/example_dags/example_branch_labels.py
[2024-10-11T03:41:09.469+0000] {processor.py:925} INFO - DAG(s) 'example_branch_labels' retrieved from /home/airflow/.local/lib/python3.12/site-packages/airflow/example_dags/example_branch_labels.py
[2024-10-11T03:41:09.494+0000] {logging_mixin.py:190} INFO - [2024-10-11T03:41:09.493+0000] {dag.py:3239} INFO - Sync 1 DAGs
[2024-10-11T03:41:09.522+0000] {logging_mixin.py:190} INFO - [2024-10-11T03:41:09.521+0000] {dag.py:4180} INFO - Setting next_dagrun for example_branch_labels to 2024-10-10 00:00:00+00:00, run_after=2024-10-11 00:00:00+00:00
[2024-10-11T03:41:09.542+0000] {processor.py:208} INFO - Processing /home/airflow/.local/lib/python3.12/site-packages/airflow/example_dags/example_branch_labels.py took 0.096 seconds
[2024-10-11T03:41:39.720+0000] {processor.py:186} INFO - Started process (PID=1218) to work on /home/airflow/.local/lib/python3.12/site-packages/airflow/example_dags/example_branch_labels.py
[2024-10-11T03:41:39.721+0000] {processor.py:914} INFO - Processing file /home/airflow/.local/lib/python3.12/site-packages/airflow/example_dags/example_branch_labels.py for tasks to queue
[2024-10-11T03:41:39.723+0000] {logging_mixin.py:190} INFO - [2024-10-11T03:41:39.723+0000] {dagbag.py:588} INFO - Filling up the DagBag from /home/airflow/.local/lib/python3.12/site-packages/airflow/example_dags/example_branch_labels.py
[2024-10-11T03:41:39.736+0000] {processor.py:925} INFO - DAG(s) 'example_branch_labels' retrieved from /home/airflow/.local/lib/python3.12/site-packages/airflow/example_dags/example_branch_labels.py
[2024-10-11T03:41:39.763+0000] {logging_mixin.py:190} INFO - [2024-10-11T03:41:39.763+0000] {dag.py:3239} INFO - Sync 1 DAGs
[2024-10-11T03:41:39.794+0000] {logging_mixin.py:190} INFO - [2024-10-11T03:41:39.794+0000] {dag.py:4180} INFO - Setting next_dagrun for example_branch_labels to 2024-10-10 00:00:00+00:00, run_after=2024-10-11 00:00:00+00:00
[2024-10-11T03:41:39.814+0000] {processor.py:208} INFO - Processing /home/airflow/.local/lib/python3.12/site-packages/airflow/example_dags/example_branch_labels.py took 0.102 seconds
[2024-10-11T03:42:10.530+0000] {processor.py:186} INFO - Started process (PID=1284) to work on /home/airflow/.local/lib/python3.12/site-packages/airflow/example_dags/example_branch_labels.py
[2024-10-11T03:42:10.531+0000] {processor.py:914} INFO - Processing file /home/airflow/.local/lib/python3.12/site-packages/airflow/example_dags/example_branch_labels.py for tasks to queue
[2024-10-11T03:42:10.534+0000] {logging_mixin.py:190} INFO - [2024-10-11T03:42:10.533+0000] {dagbag.py:588} INFO - Filling up the DagBag from /home/airflow/.local/lib/python3.12/site-packages/airflow/example_dags/example_branch_labels.py
[2024-10-11T03:42:10.545+0000] {processor.py:925} INFO - DAG(s) 'example_branch_labels' retrieved from /home/airflow/.local/lib/python3.12/site-packages/airflow/example_dags/example_branch_labels.py
[2024-10-11T03:42:10.569+0000] {logging_mixin.py:190} INFO - [2024-10-11T03:42:10.569+0000] {dag.py:3239} INFO - Sync 1 DAGs
[2024-10-11T03:42:10.600+0000] {logging_mixin.py:190} INFO - [2024-10-11T03:42:10.600+0000] {dag.py:4180} INFO - Setting next_dagrun for example_branch_labels to 2024-10-10 00:00:00+00:00, run_after=2024-10-11 00:00:00+00:00
[2024-10-11T03:42:10.621+0000] {processor.py:208} INFO - Processing /home/airflow/.local/lib/python3.12/site-packages/airflow/example_dags/example_branch_labels.py took 0.098 seconds
[2024-10-11T03:42:41.237+0000] {processor.py:186} INFO - Started process (PID=1350) to work on /home/airflow/.local/lib/python3.12/site-packages/airflow/example_dags/example_branch_labels.py
[2024-10-11T03:42:41.239+0000] {processor.py:914} INFO - Processing file /home/airflow/.local/lib/python3.12/site-packages/airflow/example_dags/example_branch_labels.py for tasks to queue
[2024-10-11T03:42:41.242+0000] {logging_mixin.py:190} INFO - [2024-10-11T03:42:41.242+0000] {dagbag.py:588} INFO - Filling up the DagBag from /home/airflow/.local/lib/python3.12/site-packages/airflow/example_dags/example_branch_labels.py
[2024-10-11T03:42:41.255+0000] {processor.py:925} INFO - DAG(s) 'example_branch_labels' retrieved from /home/airflow/.local/lib/python3.12/site-packages/airflow/example_dags/example_branch_labels.py
[2024-10-11T03:42:41.282+0000] {logging_mixin.py:190} INFO - [2024-10-11T03:42:41.282+0000] {dag.py:3239} INFO - Sync 1 DAGs
[2024-10-11T03:42:41.325+0000] {logging_mixin.py:190} INFO - [2024-10-11T03:42:41.325+0000] {dag.py:4180} INFO - Setting next_dagrun for example_branch_labels to 2024-10-10 00:00:00+00:00, run_after=2024-10-11 00:00:00+00:00
[2024-10-11T03:42:41.356+0000] {processor.py:208} INFO - Processing /home/airflow/.local/lib/python3.12/site-packages/airflow/example_dags/example_branch_labels.py took 0.126 seconds
[2024-10-11T03:43:12.575+0000] {processor.py:186} INFO - Started process (PID=1418) to work on /home/airflow/.local/lib/python3.12/site-packages/airflow/example_dags/example_branch_labels.py
[2024-10-11T03:43:12.576+0000] {processor.py:914} INFO - Processing file /home/airflow/.local/lib/python3.12/site-packages/airflow/example_dags/example_branch_labels.py for tasks to queue
[2024-10-11T03:43:12.579+0000] {logging_mixin.py:190} INFO - [2024-10-11T03:43:12.578+0000] {dagbag.py:588} INFO - Filling up the DagBag from /home/airflow/.local/lib/python3.12/site-packages/airflow/example_dags/example_branch_labels.py
[2024-10-11T03:43:12.591+0000] {processor.py:925} INFO - DAG(s) 'example_branch_labels' retrieved from /home/airflow/.local/lib/python3.12/site-packages/airflow/example_dags/example_branch_labels.py
[2024-10-11T03:43:12.620+0000] {logging_mixin.py:190} INFO - [2024-10-11T03:43:12.620+0000] {dag.py:3239} INFO - Sync 1 DAGs
[2024-10-11T03:43:12.660+0000] {logging_mixin.py:190} INFO - [2024-10-11T03:43:12.660+0000] {dag.py:4180} INFO - Setting next_dagrun for example_branch_labels to 2024-10-10 00:00:00+00:00, run_after=2024-10-11 00:00:00+00:00
[2024-10-11T03:43:12.701+0000] {processor.py:208} INFO - Processing /home/airflow/.local/lib/python3.12/site-packages/airflow/example_dags/example_branch_labels.py took 0.133 seconds
[2024-10-11T03:43:43.340+0000] {processor.py:186} INFO - Started process (PID=1485) to work on /home/airflow/.local/lib/python3.12/site-packages/airflow/example_dags/example_branch_labels.py
[2024-10-11T03:43:43.342+0000] {processor.py:914} INFO - Processing file /home/airflow/.local/lib/python3.12/site-packages/airflow/example_dags/example_branch_labels.py for tasks to queue
[2024-10-11T03:43:43.345+0000] {logging_mixin.py:190} INFO - [2024-10-11T03:43:43.344+0000] {dagbag.py:588} INFO - Filling up the DagBag from /home/airflow/.local/lib/python3.12/site-packages/airflow/example_dags/example_branch_labels.py
[2024-10-11T03:43:43.357+0000] {processor.py:925} INFO - DAG(s) 'example_branch_labels' retrieved from /home/airflow/.local/lib/python3.12/site-packages/airflow/example_dags/example_branch_labels.py
[2024-10-11T03:43:43.384+0000] {logging_mixin.py:190} INFO - [2024-10-11T03:43:43.383+0000] {dag.py:3239} INFO - Sync 1 DAGs
[2024-10-11T03:43:43.416+0000] {logging_mixin.py:190} INFO - [2024-10-11T03:43:43.416+0000] {dag.py:4180} INFO - Setting next_dagrun for example_branch_labels to 2024-10-10 00:00:00+00:00, run_after=2024-10-11 00:00:00+00:00
[2024-10-11T03:43:43.436+0000] {processor.py:208} INFO - Processing /home/airflow/.local/lib/python3.12/site-packages/airflow/example_dags/example_branch_labels.py took 0.103 seconds
[2024-10-11T03:44:13.873+0000] {processor.py:186} INFO - Started process (PID=1552) to work on /home/airflow/.local/lib/python3.12/site-packages/airflow/example_dags/example_branch_labels.py
[2024-10-11T03:44:13.874+0000] {processor.py:914} INFO - Processing file /home/airflow/.local/lib/python3.12/site-packages/airflow/example_dags/example_branch_labels.py for tasks to queue
[2024-10-11T03:44:13.878+0000] {logging_mixin.py:190} INFO - [2024-10-11T03:44:13.877+0000] {dagbag.py:588} INFO - Filling up the DagBag from /home/airflow/.local/lib/python3.12/site-packages/airflow/example_dags/example_branch_labels.py
[2024-10-11T03:44:13.895+0000] {processor.py:925} INFO - DAG(s) 'example_branch_labels' retrieved from /home/airflow/.local/lib/python3.12/site-packages/airflow/example_dags/example_branch_labels.py
[2024-10-11T03:44:13.930+0000] {logging_mixin.py:190} INFO - [2024-10-11T03:44:13.930+0000] {dag.py:3239} INFO - Sync 1 DAGs
[2024-10-11T03:44:13.964+0000] {logging_mixin.py:190} INFO - [2024-10-11T03:44:13.963+0000] {dag.py:4180} INFO - Setting next_dagrun for example_branch_labels to 2024-10-10 00:00:00+00:00, run_after=2024-10-11 00:00:00+00:00
[2024-10-11T03:44:13.984+0000] {processor.py:208} INFO - Processing /home/airflow/.local/lib/python3.12/site-packages/airflow/example_dags/example_branch_labels.py took 0.121 seconds
[2024-10-11T03:44:44.336+0000] {processor.py:186} INFO - Started process (PID=1619) to work on /home/airflow/.local/lib/python3.12/site-packages/airflow/example_dags/example_branch_labels.py
[2024-10-11T03:44:44.338+0000] {processor.py:914} INFO - Processing file /home/airflow/.local/lib/python3.12/site-packages/airflow/example_dags/example_branch_labels.py for tasks to queue
[2024-10-11T03:44:44.340+0000] {logging_mixin.py:190} INFO - [2024-10-11T03:44:44.340+0000] {dagbag.py:588} INFO - Filling up the DagBag from /home/airflow/.local/lib/python3.12/site-packages/airflow/example_dags/example_branch_labels.py
[2024-10-11T03:44:44.354+0000] {processor.py:925} INFO - DAG(s) 'example_branch_labels' retrieved from /home/airflow/.local/lib/python3.12/site-packages/airflow/example_dags/example_branch_labels.py
[2024-10-11T03:44:44.384+0000] {logging_mixin.py:190} INFO - [2024-10-11T03:44:44.383+0000] {dag.py:3239} INFO - Sync 1 DAGs
[2024-10-11T03:44:44.421+0000] {logging_mixin.py:190} INFO - [2024-10-11T03:44:44.420+0000] {dag.py:4180} INFO - Setting next_dagrun for example_branch_labels to 2024-10-10 00:00:00+00:00, run_after=2024-10-11 00:00:00+00:00
[2024-10-11T03:44:44.448+0000] {processor.py:208} INFO - Processing /home/airflow/.local/lib/python3.12/site-packages/airflow/example_dags/example_branch_labels.py took 0.119 seconds
[2024-10-11T03:45:15.200+0000] {processor.py:186} INFO - Started process (PID=1686) to work on /home/airflow/.local/lib/python3.12/site-packages/airflow/example_dags/example_branch_labels.py
[2024-10-11T03:45:15.201+0000] {processor.py:914} INFO - Processing file /home/airflow/.local/lib/python3.12/site-packages/airflow/example_dags/example_branch_labels.py for tasks to queue
[2024-10-11T03:45:15.203+0000] {logging_mixin.py:190} INFO - [2024-10-11T03:45:15.203+0000] {dagbag.py:588} INFO - Filling up the DagBag from /home/airflow/.local/lib/python3.12/site-packages/airflow/example_dags/example_branch_labels.py
[2024-10-11T03:45:15.215+0000] {processor.py:925} INFO - DAG(s) 'example_branch_labels' retrieved from /home/airflow/.local/lib/python3.12/site-packages/airflow/example_dags/example_branch_labels.py
[2024-10-11T03:45:15.240+0000] {logging_mixin.py:190} INFO - [2024-10-11T03:45:15.240+0000] {dag.py:3239} INFO - Sync 1 DAGs
[2024-10-11T03:45:15.271+0000] {logging_mixin.py:190} INFO - [2024-10-11T03:45:15.270+0000] {dag.py:4180} INFO - Setting next_dagrun for example_branch_labels to 2024-10-10 00:00:00+00:00, run_after=2024-10-11 00:00:00+00:00
[2024-10-11T03:45:15.291+0000] {processor.py:208} INFO - Processing /home/airflow/.local/lib/python3.12/site-packages/airflow/example_dags/example_branch_labels.py took 0.099 seconds
[2024-10-11T03:45:45.742+0000] {processor.py:186} INFO - Started process (PID=1753) to work on /home/airflow/.local/lib/python3.12/site-packages/airflow/example_dags/example_branch_labels.py
[2024-10-11T03:45:45.744+0000] {processor.py:914} INFO - Processing file /home/airflow/.local/lib/python3.12/site-packages/airflow/example_dags/example_branch_labels.py for tasks to queue
[2024-10-11T03:45:45.747+0000] {logging_mixin.py:190} INFO - [2024-10-11T03:45:45.747+0000] {dagbag.py:588} INFO - Filling up the DagBag from /home/airflow/.local/lib/python3.12/site-packages/airflow/example_dags/example_branch_labels.py
[2024-10-11T03:45:45.783+0000] {processor.py:925} INFO - DAG(s) 'example_branch_labels' retrieved from /home/airflow/.local/lib/python3.12/site-packages/airflow/example_dags/example_branch_labels.py
[2024-10-11T03:45:45.814+0000] {logging_mixin.py:190} INFO - [2024-10-11T03:45:45.813+0000] {dag.py:3239} INFO - Sync 1 DAGs
[2024-10-11T03:45:45.847+0000] {logging_mixin.py:190} INFO - [2024-10-11T03:45:45.847+0000] {dag.py:4180} INFO - Setting next_dagrun for example_branch_labels to 2024-10-10 00:00:00+00:00, run_after=2024-10-11 00:00:00+00:00
[2024-10-11T03:45:45.876+0000] {processor.py:208} INFO - Processing /home/airflow/.local/lib/python3.12/site-packages/airflow/example_dags/example_branch_labels.py took 0.141 seconds
[2024-10-11T03:46:15.942+0000] {processor.py:186} INFO - Started process (PID=1820) to work on /home/airflow/.local/lib/python3.12/site-packages/airflow/example_dags/example_branch_labels.py
[2024-10-11T03:46:15.943+0000] {processor.py:914} INFO - Processing file /home/airflow/.local/lib/python3.12/site-packages/airflow/example_dags/example_branch_labels.py for tasks to queue
[2024-10-11T03:46:15.946+0000] {logging_mixin.py:190} INFO - [2024-10-11T03:46:15.945+0000] {dagbag.py:588} INFO - Filling up the DagBag from /home/airflow/.local/lib/python3.12/site-packages/airflow/example_dags/example_branch_labels.py
[2024-10-11T03:46:15.957+0000] {processor.py:925} INFO - DAG(s) 'example_branch_labels' retrieved from /home/airflow/.local/lib/python3.12/site-packages/airflow/example_dags/example_branch_labels.py
[2024-10-11T03:46:15.982+0000] {logging_mixin.py:190} INFO - [2024-10-11T03:46:15.982+0000] {dag.py:3239} INFO - Sync 1 DAGs
[2024-10-11T03:46:16.012+0000] {logging_mixin.py:190} INFO - [2024-10-11T03:46:16.012+0000] {dag.py:4180} INFO - Setting next_dagrun for example_branch_labels to 2024-10-10 00:00:00+00:00, run_after=2024-10-11 00:00:00+00:00
[2024-10-11T03:46:16.034+0000] {processor.py:208} INFO - Processing /home/airflow/.local/lib/python3.12/site-packages/airflow/example_dags/example_branch_labels.py took 0.098 seconds
[2024-10-11T03:46:46.945+0000] {processor.py:186} INFO - Started process (PID=1887) to work on /home/airflow/.local/lib/python3.12/site-packages/airflow/example_dags/example_branch_labels.py
[2024-10-11T03:46:46.946+0000] {processor.py:914} INFO - Processing file /home/airflow/.local/lib/python3.12/site-packages/airflow/example_dags/example_branch_labels.py for tasks to queue
[2024-10-11T03:46:46.951+0000] {logging_mixin.py:190} INFO - [2024-10-11T03:46:46.951+0000] {dagbag.py:588} INFO - Filling up the DagBag from /home/airflow/.local/lib/python3.12/site-packages/airflow/example_dags/example_branch_labels.py
[2024-10-11T03:46:46.964+0000] {processor.py:925} INFO - DAG(s) 'example_branch_labels' retrieved from /home/airflow/.local/lib/python3.12/site-packages/airflow/example_dags/example_branch_labels.py
[2024-10-11T03:46:46.995+0000] {logging_mixin.py:190} INFO - [2024-10-11T03:46:46.995+0000] {dag.py:3239} INFO - Sync 1 DAGs
[2024-10-11T03:46:47.033+0000] {logging_mixin.py:190} INFO - [2024-10-11T03:46:47.033+0000] {dag.py:4180} INFO - Setting next_dagrun for example_branch_labels to 2024-10-10 00:00:00+00:00, run_after=2024-10-11 00:00:00+00:00
[2024-10-11T03:46:47.067+0000] {processor.py:208} INFO - Processing /home/airflow/.local/lib/python3.12/site-packages/airflow/example_dags/example_branch_labels.py took 0.133 seconds
[2024-10-11T03:47:17.968+0000] {processor.py:186} INFO - Started process (PID=1954) to work on /home/airflow/.local/lib/python3.12/site-packages/airflow/example_dags/example_branch_labels.py
[2024-10-11T03:47:17.970+0000] {processor.py:914} INFO - Processing file /home/airflow/.local/lib/python3.12/site-packages/airflow/example_dags/example_branch_labels.py for tasks to queue
[2024-10-11T03:47:17.975+0000] {logging_mixin.py:190} INFO - [2024-10-11T03:47:17.974+0000] {dagbag.py:588} INFO - Filling up the DagBag from /home/airflow/.local/lib/python3.12/site-packages/airflow/example_dags/example_branch_labels.py
[2024-10-11T03:47:17.991+0000] {processor.py:925} INFO - DAG(s) 'example_branch_labels' retrieved from /home/airflow/.local/lib/python3.12/site-packages/airflow/example_dags/example_branch_labels.py
[2024-10-11T03:47:18.023+0000] {logging_mixin.py:190} INFO - [2024-10-11T03:47:18.023+0000] {dag.py:3239} INFO - Sync 1 DAGs
[2024-10-11T03:47:18.054+0000] {logging_mixin.py:190} INFO - [2024-10-11T03:47:18.054+0000] {dag.py:4180} INFO - Setting next_dagrun for example_branch_labels to 2024-10-10 00:00:00+00:00, run_after=2024-10-11 00:00:00+00:00
[2024-10-11T03:47:18.076+0000] {processor.py:208} INFO - Processing /home/airflow/.local/lib/python3.12/site-packages/airflow/example_dags/example_branch_labels.py took 0.116 seconds
[2024-10-11T03:47:48.648+0000] {processor.py:186} INFO - Started process (PID=2021) to work on /home/airflow/.local/lib/python3.12/site-packages/airflow/example_dags/example_branch_labels.py
[2024-10-11T03:47:48.650+0000] {processor.py:914} INFO - Processing file /home/airflow/.local/lib/python3.12/site-packages/airflow/example_dags/example_branch_labels.py for tasks to queue
[2024-10-11T03:47:48.653+0000] {logging_mixin.py:190} INFO - [2024-10-11T03:47:48.652+0000] {dagbag.py:588} INFO - Filling up the DagBag from /home/airflow/.local/lib/python3.12/site-packages/airflow/example_dags/example_branch_labels.py
[2024-10-11T03:47:48.670+0000] {processor.py:925} INFO - DAG(s) 'example_branch_labels' retrieved from /home/airflow/.local/lib/python3.12/site-packages/airflow/example_dags/example_branch_labels.py
[2024-10-11T03:47:48.705+0000] {logging_mixin.py:190} INFO - [2024-10-11T03:47:48.705+0000] {dag.py:3239} INFO - Sync 1 DAGs
[2024-10-11T03:47:48.745+0000] {logging_mixin.py:190} INFO - [2024-10-11T03:47:48.745+0000] {dag.py:4180} INFO - Setting next_dagrun for example_branch_labels to 2024-10-10 00:00:00+00:00, run_after=2024-10-11 00:00:00+00:00
[2024-10-11T03:47:48.773+0000] {processor.py:208} INFO - Processing /home/airflow/.local/lib/python3.12/site-packages/airflow/example_dags/example_branch_labels.py took 0.135 seconds
[2024-10-11T03:48:19.447+0000] {processor.py:186} INFO - Started process (PID=2088) to work on /home/airflow/.local/lib/python3.12/site-packages/airflow/example_dags/example_branch_labels.py
[2024-10-11T03:48:19.448+0000] {processor.py:914} INFO - Processing file /home/airflow/.local/lib/python3.12/site-packages/airflow/example_dags/example_branch_labels.py for tasks to queue
[2024-10-11T03:48:19.453+0000] {logging_mixin.py:190} INFO - [2024-10-11T03:48:19.453+0000] {dagbag.py:588} INFO - Filling up the DagBag from /home/airflow/.local/lib/python3.12/site-packages/airflow/example_dags/example_branch_labels.py
[2024-10-11T03:48:19.468+0000] {processor.py:925} INFO - DAG(s) 'example_branch_labels' retrieved from /home/airflow/.local/lib/python3.12/site-packages/airflow/example_dags/example_branch_labels.py
[2024-10-11T03:48:19.498+0000] {logging_mixin.py:190} INFO - [2024-10-11T03:48:19.498+0000] {dag.py:3239} INFO - Sync 1 DAGs
[2024-10-11T03:48:19.550+0000] {logging_mixin.py:190} INFO - [2024-10-11T03:48:19.550+0000] {dag.py:4180} INFO - Setting next_dagrun for example_branch_labels to 2024-10-10 00:00:00+00:00, run_after=2024-10-11 00:00:00+00:00
[2024-10-11T03:48:19.603+0000] {processor.py:208} INFO - Processing /home/airflow/.local/lib/python3.12/site-packages/airflow/example_dags/example_branch_labels.py took 0.168 seconds
[2024-10-11T03:48:50.117+0000] {processor.py:186} INFO - Started process (PID=2154) to work on /home/airflow/.local/lib/python3.12/site-packages/airflow/example_dags/example_branch_labels.py
[2024-10-11T03:48:50.118+0000] {processor.py:914} INFO - Processing file /home/airflow/.local/lib/python3.12/site-packages/airflow/example_dags/example_branch_labels.py for tasks to queue
[2024-10-11T03:48:50.122+0000] {logging_mixin.py:190} INFO - [2024-10-11T03:48:50.122+0000] {dagbag.py:588} INFO - Filling up the DagBag from /home/airflow/.local/lib/python3.12/site-packages/airflow/example_dags/example_branch_labels.py
[2024-10-11T03:48:50.137+0000] {processor.py:925} INFO - DAG(s) 'example_branch_labels' retrieved from /home/airflow/.local/lib/python3.12/site-packages/airflow/example_dags/example_branch_labels.py
[2024-10-11T03:48:50.175+0000] {logging_mixin.py:190} INFO - [2024-10-11T03:48:50.175+0000] {dag.py:3239} INFO - Sync 1 DAGs
[2024-10-11T03:48:50.219+0000] {logging_mixin.py:190} INFO - [2024-10-11T03:48:50.218+0000] {dag.py:4180} INFO - Setting next_dagrun for example_branch_labels to 2024-10-10 00:00:00+00:00, run_after=2024-10-11 00:00:00+00:00
[2024-10-11T03:48:50.250+0000] {processor.py:208} INFO - Processing /home/airflow/.local/lib/python3.12/site-packages/airflow/example_dags/example_branch_labels.py took 0.142 seconds
[2024-10-11T03:49:20.351+0000] {processor.py:186} INFO - Started process (PID=2219) to work on /home/airflow/.local/lib/python3.12/site-packages/airflow/example_dags/example_branch_labels.py
[2024-10-11T03:49:20.352+0000] {processor.py:914} INFO - Processing file /home/airflow/.local/lib/python3.12/site-packages/airflow/example_dags/example_branch_labels.py for tasks to queue
[2024-10-11T03:49:20.356+0000] {logging_mixin.py:190} INFO - [2024-10-11T03:49:20.356+0000] {dagbag.py:588} INFO - Filling up the DagBag from /home/airflow/.local/lib/python3.12/site-packages/airflow/example_dags/example_branch_labels.py
[2024-10-11T03:49:20.373+0000] {processor.py:925} INFO - DAG(s) 'example_branch_labels' retrieved from /home/airflow/.local/lib/python3.12/site-packages/airflow/example_dags/example_branch_labels.py
[2024-10-11T03:49:20.406+0000] {logging_mixin.py:190} INFO - [2024-10-11T03:49:20.406+0000] {dag.py:3239} INFO - Sync 1 DAGs
[2024-10-11T03:49:20.444+0000] {logging_mixin.py:190} INFO - [2024-10-11T03:49:20.444+0000] {dag.py:4180} INFO - Setting next_dagrun for example_branch_labels to 2024-10-10 00:00:00+00:00, run_after=2024-10-11 00:00:00+00:00
[2024-10-11T03:49:20.468+0000] {processor.py:208} INFO - Processing /home/airflow/.local/lib/python3.12/site-packages/airflow/example_dags/example_branch_labels.py took 0.127 seconds
[2024-10-11T03:49:51.228+0000] {processor.py:186} INFO - Started process (PID=2285) to work on /home/airflow/.local/lib/python3.12/site-packages/airflow/example_dags/example_branch_labels.py
[2024-10-11T03:49:51.229+0000] {processor.py:914} INFO - Processing file /home/airflow/.local/lib/python3.12/site-packages/airflow/example_dags/example_branch_labels.py for tasks to queue
[2024-10-11T03:49:51.232+0000] {logging_mixin.py:190} INFO - [2024-10-11T03:49:51.232+0000] {dagbag.py:588} INFO - Filling up the DagBag from /home/airflow/.local/lib/python3.12/site-packages/airflow/example_dags/example_branch_labels.py
[2024-10-11T03:49:51.245+0000] {processor.py:925} INFO - DAG(s) 'example_branch_labels' retrieved from /home/airflow/.local/lib/python3.12/site-packages/airflow/example_dags/example_branch_labels.py
[2024-10-11T03:49:51.283+0000] {logging_mixin.py:190} INFO - [2024-10-11T03:49:51.283+0000] {dag.py:3239} INFO - Sync 1 DAGs
[2024-10-11T03:49:51.332+0000] {logging_mixin.py:190} INFO - [2024-10-11T03:49:51.332+0000] {dag.py:4180} INFO - Setting next_dagrun for example_branch_labels to 2024-10-10 00:00:00+00:00, run_after=2024-10-11 00:00:00+00:00
[2024-10-11T03:49:51.356+0000] {processor.py:208} INFO - Processing /home/airflow/.local/lib/python3.12/site-packages/airflow/example_dags/example_branch_labels.py took 0.140 seconds
[2024-10-11T03:50:21.733+0000] {processor.py:186} INFO - Started process (PID=2352) to work on /home/airflow/.local/lib/python3.12/site-packages/airflow/example_dags/example_branch_labels.py
[2024-10-11T03:50:21.734+0000] {processor.py:914} INFO - Processing file /home/airflow/.local/lib/python3.12/site-packages/airflow/example_dags/example_branch_labels.py for tasks to queue
[2024-10-11T03:50:21.738+0000] {logging_mixin.py:190} INFO - [2024-10-11T03:50:21.737+0000] {dagbag.py:588} INFO - Filling up the DagBag from /home/airflow/.local/lib/python3.12/site-packages/airflow/example_dags/example_branch_labels.py
[2024-10-11T03:50:21.755+0000] {processor.py:925} INFO - DAG(s) 'example_branch_labels' retrieved from /home/airflow/.local/lib/python3.12/site-packages/airflow/example_dags/example_branch_labels.py
[2024-10-11T03:50:21.808+0000] {logging_mixin.py:190} INFO - [2024-10-11T03:50:21.807+0000] {dag.py:3239} INFO - Sync 1 DAGs
[2024-10-11T03:50:21.850+0000] {logging_mixin.py:190} INFO - [2024-10-11T03:50:21.850+0000] {dag.py:4180} INFO - Setting next_dagrun for example_branch_labels to 2024-10-10 00:00:00+00:00, run_after=2024-10-11 00:00:00+00:00
[2024-10-11T03:50:22.155+0000] {processor.py:208} INFO - Processing /home/airflow/.local/lib/python3.12/site-packages/airflow/example_dags/example_branch_labels.py took 0.431 seconds
[2024-10-11T03:50:52.382+0000] {processor.py:186} INFO - Started process (PID=2419) to work on /home/airflow/.local/lib/python3.12/site-packages/airflow/example_dags/example_branch_labels.py
[2024-10-11T03:50:52.384+0000] {processor.py:914} INFO - Processing file /home/airflow/.local/lib/python3.12/site-packages/airflow/example_dags/example_branch_labels.py for tasks to queue
[2024-10-11T03:50:52.388+0000] {logging_mixin.py:190} INFO - [2024-10-11T03:50:52.387+0000] {dagbag.py:588} INFO - Filling up the DagBag from /home/airflow/.local/lib/python3.12/site-packages/airflow/example_dags/example_branch_labels.py
[2024-10-11T03:50:52.405+0000] {processor.py:925} INFO - DAG(s) 'example_branch_labels' retrieved from /home/airflow/.local/lib/python3.12/site-packages/airflow/example_dags/example_branch_labels.py
[2024-10-11T03:50:52.442+0000] {logging_mixin.py:190} INFO - [2024-10-11T03:50:52.442+0000] {dag.py:3239} INFO - Sync 1 DAGs
[2024-10-11T03:50:52.488+0000] {logging_mixin.py:190} INFO - [2024-10-11T03:50:52.488+0000] {dag.py:4180} INFO - Setting next_dagrun for example_branch_labels to 2024-10-10 00:00:00+00:00, run_after=2024-10-11 00:00:00+00:00
[2024-10-11T03:50:52.733+0000] {processor.py:208} INFO - Processing /home/airflow/.local/lib/python3.12/site-packages/airflow/example_dags/example_branch_labels.py took 0.361 seconds
[2024-10-11T03:51:23.384+0000] {processor.py:186} INFO - Started process (PID=2486) to work on /home/airflow/.local/lib/python3.12/site-packages/airflow/example_dags/example_branch_labels.py
[2024-10-11T03:51:23.385+0000] {processor.py:914} INFO - Processing file /home/airflow/.local/lib/python3.12/site-packages/airflow/example_dags/example_branch_labels.py for tasks to queue
[2024-10-11T03:51:23.390+0000] {logging_mixin.py:190} INFO - [2024-10-11T03:51:23.389+0000] {dagbag.py:588} INFO - Filling up the DagBag from /home/airflow/.local/lib/python3.12/site-packages/airflow/example_dags/example_branch_labels.py
[2024-10-11T03:51:23.407+0000] {processor.py:925} INFO - DAG(s) 'example_branch_labels' retrieved from /home/airflow/.local/lib/python3.12/site-packages/airflow/example_dags/example_branch_labels.py
[2024-10-11T03:51:23.447+0000] {logging_mixin.py:190} INFO - [2024-10-11T03:51:23.447+0000] {dag.py:3239} INFO - Sync 1 DAGs
[2024-10-11T03:51:23.483+0000] {logging_mixin.py:190} INFO - [2024-10-11T03:51:23.483+0000] {dag.py:4180} INFO - Setting next_dagrun for example_branch_labels to 2024-10-10 00:00:00+00:00, run_after=2024-10-11 00:00:00+00:00
[2024-10-11T03:51:23.505+0000] {processor.py:208} INFO - Processing /home/airflow/.local/lib/python3.12/site-packages/airflow/example_dags/example_branch_labels.py took 0.129 seconds
[2024-10-11T03:51:54.046+0000] {processor.py:186} INFO - Started process (PID=2553) to work on /home/airflow/.local/lib/python3.12/site-packages/airflow/example_dags/example_branch_labels.py
[2024-10-11T03:51:54.048+0000] {processor.py:914} INFO - Processing file /home/airflow/.local/lib/python3.12/site-packages/airflow/example_dags/example_branch_labels.py for tasks to queue
[2024-10-11T03:51:54.051+0000] {logging_mixin.py:190} INFO - [2024-10-11T03:51:54.051+0000] {dagbag.py:588} INFO - Filling up the DagBag from /home/airflow/.local/lib/python3.12/site-packages/airflow/example_dags/example_branch_labels.py
[2024-10-11T03:51:54.068+0000] {processor.py:925} INFO - DAG(s) 'example_branch_labels' retrieved from /home/airflow/.local/lib/python3.12/site-packages/airflow/example_dags/example_branch_labels.py
[2024-10-11T03:51:54.100+0000] {logging_mixin.py:190} INFO - [2024-10-11T03:51:54.099+0000] {dag.py:3239} INFO - Sync 1 DAGs
[2024-10-11T03:51:54.137+0000] {logging_mixin.py:190} INFO - [2024-10-11T03:51:54.137+0000] {dag.py:4180} INFO - Setting next_dagrun for example_branch_labels to 2024-10-10 00:00:00+00:00, run_after=2024-10-11 00:00:00+00:00
[2024-10-11T03:51:54.160+0000] {processor.py:208} INFO - Processing /home/airflow/.local/lib/python3.12/site-packages/airflow/example_dags/example_branch_labels.py took 0.124 seconds
[2024-10-11T03:52:24.986+0000] {processor.py:186} INFO - Started process (PID=2619) to work on /home/airflow/.local/lib/python3.12/site-packages/airflow/example_dags/example_branch_labels.py
[2024-10-11T03:52:24.987+0000] {processor.py:914} INFO - Processing file /home/airflow/.local/lib/python3.12/site-packages/airflow/example_dags/example_branch_labels.py for tasks to queue
[2024-10-11T03:52:24.993+0000] {logging_mixin.py:190} INFO - [2024-10-11T03:52:24.992+0000] {dagbag.py:588} INFO - Filling up the DagBag from /home/airflow/.local/lib/python3.12/site-packages/airflow/example_dags/example_branch_labels.py
[2024-10-11T03:52:25.012+0000] {processor.py:925} INFO - DAG(s) 'example_branch_labels' retrieved from /home/airflow/.local/lib/python3.12/site-packages/airflow/example_dags/example_branch_labels.py
[2024-10-11T03:52:25.319+0000] {logging_mixin.py:190} INFO - [2024-10-11T03:52:25.318+0000] {dag.py:3239} INFO - Sync 1 DAGs
[2024-10-11T03:52:25.352+0000] {logging_mixin.py:190} INFO - [2024-10-11T03:52:25.352+0000] {dag.py:4180} INFO - Setting next_dagrun for example_branch_labels to 2024-10-10 00:00:00+00:00, run_after=2024-10-11 00:00:00+00:00
[2024-10-11T03:52:25.379+0000] {processor.py:208} INFO - Processing /home/airflow/.local/lib/python3.12/site-packages/airflow/example_dags/example_branch_labels.py took 0.407 seconds
[2024-10-11T03:52:55.561+0000] {processor.py:186} INFO - Started process (PID=2685) to work on /home/airflow/.local/lib/python3.12/site-packages/airflow/example_dags/example_branch_labels.py
[2024-10-11T03:52:55.567+0000] {processor.py:914} INFO - Processing file /home/airflow/.local/lib/python3.12/site-packages/airflow/example_dags/example_branch_labels.py for tasks to queue
[2024-10-11T03:52:55.570+0000] {logging_mixin.py:190} INFO - [2024-10-11T03:52:55.570+0000] {dagbag.py:588} INFO - Filling up the DagBag from /home/airflow/.local/lib/python3.12/site-packages/airflow/example_dags/example_branch_labels.py
[2024-10-11T03:52:55.589+0000] {processor.py:925} INFO - DAG(s) 'example_branch_labels' retrieved from /home/airflow/.local/lib/python3.12/site-packages/airflow/example_dags/example_branch_labels.py
[2024-10-11T03:52:55.622+0000] {logging_mixin.py:190} INFO - [2024-10-11T03:52:55.622+0000] {dag.py:3239} INFO - Sync 1 DAGs
[2024-10-11T03:52:55.663+0000] {logging_mixin.py:190} INFO - [2024-10-11T03:52:55.662+0000] {dag.py:4180} INFO - Setting next_dagrun for example_branch_labels to 2024-10-10 00:00:00+00:00, run_after=2024-10-11 00:00:00+00:00
[2024-10-11T03:52:55.691+0000] {processor.py:208} INFO - Processing /home/airflow/.local/lib/python3.12/site-packages/airflow/example_dags/example_branch_labels.py took 0.152 seconds
[2024-10-11T03:53:25.942+0000] {processor.py:186} INFO - Started process (PID=2753) to work on /home/airflow/.local/lib/python3.12/site-packages/airflow/example_dags/example_branch_labels.py
[2024-10-11T03:53:25.943+0000] {processor.py:914} INFO - Processing file /home/airflow/.local/lib/python3.12/site-packages/airflow/example_dags/example_branch_labels.py for tasks to queue
[2024-10-11T03:53:25.948+0000] {logging_mixin.py:190} INFO - [2024-10-11T03:53:25.947+0000] {dagbag.py:588} INFO - Filling up the DagBag from /home/airflow/.local/lib/python3.12/site-packages/airflow/example_dags/example_branch_labels.py
[2024-10-11T03:53:25.967+0000] {processor.py:925} INFO - DAG(s) 'example_branch_labels' retrieved from /home/airflow/.local/lib/python3.12/site-packages/airflow/example_dags/example_branch_labels.py
[2024-10-11T03:53:26.010+0000] {logging_mixin.py:190} INFO - [2024-10-11T03:53:26.010+0000] {dag.py:3239} INFO - Sync 1 DAGs
[2024-10-11T03:53:26.060+0000] {logging_mixin.py:190} INFO - [2024-10-11T03:53:26.060+0000] {dag.py:4180} INFO - Setting next_dagrun for example_branch_labels to 2024-10-10 00:00:00+00:00, run_after=2024-10-11 00:00:00+00:00
[2024-10-11T03:53:26.095+0000] {processor.py:208} INFO - Processing /home/airflow/.local/lib/python3.12/site-packages/airflow/example_dags/example_branch_labels.py took 0.166 seconds
[2024-10-11T03:53:56.358+0000] {processor.py:186} INFO - Started process (PID=2820) to work on /home/airflow/.local/lib/python3.12/site-packages/airflow/example_dags/example_branch_labels.py
[2024-10-11T03:53:56.360+0000] {processor.py:914} INFO - Processing file /home/airflow/.local/lib/python3.12/site-packages/airflow/example_dags/example_branch_labels.py for tasks to queue
[2024-10-11T03:53:56.365+0000] {logging_mixin.py:190} INFO - [2024-10-11T03:53:56.364+0000] {dagbag.py:588} INFO - Filling up the DagBag from /home/airflow/.local/lib/python3.12/site-packages/airflow/example_dags/example_branch_labels.py
[2024-10-11T03:53:56.387+0000] {processor.py:925} INFO - DAG(s) 'example_branch_labels' retrieved from /home/airflow/.local/lib/python3.12/site-packages/airflow/example_dags/example_branch_labels.py
[2024-10-11T03:53:56.430+0000] {logging_mixin.py:190} INFO - [2024-10-11T03:53:56.429+0000] {dag.py:3239} INFO - Sync 1 DAGs
[2024-10-11T03:53:56.484+0000] {logging_mixin.py:190} INFO - [2024-10-11T03:53:56.483+0000] {dag.py:4180} INFO - Setting next_dagrun for example_branch_labels to 2024-10-10 00:00:00+00:00, run_after=2024-10-11 00:00:00+00:00
[2024-10-11T03:53:56.517+0000] {processor.py:208} INFO - Processing /home/airflow/.local/lib/python3.12/site-packages/airflow/example_dags/example_branch_labels.py took 0.171 seconds
[2024-10-11T03:54:27.498+0000] {processor.py:186} INFO - Started process (PID=2887) to work on /home/airflow/.local/lib/python3.12/site-packages/airflow/example_dags/example_branch_labels.py
[2024-10-11T03:54:27.501+0000] {processor.py:914} INFO - Processing file /home/airflow/.local/lib/python3.12/site-packages/airflow/example_dags/example_branch_labels.py for tasks to queue
[2024-10-11T03:54:27.510+0000] {logging_mixin.py:190} INFO - [2024-10-11T03:54:27.507+0000] {dagbag.py:588} INFO - Filling up the DagBag from /home/airflow/.local/lib/python3.12/site-packages/airflow/example_dags/example_branch_labels.py
[2024-10-11T03:54:27.535+0000] {processor.py:925} INFO - DAG(s) 'example_branch_labels' retrieved from /home/airflow/.local/lib/python3.12/site-packages/airflow/example_dags/example_branch_labels.py
[2024-10-11T03:54:27.575+0000] {logging_mixin.py:190} INFO - [2024-10-11T03:54:27.575+0000] {dag.py:3239} INFO - Sync 1 DAGs
[2024-10-11T03:54:27.632+0000] {logging_mixin.py:190} INFO - [2024-10-11T03:54:27.632+0000] {dag.py:4180} INFO - Setting next_dagrun for example_branch_labels to 2024-10-10 00:00:00+00:00, run_after=2024-10-11 00:00:00+00:00
[2024-10-11T03:54:27.668+0000] {processor.py:208} INFO - Processing /home/airflow/.local/lib/python3.12/site-packages/airflow/example_dags/example_branch_labels.py took 0.186 seconds
[2024-10-11T03:54:58.551+0000] {processor.py:186} INFO - Started process (PID=2954) to work on /home/airflow/.local/lib/python3.12/site-packages/airflow/example_dags/example_branch_labels.py
[2024-10-11T03:54:58.553+0000] {processor.py:914} INFO - Processing file /home/airflow/.local/lib/python3.12/site-packages/airflow/example_dags/example_branch_labels.py for tasks to queue
[2024-10-11T03:54:58.560+0000] {logging_mixin.py:190} INFO - [2024-10-11T03:54:58.559+0000] {dagbag.py:588} INFO - Filling up the DagBag from /home/airflow/.local/lib/python3.12/site-packages/airflow/example_dags/example_branch_labels.py
[2024-10-11T03:54:58.583+0000] {processor.py:925} INFO - DAG(s) 'example_branch_labels' retrieved from /home/airflow/.local/lib/python3.12/site-packages/airflow/example_dags/example_branch_labels.py
[2024-10-11T03:54:58.629+0000] {logging_mixin.py:190} INFO - [2024-10-11T03:54:58.629+0000] {dag.py:3239} INFO - Sync 1 DAGs
[2024-10-11T03:54:58.683+0000] {logging_mixin.py:190} INFO - [2024-10-11T03:54:58.683+0000] {dag.py:4180} INFO - Setting next_dagrun for example_branch_labels to 2024-10-10 00:00:00+00:00, run_after=2024-10-11 00:00:00+00:00
[2024-10-11T03:54:58.722+0000] {processor.py:208} INFO - Processing /home/airflow/.local/lib/python3.12/site-packages/airflow/example_dags/example_branch_labels.py took 0.188 seconds
[2024-10-11T03:55:28.892+0000] {processor.py:186} INFO - Started process (PID=3021) to work on /home/airflow/.local/lib/python3.12/site-packages/airflow/example_dags/example_branch_labels.py
[2024-10-11T03:55:28.894+0000] {processor.py:914} INFO - Processing file /home/airflow/.local/lib/python3.12/site-packages/airflow/example_dags/example_branch_labels.py for tasks to queue
[2024-10-11T03:55:28.900+0000] {logging_mixin.py:190} INFO - [2024-10-11T03:55:28.899+0000] {dagbag.py:588} INFO - Filling up the DagBag from /home/airflow/.local/lib/python3.12/site-packages/airflow/example_dags/example_branch_labels.py
[2024-10-11T03:55:28.930+0000] {processor.py:925} INFO - DAG(s) 'example_branch_labels' retrieved from /home/airflow/.local/lib/python3.12/site-packages/airflow/example_dags/example_branch_labels.py
[2024-10-11T03:55:28.990+0000] {logging_mixin.py:190} INFO - [2024-10-11T03:55:28.989+0000] {dag.py:3239} INFO - Sync 1 DAGs
[2024-10-11T03:55:29.042+0000] {logging_mixin.py:190} INFO - [2024-10-11T03:55:29.041+0000] {dag.py:4180} INFO - Setting next_dagrun for example_branch_labels to 2024-10-10 00:00:00+00:00, run_after=2024-10-11 00:00:00+00:00
[2024-10-11T03:55:29.078+0000] {processor.py:208} INFO - Processing /home/airflow/.local/lib/python3.12/site-packages/airflow/example_dags/example_branch_labels.py took 0.203 seconds
[2024-10-11T03:55:59.276+0000] {processor.py:186} INFO - Started process (PID=3087) to work on /home/airflow/.local/lib/python3.12/site-packages/airflow/example_dags/example_branch_labels.py
[2024-10-11T03:55:59.278+0000] {processor.py:914} INFO - Processing file /home/airflow/.local/lib/python3.12/site-packages/airflow/example_dags/example_branch_labels.py for tasks to queue
[2024-10-11T03:55:59.284+0000] {logging_mixin.py:190} INFO - [2024-10-11T03:55:59.283+0000] {dagbag.py:588} INFO - Filling up the DagBag from /home/airflow/.local/lib/python3.12/site-packages/airflow/example_dags/example_branch_labels.py
[2024-10-11T03:55:59.307+0000] {processor.py:925} INFO - DAG(s) 'example_branch_labels' retrieved from /home/airflow/.local/lib/python3.12/site-packages/airflow/example_dags/example_branch_labels.py
[2024-10-11T03:55:59.348+0000] {logging_mixin.py:190} INFO - [2024-10-11T03:55:59.347+0000] {dag.py:3239} INFO - Sync 1 DAGs
[2024-10-11T03:55:59.399+0000] {logging_mixin.py:190} INFO - [2024-10-11T03:55:59.399+0000] {dag.py:4180} INFO - Setting next_dagrun for example_branch_labels to 2024-10-10 00:00:00+00:00, run_after=2024-10-11 00:00:00+00:00
[2024-10-11T03:55:59.427+0000] {processor.py:208} INFO - Processing /home/airflow/.local/lib/python3.12/site-packages/airflow/example_dags/example_branch_labels.py took 0.162 seconds
[2024-10-11T03:56:30.176+0000] {processor.py:186} INFO - Started process (PID=3154) to work on /home/airflow/.local/lib/python3.12/site-packages/airflow/example_dags/example_branch_labels.py
[2024-10-11T03:56:30.178+0000] {processor.py:914} INFO - Processing file /home/airflow/.local/lib/python3.12/site-packages/airflow/example_dags/example_branch_labels.py for tasks to queue
[2024-10-11T03:56:30.183+0000] {logging_mixin.py:190} INFO - [2024-10-11T03:56:30.182+0000] {dagbag.py:588} INFO - Filling up the DagBag from /home/airflow/.local/lib/python3.12/site-packages/airflow/example_dags/example_branch_labels.py
[2024-10-11T03:56:30.216+0000] {processor.py:925} INFO - DAG(s) 'example_branch_labels' retrieved from /home/airflow/.local/lib/python3.12/site-packages/airflow/example_dags/example_branch_labels.py
[2024-10-11T03:56:30.271+0000] {logging_mixin.py:190} INFO - [2024-10-11T03:56:30.270+0000] {dag.py:3239} INFO - Sync 1 DAGs
[2024-10-11T03:56:30.394+0000] {logging_mixin.py:190} INFO - [2024-10-11T03:56:30.393+0000] {dag.py:4180} INFO - Setting next_dagrun for example_branch_labels to 2024-10-10 00:00:00+00:00, run_after=2024-10-11 00:00:00+00:00
[2024-10-11T03:56:30.484+0000] {processor.py:208} INFO - Processing /home/airflow/.local/lib/python3.12/site-packages/airflow/example_dags/example_branch_labels.py took 0.321 seconds
[2024-10-11T03:57:01.803+0000] {processor.py:186} INFO - Started process (PID=3227) to work on /home/airflow/.local/lib/python3.12/site-packages/airflow/example_dags/example_branch_labels.py
[2024-10-11T03:57:01.805+0000] {processor.py:914} INFO - Processing file /home/airflow/.local/lib/python3.12/site-packages/airflow/example_dags/example_branch_labels.py for tasks to queue
[2024-10-11T03:57:01.813+0000] {logging_mixin.py:190} INFO - [2024-10-11T03:57:01.812+0000] {dagbag.py:588} INFO - Filling up the DagBag from /home/airflow/.local/lib/python3.12/site-packages/airflow/example_dags/example_branch_labels.py
[2024-10-11T03:57:01.837+0000] {processor.py:925} INFO - DAG(s) 'example_branch_labels' retrieved from /home/airflow/.local/lib/python3.12/site-packages/airflow/example_dags/example_branch_labels.py
[2024-10-11T03:57:01.896+0000] {logging_mixin.py:190} INFO - [2024-10-11T03:57:01.895+0000] {dag.py:3239} INFO - Sync 1 DAGs
[2024-10-11T03:57:02.010+0000] {logging_mixin.py:190} INFO - [2024-10-11T03:57:02.009+0000] {dag.py:4180} INFO - Setting next_dagrun for example_branch_labels to 2024-10-10 00:00:00+00:00, run_after=2024-10-11 00:00:00+00:00
[2024-10-11T03:57:02.048+0000] {processor.py:208} INFO - Processing /home/airflow/.local/lib/python3.12/site-packages/airflow/example_dags/example_branch_labels.py took 0.264 seconds
[2024-10-11T03:57:32.159+0000] {processor.py:186} INFO - Started process (PID=3294) to work on /home/airflow/.local/lib/python3.12/site-packages/airflow/example_dags/example_branch_labels.py
[2024-10-11T03:57:32.160+0000] {processor.py:914} INFO - Processing file /home/airflow/.local/lib/python3.12/site-packages/airflow/example_dags/example_branch_labels.py for tasks to queue
[2024-10-11T03:57:32.162+0000] {logging_mixin.py:190} INFO - [2024-10-11T03:57:32.162+0000] {dagbag.py:588} INFO - Filling up the DagBag from /home/airflow/.local/lib/python3.12/site-packages/airflow/example_dags/example_branch_labels.py
[2024-10-11T03:57:32.175+0000] {processor.py:925} INFO - DAG(s) 'example_branch_labels' retrieved from /home/airflow/.local/lib/python3.12/site-packages/airflow/example_dags/example_branch_labels.py
[2024-10-11T03:57:32.201+0000] {logging_mixin.py:190} INFO - [2024-10-11T03:57:32.201+0000] {dag.py:3239} INFO - Sync 1 DAGs
[2024-10-11T03:57:32.232+0000] {logging_mixin.py:190} INFO - [2024-10-11T03:57:32.232+0000] {dag.py:4180} INFO - Setting next_dagrun for example_branch_labels to 2024-10-10 00:00:00+00:00, run_after=2024-10-11 00:00:00+00:00
[2024-10-11T03:57:32.253+0000] {processor.py:208} INFO - Processing /home/airflow/.local/lib/python3.12/site-packages/airflow/example_dags/example_branch_labels.py took 0.102 seconds
[2024-10-11T03:58:03.272+0000] {processor.py:186} INFO - Started process (PID=3360) to work on /home/airflow/.local/lib/python3.12/site-packages/airflow/example_dags/example_branch_labels.py
[2024-10-11T03:58:03.274+0000] {processor.py:914} INFO - Processing file /home/airflow/.local/lib/python3.12/site-packages/airflow/example_dags/example_branch_labels.py for tasks to queue
[2024-10-11T03:58:03.278+0000] {logging_mixin.py:190} INFO - [2024-10-11T03:58:03.277+0000] {dagbag.py:588} INFO - Filling up the DagBag from /home/airflow/.local/lib/python3.12/site-packages/airflow/example_dags/example_branch_labels.py
[2024-10-11T03:58:03.294+0000] {processor.py:925} INFO - DAG(s) 'example_branch_labels' retrieved from /home/airflow/.local/lib/python3.12/site-packages/airflow/example_dags/example_branch_labels.py
[2024-10-11T03:58:03.332+0000] {logging_mixin.py:190} INFO - [2024-10-11T03:58:03.332+0000] {dag.py:3239} INFO - Sync 1 DAGs
[2024-10-11T03:58:03.367+0000] {logging_mixin.py:190} INFO - [2024-10-11T03:58:03.367+0000] {dag.py:4180} INFO - Setting next_dagrun for example_branch_labels to 2024-10-10 00:00:00+00:00, run_after=2024-10-11 00:00:00+00:00
[2024-10-11T03:58:03.388+0000] {processor.py:208} INFO - Processing /home/airflow/.local/lib/python3.12/site-packages/airflow/example_dags/example_branch_labels.py took 0.126 seconds
[2024-10-11T03:58:34.236+0000] {processor.py:186} INFO - Started process (PID=3428) to work on /home/airflow/.local/lib/python3.12/site-packages/airflow/example_dags/example_branch_labels.py
[2024-10-11T03:58:34.238+0000] {processor.py:914} INFO - Processing file /home/airflow/.local/lib/python3.12/site-packages/airflow/example_dags/example_branch_labels.py for tasks to queue
[2024-10-11T03:58:34.242+0000] {logging_mixin.py:190} INFO - [2024-10-11T03:58:34.242+0000] {dagbag.py:588} INFO - Filling up the DagBag from /home/airflow/.local/lib/python3.12/site-packages/airflow/example_dags/example_branch_labels.py
[2024-10-11T03:58:34.264+0000] {processor.py:925} INFO - DAG(s) 'example_branch_labels' retrieved from /home/airflow/.local/lib/python3.12/site-packages/airflow/example_dags/example_branch_labels.py
[2024-10-11T03:58:34.309+0000] {logging_mixin.py:190} INFO - [2024-10-11T03:58:34.308+0000] {dag.py:3239} INFO - Sync 1 DAGs
[2024-10-11T03:58:34.361+0000] {logging_mixin.py:190} INFO - [2024-10-11T03:58:34.360+0000] {dag.py:4180} INFO - Setting next_dagrun for example_branch_labels to 2024-10-10 00:00:00+00:00, run_after=2024-10-11 00:00:00+00:00
[2024-10-11T03:58:34.395+0000] {processor.py:208} INFO - Processing /home/airflow/.local/lib/python3.12/site-packages/airflow/example_dags/example_branch_labels.py took 0.173 seconds
[2024-10-11T03:59:05.568+0000] {processor.py:186} INFO - Started process (PID=3495) to work on /home/airflow/.local/lib/python3.12/site-packages/airflow/example_dags/example_branch_labels.py
[2024-10-11T03:59:05.579+0000] {processor.py:914} INFO - Processing file /home/airflow/.local/lib/python3.12/site-packages/airflow/example_dags/example_branch_labels.py for tasks to queue
[2024-10-11T03:59:05.610+0000] {logging_mixin.py:190} INFO - [2024-10-11T03:59:05.609+0000] {dagbag.py:588} INFO - Filling up the DagBag from /home/airflow/.local/lib/python3.12/site-packages/airflow/example_dags/example_branch_labels.py
[2024-10-11T03:59:05.643+0000] {processor.py:925} INFO - DAG(s) 'example_branch_labels' retrieved from /home/airflow/.local/lib/python3.12/site-packages/airflow/example_dags/example_branch_labels.py
[2024-10-11T03:59:05.758+0000] {logging_mixin.py:190} INFO - [2024-10-11T03:59:05.757+0000] {dag.py:3239} INFO - Sync 1 DAGs
[2024-10-11T03:59:05.883+0000] {logging_mixin.py:190} INFO - [2024-10-11T03:59:05.882+0000] {dag.py:4180} INFO - Setting next_dagrun for example_branch_labels to 2024-10-10 00:00:00+00:00, run_after=2024-10-11 00:00:00+00:00
[2024-10-11T03:59:05.948+0000] {processor.py:208} INFO - Processing /home/airflow/.local/lib/python3.12/site-packages/airflow/example_dags/example_branch_labels.py took 0.425 seconds
[2024-10-11T03:59:36.326+0000] {processor.py:186} INFO - Started process (PID=3563) to work on /home/airflow/.local/lib/python3.12/site-packages/airflow/example_dags/example_branch_labels.py
[2024-10-11T03:59:36.328+0000] {processor.py:914} INFO - Processing file /home/airflow/.local/lib/python3.12/site-packages/airflow/example_dags/example_branch_labels.py for tasks to queue
[2024-10-11T03:59:36.334+0000] {logging_mixin.py:190} INFO - [2024-10-11T03:59:36.333+0000] {dagbag.py:588} INFO - Filling up the DagBag from /home/airflow/.local/lib/python3.12/site-packages/airflow/example_dags/example_branch_labels.py
[2024-10-11T03:59:36.364+0000] {processor.py:925} INFO - DAG(s) 'example_branch_labels' retrieved from /home/airflow/.local/lib/python3.12/site-packages/airflow/example_dags/example_branch_labels.py
[2024-10-11T03:59:36.419+0000] {logging_mixin.py:190} INFO - [2024-10-11T03:59:36.418+0000] {dag.py:3239} INFO - Sync 1 DAGs
[2024-10-11T03:59:36.486+0000] {logging_mixin.py:190} INFO - [2024-10-11T03:59:36.486+0000] {dag.py:4180} INFO - Setting next_dagrun for example_branch_labels to 2024-10-10 00:00:00+00:00, run_after=2024-10-11 00:00:00+00:00
[2024-10-11T03:59:36.535+0000] {processor.py:208} INFO - Processing /home/airflow/.local/lib/python3.12/site-packages/airflow/example_dags/example_branch_labels.py took 0.226 seconds
[2024-10-11T04:00:06.653+0000] {processor.py:186} INFO - Started process (PID=3629) to work on /home/airflow/.local/lib/python3.12/site-packages/airflow/example_dags/example_branch_labels.py
[2024-10-11T04:00:06.655+0000] {processor.py:914} INFO - Processing file /home/airflow/.local/lib/python3.12/site-packages/airflow/example_dags/example_branch_labels.py for tasks to queue
[2024-10-11T04:00:06.660+0000] {logging_mixin.py:190} INFO - [2024-10-11T04:00:06.659+0000] {dagbag.py:588} INFO - Filling up the DagBag from /home/airflow/.local/lib/python3.12/site-packages/airflow/example_dags/example_branch_labels.py
[2024-10-11T04:00:06.687+0000] {processor.py:925} INFO - DAG(s) 'example_branch_labels' retrieved from /home/airflow/.local/lib/python3.12/site-packages/airflow/example_dags/example_branch_labels.py
[2024-10-11T04:00:06.751+0000] {logging_mixin.py:190} INFO - [2024-10-11T04:00:06.750+0000] {dag.py:3239} INFO - Sync 1 DAGs
[2024-10-11T04:00:06.821+0000] {logging_mixin.py:190} INFO - [2024-10-11T04:00:06.821+0000] {dag.py:4180} INFO - Setting next_dagrun for example_branch_labels to 2024-10-10 00:00:00+00:00, run_after=2024-10-11 00:00:00+00:00
[2024-10-11T04:00:06.915+0000] {processor.py:208} INFO - Processing /home/airflow/.local/lib/python3.12/site-packages/airflow/example_dags/example_branch_labels.py took 0.279 seconds
[2024-10-11T04:00:37.881+0000] {processor.py:186} INFO - Started process (PID=3696) to work on /home/airflow/.local/lib/python3.12/site-packages/airflow/example_dags/example_branch_labels.py
[2024-10-11T04:00:37.883+0000] {processor.py:914} INFO - Processing file /home/airflow/.local/lib/python3.12/site-packages/airflow/example_dags/example_branch_labels.py for tasks to queue
[2024-10-11T04:00:37.888+0000] {logging_mixin.py:190} INFO - [2024-10-11T04:00:37.887+0000] {dagbag.py:588} INFO - Filling up the DagBag from /home/airflow/.local/lib/python3.12/site-packages/airflow/example_dags/example_branch_labels.py
[2024-10-11T04:00:37.914+0000] {processor.py:925} INFO - DAG(s) 'example_branch_labels' retrieved from /home/airflow/.local/lib/python3.12/site-packages/airflow/example_dags/example_branch_labels.py
[2024-10-11T04:00:37.964+0000] {logging_mixin.py:190} INFO - [2024-10-11T04:00:37.963+0000] {dag.py:3239} INFO - Sync 1 DAGs
[2024-10-11T04:00:38.023+0000] {logging_mixin.py:190} INFO - [2024-10-11T04:00:38.022+0000] {dag.py:4180} INFO - Setting next_dagrun for example_branch_labels to 2024-10-10 00:00:00+00:00, run_after=2024-10-11 00:00:00+00:00
[2024-10-11T04:00:38.072+0000] {processor.py:208} INFO - Processing /home/airflow/.local/lib/python3.12/site-packages/airflow/example_dags/example_branch_labels.py took 0.206 seconds
[2024-10-11T04:01:08.304+0000] {processor.py:186} INFO - Started process (PID=3763) to work on /home/airflow/.local/lib/python3.12/site-packages/airflow/example_dags/example_branch_labels.py
[2024-10-11T04:01:08.307+0000] {processor.py:914} INFO - Processing file /home/airflow/.local/lib/python3.12/site-packages/airflow/example_dags/example_branch_labels.py for tasks to queue
[2024-10-11T04:01:08.313+0000] {logging_mixin.py:190} INFO - [2024-10-11T04:01:08.312+0000] {dagbag.py:588} INFO - Filling up the DagBag from /home/airflow/.local/lib/python3.12/site-packages/airflow/example_dags/example_branch_labels.py
[2024-10-11T04:01:08.336+0000] {processor.py:925} INFO - DAG(s) 'example_branch_labels' retrieved from /home/airflow/.local/lib/python3.12/site-packages/airflow/example_dags/example_branch_labels.py
[2024-10-11T04:01:08.380+0000] {logging_mixin.py:190} INFO - [2024-10-11T04:01:08.380+0000] {dag.py:3239} INFO - Sync 1 DAGs
[2024-10-11T04:01:08.433+0000] {logging_mixin.py:190} INFO - [2024-10-11T04:01:08.432+0000] {dag.py:4180} INFO - Setting next_dagrun for example_branch_labels to 2024-10-10 00:00:00+00:00, run_after=2024-10-11 00:00:00+00:00
[2024-10-11T04:01:08.465+0000] {processor.py:208} INFO - Processing /home/airflow/.local/lib/python3.12/site-packages/airflow/example_dags/example_branch_labels.py took 0.176 seconds
