[2024-10-11T03:32:56.820+0000] {processor.py:186} INFO - Started process (PID=96) to work on /home/airflow/.local/lib/python3.12/site-packages/airflow/example_dags/example_task_group.py
[2024-10-11T03:32:56.821+0000] {processor.py:914} INFO - Processing file /home/airflow/.local/lib/python3.12/site-packages/airflow/example_dags/example_task_group.py for tasks to queue
[2024-10-11T03:32:56.824+0000] {logging_mixin.py:190} INFO - [2024-10-11T03:32:56.824+0000] {dagbag.py:588} INFO - Filling up the DagBag from /home/airflow/.local/lib/python3.12/site-packages/airflow/example_dags/example_task_group.py
[2024-10-11T03:32:56.835+0000] {processor.py:925} INFO - DAG(s) 'example_task_group' retrieved from /home/airflow/.local/lib/python3.12/site-packages/airflow/example_dags/example_task_group.py
[2024-10-11T03:32:56.878+0000] {logging_mixin.py:190} INFO - [2024-10-11T03:32:56.877+0000] {dag.py:3239} INFO - Sync 1 DAGs
[2024-10-11T03:32:56.897+0000] {logging_mixin.py:190} INFO - [2024-10-11T03:32:56.897+0000] {dag.py:4180} INFO - Setting next_dagrun for example_task_group to None, run_after=None
[2024-10-11T03:32:56.929+0000] {processor.py:208} INFO - Processing /home/airflow/.local/lib/python3.12/site-packages/airflow/example_dags/example_task_group.py took 0.121 seconds
[2024-10-11T03:33:27.209+0000] {processor.py:186} INFO - Started process (PID=162) to work on /home/airflow/.local/lib/python3.12/site-packages/airflow/example_dags/example_task_group.py
[2024-10-11T03:33:27.210+0000] {processor.py:914} INFO - Processing file /home/airflow/.local/lib/python3.12/site-packages/airflow/example_dags/example_task_group.py for tasks to queue
[2024-10-11T03:33:27.214+0000] {logging_mixin.py:190} INFO - [2024-10-11T03:33:27.213+0000] {dagbag.py:588} INFO - Filling up the DagBag from /home/airflow/.local/lib/python3.12/site-packages/airflow/example_dags/example_task_group.py
[2024-10-11T03:33:27.228+0000] {processor.py:925} INFO - DAG(s) 'example_task_group' retrieved from /home/airflow/.local/lib/python3.12/site-packages/airflow/example_dags/example_task_group.py
[2024-10-11T03:33:27.255+0000] {logging_mixin.py:190} INFO - [2024-10-11T03:33:27.255+0000] {dag.py:3239} INFO - Sync 1 DAGs
[2024-10-11T03:33:27.281+0000] {logging_mixin.py:190} INFO - [2024-10-11T03:33:27.280+0000] {dag.py:4180} INFO - Setting next_dagrun for example_task_group to None, run_after=None
[2024-10-11T03:33:27.314+0000] {processor.py:208} INFO - Processing /home/airflow/.local/lib/python3.12/site-packages/airflow/example_dags/example_task_group.py took 0.114 seconds
[2024-10-11T03:33:57.965+0000] {processor.py:186} INFO - Started process (PID=227) to work on /home/airflow/.local/lib/python3.12/site-packages/airflow/example_dags/example_task_group.py
[2024-10-11T03:33:57.966+0000] {processor.py:914} INFO - Processing file /home/airflow/.local/lib/python3.12/site-packages/airflow/example_dags/example_task_group.py for tasks to queue
[2024-10-11T03:33:57.969+0000] {logging_mixin.py:190} INFO - [2024-10-11T03:33:57.969+0000] {dagbag.py:588} INFO - Filling up the DagBag from /home/airflow/.local/lib/python3.12/site-packages/airflow/example_dags/example_task_group.py
[2024-10-11T03:33:57.980+0000] {processor.py:925} INFO - DAG(s) 'example_task_group' retrieved from /home/airflow/.local/lib/python3.12/site-packages/airflow/example_dags/example_task_group.py
[2024-10-11T03:33:58.020+0000] {logging_mixin.py:190} INFO - [2024-10-11T03:33:58.020+0000] {dag.py:3239} INFO - Sync 1 DAGs
[2024-10-11T03:33:58.038+0000] {logging_mixin.py:190} INFO - [2024-10-11T03:33:58.038+0000] {dag.py:4180} INFO - Setting next_dagrun for example_task_group to None, run_after=None
[2024-10-11T03:33:58.060+0000] {processor.py:208} INFO - Processing /home/airflow/.local/lib/python3.12/site-packages/airflow/example_dags/example_task_group.py took 0.103 seconds
[2024-10-11T03:34:28.573+0000] {processor.py:186} INFO - Started process (PID=293) to work on /home/airflow/.local/lib/python3.12/site-packages/airflow/example_dags/example_task_group.py
[2024-10-11T03:34:28.575+0000] {processor.py:914} INFO - Processing file /home/airflow/.local/lib/python3.12/site-packages/airflow/example_dags/example_task_group.py for tasks to queue
[2024-10-11T03:34:28.578+0000] {logging_mixin.py:190} INFO - [2024-10-11T03:34:28.578+0000] {dagbag.py:588} INFO - Filling up the DagBag from /home/airflow/.local/lib/python3.12/site-packages/airflow/example_dags/example_task_group.py
[2024-10-11T03:34:28.589+0000] {processor.py:925} INFO - DAG(s) 'example_task_group' retrieved from /home/airflow/.local/lib/python3.12/site-packages/airflow/example_dags/example_task_group.py
[2024-10-11T03:34:28.616+0000] {logging_mixin.py:190} INFO - [2024-10-11T03:34:28.616+0000] {dag.py:3239} INFO - Sync 1 DAGs
[2024-10-11T03:34:28.637+0000] {logging_mixin.py:190} INFO - [2024-10-11T03:34:28.636+0000] {dag.py:4180} INFO - Setting next_dagrun for example_task_group to None, run_after=None
[2024-10-11T03:34:28.660+0000] {processor.py:208} INFO - Processing /home/airflow/.local/lib/python3.12/site-packages/airflow/example_dags/example_task_group.py took 0.095 seconds
[2024-10-11T03:34:59.015+0000] {processor.py:186} INFO - Started process (PID=359) to work on /home/airflow/.local/lib/python3.12/site-packages/airflow/example_dags/example_task_group.py
[2024-10-11T03:34:59.016+0000] {processor.py:914} INFO - Processing file /home/airflow/.local/lib/python3.12/site-packages/airflow/example_dags/example_task_group.py for tasks to queue
[2024-10-11T03:34:59.019+0000] {logging_mixin.py:190} INFO - [2024-10-11T03:34:59.019+0000] {dagbag.py:588} INFO - Filling up the DagBag from /home/airflow/.local/lib/python3.12/site-packages/airflow/example_dags/example_task_group.py
[2024-10-11T03:34:59.032+0000] {processor.py:925} INFO - DAG(s) 'example_task_group' retrieved from /home/airflow/.local/lib/python3.12/site-packages/airflow/example_dags/example_task_group.py
[2024-10-11T03:34:59.076+0000] {logging_mixin.py:190} INFO - [2024-10-11T03:34:59.076+0000] {dag.py:3239} INFO - Sync 1 DAGs
[2024-10-11T03:34:59.104+0000] {logging_mixin.py:190} INFO - [2024-10-11T03:34:59.104+0000] {dag.py:4180} INFO - Setting next_dagrun for example_task_group to None, run_after=None
[2024-10-11T03:34:59.139+0000] {processor.py:208} INFO - Processing /home/airflow/.local/lib/python3.12/site-packages/airflow/example_dags/example_task_group.py took 0.133 seconds
[2024-10-11T03:35:29.984+0000] {processor.py:186} INFO - Started process (PID=425) to work on /home/airflow/.local/lib/python3.12/site-packages/airflow/example_dags/example_task_group.py
[2024-10-11T03:35:29.989+0000] {processor.py:914} INFO - Processing file /home/airflow/.local/lib/python3.12/site-packages/airflow/example_dags/example_task_group.py for tasks to queue
[2024-10-11T03:35:29.999+0000] {logging_mixin.py:190} INFO - [2024-10-11T03:35:29.997+0000] {dagbag.py:588} INFO - Filling up the DagBag from /home/airflow/.local/lib/python3.12/site-packages/airflow/example_dags/example_task_group.py
[2024-10-11T03:35:30.024+0000] {processor.py:925} INFO - DAG(s) 'example_task_group' retrieved from /home/airflow/.local/lib/python3.12/site-packages/airflow/example_dags/example_task_group.py
[2024-10-11T03:35:30.071+0000] {logging_mixin.py:190} INFO - [2024-10-11T03:35:30.071+0000] {dag.py:3239} INFO - Sync 1 DAGs
[2024-10-11T03:35:30.115+0000] {logging_mixin.py:190} INFO - [2024-10-11T03:35:30.115+0000] {dag.py:4180} INFO - Setting next_dagrun for example_task_group to None, run_after=None
[2024-10-11T03:35:30.179+0000] {processor.py:208} INFO - Processing /home/airflow/.local/lib/python3.12/site-packages/airflow/example_dags/example_task_group.py took 0.218 seconds
[2024-10-11T03:36:00.942+0000] {processor.py:186} INFO - Started process (PID=491) to work on /home/airflow/.local/lib/python3.12/site-packages/airflow/example_dags/example_task_group.py
[2024-10-11T03:36:00.943+0000] {processor.py:914} INFO - Processing file /home/airflow/.local/lib/python3.12/site-packages/airflow/example_dags/example_task_group.py for tasks to queue
[2024-10-11T03:36:00.945+0000] {logging_mixin.py:190} INFO - [2024-10-11T03:36:00.945+0000] {dagbag.py:588} INFO - Filling up the DagBag from /home/airflow/.local/lib/python3.12/site-packages/airflow/example_dags/example_task_group.py
[2024-10-11T03:36:00.956+0000] {processor.py:925} INFO - DAG(s) 'example_task_group' retrieved from /home/airflow/.local/lib/python3.12/site-packages/airflow/example_dags/example_task_group.py
[2024-10-11T03:36:00.983+0000] {logging_mixin.py:190} INFO - [2024-10-11T03:36:00.983+0000] {dag.py:3239} INFO - Sync 1 DAGs
[2024-10-11T03:36:01.002+0000] {logging_mixin.py:190} INFO - [2024-10-11T03:36:01.001+0000] {dag.py:4180} INFO - Setting next_dagrun for example_task_group to None, run_after=None
[2024-10-11T03:36:01.022+0000] {processor.py:208} INFO - Processing /home/airflow/.local/lib/python3.12/site-packages/airflow/example_dags/example_task_group.py took 0.088 seconds
[2024-10-11T03:36:31.507+0000] {processor.py:186} INFO - Started process (PID=557) to work on /home/airflow/.local/lib/python3.12/site-packages/airflow/example_dags/example_task_group.py
[2024-10-11T03:36:31.509+0000] {processor.py:914} INFO - Processing file /home/airflow/.local/lib/python3.12/site-packages/airflow/example_dags/example_task_group.py for tasks to queue
[2024-10-11T03:36:31.513+0000] {logging_mixin.py:190} INFO - [2024-10-11T03:36:31.513+0000] {dagbag.py:588} INFO - Filling up the DagBag from /home/airflow/.local/lib/python3.12/site-packages/airflow/example_dags/example_task_group.py
[2024-10-11T03:36:31.530+0000] {processor.py:925} INFO - DAG(s) 'example_task_group' retrieved from /home/airflow/.local/lib/python3.12/site-packages/airflow/example_dags/example_task_group.py
[2024-10-11T03:36:31.580+0000] {logging_mixin.py:190} INFO - [2024-10-11T03:36:31.579+0000] {dag.py:3239} INFO - Sync 1 DAGs
[2024-10-11T03:36:31.605+0000] {logging_mixin.py:190} INFO - [2024-10-11T03:36:31.605+0000] {dag.py:4180} INFO - Setting next_dagrun for example_task_group to None, run_after=None
[2024-10-11T03:36:31.675+0000] {processor.py:208} INFO - Processing /home/airflow/.local/lib/python3.12/site-packages/airflow/example_dags/example_task_group.py took 0.186 seconds
[2024-10-11T03:37:01.974+0000] {processor.py:186} INFO - Started process (PID=623) to work on /home/airflow/.local/lib/python3.12/site-packages/airflow/example_dags/example_task_group.py
[2024-10-11T03:37:01.976+0000] {processor.py:914} INFO - Processing file /home/airflow/.local/lib/python3.12/site-packages/airflow/example_dags/example_task_group.py for tasks to queue
[2024-10-11T03:37:01.980+0000] {logging_mixin.py:190} INFO - [2024-10-11T03:37:01.980+0000] {dagbag.py:588} INFO - Filling up the DagBag from /home/airflow/.local/lib/python3.12/site-packages/airflow/example_dags/example_task_group.py
[2024-10-11T03:37:02.000+0000] {processor.py:925} INFO - DAG(s) 'example_task_group' retrieved from /home/airflow/.local/lib/python3.12/site-packages/airflow/example_dags/example_task_group.py
[2024-10-11T03:37:02.034+0000] {logging_mixin.py:190} INFO - [2024-10-11T03:37:02.033+0000] {dag.py:3239} INFO - Sync 1 DAGs
[2024-10-11T03:37:02.057+0000] {logging_mixin.py:190} INFO - [2024-10-11T03:37:02.056+0000] {dag.py:4180} INFO - Setting next_dagrun for example_task_group to None, run_after=None
[2024-10-11T03:37:02.086+0000] {processor.py:208} INFO - Processing /home/airflow/.local/lib/python3.12/site-packages/airflow/example_dags/example_task_group.py took 0.127 seconds
[2024-10-11T03:37:32.546+0000] {processor.py:186} INFO - Started process (PID=689) to work on /home/airflow/.local/lib/python3.12/site-packages/airflow/example_dags/example_task_group.py
[2024-10-11T03:37:32.547+0000] {processor.py:914} INFO - Processing file /home/airflow/.local/lib/python3.12/site-packages/airflow/example_dags/example_task_group.py for tasks to queue
[2024-10-11T03:37:32.550+0000] {logging_mixin.py:190} INFO - [2024-10-11T03:37:32.550+0000] {dagbag.py:588} INFO - Filling up the DagBag from /home/airflow/.local/lib/python3.12/site-packages/airflow/example_dags/example_task_group.py
[2024-10-11T03:37:32.564+0000] {processor.py:925} INFO - DAG(s) 'example_task_group' retrieved from /home/airflow/.local/lib/python3.12/site-packages/airflow/example_dags/example_task_group.py
[2024-10-11T03:37:32.600+0000] {logging_mixin.py:190} INFO - [2024-10-11T03:37:32.600+0000] {dag.py:3239} INFO - Sync 1 DAGs
[2024-10-11T03:37:32.627+0000] {logging_mixin.py:190} INFO - [2024-10-11T03:37:32.626+0000] {dag.py:4180} INFO - Setting next_dagrun for example_task_group to None, run_after=None
[2024-10-11T03:37:32.707+0000] {processor.py:208} INFO - Processing /home/airflow/.local/lib/python3.12/site-packages/airflow/example_dags/example_task_group.py took 0.170 seconds
[2024-10-11T03:38:02.912+0000] {processor.py:186} INFO - Started process (PID=755) to work on /home/airflow/.local/lib/python3.12/site-packages/airflow/example_dags/example_task_group.py
[2024-10-11T03:38:02.914+0000] {processor.py:914} INFO - Processing file /home/airflow/.local/lib/python3.12/site-packages/airflow/example_dags/example_task_group.py for tasks to queue
[2024-10-11T03:38:02.916+0000] {logging_mixin.py:190} INFO - [2024-10-11T03:38:02.916+0000] {dagbag.py:588} INFO - Filling up the DagBag from /home/airflow/.local/lib/python3.12/site-packages/airflow/example_dags/example_task_group.py
[2024-10-11T03:38:02.927+0000] {processor.py:925} INFO - DAG(s) 'example_task_group' retrieved from /home/airflow/.local/lib/python3.12/site-packages/airflow/example_dags/example_task_group.py
[2024-10-11T03:38:02.952+0000] {logging_mixin.py:190} INFO - [2024-10-11T03:38:02.951+0000] {dag.py:3239} INFO - Sync 1 DAGs
[2024-10-11T03:38:02.969+0000] {logging_mixin.py:190} INFO - [2024-10-11T03:38:02.968+0000] {dag.py:4180} INFO - Setting next_dagrun for example_task_group to None, run_after=None
[2024-10-11T03:38:02.992+0000] {processor.py:208} INFO - Processing /home/airflow/.local/lib/python3.12/site-packages/airflow/example_dags/example_task_group.py took 0.087 seconds
[2024-10-11T03:38:33.757+0000] {processor.py:186} INFO - Started process (PID=821) to work on /home/airflow/.local/lib/python3.12/site-packages/airflow/example_dags/example_task_group.py
[2024-10-11T03:38:33.758+0000] {processor.py:914} INFO - Processing file /home/airflow/.local/lib/python3.12/site-packages/airflow/example_dags/example_task_group.py for tasks to queue
[2024-10-11T03:38:33.761+0000] {logging_mixin.py:190} INFO - [2024-10-11T03:38:33.761+0000] {dagbag.py:588} INFO - Filling up the DagBag from /home/airflow/.local/lib/python3.12/site-packages/airflow/example_dags/example_task_group.py
[2024-10-11T03:38:33.773+0000] {processor.py:925} INFO - DAG(s) 'example_task_group' retrieved from /home/airflow/.local/lib/python3.12/site-packages/airflow/example_dags/example_task_group.py
[2024-10-11T03:38:33.803+0000] {logging_mixin.py:190} INFO - [2024-10-11T03:38:33.802+0000] {dag.py:3239} INFO - Sync 1 DAGs
[2024-10-11T03:38:33.838+0000] {logging_mixin.py:190} INFO - [2024-10-11T03:38:33.837+0000] {dag.py:4180} INFO - Setting next_dagrun for example_task_group to None, run_after=None
[2024-10-11T03:38:33.860+0000] {processor.py:208} INFO - Processing /home/airflow/.local/lib/python3.12/site-packages/airflow/example_dags/example_task_group.py took 0.113 seconds
[2024-10-11T03:39:04.595+0000] {processor.py:186} INFO - Started process (PID=887) to work on /home/airflow/.local/lib/python3.12/site-packages/airflow/example_dags/example_task_group.py
[2024-10-11T03:39:04.598+0000] {processor.py:914} INFO - Processing file /home/airflow/.local/lib/python3.12/site-packages/airflow/example_dags/example_task_group.py for tasks to queue
[2024-10-11T03:39:04.600+0000] {logging_mixin.py:190} INFO - [2024-10-11T03:39:04.600+0000] {dagbag.py:588} INFO - Filling up the DagBag from /home/airflow/.local/lib/python3.12/site-packages/airflow/example_dags/example_task_group.py
[2024-10-11T03:39:04.612+0000] {processor.py:925} INFO - DAG(s) 'example_task_group' retrieved from /home/airflow/.local/lib/python3.12/site-packages/airflow/example_dags/example_task_group.py
[2024-10-11T03:39:04.638+0000] {logging_mixin.py:190} INFO - [2024-10-11T03:39:04.638+0000] {dag.py:3239} INFO - Sync 1 DAGs
[2024-10-11T03:39:04.657+0000] {logging_mixin.py:190} INFO - [2024-10-11T03:39:04.656+0000] {dag.py:4180} INFO - Setting next_dagrun for example_task_group to None, run_after=None
[2024-10-11T03:39:04.678+0000] {processor.py:208} INFO - Processing /home/airflow/.local/lib/python3.12/site-packages/airflow/example_dags/example_task_group.py took 0.092 seconds
[2024-10-11T03:39:35.783+0000] {processor.py:186} INFO - Started process (PID=953) to work on /home/airflow/.local/lib/python3.12/site-packages/airflow/example_dags/example_task_group.py
[2024-10-11T03:39:35.784+0000] {processor.py:914} INFO - Processing file /home/airflow/.local/lib/python3.12/site-packages/airflow/example_dags/example_task_group.py for tasks to queue
[2024-10-11T03:39:35.788+0000] {logging_mixin.py:190} INFO - [2024-10-11T03:39:35.787+0000] {dagbag.py:588} INFO - Filling up the DagBag from /home/airflow/.local/lib/python3.12/site-packages/airflow/example_dags/example_task_group.py
[2024-10-11T03:39:35.802+0000] {processor.py:925} INFO - DAG(s) 'example_task_group' retrieved from /home/airflow/.local/lib/python3.12/site-packages/airflow/example_dags/example_task_group.py
[2024-10-11T03:39:35.848+0000] {logging_mixin.py:190} INFO - [2024-10-11T03:39:35.847+0000] {dag.py:3239} INFO - Sync 1 DAGs
[2024-10-11T03:39:35.910+0000] {logging_mixin.py:190} INFO - [2024-10-11T03:39:35.908+0000] {dag.py:4180} INFO - Setting next_dagrun for example_task_group to None, run_after=None
[2024-10-11T03:39:35.940+0000] {processor.py:208} INFO - Processing /home/airflow/.local/lib/python3.12/site-packages/airflow/example_dags/example_task_group.py took 0.165 seconds
[2024-10-11T03:40:07.436+0000] {processor.py:186} INFO - Started process (PID=1019) to work on /home/airflow/.local/lib/python3.12/site-packages/airflow/example_dags/example_task_group.py
[2024-10-11T03:40:07.437+0000] {processor.py:914} INFO - Processing file /home/airflow/.local/lib/python3.12/site-packages/airflow/example_dags/example_task_group.py for tasks to queue
[2024-10-11T03:40:07.441+0000] {logging_mixin.py:190} INFO - [2024-10-11T03:40:07.440+0000] {dagbag.py:588} INFO - Filling up the DagBag from /home/airflow/.local/lib/python3.12/site-packages/airflow/example_dags/example_task_group.py
[2024-10-11T03:40:07.454+0000] {processor.py:925} INFO - DAG(s) 'example_task_group' retrieved from /home/airflow/.local/lib/python3.12/site-packages/airflow/example_dags/example_task_group.py
[2024-10-11T03:40:07.502+0000] {logging_mixin.py:190} INFO - [2024-10-11T03:40:07.502+0000] {dag.py:3239} INFO - Sync 1 DAGs
[2024-10-11T03:40:07.533+0000] {logging_mixin.py:190} INFO - [2024-10-11T03:40:07.533+0000] {dag.py:4180} INFO - Setting next_dagrun for example_task_group to None, run_after=None
[2024-10-11T03:40:07.561+0000] {processor.py:208} INFO - Processing /home/airflow/.local/lib/python3.12/site-packages/airflow/example_dags/example_task_group.py took 0.140 seconds
[2024-10-11T03:40:38.448+0000] {processor.py:186} INFO - Started process (PID=1085) to work on /home/airflow/.local/lib/python3.12/site-packages/airflow/example_dags/example_task_group.py
[2024-10-11T03:40:38.449+0000] {processor.py:914} INFO - Processing file /home/airflow/.local/lib/python3.12/site-packages/airflow/example_dags/example_task_group.py for tasks to queue
[2024-10-11T03:40:38.455+0000] {logging_mixin.py:190} INFO - [2024-10-11T03:40:38.455+0000] {dagbag.py:588} INFO - Filling up the DagBag from /home/airflow/.local/lib/python3.12/site-packages/airflow/example_dags/example_task_group.py
[2024-10-11T03:40:38.467+0000] {processor.py:925} INFO - DAG(s) 'example_task_group' retrieved from /home/airflow/.local/lib/python3.12/site-packages/airflow/example_dags/example_task_group.py
[2024-10-11T03:40:38.500+0000] {logging_mixin.py:190} INFO - [2024-10-11T03:40:38.500+0000] {dag.py:3239} INFO - Sync 1 DAGs
[2024-10-11T03:40:38.519+0000] {logging_mixin.py:190} INFO - [2024-10-11T03:40:38.519+0000] {dag.py:4180} INFO - Setting next_dagrun for example_task_group to None, run_after=None
[2024-10-11T03:40:38.544+0000] {processor.py:208} INFO - Processing /home/airflow/.local/lib/python3.12/site-packages/airflow/example_dags/example_task_group.py took 0.114 seconds
[2024-10-11T03:41:09.343+0000] {processor.py:186} INFO - Started process (PID=1151) to work on /home/airflow/.local/lib/python3.12/site-packages/airflow/example_dags/example_task_group.py
[2024-10-11T03:41:09.344+0000] {processor.py:914} INFO - Processing file /home/airflow/.local/lib/python3.12/site-packages/airflow/example_dags/example_task_group.py for tasks to queue
[2024-10-11T03:41:09.349+0000] {logging_mixin.py:190} INFO - [2024-10-11T03:41:09.348+0000] {dagbag.py:588} INFO - Filling up the DagBag from /home/airflow/.local/lib/python3.12/site-packages/airflow/example_dags/example_task_group.py
[2024-10-11T03:41:09.360+0000] {processor.py:925} INFO - DAG(s) 'example_task_group' retrieved from /home/airflow/.local/lib/python3.12/site-packages/airflow/example_dags/example_task_group.py
[2024-10-11T03:41:09.385+0000] {logging_mixin.py:190} INFO - [2024-10-11T03:41:09.385+0000] {dag.py:3239} INFO - Sync 1 DAGs
[2024-10-11T03:41:09.405+0000] {logging_mixin.py:190} INFO - [2024-10-11T03:41:09.405+0000] {dag.py:4180} INFO - Setting next_dagrun for example_task_group to None, run_after=None
[2024-10-11T03:41:09.426+0000] {processor.py:208} INFO - Processing /home/airflow/.local/lib/python3.12/site-packages/airflow/example_dags/example_task_group.py took 0.092 seconds
[2024-10-11T03:41:39.599+0000] {processor.py:186} INFO - Started process (PID=1217) to work on /home/airflow/.local/lib/python3.12/site-packages/airflow/example_dags/example_task_group.py
[2024-10-11T03:41:39.601+0000] {processor.py:914} INFO - Processing file /home/airflow/.local/lib/python3.12/site-packages/airflow/example_dags/example_task_group.py for tasks to queue
[2024-10-11T03:41:39.604+0000] {logging_mixin.py:190} INFO - [2024-10-11T03:41:39.603+0000] {dagbag.py:588} INFO - Filling up the DagBag from /home/airflow/.local/lib/python3.12/site-packages/airflow/example_dags/example_task_group.py
[2024-10-11T03:41:39.618+0000] {processor.py:925} INFO - DAG(s) 'example_task_group' retrieved from /home/airflow/.local/lib/python3.12/site-packages/airflow/example_dags/example_task_group.py
[2024-10-11T03:41:39.648+0000] {logging_mixin.py:190} INFO - [2024-10-11T03:41:39.648+0000] {dag.py:3239} INFO - Sync 1 DAGs
[2024-10-11T03:41:39.669+0000] {logging_mixin.py:190} INFO - [2024-10-11T03:41:39.669+0000] {dag.py:4180} INFO - Setting next_dagrun for example_task_group to None, run_after=None
[2024-10-11T03:41:39.691+0000] {processor.py:208} INFO - Processing /home/airflow/.local/lib/python3.12/site-packages/airflow/example_dags/example_task_group.py took 0.099 seconds
[2024-10-11T03:42:10.403+0000] {processor.py:186} INFO - Started process (PID=1283) to work on /home/airflow/.local/lib/python3.12/site-packages/airflow/example_dags/example_task_group.py
[2024-10-11T03:42:10.405+0000] {processor.py:914} INFO - Processing file /home/airflow/.local/lib/python3.12/site-packages/airflow/example_dags/example_task_group.py for tasks to queue
[2024-10-11T03:42:10.408+0000] {logging_mixin.py:190} INFO - [2024-10-11T03:42:10.408+0000] {dagbag.py:588} INFO - Filling up the DagBag from /home/airflow/.local/lib/python3.12/site-packages/airflow/example_dags/example_task_group.py
[2024-10-11T03:42:10.422+0000] {processor.py:925} INFO - DAG(s) 'example_task_group' retrieved from /home/airflow/.local/lib/python3.12/site-packages/airflow/example_dags/example_task_group.py
[2024-10-11T03:42:10.460+0000] {logging_mixin.py:190} INFO - [2024-10-11T03:42:10.459+0000] {dag.py:3239} INFO - Sync 1 DAGs
[2024-10-11T03:42:10.480+0000] {logging_mixin.py:190} INFO - [2024-10-11T03:42:10.480+0000] {dag.py:4180} INFO - Setting next_dagrun for example_task_group to None, run_after=None
[2024-10-11T03:42:10.500+0000] {processor.py:208} INFO - Processing /home/airflow/.local/lib/python3.12/site-packages/airflow/example_dags/example_task_group.py took 0.115 seconds
[2024-10-11T03:42:40.739+0000] {processor.py:186} INFO - Started process (PID=1348) to work on /home/airflow/.local/lib/python3.12/site-packages/airflow/example_dags/example_task_group.py
[2024-10-11T03:42:40.740+0000] {processor.py:914} INFO - Processing file /home/airflow/.local/lib/python3.12/site-packages/airflow/example_dags/example_task_group.py for tasks to queue
[2024-10-11T03:42:40.744+0000] {logging_mixin.py:190} INFO - [2024-10-11T03:42:40.744+0000] {dagbag.py:588} INFO - Filling up the DagBag from /home/airflow/.local/lib/python3.12/site-packages/airflow/example_dags/example_task_group.py
[2024-10-11T03:42:40.760+0000] {processor.py:925} INFO - DAG(s) 'example_task_group' retrieved from /home/airflow/.local/lib/python3.12/site-packages/airflow/example_dags/example_task_group.py
[2024-10-11T03:42:40.798+0000] {logging_mixin.py:190} INFO - [2024-10-11T03:42:40.797+0000] {dag.py:3239} INFO - Sync 1 DAGs
[2024-10-11T03:42:40.816+0000] {logging_mixin.py:190} INFO - [2024-10-11T03:42:40.815+0000] {dag.py:4180} INFO - Setting next_dagrun for example_task_group to None, run_after=None
[2024-10-11T03:42:40.837+0000] {processor.py:208} INFO - Processing /home/airflow/.local/lib/python3.12/site-packages/airflow/example_dags/example_task_group.py took 0.109 seconds
[2024-10-11T03:43:12.530+0000] {processor.py:186} INFO - Started process (PID=1417) to work on /home/airflow/.local/lib/python3.12/site-packages/airflow/example_dags/example_task_group.py
[2024-10-11T03:43:12.531+0000] {processor.py:914} INFO - Processing file /home/airflow/.local/lib/python3.12/site-packages/airflow/example_dags/example_task_group.py for tasks to queue
[2024-10-11T03:43:12.533+0000] {logging_mixin.py:190} INFO - [2024-10-11T03:43:12.533+0000] {dagbag.py:588} INFO - Filling up the DagBag from /home/airflow/.local/lib/python3.12/site-packages/airflow/example_dags/example_task_group.py
[2024-10-11T03:43:12.545+0000] {processor.py:925} INFO - DAG(s) 'example_task_group' retrieved from /home/airflow/.local/lib/python3.12/site-packages/airflow/example_dags/example_task_group.py
[2024-10-11T03:43:12.572+0000] {logging_mixin.py:190} INFO - [2024-10-11T03:43:12.572+0000] {dag.py:3239} INFO - Sync 1 DAGs
[2024-10-11T03:43:12.590+0000] {logging_mixin.py:190} INFO - [2024-10-11T03:43:12.590+0000] {dag.py:4180} INFO - Setting next_dagrun for example_task_group to None, run_after=None
[2024-10-11T03:43:12.614+0000] {processor.py:208} INFO - Processing /home/airflow/.local/lib/python3.12/site-packages/airflow/example_dags/example_task_group.py took 0.093 seconds
[2024-10-11T03:43:43.258+0000] {processor.py:186} INFO - Started process (PID=1484) to work on /home/airflow/.local/lib/python3.12/site-packages/airflow/example_dags/example_task_group.py
[2024-10-11T03:43:43.259+0000] {processor.py:914} INFO - Processing file /home/airflow/.local/lib/python3.12/site-packages/airflow/example_dags/example_task_group.py for tasks to queue
[2024-10-11T03:43:43.263+0000] {logging_mixin.py:190} INFO - [2024-10-11T03:43:43.263+0000] {dagbag.py:588} INFO - Filling up the DagBag from /home/airflow/.local/lib/python3.12/site-packages/airflow/example_dags/example_task_group.py
[2024-10-11T03:43:43.274+0000] {processor.py:925} INFO - DAG(s) 'example_task_group' retrieved from /home/airflow/.local/lib/python3.12/site-packages/airflow/example_dags/example_task_group.py
[2024-10-11T03:43:43.302+0000] {logging_mixin.py:190} INFO - [2024-10-11T03:43:43.302+0000] {dag.py:3239} INFO - Sync 1 DAGs
[2024-10-11T03:43:43.323+0000] {logging_mixin.py:190} INFO - [2024-10-11T03:43:43.322+0000] {dag.py:4180} INFO - Setting next_dagrun for example_task_group to None, run_after=None
[2024-10-11T03:43:43.345+0000] {processor.py:208} INFO - Processing /home/airflow/.local/lib/python3.12/site-packages/airflow/example_dags/example_task_group.py took 0.094 seconds
[2024-10-11T03:44:13.704+0000] {processor.py:186} INFO - Started process (PID=1551) to work on /home/airflow/.local/lib/python3.12/site-packages/airflow/example_dags/example_task_group.py
[2024-10-11T03:44:13.705+0000] {processor.py:914} INFO - Processing file /home/airflow/.local/lib/python3.12/site-packages/airflow/example_dags/example_task_group.py for tasks to queue
[2024-10-11T03:44:13.708+0000] {logging_mixin.py:190} INFO - [2024-10-11T03:44:13.707+0000] {dagbag.py:588} INFO - Filling up the DagBag from /home/airflow/.local/lib/python3.12/site-packages/airflow/example_dags/example_task_group.py
[2024-10-11T03:44:13.720+0000] {processor.py:925} INFO - DAG(s) 'example_task_group' retrieved from /home/airflow/.local/lib/python3.12/site-packages/airflow/example_dags/example_task_group.py
[2024-10-11T03:44:13.758+0000] {logging_mixin.py:190} INFO - [2024-10-11T03:44:13.757+0000] {dag.py:3239} INFO - Sync 1 DAGs
[2024-10-11T03:44:13.793+0000] {logging_mixin.py:190} INFO - [2024-10-11T03:44:13.792+0000] {dag.py:4180} INFO - Setting next_dagrun for example_task_group to None, run_after=None
[2024-10-11T03:44:13.828+0000] {processor.py:208} INFO - Processing /home/airflow/.local/lib/python3.12/site-packages/airflow/example_dags/example_task_group.py took 0.132 seconds
[2024-10-11T03:44:44.208+0000] {processor.py:186} INFO - Started process (PID=1618) to work on /home/airflow/.local/lib/python3.12/site-packages/airflow/example_dags/example_task_group.py
[2024-10-11T03:44:44.209+0000] {processor.py:914} INFO - Processing file /home/airflow/.local/lib/python3.12/site-packages/airflow/example_dags/example_task_group.py for tasks to queue
[2024-10-11T03:44:44.211+0000] {logging_mixin.py:190} INFO - [2024-10-11T03:44:44.211+0000] {dagbag.py:588} INFO - Filling up the DagBag from /home/airflow/.local/lib/python3.12/site-packages/airflow/example_dags/example_task_group.py
[2024-10-11T03:44:44.222+0000] {processor.py:925} INFO - DAG(s) 'example_task_group' retrieved from /home/airflow/.local/lib/python3.12/site-packages/airflow/example_dags/example_task_group.py
[2024-10-11T03:44:44.251+0000] {logging_mixin.py:190} INFO - [2024-10-11T03:44:44.251+0000] {dag.py:3239} INFO - Sync 1 DAGs
[2024-10-11T03:44:44.271+0000] {logging_mixin.py:190} INFO - [2024-10-11T03:44:44.271+0000] {dag.py:4180} INFO - Setting next_dagrun for example_task_group to None, run_after=None
[2024-10-11T03:44:44.297+0000] {processor.py:208} INFO - Processing /home/airflow/.local/lib/python3.12/site-packages/airflow/example_dags/example_task_group.py took 0.096 seconds
[2024-10-11T03:45:14.548+0000] {processor.py:186} INFO - Started process (PID=1684) to work on /home/airflow/.local/lib/python3.12/site-packages/airflow/example_dags/example_task_group.py
[2024-10-11T03:45:14.549+0000] {processor.py:914} INFO - Processing file /home/airflow/.local/lib/python3.12/site-packages/airflow/example_dags/example_task_group.py for tasks to queue
[2024-10-11T03:45:14.551+0000] {logging_mixin.py:190} INFO - [2024-10-11T03:45:14.551+0000] {dagbag.py:588} INFO - Filling up the DagBag from /home/airflow/.local/lib/python3.12/site-packages/airflow/example_dags/example_task_group.py
[2024-10-11T03:45:14.563+0000] {processor.py:925} INFO - DAG(s) 'example_task_group' retrieved from /home/airflow/.local/lib/python3.12/site-packages/airflow/example_dags/example_task_group.py
[2024-10-11T03:45:14.589+0000] {logging_mixin.py:190} INFO - [2024-10-11T03:45:14.588+0000] {dag.py:3239} INFO - Sync 1 DAGs
[2024-10-11T03:45:14.609+0000] {logging_mixin.py:190} INFO - [2024-10-11T03:45:14.608+0000] {dag.py:4180} INFO - Setting next_dagrun for example_task_group to None, run_after=None
[2024-10-11T03:45:14.639+0000] {processor.py:208} INFO - Processing /home/airflow/.local/lib/python3.12/site-packages/airflow/example_dags/example_task_group.py took 0.099 seconds
[2024-10-11T03:45:45.100+0000] {processor.py:186} INFO - Started process (PID=1751) to work on /home/airflow/.local/lib/python3.12/site-packages/airflow/example_dags/example_task_group.py
[2024-10-11T03:45:45.102+0000] {processor.py:914} INFO - Processing file /home/airflow/.local/lib/python3.12/site-packages/airflow/example_dags/example_task_group.py for tasks to queue
[2024-10-11T03:45:45.104+0000] {logging_mixin.py:190} INFO - [2024-10-11T03:45:45.104+0000] {dagbag.py:588} INFO - Filling up the DagBag from /home/airflow/.local/lib/python3.12/site-packages/airflow/example_dags/example_task_group.py
[2024-10-11T03:45:45.115+0000] {processor.py:925} INFO - DAG(s) 'example_task_group' retrieved from /home/airflow/.local/lib/python3.12/site-packages/airflow/example_dags/example_task_group.py
[2024-10-11T03:45:45.139+0000] {logging_mixin.py:190} INFO - [2024-10-11T03:45:45.139+0000] {dag.py:3239} INFO - Sync 1 DAGs
[2024-10-11T03:45:45.157+0000] {logging_mixin.py:190} INFO - [2024-10-11T03:45:45.157+0000] {dag.py:4180} INFO - Setting next_dagrun for example_task_group to None, run_after=None
[2024-10-11T03:45:45.176+0000] {processor.py:208} INFO - Processing /home/airflow/.local/lib/python3.12/site-packages/airflow/example_dags/example_task_group.py took 0.083 seconds
[2024-10-11T03:46:15.829+0000] {processor.py:186} INFO - Started process (PID=1818) to work on /home/airflow/.local/lib/python3.12/site-packages/airflow/example_dags/example_task_group.py
[2024-10-11T03:46:15.830+0000] {processor.py:914} INFO - Processing file /home/airflow/.local/lib/python3.12/site-packages/airflow/example_dags/example_task_group.py for tasks to queue
[2024-10-11T03:46:15.833+0000] {logging_mixin.py:190} INFO - [2024-10-11T03:46:15.832+0000] {dagbag.py:588} INFO - Filling up the DagBag from /home/airflow/.local/lib/python3.12/site-packages/airflow/example_dags/example_task_group.py
[2024-10-11T03:46:15.846+0000] {processor.py:925} INFO - DAG(s) 'example_task_group' retrieved from /home/airflow/.local/lib/python3.12/site-packages/airflow/example_dags/example_task_group.py
[2024-10-11T03:46:15.875+0000] {logging_mixin.py:190} INFO - [2024-10-11T03:46:15.875+0000] {dag.py:3239} INFO - Sync 1 DAGs
[2024-10-11T03:46:15.892+0000] {logging_mixin.py:190} INFO - [2024-10-11T03:46:15.892+0000] {dag.py:4180} INFO - Setting next_dagrun for example_task_group to None, run_after=None
[2024-10-11T03:46:15.911+0000] {processor.py:208} INFO - Processing /home/airflow/.local/lib/python3.12/site-packages/airflow/example_dags/example_task_group.py took 0.091 seconds
[2024-10-11T03:46:46.795+0000] {processor.py:186} INFO - Started process (PID=1886) to work on /home/airflow/.local/lib/python3.12/site-packages/airflow/example_dags/example_task_group.py
[2024-10-11T03:46:46.796+0000] {processor.py:914} INFO - Processing file /home/airflow/.local/lib/python3.12/site-packages/airflow/example_dags/example_task_group.py for tasks to queue
[2024-10-11T03:46:46.799+0000] {logging_mixin.py:190} INFO - [2024-10-11T03:46:46.799+0000] {dagbag.py:588} INFO - Filling up the DagBag from /home/airflow/.local/lib/python3.12/site-packages/airflow/example_dags/example_task_group.py
[2024-10-11T03:46:46.811+0000] {processor.py:925} INFO - DAG(s) 'example_task_group' retrieved from /home/airflow/.local/lib/python3.12/site-packages/airflow/example_dags/example_task_group.py
[2024-10-11T03:46:46.839+0000] {logging_mixin.py:190} INFO - [2024-10-11T03:46:46.838+0000] {dag.py:3239} INFO - Sync 1 DAGs
[2024-10-11T03:46:46.860+0000] {logging_mixin.py:190} INFO - [2024-10-11T03:46:46.859+0000] {dag.py:4180} INFO - Setting next_dagrun for example_task_group to None, run_after=None
[2024-10-11T03:46:46.883+0000] {processor.py:208} INFO - Processing /home/airflow/.local/lib/python3.12/site-packages/airflow/example_dags/example_task_group.py took 0.097 seconds
[2024-10-11T03:47:17.803+0000] {processor.py:186} INFO - Started process (PID=1953) to work on /home/airflow/.local/lib/python3.12/site-packages/airflow/example_dags/example_task_group.py
[2024-10-11T03:47:17.806+0000] {processor.py:914} INFO - Processing file /home/airflow/.local/lib/python3.12/site-packages/airflow/example_dags/example_task_group.py for tasks to queue
[2024-10-11T03:47:17.812+0000] {logging_mixin.py:190} INFO - [2024-10-11T03:47:17.811+0000] {dagbag.py:588} INFO - Filling up the DagBag from /home/airflow/.local/lib/python3.12/site-packages/airflow/example_dags/example_task_group.py
[2024-10-11T03:47:17.829+0000] {processor.py:925} INFO - DAG(s) 'example_task_group' retrieved from /home/airflow/.local/lib/python3.12/site-packages/airflow/example_dags/example_task_group.py
[2024-10-11T03:47:17.860+0000] {logging_mixin.py:190} INFO - [2024-10-11T03:47:17.860+0000] {dag.py:3239} INFO - Sync 1 DAGs
[2024-10-11T03:47:17.890+0000] {logging_mixin.py:190} INFO - [2024-10-11T03:47:17.890+0000] {dag.py:4180} INFO - Setting next_dagrun for example_task_group to None, run_after=None
[2024-10-11T03:47:17.917+0000] {processor.py:208} INFO - Processing /home/airflow/.local/lib/python3.12/site-packages/airflow/example_dags/example_task_group.py took 0.124 seconds
[2024-10-11T03:47:48.498+0000] {processor.py:186} INFO - Started process (PID=2020) to work on /home/airflow/.local/lib/python3.12/site-packages/airflow/example_dags/example_task_group.py
[2024-10-11T03:47:48.500+0000] {processor.py:914} INFO - Processing file /home/airflow/.local/lib/python3.12/site-packages/airflow/example_dags/example_task_group.py for tasks to queue
[2024-10-11T03:47:48.503+0000] {logging_mixin.py:190} INFO - [2024-10-11T03:47:48.503+0000] {dagbag.py:588} INFO - Filling up the DagBag from /home/airflow/.local/lib/python3.12/site-packages/airflow/example_dags/example_task_group.py
[2024-10-11T03:47:48.516+0000] {processor.py:925} INFO - DAG(s) 'example_task_group' retrieved from /home/airflow/.local/lib/python3.12/site-packages/airflow/example_dags/example_task_group.py
[2024-10-11T03:47:48.556+0000] {logging_mixin.py:190} INFO - [2024-10-11T03:47:48.555+0000] {dag.py:3239} INFO - Sync 1 DAGs
[2024-10-11T03:47:48.582+0000] {logging_mixin.py:190} INFO - [2024-10-11T03:47:48.582+0000] {dag.py:4180} INFO - Setting next_dagrun for example_task_group to None, run_after=None
[2024-10-11T03:47:48.613+0000] {processor.py:208} INFO - Processing /home/airflow/.local/lib/python3.12/site-packages/airflow/example_dags/example_task_group.py took 0.126 seconds
[2024-10-11T03:48:19.252+0000] {processor.py:186} INFO - Started process (PID=2087) to work on /home/airflow/.local/lib/python3.12/site-packages/airflow/example_dags/example_task_group.py
[2024-10-11T03:48:19.255+0000] {processor.py:914} INFO - Processing file /home/airflow/.local/lib/python3.12/site-packages/airflow/example_dags/example_task_group.py for tasks to queue
[2024-10-11T03:48:19.258+0000] {logging_mixin.py:190} INFO - [2024-10-11T03:48:19.257+0000] {dagbag.py:588} INFO - Filling up the DagBag from /home/airflow/.local/lib/python3.12/site-packages/airflow/example_dags/example_task_group.py
[2024-10-11T03:48:19.278+0000] {processor.py:925} INFO - DAG(s) 'example_task_group' retrieved from /home/airflow/.local/lib/python3.12/site-packages/airflow/example_dags/example_task_group.py
[2024-10-11T03:48:19.324+0000] {logging_mixin.py:190} INFO - [2024-10-11T03:48:19.324+0000] {dag.py:3239} INFO - Sync 1 DAGs
[2024-10-11T03:48:19.352+0000] {logging_mixin.py:190} INFO - [2024-10-11T03:48:19.349+0000] {dag.py:4180} INFO - Setting next_dagrun for example_task_group to None, run_after=None
[2024-10-11T03:48:19.404+0000] {processor.py:208} INFO - Processing /home/airflow/.local/lib/python3.12/site-packages/airflow/example_dags/example_task_group.py took 0.163 seconds
[2024-10-11T03:48:49.974+0000] {processor.py:186} INFO - Started process (PID=2153) to work on /home/airflow/.local/lib/python3.12/site-packages/airflow/example_dags/example_task_group.py
[2024-10-11T03:48:49.975+0000] {processor.py:914} INFO - Processing file /home/airflow/.local/lib/python3.12/site-packages/airflow/example_dags/example_task_group.py for tasks to queue
[2024-10-11T03:48:49.979+0000] {logging_mixin.py:190} INFO - [2024-10-11T03:48:49.979+0000] {dagbag.py:588} INFO - Filling up the DagBag from /home/airflow/.local/lib/python3.12/site-packages/airflow/example_dags/example_task_group.py
[2024-10-11T03:48:49.994+0000] {processor.py:925} INFO - DAG(s) 'example_task_group' retrieved from /home/airflow/.local/lib/python3.12/site-packages/airflow/example_dags/example_task_group.py
[2024-10-11T03:48:50.027+0000] {logging_mixin.py:190} INFO - [2024-10-11T03:48:50.026+0000] {dag.py:3239} INFO - Sync 1 DAGs
[2024-10-11T03:48:50.048+0000] {logging_mixin.py:190} INFO - [2024-10-11T03:48:50.048+0000] {dag.py:4180} INFO - Setting next_dagrun for example_task_group to None, run_after=None
[2024-10-11T03:48:50.077+0000] {processor.py:208} INFO - Processing /home/airflow/.local/lib/python3.12/site-packages/airflow/example_dags/example_task_group.py took 0.112 seconds
[2024-10-11T03:49:20.339+0000] {processor.py:186} INFO - Started process (PID=2218) to work on /home/airflow/.local/lib/python3.12/site-packages/airflow/example_dags/example_task_group.py
[2024-10-11T03:49:20.340+0000] {processor.py:914} INFO - Processing file /home/airflow/.local/lib/python3.12/site-packages/airflow/example_dags/example_task_group.py for tasks to queue
[2024-10-11T03:49:20.344+0000] {logging_mixin.py:190} INFO - [2024-10-11T03:49:20.343+0000] {dagbag.py:588} INFO - Filling up the DagBag from /home/airflow/.local/lib/python3.12/site-packages/airflow/example_dags/example_task_group.py
[2024-10-11T03:49:20.358+0000] {processor.py:925} INFO - DAG(s) 'example_task_group' retrieved from /home/airflow/.local/lib/python3.12/site-packages/airflow/example_dags/example_task_group.py
[2024-10-11T03:49:20.391+0000] {logging_mixin.py:190} INFO - [2024-10-11T03:49:20.391+0000] {dag.py:3239} INFO - Sync 1 DAGs
[2024-10-11T03:49:20.412+0000] {logging_mixin.py:190} INFO - [2024-10-11T03:49:20.412+0000] {dag.py:4180} INFO - Setting next_dagrun for example_task_group to None, run_after=None
[2024-10-11T03:49:20.438+0000] {processor.py:208} INFO - Processing /home/airflow/.local/lib/python3.12/site-packages/airflow/example_dags/example_task_group.py took 0.108 seconds
[2024-10-11T03:49:51.215+0000] {processor.py:186} INFO - Started process (PID=2284) to work on /home/airflow/.local/lib/python3.12/site-packages/airflow/example_dags/example_task_group.py
[2024-10-11T03:49:51.221+0000] {processor.py:914} INFO - Processing file /home/airflow/.local/lib/python3.12/site-packages/airflow/example_dags/example_task_group.py for tasks to queue
[2024-10-11T03:49:51.226+0000] {logging_mixin.py:190} INFO - [2024-10-11T03:49:51.225+0000] {dagbag.py:588} INFO - Filling up the DagBag from /home/airflow/.local/lib/python3.12/site-packages/airflow/example_dags/example_task_group.py
[2024-10-11T03:49:51.243+0000] {processor.py:925} INFO - DAG(s) 'example_task_group' retrieved from /home/airflow/.local/lib/python3.12/site-packages/airflow/example_dags/example_task_group.py
[2024-10-11T03:49:51.284+0000] {logging_mixin.py:190} INFO - [2024-10-11T03:49:51.283+0000] {dag.py:3239} INFO - Sync 1 DAGs
[2024-10-11T03:49:51.314+0000] {logging_mixin.py:190} INFO - [2024-10-11T03:49:51.313+0000] {dag.py:4180} INFO - Setting next_dagrun for example_task_group to None, run_after=None
[2024-10-11T03:49:51.345+0000] {processor.py:208} INFO - Processing /home/airflow/.local/lib/python3.12/site-packages/airflow/example_dags/example_task_group.py took 0.145 seconds
[2024-10-11T03:50:21.719+0000] {processor.py:186} INFO - Started process (PID=2351) to work on /home/airflow/.local/lib/python3.12/site-packages/airflow/example_dags/example_task_group.py
[2024-10-11T03:50:21.722+0000] {processor.py:914} INFO - Processing file /home/airflow/.local/lib/python3.12/site-packages/airflow/example_dags/example_task_group.py for tasks to queue
[2024-10-11T03:50:21.727+0000] {logging_mixin.py:190} INFO - [2024-10-11T03:50:21.727+0000] {dagbag.py:588} INFO - Filling up the DagBag from /home/airflow/.local/lib/python3.12/site-packages/airflow/example_dags/example_task_group.py
[2024-10-11T03:50:21.741+0000] {processor.py:925} INFO - DAG(s) 'example_task_group' retrieved from /home/airflow/.local/lib/python3.12/site-packages/airflow/example_dags/example_task_group.py
[2024-10-11T03:50:21.800+0000] {logging_mixin.py:190} INFO - [2024-10-11T03:50:21.799+0000] {dag.py:3239} INFO - Sync 1 DAGs
[2024-10-11T03:50:21.837+0000] {logging_mixin.py:190} INFO - [2024-10-11T03:50:21.837+0000] {dag.py:4180} INFO - Setting next_dagrun for example_task_group to None, run_after=None
[2024-10-11T03:50:22.174+0000] {processor.py:208} INFO - Processing /home/airflow/.local/lib/python3.12/site-packages/airflow/example_dags/example_task_group.py took 0.466 seconds
[2024-10-11T03:50:52.372+0000] {processor.py:186} INFO - Started process (PID=2418) to work on /home/airflow/.local/lib/python3.12/site-packages/airflow/example_dags/example_task_group.py
[2024-10-11T03:50:52.374+0000] {processor.py:914} INFO - Processing file /home/airflow/.local/lib/python3.12/site-packages/airflow/example_dags/example_task_group.py for tasks to queue
[2024-10-11T03:50:52.377+0000] {logging_mixin.py:190} INFO - [2024-10-11T03:50:52.377+0000] {dagbag.py:588} INFO - Filling up the DagBag from /home/airflow/.local/lib/python3.12/site-packages/airflow/example_dags/example_task_group.py
[2024-10-11T03:50:52.394+0000] {processor.py:925} INFO - DAG(s) 'example_task_group' retrieved from /home/airflow/.local/lib/python3.12/site-packages/airflow/example_dags/example_task_group.py
[2024-10-11T03:50:52.433+0000] {logging_mixin.py:190} INFO - [2024-10-11T03:50:52.432+0000] {dag.py:3239} INFO - Sync 1 DAGs
[2024-10-11T03:50:52.462+0000] {logging_mixin.py:190} INFO - [2024-10-11T03:50:52.462+0000] {dag.py:4180} INFO - Setting next_dagrun for example_task_group to None, run_after=None
[2024-10-11T03:50:52.494+0000] {processor.py:208} INFO - Processing /home/airflow/.local/lib/python3.12/site-packages/airflow/example_dags/example_task_group.py took 0.132 seconds
[2024-10-11T03:51:23.372+0000] {processor.py:186} INFO - Started process (PID=2485) to work on /home/airflow/.local/lib/python3.12/site-packages/airflow/example_dags/example_task_group.py
[2024-10-11T03:51:23.375+0000] {processor.py:914} INFO - Processing file /home/airflow/.local/lib/python3.12/site-packages/airflow/example_dags/example_task_group.py for tasks to queue
[2024-10-11T03:51:23.379+0000] {logging_mixin.py:190} INFO - [2024-10-11T03:51:23.378+0000] {dagbag.py:588} INFO - Filling up the DagBag from /home/airflow/.local/lib/python3.12/site-packages/airflow/example_dags/example_task_group.py
[2024-10-11T03:51:23.395+0000] {processor.py:925} INFO - DAG(s) 'example_task_group' retrieved from /home/airflow/.local/lib/python3.12/site-packages/airflow/example_dags/example_task_group.py
[2024-10-11T03:51:23.437+0000] {logging_mixin.py:190} INFO - [2024-10-11T03:51:23.435+0000] {dag.py:3239} INFO - Sync 1 DAGs
[2024-10-11T03:51:23.461+0000] {logging_mixin.py:190} INFO - [2024-10-11T03:51:23.461+0000] {dag.py:4180} INFO - Setting next_dagrun for example_task_group to None, run_after=None
[2024-10-11T03:51:23.491+0000] {processor.py:208} INFO - Processing /home/airflow/.local/lib/python3.12/site-packages/airflow/example_dags/example_task_group.py took 0.129 seconds
[2024-10-11T03:51:54.037+0000] {processor.py:186} INFO - Started process (PID=2552) to work on /home/airflow/.local/lib/python3.12/site-packages/airflow/example_dags/example_task_group.py
[2024-10-11T03:51:54.039+0000] {processor.py:914} INFO - Processing file /home/airflow/.local/lib/python3.12/site-packages/airflow/example_dags/example_task_group.py for tasks to queue
[2024-10-11T03:51:54.044+0000] {logging_mixin.py:190} INFO - [2024-10-11T03:51:54.042+0000] {dagbag.py:588} INFO - Filling up the DagBag from /home/airflow/.local/lib/python3.12/site-packages/airflow/example_dags/example_task_group.py
[2024-10-11T03:51:54.058+0000] {processor.py:925} INFO - DAG(s) 'example_task_group' retrieved from /home/airflow/.local/lib/python3.12/site-packages/airflow/example_dags/example_task_group.py
[2024-10-11T03:51:54.098+0000] {logging_mixin.py:190} INFO - [2024-10-11T03:51:54.097+0000] {dag.py:3239} INFO - Sync 1 DAGs
[2024-10-11T03:51:54.121+0000] {logging_mixin.py:190} INFO - [2024-10-11T03:51:54.121+0000] {dag.py:4180} INFO - Setting next_dagrun for example_task_group to None, run_after=None
[2024-10-11T03:51:54.153+0000] {processor.py:208} INFO - Processing /home/airflow/.local/lib/python3.12/site-packages/airflow/example_dags/example_task_group.py took 0.126 seconds
[2024-10-11T03:52:24.757+0000] {processor.py:186} INFO - Started process (PID=2618) to work on /home/airflow/.local/lib/python3.12/site-packages/airflow/example_dags/example_task_group.py
[2024-10-11T03:52:24.759+0000] {processor.py:914} INFO - Processing file /home/airflow/.local/lib/python3.12/site-packages/airflow/example_dags/example_task_group.py for tasks to queue
[2024-10-11T03:52:24.763+0000] {logging_mixin.py:190} INFO - [2024-10-11T03:52:24.763+0000] {dagbag.py:588} INFO - Filling up the DagBag from /home/airflow/.local/lib/python3.12/site-packages/airflow/example_dags/example_task_group.py
[2024-10-11T03:52:24.791+0000] {processor.py:925} INFO - DAG(s) 'example_task_group' retrieved from /home/airflow/.local/lib/python3.12/site-packages/airflow/example_dags/example_task_group.py
[2024-10-11T03:52:25.153+0000] {logging_mixin.py:190} INFO - [2024-10-11T03:52:25.152+0000] {dag.py:3239} INFO - Sync 1 DAGs
[2024-10-11T03:52:25.175+0000] {logging_mixin.py:190} INFO - [2024-10-11T03:52:25.175+0000] {dag.py:4180} INFO - Setting next_dagrun for example_task_group to None, run_after=None
[2024-10-11T03:52:25.201+0000] {processor.py:208} INFO - Processing /home/airflow/.local/lib/python3.12/site-packages/airflow/example_dags/example_task_group.py took 0.459 seconds
[2024-10-11T03:52:55.444+0000] {processor.py:186} INFO - Started process (PID=2684) to work on /home/airflow/.local/lib/python3.12/site-packages/airflow/example_dags/example_task_group.py
[2024-10-11T03:52:55.446+0000] {processor.py:914} INFO - Processing file /home/airflow/.local/lib/python3.12/site-packages/airflow/example_dags/example_task_group.py for tasks to queue
[2024-10-11T03:52:55.453+0000] {logging_mixin.py:190} INFO - [2024-10-11T03:52:55.453+0000] {dagbag.py:588} INFO - Filling up the DagBag from /home/airflow/.local/lib/python3.12/site-packages/airflow/example_dags/example_task_group.py
[2024-10-11T03:52:55.473+0000] {processor.py:925} INFO - DAG(s) 'example_task_group' retrieved from /home/airflow/.local/lib/python3.12/site-packages/airflow/example_dags/example_task_group.py
[2024-10-11T03:52:55.509+0000] {logging_mixin.py:190} INFO - [2024-10-11T03:52:55.508+0000] {dag.py:3239} INFO - Sync 1 DAGs
[2024-10-11T03:52:55.543+0000] {logging_mixin.py:190} INFO - [2024-10-11T03:52:55.542+0000] {dag.py:4180} INFO - Setting next_dagrun for example_task_group to None, run_after=None
[2024-10-11T03:52:55.573+0000] {processor.py:208} INFO - Processing /home/airflow/.local/lib/python3.12/site-packages/airflow/example_dags/example_task_group.py took 0.142 seconds
[2024-10-11T03:53:25.903+0000] {processor.py:186} INFO - Started process (PID=2752) to work on /home/airflow/.local/lib/python3.12/site-packages/airflow/example_dags/example_task_group.py
[2024-10-11T03:53:25.905+0000] {processor.py:914} INFO - Processing file /home/airflow/.local/lib/python3.12/site-packages/airflow/example_dags/example_task_group.py for tasks to queue
[2024-10-11T03:53:25.910+0000] {logging_mixin.py:190} INFO - [2024-10-11T03:53:25.910+0000] {dagbag.py:588} INFO - Filling up the DagBag from /home/airflow/.local/lib/python3.12/site-packages/airflow/example_dags/example_task_group.py
[2024-10-11T03:53:25.932+0000] {processor.py:925} INFO - DAG(s) 'example_task_group' retrieved from /home/airflow/.local/lib/python3.12/site-packages/airflow/example_dags/example_task_group.py
[2024-10-11T03:53:25.982+0000] {logging_mixin.py:190} INFO - [2024-10-11T03:53:25.982+0000] {dag.py:3239} INFO - Sync 1 DAGs
[2024-10-11T03:53:26.021+0000] {logging_mixin.py:190} INFO - [2024-10-11T03:53:26.021+0000] {dag.py:4180} INFO - Setting next_dagrun for example_task_group to None, run_after=None
[2024-10-11T03:53:26.060+0000] {processor.py:208} INFO - Processing /home/airflow/.local/lib/python3.12/site-packages/airflow/example_dags/example_task_group.py took 0.174 seconds
[2024-10-11T03:53:56.178+0000] {processor.py:186} INFO - Started process (PID=2819) to work on /home/airflow/.local/lib/python3.12/site-packages/airflow/example_dags/example_task_group.py
[2024-10-11T03:53:56.179+0000] {processor.py:914} INFO - Processing file /home/airflow/.local/lib/python3.12/site-packages/airflow/example_dags/example_task_group.py for tasks to queue
[2024-10-11T03:53:56.183+0000] {logging_mixin.py:190} INFO - [2024-10-11T03:53:56.183+0000] {dagbag.py:588} INFO - Filling up the DagBag from /home/airflow/.local/lib/python3.12/site-packages/airflow/example_dags/example_task_group.py
[2024-10-11T03:53:56.202+0000] {processor.py:925} INFO - DAG(s) 'example_task_group' retrieved from /home/airflow/.local/lib/python3.12/site-packages/airflow/example_dags/example_task_group.py
[2024-10-11T03:53:56.248+0000] {logging_mixin.py:190} INFO - [2024-10-11T03:53:56.247+0000] {dag.py:3239} INFO - Sync 1 DAGs
[2024-10-11T03:53:56.278+0000] {logging_mixin.py:190} INFO - [2024-10-11T03:53:56.277+0000] {dag.py:4180} INFO - Setting next_dagrun for example_task_group to None, run_after=None
[2024-10-11T03:53:56.312+0000] {processor.py:208} INFO - Processing /home/airflow/.local/lib/python3.12/site-packages/airflow/example_dags/example_task_group.py took 0.146 seconds
[2024-10-11T03:54:27.256+0000] {processor.py:186} INFO - Started process (PID=2886) to work on /home/airflow/.local/lib/python3.12/site-packages/airflow/example_dags/example_task_group.py
[2024-10-11T03:54:27.258+0000] {processor.py:914} INFO - Processing file /home/airflow/.local/lib/python3.12/site-packages/airflow/example_dags/example_task_group.py for tasks to queue
[2024-10-11T03:54:27.262+0000] {logging_mixin.py:190} INFO - [2024-10-11T03:54:27.262+0000] {dagbag.py:588} INFO - Filling up the DagBag from /home/airflow/.local/lib/python3.12/site-packages/airflow/example_dags/example_task_group.py
[2024-10-11T03:54:27.281+0000] {processor.py:925} INFO - DAG(s) 'example_task_group' retrieved from /home/airflow/.local/lib/python3.12/site-packages/airflow/example_dags/example_task_group.py
[2024-10-11T03:54:27.329+0000] {logging_mixin.py:190} INFO - [2024-10-11T03:54:27.329+0000] {dag.py:3239} INFO - Sync 1 DAGs
[2024-10-11T03:54:27.374+0000] {logging_mixin.py:190} INFO - [2024-10-11T03:54:27.374+0000] {dag.py:4180} INFO - Setting next_dagrun for example_task_group to None, run_after=None
[2024-10-11T03:54:27.423+0000] {processor.py:208} INFO - Processing /home/airflow/.local/lib/python3.12/site-packages/airflow/example_dags/example_task_group.py took 0.179 seconds
[2024-10-11T03:54:58.305+0000] {processor.py:186} INFO - Started process (PID=2953) to work on /home/airflow/.local/lib/python3.12/site-packages/airflow/example_dags/example_task_group.py
[2024-10-11T03:54:58.308+0000] {processor.py:914} INFO - Processing file /home/airflow/.local/lib/python3.12/site-packages/airflow/example_dags/example_task_group.py for tasks to queue
[2024-10-11T03:54:58.323+0000] {logging_mixin.py:190} INFO - [2024-10-11T03:54:58.322+0000] {dagbag.py:588} INFO - Filling up the DagBag from /home/airflow/.local/lib/python3.12/site-packages/airflow/example_dags/example_task_group.py
[2024-10-11T03:54:58.348+0000] {processor.py:925} INFO - DAG(s) 'example_task_group' retrieved from /home/airflow/.local/lib/python3.12/site-packages/airflow/example_dags/example_task_group.py
[2024-10-11T03:54:58.416+0000] {logging_mixin.py:190} INFO - [2024-10-11T03:54:58.415+0000] {dag.py:3239} INFO - Sync 1 DAGs
[2024-10-11T03:54:58.452+0000] {logging_mixin.py:190} INFO - [2024-10-11T03:54:58.452+0000] {dag.py:4180} INFO - Setting next_dagrun for example_task_group to None, run_after=None
[2024-10-11T03:54:58.494+0000] {processor.py:208} INFO - Processing /home/airflow/.local/lib/python3.12/site-packages/airflow/example_dags/example_task_group.py took 0.210 seconds
[2024-10-11T03:55:28.670+0000] {processor.py:186} INFO - Started process (PID=3020) to work on /home/airflow/.local/lib/python3.12/site-packages/airflow/example_dags/example_task_group.py
[2024-10-11T03:55:28.672+0000] {processor.py:914} INFO - Processing file /home/airflow/.local/lib/python3.12/site-packages/airflow/example_dags/example_task_group.py for tasks to queue
[2024-10-11T03:55:28.677+0000] {logging_mixin.py:190} INFO - [2024-10-11T03:55:28.677+0000] {dagbag.py:588} INFO - Filling up the DagBag from /home/airflow/.local/lib/python3.12/site-packages/airflow/example_dags/example_task_group.py
[2024-10-11T03:55:28.699+0000] {processor.py:925} INFO - DAG(s) 'example_task_group' retrieved from /home/airflow/.local/lib/python3.12/site-packages/airflow/example_dags/example_task_group.py
[2024-10-11T03:55:28.793+0000] {logging_mixin.py:190} INFO - [2024-10-11T03:55:28.793+0000] {dag.py:3239} INFO - Sync 1 DAGs
[2024-10-11T03:55:28.844+0000] {logging_mixin.py:190} INFO - [2024-10-11T03:55:28.844+0000] {dag.py:4180} INFO - Setting next_dagrun for example_task_group to None, run_after=None
[2024-10-11T03:55:28.915+0000] {processor.py:208} INFO - Processing /home/airflow/.local/lib/python3.12/site-packages/airflow/example_dags/example_task_group.py took 0.258 seconds
[2024-10-11T03:55:59.263+0000] {processor.py:186} INFO - Started process (PID=3086) to work on /home/airflow/.local/lib/python3.12/site-packages/airflow/example_dags/example_task_group.py
[2024-10-11T03:55:59.265+0000] {processor.py:914} INFO - Processing file /home/airflow/.local/lib/python3.12/site-packages/airflow/example_dags/example_task_group.py for tasks to queue
[2024-10-11T03:55:59.269+0000] {logging_mixin.py:190} INFO - [2024-10-11T03:55:59.268+0000] {dagbag.py:588} INFO - Filling up the DagBag from /home/airflow/.local/lib/python3.12/site-packages/airflow/example_dags/example_task_group.py
[2024-10-11T03:55:59.285+0000] {processor.py:925} INFO - DAG(s) 'example_task_group' retrieved from /home/airflow/.local/lib/python3.12/site-packages/airflow/example_dags/example_task_group.py
[2024-10-11T03:55:59.324+0000] {logging_mixin.py:190} INFO - [2024-10-11T03:55:59.323+0000] {dag.py:3239} INFO - Sync 1 DAGs
[2024-10-11T03:55:59.350+0000] {logging_mixin.py:190} INFO - [2024-10-11T03:55:59.350+0000] {dag.py:4180} INFO - Setting next_dagrun for example_task_group to None, run_after=None
[2024-10-11T03:55:59.378+0000] {processor.py:208} INFO - Processing /home/airflow/.local/lib/python3.12/site-packages/airflow/example_dags/example_task_group.py took 0.125 seconds
[2024-10-11T03:56:29.962+0000] {processor.py:186} INFO - Started process (PID=3153) to work on /home/airflow/.local/lib/python3.12/site-packages/airflow/example_dags/example_task_group.py
[2024-10-11T03:56:29.965+0000] {processor.py:914} INFO - Processing file /home/airflow/.local/lib/python3.12/site-packages/airflow/example_dags/example_task_group.py for tasks to queue
[2024-10-11T03:56:29.973+0000] {logging_mixin.py:190} INFO - [2024-10-11T03:56:29.972+0000] {dagbag.py:588} INFO - Filling up the DagBag from /home/airflow/.local/lib/python3.12/site-packages/airflow/example_dags/example_task_group.py
[2024-10-11T03:56:29.999+0000] {processor.py:925} INFO - DAG(s) 'example_task_group' retrieved from /home/airflow/.local/lib/python3.12/site-packages/airflow/example_dags/example_task_group.py
[2024-10-11T03:56:30.060+0000] {logging_mixin.py:190} INFO - [2024-10-11T03:56:30.060+0000] {dag.py:3239} INFO - Sync 1 DAGs
[2024-10-11T03:56:30.090+0000] {logging_mixin.py:190} INFO - [2024-10-11T03:56:30.089+0000] {dag.py:4180} INFO - Setting next_dagrun for example_task_group to None, run_after=None
[2024-10-11T03:56:30.126+0000] {processor.py:208} INFO - Processing /home/airflow/.local/lib/python3.12/site-packages/airflow/example_dags/example_task_group.py took 0.190 seconds
[2024-10-11T03:57:01.790+0000] {processor.py:186} INFO - Started process (PID=3226) to work on /home/airflow/.local/lib/python3.12/site-packages/airflow/example_dags/example_task_group.py
[2024-10-11T03:57:01.794+0000] {processor.py:914} INFO - Processing file /home/airflow/.local/lib/python3.12/site-packages/airflow/example_dags/example_task_group.py for tasks to queue
[2024-10-11T03:57:01.804+0000] {logging_mixin.py:190} INFO - [2024-10-11T03:57:01.800+0000] {dagbag.py:588} INFO - Filling up the DagBag from /home/airflow/.local/lib/python3.12/site-packages/airflow/example_dags/example_task_group.py
[2024-10-11T03:57:01.843+0000] {processor.py:925} INFO - DAG(s) 'example_task_group' retrieved from /home/airflow/.local/lib/python3.12/site-packages/airflow/example_dags/example_task_group.py
[2024-10-11T03:57:01.962+0000] {logging_mixin.py:190} INFO - [2024-10-11T03:57:01.961+0000] {dag.py:3239} INFO - Sync 1 DAGs
[2024-10-11T03:57:02.011+0000] {logging_mixin.py:190} INFO - [2024-10-11T03:57:02.011+0000] {dag.py:4180} INFO - Setting next_dagrun for example_task_group to None, run_after=None
[2024-10-11T03:57:02.057+0000] {processor.py:208} INFO - Processing /home/airflow/.local/lib/python3.12/site-packages/airflow/example_dags/example_task_group.py took 0.292 seconds
[2024-10-11T03:57:32.150+0000] {processor.py:186} INFO - Started process (PID=3293) to work on /home/airflow/.local/lib/python3.12/site-packages/airflow/example_dags/example_task_group.py
[2024-10-11T03:57:32.151+0000] {processor.py:914} INFO - Processing file /home/airflow/.local/lib/python3.12/site-packages/airflow/example_dags/example_task_group.py for tasks to queue
[2024-10-11T03:57:32.154+0000] {logging_mixin.py:190} INFO - [2024-10-11T03:57:32.154+0000] {dagbag.py:588} INFO - Filling up the DagBag from /home/airflow/.local/lib/python3.12/site-packages/airflow/example_dags/example_task_group.py
[2024-10-11T03:57:32.165+0000] {processor.py:925} INFO - DAG(s) 'example_task_group' retrieved from /home/airflow/.local/lib/python3.12/site-packages/airflow/example_dags/example_task_group.py
[2024-10-11T03:57:32.192+0000] {logging_mixin.py:190} INFO - [2024-10-11T03:57:32.192+0000] {dag.py:3239} INFO - Sync 1 DAGs
[2024-10-11T03:57:32.211+0000] {logging_mixin.py:190} INFO - [2024-10-11T03:57:32.211+0000] {dag.py:4180} INFO - Setting next_dagrun for example_task_group to None, run_after=None
[2024-10-11T03:57:32.231+0000] {processor.py:208} INFO - Processing /home/airflow/.local/lib/python3.12/site-packages/airflow/example_dags/example_task_group.py took 0.089 seconds
[2024-10-11T03:58:03.142+0000] {processor.py:186} INFO - Started process (PID=3359) to work on /home/airflow/.local/lib/python3.12/site-packages/airflow/example_dags/example_task_group.py
[2024-10-11T03:58:03.144+0000] {processor.py:914} INFO - Processing file /home/airflow/.local/lib/python3.12/site-packages/airflow/example_dags/example_task_group.py for tasks to queue
[2024-10-11T03:58:03.149+0000] {logging_mixin.py:190} INFO - [2024-10-11T03:58:03.148+0000] {dagbag.py:588} INFO - Filling up the DagBag from /home/airflow/.local/lib/python3.12/site-packages/airflow/example_dags/example_task_group.py
[2024-10-11T03:58:03.171+0000] {processor.py:925} INFO - DAG(s) 'example_task_group' retrieved from /home/airflow/.local/lib/python3.12/site-packages/airflow/example_dags/example_task_group.py
[2024-10-11T03:58:03.218+0000] {logging_mixin.py:190} INFO - [2024-10-11T03:58:03.217+0000] {dag.py:3239} INFO - Sync 1 DAGs
[2024-10-11T03:58:03.241+0000] {logging_mixin.py:190} INFO - [2024-10-11T03:58:03.241+0000] {dag.py:4180} INFO - Setting next_dagrun for example_task_group to None, run_after=None
[2024-10-11T03:58:03.271+0000] {processor.py:208} INFO - Processing /home/airflow/.local/lib/python3.12/site-packages/airflow/example_dags/example_task_group.py took 0.152 seconds
[2024-10-11T03:58:34.225+0000] {processor.py:186} INFO - Started process (PID=3427) to work on /home/airflow/.local/lib/python3.12/site-packages/airflow/example_dags/example_task_group.py
[2024-10-11T03:58:34.226+0000] {processor.py:914} INFO - Processing file /home/airflow/.local/lib/python3.12/site-packages/airflow/example_dags/example_task_group.py for tasks to queue
[2024-10-11T03:58:34.232+0000] {logging_mixin.py:190} INFO - [2024-10-11T03:58:34.231+0000] {dagbag.py:588} INFO - Filling up the DagBag from /home/airflow/.local/lib/python3.12/site-packages/airflow/example_dags/example_task_group.py
[2024-10-11T03:58:34.249+0000] {processor.py:925} INFO - DAG(s) 'example_task_group' retrieved from /home/airflow/.local/lib/python3.12/site-packages/airflow/example_dags/example_task_group.py
[2024-10-11T03:58:34.297+0000] {logging_mixin.py:190} INFO - [2024-10-11T03:58:34.297+0000] {dag.py:3239} INFO - Sync 1 DAGs
[2024-10-11T03:58:34.328+0000] {logging_mixin.py:190} INFO - [2024-10-11T03:58:34.327+0000] {dag.py:4180} INFO - Setting next_dagrun for example_task_group to None, run_after=None
[2024-10-11T03:58:34.367+0000] {processor.py:208} INFO - Processing /home/airflow/.local/lib/python3.12/site-packages/airflow/example_dags/example_task_group.py took 0.158 seconds
[2024-10-11T03:59:05.097+0000] {processor.py:186} INFO - Started process (PID=3494) to work on /home/airflow/.local/lib/python3.12/site-packages/airflow/example_dags/example_task_group.py
[2024-10-11T03:59:05.099+0000] {processor.py:914} INFO - Processing file /home/airflow/.local/lib/python3.12/site-packages/airflow/example_dags/example_task_group.py for tasks to queue
[2024-10-11T03:59:05.105+0000] {logging_mixin.py:190} INFO - [2024-10-11T03:59:05.104+0000] {dagbag.py:588} INFO - Filling up the DagBag from /home/airflow/.local/lib/python3.12/site-packages/airflow/example_dags/example_task_group.py
[2024-10-11T03:59:05.152+0000] {processor.py:925} INFO - DAG(s) 'example_task_group' retrieved from /home/airflow/.local/lib/python3.12/site-packages/airflow/example_dags/example_task_group.py
[2024-10-11T03:59:05.349+0000] {logging_mixin.py:190} INFO - [2024-10-11T03:59:05.349+0000] {dag.py:3239} INFO - Sync 1 DAGs
[2024-10-11T03:59:05.463+0000] {logging_mixin.py:190} INFO - [2024-10-11T03:59:05.463+0000] {dag.py:4180} INFO - Setting next_dagrun for example_task_group to None, run_after=None
[2024-10-11T03:59:05.557+0000] {processor.py:208} INFO - Processing /home/airflow/.local/lib/python3.12/site-packages/airflow/example_dags/example_task_group.py took 0.500 seconds
[2024-10-11T03:59:36.003+0000] {processor.py:186} INFO - Started process (PID=3562) to work on /home/airflow/.local/lib/python3.12/site-packages/airflow/example_dags/example_task_group.py
[2024-10-11T03:59:36.005+0000] {processor.py:914} INFO - Processing file /home/airflow/.local/lib/python3.12/site-packages/airflow/example_dags/example_task_group.py for tasks to queue
[2024-10-11T03:59:36.019+0000] {logging_mixin.py:190} INFO - [2024-10-11T03:59:36.017+0000] {dagbag.py:588} INFO - Filling up the DagBag from /home/airflow/.local/lib/python3.12/site-packages/airflow/example_dags/example_task_group.py
[2024-10-11T03:59:36.049+0000] {processor.py:925} INFO - DAG(s) 'example_task_group' retrieved from /home/airflow/.local/lib/python3.12/site-packages/airflow/example_dags/example_task_group.py
[2024-10-11T03:59:36.123+0000] {logging_mixin.py:190} INFO - [2024-10-11T03:59:36.122+0000] {dag.py:3239} INFO - Sync 1 DAGs
[2024-10-11T03:59:36.186+0000] {logging_mixin.py:190} INFO - [2024-10-11T03:59:36.186+0000] {dag.py:4180} INFO - Setting next_dagrun for example_task_group to None, run_after=None
[2024-10-11T03:59:36.238+0000] {processor.py:208} INFO - Processing /home/airflow/.local/lib/python3.12/site-packages/airflow/example_dags/example_task_group.py took 0.251 seconds
[2024-10-11T04:00:06.418+0000] {processor.py:186} INFO - Started process (PID=3628) to work on /home/airflow/.local/lib/python3.12/site-packages/airflow/example_dags/example_task_group.py
[2024-10-11T04:00:06.420+0000] {processor.py:914} INFO - Processing file /home/airflow/.local/lib/python3.12/site-packages/airflow/example_dags/example_task_group.py for tasks to queue
[2024-10-11T04:00:06.425+0000] {logging_mixin.py:190} INFO - [2024-10-11T04:00:06.424+0000] {dagbag.py:588} INFO - Filling up the DagBag from /home/airflow/.local/lib/python3.12/site-packages/airflow/example_dags/example_task_group.py
[2024-10-11T04:00:06.447+0000] {processor.py:925} INFO - DAG(s) 'example_task_group' retrieved from /home/airflow/.local/lib/python3.12/site-packages/airflow/example_dags/example_task_group.py
[2024-10-11T04:00:06.500+0000] {logging_mixin.py:190} INFO - [2024-10-11T04:00:06.500+0000] {dag.py:3239} INFO - Sync 1 DAGs
[2024-10-11T04:00:06.538+0000] {logging_mixin.py:190} INFO - [2024-10-11T04:00:06.538+0000] {dag.py:4180} INFO - Setting next_dagrun for example_task_group to None, run_after=None
[2024-10-11T04:00:06.588+0000] {processor.py:208} INFO - Processing /home/airflow/.local/lib/python3.12/site-packages/airflow/example_dags/example_task_group.py took 0.188 seconds
[2024-10-11T04:00:36.654+0000] {processor.py:186} INFO - Started process (PID=3694) to work on /home/airflow/.local/lib/python3.12/site-packages/airflow/example_dags/example_task_group.py
[2024-10-11T04:00:36.656+0000] {processor.py:914} INFO - Processing file /home/airflow/.local/lib/python3.12/site-packages/airflow/example_dags/example_task_group.py for tasks to queue
[2024-10-11T04:00:36.661+0000] {logging_mixin.py:190} INFO - [2024-10-11T04:00:36.660+0000] {dagbag.py:588} INFO - Filling up the DagBag from /home/airflow/.local/lib/python3.12/site-packages/airflow/example_dags/example_task_group.py
[2024-10-11T04:00:36.682+0000] {processor.py:925} INFO - DAG(s) 'example_task_group' retrieved from /home/airflow/.local/lib/python3.12/site-packages/airflow/example_dags/example_task_group.py
[2024-10-11T04:00:36.735+0000] {logging_mixin.py:190} INFO - [2024-10-11T04:00:36.735+0000] {dag.py:3239} INFO - Sync 1 DAGs
[2024-10-11T04:00:36.770+0000] {logging_mixin.py:190} INFO - [2024-10-11T04:00:36.768+0000] {dag.py:4180} INFO - Setting next_dagrun for example_task_group to None, run_after=None
[2024-10-11T04:00:36.813+0000] {processor.py:208} INFO - Processing /home/airflow/.local/lib/python3.12/site-packages/airflow/example_dags/example_task_group.py took 0.171 seconds
[2024-10-11T04:01:07.001+0000] {processor.py:186} INFO - Started process (PID=3762) to work on /home/airflow/.local/lib/python3.12/site-packages/airflow/example_dags/example_task_group.py
[2024-10-11T04:01:07.006+0000] {processor.py:914} INFO - Processing file /home/airflow/.local/lib/python3.12/site-packages/airflow/example_dags/example_task_group.py for tasks to queue
[2024-10-11T04:01:07.017+0000] {logging_mixin.py:190} INFO - [2024-10-11T04:01:07.015+0000] {dagbag.py:588} INFO - Filling up the DagBag from /home/airflow/.local/lib/python3.12/site-packages/airflow/example_dags/example_task_group.py
[2024-10-11T04:01:07.064+0000] {processor.py:925} INFO - DAG(s) 'example_task_group' retrieved from /home/airflow/.local/lib/python3.12/site-packages/airflow/example_dags/example_task_group.py
[2024-10-11T04:01:07.163+0000] {logging_mixin.py:190} INFO - [2024-10-11T04:01:07.162+0000] {dag.py:3239} INFO - Sync 1 DAGs
[2024-10-11T04:01:07.203+0000] {logging_mixin.py:190} INFO - [2024-10-11T04:01:07.203+0000] {dag.py:4180} INFO - Setting next_dagrun for example_task_group to None, run_after=None
[2024-10-11T04:01:07.258+0000] {processor.py:208} INFO - Processing /home/airflow/.local/lib/python3.12/site-packages/airflow/example_dags/example_task_group.py took 0.283 seconds
