[2024-10-11T03:32:55.982+0000] {processor.py:186} INFO - Started process (PID=90) to work on /home/airflow/.local/lib/python3.12/site-packages/airflow/example_dags/example_latest_only.py
[2024-10-11T03:32:55.983+0000] {processor.py:914} INFO - Processing file /home/airflow/.local/lib/python3.12/site-packages/airflow/example_dags/example_latest_only.py for tasks to queue
[2024-10-11T03:32:55.986+0000] {logging_mixin.py:190} INFO - [2024-10-11T03:32:55.985+0000] {dagbag.py:588} INFO - Filling up the DagBag from /home/airflow/.local/lib/python3.12/site-packages/airflow/example_dags/example_latest_only.py
[2024-10-11T03:32:55.997+0000] {processor.py:925} INFO - DAG(s) 'latest_only' retrieved from /home/airflow/.local/lib/python3.12/site-packages/airflow/example_dags/example_latest_only.py
[2024-10-11T03:32:56.031+0000] {logging_mixin.py:190} INFO - [2024-10-11T03:32:56.031+0000] {dag.py:3239} INFO - Sync 1 DAGs
[2024-10-11T03:32:56.061+0000] {logging_mixin.py:190} INFO - [2024-10-11T03:32:56.060+0000] {dag.py:4180} INFO - Setting next_dagrun for latest_only to 2024-10-10 20:00:00+00:00, run_after=2024-10-11 00:00:00+00:00
[2024-10-11T03:32:56.080+0000] {processor.py:208} INFO - Processing /home/airflow/.local/lib/python3.12/site-packages/airflow/example_dags/example_latest_only.py took 0.106 seconds
[2024-10-11T03:33:26.141+0000] {processor.py:186} INFO - Started process (PID=155) to work on /home/airflow/.local/lib/python3.12/site-packages/airflow/example_dags/example_latest_only.py
[2024-10-11T03:33:26.143+0000] {processor.py:914} INFO - Processing file /home/airflow/.local/lib/python3.12/site-packages/airflow/example_dags/example_latest_only.py for tasks to queue
[2024-10-11T03:33:26.146+0000] {logging_mixin.py:190} INFO - [2024-10-11T03:33:26.145+0000] {dagbag.py:588} INFO - Filling up the DagBag from /home/airflow/.local/lib/python3.12/site-packages/airflow/example_dags/example_latest_only.py
[2024-10-11T03:33:26.155+0000] {processor.py:925} INFO - DAG(s) 'latest_only' retrieved from /home/airflow/.local/lib/python3.12/site-packages/airflow/example_dags/example_latest_only.py
[2024-10-11T03:33:26.184+0000] {logging_mixin.py:190} INFO - [2024-10-11T03:33:26.183+0000] {dag.py:3239} INFO - Sync 1 DAGs
[2024-10-11T03:33:26.224+0000] {logging_mixin.py:190} INFO - [2024-10-11T03:33:26.224+0000] {dag.py:4180} INFO - Setting next_dagrun for latest_only to 2024-10-10 20:00:00+00:00, run_after=2024-10-11 00:00:00+00:00
[2024-10-11T03:33:26.249+0000] {processor.py:208} INFO - Processing /home/airflow/.local/lib/python3.12/site-packages/airflow/example_dags/example_latest_only.py took 0.118 seconds
[2024-10-11T03:33:57.405+0000] {processor.py:186} INFO - Started process (PID=221) to work on /home/airflow/.local/lib/python3.12/site-packages/airflow/example_dags/example_latest_only.py
[2024-10-11T03:33:57.406+0000] {processor.py:914} INFO - Processing file /home/airflow/.local/lib/python3.12/site-packages/airflow/example_dags/example_latest_only.py for tasks to queue
[2024-10-11T03:33:57.408+0000] {logging_mixin.py:190} INFO - [2024-10-11T03:33:57.408+0000] {dagbag.py:588} INFO - Filling up the DagBag from /home/airflow/.local/lib/python3.12/site-packages/airflow/example_dags/example_latest_only.py
[2024-10-11T03:33:57.418+0000] {processor.py:925} INFO - DAG(s) 'latest_only' retrieved from /home/airflow/.local/lib/python3.12/site-packages/airflow/example_dags/example_latest_only.py
[2024-10-11T03:33:57.443+0000] {logging_mixin.py:190} INFO - [2024-10-11T03:33:57.442+0000] {dag.py:3239} INFO - Sync 1 DAGs
[2024-10-11T03:33:57.472+0000] {logging_mixin.py:190} INFO - [2024-10-11T03:33:57.471+0000] {dag.py:4180} INFO - Setting next_dagrun for latest_only to 2024-10-10 20:00:00+00:00, run_after=2024-10-11 00:00:00+00:00
[2024-10-11T03:33:57.491+0000] {processor.py:208} INFO - Processing /home/airflow/.local/lib/python3.12/site-packages/airflow/example_dags/example_latest_only.py took 0.094 seconds
[2024-10-11T03:34:27.902+0000] {processor.py:186} INFO - Started process (PID=286) to work on /home/airflow/.local/lib/python3.12/site-packages/airflow/example_dags/example_latest_only.py
[2024-10-11T03:34:27.904+0000] {processor.py:914} INFO - Processing file /home/airflow/.local/lib/python3.12/site-packages/airflow/example_dags/example_latest_only.py for tasks to queue
[2024-10-11T03:34:27.907+0000] {logging_mixin.py:190} INFO - [2024-10-11T03:34:27.906+0000] {dagbag.py:588} INFO - Filling up the DagBag from /home/airflow/.local/lib/python3.12/site-packages/airflow/example_dags/example_latest_only.py
[2024-10-11T03:34:27.916+0000] {processor.py:925} INFO - DAG(s) 'latest_only' retrieved from /home/airflow/.local/lib/python3.12/site-packages/airflow/example_dags/example_latest_only.py
[2024-10-11T03:34:27.939+0000] {logging_mixin.py:190} INFO - [2024-10-11T03:34:27.939+0000] {dag.py:3239} INFO - Sync 1 DAGs
[2024-10-11T03:34:27.968+0000] {logging_mixin.py:190} INFO - [2024-10-11T03:34:27.968+0000] {dag.py:4180} INFO - Setting next_dagrun for latest_only to 2024-10-10 20:00:00+00:00, run_after=2024-10-11 00:00:00+00:00
[2024-10-11T03:34:27.987+0000] {processor.py:208} INFO - Processing /home/airflow/.local/lib/python3.12/site-packages/airflow/example_dags/example_latest_only.py took 0.092 seconds
[2024-10-11T03:34:58.498+0000] {processor.py:186} INFO - Started process (PID=353) to work on /home/airflow/.local/lib/python3.12/site-packages/airflow/example_dags/example_latest_only.py
[2024-10-11T03:34:58.501+0000] {processor.py:914} INFO - Processing file /home/airflow/.local/lib/python3.12/site-packages/airflow/example_dags/example_latest_only.py for tasks to queue
[2024-10-11T03:34:58.504+0000] {logging_mixin.py:190} INFO - [2024-10-11T03:34:58.503+0000] {dagbag.py:588} INFO - Filling up the DagBag from /home/airflow/.local/lib/python3.12/site-packages/airflow/example_dags/example_latest_only.py
[2024-10-11T03:34:58.513+0000] {processor.py:925} INFO - DAG(s) 'latest_only' retrieved from /home/airflow/.local/lib/python3.12/site-packages/airflow/example_dags/example_latest_only.py
[2024-10-11T03:34:58.538+0000] {logging_mixin.py:190} INFO - [2024-10-11T03:34:58.538+0000] {dag.py:3239} INFO - Sync 1 DAGs
[2024-10-11T03:34:58.567+0000] {logging_mixin.py:190} INFO - [2024-10-11T03:34:58.567+0000] {dag.py:4180} INFO - Setting next_dagrun for latest_only to 2024-10-10 20:00:00+00:00, run_after=2024-10-11 00:00:00+00:00
[2024-10-11T03:34:58.587+0000] {processor.py:208} INFO - Processing /home/airflow/.local/lib/python3.12/site-packages/airflow/example_dags/example_latest_only.py took 0.097 seconds
[2024-10-11T03:35:29.161+0000] {processor.py:186} INFO - Started process (PID=418) to work on /home/airflow/.local/lib/python3.12/site-packages/airflow/example_dags/example_latest_only.py
[2024-10-11T03:35:29.162+0000] {processor.py:914} INFO - Processing file /home/airflow/.local/lib/python3.12/site-packages/airflow/example_dags/example_latest_only.py for tasks to queue
[2024-10-11T03:35:29.164+0000] {logging_mixin.py:190} INFO - [2024-10-11T03:35:29.164+0000] {dagbag.py:588} INFO - Filling up the DagBag from /home/airflow/.local/lib/python3.12/site-packages/airflow/example_dags/example_latest_only.py
[2024-10-11T03:35:29.173+0000] {processor.py:925} INFO - DAG(s) 'latest_only' retrieved from /home/airflow/.local/lib/python3.12/site-packages/airflow/example_dags/example_latest_only.py
[2024-10-11T03:35:29.203+0000] {logging_mixin.py:190} INFO - [2024-10-11T03:35:29.203+0000] {dag.py:3239} INFO - Sync 1 DAGs
[2024-10-11T03:35:29.244+0000] {logging_mixin.py:190} INFO - [2024-10-11T03:35:29.244+0000] {dag.py:4180} INFO - Setting next_dagrun for latest_only to 2024-10-10 20:00:00+00:00, run_after=2024-10-11 00:00:00+00:00
[2024-10-11T03:35:29.274+0000] {processor.py:208} INFO - Processing /home/airflow/.local/lib/python3.12/site-packages/airflow/example_dags/example_latest_only.py took 0.122 seconds
[2024-10-11T03:36:00.238+0000] {processor.py:186} INFO - Started process (PID=485) to work on /home/airflow/.local/lib/python3.12/site-packages/airflow/example_dags/example_latest_only.py
[2024-10-11T03:36:00.239+0000] {processor.py:914} INFO - Processing file /home/airflow/.local/lib/python3.12/site-packages/airflow/example_dags/example_latest_only.py for tasks to queue
[2024-10-11T03:36:00.241+0000] {logging_mixin.py:190} INFO - [2024-10-11T03:36:00.241+0000] {dagbag.py:588} INFO - Filling up the DagBag from /home/airflow/.local/lib/python3.12/site-packages/airflow/example_dags/example_latest_only.py
[2024-10-11T03:36:00.250+0000] {processor.py:925} INFO - DAG(s) 'latest_only' retrieved from /home/airflow/.local/lib/python3.12/site-packages/airflow/example_dags/example_latest_only.py
[2024-10-11T03:36:00.274+0000] {logging_mixin.py:190} INFO - [2024-10-11T03:36:00.273+0000] {dag.py:3239} INFO - Sync 1 DAGs
[2024-10-11T03:36:00.301+0000] {logging_mixin.py:190} INFO - [2024-10-11T03:36:00.301+0000] {dag.py:4180} INFO - Setting next_dagrun for latest_only to 2024-10-10 20:00:00+00:00, run_after=2024-10-11 00:00:00+00:00
[2024-10-11T03:36:00.323+0000] {processor.py:208} INFO - Processing /home/airflow/.local/lib/python3.12/site-packages/airflow/example_dags/example_latest_only.py took 0.092 seconds
[2024-10-11T03:36:30.868+0000] {processor.py:186} INFO - Started process (PID=551) to work on /home/airflow/.local/lib/python3.12/site-packages/airflow/example_dags/example_latest_only.py
[2024-10-11T03:36:30.869+0000] {processor.py:914} INFO - Processing file /home/airflow/.local/lib/python3.12/site-packages/airflow/example_dags/example_latest_only.py for tasks to queue
[2024-10-11T03:36:30.874+0000] {logging_mixin.py:190} INFO - [2024-10-11T03:36:30.873+0000] {dagbag.py:588} INFO - Filling up the DagBag from /home/airflow/.local/lib/python3.12/site-packages/airflow/example_dags/example_latest_only.py
[2024-10-11T03:36:30.884+0000] {processor.py:925} INFO - DAG(s) 'latest_only' retrieved from /home/airflow/.local/lib/python3.12/site-packages/airflow/example_dags/example_latest_only.py
[2024-10-11T03:36:30.914+0000] {logging_mixin.py:190} INFO - [2024-10-11T03:36:30.914+0000] {dag.py:3239} INFO - Sync 1 DAGs
[2024-10-11T03:36:30.951+0000] {logging_mixin.py:190} INFO - [2024-10-11T03:36:30.950+0000] {dag.py:4180} INFO - Setting next_dagrun for latest_only to 2024-10-10 20:00:00+00:00, run_after=2024-10-11 00:00:00+00:00
[2024-10-11T03:36:30.974+0000] {processor.py:208} INFO - Processing /home/airflow/.local/lib/python3.12/site-packages/airflow/example_dags/example_latest_only.py took 0.120 seconds
[2024-10-11T03:37:01.321+0000] {processor.py:186} INFO - Started process (PID=617) to work on /home/airflow/.local/lib/python3.12/site-packages/airflow/example_dags/example_latest_only.py
[2024-10-11T03:37:01.322+0000] {processor.py:914} INFO - Processing file /home/airflow/.local/lib/python3.12/site-packages/airflow/example_dags/example_latest_only.py for tasks to queue
[2024-10-11T03:37:01.327+0000] {logging_mixin.py:190} INFO - [2024-10-11T03:37:01.326+0000] {dagbag.py:588} INFO - Filling up the DagBag from /home/airflow/.local/lib/python3.12/site-packages/airflow/example_dags/example_latest_only.py
[2024-10-11T03:37:01.340+0000] {processor.py:925} INFO - DAG(s) 'latest_only' retrieved from /home/airflow/.local/lib/python3.12/site-packages/airflow/example_dags/example_latest_only.py
[2024-10-11T03:37:01.380+0000] {logging_mixin.py:190} INFO - [2024-10-11T03:37:01.380+0000] {dag.py:3239} INFO - Sync 1 DAGs
[2024-10-11T03:37:01.416+0000] {logging_mixin.py:190} INFO - [2024-10-11T03:37:01.416+0000] {dag.py:4180} INFO - Setting next_dagrun for latest_only to 2024-10-10 20:00:00+00:00, run_after=2024-10-11 00:00:00+00:00
[2024-10-11T03:37:01.440+0000] {processor.py:208} INFO - Processing /home/airflow/.local/lib/python3.12/site-packages/airflow/example_dags/example_latest_only.py took 0.131 seconds
[2024-10-11T03:37:31.537+0000] {processor.py:186} INFO - Started process (PID=682) to work on /home/airflow/.local/lib/python3.12/site-packages/airflow/example_dags/example_latest_only.py
[2024-10-11T03:37:31.538+0000] {processor.py:914} INFO - Processing file /home/airflow/.local/lib/python3.12/site-packages/airflow/example_dags/example_latest_only.py for tasks to queue
[2024-10-11T03:37:31.542+0000] {logging_mixin.py:190} INFO - [2024-10-11T03:37:31.541+0000] {dagbag.py:588} INFO - Filling up the DagBag from /home/airflow/.local/lib/python3.12/site-packages/airflow/example_dags/example_latest_only.py
[2024-10-11T03:37:31.550+0000] {processor.py:925} INFO - DAG(s) 'latest_only' retrieved from /home/airflow/.local/lib/python3.12/site-packages/airflow/example_dags/example_latest_only.py
[2024-10-11T03:37:31.576+0000] {logging_mixin.py:190} INFO - [2024-10-11T03:37:31.575+0000] {dag.py:3239} INFO - Sync 1 DAGs
[2024-10-11T03:37:31.603+0000] {logging_mixin.py:190} INFO - [2024-10-11T03:37:31.603+0000] {dag.py:4180} INFO - Setting next_dagrun for latest_only to 2024-10-10 20:00:00+00:00, run_after=2024-10-11 00:00:00+00:00
[2024-10-11T03:37:31.622+0000] {processor.py:208} INFO - Processing /home/airflow/.local/lib/python3.12/site-packages/airflow/example_dags/example_latest_only.py took 0.092 seconds
[2024-10-11T03:38:02.036+0000] {processor.py:186} INFO - Started process (PID=748) to work on /home/airflow/.local/lib/python3.12/site-packages/airflow/example_dags/example_latest_only.py
[2024-10-11T03:38:02.037+0000] {processor.py:914} INFO - Processing file /home/airflow/.local/lib/python3.12/site-packages/airflow/example_dags/example_latest_only.py for tasks to queue
[2024-10-11T03:38:02.041+0000] {logging_mixin.py:190} INFO - [2024-10-11T03:38:02.040+0000] {dagbag.py:588} INFO - Filling up the DagBag from /home/airflow/.local/lib/python3.12/site-packages/airflow/example_dags/example_latest_only.py
[2024-10-11T03:38:02.049+0000] {processor.py:925} INFO - DAG(s) 'latest_only' retrieved from /home/airflow/.local/lib/python3.12/site-packages/airflow/example_dags/example_latest_only.py
[2024-10-11T03:38:02.073+0000] {logging_mixin.py:190} INFO - [2024-10-11T03:38:02.073+0000] {dag.py:3239} INFO - Sync 1 DAGs
[2024-10-11T03:38:02.103+0000] {logging_mixin.py:190} INFO - [2024-10-11T03:38:02.103+0000] {dag.py:4180} INFO - Setting next_dagrun for latest_only to 2024-10-10 20:00:00+00:00, run_after=2024-10-11 00:00:00+00:00
[2024-10-11T03:38:02.123+0000] {processor.py:208} INFO - Processing /home/airflow/.local/lib/python3.12/site-packages/airflow/example_dags/example_latest_only.py took 0.094 seconds
[2024-10-11T03:38:32.965+0000] {processor.py:186} INFO - Started process (PID=815) to work on /home/airflow/.local/lib/python3.12/site-packages/airflow/example_dags/example_latest_only.py
[2024-10-11T03:38:32.966+0000] {processor.py:914} INFO - Processing file /home/airflow/.local/lib/python3.12/site-packages/airflow/example_dags/example_latest_only.py for tasks to queue
[2024-10-11T03:38:32.969+0000] {logging_mixin.py:190} INFO - [2024-10-11T03:38:32.968+0000] {dagbag.py:588} INFO - Filling up the DagBag from /home/airflow/.local/lib/python3.12/site-packages/airflow/example_dags/example_latest_only.py
[2024-10-11T03:38:32.981+0000] {processor.py:925} INFO - DAG(s) 'latest_only' retrieved from /home/airflow/.local/lib/python3.12/site-packages/airflow/example_dags/example_latest_only.py
[2024-10-11T03:38:33.010+0000] {logging_mixin.py:190} INFO - [2024-10-11T03:38:33.010+0000] {dag.py:3239} INFO - Sync 1 DAGs
[2024-10-11T03:38:33.044+0000] {logging_mixin.py:190} INFO - [2024-10-11T03:38:33.044+0000] {dag.py:4180} INFO - Setting next_dagrun for latest_only to 2024-10-10 20:00:00+00:00, run_after=2024-10-11 00:00:00+00:00
[2024-10-11T03:38:33.069+0000] {processor.py:208} INFO - Processing /home/airflow/.local/lib/python3.12/site-packages/airflow/example_dags/example_latest_only.py took 0.112 seconds
[2024-10-11T03:39:03.932+0000] {processor.py:186} INFO - Started process (PID=881) to work on /home/airflow/.local/lib/python3.12/site-packages/airflow/example_dags/example_latest_only.py
[2024-10-11T03:39:03.933+0000] {processor.py:914} INFO - Processing file /home/airflow/.local/lib/python3.12/site-packages/airflow/example_dags/example_latest_only.py for tasks to queue
[2024-10-11T03:39:03.936+0000] {logging_mixin.py:190} INFO - [2024-10-11T03:39:03.936+0000] {dagbag.py:588} INFO - Filling up the DagBag from /home/airflow/.local/lib/python3.12/site-packages/airflow/example_dags/example_latest_only.py
[2024-10-11T03:39:03.946+0000] {processor.py:925} INFO - DAG(s) 'latest_only' retrieved from /home/airflow/.local/lib/python3.12/site-packages/airflow/example_dags/example_latest_only.py
[2024-10-11T03:39:03.991+0000] {logging_mixin.py:190} INFO - [2024-10-11T03:39:03.990+0000] {dag.py:3239} INFO - Sync 1 DAGs
[2024-10-11T03:39:04.032+0000] {logging_mixin.py:190} INFO - [2024-10-11T03:39:04.031+0000] {dag.py:4180} INFO - Setting next_dagrun for latest_only to 2024-10-10 20:00:00+00:00, run_after=2024-10-11 00:00:00+00:00
[2024-10-11T03:39:04.062+0000] {processor.py:208} INFO - Processing /home/airflow/.local/lib/python3.12/site-packages/airflow/example_dags/example_latest_only.py took 0.139 seconds
[2024-10-11T03:39:35.117+0000] {processor.py:186} INFO - Started process (PID=947) to work on /home/airflow/.local/lib/python3.12/site-packages/airflow/example_dags/example_latest_only.py
[2024-10-11T03:39:35.120+0000] {processor.py:914} INFO - Processing file /home/airflow/.local/lib/python3.12/site-packages/airflow/example_dags/example_latest_only.py for tasks to queue
[2024-10-11T03:39:35.126+0000] {logging_mixin.py:190} INFO - [2024-10-11T03:39:35.126+0000] {dagbag.py:588} INFO - Filling up the DagBag from /home/airflow/.local/lib/python3.12/site-packages/airflow/example_dags/example_latest_only.py
[2024-10-11T03:39:35.139+0000] {processor.py:925} INFO - DAG(s) 'latest_only' retrieved from /home/airflow/.local/lib/python3.12/site-packages/airflow/example_dags/example_latest_only.py
[2024-10-11T03:39:35.174+0000] {logging_mixin.py:190} INFO - [2024-10-11T03:39:35.174+0000] {dag.py:3239} INFO - Sync 1 DAGs
[2024-10-11T03:39:35.220+0000] {logging_mixin.py:190} INFO - [2024-10-11T03:39:35.219+0000] {dag.py:4180} INFO - Setting next_dagrun for latest_only to 2024-10-10 20:00:00+00:00, run_after=2024-10-11 00:00:00+00:00
[2024-10-11T03:39:35.245+0000] {processor.py:208} INFO - Processing /home/airflow/.local/lib/python3.12/site-packages/airflow/example_dags/example_latest_only.py took 0.146 seconds
[2024-10-11T03:40:06.230+0000] {processor.py:186} INFO - Started process (PID=1013) to work on /home/airflow/.local/lib/python3.12/site-packages/airflow/example_dags/example_latest_only.py
[2024-10-11T03:40:06.231+0000] {processor.py:914} INFO - Processing file /home/airflow/.local/lib/python3.12/site-packages/airflow/example_dags/example_latest_only.py for tasks to queue
[2024-10-11T03:40:06.235+0000] {logging_mixin.py:190} INFO - [2024-10-11T03:40:06.235+0000] {dagbag.py:588} INFO - Filling up the DagBag from /home/airflow/.local/lib/python3.12/site-packages/airflow/example_dags/example_latest_only.py
[2024-10-11T03:40:06.245+0000] {processor.py:925} INFO - DAG(s) 'latest_only' retrieved from /home/airflow/.local/lib/python3.12/site-packages/airflow/example_dags/example_latest_only.py
[2024-10-11T03:40:06.278+0000] {logging_mixin.py:190} INFO - [2024-10-11T03:40:06.277+0000] {dag.py:3239} INFO - Sync 1 DAGs
[2024-10-11T03:40:06.323+0000] {logging_mixin.py:190} INFO - [2024-10-11T03:40:06.321+0000] {dag.py:4180} INFO - Setting next_dagrun for latest_only to 2024-10-10 20:00:00+00:00, run_after=2024-10-11 00:00:00+00:00
[2024-10-11T03:40:06.353+0000] {processor.py:208} INFO - Processing /home/airflow/.local/lib/python3.12/site-packages/airflow/example_dags/example_latest_only.py took 0.131 seconds
[2024-10-11T03:40:36.738+0000] {processor.py:186} INFO - Started process (PID=1078) to work on /home/airflow/.local/lib/python3.12/site-packages/airflow/example_dags/example_latest_only.py
[2024-10-11T03:40:36.739+0000] {processor.py:914} INFO - Processing file /home/airflow/.local/lib/python3.12/site-packages/airflow/example_dags/example_latest_only.py for tasks to queue
[2024-10-11T03:40:36.742+0000] {logging_mixin.py:190} INFO - [2024-10-11T03:40:36.741+0000] {dagbag.py:588} INFO - Filling up the DagBag from /home/airflow/.local/lib/python3.12/site-packages/airflow/example_dags/example_latest_only.py
[2024-10-11T03:40:36.750+0000] {processor.py:925} INFO - DAG(s) 'latest_only' retrieved from /home/airflow/.local/lib/python3.12/site-packages/airflow/example_dags/example_latest_only.py
[2024-10-11T03:40:36.774+0000] {logging_mixin.py:190} INFO - [2024-10-11T03:40:36.774+0000] {dag.py:3239} INFO - Sync 1 DAGs
[2024-10-11T03:40:36.803+0000] {logging_mixin.py:190} INFO - [2024-10-11T03:40:36.803+0000] {dag.py:4180} INFO - Setting next_dagrun for latest_only to 2024-10-10 20:00:00+00:00, run_after=2024-10-11 00:00:00+00:00
[2024-10-11T03:40:36.822+0000] {processor.py:208} INFO - Processing /home/airflow/.local/lib/python3.12/site-packages/airflow/example_dags/example_latest_only.py took 0.092 seconds
[2024-10-11T03:41:07.675+0000] {processor.py:186} INFO - Started process (PID=1144) to work on /home/airflow/.local/lib/python3.12/site-packages/airflow/example_dags/example_latest_only.py
[2024-10-11T03:41:07.676+0000] {processor.py:914} INFO - Processing file /home/airflow/.local/lib/python3.12/site-packages/airflow/example_dags/example_latest_only.py for tasks to queue
[2024-10-11T03:41:07.679+0000] {logging_mixin.py:190} INFO - [2024-10-11T03:41:07.678+0000] {dagbag.py:588} INFO - Filling up the DagBag from /home/airflow/.local/lib/python3.12/site-packages/airflow/example_dags/example_latest_only.py
[2024-10-11T03:41:07.687+0000] {processor.py:925} INFO - DAG(s) 'latest_only' retrieved from /home/airflow/.local/lib/python3.12/site-packages/airflow/example_dags/example_latest_only.py
[2024-10-11T03:41:07.713+0000] {logging_mixin.py:190} INFO - [2024-10-11T03:41:07.712+0000] {dag.py:3239} INFO - Sync 1 DAGs
[2024-10-11T03:41:07.741+0000] {logging_mixin.py:190} INFO - [2024-10-11T03:41:07.741+0000] {dag.py:4180} INFO - Setting next_dagrun for latest_only to 2024-10-10 20:00:00+00:00, run_after=2024-10-11 00:00:00+00:00
[2024-10-11T03:41:07.761+0000] {processor.py:208} INFO - Processing /home/airflow/.local/lib/python3.12/site-packages/airflow/example_dags/example_latest_only.py took 0.094 seconds
[2024-10-11T03:41:38.874+0000] {processor.py:186} INFO - Started process (PID=1210) to work on /home/airflow/.local/lib/python3.12/site-packages/airflow/example_dags/example_latest_only.py
[2024-10-11T03:41:38.876+0000] {processor.py:914} INFO - Processing file /home/airflow/.local/lib/python3.12/site-packages/airflow/example_dags/example_latest_only.py for tasks to queue
[2024-10-11T03:41:38.882+0000] {logging_mixin.py:190} INFO - [2024-10-11T03:41:38.881+0000] {dagbag.py:588} INFO - Filling up the DagBag from /home/airflow/.local/lib/python3.12/site-packages/airflow/example_dags/example_latest_only.py
[2024-10-11T03:41:38.892+0000] {processor.py:925} INFO - DAG(s) 'latest_only' retrieved from /home/airflow/.local/lib/python3.12/site-packages/airflow/example_dags/example_latest_only.py
[2024-10-11T03:41:38.923+0000] {logging_mixin.py:190} INFO - [2024-10-11T03:41:38.923+0000] {dag.py:3239} INFO - Sync 1 DAGs
[2024-10-11T03:41:38.953+0000] {logging_mixin.py:190} INFO - [2024-10-11T03:41:38.953+0000] {dag.py:4180} INFO - Setting next_dagrun for latest_only to 2024-10-10 20:00:00+00:00, run_after=2024-10-11 00:00:00+00:00
[2024-10-11T03:41:38.977+0000] {processor.py:208} INFO - Processing /home/airflow/.local/lib/python3.12/site-packages/airflow/example_dags/example_latest_only.py took 0.111 seconds
[2024-10-11T03:42:09.811+0000] {processor.py:186} INFO - Started process (PID=1276) to work on /home/airflow/.local/lib/python3.12/site-packages/airflow/example_dags/example_latest_only.py
[2024-10-11T03:42:09.813+0000] {processor.py:914} INFO - Processing file /home/airflow/.local/lib/python3.12/site-packages/airflow/example_dags/example_latest_only.py for tasks to queue
[2024-10-11T03:42:09.816+0000] {logging_mixin.py:190} INFO - [2024-10-11T03:42:09.815+0000] {dagbag.py:588} INFO - Filling up the DagBag from /home/airflow/.local/lib/python3.12/site-packages/airflow/example_dags/example_latest_only.py
[2024-10-11T03:42:09.826+0000] {processor.py:925} INFO - DAG(s) 'latest_only' retrieved from /home/airflow/.local/lib/python3.12/site-packages/airflow/example_dags/example_latest_only.py
[2024-10-11T03:42:09.850+0000] {logging_mixin.py:190} INFO - [2024-10-11T03:42:09.850+0000] {dag.py:3239} INFO - Sync 1 DAGs
[2024-10-11T03:42:09.879+0000] {logging_mixin.py:190} INFO - [2024-10-11T03:42:09.878+0000] {dag.py:4180} INFO - Setting next_dagrun for latest_only to 2024-10-10 20:00:00+00:00, run_after=2024-10-11 00:00:00+00:00
[2024-10-11T03:42:09.899+0000] {processor.py:208} INFO - Processing /home/airflow/.local/lib/python3.12/site-packages/airflow/example_dags/example_latest_only.py took 0.096 seconds
[2024-10-11T03:42:40.056+0000] {processor.py:186} INFO - Started process (PID=1342) to work on /home/airflow/.local/lib/python3.12/site-packages/airflow/example_dags/example_latest_only.py
[2024-10-11T03:42:40.058+0000] {processor.py:914} INFO - Processing file /home/airflow/.local/lib/python3.12/site-packages/airflow/example_dags/example_latest_only.py for tasks to queue
[2024-10-11T03:42:40.061+0000] {logging_mixin.py:190} INFO - [2024-10-11T03:42:40.061+0000] {dagbag.py:588} INFO - Filling up the DagBag from /home/airflow/.local/lib/python3.12/site-packages/airflow/example_dags/example_latest_only.py
[2024-10-11T03:42:40.074+0000] {processor.py:925} INFO - DAG(s) 'latest_only' retrieved from /home/airflow/.local/lib/python3.12/site-packages/airflow/example_dags/example_latest_only.py
[2024-10-11T03:42:40.104+0000] {logging_mixin.py:190} INFO - [2024-10-11T03:42:40.104+0000] {dag.py:3239} INFO - Sync 1 DAGs
[2024-10-11T03:42:40.142+0000] {logging_mixin.py:190} INFO - [2024-10-11T03:42:40.142+0000] {dag.py:4180} INFO - Setting next_dagrun for latest_only to 2024-10-10 20:00:00+00:00, run_after=2024-10-11 00:00:00+00:00
[2024-10-11T03:42:40.168+0000] {processor.py:208} INFO - Processing /home/airflow/.local/lib/python3.12/site-packages/airflow/example_dags/example_latest_only.py took 0.120 seconds
[2024-10-11T03:43:10.236+0000] {processor.py:186} INFO - Started process (PID=1408) to work on /home/airflow/.local/lib/python3.12/site-packages/airflow/example_dags/example_latest_only.py
[2024-10-11T03:43:10.237+0000] {processor.py:914} INFO - Processing file /home/airflow/.local/lib/python3.12/site-packages/airflow/example_dags/example_latest_only.py for tasks to queue
[2024-10-11T03:43:10.239+0000] {logging_mixin.py:190} INFO - [2024-10-11T03:43:10.239+0000] {dagbag.py:588} INFO - Filling up the DagBag from /home/airflow/.local/lib/python3.12/site-packages/airflow/example_dags/example_latest_only.py
[2024-10-11T03:43:10.247+0000] {processor.py:925} INFO - DAG(s) 'latest_only' retrieved from /home/airflow/.local/lib/python3.12/site-packages/airflow/example_dags/example_latest_only.py
[2024-10-11T03:43:10.271+0000] {logging_mixin.py:190} INFO - [2024-10-11T03:43:10.270+0000] {dag.py:3239} INFO - Sync 1 DAGs
[2024-10-11T03:43:10.300+0000] {logging_mixin.py:190} INFO - [2024-10-11T03:43:10.300+0000] {dag.py:4180} INFO - Setting next_dagrun for latest_only to 2024-10-10 20:00:00+00:00, run_after=2024-10-11 00:00:00+00:00
[2024-10-11T03:43:10.321+0000] {processor.py:208} INFO - Processing /home/airflow/.local/lib/python3.12/site-packages/airflow/example_dags/example_latest_only.py took 0.092 seconds
[2024-10-11T03:43:40.762+0000] {processor.py:186} INFO - Started process (PID=1476) to work on /home/airflow/.local/lib/python3.12/site-packages/airflow/example_dags/example_latest_only.py
[2024-10-11T03:43:40.764+0000] {processor.py:914} INFO - Processing file /home/airflow/.local/lib/python3.12/site-packages/airflow/example_dags/example_latest_only.py for tasks to queue
[2024-10-11T03:43:40.767+0000] {logging_mixin.py:190} INFO - [2024-10-11T03:43:40.767+0000] {dagbag.py:588} INFO - Filling up the DagBag from /home/airflow/.local/lib/python3.12/site-packages/airflow/example_dags/example_latest_only.py
[2024-10-11T03:43:40.785+0000] {processor.py:925} INFO - DAG(s) 'latest_only' retrieved from /home/airflow/.local/lib/python3.12/site-packages/airflow/example_dags/example_latest_only.py
[2024-10-11T03:43:40.823+0000] {logging_mixin.py:190} INFO - [2024-10-11T03:43:40.823+0000] {dag.py:3239} INFO - Sync 1 DAGs
[2024-10-11T03:43:40.857+0000] {logging_mixin.py:190} INFO - [2024-10-11T03:43:40.857+0000] {dag.py:4180} INFO - Setting next_dagrun for latest_only to 2024-10-10 20:00:00+00:00, run_after=2024-10-11 00:00:00+00:00
[2024-10-11T03:43:40.880+0000] {processor.py:208} INFO - Processing /home/airflow/.local/lib/python3.12/site-packages/airflow/example_dags/example_latest_only.py took 0.127 seconds
[2024-10-11T03:44:11.513+0000] {processor.py:186} INFO - Started process (PID=1543) to work on /home/airflow/.local/lib/python3.12/site-packages/airflow/example_dags/example_latest_only.py
[2024-10-11T03:44:11.514+0000] {processor.py:914} INFO - Processing file /home/airflow/.local/lib/python3.12/site-packages/airflow/example_dags/example_latest_only.py for tasks to queue
[2024-10-11T03:44:11.517+0000] {logging_mixin.py:190} INFO - [2024-10-11T03:44:11.517+0000] {dagbag.py:588} INFO - Filling up the DagBag from /home/airflow/.local/lib/python3.12/site-packages/airflow/example_dags/example_latest_only.py
[2024-10-11T03:44:11.528+0000] {processor.py:925} INFO - DAG(s) 'latest_only' retrieved from /home/airflow/.local/lib/python3.12/site-packages/airflow/example_dags/example_latest_only.py
[2024-10-11T03:44:11.553+0000] {logging_mixin.py:190} INFO - [2024-10-11T03:44:11.553+0000] {dag.py:3239} INFO - Sync 1 DAGs
[2024-10-11T03:44:11.586+0000] {logging_mixin.py:190} INFO - [2024-10-11T03:44:11.585+0000] {dag.py:4180} INFO - Setting next_dagrun for latest_only to 2024-10-10 20:00:00+00:00, run_after=2024-10-11 00:00:00+00:00
[2024-10-11T03:44:11.607+0000] {processor.py:208} INFO - Processing /home/airflow/.local/lib/python3.12/site-packages/airflow/example_dags/example_latest_only.py took 0.104 seconds
[2024-10-11T03:44:42.096+0000] {processor.py:186} INFO - Started process (PID=1610) to work on /home/airflow/.local/lib/python3.12/site-packages/airflow/example_dags/example_latest_only.py
[2024-10-11T03:44:42.098+0000] {processor.py:914} INFO - Processing file /home/airflow/.local/lib/python3.12/site-packages/airflow/example_dags/example_latest_only.py for tasks to queue
[2024-10-11T03:44:42.101+0000] {logging_mixin.py:190} INFO - [2024-10-11T03:44:42.101+0000] {dagbag.py:588} INFO - Filling up the DagBag from /home/airflow/.local/lib/python3.12/site-packages/airflow/example_dags/example_latest_only.py
[2024-10-11T03:44:42.114+0000] {processor.py:925} INFO - DAG(s) 'latest_only' retrieved from /home/airflow/.local/lib/python3.12/site-packages/airflow/example_dags/example_latest_only.py
[2024-10-11T03:44:42.151+0000] {logging_mixin.py:190} INFO - [2024-10-11T03:44:42.150+0000] {dag.py:3239} INFO - Sync 1 DAGs
[2024-10-11T03:44:42.187+0000] {logging_mixin.py:190} INFO - [2024-10-11T03:44:42.187+0000] {dag.py:4180} INFO - Setting next_dagrun for latest_only to 2024-10-10 20:00:00+00:00, run_after=2024-10-11 00:00:00+00:00
[2024-10-11T03:44:42.209+0000] {processor.py:208} INFO - Processing /home/airflow/.local/lib/python3.12/site-packages/airflow/example_dags/example_latest_only.py took 0.123 seconds
[2024-10-11T03:45:12.878+0000] {processor.py:186} INFO - Started process (PID=1677) to work on /home/airflow/.local/lib/python3.12/site-packages/airflow/example_dags/example_latest_only.py
[2024-10-11T03:45:12.879+0000] {processor.py:914} INFO - Processing file /home/airflow/.local/lib/python3.12/site-packages/airflow/example_dags/example_latest_only.py for tasks to queue
[2024-10-11T03:45:12.881+0000] {logging_mixin.py:190} INFO - [2024-10-11T03:45:12.881+0000] {dagbag.py:588} INFO - Filling up the DagBag from /home/airflow/.local/lib/python3.12/site-packages/airflow/example_dags/example_latest_only.py
[2024-10-11T03:45:12.890+0000] {processor.py:925} INFO - DAG(s) 'latest_only' retrieved from /home/airflow/.local/lib/python3.12/site-packages/airflow/example_dags/example_latest_only.py
[2024-10-11T03:45:12.915+0000] {logging_mixin.py:190} INFO - [2024-10-11T03:45:12.914+0000] {dag.py:3239} INFO - Sync 1 DAGs
[2024-10-11T03:45:12.945+0000] {logging_mixin.py:190} INFO - [2024-10-11T03:45:12.945+0000] {dag.py:4180} INFO - Setting next_dagrun for latest_only to 2024-10-10 20:00:00+00:00, run_after=2024-10-11 00:00:00+00:00
[2024-10-11T03:45:12.968+0000] {processor.py:208} INFO - Processing /home/airflow/.local/lib/python3.12/site-packages/airflow/example_dags/example_latest_only.py took 0.097 seconds
[2024-10-11T03:45:43.386+0000] {processor.py:186} INFO - Started process (PID=1744) to work on /home/airflow/.local/lib/python3.12/site-packages/airflow/example_dags/example_latest_only.py
[2024-10-11T03:45:43.387+0000] {processor.py:914} INFO - Processing file /home/airflow/.local/lib/python3.12/site-packages/airflow/example_dags/example_latest_only.py for tasks to queue
[2024-10-11T03:45:43.390+0000] {logging_mixin.py:190} INFO - [2024-10-11T03:45:43.390+0000] {dagbag.py:588} INFO - Filling up the DagBag from /home/airflow/.local/lib/python3.12/site-packages/airflow/example_dags/example_latest_only.py
[2024-10-11T03:45:43.398+0000] {processor.py:925} INFO - DAG(s) 'latest_only' retrieved from /home/airflow/.local/lib/python3.12/site-packages/airflow/example_dags/example_latest_only.py
[2024-10-11T03:45:43.426+0000] {logging_mixin.py:190} INFO - [2024-10-11T03:45:43.426+0000] {dag.py:3239} INFO - Sync 1 DAGs
[2024-10-11T03:45:43.458+0000] {logging_mixin.py:190} INFO - [2024-10-11T03:45:43.457+0000] {dag.py:4180} INFO - Setting next_dagrun for latest_only to 2024-10-10 20:00:00+00:00, run_after=2024-10-11 00:00:00+00:00
[2024-10-11T03:45:43.482+0000] {processor.py:208} INFO - Processing /home/airflow/.local/lib/python3.12/site-packages/airflow/example_dags/example_latest_only.py took 0.103 seconds
[2024-10-11T03:46:14.142+0000] {processor.py:186} INFO - Started process (PID=1811) to work on /home/airflow/.local/lib/python3.12/site-packages/airflow/example_dags/example_latest_only.py
[2024-10-11T03:46:14.143+0000] {processor.py:914} INFO - Processing file /home/airflow/.local/lib/python3.12/site-packages/airflow/example_dags/example_latest_only.py for tasks to queue
[2024-10-11T03:46:14.146+0000] {logging_mixin.py:190} INFO - [2024-10-11T03:46:14.146+0000] {dagbag.py:588} INFO - Filling up the DagBag from /home/airflow/.local/lib/python3.12/site-packages/airflow/example_dags/example_latest_only.py
[2024-10-11T03:46:14.155+0000] {processor.py:925} INFO - DAG(s) 'latest_only' retrieved from /home/airflow/.local/lib/python3.12/site-packages/airflow/example_dags/example_latest_only.py
[2024-10-11T03:46:14.178+0000] {logging_mixin.py:190} INFO - [2024-10-11T03:46:14.177+0000] {dag.py:3239} INFO - Sync 1 DAGs
[2024-10-11T03:46:14.206+0000] {logging_mixin.py:190} INFO - [2024-10-11T03:46:14.206+0000] {dag.py:4180} INFO - Setting next_dagrun for latest_only to 2024-10-10 20:00:00+00:00, run_after=2024-10-11 00:00:00+00:00
[2024-10-11T03:46:14.226+0000] {processor.py:208} INFO - Processing /home/airflow/.local/lib/python3.12/site-packages/airflow/example_dags/example_latest_only.py took 0.094 seconds
[2024-10-11T03:46:44.700+0000] {processor.py:186} INFO - Started process (PID=1878) to work on /home/airflow/.local/lib/python3.12/site-packages/airflow/example_dags/example_latest_only.py
[2024-10-11T03:46:44.708+0000] {processor.py:914} INFO - Processing file /home/airflow/.local/lib/python3.12/site-packages/airflow/example_dags/example_latest_only.py for tasks to queue
[2024-10-11T03:46:44.720+0000] {logging_mixin.py:190} INFO - [2024-10-11T03:46:44.718+0000] {dagbag.py:588} INFO - Filling up the DagBag from /home/airflow/.local/lib/python3.12/site-packages/airflow/example_dags/example_latest_only.py
[2024-10-11T03:46:44.742+0000] {processor.py:925} INFO - DAG(s) 'latest_only' retrieved from /home/airflow/.local/lib/python3.12/site-packages/airflow/example_dags/example_latest_only.py
[2024-10-11T03:46:44.788+0000] {logging_mixin.py:190} INFO - [2024-10-11T03:46:44.788+0000] {dag.py:3239} INFO - Sync 1 DAGs
[2024-10-11T03:46:44.827+0000] {logging_mixin.py:190} INFO - [2024-10-11T03:46:44.826+0000] {dag.py:4180} INFO - Setting next_dagrun for latest_only to 2024-10-10 20:00:00+00:00, run_after=2024-10-11 00:00:00+00:00
[2024-10-11T03:46:44.849+0000] {processor.py:208} INFO - Processing /home/airflow/.local/lib/python3.12/site-packages/airflow/example_dags/example_latest_only.py took 0.173 seconds
[2024-10-11T03:47:15.409+0000] {processor.py:186} INFO - Started process (PID=1945) to work on /home/airflow/.local/lib/python3.12/site-packages/airflow/example_dags/example_latest_only.py
[2024-10-11T03:47:15.410+0000] {processor.py:914} INFO - Processing file /home/airflow/.local/lib/python3.12/site-packages/airflow/example_dags/example_latest_only.py for tasks to queue
[2024-10-11T03:47:15.413+0000] {logging_mixin.py:190} INFO - [2024-10-11T03:47:15.412+0000] {dagbag.py:588} INFO - Filling up the DagBag from /home/airflow/.local/lib/python3.12/site-packages/airflow/example_dags/example_latest_only.py
[2024-10-11T03:47:15.422+0000] {processor.py:925} INFO - DAG(s) 'latest_only' retrieved from /home/airflow/.local/lib/python3.12/site-packages/airflow/example_dags/example_latest_only.py
[2024-10-11T03:47:15.446+0000] {logging_mixin.py:190} INFO - [2024-10-11T03:47:15.445+0000] {dag.py:3239} INFO - Sync 1 DAGs
[2024-10-11T03:47:15.477+0000] {logging_mixin.py:190} INFO - [2024-10-11T03:47:15.476+0000] {dag.py:4180} INFO - Setting next_dagrun for latest_only to 2024-10-10 20:00:00+00:00, run_after=2024-10-11 00:00:00+00:00
[2024-10-11T03:47:15.499+0000] {processor.py:208} INFO - Processing /home/airflow/.local/lib/python3.12/site-packages/airflow/example_dags/example_latest_only.py took 0.097 seconds
[2024-10-11T03:47:45.643+0000] {processor.py:186} INFO - Started process (PID=2012) to work on /home/airflow/.local/lib/python3.12/site-packages/airflow/example_dags/example_latest_only.py
[2024-10-11T03:47:45.644+0000] {processor.py:914} INFO - Processing file /home/airflow/.local/lib/python3.12/site-packages/airflow/example_dags/example_latest_only.py for tasks to queue
[2024-10-11T03:47:45.646+0000] {logging_mixin.py:190} INFO - [2024-10-11T03:47:45.646+0000] {dagbag.py:588} INFO - Filling up the DagBag from /home/airflow/.local/lib/python3.12/site-packages/airflow/example_dags/example_latest_only.py
[2024-10-11T03:47:45.664+0000] {processor.py:925} INFO - DAG(s) 'latest_only' retrieved from /home/airflow/.local/lib/python3.12/site-packages/airflow/example_dags/example_latest_only.py
[2024-10-11T03:47:45.731+0000] {logging_mixin.py:190} INFO - [2024-10-11T03:47:45.730+0000] {dag.py:3239} INFO - Sync 1 DAGs
[2024-10-11T03:47:45.797+0000] {logging_mixin.py:190} INFO - [2024-10-11T03:47:45.797+0000] {dag.py:4180} INFO - Setting next_dagrun for latest_only to 2024-10-10 20:00:00+00:00, run_after=2024-10-11 00:00:00+00:00
[2024-10-11T03:47:45.824+0000] {processor.py:208} INFO - Processing /home/airflow/.local/lib/python3.12/site-packages/airflow/example_dags/example_latest_only.py took 0.189 seconds
[2024-10-11T03:48:16.813+0000] {processor.py:186} INFO - Started process (PID=2079) to work on /home/airflow/.local/lib/python3.12/site-packages/airflow/example_dags/example_latest_only.py
[2024-10-11T03:48:16.816+0000] {processor.py:914} INFO - Processing file /home/airflow/.local/lib/python3.12/site-packages/airflow/example_dags/example_latest_only.py for tasks to queue
[2024-10-11T03:48:16.821+0000] {logging_mixin.py:190} INFO - [2024-10-11T03:48:16.821+0000] {dagbag.py:588} INFO - Filling up the DagBag from /home/airflow/.local/lib/python3.12/site-packages/airflow/example_dags/example_latest_only.py
[2024-10-11T03:48:16.837+0000] {processor.py:925} INFO - DAG(s) 'latest_only' retrieved from /home/airflow/.local/lib/python3.12/site-packages/airflow/example_dags/example_latest_only.py
[2024-10-11T03:48:16.859+0000] {logging_mixin.py:190} INFO - [2024-10-11T03:48:16.859+0000] {dag.py:3239} INFO - Sync 1 DAGs
[2024-10-11T03:48:16.896+0000] {logging_mixin.py:190} INFO - [2024-10-11T03:48:16.896+0000] {dag.py:4180} INFO - Setting next_dagrun for latest_only to 2024-10-10 20:00:00+00:00, run_after=2024-10-11 00:00:00+00:00
[2024-10-11T03:48:16.941+0000] {processor.py:208} INFO - Processing /home/airflow/.local/lib/python3.12/site-packages/airflow/example_dags/example_latest_only.py took 0.146 seconds
[2024-10-11T03:48:47.564+0000] {processor.py:186} INFO - Started process (PID=2146) to work on /home/airflow/.local/lib/python3.12/site-packages/airflow/example_dags/example_latest_only.py
[2024-10-11T03:48:47.565+0000] {processor.py:914} INFO - Processing file /home/airflow/.local/lib/python3.12/site-packages/airflow/example_dags/example_latest_only.py for tasks to queue
[2024-10-11T03:48:47.569+0000] {logging_mixin.py:190} INFO - [2024-10-11T03:48:47.569+0000] {dagbag.py:588} INFO - Filling up the DagBag from /home/airflow/.local/lib/python3.12/site-packages/airflow/example_dags/example_latest_only.py
[2024-10-11T03:48:47.579+0000] {processor.py:925} INFO - DAG(s) 'latest_only' retrieved from /home/airflow/.local/lib/python3.12/site-packages/airflow/example_dags/example_latest_only.py
[2024-10-11T03:48:47.612+0000] {logging_mixin.py:190} INFO - [2024-10-11T03:48:47.611+0000] {dag.py:3239} INFO - Sync 1 DAGs
[2024-10-11T03:48:47.649+0000] {logging_mixin.py:190} INFO - [2024-10-11T03:48:47.649+0000] {dag.py:4180} INFO - Setting next_dagrun for latest_only to 2024-10-10 20:00:00+00:00, run_after=2024-10-11 00:00:00+00:00
[2024-10-11T03:48:47.670+0000] {processor.py:208} INFO - Processing /home/airflow/.local/lib/python3.12/site-packages/airflow/example_dags/example_latest_only.py took 0.113 seconds
[2024-10-11T03:49:17.833+0000] {processor.py:186} INFO - Started process (PID=2212) to work on /home/airflow/.local/lib/python3.12/site-packages/airflow/example_dags/example_latest_only.py
[2024-10-11T03:49:17.834+0000] {processor.py:914} INFO - Processing file /home/airflow/.local/lib/python3.12/site-packages/airflow/example_dags/example_latest_only.py for tasks to queue
[2024-10-11T03:49:17.838+0000] {logging_mixin.py:190} INFO - [2024-10-11T03:49:17.837+0000] {dagbag.py:588} INFO - Filling up the DagBag from /home/airflow/.local/lib/python3.12/site-packages/airflow/example_dags/example_latest_only.py
[2024-10-11T03:49:17.848+0000] {processor.py:925} INFO - DAG(s) 'latest_only' retrieved from /home/airflow/.local/lib/python3.12/site-packages/airflow/example_dags/example_latest_only.py
[2024-10-11T03:49:17.883+0000] {logging_mixin.py:190} INFO - [2024-10-11T03:49:17.883+0000] {dag.py:3239} INFO - Sync 1 DAGs
[2024-10-11T03:49:17.916+0000] {logging_mixin.py:190} INFO - [2024-10-11T03:49:17.915+0000] {dag.py:4180} INFO - Setting next_dagrun for latest_only to 2024-10-10 20:00:00+00:00, run_after=2024-10-11 00:00:00+00:00
[2024-10-11T03:49:17.938+0000] {processor.py:208} INFO - Processing /home/airflow/.local/lib/python3.12/site-packages/airflow/example_dags/example_latest_only.py took 0.120 seconds
[2024-10-11T03:49:48.049+0000] {processor.py:186} INFO - Started process (PID=2278) to work on /home/airflow/.local/lib/python3.12/site-packages/airflow/example_dags/example_latest_only.py
[2024-10-11T03:49:48.050+0000] {processor.py:914} INFO - Processing file /home/airflow/.local/lib/python3.12/site-packages/airflow/example_dags/example_latest_only.py for tasks to queue
[2024-10-11T03:49:48.052+0000] {logging_mixin.py:190} INFO - [2024-10-11T03:49:48.052+0000] {dagbag.py:588} INFO - Filling up the DagBag from /home/airflow/.local/lib/python3.12/site-packages/airflow/example_dags/example_latest_only.py
[2024-10-11T03:49:48.061+0000] {processor.py:925} INFO - DAG(s) 'latest_only' retrieved from /home/airflow/.local/lib/python3.12/site-packages/airflow/example_dags/example_latest_only.py
[2024-10-11T03:49:48.088+0000] {logging_mixin.py:190} INFO - [2024-10-11T03:49:48.088+0000] {dag.py:3239} INFO - Sync 1 DAGs
[2024-10-11T03:49:48.120+0000] {logging_mixin.py:190} INFO - [2024-10-11T03:49:48.120+0000] {dag.py:4180} INFO - Setting next_dagrun for latest_only to 2024-10-10 20:00:00+00:00, run_after=2024-10-11 00:00:00+00:00
[2024-10-11T03:49:48.323+0000] {processor.py:208} INFO - Processing /home/airflow/.local/lib/python3.12/site-packages/airflow/example_dags/example_latest_only.py took 0.281 seconds
[2024-10-11T03:50:18.507+0000] {processor.py:186} INFO - Started process (PID=2345) to work on /home/airflow/.local/lib/python3.12/site-packages/airflow/example_dags/example_latest_only.py
[2024-10-11T03:50:18.508+0000] {processor.py:914} INFO - Processing file /home/airflow/.local/lib/python3.12/site-packages/airflow/example_dags/example_latest_only.py for tasks to queue
[2024-10-11T03:50:18.512+0000] {logging_mixin.py:190} INFO - [2024-10-11T03:50:18.511+0000] {dagbag.py:588} INFO - Filling up the DagBag from /home/airflow/.local/lib/python3.12/site-packages/airflow/example_dags/example_latest_only.py
[2024-10-11T03:50:18.522+0000] {processor.py:925} INFO - DAG(s) 'latest_only' retrieved from /home/airflow/.local/lib/python3.12/site-packages/airflow/example_dags/example_latest_only.py
[2024-10-11T03:50:18.558+0000] {logging_mixin.py:190} INFO - [2024-10-11T03:50:18.558+0000] {dag.py:3239} INFO - Sync 1 DAGs
[2024-10-11T03:50:18.608+0000] {logging_mixin.py:190} INFO - [2024-10-11T03:50:18.608+0000] {dag.py:4180} INFO - Setting next_dagrun for latest_only to 2024-10-10 20:00:00+00:00, run_after=2024-10-11 00:00:00+00:00
[2024-10-11T03:50:18.644+0000] {processor.py:208} INFO - Processing /home/airflow/.local/lib/python3.12/site-packages/airflow/example_dags/example_latest_only.py took 0.150 seconds
[2024-10-11T03:50:49.208+0000] {processor.py:186} INFO - Started process (PID=2412) to work on /home/airflow/.local/lib/python3.12/site-packages/airflow/example_dags/example_latest_only.py
[2024-10-11T03:50:49.209+0000] {processor.py:914} INFO - Processing file /home/airflow/.local/lib/python3.12/site-packages/airflow/example_dags/example_latest_only.py for tasks to queue
[2024-10-11T03:50:49.215+0000] {logging_mixin.py:190} INFO - [2024-10-11T03:50:49.214+0000] {dagbag.py:588} INFO - Filling up the DagBag from /home/airflow/.local/lib/python3.12/site-packages/airflow/example_dags/example_latest_only.py
[2024-10-11T03:50:49.225+0000] {processor.py:925} INFO - DAG(s) 'latest_only' retrieved from /home/airflow/.local/lib/python3.12/site-packages/airflow/example_dags/example_latest_only.py
[2024-10-11T03:50:49.252+0000] {logging_mixin.py:190} INFO - [2024-10-11T03:50:49.251+0000] {dag.py:3239} INFO - Sync 1 DAGs
[2024-10-11T03:50:49.290+0000] {logging_mixin.py:190} INFO - [2024-10-11T03:50:49.290+0000] {dag.py:4180} INFO - Setting next_dagrun for latest_only to 2024-10-10 20:00:00+00:00, run_after=2024-10-11 00:00:00+00:00
[2024-10-11T03:50:49.316+0000] {processor.py:208} INFO - Processing /home/airflow/.local/lib/python3.12/site-packages/airflow/example_dags/example_latest_only.py took 0.116 seconds
[2024-10-11T03:51:19.797+0000] {processor.py:186} INFO - Started process (PID=2479) to work on /home/airflow/.local/lib/python3.12/site-packages/airflow/example_dags/example_latest_only.py
[2024-10-11T03:51:19.798+0000] {processor.py:914} INFO - Processing file /home/airflow/.local/lib/python3.12/site-packages/airflow/example_dags/example_latest_only.py for tasks to queue
[2024-10-11T03:51:19.802+0000] {logging_mixin.py:190} INFO - [2024-10-11T03:51:19.801+0000] {dagbag.py:588} INFO - Filling up the DagBag from /home/airflow/.local/lib/python3.12/site-packages/airflow/example_dags/example_latest_only.py
[2024-10-11T03:51:19.812+0000] {processor.py:925} INFO - DAG(s) 'latest_only' retrieved from /home/airflow/.local/lib/python3.12/site-packages/airflow/example_dags/example_latest_only.py
[2024-10-11T03:51:19.843+0000] {logging_mixin.py:190} INFO - [2024-10-11T03:51:19.843+0000] {dag.py:3239} INFO - Sync 1 DAGs
[2024-10-11T03:51:19.881+0000] {logging_mixin.py:190} INFO - [2024-10-11T03:51:19.881+0000] {dag.py:4180} INFO - Setting next_dagrun for latest_only to 2024-10-10 20:00:00+00:00, run_after=2024-10-11 00:00:00+00:00
[2024-10-11T03:51:19.908+0000] {processor.py:208} INFO - Processing /home/airflow/.local/lib/python3.12/site-packages/airflow/example_dags/example_latest_only.py took 0.120 seconds
[2024-10-11T03:51:50.288+0000] {processor.py:186} INFO - Started process (PID=2546) to work on /home/airflow/.local/lib/python3.12/site-packages/airflow/example_dags/example_latest_only.py
[2024-10-11T03:51:50.289+0000] {processor.py:914} INFO - Processing file /home/airflow/.local/lib/python3.12/site-packages/airflow/example_dags/example_latest_only.py for tasks to queue
[2024-10-11T03:51:50.300+0000] {logging_mixin.py:190} INFO - [2024-10-11T03:51:50.297+0000] {dagbag.py:588} INFO - Filling up the DagBag from /home/airflow/.local/lib/python3.12/site-packages/airflow/example_dags/example_latest_only.py
[2024-10-11T03:51:50.314+0000] {processor.py:925} INFO - DAG(s) 'latest_only' retrieved from /home/airflow/.local/lib/python3.12/site-packages/airflow/example_dags/example_latest_only.py
[2024-10-11T03:51:50.345+0000] {logging_mixin.py:190} INFO - [2024-10-11T03:51:50.344+0000] {dag.py:3239} INFO - Sync 1 DAGs
[2024-10-11T03:51:50.384+0000] {logging_mixin.py:190} INFO - [2024-10-11T03:51:50.384+0000] {dag.py:4180} INFO - Setting next_dagrun for latest_only to 2024-10-10 20:00:00+00:00, run_after=2024-10-11 00:00:00+00:00
[2024-10-11T03:51:50.417+0000] {processor.py:208} INFO - Processing /home/airflow/.local/lib/python3.12/site-packages/airflow/example_dags/example_latest_only.py took 0.139 seconds
[2024-10-11T03:52:21.814+0000] {processor.py:186} INFO - Started process (PID=2612) to work on /home/airflow/.local/lib/python3.12/site-packages/airflow/example_dags/example_latest_only.py
[2024-10-11T03:52:21.816+0000] {processor.py:914} INFO - Processing file /home/airflow/.local/lib/python3.12/site-packages/airflow/example_dags/example_latest_only.py for tasks to queue
[2024-10-11T03:52:21.820+0000] {logging_mixin.py:190} INFO - [2024-10-11T03:52:21.820+0000] {dagbag.py:588} INFO - Filling up the DagBag from /home/airflow/.local/lib/python3.12/site-packages/airflow/example_dags/example_latest_only.py
[2024-10-11T03:52:21.836+0000] {processor.py:925} INFO - DAG(s) 'latest_only' retrieved from /home/airflow/.local/lib/python3.12/site-packages/airflow/example_dags/example_latest_only.py
[2024-10-11T03:52:21.899+0000] {logging_mixin.py:190} INFO - [2024-10-11T03:52:21.898+0000] {dag.py:3239} INFO - Sync 1 DAGs
[2024-10-11T03:52:22.460+0000] {logging_mixin.py:190} INFO - [2024-10-11T03:52:22.459+0000] {dag.py:4180} INFO - Setting next_dagrun for latest_only to 2024-10-10 20:00:00+00:00, run_after=2024-10-11 00:00:00+00:00
[2024-10-11T03:52:22.516+0000] {processor.py:208} INFO - Processing /home/airflow/.local/lib/python3.12/site-packages/airflow/example_dags/example_latest_only.py took 0.714 seconds
[2024-10-11T03:52:52.981+0000] {processor.py:186} INFO - Started process (PID=2678) to work on /home/airflow/.local/lib/python3.12/site-packages/airflow/example_dags/example_latest_only.py
[2024-10-11T03:52:52.982+0000] {processor.py:914} INFO - Processing file /home/airflow/.local/lib/python3.12/site-packages/airflow/example_dags/example_latest_only.py for tasks to queue
[2024-10-11T03:52:52.987+0000] {logging_mixin.py:190} INFO - [2024-10-11T03:52:52.986+0000] {dagbag.py:588} INFO - Filling up the DagBag from /home/airflow/.local/lib/python3.12/site-packages/airflow/example_dags/example_latest_only.py
[2024-10-11T03:52:53.000+0000] {processor.py:925} INFO - DAG(s) 'latest_only' retrieved from /home/airflow/.local/lib/python3.12/site-packages/airflow/example_dags/example_latest_only.py
[2024-10-11T03:52:53.078+0000] {logging_mixin.py:190} INFO - [2024-10-11T03:52:53.078+0000] {dag.py:3239} INFO - Sync 1 DAGs
[2024-10-11T03:52:53.143+0000] {logging_mixin.py:190} INFO - [2024-10-11T03:52:53.142+0000] {dag.py:4180} INFO - Setting next_dagrun for latest_only to 2024-10-10 20:00:00+00:00, run_after=2024-10-11 00:00:00+00:00
[2024-10-11T03:52:53.189+0000] {processor.py:208} INFO - Processing /home/airflow/.local/lib/python3.12/site-packages/airflow/example_dags/example_latest_only.py took 0.223 seconds
[2024-10-11T03:53:23.360+0000] {processor.py:186} INFO - Started process (PID=2746) to work on /home/airflow/.local/lib/python3.12/site-packages/airflow/example_dags/example_latest_only.py
[2024-10-11T03:53:23.362+0000] {processor.py:914} INFO - Processing file /home/airflow/.local/lib/python3.12/site-packages/airflow/example_dags/example_latest_only.py for tasks to queue
[2024-10-11T03:53:23.367+0000] {logging_mixin.py:190} INFO - [2024-10-11T03:53:23.366+0000] {dagbag.py:588} INFO - Filling up the DagBag from /home/airflow/.local/lib/python3.12/site-packages/airflow/example_dags/example_latest_only.py
[2024-10-11T03:53:23.381+0000] {processor.py:925} INFO - DAG(s) 'latest_only' retrieved from /home/airflow/.local/lib/python3.12/site-packages/airflow/example_dags/example_latest_only.py
[2024-10-11T03:53:23.429+0000] {logging_mixin.py:190} INFO - [2024-10-11T03:53:23.428+0000] {dag.py:3239} INFO - Sync 1 DAGs
[2024-10-11T03:53:23.484+0000] {logging_mixin.py:190} INFO - [2024-10-11T03:53:23.483+0000] {dag.py:4180} INFO - Setting next_dagrun for latest_only to 2024-10-10 20:00:00+00:00, run_after=2024-10-11 00:00:00+00:00
[2024-10-11T03:53:23.521+0000] {processor.py:208} INFO - Processing /home/airflow/.local/lib/python3.12/site-packages/airflow/example_dags/example_latest_only.py took 0.175 seconds
[2024-10-11T03:53:54.276+0000] {processor.py:186} INFO - Started process (PID=2813) to work on /home/airflow/.local/lib/python3.12/site-packages/airflow/example_dags/example_latest_only.py
[2024-10-11T03:53:54.277+0000] {processor.py:914} INFO - Processing file /home/airflow/.local/lib/python3.12/site-packages/airflow/example_dags/example_latest_only.py for tasks to queue
[2024-10-11T03:53:54.283+0000] {logging_mixin.py:190} INFO - [2024-10-11T03:53:54.282+0000] {dagbag.py:588} INFO - Filling up the DagBag from /home/airflow/.local/lib/python3.12/site-packages/airflow/example_dags/example_latest_only.py
[2024-10-11T03:53:54.302+0000] {processor.py:925} INFO - DAG(s) 'latest_only' retrieved from /home/airflow/.local/lib/python3.12/site-packages/airflow/example_dags/example_latest_only.py
[2024-10-11T03:53:54.353+0000] {logging_mixin.py:190} INFO - [2024-10-11T03:53:54.352+0000] {dag.py:3239} INFO - Sync 1 DAGs
[2024-10-11T03:53:54.410+0000] {logging_mixin.py:190} INFO - [2024-10-11T03:53:54.410+0000] {dag.py:4180} INFO - Setting next_dagrun for latest_only to 2024-10-10 20:00:00+00:00, run_after=2024-10-11 00:00:00+00:00
[2024-10-11T03:53:54.442+0000] {processor.py:208} INFO - Processing /home/airflow/.local/lib/python3.12/site-packages/airflow/example_dags/example_latest_only.py took 0.185 seconds
[2024-10-11T03:54:25.238+0000] {processor.py:186} INFO - Started process (PID=2880) to work on /home/airflow/.local/lib/python3.12/site-packages/airflow/example_dags/example_latest_only.py
[2024-10-11T03:54:25.241+0000] {processor.py:914} INFO - Processing file /home/airflow/.local/lib/python3.12/site-packages/airflow/example_dags/example_latest_only.py for tasks to queue
[2024-10-11T03:54:25.246+0000] {logging_mixin.py:190} INFO - [2024-10-11T03:54:25.245+0000] {dagbag.py:588} INFO - Filling up the DagBag from /home/airflow/.local/lib/python3.12/site-packages/airflow/example_dags/example_latest_only.py
[2024-10-11T03:54:25.266+0000] {processor.py:925} INFO - DAG(s) 'latest_only' retrieved from /home/airflow/.local/lib/python3.12/site-packages/airflow/example_dags/example_latest_only.py
[2024-10-11T03:54:25.318+0000] {logging_mixin.py:190} INFO - [2024-10-11T03:54:25.318+0000] {dag.py:3239} INFO - Sync 1 DAGs
[2024-10-11T03:54:25.381+0000] {logging_mixin.py:190} INFO - [2024-10-11T03:54:25.380+0000] {dag.py:4180} INFO - Setting next_dagrun for latest_only to 2024-10-10 20:00:00+00:00, run_after=2024-10-11 00:00:00+00:00
[2024-10-11T03:54:25.420+0000] {processor.py:208} INFO - Processing /home/airflow/.local/lib/python3.12/site-packages/airflow/example_dags/example_latest_only.py took 0.196 seconds
[2024-10-11T03:54:55.945+0000] {processor.py:186} INFO - Started process (PID=2947) to work on /home/airflow/.local/lib/python3.12/site-packages/airflow/example_dags/example_latest_only.py
[2024-10-11T03:54:55.947+0000] {processor.py:914} INFO - Processing file /home/airflow/.local/lib/python3.12/site-packages/airflow/example_dags/example_latest_only.py for tasks to queue
[2024-10-11T03:54:55.952+0000] {logging_mixin.py:190} INFO - [2024-10-11T03:54:55.951+0000] {dagbag.py:588} INFO - Filling up the DagBag from /home/airflow/.local/lib/python3.12/site-packages/airflow/example_dags/example_latest_only.py
[2024-10-11T03:54:55.968+0000] {processor.py:925} INFO - DAG(s) 'latest_only' retrieved from /home/airflow/.local/lib/python3.12/site-packages/airflow/example_dags/example_latest_only.py
[2024-10-11T03:54:56.017+0000] {logging_mixin.py:190} INFO - [2024-10-11T03:54:56.017+0000] {dag.py:3239} INFO - Sync 1 DAGs
[2024-10-11T03:54:56.083+0000] {logging_mixin.py:190} INFO - [2024-10-11T03:54:56.083+0000] {dag.py:4180} INFO - Setting next_dagrun for latest_only to 2024-10-10 20:00:00+00:00, run_after=2024-10-11 00:00:00+00:00
[2024-10-11T03:54:56.143+0000] {processor.py:208} INFO - Processing /home/airflow/.local/lib/python3.12/site-packages/airflow/example_dags/example_latest_only.py took 0.217 seconds
[2024-10-11T03:55:26.568+0000] {processor.py:186} INFO - Started process (PID=3014) to work on /home/airflow/.local/lib/python3.12/site-packages/airflow/example_dags/example_latest_only.py
[2024-10-11T03:55:26.572+0000] {processor.py:914} INFO - Processing file /home/airflow/.local/lib/python3.12/site-packages/airflow/example_dags/example_latest_only.py for tasks to queue
[2024-10-11T03:55:26.580+0000] {logging_mixin.py:190} INFO - [2024-10-11T03:55:26.579+0000] {dagbag.py:588} INFO - Filling up the DagBag from /home/airflow/.local/lib/python3.12/site-packages/airflow/example_dags/example_latest_only.py
[2024-10-11T03:55:26.619+0000] {processor.py:925} INFO - DAG(s) 'latest_only' retrieved from /home/airflow/.local/lib/python3.12/site-packages/airflow/example_dags/example_latest_only.py
[2024-10-11T03:55:26.716+0000] {logging_mixin.py:190} INFO - [2024-10-11T03:55:26.715+0000] {dag.py:3239} INFO - Sync 1 DAGs
[2024-10-11T03:55:26.874+0000] {logging_mixin.py:190} INFO - [2024-10-11T03:55:26.874+0000] {dag.py:4180} INFO - Setting next_dagrun for latest_only to 2024-10-10 20:00:00+00:00, run_after=2024-10-11 00:00:00+00:00
[2024-10-11T03:55:26.938+0000] {processor.py:208} INFO - Processing /home/airflow/.local/lib/python3.12/site-packages/airflow/example_dags/example_latest_only.py took 0.425 seconds
[2024-10-11T03:55:57.602+0000] {processor.py:186} INFO - Started process (PID=3080) to work on /home/airflow/.local/lib/python3.12/site-packages/airflow/example_dags/example_latest_only.py
[2024-10-11T03:55:57.603+0000] {processor.py:914} INFO - Processing file /home/airflow/.local/lib/python3.12/site-packages/airflow/example_dags/example_latest_only.py for tasks to queue
[2024-10-11T03:55:57.607+0000] {logging_mixin.py:190} INFO - [2024-10-11T03:55:57.607+0000] {dagbag.py:588} INFO - Filling up the DagBag from /home/airflow/.local/lib/python3.12/site-packages/airflow/example_dags/example_latest_only.py
[2024-10-11T03:55:57.620+0000] {processor.py:925} INFO - DAG(s) 'latest_only' retrieved from /home/airflow/.local/lib/python3.12/site-packages/airflow/example_dags/example_latest_only.py
[2024-10-11T03:55:57.659+0000] {logging_mixin.py:190} INFO - [2024-10-11T03:55:57.659+0000] {dag.py:3239} INFO - Sync 1 DAGs
[2024-10-11T03:55:57.700+0000] {logging_mixin.py:190} INFO - [2024-10-11T03:55:57.700+0000] {dag.py:4180} INFO - Setting next_dagrun for latest_only to 2024-10-10 20:00:00+00:00, run_after=2024-10-11 00:00:00+00:00
[2024-10-11T03:55:57.731+0000] {processor.py:208} INFO - Processing /home/airflow/.local/lib/python3.12/site-packages/airflow/example_dags/example_latest_only.py took 0.141 seconds
[2024-10-11T03:56:28.070+0000] {processor.py:186} INFO - Started process (PID=3147) to work on /home/airflow/.local/lib/python3.12/site-packages/airflow/example_dags/example_latest_only.py
[2024-10-11T03:56:28.072+0000] {processor.py:914} INFO - Processing file /home/airflow/.local/lib/python3.12/site-packages/airflow/example_dags/example_latest_only.py for tasks to queue
[2024-10-11T03:56:28.076+0000] {logging_mixin.py:190} INFO - [2024-10-11T03:56:28.076+0000] {dagbag.py:588} INFO - Filling up the DagBag from /home/airflow/.local/lib/python3.12/site-packages/airflow/example_dags/example_latest_only.py
[2024-10-11T03:56:28.090+0000] {processor.py:925} INFO - DAG(s) 'latest_only' retrieved from /home/airflow/.local/lib/python3.12/site-packages/airflow/example_dags/example_latest_only.py
[2024-10-11T03:56:28.127+0000] {logging_mixin.py:190} INFO - [2024-10-11T03:56:28.127+0000] {dag.py:3239} INFO - Sync 1 DAGs
[2024-10-11T03:56:28.174+0000] {logging_mixin.py:190} INFO - [2024-10-11T03:56:28.174+0000] {dag.py:4180} INFO - Setting next_dagrun for latest_only to 2024-10-10 20:00:00+00:00, run_after=2024-10-11 00:00:00+00:00
[2024-10-11T03:56:28.208+0000] {processor.py:208} INFO - Processing /home/airflow/.local/lib/python3.12/site-packages/airflow/example_dags/example_latest_only.py took 0.150 seconds
[2024-10-11T03:56:58.980+0000] {processor.py:186} INFO - Started process (PID=3214) to work on /home/airflow/.local/lib/python3.12/site-packages/airflow/example_dags/example_latest_only.py
[2024-10-11T03:56:58.982+0000] {processor.py:914} INFO - Processing file /home/airflow/.local/lib/python3.12/site-packages/airflow/example_dags/example_latest_only.py for tasks to queue
[2024-10-11T03:56:58.993+0000] {logging_mixin.py:190} INFO - [2024-10-11T03:56:58.992+0000] {dagbag.py:588} INFO - Filling up the DagBag from /home/airflow/.local/lib/python3.12/site-packages/airflow/example_dags/example_latest_only.py
[2024-10-11T03:56:59.035+0000] {processor.py:925} INFO - DAG(s) 'latest_only' retrieved from /home/airflow/.local/lib/python3.12/site-packages/airflow/example_dags/example_latest_only.py
[2024-10-11T03:56:59.119+0000] {logging_mixin.py:190} INFO - [2024-10-11T03:56:59.118+0000] {dag.py:3239} INFO - Sync 1 DAGs
[2024-10-11T03:56:59.189+0000] {logging_mixin.py:190} INFO - [2024-10-11T03:56:59.189+0000] {dag.py:4180} INFO - Setting next_dagrun for latest_only to 2024-10-10 20:00:00+00:00, run_after=2024-10-11 00:00:00+00:00
[2024-10-11T03:56:59.233+0000] {processor.py:208} INFO - Processing /home/airflow/.local/lib/python3.12/site-packages/airflow/example_dags/example_latest_only.py took 0.277 seconds
[2024-10-11T03:57:29.720+0000] {processor.py:186} INFO - Started process (PID=3281) to work on /home/airflow/.local/lib/python3.12/site-packages/airflow/example_dags/example_latest_only.py
[2024-10-11T03:57:29.722+0000] {processor.py:914} INFO - Processing file /home/airflow/.local/lib/python3.12/site-packages/airflow/example_dags/example_latest_only.py for tasks to queue
[2024-10-11T03:57:29.725+0000] {logging_mixin.py:190} INFO - [2024-10-11T03:57:29.724+0000] {dagbag.py:588} INFO - Filling up the DagBag from /home/airflow/.local/lib/python3.12/site-packages/airflow/example_dags/example_latest_only.py
[2024-10-11T03:57:29.736+0000] {processor.py:925} INFO - DAG(s) 'latest_only' retrieved from /home/airflow/.local/lib/python3.12/site-packages/airflow/example_dags/example_latest_only.py
[2024-10-11T03:57:29.775+0000] {logging_mixin.py:190} INFO - [2024-10-11T03:57:29.775+0000] {dag.py:3239} INFO - Sync 1 DAGs
[2024-10-11T03:57:29.815+0000] {logging_mixin.py:190} INFO - [2024-10-11T03:57:29.815+0000] {dag.py:4180} INFO - Setting next_dagrun for latest_only to 2024-10-10 20:00:00+00:00, run_after=2024-10-11 00:00:00+00:00
[2024-10-11T03:57:29.841+0000] {processor.py:208} INFO - Processing /home/airflow/.local/lib/python3.12/site-packages/airflow/example_dags/example_latest_only.py took 0.131 seconds
[2024-10-11T03:58:00.525+0000] {processor.py:186} INFO - Started process (PID=3348) to work on /home/airflow/.local/lib/python3.12/site-packages/airflow/example_dags/example_latest_only.py
[2024-10-11T03:58:00.526+0000] {processor.py:914} INFO - Processing file /home/airflow/.local/lib/python3.12/site-packages/airflow/example_dags/example_latest_only.py for tasks to queue
[2024-10-11T03:58:00.529+0000] {logging_mixin.py:190} INFO - [2024-10-11T03:58:00.529+0000] {dagbag.py:588} INFO - Filling up the DagBag from /home/airflow/.local/lib/python3.12/site-packages/airflow/example_dags/example_latest_only.py
[2024-10-11T03:58:00.541+0000] {processor.py:925} INFO - DAG(s) 'latest_only' retrieved from /home/airflow/.local/lib/python3.12/site-packages/airflow/example_dags/example_latest_only.py
[2024-10-11T03:58:00.574+0000] {logging_mixin.py:190} INFO - [2024-10-11T03:58:00.574+0000] {dag.py:3239} INFO - Sync 1 DAGs
[2024-10-11T03:58:00.612+0000] {logging_mixin.py:190} INFO - [2024-10-11T03:58:00.612+0000] {dag.py:4180} INFO - Setting next_dagrun for latest_only to 2024-10-10 20:00:00+00:00, run_after=2024-10-11 00:00:00+00:00
[2024-10-11T03:58:00.638+0000] {processor.py:208} INFO - Processing /home/airflow/.local/lib/python3.12/site-packages/airflow/example_dags/example_latest_only.py took 0.124 seconds
[2024-10-11T03:58:31.576+0000] {processor.py:186} INFO - Started process (PID=3421) to work on /home/airflow/.local/lib/python3.12/site-packages/airflow/example_dags/example_latest_only.py
[2024-10-11T03:58:31.579+0000] {processor.py:914} INFO - Processing file /home/airflow/.local/lib/python3.12/site-packages/airflow/example_dags/example_latest_only.py for tasks to queue
[2024-10-11T03:58:31.583+0000] {logging_mixin.py:190} INFO - [2024-10-11T03:58:31.583+0000] {dagbag.py:588} INFO - Filling up the DagBag from /home/airflow/.local/lib/python3.12/site-packages/airflow/example_dags/example_latest_only.py
[2024-10-11T03:58:31.598+0000] {processor.py:925} INFO - DAG(s) 'latest_only' retrieved from /home/airflow/.local/lib/python3.12/site-packages/airflow/example_dags/example_latest_only.py
[2024-10-11T03:58:31.635+0000] {logging_mixin.py:190} INFO - [2024-10-11T03:58:31.635+0000] {dag.py:3239} INFO - Sync 1 DAGs
[2024-10-11T03:58:31.693+0000] {logging_mixin.py:190} INFO - [2024-10-11T03:58:31.692+0000] {dag.py:4180} INFO - Setting next_dagrun for latest_only to 2024-10-10 20:00:00+00:00, run_after=2024-10-11 00:00:00+00:00
[2024-10-11T03:58:31.727+0000] {processor.py:208} INFO - Processing /home/airflow/.local/lib/python3.12/site-packages/airflow/example_dags/example_latest_only.py took 0.165 seconds
[2024-10-11T03:59:03.066+0000] {processor.py:186} INFO - Started process (PID=3488) to work on /home/airflow/.local/lib/python3.12/site-packages/airflow/example_dags/example_latest_only.py
[2024-10-11T03:59:03.075+0000] {processor.py:914} INFO - Processing file /home/airflow/.local/lib/python3.12/site-packages/airflow/example_dags/example_latest_only.py for tasks to queue
[2024-10-11T03:59:03.095+0000] {logging_mixin.py:190} INFO - [2024-10-11T03:59:03.094+0000] {dagbag.py:588} INFO - Filling up the DagBag from /home/airflow/.local/lib/python3.12/site-packages/airflow/example_dags/example_latest_only.py
[2024-10-11T03:59:03.148+0000] {processor.py:925} INFO - DAG(s) 'latest_only' retrieved from /home/airflow/.local/lib/python3.12/site-packages/airflow/example_dags/example_latest_only.py
[2024-10-11T03:59:03.265+0000] {logging_mixin.py:190} INFO - [2024-10-11T03:59:03.265+0000] {dag.py:3239} INFO - Sync 1 DAGs
[2024-10-11T03:59:03.419+0000] {logging_mixin.py:190} INFO - [2024-10-11T03:59:03.415+0000] {dag.py:4180} INFO - Setting next_dagrun for latest_only to 2024-10-10 20:00:00+00:00, run_after=2024-10-11 00:00:00+00:00
[2024-10-11T03:59:03.526+0000] {processor.py:208} INFO - Processing /home/airflow/.local/lib/python3.12/site-packages/airflow/example_dags/example_latest_only.py took 0.524 seconds
[2024-10-11T03:59:33.815+0000] {processor.py:186} INFO - Started process (PID=3556) to work on /home/airflow/.local/lib/python3.12/site-packages/airflow/example_dags/example_latest_only.py
[2024-10-11T03:59:33.818+0000] {processor.py:914} INFO - Processing file /home/airflow/.local/lib/python3.12/site-packages/airflow/example_dags/example_latest_only.py for tasks to queue
[2024-10-11T03:59:33.825+0000] {logging_mixin.py:190} INFO - [2024-10-11T03:59:33.823+0000] {dagbag.py:588} INFO - Filling up the DagBag from /home/airflow/.local/lib/python3.12/site-packages/airflow/example_dags/example_latest_only.py
[2024-10-11T03:59:33.847+0000] {processor.py:925} INFO - DAG(s) 'latest_only' retrieved from /home/airflow/.local/lib/python3.12/site-packages/airflow/example_dags/example_latest_only.py
[2024-10-11T03:59:33.916+0000] {logging_mixin.py:190} INFO - [2024-10-11T03:59:33.915+0000] {dag.py:3239} INFO - Sync 1 DAGs
[2024-10-11T03:59:33.986+0000] {logging_mixin.py:190} INFO - [2024-10-11T03:59:33.985+0000] {dag.py:4180} INFO - Setting next_dagrun for latest_only to 2024-10-10 20:00:00+00:00, run_after=2024-10-11 00:00:00+00:00
[2024-10-11T03:59:34.057+0000] {processor.py:208} INFO - Processing /home/airflow/.local/lib/python3.12/site-packages/airflow/example_dags/example_latest_only.py took 0.263 seconds
[2024-10-11T04:00:04.276+0000] {processor.py:186} INFO - Started process (PID=3622) to work on /home/airflow/.local/lib/python3.12/site-packages/airflow/example_dags/example_latest_only.py
[2024-10-11T04:00:04.278+0000] {processor.py:914} INFO - Processing file /home/airflow/.local/lib/python3.12/site-packages/airflow/example_dags/example_latest_only.py for tasks to queue
[2024-10-11T04:00:04.285+0000] {logging_mixin.py:190} INFO - [2024-10-11T04:00:04.284+0000] {dagbag.py:588} INFO - Filling up the DagBag from /home/airflow/.local/lib/python3.12/site-packages/airflow/example_dags/example_latest_only.py
[2024-10-11T04:00:04.302+0000] {processor.py:925} INFO - DAG(s) 'latest_only' retrieved from /home/airflow/.local/lib/python3.12/site-packages/airflow/example_dags/example_latest_only.py
[2024-10-11T04:00:04.354+0000] {logging_mixin.py:190} INFO - [2024-10-11T04:00:04.354+0000] {dag.py:3239} INFO - Sync 1 DAGs
[2024-10-11T04:00:04.418+0000] {logging_mixin.py:190} INFO - [2024-10-11T04:00:04.417+0000] {dag.py:4180} INFO - Setting next_dagrun for latest_only to 2024-10-11 00:00:00+00:00, run_after=2024-10-11 04:00:00+00:00
[2024-10-11T04:00:04.461+0000] {processor.py:208} INFO - Processing /home/airflow/.local/lib/python3.12/site-packages/airflow/example_dags/example_latest_only.py took 0.201 seconds
[2024-10-11T04:00:34.615+0000] {processor.py:186} INFO - Started process (PID=3689) to work on /home/airflow/.local/lib/python3.12/site-packages/airflow/example_dags/example_latest_only.py
[2024-10-11T04:00:34.617+0000] {processor.py:914} INFO - Processing file /home/airflow/.local/lib/python3.12/site-packages/airflow/example_dags/example_latest_only.py for tasks to queue
[2024-10-11T04:00:34.622+0000] {logging_mixin.py:190} INFO - [2024-10-11T04:00:34.621+0000] {dagbag.py:588} INFO - Filling up the DagBag from /home/airflow/.local/lib/python3.12/site-packages/airflow/example_dags/example_latest_only.py
[2024-10-11T04:00:34.638+0000] {processor.py:925} INFO - DAG(s) 'latest_only' retrieved from /home/airflow/.local/lib/python3.12/site-packages/airflow/example_dags/example_latest_only.py
[2024-10-11T04:00:34.684+0000] {logging_mixin.py:190} INFO - [2024-10-11T04:00:34.684+0000] {dag.py:3239} INFO - Sync 1 DAGs
[2024-10-11T04:00:34.738+0000] {logging_mixin.py:190} INFO - [2024-10-11T04:00:34.738+0000] {dag.py:4180} INFO - Setting next_dagrun for latest_only to 2024-10-11 00:00:00+00:00, run_after=2024-10-11 04:00:00+00:00
[2024-10-11T04:00:34.837+0000] {processor.py:208} INFO - Processing /home/airflow/.local/lib/python3.12/site-packages/airflow/example_dags/example_latest_only.py took 0.236 seconds
[2024-10-11T04:01:05.229+0000] {processor.py:186} INFO - Started process (PID=3756) to work on /home/airflow/.local/lib/python3.12/site-packages/airflow/example_dags/example_latest_only.py
[2024-10-11T04:01:05.231+0000] {processor.py:914} INFO - Processing file /home/airflow/.local/lib/python3.12/site-packages/airflow/example_dags/example_latest_only.py for tasks to queue
[2024-10-11T04:01:05.237+0000] {logging_mixin.py:190} INFO - [2024-10-11T04:01:05.236+0000] {dagbag.py:588} INFO - Filling up the DagBag from /home/airflow/.local/lib/python3.12/site-packages/airflow/example_dags/example_latest_only.py
[2024-10-11T04:01:05.251+0000] {processor.py:925} INFO - DAG(s) 'latest_only' retrieved from /home/airflow/.local/lib/python3.12/site-packages/airflow/example_dags/example_latest_only.py
[2024-10-11T04:01:05.305+0000] {logging_mixin.py:190} INFO - [2024-10-11T04:01:05.305+0000] {dag.py:3239} INFO - Sync 1 DAGs
[2024-10-11T04:01:05.364+0000] {logging_mixin.py:190} INFO - [2024-10-11T04:01:05.363+0000] {dag.py:4180} INFO - Setting next_dagrun for latest_only to 2024-10-11 00:00:00+00:00, run_after=2024-10-11 04:00:00+00:00
[2024-10-11T04:01:05.399+0000] {processor.py:208} INFO - Processing /home/airflow/.local/lib/python3.12/site-packages/airflow/example_dags/example_latest_only.py took 0.190 seconds
