[2024-10-11T03:32:58.793+0000] {processor.py:186} INFO - Started process (PID=111) to work on /home/airflow/.local/lib/python3.12/site-packages/airflow/example_dags/example_branch_python_dop_operator_3.py
[2024-10-11T03:32:58.794+0000] {processor.py:914} INFO - Processing file /home/airflow/.local/lib/python3.12/site-packages/airflow/example_dags/example_branch_python_dop_operator_3.py for tasks to queue
[2024-10-11T03:32:58.798+0000] {logging_mixin.py:190} INFO - [2024-10-11T03:32:58.797+0000] {dagbag.py:588} INFO - Filling up the DagBag from /home/airflow/.local/lib/python3.12/site-packages/airflow/example_dags/example_branch_python_dop_operator_3.py
[2024-10-11T03:32:58.812+0000] {processor.py:925} INFO - DAG(s) 'example_branch_dop_operator_v3' retrieved from /home/airflow/.local/lib/python3.12/site-packages/airflow/example_dags/example_branch_python_dop_operator_3.py
[2024-10-11T03:32:58.841+0000] {logging_mixin.py:190} INFO - [2024-10-11T03:32:58.841+0000] {dag.py:3239} INFO - Sync 1 DAGs
[2024-10-11T03:32:58.876+0000] {logging_mixin.py:190} INFO - [2024-10-11T03:32:58.875+0000] {dag.py:4180} INFO - Setting next_dagrun for example_branch_dop_operator_v3 to 2024-10-11 03:31:00+00:00, run_after=2024-10-11 03:32:00+00:00
[2024-10-11T03:32:58.893+0000] {processor.py:208} INFO - Processing /home/airflow/.local/lib/python3.12/site-packages/airflow/example_dags/example_branch_python_dop_operator_3.py took 0.107 seconds
[2024-10-11T03:33:28.974+0000] {processor.py:186} INFO - Started process (PID=176) to work on /home/airflow/.local/lib/python3.12/site-packages/airflow/example_dags/example_branch_python_dop_operator_3.py
[2024-10-11T03:33:28.975+0000] {processor.py:914} INFO - Processing file /home/airflow/.local/lib/python3.12/site-packages/airflow/example_dags/example_branch_python_dop_operator_3.py for tasks to queue
[2024-10-11T03:33:28.978+0000] {logging_mixin.py:190} INFO - [2024-10-11T03:33:28.977+0000] {dagbag.py:588} INFO - Filling up the DagBag from /home/airflow/.local/lib/python3.12/site-packages/airflow/example_dags/example_branch_python_dop_operator_3.py
[2024-10-11T03:33:28.991+0000] {processor.py:925} INFO - DAG(s) 'example_branch_dop_operator_v3' retrieved from /home/airflow/.local/lib/python3.12/site-packages/airflow/example_dags/example_branch_python_dop_operator_3.py
[2024-10-11T03:33:29.015+0000] {logging_mixin.py:190} INFO - [2024-10-11T03:33:29.015+0000] {dag.py:3239} INFO - Sync 1 DAGs
[2024-10-11T03:33:29.044+0000] {logging_mixin.py:190} INFO - [2024-10-11T03:33:29.044+0000] {dag.py:4180} INFO - Setting next_dagrun for example_branch_dop_operator_v3 to 2024-10-11 03:32:00+00:00, run_after=2024-10-11 03:33:00+00:00
[2024-10-11T03:33:29.064+0000] {processor.py:208} INFO - Processing /home/airflow/.local/lib/python3.12/site-packages/airflow/example_dags/example_branch_python_dop_operator_3.py took 0.098 seconds
[2024-10-11T03:33:59.345+0000] {processor.py:186} INFO - Started process (PID=241) to work on /home/airflow/.local/lib/python3.12/site-packages/airflow/example_dags/example_branch_python_dop_operator_3.py
[2024-10-11T03:33:59.347+0000] {processor.py:914} INFO - Processing file /home/airflow/.local/lib/python3.12/site-packages/airflow/example_dags/example_branch_python_dop_operator_3.py for tasks to queue
[2024-10-11T03:33:59.349+0000] {logging_mixin.py:190} INFO - [2024-10-11T03:33:59.349+0000] {dagbag.py:588} INFO - Filling up the DagBag from /home/airflow/.local/lib/python3.12/site-packages/airflow/example_dags/example_branch_python_dop_operator_3.py
[2024-10-11T03:33:59.362+0000] {processor.py:925} INFO - DAG(s) 'example_branch_dop_operator_v3' retrieved from /home/airflow/.local/lib/python3.12/site-packages/airflow/example_dags/example_branch_python_dop_operator_3.py
[2024-10-11T03:33:59.387+0000] {logging_mixin.py:190} INFO - [2024-10-11T03:33:59.387+0000] {dag.py:3239} INFO - Sync 1 DAGs
[2024-10-11T03:33:59.423+0000] {logging_mixin.py:190} INFO - [2024-10-11T03:33:59.423+0000] {dag.py:4180} INFO - Setting next_dagrun for example_branch_dop_operator_v3 to 2024-10-11 03:32:00+00:00, run_after=2024-10-11 03:33:00+00:00
[2024-10-11T03:33:59.442+0000] {processor.py:208} INFO - Processing /home/airflow/.local/lib/python3.12/site-packages/airflow/example_dags/example_branch_python_dop_operator_3.py took 0.105 seconds
[2024-10-11T03:34:29.738+0000] {processor.py:186} INFO - Started process (PID=307) to work on /home/airflow/.local/lib/python3.12/site-packages/airflow/example_dags/example_branch_python_dop_operator_3.py
[2024-10-11T03:34:29.739+0000] {processor.py:914} INFO - Processing file /home/airflow/.local/lib/python3.12/site-packages/airflow/example_dags/example_branch_python_dop_operator_3.py for tasks to queue
[2024-10-11T03:34:29.742+0000] {logging_mixin.py:190} INFO - [2024-10-11T03:34:29.741+0000] {dagbag.py:588} INFO - Filling up the DagBag from /home/airflow/.local/lib/python3.12/site-packages/airflow/example_dags/example_branch_python_dop_operator_3.py
[2024-10-11T03:34:29.755+0000] {processor.py:925} INFO - DAG(s) 'example_branch_dop_operator_v3' retrieved from /home/airflow/.local/lib/python3.12/site-packages/airflow/example_dags/example_branch_python_dop_operator_3.py
[2024-10-11T03:34:29.782+0000] {logging_mixin.py:190} INFO - [2024-10-11T03:34:29.782+0000] {dag.py:3239} INFO - Sync 1 DAGs
[2024-10-11T03:34:29.815+0000] {logging_mixin.py:190} INFO - [2024-10-11T03:34:29.815+0000] {dag.py:4180} INFO - Setting next_dagrun for example_branch_dop_operator_v3 to 2024-10-11 03:33:00+00:00, run_after=2024-10-11 03:34:00+00:00
[2024-10-11T03:34:29.835+0000] {processor.py:208} INFO - Processing /home/airflow/.local/lib/python3.12/site-packages/airflow/example_dags/example_branch_python_dop_operator_3.py took 0.104 seconds
[2024-10-11T03:35:00.002+0000] {processor.py:186} INFO - Started process (PID=373) to work on /home/airflow/.local/lib/python3.12/site-packages/airflow/example_dags/example_branch_python_dop_operator_3.py
[2024-10-11T03:35:00.003+0000] {processor.py:914} INFO - Processing file /home/airflow/.local/lib/python3.12/site-packages/airflow/example_dags/example_branch_python_dop_operator_3.py for tasks to queue
[2024-10-11T03:35:00.007+0000] {logging_mixin.py:190} INFO - [2024-10-11T03:35:00.006+0000] {dagbag.py:588} INFO - Filling up the DagBag from /home/airflow/.local/lib/python3.12/site-packages/airflow/example_dags/example_branch_python_dop_operator_3.py
[2024-10-11T03:35:00.020+0000] {processor.py:925} INFO - DAG(s) 'example_branch_dop_operator_v3' retrieved from /home/airflow/.local/lib/python3.12/site-packages/airflow/example_dags/example_branch_python_dop_operator_3.py
[2024-10-11T03:35:00.047+0000] {logging_mixin.py:190} INFO - [2024-10-11T03:35:00.047+0000] {dag.py:3239} INFO - Sync 1 DAGs
[2024-10-11T03:35:00.084+0000] {logging_mixin.py:190} INFO - [2024-10-11T03:35:00.084+0000] {dag.py:4180} INFO - Setting next_dagrun for example_branch_dop_operator_v3 to 2024-10-11 03:34:00+00:00, run_after=2024-10-11 03:35:00+00:00
[2024-10-11T03:35:00.105+0000] {processor.py:208} INFO - Processing /home/airflow/.local/lib/python3.12/site-packages/airflow/example_dags/example_branch_python_dop_operator_3.py took 0.111 seconds
[2024-10-11T03:35:32.163+0000] {processor.py:186} INFO - Started process (PID=439) to work on /home/airflow/.local/lib/python3.12/site-packages/airflow/example_dags/example_branch_python_dop_operator_3.py
[2024-10-11T03:35:32.165+0000] {processor.py:914} INFO - Processing file /home/airflow/.local/lib/python3.12/site-packages/airflow/example_dags/example_branch_python_dop_operator_3.py for tasks to queue
[2024-10-11T03:35:32.175+0000] {logging_mixin.py:190} INFO - [2024-10-11T03:35:32.175+0000] {dagbag.py:588} INFO - Filling up the DagBag from /home/airflow/.local/lib/python3.12/site-packages/airflow/example_dags/example_branch_python_dop_operator_3.py
[2024-10-11T03:35:32.196+0000] {processor.py:925} INFO - DAG(s) 'example_branch_dop_operator_v3' retrieved from /home/airflow/.local/lib/python3.12/site-packages/airflow/example_dags/example_branch_python_dop_operator_3.py
[2024-10-11T03:35:32.238+0000] {logging_mixin.py:190} INFO - [2024-10-11T03:35:32.238+0000] {dag.py:3239} INFO - Sync 1 DAGs
[2024-10-11T03:35:32.296+0000] {logging_mixin.py:190} INFO - [2024-10-11T03:35:32.296+0000] {dag.py:4180} INFO - Setting next_dagrun for example_branch_dop_operator_v3 to 2024-10-11 03:34:00+00:00, run_after=2024-10-11 03:35:00+00:00
[2024-10-11T03:35:32.325+0000] {processor.py:208} INFO - Processing /home/airflow/.local/lib/python3.12/site-packages/airflow/example_dags/example_branch_python_dop_operator_3.py took 0.186 seconds
[2024-10-11T03:36:02.976+0000] {processor.py:186} INFO - Started process (PID=505) to work on /home/airflow/.local/lib/python3.12/site-packages/airflow/example_dags/example_branch_python_dop_operator_3.py
[2024-10-11T03:36:02.977+0000] {processor.py:914} INFO - Processing file /home/airflow/.local/lib/python3.12/site-packages/airflow/example_dags/example_branch_python_dop_operator_3.py for tasks to queue
[2024-10-11T03:36:02.980+0000] {logging_mixin.py:190} INFO - [2024-10-11T03:36:02.980+0000] {dagbag.py:588} INFO - Filling up the DagBag from /home/airflow/.local/lib/python3.12/site-packages/airflow/example_dags/example_branch_python_dop_operator_3.py
[2024-10-11T03:36:02.992+0000] {processor.py:925} INFO - DAG(s) 'example_branch_dop_operator_v3' retrieved from /home/airflow/.local/lib/python3.12/site-packages/airflow/example_dags/example_branch_python_dop_operator_3.py
[2024-10-11T03:36:03.016+0000] {logging_mixin.py:190} INFO - [2024-10-11T03:36:03.015+0000] {dag.py:3239} INFO - Sync 1 DAGs
[2024-10-11T03:36:03.047+0000] {logging_mixin.py:190} INFO - [2024-10-11T03:36:03.047+0000] {dag.py:4180} INFO - Setting next_dagrun for example_branch_dop_operator_v3 to 2024-10-11 03:35:00+00:00, run_after=2024-10-11 03:36:00+00:00
[2024-10-11T03:36:03.070+0000] {processor.py:208} INFO - Processing /home/airflow/.local/lib/python3.12/site-packages/airflow/example_dags/example_branch_python_dop_operator_3.py took 0.103 seconds
[2024-10-11T03:36:33.809+0000] {processor.py:186} INFO - Started process (PID=571) to work on /home/airflow/.local/lib/python3.12/site-packages/airflow/example_dags/example_branch_python_dop_operator_3.py
[2024-10-11T03:36:33.810+0000] {processor.py:914} INFO - Processing file /home/airflow/.local/lib/python3.12/site-packages/airflow/example_dags/example_branch_python_dop_operator_3.py for tasks to queue
[2024-10-11T03:36:33.814+0000] {logging_mixin.py:190} INFO - [2024-10-11T03:36:33.814+0000] {dagbag.py:588} INFO - Filling up the DagBag from /home/airflow/.local/lib/python3.12/site-packages/airflow/example_dags/example_branch_python_dop_operator_3.py
[2024-10-11T03:36:33.831+0000] {processor.py:925} INFO - DAG(s) 'example_branch_dop_operator_v3' retrieved from /home/airflow/.local/lib/python3.12/site-packages/airflow/example_dags/example_branch_python_dop_operator_3.py
[2024-10-11T03:36:33.867+0000] {logging_mixin.py:190} INFO - [2024-10-11T03:36:33.866+0000] {dag.py:3239} INFO - Sync 1 DAGs
[2024-10-11T03:36:33.949+0000] {logging_mixin.py:190} INFO - [2024-10-11T03:36:33.949+0000] {dag.py:4180} INFO - Setting next_dagrun for example_branch_dop_operator_v3 to 2024-10-11 03:35:00+00:00, run_after=2024-10-11 03:36:00+00:00
[2024-10-11T03:36:33.983+0000] {processor.py:208} INFO - Processing /home/airflow/.local/lib/python3.12/site-packages/airflow/example_dags/example_branch_python_dop_operator_3.py took 0.200 seconds
[2024-10-11T03:37:04.097+0000] {processor.py:186} INFO - Started process (PID=637) to work on /home/airflow/.local/lib/python3.12/site-packages/airflow/example_dags/example_branch_python_dop_operator_3.py
[2024-10-11T03:37:04.098+0000] {processor.py:914} INFO - Processing file /home/airflow/.local/lib/python3.12/site-packages/airflow/example_dags/example_branch_python_dop_operator_3.py for tasks to queue
[2024-10-11T03:37:04.102+0000] {logging_mixin.py:190} INFO - [2024-10-11T03:37:04.101+0000] {dagbag.py:588} INFO - Filling up the DagBag from /home/airflow/.local/lib/python3.12/site-packages/airflow/example_dags/example_branch_python_dop_operator_3.py
[2024-10-11T03:37:04.118+0000] {processor.py:925} INFO - DAG(s) 'example_branch_dop_operator_v3' retrieved from /home/airflow/.local/lib/python3.12/site-packages/airflow/example_dags/example_branch_python_dop_operator_3.py
[2024-10-11T03:37:04.156+0000] {logging_mixin.py:190} INFO - [2024-10-11T03:37:04.156+0000] {dag.py:3239} INFO - Sync 1 DAGs
[2024-10-11T03:37:04.194+0000] {logging_mixin.py:190} INFO - [2024-10-11T03:37:04.193+0000] {dag.py:4180} INFO - Setting next_dagrun for example_branch_dop_operator_v3 to 2024-10-11 03:36:00+00:00, run_after=2024-10-11 03:37:00+00:00
[2024-10-11T03:37:04.227+0000] {processor.py:208} INFO - Processing /home/airflow/.local/lib/python3.12/site-packages/airflow/example_dags/example_branch_python_dop_operator_3.py took 0.143 seconds
[2024-10-11T03:37:34.826+0000] {processor.py:186} INFO - Started process (PID=703) to work on /home/airflow/.local/lib/python3.12/site-packages/airflow/example_dags/example_branch_python_dop_operator_3.py
[2024-10-11T03:37:34.827+0000] {processor.py:914} INFO - Processing file /home/airflow/.local/lib/python3.12/site-packages/airflow/example_dags/example_branch_python_dop_operator_3.py for tasks to queue
[2024-10-11T03:37:34.831+0000] {logging_mixin.py:190} INFO - [2024-10-11T03:37:34.830+0000] {dagbag.py:588} INFO - Filling up the DagBag from /home/airflow/.local/lib/python3.12/site-packages/airflow/example_dags/example_branch_python_dop_operator_3.py
[2024-10-11T03:37:34.846+0000] {processor.py:925} INFO - DAG(s) 'example_branch_dop_operator_v3' retrieved from /home/airflow/.local/lib/python3.12/site-packages/airflow/example_dags/example_branch_python_dop_operator_3.py
[2024-10-11T03:37:34.870+0000] {logging_mixin.py:190} INFO - [2024-10-11T03:37:34.870+0000] {dag.py:3239} INFO - Sync 1 DAGs
[2024-10-11T03:37:34.915+0000] {logging_mixin.py:190} INFO - [2024-10-11T03:37:34.915+0000] {dag.py:4180} INFO - Setting next_dagrun for example_branch_dop_operator_v3 to 2024-10-11 03:36:00+00:00, run_after=2024-10-11 03:37:00+00:00
[2024-10-11T03:37:34.949+0000] {processor.py:208} INFO - Processing /home/airflow/.local/lib/python3.12/site-packages/airflow/example_dags/example_branch_python_dop_operator_3.py took 0.132 seconds
[2024-10-11T03:38:05.068+0000] {processor.py:186} INFO - Started process (PID=769) to work on /home/airflow/.local/lib/python3.12/site-packages/airflow/example_dags/example_branch_python_dop_operator_3.py
[2024-10-11T03:38:05.069+0000] {processor.py:914} INFO - Processing file /home/airflow/.local/lib/python3.12/site-packages/airflow/example_dags/example_branch_python_dop_operator_3.py for tasks to queue
[2024-10-11T03:38:05.072+0000] {logging_mixin.py:190} INFO - [2024-10-11T03:38:05.072+0000] {dagbag.py:588} INFO - Filling up the DagBag from /home/airflow/.local/lib/python3.12/site-packages/airflow/example_dags/example_branch_python_dop_operator_3.py
[2024-10-11T03:38:05.084+0000] {processor.py:925} INFO - DAG(s) 'example_branch_dop_operator_v3' retrieved from /home/airflow/.local/lib/python3.12/site-packages/airflow/example_dags/example_branch_python_dop_operator_3.py
[2024-10-11T03:38:05.111+0000] {logging_mixin.py:190} INFO - [2024-10-11T03:38:05.111+0000] {dag.py:3239} INFO - Sync 1 DAGs
[2024-10-11T03:38:05.143+0000] {logging_mixin.py:190} INFO - [2024-10-11T03:38:05.143+0000] {dag.py:4180} INFO - Setting next_dagrun for example_branch_dop_operator_v3 to 2024-10-11 03:37:00+00:00, run_after=2024-10-11 03:38:00+00:00
[2024-10-11T03:38:05.161+0000] {processor.py:208} INFO - Processing /home/airflow/.local/lib/python3.12/site-packages/airflow/example_dags/example_branch_python_dop_operator_3.py took 0.100 seconds
[2024-10-11T03:38:35.922+0000] {processor.py:186} INFO - Started process (PID=835) to work on /home/airflow/.local/lib/python3.12/site-packages/airflow/example_dags/example_branch_python_dop_operator_3.py
[2024-10-11T03:38:35.923+0000] {processor.py:914} INFO - Processing file /home/airflow/.local/lib/python3.12/site-packages/airflow/example_dags/example_branch_python_dop_operator_3.py for tasks to queue
[2024-10-11T03:38:35.927+0000] {logging_mixin.py:190} INFO - [2024-10-11T03:38:35.926+0000] {dagbag.py:588} INFO - Filling up the DagBag from /home/airflow/.local/lib/python3.12/site-packages/airflow/example_dags/example_branch_python_dop_operator_3.py
[2024-10-11T03:38:35.940+0000] {processor.py:925} INFO - DAG(s) 'example_branch_dop_operator_v3' retrieved from /home/airflow/.local/lib/python3.12/site-packages/airflow/example_dags/example_branch_python_dop_operator_3.py
[2024-10-11T03:38:35.967+0000] {logging_mixin.py:190} INFO - [2024-10-11T03:38:35.967+0000] {dag.py:3239} INFO - Sync 1 DAGs
[2024-10-11T03:38:36.002+0000] {logging_mixin.py:190} INFO - [2024-10-11T03:38:36.001+0000] {dag.py:4180} INFO - Setting next_dagrun for example_branch_dop_operator_v3 to 2024-10-11 03:37:00+00:00, run_after=2024-10-11 03:38:00+00:00
[2024-10-11T03:38:36.021+0000] {processor.py:208} INFO - Processing /home/airflow/.local/lib/python3.12/site-packages/airflow/example_dags/example_branch_python_dop_operator_3.py took 0.108 seconds
[2024-10-11T03:39:06.634+0000] {processor.py:186} INFO - Started process (PID=901) to work on /home/airflow/.local/lib/python3.12/site-packages/airflow/example_dags/example_branch_python_dop_operator_3.py
[2024-10-11T03:39:06.635+0000] {processor.py:914} INFO - Processing file /home/airflow/.local/lib/python3.12/site-packages/airflow/example_dags/example_branch_python_dop_operator_3.py for tasks to queue
[2024-10-11T03:39:06.639+0000] {logging_mixin.py:190} INFO - [2024-10-11T03:39:06.638+0000] {dagbag.py:588} INFO - Filling up the DagBag from /home/airflow/.local/lib/python3.12/site-packages/airflow/example_dags/example_branch_python_dop_operator_3.py
[2024-10-11T03:39:06.650+0000] {processor.py:925} INFO - DAG(s) 'example_branch_dop_operator_v3' retrieved from /home/airflow/.local/lib/python3.12/site-packages/airflow/example_dags/example_branch_python_dop_operator_3.py
[2024-10-11T03:39:06.678+0000] {logging_mixin.py:190} INFO - [2024-10-11T03:39:06.677+0000] {dag.py:3239} INFO - Sync 1 DAGs
[2024-10-11T03:39:06.733+0000] {logging_mixin.py:190} INFO - [2024-10-11T03:39:06.733+0000] {dag.py:4180} INFO - Setting next_dagrun for example_branch_dop_operator_v3 to 2024-10-11 03:38:00+00:00, run_after=2024-10-11 03:39:00+00:00
[2024-10-11T03:39:06.777+0000] {processor.py:208} INFO - Processing /home/airflow/.local/lib/python3.12/site-packages/airflow/example_dags/example_branch_python_dop_operator_3.py took 0.150 seconds
[2024-10-11T03:39:37.335+0000] {processor.py:186} INFO - Started process (PID=967) to work on /home/airflow/.local/lib/python3.12/site-packages/airflow/example_dags/example_branch_python_dop_operator_3.py
[2024-10-11T03:39:37.336+0000] {processor.py:914} INFO - Processing file /home/airflow/.local/lib/python3.12/site-packages/airflow/example_dags/example_branch_python_dop_operator_3.py for tasks to queue
[2024-10-11T03:39:37.341+0000] {logging_mixin.py:190} INFO - [2024-10-11T03:39:37.340+0000] {dagbag.py:588} INFO - Filling up the DagBag from /home/airflow/.local/lib/python3.12/site-packages/airflow/example_dags/example_branch_python_dop_operator_3.py
[2024-10-11T03:39:37.367+0000] {processor.py:925} INFO - DAG(s) 'example_branch_dop_operator_v3' retrieved from /home/airflow/.local/lib/python3.12/site-packages/airflow/example_dags/example_branch_python_dop_operator_3.py
[2024-10-11T03:39:37.429+0000] {logging_mixin.py:190} INFO - [2024-10-11T03:39:37.428+0000] {dag.py:3239} INFO - Sync 1 DAGs
[2024-10-11T03:39:37.486+0000] {logging_mixin.py:190} INFO - [2024-10-11T03:39:37.486+0000] {dag.py:4180} INFO - Setting next_dagrun for example_branch_dop_operator_v3 to 2024-10-11 03:38:00+00:00, run_after=2024-10-11 03:39:00+00:00
[2024-10-11T03:39:37.520+0000] {processor.py:208} INFO - Processing /home/airflow/.local/lib/python3.12/site-packages/airflow/example_dags/example_branch_python_dop_operator_3.py took 0.198 seconds
[2024-10-11T03:40:08.575+0000] {processor.py:186} INFO - Started process (PID=1033) to work on /home/airflow/.local/lib/python3.12/site-packages/airflow/example_dags/example_branch_python_dop_operator_3.py
[2024-10-11T03:40:08.576+0000] {processor.py:914} INFO - Processing file /home/airflow/.local/lib/python3.12/site-packages/airflow/example_dags/example_branch_python_dop_operator_3.py for tasks to queue
[2024-10-11T03:40:08.579+0000] {logging_mixin.py:190} INFO - [2024-10-11T03:40:08.579+0000] {dagbag.py:588} INFO - Filling up the DagBag from /home/airflow/.local/lib/python3.12/site-packages/airflow/example_dags/example_branch_python_dop_operator_3.py
[2024-10-11T03:40:08.591+0000] {processor.py:925} INFO - DAG(s) 'example_branch_dop_operator_v3' retrieved from /home/airflow/.local/lib/python3.12/site-packages/airflow/example_dags/example_branch_python_dop_operator_3.py
[2024-10-11T03:40:08.616+0000] {logging_mixin.py:190} INFO - [2024-10-11T03:40:08.615+0000] {dag.py:3239} INFO - Sync 1 DAGs
[2024-10-11T03:40:08.647+0000] {logging_mixin.py:190} INFO - [2024-10-11T03:40:08.647+0000] {dag.py:4180} INFO - Setting next_dagrun for example_branch_dop_operator_v3 to 2024-10-11 03:39:00+00:00, run_after=2024-10-11 03:40:00+00:00
[2024-10-11T03:40:08.669+0000] {processor.py:208} INFO - Processing /home/airflow/.local/lib/python3.12/site-packages/airflow/example_dags/example_branch_python_dop_operator_3.py took 0.100 seconds
[2024-10-11T03:40:39.500+0000] {processor.py:186} INFO - Started process (PID=1099) to work on /home/airflow/.local/lib/python3.12/site-packages/airflow/example_dags/example_branch_python_dop_operator_3.py
[2024-10-11T03:40:39.501+0000] {processor.py:914} INFO - Processing file /home/airflow/.local/lib/python3.12/site-packages/airflow/example_dags/example_branch_python_dop_operator_3.py for tasks to queue
[2024-10-11T03:40:39.504+0000] {logging_mixin.py:190} INFO - [2024-10-11T03:40:39.504+0000] {dagbag.py:588} INFO - Filling up the DagBag from /home/airflow/.local/lib/python3.12/site-packages/airflow/example_dags/example_branch_python_dop_operator_3.py
[2024-10-11T03:40:39.517+0000] {processor.py:925} INFO - DAG(s) 'example_branch_dop_operator_v3' retrieved from /home/airflow/.local/lib/python3.12/site-packages/airflow/example_dags/example_branch_python_dop_operator_3.py
[2024-10-11T03:40:39.545+0000] {logging_mixin.py:190} INFO - [2024-10-11T03:40:39.545+0000] {dag.py:3239} INFO - Sync 1 DAGs
[2024-10-11T03:40:39.576+0000] {logging_mixin.py:190} INFO - [2024-10-11T03:40:39.576+0000] {dag.py:4180} INFO - Setting next_dagrun for example_branch_dop_operator_v3 to 2024-10-11 03:39:00+00:00, run_after=2024-10-11 03:40:00+00:00
[2024-10-11T03:40:39.601+0000] {processor.py:208} INFO - Processing /home/airflow/.local/lib/python3.12/site-packages/airflow/example_dags/example_branch_python_dop_operator_3.py took 0.109 seconds
[2024-10-11T03:41:10.447+0000] {processor.py:186} INFO - Started process (PID=1165) to work on /home/airflow/.local/lib/python3.12/site-packages/airflow/example_dags/example_branch_python_dop_operator_3.py
[2024-10-11T03:41:10.448+0000] {processor.py:914} INFO - Processing file /home/airflow/.local/lib/python3.12/site-packages/airflow/example_dags/example_branch_python_dop_operator_3.py for tasks to queue
[2024-10-11T03:41:10.452+0000] {logging_mixin.py:190} INFO - [2024-10-11T03:41:10.452+0000] {dagbag.py:588} INFO - Filling up the DagBag from /home/airflow/.local/lib/python3.12/site-packages/airflow/example_dags/example_branch_python_dop_operator_3.py
[2024-10-11T03:41:10.466+0000] {processor.py:925} INFO - DAG(s) 'example_branch_dop_operator_v3' retrieved from /home/airflow/.local/lib/python3.12/site-packages/airflow/example_dags/example_branch_python_dop_operator_3.py
[2024-10-11T03:41:10.491+0000] {logging_mixin.py:190} INFO - [2024-10-11T03:41:10.490+0000] {dag.py:3239} INFO - Sync 1 DAGs
[2024-10-11T03:41:10.537+0000] {logging_mixin.py:190} INFO - [2024-10-11T03:41:10.537+0000] {dag.py:4180} INFO - Setting next_dagrun for example_branch_dop_operator_v3 to 2024-10-11 03:40:00+00:00, run_after=2024-10-11 03:41:00+00:00
[2024-10-11T03:41:10.555+0000] {processor.py:208} INFO - Processing /home/airflow/.local/lib/python3.12/site-packages/airflow/example_dags/example_branch_python_dop_operator_3.py took 0.118 seconds
[2024-10-11T03:41:41.361+0000] {processor.py:186} INFO - Started process (PID=1231) to work on /home/airflow/.local/lib/python3.12/site-packages/airflow/example_dags/example_branch_python_dop_operator_3.py
[2024-10-11T03:41:41.362+0000] {processor.py:914} INFO - Processing file /home/airflow/.local/lib/python3.12/site-packages/airflow/example_dags/example_branch_python_dop_operator_3.py for tasks to queue
[2024-10-11T03:41:41.365+0000] {logging_mixin.py:190} INFO - [2024-10-11T03:41:41.364+0000] {dagbag.py:588} INFO - Filling up the DagBag from /home/airflow/.local/lib/python3.12/site-packages/airflow/example_dags/example_branch_python_dop_operator_3.py
[2024-10-11T03:41:41.382+0000] {processor.py:925} INFO - DAG(s) 'example_branch_dop_operator_v3' retrieved from /home/airflow/.local/lib/python3.12/site-packages/airflow/example_dags/example_branch_python_dop_operator_3.py
[2024-10-11T03:41:41.406+0000] {logging_mixin.py:190} INFO - [2024-10-11T03:41:41.405+0000] {dag.py:3239} INFO - Sync 1 DAGs
[2024-10-11T03:41:41.440+0000] {logging_mixin.py:190} INFO - [2024-10-11T03:41:41.440+0000] {dag.py:4180} INFO - Setting next_dagrun for example_branch_dop_operator_v3 to 2024-10-11 03:40:00+00:00, run_after=2024-10-11 03:41:00+00:00
[2024-10-11T03:41:41.462+0000] {processor.py:208} INFO - Processing /home/airflow/.local/lib/python3.12/site-packages/airflow/example_dags/example_branch_python_dop_operator_3.py took 0.109 seconds
[2024-10-11T03:42:11.611+0000] {processor.py:186} INFO - Started process (PID=1297) to work on /home/airflow/.local/lib/python3.12/site-packages/airflow/example_dags/example_branch_python_dop_operator_3.py
[2024-10-11T03:42:11.612+0000] {processor.py:914} INFO - Processing file /home/airflow/.local/lib/python3.12/site-packages/airflow/example_dags/example_branch_python_dop_operator_3.py for tasks to queue
[2024-10-11T03:42:11.615+0000] {logging_mixin.py:190} INFO - [2024-10-11T03:42:11.614+0000] {dagbag.py:588} INFO - Filling up the DagBag from /home/airflow/.local/lib/python3.12/site-packages/airflow/example_dags/example_branch_python_dop_operator_3.py
[2024-10-11T03:42:11.631+0000] {processor.py:925} INFO - DAG(s) 'example_branch_dop_operator_v3' retrieved from /home/airflow/.local/lib/python3.12/site-packages/airflow/example_dags/example_branch_python_dop_operator_3.py
[2024-10-11T03:42:11.665+0000] {logging_mixin.py:190} INFO - [2024-10-11T03:42:11.665+0000] {dag.py:3239} INFO - Sync 1 DAGs
[2024-10-11T03:42:11.712+0000] {logging_mixin.py:190} INFO - [2024-10-11T03:42:11.711+0000] {dag.py:4180} INFO - Setting next_dagrun for example_branch_dop_operator_v3 to 2024-10-11 03:41:00+00:00, run_after=2024-10-11 03:42:00+00:00
[2024-10-11T03:42:11.736+0000] {processor.py:208} INFO - Processing /home/airflow/.local/lib/python3.12/site-packages/airflow/example_dags/example_branch_python_dop_operator_3.py took 0.132 seconds
[2024-10-11T03:42:42.432+0000] {processor.py:186} INFO - Started process (PID=1363) to work on /home/airflow/.local/lib/python3.12/site-packages/airflow/example_dags/example_branch_python_dop_operator_3.py
[2024-10-11T03:42:42.434+0000] {processor.py:914} INFO - Processing file /home/airflow/.local/lib/python3.12/site-packages/airflow/example_dags/example_branch_python_dop_operator_3.py for tasks to queue
[2024-10-11T03:42:42.437+0000] {logging_mixin.py:190} INFO - [2024-10-11T03:42:42.437+0000] {dagbag.py:588} INFO - Filling up the DagBag from /home/airflow/.local/lib/python3.12/site-packages/airflow/example_dags/example_branch_python_dop_operator_3.py
[2024-10-11T03:42:42.450+0000] {processor.py:925} INFO - DAG(s) 'example_branch_dop_operator_v3' retrieved from /home/airflow/.local/lib/python3.12/site-packages/airflow/example_dags/example_branch_python_dop_operator_3.py
[2024-10-11T03:42:42.474+0000] {logging_mixin.py:190} INFO - [2024-10-11T03:42:42.474+0000] {dag.py:3239} INFO - Sync 1 DAGs
[2024-10-11T03:42:42.516+0000] {logging_mixin.py:190} INFO - [2024-10-11T03:42:42.515+0000] {dag.py:4180} INFO - Setting next_dagrun for example_branch_dop_operator_v3 to 2024-10-11 03:41:00+00:00, run_after=2024-10-11 03:42:00+00:00
[2024-10-11T03:42:42.558+0000] {processor.py:208} INFO - Processing /home/airflow/.local/lib/python3.12/site-packages/airflow/example_dags/example_branch_python_dop_operator_3.py took 0.134 seconds
[2024-10-11T03:43:13.504+0000] {processor.py:186} INFO - Started process (PID=1431) to work on /home/airflow/.local/lib/python3.12/site-packages/airflow/example_dags/example_branch_python_dop_operator_3.py
[2024-10-11T03:43:13.505+0000] {processor.py:914} INFO - Processing file /home/airflow/.local/lib/python3.12/site-packages/airflow/example_dags/example_branch_python_dop_operator_3.py for tasks to queue
[2024-10-11T03:43:13.508+0000] {logging_mixin.py:190} INFO - [2024-10-11T03:43:13.508+0000] {dagbag.py:588} INFO - Filling up the DagBag from /home/airflow/.local/lib/python3.12/site-packages/airflow/example_dags/example_branch_python_dop_operator_3.py
[2024-10-11T03:43:13.521+0000] {processor.py:925} INFO - DAG(s) 'example_branch_dop_operator_v3' retrieved from /home/airflow/.local/lib/python3.12/site-packages/airflow/example_dags/example_branch_python_dop_operator_3.py
[2024-10-11T03:43:13.544+0000] {logging_mixin.py:190} INFO - [2024-10-11T03:43:13.543+0000] {dag.py:3239} INFO - Sync 1 DAGs
[2024-10-11T03:43:13.576+0000] {logging_mixin.py:190} INFO - [2024-10-11T03:43:13.576+0000] {dag.py:4180} INFO - Setting next_dagrun for example_branch_dop_operator_v3 to 2024-10-11 03:42:00+00:00, run_after=2024-10-11 03:43:00+00:00
[2024-10-11T03:43:13.596+0000] {processor.py:208} INFO - Processing /home/airflow/.local/lib/python3.12/site-packages/airflow/example_dags/example_branch_python_dop_operator_3.py took 0.101 seconds
[2024-10-11T03:43:44.220+0000] {processor.py:186} INFO - Started process (PID=1498) to work on /home/airflow/.local/lib/python3.12/site-packages/airflow/example_dags/example_branch_python_dop_operator_3.py
[2024-10-11T03:43:44.221+0000] {processor.py:914} INFO - Processing file /home/airflow/.local/lib/python3.12/site-packages/airflow/example_dags/example_branch_python_dop_operator_3.py for tasks to queue
[2024-10-11T03:43:44.224+0000] {logging_mixin.py:190} INFO - [2024-10-11T03:43:44.223+0000] {dagbag.py:588} INFO - Filling up the DagBag from /home/airflow/.local/lib/python3.12/site-packages/airflow/example_dags/example_branch_python_dop_operator_3.py
[2024-10-11T03:43:44.237+0000] {processor.py:925} INFO - DAG(s) 'example_branch_dop_operator_v3' retrieved from /home/airflow/.local/lib/python3.12/site-packages/airflow/example_dags/example_branch_python_dop_operator_3.py
[2024-10-11T03:43:44.265+0000] {logging_mixin.py:190} INFO - [2024-10-11T03:43:44.264+0000] {dag.py:3239} INFO - Sync 1 DAGs
[2024-10-11T03:43:44.301+0000] {logging_mixin.py:190} INFO - [2024-10-11T03:43:44.301+0000] {dag.py:4180} INFO - Setting next_dagrun for example_branch_dop_operator_v3 to 2024-10-11 03:42:00+00:00, run_after=2024-10-11 03:43:00+00:00
[2024-10-11T03:43:44.326+0000] {processor.py:208} INFO - Processing /home/airflow/.local/lib/python3.12/site-packages/airflow/example_dags/example_branch_python_dop_operator_3.py took 0.114 seconds
[2024-10-11T03:44:14.837+0000] {processor.py:186} INFO - Started process (PID=1565) to work on /home/airflow/.local/lib/python3.12/site-packages/airflow/example_dags/example_branch_python_dop_operator_3.py
[2024-10-11T03:44:14.838+0000] {processor.py:914} INFO - Processing file /home/airflow/.local/lib/python3.12/site-packages/airflow/example_dags/example_branch_python_dop_operator_3.py for tasks to queue
[2024-10-11T03:44:14.841+0000] {logging_mixin.py:190} INFO - [2024-10-11T03:44:14.841+0000] {dagbag.py:588} INFO - Filling up the DagBag from /home/airflow/.local/lib/python3.12/site-packages/airflow/example_dags/example_branch_python_dop_operator_3.py
[2024-10-11T03:44:14.857+0000] {processor.py:925} INFO - DAG(s) 'example_branch_dop_operator_v3' retrieved from /home/airflow/.local/lib/python3.12/site-packages/airflow/example_dags/example_branch_python_dop_operator_3.py
[2024-10-11T03:44:14.881+0000] {logging_mixin.py:190} INFO - [2024-10-11T03:44:14.881+0000] {dag.py:3239} INFO - Sync 1 DAGs
[2024-10-11T03:44:14.919+0000] {logging_mixin.py:190} INFO - [2024-10-11T03:44:14.919+0000] {dag.py:4180} INFO - Setting next_dagrun for example_branch_dop_operator_v3 to 2024-10-11 03:43:00+00:00, run_after=2024-10-11 03:44:00+00:00
[2024-10-11T03:44:14.941+0000] {processor.py:208} INFO - Processing /home/airflow/.local/lib/python3.12/site-packages/airflow/example_dags/example_branch_python_dop_operator_3.py took 0.111 seconds
[2024-10-11T03:44:45.523+0000] {processor.py:186} INFO - Started process (PID=1632) to work on /home/airflow/.local/lib/python3.12/site-packages/airflow/example_dags/example_branch_python_dop_operator_3.py
[2024-10-11T03:44:45.524+0000] {processor.py:914} INFO - Processing file /home/airflow/.local/lib/python3.12/site-packages/airflow/example_dags/example_branch_python_dop_operator_3.py for tasks to queue
[2024-10-11T03:44:45.527+0000] {logging_mixin.py:190} INFO - [2024-10-11T03:44:45.527+0000] {dagbag.py:588} INFO - Filling up the DagBag from /home/airflow/.local/lib/python3.12/site-packages/airflow/example_dags/example_branch_python_dop_operator_3.py
[2024-10-11T03:44:45.544+0000] {processor.py:925} INFO - DAG(s) 'example_branch_dop_operator_v3' retrieved from /home/airflow/.local/lib/python3.12/site-packages/airflow/example_dags/example_branch_python_dop_operator_3.py
[2024-10-11T03:44:45.573+0000] {logging_mixin.py:190} INFO - [2024-10-11T03:44:45.572+0000] {dag.py:3239} INFO - Sync 1 DAGs
[2024-10-11T03:44:45.613+0000] {logging_mixin.py:190} INFO - [2024-10-11T03:44:45.613+0000] {dag.py:4180} INFO - Setting next_dagrun for example_branch_dop_operator_v3 to 2024-10-11 03:43:00+00:00, run_after=2024-10-11 03:44:00+00:00
[2024-10-11T03:44:45.637+0000] {processor.py:208} INFO - Processing /home/airflow/.local/lib/python3.12/site-packages/airflow/example_dags/example_branch_python_dop_operator_3.py took 0.123 seconds
[2024-10-11T03:45:16.065+0000] {processor.py:186} INFO - Started process (PID=1699) to work on /home/airflow/.local/lib/python3.12/site-packages/airflow/example_dags/example_branch_python_dop_operator_3.py
[2024-10-11T03:45:16.066+0000] {processor.py:914} INFO - Processing file /home/airflow/.local/lib/python3.12/site-packages/airflow/example_dags/example_branch_python_dop_operator_3.py for tasks to queue
[2024-10-11T03:45:16.068+0000] {logging_mixin.py:190} INFO - [2024-10-11T03:45:16.068+0000] {dagbag.py:588} INFO - Filling up the DagBag from /home/airflow/.local/lib/python3.12/site-packages/airflow/example_dags/example_branch_python_dop_operator_3.py
[2024-10-11T03:45:16.084+0000] {processor.py:925} INFO - DAG(s) 'example_branch_dop_operator_v3' retrieved from /home/airflow/.local/lib/python3.12/site-packages/airflow/example_dags/example_branch_python_dop_operator_3.py
[2024-10-11T03:45:16.112+0000] {logging_mixin.py:190} INFO - [2024-10-11T03:45:16.112+0000] {dag.py:3239} INFO - Sync 1 DAGs
[2024-10-11T03:45:16.154+0000] {logging_mixin.py:190} INFO - [2024-10-11T03:45:16.154+0000] {dag.py:4180} INFO - Setting next_dagrun for example_branch_dop_operator_v3 to 2024-10-11 03:44:00+00:00, run_after=2024-10-11 03:45:00+00:00
[2024-10-11T03:45:16.176+0000] {processor.py:208} INFO - Processing /home/airflow/.local/lib/python3.12/site-packages/airflow/example_dags/example_branch_python_dop_operator_3.py took 0.126 seconds
[2024-10-11T03:45:47.055+0000] {processor.py:186} INFO - Started process (PID=1767) to work on /home/airflow/.local/lib/python3.12/site-packages/airflow/example_dags/example_branch_python_dop_operator_3.py
[2024-10-11T03:45:47.057+0000] {processor.py:914} INFO - Processing file /home/airflow/.local/lib/python3.12/site-packages/airflow/example_dags/example_branch_python_dop_operator_3.py for tasks to queue
[2024-10-11T03:45:47.059+0000] {logging_mixin.py:190} INFO - [2024-10-11T03:45:47.059+0000] {dagbag.py:588} INFO - Filling up the DagBag from /home/airflow/.local/lib/python3.12/site-packages/airflow/example_dags/example_branch_python_dop_operator_3.py
[2024-10-11T03:45:47.072+0000] {processor.py:925} INFO - DAG(s) 'example_branch_dop_operator_v3' retrieved from /home/airflow/.local/lib/python3.12/site-packages/airflow/example_dags/example_branch_python_dop_operator_3.py
[2024-10-11T03:45:47.096+0000] {logging_mixin.py:190} INFO - [2024-10-11T03:45:47.096+0000] {dag.py:3239} INFO - Sync 1 DAGs
[2024-10-11T03:45:47.129+0000] {logging_mixin.py:190} INFO - [2024-10-11T03:45:47.129+0000] {dag.py:4180} INFO - Setting next_dagrun for example_branch_dop_operator_v3 to 2024-10-11 03:44:00+00:00, run_after=2024-10-11 03:45:00+00:00
[2024-10-11T03:45:47.148+0000] {processor.py:208} INFO - Processing /home/airflow/.local/lib/python3.12/site-packages/airflow/example_dags/example_branch_python_dop_operator_3.py took 0.100 seconds
[2024-10-11T03:46:17.241+0000] {processor.py:186} INFO - Started process (PID=1834) to work on /home/airflow/.local/lib/python3.12/site-packages/airflow/example_dags/example_branch_python_dop_operator_3.py
[2024-10-11T03:46:17.242+0000] {processor.py:914} INFO - Processing file /home/airflow/.local/lib/python3.12/site-packages/airflow/example_dags/example_branch_python_dop_operator_3.py for tasks to queue
[2024-10-11T03:46:17.245+0000] {logging_mixin.py:190} INFO - [2024-10-11T03:46:17.245+0000] {dagbag.py:588} INFO - Filling up the DagBag from /home/airflow/.local/lib/python3.12/site-packages/airflow/example_dags/example_branch_python_dop_operator_3.py
[2024-10-11T03:46:17.260+0000] {processor.py:925} INFO - DAG(s) 'example_branch_dop_operator_v3' retrieved from /home/airflow/.local/lib/python3.12/site-packages/airflow/example_dags/example_branch_python_dop_operator_3.py
[2024-10-11T03:46:17.285+0000] {logging_mixin.py:190} INFO - [2024-10-11T03:46:17.285+0000] {dag.py:3239} INFO - Sync 1 DAGs
[2024-10-11T03:46:17.318+0000] {logging_mixin.py:190} INFO - [2024-10-11T03:46:17.318+0000] {dag.py:4180} INFO - Setting next_dagrun for example_branch_dop_operator_v3 to 2024-10-11 03:45:00+00:00, run_after=2024-10-11 03:46:00+00:00
[2024-10-11T03:46:17.340+0000] {processor.py:208} INFO - Processing /home/airflow/.local/lib/python3.12/site-packages/airflow/example_dags/example_branch_python_dop_operator_3.py took 0.106 seconds
[2024-10-11T03:46:48.330+0000] {processor.py:186} INFO - Started process (PID=1900) to work on /home/airflow/.local/lib/python3.12/site-packages/airflow/example_dags/example_branch_python_dop_operator_3.py
[2024-10-11T03:46:48.332+0000] {processor.py:914} INFO - Processing file /home/airflow/.local/lib/python3.12/site-packages/airflow/example_dags/example_branch_python_dop_operator_3.py for tasks to queue
[2024-10-11T03:46:48.335+0000] {logging_mixin.py:190} INFO - [2024-10-11T03:46:48.335+0000] {dagbag.py:588} INFO - Filling up the DagBag from /home/airflow/.local/lib/python3.12/site-packages/airflow/example_dags/example_branch_python_dop_operator_3.py
[2024-10-11T03:46:48.357+0000] {processor.py:925} INFO - DAG(s) 'example_branch_dop_operator_v3' retrieved from /home/airflow/.local/lib/python3.12/site-packages/airflow/example_dags/example_branch_python_dop_operator_3.py
[2024-10-11T03:46:48.397+0000] {logging_mixin.py:190} INFO - [2024-10-11T03:46:48.396+0000] {dag.py:3239} INFO - Sync 1 DAGs
[2024-10-11T03:46:48.458+0000] {logging_mixin.py:190} INFO - [2024-10-11T03:46:48.457+0000] {dag.py:4180} INFO - Setting next_dagrun for example_branch_dop_operator_v3 to 2024-10-11 03:45:00+00:00, run_after=2024-10-11 03:46:00+00:00
[2024-10-11T03:46:48.488+0000] {processor.py:208} INFO - Processing /home/airflow/.local/lib/python3.12/site-packages/airflow/example_dags/example_branch_python_dop_operator_3.py took 0.175 seconds
[2024-10-11T03:47:19.255+0000] {processor.py:186} INFO - Started process (PID=1967) to work on /home/airflow/.local/lib/python3.12/site-packages/airflow/example_dags/example_branch_python_dop_operator_3.py
[2024-10-11T03:47:19.256+0000] {processor.py:914} INFO - Processing file /home/airflow/.local/lib/python3.12/site-packages/airflow/example_dags/example_branch_python_dop_operator_3.py for tasks to queue
[2024-10-11T03:47:19.260+0000] {logging_mixin.py:190} INFO - [2024-10-11T03:47:19.260+0000] {dagbag.py:588} INFO - Filling up the DagBag from /home/airflow/.local/lib/python3.12/site-packages/airflow/example_dags/example_branch_python_dop_operator_3.py
[2024-10-11T03:47:19.277+0000] {processor.py:925} INFO - DAG(s) 'example_branch_dop_operator_v3' retrieved from /home/airflow/.local/lib/python3.12/site-packages/airflow/example_dags/example_branch_python_dop_operator_3.py
[2024-10-11T03:47:19.317+0000] {logging_mixin.py:190} INFO - [2024-10-11T03:47:19.316+0000] {dag.py:3239} INFO - Sync 1 DAGs
[2024-10-11T03:47:19.369+0000] {logging_mixin.py:190} INFO - [2024-10-11T03:47:19.369+0000] {dag.py:4180} INFO - Setting next_dagrun for example_branch_dop_operator_v3 to 2024-10-11 03:46:00+00:00, run_after=2024-10-11 03:47:00+00:00
[2024-10-11T03:47:19.401+0000] {processor.py:208} INFO - Processing /home/airflow/.local/lib/python3.12/site-packages/airflow/example_dags/example_branch_python_dop_operator_3.py took 0.155 seconds
[2024-10-11T03:47:49.993+0000] {processor.py:186} INFO - Started process (PID=2034) to work on /home/airflow/.local/lib/python3.12/site-packages/airflow/example_dags/example_branch_python_dop_operator_3.py
[2024-10-11T03:47:49.995+0000] {processor.py:914} INFO - Processing file /home/airflow/.local/lib/python3.12/site-packages/airflow/example_dags/example_branch_python_dop_operator_3.py for tasks to queue
[2024-10-11T03:47:49.999+0000] {logging_mixin.py:190} INFO - [2024-10-11T03:47:49.998+0000] {dagbag.py:588} INFO - Filling up the DagBag from /home/airflow/.local/lib/python3.12/site-packages/airflow/example_dags/example_branch_python_dop_operator_3.py
[2024-10-11T03:47:50.013+0000] {processor.py:925} INFO - DAG(s) 'example_branch_dop_operator_v3' retrieved from /home/airflow/.local/lib/python3.12/site-packages/airflow/example_dags/example_branch_python_dop_operator_3.py
[2024-10-11T03:47:50.045+0000] {logging_mixin.py:190} INFO - [2024-10-11T03:47:50.045+0000] {dag.py:3239} INFO - Sync 1 DAGs
[2024-10-11T03:47:50.099+0000] {logging_mixin.py:190} INFO - [2024-10-11T03:47:50.099+0000] {dag.py:4180} INFO - Setting next_dagrun for example_branch_dop_operator_v3 to 2024-10-11 03:46:00+00:00, run_after=2024-10-11 03:47:00+00:00
[2024-10-11T03:47:50.134+0000] {processor.py:208} INFO - Processing /home/airflow/.local/lib/python3.12/site-packages/airflow/example_dags/example_branch_python_dop_operator_3.py took 0.157 seconds
[2024-10-11T03:48:21.138+0000] {processor.py:186} INFO - Started process (PID=2101) to work on /home/airflow/.local/lib/python3.12/site-packages/airflow/example_dags/example_branch_python_dop_operator_3.py
[2024-10-11T03:48:21.139+0000] {processor.py:914} INFO - Processing file /home/airflow/.local/lib/python3.12/site-packages/airflow/example_dags/example_branch_python_dop_operator_3.py for tasks to queue
[2024-10-11T03:48:21.143+0000] {logging_mixin.py:190} INFO - [2024-10-11T03:48:21.143+0000] {dagbag.py:588} INFO - Filling up the DagBag from /home/airflow/.local/lib/python3.12/site-packages/airflow/example_dags/example_branch_python_dop_operator_3.py
[2024-10-11T03:48:21.163+0000] {processor.py:925} INFO - DAG(s) 'example_branch_dop_operator_v3' retrieved from /home/airflow/.local/lib/python3.12/site-packages/airflow/example_dags/example_branch_python_dop_operator_3.py
[2024-10-11T03:48:21.228+0000] {logging_mixin.py:190} INFO - [2024-10-11T03:48:21.228+0000] {dag.py:3239} INFO - Sync 1 DAGs
[2024-10-11T03:48:21.289+0000] {logging_mixin.py:190} INFO - [2024-10-11T03:48:21.288+0000] {dag.py:4180} INFO - Setting next_dagrun for example_branch_dop_operator_v3 to 2024-10-11 03:47:00+00:00, run_after=2024-10-11 03:48:00+00:00
[2024-10-11T03:48:21.337+0000] {processor.py:208} INFO - Processing /home/airflow/.local/lib/python3.12/site-packages/airflow/example_dags/example_branch_python_dop_operator_3.py took 0.214 seconds
[2024-10-11T03:48:52.026+0000] {processor.py:186} INFO - Started process (PID=2168) to work on /home/airflow/.local/lib/python3.12/site-packages/airflow/example_dags/example_branch_python_dop_operator_3.py
[2024-10-11T03:48:52.028+0000] {processor.py:914} INFO - Processing file /home/airflow/.local/lib/python3.12/site-packages/airflow/example_dags/example_branch_python_dop_operator_3.py for tasks to queue
[2024-10-11T03:48:52.032+0000] {logging_mixin.py:190} INFO - [2024-10-11T03:48:52.032+0000] {dagbag.py:588} INFO - Filling up the DagBag from /home/airflow/.local/lib/python3.12/site-packages/airflow/example_dags/example_branch_python_dop_operator_3.py
[2024-10-11T03:48:52.048+0000] {processor.py:925} INFO - DAG(s) 'example_branch_dop_operator_v3' retrieved from /home/airflow/.local/lib/python3.12/site-packages/airflow/example_dags/example_branch_python_dop_operator_3.py
[2024-10-11T03:48:52.087+0000] {logging_mixin.py:190} INFO - [2024-10-11T03:48:52.086+0000] {dag.py:3239} INFO - Sync 1 DAGs
[2024-10-11T03:48:52.131+0000] {logging_mixin.py:190} INFO - [2024-10-11T03:48:52.131+0000] {dag.py:4180} INFO - Setting next_dagrun for example_branch_dop_operator_v3 to 2024-10-11 03:47:00+00:00, run_after=2024-10-11 03:48:00+00:00
[2024-10-11T03:48:52.155+0000] {processor.py:208} INFO - Processing /home/airflow/.local/lib/python3.12/site-packages/airflow/example_dags/example_branch_python_dop_operator_3.py took 0.145 seconds
[2024-10-11T03:49:23.142+0000] {processor.py:186} INFO - Started process (PID=2234) to work on /home/airflow/.local/lib/python3.12/site-packages/airflow/example_dags/example_branch_python_dop_operator_3.py
[2024-10-11T03:49:23.143+0000] {processor.py:914} INFO - Processing file /home/airflow/.local/lib/python3.12/site-packages/airflow/example_dags/example_branch_python_dop_operator_3.py for tasks to queue
[2024-10-11T03:49:23.146+0000] {logging_mixin.py:190} INFO - [2024-10-11T03:49:23.146+0000] {dagbag.py:588} INFO - Filling up the DagBag from /home/airflow/.local/lib/python3.12/site-packages/airflow/example_dags/example_branch_python_dop_operator_3.py
[2024-10-11T03:49:23.161+0000] {processor.py:925} INFO - DAG(s) 'example_branch_dop_operator_v3' retrieved from /home/airflow/.local/lib/python3.12/site-packages/airflow/example_dags/example_branch_python_dop_operator_3.py
[2024-10-11T03:49:23.190+0000] {logging_mixin.py:190} INFO - [2024-10-11T03:49:23.190+0000] {dag.py:3239} INFO - Sync 1 DAGs
[2024-10-11T03:49:23.236+0000] {logging_mixin.py:190} INFO - [2024-10-11T03:49:23.235+0000] {dag.py:4180} INFO - Setting next_dagrun for example_branch_dop_operator_v3 to 2024-10-11 03:48:00+00:00, run_after=2024-10-11 03:49:00+00:00
[2024-10-11T03:49:23.270+0000] {processor.py:208} INFO - Processing /home/airflow/.local/lib/python3.12/site-packages/airflow/example_dags/example_branch_python_dop_operator_3.py took 0.137 seconds
[2024-10-11T03:49:53.907+0000] {processor.py:186} INFO - Started process (PID=2300) to work on /home/airflow/.local/lib/python3.12/site-packages/airflow/example_dags/example_branch_python_dop_operator_3.py
[2024-10-11T03:49:53.909+0000] {processor.py:914} INFO - Processing file /home/airflow/.local/lib/python3.12/site-packages/airflow/example_dags/example_branch_python_dop_operator_3.py for tasks to queue
[2024-10-11T03:49:53.916+0000] {logging_mixin.py:190} INFO - [2024-10-11T03:49:53.915+0000] {dagbag.py:588} INFO - Filling up the DagBag from /home/airflow/.local/lib/python3.12/site-packages/airflow/example_dags/example_branch_python_dop_operator_3.py
[2024-10-11T03:49:53.935+0000] {processor.py:925} INFO - DAG(s) 'example_branch_dop_operator_v3' retrieved from /home/airflow/.local/lib/python3.12/site-packages/airflow/example_dags/example_branch_python_dop_operator_3.py
[2024-10-11T03:49:53.978+0000] {logging_mixin.py:190} INFO - [2024-10-11T03:49:53.978+0000] {dag.py:3239} INFO - Sync 1 DAGs
[2024-10-11T03:49:54.030+0000] {logging_mixin.py:190} INFO - [2024-10-11T03:49:54.030+0000] {dag.py:4180} INFO - Setting next_dagrun for example_branch_dop_operator_v3 to 2024-10-11 03:48:00+00:00, run_after=2024-10-11 03:49:00+00:00
[2024-10-11T03:49:54.068+0000] {processor.py:208} INFO - Processing /home/airflow/.local/lib/python3.12/site-packages/airflow/example_dags/example_branch_python_dop_operator_3.py took 0.174 seconds
[2024-10-11T03:50:25.388+0000] {processor.py:186} INFO - Started process (PID=2367) to work on /home/airflow/.local/lib/python3.12/site-packages/airflow/example_dags/example_branch_python_dop_operator_3.py
[2024-10-11T03:50:25.389+0000] {processor.py:914} INFO - Processing file /home/airflow/.local/lib/python3.12/site-packages/airflow/example_dags/example_branch_python_dop_operator_3.py for tasks to queue
[2024-10-11T03:50:25.392+0000] {logging_mixin.py:190} INFO - [2024-10-11T03:50:25.392+0000] {dagbag.py:588} INFO - Filling up the DagBag from /home/airflow/.local/lib/python3.12/site-packages/airflow/example_dags/example_branch_python_dop_operator_3.py
[2024-10-11T03:50:25.413+0000] {processor.py:925} INFO - DAG(s) 'example_branch_dop_operator_v3' retrieved from /home/airflow/.local/lib/python3.12/site-packages/airflow/example_dags/example_branch_python_dop_operator_3.py
[2024-10-11T03:50:25.441+0000] {logging_mixin.py:190} INFO - [2024-10-11T03:50:25.441+0000] {dag.py:3239} INFO - Sync 1 DAGs
[2024-10-11T03:50:25.486+0000] {logging_mixin.py:190} INFO - [2024-10-11T03:50:25.486+0000] {dag.py:4180} INFO - Setting next_dagrun for example_branch_dop_operator_v3 to 2024-10-11 03:49:00+00:00, run_after=2024-10-11 03:50:00+00:00
[2024-10-11T03:50:25.515+0000] {processor.py:208} INFO - Processing /home/airflow/.local/lib/python3.12/site-packages/airflow/example_dags/example_branch_python_dop_operator_3.py took 0.136 seconds
[2024-10-11T03:50:57.908+0000] {processor.py:186} INFO - Started process (PID=2433) to work on /home/airflow/.local/lib/python3.12/site-packages/airflow/example_dags/example_branch_python_dop_operator_3.py
[2024-10-11T03:50:57.909+0000] {processor.py:914} INFO - Processing file /home/airflow/.local/lib/python3.12/site-packages/airflow/example_dags/example_branch_python_dop_operator_3.py for tasks to queue
[2024-10-11T03:50:57.913+0000] {logging_mixin.py:190} INFO - [2024-10-11T03:50:57.912+0000] {dagbag.py:588} INFO - Filling up the DagBag from /home/airflow/.local/lib/python3.12/site-packages/airflow/example_dags/example_branch_python_dop_operator_3.py
[2024-10-11T03:50:57.933+0000] {processor.py:925} INFO - DAG(s) 'example_branch_dop_operator_v3' retrieved from /home/airflow/.local/lib/python3.12/site-packages/airflow/example_dags/example_branch_python_dop_operator_3.py
[2024-10-11T03:50:57.973+0000] {logging_mixin.py:190} INFO - [2024-10-11T03:50:57.972+0000] {dag.py:3239} INFO - Sync 1 DAGs
[2024-10-11T03:50:58.253+0000] {logging_mixin.py:190} INFO - [2024-10-11T03:50:58.253+0000] {dag.py:4180} INFO - Setting next_dagrun for example_branch_dop_operator_v3 to 2024-10-11 03:49:00+00:00, run_after=2024-10-11 03:50:00+00:00
[2024-10-11T03:50:58.279+0000] {processor.py:208} INFO - Processing /home/airflow/.local/lib/python3.12/site-packages/airflow/example_dags/example_branch_python_dop_operator_3.py took 0.381 seconds
[2024-10-11T03:51:28.699+0000] {processor.py:186} INFO - Started process (PID=2506) to work on /home/airflow/.local/lib/python3.12/site-packages/airflow/example_dags/example_branch_python_dop_operator_3.py
[2024-10-11T03:51:28.700+0000] {processor.py:914} INFO - Processing file /home/airflow/.local/lib/python3.12/site-packages/airflow/example_dags/example_branch_python_dop_operator_3.py for tasks to queue
[2024-10-11T03:51:28.707+0000] {logging_mixin.py:190} INFO - [2024-10-11T03:51:28.707+0000] {dagbag.py:588} INFO - Filling up the DagBag from /home/airflow/.local/lib/python3.12/site-packages/airflow/example_dags/example_branch_python_dop_operator_3.py
[2024-10-11T03:51:28.729+0000] {processor.py:925} INFO - DAG(s) 'example_branch_dop_operator_v3' retrieved from /home/airflow/.local/lib/python3.12/site-packages/airflow/example_dags/example_branch_python_dop_operator_3.py
[2024-10-11T03:51:28.763+0000] {logging_mixin.py:190} INFO - [2024-10-11T03:51:28.762+0000] {dag.py:3239} INFO - Sync 1 DAGs
[2024-10-11T03:51:28.801+0000] {logging_mixin.py:190} INFO - [2024-10-11T03:51:28.801+0000] {dag.py:4180} INFO - Setting next_dagrun for example_branch_dop_operator_v3 to 2024-10-11 03:50:00+00:00, run_after=2024-10-11 03:51:00+00:00
[2024-10-11T03:51:29.073+0000] {processor.py:208} INFO - Processing /home/airflow/.local/lib/python3.12/site-packages/airflow/example_dags/example_branch_python_dop_operator_3.py took 0.389 seconds
[2024-10-11T03:51:59.207+0000] {processor.py:186} INFO - Started process (PID=2572) to work on /home/airflow/.local/lib/python3.12/site-packages/airflow/example_dags/example_branch_python_dop_operator_3.py
[2024-10-11T03:51:59.209+0000] {processor.py:914} INFO - Processing file /home/airflow/.local/lib/python3.12/site-packages/airflow/example_dags/example_branch_python_dop_operator_3.py for tasks to queue
[2024-10-11T03:51:59.213+0000] {logging_mixin.py:190} INFO - [2024-10-11T03:51:59.212+0000] {dagbag.py:588} INFO - Filling up the DagBag from /home/airflow/.local/lib/python3.12/site-packages/airflow/example_dags/example_branch_python_dop_operator_3.py
[2024-10-11T03:51:59.230+0000] {processor.py:925} INFO - DAG(s) 'example_branch_dop_operator_v3' retrieved from /home/airflow/.local/lib/python3.12/site-packages/airflow/example_dags/example_branch_python_dop_operator_3.py
[2024-10-11T03:51:59.268+0000] {logging_mixin.py:190} INFO - [2024-10-11T03:51:59.267+0000] {dag.py:3239} INFO - Sync 1 DAGs
[2024-10-11T03:51:59.318+0000] {logging_mixin.py:190} INFO - [2024-10-11T03:51:59.318+0000] {dag.py:4180} INFO - Setting next_dagrun for example_branch_dop_operator_v3 to 2024-10-11 03:50:00+00:00, run_after=2024-10-11 03:51:00+00:00
[2024-10-11T03:51:59.348+0000] {processor.py:208} INFO - Processing /home/airflow/.local/lib/python3.12/site-packages/airflow/example_dags/example_branch_python_dop_operator_3.py took 0.150 seconds
[2024-10-11T03:52:29.507+0000] {processor.py:186} INFO - Started process (PID=2638) to work on /home/airflow/.local/lib/python3.12/site-packages/airflow/example_dags/example_branch_python_dop_operator_3.py
[2024-10-11T03:52:29.508+0000] {processor.py:914} INFO - Processing file /home/airflow/.local/lib/python3.12/site-packages/airflow/example_dags/example_branch_python_dop_operator_3.py for tasks to queue
[2024-10-11T03:52:29.512+0000] {logging_mixin.py:190} INFO - [2024-10-11T03:52:29.512+0000] {dagbag.py:588} INFO - Filling up the DagBag from /home/airflow/.local/lib/python3.12/site-packages/airflow/example_dags/example_branch_python_dop_operator_3.py
[2024-10-11T03:52:29.531+0000] {processor.py:925} INFO - DAG(s) 'example_branch_dop_operator_v3' retrieved from /home/airflow/.local/lib/python3.12/site-packages/airflow/example_dags/example_branch_python_dop_operator_3.py
[2024-10-11T03:52:29.576+0000] {logging_mixin.py:190} INFO - [2024-10-11T03:52:29.576+0000] {dag.py:3239} INFO - Sync 1 DAGs
[2024-10-11T03:52:29.621+0000] {logging_mixin.py:190} INFO - [2024-10-11T03:52:29.621+0000] {dag.py:4180} INFO - Setting next_dagrun for example_branch_dop_operator_v3 to 2024-10-11 03:51:00+00:00, run_after=2024-10-11 03:52:00+00:00
[2024-10-11T03:52:29.649+0000] {processor.py:208} INFO - Processing /home/airflow/.local/lib/python3.12/site-packages/airflow/example_dags/example_branch_python_dop_operator_3.py took 0.153 seconds
[2024-10-11T03:53:02.493+0000] {processor.py:186} INFO - Started process (PID=2706) to work on /home/airflow/.local/lib/python3.12/site-packages/airflow/example_dags/example_branch_python_dop_operator_3.py
[2024-10-11T03:53:02.497+0000] {processor.py:914} INFO - Processing file /home/airflow/.local/lib/python3.12/site-packages/airflow/example_dags/example_branch_python_dop_operator_3.py for tasks to queue
[2024-10-11T03:53:02.506+0000] {logging_mixin.py:190} INFO - [2024-10-11T03:53:02.506+0000] {dagbag.py:588} INFO - Filling up the DagBag from /home/airflow/.local/lib/python3.12/site-packages/airflow/example_dags/example_branch_python_dop_operator_3.py
[2024-10-11T03:53:02.531+0000] {processor.py:925} INFO - DAG(s) 'example_branch_dop_operator_v3' retrieved from /home/airflow/.local/lib/python3.12/site-packages/airflow/example_dags/example_branch_python_dop_operator_3.py
[2024-10-11T03:53:02.565+0000] {logging_mixin.py:190} INFO - [2024-10-11T03:53:02.565+0000] {dag.py:3239} INFO - Sync 1 DAGs
[2024-10-11T03:53:02.626+0000] {logging_mixin.py:190} INFO - [2024-10-11T03:53:02.625+0000] {dag.py:4180} INFO - Setting next_dagrun for example_branch_dop_operator_v3 to 2024-10-11 03:52:00+00:00, run_after=2024-10-11 03:53:00+00:00
[2024-10-11T03:53:02.665+0000] {processor.py:208} INFO - Processing /home/airflow/.local/lib/python3.12/site-packages/airflow/example_dags/example_branch_python_dop_operator_3.py took 0.195 seconds
[2024-10-11T03:53:33.600+0000] {processor.py:186} INFO - Started process (PID=2774) to work on /home/airflow/.local/lib/python3.12/site-packages/airflow/example_dags/example_branch_python_dop_operator_3.py
[2024-10-11T03:53:33.604+0000] {processor.py:914} INFO - Processing file /home/airflow/.local/lib/python3.12/site-packages/airflow/example_dags/example_branch_python_dop_operator_3.py for tasks to queue
[2024-10-11T03:53:33.609+0000] {logging_mixin.py:190} INFO - [2024-10-11T03:53:33.608+0000] {dagbag.py:588} INFO - Filling up the DagBag from /home/airflow/.local/lib/python3.12/site-packages/airflow/example_dags/example_branch_python_dop_operator_3.py
[2024-10-11T03:53:33.630+0000] {processor.py:925} INFO - DAG(s) 'example_branch_dop_operator_v3' retrieved from /home/airflow/.local/lib/python3.12/site-packages/airflow/example_dags/example_branch_python_dop_operator_3.py
[2024-10-11T03:53:33.687+0000] {logging_mixin.py:190} INFO - [2024-10-11T03:53:33.687+0000] {dag.py:3239} INFO - Sync 1 DAGs
[2024-10-11T03:53:33.747+0000] {logging_mixin.py:190} INFO - [2024-10-11T03:53:33.745+0000] {dag.py:4180} INFO - Setting next_dagrun for example_branch_dop_operator_v3 to 2024-10-11 03:52:00+00:00, run_after=2024-10-11 03:53:00+00:00
[2024-10-11T03:53:33.781+0000] {processor.py:208} INFO - Processing /home/airflow/.local/lib/python3.12/site-packages/airflow/example_dags/example_branch_python_dop_operator_3.py took 0.198 seconds
[2024-10-11T03:54:04.485+0000] {processor.py:186} INFO - Started process (PID=2841) to work on /home/airflow/.local/lib/python3.12/site-packages/airflow/example_dags/example_branch_python_dop_operator_3.py
[2024-10-11T03:54:04.487+0000] {processor.py:914} INFO - Processing file /home/airflow/.local/lib/python3.12/site-packages/airflow/example_dags/example_branch_python_dop_operator_3.py for tasks to queue
[2024-10-11T03:54:04.493+0000] {logging_mixin.py:190} INFO - [2024-10-11T03:54:04.492+0000] {dagbag.py:588} INFO - Filling up the DagBag from /home/airflow/.local/lib/python3.12/site-packages/airflow/example_dags/example_branch_python_dop_operator_3.py
[2024-10-11T03:54:04.515+0000] {processor.py:925} INFO - DAG(s) 'example_branch_dop_operator_v3' retrieved from /home/airflow/.local/lib/python3.12/site-packages/airflow/example_dags/example_branch_python_dop_operator_3.py
[2024-10-11T03:54:04.558+0000] {logging_mixin.py:190} INFO - [2024-10-11T03:54:04.557+0000] {dag.py:3239} INFO - Sync 1 DAGs
[2024-10-11T03:54:04.611+0000] {logging_mixin.py:190} INFO - [2024-10-11T03:54:04.611+0000] {dag.py:4180} INFO - Setting next_dagrun for example_branch_dop_operator_v3 to 2024-10-11 03:53:00+00:00, run_after=2024-10-11 03:54:00+00:00
[2024-10-11T03:54:04.647+0000] {processor.py:208} INFO - Processing /home/airflow/.local/lib/python3.12/site-packages/airflow/example_dags/example_branch_python_dop_operator_3.py took 0.178 seconds
[2024-10-11T03:54:36.051+0000] {processor.py:186} INFO - Started process (PID=2909) to work on /home/airflow/.local/lib/python3.12/site-packages/airflow/example_dags/example_branch_python_dop_operator_3.py
[2024-10-11T03:54:36.055+0000] {processor.py:914} INFO - Processing file /home/airflow/.local/lib/python3.12/site-packages/airflow/example_dags/example_branch_python_dop_operator_3.py for tasks to queue
[2024-10-11T03:54:36.061+0000] {logging_mixin.py:190} INFO - [2024-10-11T03:54:36.060+0000] {dagbag.py:588} INFO - Filling up the DagBag from /home/airflow/.local/lib/python3.12/site-packages/airflow/example_dags/example_branch_python_dop_operator_3.py
[2024-10-11T03:54:36.085+0000] {processor.py:925} INFO - DAG(s) 'example_branch_dop_operator_v3' retrieved from /home/airflow/.local/lib/python3.12/site-packages/airflow/example_dags/example_branch_python_dop_operator_3.py
[2024-10-11T03:54:36.129+0000] {logging_mixin.py:190} INFO - [2024-10-11T03:54:36.129+0000] {dag.py:3239} INFO - Sync 1 DAGs
[2024-10-11T03:54:36.188+0000] {logging_mixin.py:190} INFO - [2024-10-11T03:54:36.188+0000] {dag.py:4180} INFO - Setting next_dagrun for example_branch_dop_operator_v3 to 2024-10-11 03:53:00+00:00, run_after=2024-10-11 03:54:00+00:00
[2024-10-11T03:54:36.223+0000] {processor.py:208} INFO - Processing /home/airflow/.local/lib/python3.12/site-packages/airflow/example_dags/example_branch_python_dop_operator_3.py took 0.186 seconds
[2024-10-11T03:55:07.037+0000] {processor.py:186} INFO - Started process (PID=2975) to work on /home/airflow/.local/lib/python3.12/site-packages/airflow/example_dags/example_branch_python_dop_operator_3.py
[2024-10-11T03:55:07.038+0000] {processor.py:914} INFO - Processing file /home/airflow/.local/lib/python3.12/site-packages/airflow/example_dags/example_branch_python_dop_operator_3.py for tasks to queue
[2024-10-11T03:55:07.043+0000] {logging_mixin.py:190} INFO - [2024-10-11T03:55:07.043+0000] {dagbag.py:588} INFO - Filling up the DagBag from /home/airflow/.local/lib/python3.12/site-packages/airflow/example_dags/example_branch_python_dop_operator_3.py
[2024-10-11T03:55:07.065+0000] {processor.py:925} INFO - DAG(s) 'example_branch_dop_operator_v3' retrieved from /home/airflow/.local/lib/python3.12/site-packages/airflow/example_dags/example_branch_python_dop_operator_3.py
[2024-10-11T03:55:07.116+0000] {logging_mixin.py:190} INFO - [2024-10-11T03:55:07.115+0000] {dag.py:3239} INFO - Sync 1 DAGs
[2024-10-11T03:55:07.178+0000] {logging_mixin.py:190} INFO - [2024-10-11T03:55:07.177+0000] {dag.py:4180} INFO - Setting next_dagrun for example_branch_dop_operator_v3 to 2024-10-11 03:54:00+00:00, run_after=2024-10-11 03:55:00+00:00
[2024-10-11T03:55:07.216+0000] {processor.py:208} INFO - Processing /home/airflow/.local/lib/python3.12/site-packages/airflow/example_dags/example_branch_python_dop_operator_3.py took 0.192 seconds
[2024-10-11T03:55:37.753+0000] {processor.py:186} INFO - Started process (PID=3041) to work on /home/airflow/.local/lib/python3.12/site-packages/airflow/example_dags/example_branch_python_dop_operator_3.py
[2024-10-11T03:55:37.756+0000] {processor.py:914} INFO - Processing file /home/airflow/.local/lib/python3.12/site-packages/airflow/example_dags/example_branch_python_dop_operator_3.py for tasks to queue
[2024-10-11T03:55:37.760+0000] {logging_mixin.py:190} INFO - [2024-10-11T03:55:37.759+0000] {dagbag.py:588} INFO - Filling up the DagBag from /home/airflow/.local/lib/python3.12/site-packages/airflow/example_dags/example_branch_python_dop_operator_3.py
[2024-10-11T03:55:37.782+0000] {processor.py:925} INFO - DAG(s) 'example_branch_dop_operator_v3' retrieved from /home/airflow/.local/lib/python3.12/site-packages/airflow/example_dags/example_branch_python_dop_operator_3.py
[2024-10-11T03:55:37.825+0000] {logging_mixin.py:190} INFO - [2024-10-11T03:55:37.825+0000] {dag.py:3239} INFO - Sync 1 DAGs
[2024-10-11T03:55:37.880+0000] {logging_mixin.py:190} INFO - [2024-10-11T03:55:37.879+0000] {dag.py:4180} INFO - Setting next_dagrun for example_branch_dop_operator_v3 to 2024-10-11 03:54:00+00:00, run_after=2024-10-11 03:55:00+00:00
[2024-10-11T03:55:37.913+0000] {processor.py:208} INFO - Processing /home/airflow/.local/lib/python3.12/site-packages/airflow/example_dags/example_branch_python_dop_operator_3.py took 0.174 seconds
[2024-10-11T03:56:08.300+0000] {processor.py:186} INFO - Started process (PID=3108) to work on /home/airflow/.local/lib/python3.12/site-packages/airflow/example_dags/example_branch_python_dop_operator_3.py
[2024-10-11T03:56:08.301+0000] {processor.py:914} INFO - Processing file /home/airflow/.local/lib/python3.12/site-packages/airflow/example_dags/example_branch_python_dop_operator_3.py for tasks to queue
[2024-10-11T03:56:08.305+0000] {logging_mixin.py:190} INFO - [2024-10-11T03:56:08.304+0000] {dagbag.py:588} INFO - Filling up the DagBag from /home/airflow/.local/lib/python3.12/site-packages/airflow/example_dags/example_branch_python_dop_operator_3.py
[2024-10-11T03:56:08.323+0000] {processor.py:925} INFO - DAG(s) 'example_branch_dop_operator_v3' retrieved from /home/airflow/.local/lib/python3.12/site-packages/airflow/example_dags/example_branch_python_dop_operator_3.py
[2024-10-11T03:56:08.360+0000] {logging_mixin.py:190} INFO - [2024-10-11T03:56:08.360+0000] {dag.py:3239} INFO - Sync 1 DAGs
[2024-10-11T03:56:08.406+0000] {logging_mixin.py:190} INFO - [2024-10-11T03:56:08.406+0000] {dag.py:4180} INFO - Setting next_dagrun for example_branch_dop_operator_v3 to 2024-10-11 03:55:00+00:00, run_after=2024-10-11 03:56:00+00:00
[2024-10-11T03:56:08.442+0000] {processor.py:208} INFO - Processing /home/airflow/.local/lib/python3.12/site-packages/airflow/example_dags/example_branch_python_dop_operator_3.py took 0.154 seconds
[2024-10-11T03:56:40.947+0000] {processor.py:186} INFO - Started process (PID=3175) to work on /home/airflow/.local/lib/python3.12/site-packages/airflow/example_dags/example_branch_python_dop_operator_3.py
[2024-10-11T03:56:40.955+0000] {processor.py:914} INFO - Processing file /home/airflow/.local/lib/python3.12/site-packages/airflow/example_dags/example_branch_python_dop_operator_3.py for tasks to queue
[2024-10-11T03:56:40.979+0000] {logging_mixin.py:190} INFO - [2024-10-11T03:56:40.975+0000] {dagbag.py:588} INFO - Filling up the DagBag from /home/airflow/.local/lib/python3.12/site-packages/airflow/example_dags/example_branch_python_dop_operator_3.py
[2024-10-11T03:56:41.033+0000] {processor.py:925} INFO - DAG(s) 'example_branch_dop_operator_v3' retrieved from /home/airflow/.local/lib/python3.12/site-packages/airflow/example_dags/example_branch_python_dop_operator_3.py
[2024-10-11T03:56:41.172+0000] {logging_mixin.py:190} INFO - [2024-10-11T03:56:41.172+0000] {dag.py:3239} INFO - Sync 1 DAGs
[2024-10-11T03:56:41.336+0000] {logging_mixin.py:190} INFO - [2024-10-11T03:56:41.334+0000] {dag.py:4180} INFO - Setting next_dagrun for example_branch_dop_operator_v3 to 2024-10-11 03:55:00+00:00, run_after=2024-10-11 03:56:00+00:00
[2024-10-11T03:56:41.503+0000] {processor.py:208} INFO - Processing /home/airflow/.local/lib/python3.12/site-packages/airflow/example_dags/example_branch_python_dop_operator_3.py took 0.592 seconds
[2024-10-11T03:57:11.692+0000] {processor.py:186} INFO - Started process (PID=3242) to work on /home/airflow/.local/lib/python3.12/site-packages/airflow/example_dags/example_branch_python_dop_operator_3.py
[2024-10-11T03:57:11.693+0000] {processor.py:914} INFO - Processing file /home/airflow/.local/lib/python3.12/site-packages/airflow/example_dags/example_branch_python_dop_operator_3.py for tasks to queue
[2024-10-11T03:57:11.697+0000] {logging_mixin.py:190} INFO - [2024-10-11T03:57:11.697+0000] {dagbag.py:588} INFO - Filling up the DagBag from /home/airflow/.local/lib/python3.12/site-packages/airflow/example_dags/example_branch_python_dop_operator_3.py
[2024-10-11T03:57:11.718+0000] {processor.py:925} INFO - DAG(s) 'example_branch_dop_operator_v3' retrieved from /home/airflow/.local/lib/python3.12/site-packages/airflow/example_dags/example_branch_python_dop_operator_3.py
[2024-10-11T03:57:11.754+0000] {logging_mixin.py:190} INFO - [2024-10-11T03:57:11.754+0000] {dag.py:3239} INFO - Sync 1 DAGs
[2024-10-11T03:57:11.802+0000] {logging_mixin.py:190} INFO - [2024-10-11T03:57:11.801+0000] {dag.py:4180} INFO - Setting next_dagrun for example_branch_dop_operator_v3 to 2024-10-11 03:56:00+00:00, run_after=2024-10-11 03:57:00+00:00
[2024-10-11T03:57:11.832+0000] {processor.py:208} INFO - Processing /home/airflow/.local/lib/python3.12/site-packages/airflow/example_dags/example_branch_python_dop_operator_3.py took 0.152 seconds
[2024-10-11T03:57:42.171+0000] {processor.py:186} INFO - Started process (PID=3309) to work on /home/airflow/.local/lib/python3.12/site-packages/airflow/example_dags/example_branch_python_dop_operator_3.py
[2024-10-11T03:57:42.173+0000] {processor.py:914} INFO - Processing file /home/airflow/.local/lib/python3.12/site-packages/airflow/example_dags/example_branch_python_dop_operator_3.py for tasks to queue
[2024-10-11T03:57:42.175+0000] {logging_mixin.py:190} INFO - [2024-10-11T03:57:42.175+0000] {dagbag.py:588} INFO - Filling up the DagBag from /home/airflow/.local/lib/python3.12/site-packages/airflow/example_dags/example_branch_python_dop_operator_3.py
[2024-10-11T03:57:42.188+0000] {processor.py:925} INFO - DAG(s) 'example_branch_dop_operator_v3' retrieved from /home/airflow/.local/lib/python3.12/site-packages/airflow/example_dags/example_branch_python_dop_operator_3.py
[2024-10-11T03:57:42.211+0000] {logging_mixin.py:190} INFO - [2024-10-11T03:57:42.211+0000] {dag.py:3239} INFO - Sync 1 DAGs
[2024-10-11T03:57:42.243+0000] {logging_mixin.py:190} INFO - [2024-10-11T03:57:42.243+0000] {dag.py:4180} INFO - Setting next_dagrun for example_branch_dop_operator_v3 to 2024-10-11 03:56:00+00:00, run_after=2024-10-11 03:57:00+00:00
[2024-10-11T03:57:42.265+0000] {processor.py:208} INFO - Processing /home/airflow/.local/lib/python3.12/site-packages/airflow/example_dags/example_branch_python_dop_operator_3.py took 0.101 seconds
[2024-10-11T03:58:13.302+0000] {processor.py:186} INFO - Started process (PID=3375) to work on /home/airflow/.local/lib/python3.12/site-packages/airflow/example_dags/example_branch_python_dop_operator_3.py
[2024-10-11T03:58:13.305+0000] {processor.py:914} INFO - Processing file /home/airflow/.local/lib/python3.12/site-packages/airflow/example_dags/example_branch_python_dop_operator_3.py for tasks to queue
[2024-10-11T03:58:13.309+0000] {logging_mixin.py:190} INFO - [2024-10-11T03:58:13.309+0000] {dagbag.py:588} INFO - Filling up the DagBag from /home/airflow/.local/lib/python3.12/site-packages/airflow/example_dags/example_branch_python_dop_operator_3.py
[2024-10-11T03:58:13.330+0000] {processor.py:925} INFO - DAG(s) 'example_branch_dop_operator_v3' retrieved from /home/airflow/.local/lib/python3.12/site-packages/airflow/example_dags/example_branch_python_dop_operator_3.py
[2024-10-11T03:58:13.380+0000] {logging_mixin.py:190} INFO - [2024-10-11T03:58:13.379+0000] {dag.py:3239} INFO - Sync 1 DAGs
[2024-10-11T03:58:13.428+0000] {logging_mixin.py:190} INFO - [2024-10-11T03:58:13.428+0000] {dag.py:4180} INFO - Setting next_dagrun for example_branch_dop_operator_v3 to 2024-10-11 03:57:00+00:00, run_after=2024-10-11 03:58:00+00:00
[2024-10-11T03:58:13.456+0000] {processor.py:208} INFO - Processing /home/airflow/.local/lib/python3.12/site-packages/airflow/example_dags/example_branch_python_dop_operator_3.py took 0.168 seconds
[2024-10-11T03:58:44.978+0000] {processor.py:186} INFO - Started process (PID=3444) to work on /home/airflow/.local/lib/python3.12/site-packages/airflow/example_dags/example_branch_python_dop_operator_3.py
[2024-10-11T03:58:44.981+0000] {processor.py:914} INFO - Processing file /home/airflow/.local/lib/python3.12/site-packages/airflow/example_dags/example_branch_python_dop_operator_3.py for tasks to queue
[2024-10-11T03:58:44.990+0000] {logging_mixin.py:190} INFO - [2024-10-11T03:58:44.987+0000] {dagbag.py:588} INFO - Filling up the DagBag from /home/airflow/.local/lib/python3.12/site-packages/airflow/example_dags/example_branch_python_dop_operator_3.py
[2024-10-11T03:58:45.035+0000] {processor.py:925} INFO - DAG(s) 'example_branch_dop_operator_v3' retrieved from /home/airflow/.local/lib/python3.12/site-packages/airflow/example_dags/example_branch_python_dop_operator_3.py
[2024-10-11T03:58:45.106+0000] {logging_mixin.py:190} INFO - [2024-10-11T03:58:45.105+0000] {dag.py:3239} INFO - Sync 1 DAGs
[2024-10-11T03:58:45.221+0000] {logging_mixin.py:190} INFO - [2024-10-11T03:58:45.220+0000] {dag.py:4180} INFO - Setting next_dagrun for example_branch_dop_operator_v3 to 2024-10-11 03:57:00+00:00, run_after=2024-10-11 03:58:00+00:00
[2024-10-11T03:58:45.318+0000] {processor.py:208} INFO - Processing /home/airflow/.local/lib/python3.12/site-packages/airflow/example_dags/example_branch_python_dop_operator_3.py took 0.374 seconds
[2024-10-11T03:59:16.279+0000] {processor.py:186} INFO - Started process (PID=3511) to work on /home/airflow/.local/lib/python3.12/site-packages/airflow/example_dags/example_branch_python_dop_operator_3.py
[2024-10-11T03:59:16.281+0000] {processor.py:914} INFO - Processing file /home/airflow/.local/lib/python3.12/site-packages/airflow/example_dags/example_branch_python_dop_operator_3.py for tasks to queue
[2024-10-11T03:59:16.287+0000] {logging_mixin.py:190} INFO - [2024-10-11T03:59:16.286+0000] {dagbag.py:588} INFO - Filling up the DagBag from /home/airflow/.local/lib/python3.12/site-packages/airflow/example_dags/example_branch_python_dop_operator_3.py
[2024-10-11T03:59:16.334+0000] {processor.py:925} INFO - DAG(s) 'example_branch_dop_operator_v3' retrieved from /home/airflow/.local/lib/python3.12/site-packages/airflow/example_dags/example_branch_python_dop_operator_3.py
[2024-10-11T03:59:16.397+0000] {logging_mixin.py:190} INFO - [2024-10-11T03:59:16.397+0000] {dag.py:3239} INFO - Sync 1 DAGs
[2024-10-11T03:59:16.465+0000] {logging_mixin.py:190} INFO - [2024-10-11T03:59:16.464+0000] {dag.py:4180} INFO - Setting next_dagrun for example_branch_dop_operator_v3 to 2024-10-11 03:58:00+00:00, run_after=2024-10-11 03:59:00+00:00
[2024-10-11T03:59:16.503+0000] {processor.py:208} INFO - Processing /home/airflow/.local/lib/python3.12/site-packages/airflow/example_dags/example_branch_python_dop_operator_3.py took 0.239 seconds
[2024-10-11T03:59:47.593+0000] {processor.py:186} INFO - Started process (PID=3579) to work on /home/airflow/.local/lib/python3.12/site-packages/airflow/example_dags/example_branch_python_dop_operator_3.py
[2024-10-11T03:59:47.596+0000] {processor.py:914} INFO - Processing file /home/airflow/.local/lib/python3.12/site-packages/airflow/example_dags/example_branch_python_dop_operator_3.py for tasks to queue
[2024-10-11T03:59:47.602+0000] {logging_mixin.py:190} INFO - [2024-10-11T03:59:47.601+0000] {dagbag.py:588} INFO - Filling up the DagBag from /home/airflow/.local/lib/python3.12/site-packages/airflow/example_dags/example_branch_python_dop_operator_3.py
[2024-10-11T03:59:47.639+0000] {processor.py:925} INFO - DAG(s) 'example_branch_dop_operator_v3' retrieved from /home/airflow/.local/lib/python3.12/site-packages/airflow/example_dags/example_branch_python_dop_operator_3.py
[2024-10-11T03:59:47.716+0000] {logging_mixin.py:190} INFO - [2024-10-11T03:59:47.716+0000] {dag.py:3239} INFO - Sync 1 DAGs
[2024-10-11T03:59:47.784+0000] {logging_mixin.py:190} INFO - [2024-10-11T03:59:47.784+0000] {dag.py:4180} INFO - Setting next_dagrun for example_branch_dop_operator_v3 to 2024-10-11 03:58:00+00:00, run_after=2024-10-11 03:59:00+00:00
[2024-10-11T03:59:47.822+0000] {processor.py:208} INFO - Processing /home/airflow/.local/lib/python3.12/site-packages/airflow/example_dags/example_branch_python_dop_operator_3.py took 0.255 seconds
[2024-10-11T04:00:18.265+0000] {processor.py:186} INFO - Started process (PID=3644) to work on /home/airflow/.local/lib/python3.12/site-packages/airflow/example_dags/example_branch_python_dop_operator_3.py
[2024-10-11T04:00:18.268+0000] {processor.py:914} INFO - Processing file /home/airflow/.local/lib/python3.12/site-packages/airflow/example_dags/example_branch_python_dop_operator_3.py for tasks to queue
[2024-10-11T04:00:18.274+0000] {logging_mixin.py:190} INFO - [2024-10-11T04:00:18.273+0000] {dagbag.py:588} INFO - Filling up the DagBag from /home/airflow/.local/lib/python3.12/site-packages/airflow/example_dags/example_branch_python_dop_operator_3.py
[2024-10-11T04:00:18.303+0000] {processor.py:925} INFO - DAG(s) 'example_branch_dop_operator_v3' retrieved from /home/airflow/.local/lib/python3.12/site-packages/airflow/example_dags/example_branch_python_dop_operator_3.py
[2024-10-11T04:00:18.357+0000] {logging_mixin.py:190} INFO - [2024-10-11T04:00:18.356+0000] {dag.py:3239} INFO - Sync 1 DAGs
[2024-10-11T04:00:18.433+0000] {logging_mixin.py:190} INFO - [2024-10-11T04:00:18.432+0000] {dag.py:4180} INFO - Setting next_dagrun for example_branch_dop_operator_v3 to 2024-10-11 03:59:00+00:00, run_after=2024-10-11 04:00:00+00:00
[2024-10-11T04:00:18.471+0000] {processor.py:208} INFO - Processing /home/airflow/.local/lib/python3.12/site-packages/airflow/example_dags/example_branch_python_dop_operator_3.py took 0.232 seconds
[2024-10-11T04:00:49.983+0000] {processor.py:186} INFO - Started process (PID=3712) to work on /home/airflow/.local/lib/python3.12/site-packages/airflow/example_dags/example_branch_python_dop_operator_3.py
[2024-10-11T04:00:49.985+0000] {processor.py:914} INFO - Processing file /home/airflow/.local/lib/python3.12/site-packages/airflow/example_dags/example_branch_python_dop_operator_3.py for tasks to queue
[2024-10-11T04:00:49.990+0000] {logging_mixin.py:190} INFO - [2024-10-11T04:00:49.990+0000] {dagbag.py:588} INFO - Filling up the DagBag from /home/airflow/.local/lib/python3.12/site-packages/airflow/example_dags/example_branch_python_dop_operator_3.py
[2024-10-11T04:00:50.018+0000] {processor.py:925} INFO - DAG(s) 'example_branch_dop_operator_v3' retrieved from /home/airflow/.local/lib/python3.12/site-packages/airflow/example_dags/example_branch_python_dop_operator_3.py
[2024-10-11T04:00:50.069+0000] {logging_mixin.py:190} INFO - [2024-10-11T04:00:50.068+0000] {dag.py:3239} INFO - Sync 1 DAGs
[2024-10-11T04:00:50.127+0000] {logging_mixin.py:190} INFO - [2024-10-11T04:00:50.126+0000] {dag.py:4180} INFO - Setting next_dagrun for example_branch_dop_operator_v3 to 2024-10-11 03:59:00+00:00, run_after=2024-10-11 04:00:00+00:00
[2024-10-11T04:00:50.168+0000] {processor.py:208} INFO - Processing /home/airflow/.local/lib/python3.12/site-packages/airflow/example_dags/example_branch_python_dop_operator_3.py took 0.201 seconds
[2024-10-11T04:01:20.555+0000] {processor.py:186} INFO - Started process (PID=3779) to work on /home/airflow/.local/lib/python3.12/site-packages/airflow/example_dags/example_branch_python_dop_operator_3.py
[2024-10-11T04:01:20.556+0000] {processor.py:914} INFO - Processing file /home/airflow/.local/lib/python3.12/site-packages/airflow/example_dags/example_branch_python_dop_operator_3.py for tasks to queue
[2024-10-11T04:01:20.561+0000] {logging_mixin.py:190} INFO - [2024-10-11T04:01:20.561+0000] {dagbag.py:588} INFO - Filling up the DagBag from /home/airflow/.local/lib/python3.12/site-packages/airflow/example_dags/example_branch_python_dop_operator_3.py
[2024-10-11T04:01:20.590+0000] {processor.py:925} INFO - DAG(s) 'example_branch_dop_operator_v3' retrieved from /home/airflow/.local/lib/python3.12/site-packages/airflow/example_dags/example_branch_python_dop_operator_3.py
[2024-10-11T04:01:20.656+0000] {logging_mixin.py:190} INFO - [2024-10-11T04:01:20.655+0000] {dag.py:3239} INFO - Sync 1 DAGs
[2024-10-11T04:01:20.721+0000] {logging_mixin.py:190} INFO - [2024-10-11T04:01:20.720+0000] {dag.py:4180} INFO - Setting next_dagrun for example_branch_dop_operator_v3 to 2024-10-11 04:00:00+00:00, run_after=2024-10-11 04:01:00+00:00
[2024-10-11T04:01:20.764+0000] {processor.py:208} INFO - Processing /home/airflow/.local/lib/python3.12/site-packages/airflow/example_dags/example_branch_python_dop_operator_3.py took 0.222 seconds
