[2024-10-11T03:33:01.348+0000] {processor.py:186} INFO - Started process (PID=131) to work on /home/airflow/.local/lib/python3.12/site-packages/airflow/example_dags/example_sla_dag.py
[2024-10-11T03:33:01.350+0000] {processor.py:914} INFO - Processing file /home/airflow/.local/lib/python3.12/site-packages/airflow/example_dags/example_sla_dag.py for tasks to queue
[2024-10-11T03:33:01.357+0000] {logging_mixin.py:190} INFO - [2024-10-11T03:33:01.355+0000] {dagbag.py:588} INFO - Filling up the DagBag from /home/airflow/.local/lib/python3.12/site-packages/airflow/example_dags/example_sla_dag.py
[2024-10-11T03:33:01.395+0000] {processor.py:925} INFO - DAG(s) 'example_sla_dag' retrieved from /home/airflow/.local/lib/python3.12/site-packages/airflow/example_dags/example_sla_dag.py
[2024-10-11T03:33:01.437+0000] {logging_mixin.py:190} INFO - [2024-10-11T03:33:01.436+0000] {dag.py:3239} INFO - Sync 1 DAGs
[2024-10-11T03:33:01.477+0000] {logging_mixin.py:190} INFO - [2024-10-11T03:33:01.477+0000] {dag.py:4180} INFO - Setting next_dagrun for example_sla_dag to 2024-10-11 03:30:00+00:00, run_after=2024-10-11 03:32:00+00:00
[2024-10-11T03:33:01.496+0000] {processor.py:208} INFO - Processing /home/airflow/.local/lib/python3.12/site-packages/airflow/example_dags/example_sla_dag.py took 0.165 seconds
[2024-10-11T03:33:31.861+0000] {processor.py:186} INFO - Started process (PID=197) to work on /home/airflow/.local/lib/python3.12/site-packages/airflow/example_dags/example_sla_dag.py
[2024-10-11T03:33:31.862+0000] {processor.py:914} INFO - Processing file /home/airflow/.local/lib/python3.12/site-packages/airflow/example_dags/example_sla_dag.py for tasks to queue
[2024-10-11T03:33:31.866+0000] {logging_mixin.py:190} INFO - [2024-10-11T03:33:31.865+0000] {dagbag.py:588} INFO - Filling up the DagBag from /home/airflow/.local/lib/python3.12/site-packages/airflow/example_dags/example_sla_dag.py
[2024-10-11T03:33:31.879+0000] {processor.py:925} INFO - DAG(s) 'example_sla_dag' retrieved from /home/airflow/.local/lib/python3.12/site-packages/airflow/example_dags/example_sla_dag.py
[2024-10-11T03:33:31.905+0000] {logging_mixin.py:190} INFO - [2024-10-11T03:33:31.905+0000] {dag.py:3239} INFO - Sync 1 DAGs
[2024-10-11T03:33:31.938+0000] {logging_mixin.py:190} INFO - [2024-10-11T03:33:31.938+0000] {dag.py:4180} INFO - Setting next_dagrun for example_sla_dag to 2024-10-11 03:30:00+00:00, run_after=2024-10-11 03:32:00+00:00
[2024-10-11T03:33:31.958+0000] {processor.py:208} INFO - Processing /home/airflow/.local/lib/python3.12/site-packages/airflow/example_dags/example_sla_dag.py took 0.105 seconds
[2024-10-11T03:34:02.198+0000] {processor.py:186} INFO - Started process (PID=262) to work on /home/airflow/.local/lib/python3.12/site-packages/airflow/example_dags/example_sla_dag.py
[2024-10-11T03:34:02.200+0000] {processor.py:914} INFO - Processing file /home/airflow/.local/lib/python3.12/site-packages/airflow/example_dags/example_sla_dag.py for tasks to queue
[2024-10-11T03:34:02.208+0000] {logging_mixin.py:190} INFO - [2024-10-11T03:34:02.207+0000] {dagbag.py:588} INFO - Filling up the DagBag from /home/airflow/.local/lib/python3.12/site-packages/airflow/example_dags/example_sla_dag.py
[2024-10-11T03:34:02.229+0000] {processor.py:925} INFO - DAG(s) 'example_sla_dag' retrieved from /home/airflow/.local/lib/python3.12/site-packages/airflow/example_dags/example_sla_dag.py
[2024-10-11T03:34:02.266+0000] {logging_mixin.py:190} INFO - [2024-10-11T03:34:02.265+0000] {dag.py:3239} INFO - Sync 1 DAGs
[2024-10-11T03:34:02.320+0000] {logging_mixin.py:190} INFO - [2024-10-11T03:34:02.320+0000] {dag.py:4180} INFO - Setting next_dagrun for example_sla_dag to 2024-10-11 03:32:00+00:00, run_after=2024-10-11 03:34:00+00:00
[2024-10-11T03:34:02.352+0000] {processor.py:208} INFO - Processing /home/airflow/.local/lib/python3.12/site-packages/airflow/example_dags/example_sla_dag.py took 0.168 seconds
[2024-10-11T03:34:32.426+0000] {processor.py:186} INFO - Started process (PID=327) to work on /home/airflow/.local/lib/python3.12/site-packages/airflow/example_dags/example_sla_dag.py
[2024-10-11T03:34:32.427+0000] {processor.py:914} INFO - Processing file /home/airflow/.local/lib/python3.12/site-packages/airflow/example_dags/example_sla_dag.py for tasks to queue
[2024-10-11T03:34:32.429+0000] {logging_mixin.py:190} INFO - [2024-10-11T03:34:32.429+0000] {dagbag.py:588} INFO - Filling up the DagBag from /home/airflow/.local/lib/python3.12/site-packages/airflow/example_dags/example_sla_dag.py
[2024-10-11T03:34:32.442+0000] {processor.py:925} INFO - DAG(s) 'example_sla_dag' retrieved from /home/airflow/.local/lib/python3.12/site-packages/airflow/example_dags/example_sla_dag.py
[2024-10-11T03:34:32.464+0000] {logging_mixin.py:190} INFO - [2024-10-11T03:34:32.464+0000] {dag.py:3239} INFO - Sync 1 DAGs
[2024-10-11T03:34:32.498+0000] {logging_mixin.py:190} INFO - [2024-10-11T03:34:32.498+0000] {dag.py:4180} INFO - Setting next_dagrun for example_sla_dag to 2024-10-11 03:32:00+00:00, run_after=2024-10-11 03:34:00+00:00
[2024-10-11T03:34:32.518+0000] {processor.py:208} INFO - Processing /home/airflow/.local/lib/python3.12/site-packages/airflow/example_dags/example_sla_dag.py took 0.100 seconds
[2024-10-11T03:35:03.523+0000] {processor.py:186} INFO - Started process (PID=393) to work on /home/airflow/.local/lib/python3.12/site-packages/airflow/example_dags/example_sla_dag.py
[2024-10-11T03:35:03.525+0000] {processor.py:914} INFO - Processing file /home/airflow/.local/lib/python3.12/site-packages/airflow/example_dags/example_sla_dag.py for tasks to queue
[2024-10-11T03:35:03.528+0000] {logging_mixin.py:190} INFO - [2024-10-11T03:35:03.527+0000] {dagbag.py:588} INFO - Filling up the DagBag from /home/airflow/.local/lib/python3.12/site-packages/airflow/example_dags/example_sla_dag.py
[2024-10-11T03:35:03.541+0000] {processor.py:925} INFO - DAG(s) 'example_sla_dag' retrieved from /home/airflow/.local/lib/python3.12/site-packages/airflow/example_dags/example_sla_dag.py
[2024-10-11T03:35:03.565+0000] {logging_mixin.py:190} INFO - [2024-10-11T03:35:03.565+0000] {dag.py:3239} INFO - Sync 1 DAGs
[2024-10-11T03:35:03.599+0000] {logging_mixin.py:190} INFO - [2024-10-11T03:35:03.599+0000] {dag.py:4180} INFO - Setting next_dagrun for example_sla_dag to 2024-10-11 03:32:00+00:00, run_after=2024-10-11 03:34:00+00:00
[2024-10-11T03:35:03.617+0000] {processor.py:208} INFO - Processing /home/airflow/.local/lib/python3.12/site-packages/airflow/example_dags/example_sla_dag.py took 0.101 seconds
[2024-10-11T03:35:34.664+0000] {processor.py:186} INFO - Started process (PID=460) to work on /home/airflow/.local/lib/python3.12/site-packages/airflow/example_dags/example_sla_dag.py
[2024-10-11T03:35:34.665+0000] {processor.py:914} INFO - Processing file /home/airflow/.local/lib/python3.12/site-packages/airflow/example_dags/example_sla_dag.py for tasks to queue
[2024-10-11T03:35:34.669+0000] {logging_mixin.py:190} INFO - [2024-10-11T03:35:34.668+0000] {dagbag.py:588} INFO - Filling up the DagBag from /home/airflow/.local/lib/python3.12/site-packages/airflow/example_dags/example_sla_dag.py
[2024-10-11T03:35:34.682+0000] {processor.py:925} INFO - DAG(s) 'example_sla_dag' retrieved from /home/airflow/.local/lib/python3.12/site-packages/airflow/example_dags/example_sla_dag.py
[2024-10-11T03:35:34.724+0000] {logging_mixin.py:190} INFO - [2024-10-11T03:35:34.723+0000] {dag.py:3239} INFO - Sync 1 DAGs
[2024-10-11T03:35:34.769+0000] {logging_mixin.py:190} INFO - [2024-10-11T03:35:34.769+0000] {dag.py:4180} INFO - Setting next_dagrun for example_sla_dag to 2024-10-11 03:32:00+00:00, run_after=2024-10-11 03:34:00+00:00
[2024-10-11T03:35:34.806+0000] {processor.py:208} INFO - Processing /home/airflow/.local/lib/python3.12/site-packages/airflow/example_dags/example_sla_dag.py took 0.150 seconds
[2024-10-11T03:36:04.889+0000] {processor.py:186} INFO - Started process (PID=525) to work on /home/airflow/.local/lib/python3.12/site-packages/airflow/example_dags/example_sla_dag.py
[2024-10-11T03:36:04.891+0000] {processor.py:914} INFO - Processing file /home/airflow/.local/lib/python3.12/site-packages/airflow/example_dags/example_sla_dag.py for tasks to queue
[2024-10-11T03:36:04.895+0000] {logging_mixin.py:190} INFO - [2024-10-11T03:36:04.894+0000] {dagbag.py:588} INFO - Filling up the DagBag from /home/airflow/.local/lib/python3.12/site-packages/airflow/example_dags/example_sla_dag.py
[2024-10-11T03:36:04.916+0000] {processor.py:925} INFO - DAG(s) 'example_sla_dag' retrieved from /home/airflow/.local/lib/python3.12/site-packages/airflow/example_dags/example_sla_dag.py
[2024-10-11T03:36:04.945+0000] {logging_mixin.py:190} INFO - [2024-10-11T03:36:04.945+0000] {dag.py:3239} INFO - Sync 1 DAGs
[2024-10-11T03:36:04.981+0000] {logging_mixin.py:190} INFO - [2024-10-11T03:36:04.981+0000] {dag.py:4180} INFO - Setting next_dagrun for example_sla_dag to 2024-10-11 03:34:00+00:00, run_after=2024-10-11 03:36:00+00:00
[2024-10-11T03:36:04.999+0000] {processor.py:208} INFO - Processing /home/airflow/.local/lib/python3.12/site-packages/airflow/example_dags/example_sla_dag.py took 0.122 seconds
[2024-10-11T03:36:36.192+0000] {processor.py:186} INFO - Started process (PID=591) to work on /home/airflow/.local/lib/python3.12/site-packages/airflow/example_dags/example_sla_dag.py
[2024-10-11T03:36:36.194+0000] {processor.py:914} INFO - Processing file /home/airflow/.local/lib/python3.12/site-packages/airflow/example_dags/example_sla_dag.py for tasks to queue
[2024-10-11T03:36:36.197+0000] {logging_mixin.py:190} INFO - [2024-10-11T03:36:36.197+0000] {dagbag.py:588} INFO - Filling up the DagBag from /home/airflow/.local/lib/python3.12/site-packages/airflow/example_dags/example_sla_dag.py
[2024-10-11T03:36:36.212+0000] {processor.py:925} INFO - DAG(s) 'example_sla_dag' retrieved from /home/airflow/.local/lib/python3.12/site-packages/airflow/example_dags/example_sla_dag.py
[2024-10-11T03:36:36.244+0000] {logging_mixin.py:190} INFO - [2024-10-11T03:36:36.243+0000] {dag.py:3239} INFO - Sync 1 DAGs
[2024-10-11T03:36:36.294+0000] {logging_mixin.py:190} INFO - [2024-10-11T03:36:36.294+0000] {dag.py:4180} INFO - Setting next_dagrun for example_sla_dag to 2024-10-11 03:34:00+00:00, run_after=2024-10-11 03:36:00+00:00
[2024-10-11T03:36:36.329+0000] {processor.py:208} INFO - Processing /home/airflow/.local/lib/python3.12/site-packages/airflow/example_dags/example_sla_dag.py took 0.148 seconds
[2024-10-11T03:37:06.850+0000] {processor.py:186} INFO - Started process (PID=657) to work on /home/airflow/.local/lib/python3.12/site-packages/airflow/example_dags/example_sla_dag.py
[2024-10-11T03:37:06.851+0000] {processor.py:914} INFO - Processing file /home/airflow/.local/lib/python3.12/site-packages/airflow/example_dags/example_sla_dag.py for tasks to queue
[2024-10-11T03:37:06.856+0000] {logging_mixin.py:190} INFO - [2024-10-11T03:37:06.854+0000] {dagbag.py:588} INFO - Filling up the DagBag from /home/airflow/.local/lib/python3.12/site-packages/airflow/example_dags/example_sla_dag.py
[2024-10-11T03:37:06.871+0000] {processor.py:925} INFO - DAG(s) 'example_sla_dag' retrieved from /home/airflow/.local/lib/python3.12/site-packages/airflow/example_dags/example_sla_dag.py
[2024-10-11T03:37:06.909+0000] {logging_mixin.py:190} INFO - [2024-10-11T03:37:06.908+0000] {dag.py:3239} INFO - Sync 1 DAGs
[2024-10-11T03:37:06.947+0000] {logging_mixin.py:190} INFO - [2024-10-11T03:37:06.946+0000] {dag.py:4180} INFO - Setting next_dagrun for example_sla_dag to 2024-10-11 03:34:00+00:00, run_after=2024-10-11 03:36:00+00:00
[2024-10-11T03:37:06.973+0000] {processor.py:208} INFO - Processing /home/airflow/.local/lib/python3.12/site-packages/airflow/example_dags/example_sla_dag.py took 0.131 seconds
[2024-10-11T03:37:38.364+0000] {processor.py:186} INFO - Started process (PID=723) to work on /home/airflow/.local/lib/python3.12/site-packages/airflow/example_dags/example_sla_dag.py
[2024-10-11T03:37:38.366+0000] {processor.py:914} INFO - Processing file /home/airflow/.local/lib/python3.12/site-packages/airflow/example_dags/example_sla_dag.py for tasks to queue
[2024-10-11T03:37:38.370+0000] {logging_mixin.py:190} INFO - [2024-10-11T03:37:38.370+0000] {dagbag.py:588} INFO - Filling up the DagBag from /home/airflow/.local/lib/python3.12/site-packages/airflow/example_dags/example_sla_dag.py
[2024-10-11T03:37:38.391+0000] {processor.py:925} INFO - DAG(s) 'example_sla_dag' retrieved from /home/airflow/.local/lib/python3.12/site-packages/airflow/example_dags/example_sla_dag.py
[2024-10-11T03:37:38.421+0000] {logging_mixin.py:190} INFO - [2024-10-11T03:37:38.420+0000] {dag.py:3239} INFO - Sync 1 DAGs
[2024-10-11T03:37:38.465+0000] {logging_mixin.py:190} INFO - [2024-10-11T03:37:38.464+0000] {dag.py:4180} INFO - Setting next_dagrun for example_sla_dag to 2024-10-11 03:34:00+00:00, run_after=2024-10-11 03:36:00+00:00
[2024-10-11T03:37:38.498+0000] {processor.py:208} INFO - Processing /home/airflow/.local/lib/python3.12/site-packages/airflow/example_dags/example_sla_dag.py took 0.145 seconds
[2024-10-11T03:38:09.279+0000] {processor.py:186} INFO - Started process (PID=789) to work on /home/airflow/.local/lib/python3.12/site-packages/airflow/example_dags/example_sla_dag.py
[2024-10-11T03:38:09.282+0000] {processor.py:914} INFO - Processing file /home/airflow/.local/lib/python3.12/site-packages/airflow/example_dags/example_sla_dag.py for tasks to queue
[2024-10-11T03:38:09.286+0000] {logging_mixin.py:190} INFO - [2024-10-11T03:38:09.285+0000] {dagbag.py:588} INFO - Filling up the DagBag from /home/airflow/.local/lib/python3.12/site-packages/airflow/example_dags/example_sla_dag.py
[2024-10-11T03:38:09.301+0000] {processor.py:925} INFO - DAG(s) 'example_sla_dag' retrieved from /home/airflow/.local/lib/python3.12/site-packages/airflow/example_dags/example_sla_dag.py
[2024-10-11T03:38:09.329+0000] {logging_mixin.py:190} INFO - [2024-10-11T03:38:09.329+0000] {dag.py:3239} INFO - Sync 1 DAGs
[2024-10-11T03:38:09.366+0000] {logging_mixin.py:190} INFO - [2024-10-11T03:38:09.365+0000] {dag.py:4180} INFO - Setting next_dagrun for example_sla_dag to 2024-10-11 03:36:00+00:00, run_after=2024-10-11 03:38:00+00:00
[2024-10-11T03:38:09.388+0000] {processor.py:208} INFO - Processing /home/airflow/.local/lib/python3.12/site-packages/airflow/example_dags/example_sla_dag.py took 0.124 seconds
[2024-10-11T03:38:40.343+0000] {processor.py:186} INFO - Started process (PID=856) to work on /home/airflow/.local/lib/python3.12/site-packages/airflow/example_dags/example_sla_dag.py
[2024-10-11T03:38:40.344+0000] {processor.py:914} INFO - Processing file /home/airflow/.local/lib/python3.12/site-packages/airflow/example_dags/example_sla_dag.py for tasks to queue
[2024-10-11T03:38:40.347+0000] {logging_mixin.py:190} INFO - [2024-10-11T03:38:40.346+0000] {dagbag.py:588} INFO - Filling up the DagBag from /home/airflow/.local/lib/python3.12/site-packages/airflow/example_dags/example_sla_dag.py
[2024-10-11T03:38:40.359+0000] {processor.py:925} INFO - DAG(s) 'example_sla_dag' retrieved from /home/airflow/.local/lib/python3.12/site-packages/airflow/example_dags/example_sla_dag.py
[2024-10-11T03:38:40.382+0000] {logging_mixin.py:190} INFO - [2024-10-11T03:38:40.382+0000] {dag.py:3239} INFO - Sync 1 DAGs
[2024-10-11T03:38:40.421+0000] {logging_mixin.py:190} INFO - [2024-10-11T03:38:40.420+0000] {dag.py:4180} INFO - Setting next_dagrun for example_sla_dag to 2024-10-11 03:36:00+00:00, run_after=2024-10-11 03:38:00+00:00
[2024-10-11T03:38:40.445+0000] {processor.py:208} INFO - Processing /home/airflow/.local/lib/python3.12/site-packages/airflow/example_dags/example_sla_dag.py took 0.110 seconds
[2024-10-11T03:39:11.140+0000] {processor.py:186} INFO - Started process (PID=922) to work on /home/airflow/.local/lib/python3.12/site-packages/airflow/example_dags/example_sla_dag.py
[2024-10-11T03:39:11.141+0000] {processor.py:914} INFO - Processing file /home/airflow/.local/lib/python3.12/site-packages/airflow/example_dags/example_sla_dag.py for tasks to queue
[2024-10-11T03:39:11.144+0000] {logging_mixin.py:190} INFO - [2024-10-11T03:39:11.144+0000] {dagbag.py:588} INFO - Filling up the DagBag from /home/airflow/.local/lib/python3.12/site-packages/airflow/example_dags/example_sla_dag.py
[2024-10-11T03:39:11.157+0000] {processor.py:925} INFO - DAG(s) 'example_sla_dag' retrieved from /home/airflow/.local/lib/python3.12/site-packages/airflow/example_dags/example_sla_dag.py
[2024-10-11T03:39:11.180+0000] {logging_mixin.py:190} INFO - [2024-10-11T03:39:11.179+0000] {dag.py:3239} INFO - Sync 1 DAGs
[2024-10-11T03:39:11.209+0000] {logging_mixin.py:190} INFO - [2024-10-11T03:39:11.209+0000] {dag.py:4180} INFO - Setting next_dagrun for example_sla_dag to 2024-10-11 03:36:00+00:00, run_after=2024-10-11 03:38:00+00:00
[2024-10-11T03:39:11.229+0000] {processor.py:208} INFO - Processing /home/airflow/.local/lib/python3.12/site-packages/airflow/example_dags/example_sla_dag.py took 0.097 seconds
[2024-10-11T03:39:42.188+0000] {processor.py:186} INFO - Started process (PID=988) to work on /home/airflow/.local/lib/python3.12/site-packages/airflow/example_dags/example_sla_dag.py
[2024-10-11T03:39:42.189+0000] {processor.py:914} INFO - Processing file /home/airflow/.local/lib/python3.12/site-packages/airflow/example_dags/example_sla_dag.py for tasks to queue
[2024-10-11T03:39:42.193+0000] {logging_mixin.py:190} INFO - [2024-10-11T03:39:42.192+0000] {dagbag.py:588} INFO - Filling up the DagBag from /home/airflow/.local/lib/python3.12/site-packages/airflow/example_dags/example_sla_dag.py
[2024-10-11T03:39:42.212+0000] {processor.py:925} INFO - DAG(s) 'example_sla_dag' retrieved from /home/airflow/.local/lib/python3.12/site-packages/airflow/example_dags/example_sla_dag.py
[2024-10-11T03:39:42.244+0000] {logging_mixin.py:190} INFO - [2024-10-11T03:39:42.244+0000] {dag.py:3239} INFO - Sync 1 DAGs
[2024-10-11T03:39:42.294+0000] {logging_mixin.py:190} INFO - [2024-10-11T03:39:42.294+0000] {dag.py:4180} INFO - Setting next_dagrun for example_sla_dag to 2024-10-11 03:36:00+00:00, run_after=2024-10-11 03:38:00+00:00
[2024-10-11T03:39:42.334+0000] {processor.py:208} INFO - Processing /home/airflow/.local/lib/python3.12/site-packages/airflow/example_dags/example_sla_dag.py took 0.155 seconds
[2024-10-11T03:40:13.231+0000] {processor.py:186} INFO - Started process (PID=1054) to work on /home/airflow/.local/lib/python3.12/site-packages/airflow/example_dags/example_sla_dag.py
[2024-10-11T03:40:13.232+0000] {processor.py:914} INFO - Processing file /home/airflow/.local/lib/python3.12/site-packages/airflow/example_dags/example_sla_dag.py for tasks to queue
[2024-10-11T03:40:13.235+0000] {logging_mixin.py:190} INFO - [2024-10-11T03:40:13.235+0000] {dagbag.py:588} INFO - Filling up the DagBag from /home/airflow/.local/lib/python3.12/site-packages/airflow/example_dags/example_sla_dag.py
[2024-10-11T03:40:13.247+0000] {processor.py:925} INFO - DAG(s) 'example_sla_dag' retrieved from /home/airflow/.local/lib/python3.12/site-packages/airflow/example_dags/example_sla_dag.py
[2024-10-11T03:40:13.275+0000] {logging_mixin.py:190} INFO - [2024-10-11T03:40:13.274+0000] {dag.py:3239} INFO - Sync 1 DAGs
[2024-10-11T03:40:13.349+0000] {logging_mixin.py:190} INFO - [2024-10-11T03:40:13.349+0000] {dag.py:4180} INFO - Setting next_dagrun for example_sla_dag to 2024-10-11 03:38:00+00:00, run_after=2024-10-11 03:40:00+00:00
[2024-10-11T03:40:13.380+0000] {processor.py:208} INFO - Processing /home/airflow/.local/lib/python3.12/site-packages/airflow/example_dags/example_sla_dag.py took 0.155 seconds
[2024-10-11T03:40:44.293+0000] {processor.py:186} INFO - Started process (PID=1120) to work on /home/airflow/.local/lib/python3.12/site-packages/airflow/example_dags/example_sla_dag.py
[2024-10-11T03:40:44.294+0000] {processor.py:914} INFO - Processing file /home/airflow/.local/lib/python3.12/site-packages/airflow/example_dags/example_sla_dag.py for tasks to queue
[2024-10-11T03:40:44.297+0000] {logging_mixin.py:190} INFO - [2024-10-11T03:40:44.296+0000] {dagbag.py:588} INFO - Filling up the DagBag from /home/airflow/.local/lib/python3.12/site-packages/airflow/example_dags/example_sla_dag.py
[2024-10-11T03:40:44.310+0000] {processor.py:925} INFO - DAG(s) 'example_sla_dag' retrieved from /home/airflow/.local/lib/python3.12/site-packages/airflow/example_dags/example_sla_dag.py
[2024-10-11T03:40:44.336+0000] {logging_mixin.py:190} INFO - [2024-10-11T03:40:44.336+0000] {dag.py:3239} INFO - Sync 1 DAGs
[2024-10-11T03:40:44.370+0000] {logging_mixin.py:190} INFO - [2024-10-11T03:40:44.370+0000] {dag.py:4180} INFO - Setting next_dagrun for example_sla_dag to 2024-10-11 03:38:00+00:00, run_after=2024-10-11 03:40:00+00:00
[2024-10-11T03:40:44.388+0000] {processor.py:208} INFO - Processing /home/airflow/.local/lib/python3.12/site-packages/airflow/example_dags/example_sla_dag.py took 0.102 seconds
[2024-10-11T03:41:15.282+0000] {processor.py:186} INFO - Started process (PID=1186) to work on /home/airflow/.local/lib/python3.12/site-packages/airflow/example_dags/example_sla_dag.py
[2024-10-11T03:41:15.283+0000] {processor.py:914} INFO - Processing file /home/airflow/.local/lib/python3.12/site-packages/airflow/example_dags/example_sla_dag.py for tasks to queue
[2024-10-11T03:41:15.286+0000] {logging_mixin.py:190} INFO - [2024-10-11T03:41:15.286+0000] {dagbag.py:588} INFO - Filling up the DagBag from /home/airflow/.local/lib/python3.12/site-packages/airflow/example_dags/example_sla_dag.py
[2024-10-11T03:41:15.300+0000] {processor.py:925} INFO - DAG(s) 'example_sla_dag' retrieved from /home/airflow/.local/lib/python3.12/site-packages/airflow/example_dags/example_sla_dag.py
[2024-10-11T03:41:15.335+0000] {logging_mixin.py:190} INFO - [2024-10-11T03:41:15.335+0000] {dag.py:3239} INFO - Sync 1 DAGs
[2024-10-11T03:41:15.368+0000] {logging_mixin.py:190} INFO - [2024-10-11T03:41:15.368+0000] {dag.py:4180} INFO - Setting next_dagrun for example_sla_dag to 2024-10-11 03:38:00+00:00, run_after=2024-10-11 03:40:00+00:00
[2024-10-11T03:41:15.387+0000] {processor.py:208} INFO - Processing /home/airflow/.local/lib/python3.12/site-packages/airflow/example_dags/example_sla_dag.py took 0.112 seconds
[2024-10-11T03:41:46.231+0000] {processor.py:186} INFO - Started process (PID=1252) to work on /home/airflow/.local/lib/python3.12/site-packages/airflow/example_dags/example_sla_dag.py
[2024-10-11T03:41:46.232+0000] {processor.py:914} INFO - Processing file /home/airflow/.local/lib/python3.12/site-packages/airflow/example_dags/example_sla_dag.py for tasks to queue
[2024-10-11T03:41:46.235+0000] {logging_mixin.py:190} INFO - [2024-10-11T03:41:46.235+0000] {dagbag.py:588} INFO - Filling up the DagBag from /home/airflow/.local/lib/python3.12/site-packages/airflow/example_dags/example_sla_dag.py
[2024-10-11T03:41:46.248+0000] {processor.py:925} INFO - DAG(s) 'example_sla_dag' retrieved from /home/airflow/.local/lib/python3.12/site-packages/airflow/example_dags/example_sla_dag.py
[2024-10-11T03:41:46.279+0000] {logging_mixin.py:190} INFO - [2024-10-11T03:41:46.278+0000] {dag.py:3239} INFO - Sync 1 DAGs
[2024-10-11T03:41:46.327+0000] {logging_mixin.py:190} INFO - [2024-10-11T03:41:46.327+0000] {dag.py:4180} INFO - Setting next_dagrun for example_sla_dag to 2024-10-11 03:38:00+00:00, run_after=2024-10-11 03:40:00+00:00
[2024-10-11T03:41:46.351+0000] {processor.py:208} INFO - Processing /home/airflow/.local/lib/python3.12/site-packages/airflow/example_dags/example_sla_dag.py took 0.128 seconds
[2024-10-11T03:42:16.797+0000] {processor.py:186} INFO - Started process (PID=1318) to work on /home/airflow/.local/lib/python3.12/site-packages/airflow/example_dags/example_sla_dag.py
[2024-10-11T03:42:16.798+0000] {processor.py:914} INFO - Processing file /home/airflow/.local/lib/python3.12/site-packages/airflow/example_dags/example_sla_dag.py for tasks to queue
[2024-10-11T03:42:16.802+0000] {logging_mixin.py:190} INFO - [2024-10-11T03:42:16.801+0000] {dagbag.py:588} INFO - Filling up the DagBag from /home/airflow/.local/lib/python3.12/site-packages/airflow/example_dags/example_sla_dag.py
[2024-10-11T03:42:16.814+0000] {processor.py:925} INFO - DAG(s) 'example_sla_dag' retrieved from /home/airflow/.local/lib/python3.12/site-packages/airflow/example_dags/example_sla_dag.py
[2024-10-11T03:42:16.837+0000] {logging_mixin.py:190} INFO - [2024-10-11T03:42:16.837+0000] {dag.py:3239} INFO - Sync 1 DAGs
[2024-10-11T03:42:16.875+0000] {logging_mixin.py:190} INFO - [2024-10-11T03:42:16.875+0000] {dag.py:4180} INFO - Setting next_dagrun for example_sla_dag to 2024-10-11 03:40:00+00:00, run_after=2024-10-11 03:42:00+00:00
[2024-10-11T03:42:16.898+0000] {processor.py:208} INFO - Processing /home/airflow/.local/lib/python3.12/site-packages/airflow/example_dags/example_sla_dag.py took 0.109 seconds
[2024-10-11T03:42:47.182+0000] {processor.py:186} INFO - Started process (PID=1384) to work on /home/airflow/.local/lib/python3.12/site-packages/airflow/example_dags/example_sla_dag.py
[2024-10-11T03:42:47.183+0000] {processor.py:914} INFO - Processing file /home/airflow/.local/lib/python3.12/site-packages/airflow/example_dags/example_sla_dag.py for tasks to queue
[2024-10-11T03:42:47.186+0000] {logging_mixin.py:190} INFO - [2024-10-11T03:42:47.186+0000] {dagbag.py:588} INFO - Filling up the DagBag from /home/airflow/.local/lib/python3.12/site-packages/airflow/example_dags/example_sla_dag.py
[2024-10-11T03:42:47.198+0000] {processor.py:925} INFO - DAG(s) 'example_sla_dag' retrieved from /home/airflow/.local/lib/python3.12/site-packages/airflow/example_dags/example_sla_dag.py
[2024-10-11T03:42:47.226+0000] {logging_mixin.py:190} INFO - [2024-10-11T03:42:47.226+0000] {dag.py:3239} INFO - Sync 1 DAGs
[2024-10-11T03:42:47.274+0000] {logging_mixin.py:190} INFO - [2024-10-11T03:42:47.273+0000] {dag.py:4180} INFO - Setting next_dagrun for example_sla_dag to 2024-10-11 03:40:00+00:00, run_after=2024-10-11 03:42:00+00:00
[2024-10-11T03:42:47.302+0000] {processor.py:208} INFO - Processing /home/airflow/.local/lib/python3.12/site-packages/airflow/example_dags/example_sla_dag.py took 0.128 seconds
[2024-10-11T03:43:18.305+0000] {processor.py:186} INFO - Started process (PID=1452) to work on /home/airflow/.local/lib/python3.12/site-packages/airflow/example_dags/example_sla_dag.py
[2024-10-11T03:43:18.306+0000] {processor.py:914} INFO - Processing file /home/airflow/.local/lib/python3.12/site-packages/airflow/example_dags/example_sla_dag.py for tasks to queue
[2024-10-11T03:43:18.309+0000] {logging_mixin.py:190} INFO - [2024-10-11T03:43:18.308+0000] {dagbag.py:588} INFO - Filling up the DagBag from /home/airflow/.local/lib/python3.12/site-packages/airflow/example_dags/example_sla_dag.py
[2024-10-11T03:43:18.322+0000] {processor.py:925} INFO - DAG(s) 'example_sla_dag' retrieved from /home/airflow/.local/lib/python3.12/site-packages/airflow/example_dags/example_sla_dag.py
[2024-10-11T03:43:18.383+0000] {logging_mixin.py:190} INFO - [2024-10-11T03:43:18.383+0000] {dag.py:3239} INFO - Sync 1 DAGs
[2024-10-11T03:43:18.424+0000] {logging_mixin.py:190} INFO - [2024-10-11T03:43:18.424+0000] {dag.py:4180} INFO - Setting next_dagrun for example_sla_dag to 2024-10-11 03:40:00+00:00, run_after=2024-10-11 03:42:00+00:00
[2024-10-11T03:43:18.445+0000] {processor.py:208} INFO - Processing /home/airflow/.local/lib/python3.12/site-packages/airflow/example_dags/example_sla_dag.py took 0.156 seconds
[2024-10-11T03:43:49.165+0000] {processor.py:186} INFO - Started process (PID=1519) to work on /home/airflow/.local/lib/python3.12/site-packages/airflow/example_dags/example_sla_dag.py
[2024-10-11T03:43:49.167+0000] {processor.py:914} INFO - Processing file /home/airflow/.local/lib/python3.12/site-packages/airflow/example_dags/example_sla_dag.py for tasks to queue
[2024-10-11T03:43:49.171+0000] {logging_mixin.py:190} INFO - [2024-10-11T03:43:49.171+0000] {dagbag.py:588} INFO - Filling up the DagBag from /home/airflow/.local/lib/python3.12/site-packages/airflow/example_dags/example_sla_dag.py
[2024-10-11T03:43:49.185+0000] {processor.py:925} INFO - DAG(s) 'example_sla_dag' retrieved from /home/airflow/.local/lib/python3.12/site-packages/airflow/example_dags/example_sla_dag.py
[2024-10-11T03:43:49.215+0000] {logging_mixin.py:190} INFO - [2024-10-11T03:43:49.214+0000] {dag.py:3239} INFO - Sync 1 DAGs
[2024-10-11T03:43:49.258+0000] {logging_mixin.py:190} INFO - [2024-10-11T03:43:49.258+0000] {dag.py:4180} INFO - Setting next_dagrun for example_sla_dag to 2024-10-11 03:40:00+00:00, run_after=2024-10-11 03:42:00+00:00
[2024-10-11T03:43:49.292+0000] {processor.py:208} INFO - Processing /home/airflow/.local/lib/python3.12/site-packages/airflow/example_dags/example_sla_dag.py took 0.143 seconds
[2024-10-11T03:44:19.791+0000] {processor.py:186} INFO - Started process (PID=1586) to work on /home/airflow/.local/lib/python3.12/site-packages/airflow/example_dags/example_sla_dag.py
[2024-10-11T03:44:19.792+0000] {processor.py:914} INFO - Processing file /home/airflow/.local/lib/python3.12/site-packages/airflow/example_dags/example_sla_dag.py for tasks to queue
[2024-10-11T03:44:19.795+0000] {logging_mixin.py:190} INFO - [2024-10-11T03:44:19.795+0000] {dagbag.py:588} INFO - Filling up the DagBag from /home/airflow/.local/lib/python3.12/site-packages/airflow/example_dags/example_sla_dag.py
[2024-10-11T03:44:19.809+0000] {processor.py:925} INFO - DAG(s) 'example_sla_dag' retrieved from /home/airflow/.local/lib/python3.12/site-packages/airflow/example_dags/example_sla_dag.py
[2024-10-11T03:44:19.841+0000] {logging_mixin.py:190} INFO - [2024-10-11T03:44:19.841+0000] {dag.py:3239} INFO - Sync 1 DAGs
[2024-10-11T03:44:19.886+0000] {logging_mixin.py:190} INFO - [2024-10-11T03:44:19.883+0000] {dag.py:4180} INFO - Setting next_dagrun for example_sla_dag to 2024-10-11 03:42:00+00:00, run_after=2024-10-11 03:44:00+00:00
[2024-10-11T03:44:19.918+0000] {processor.py:208} INFO - Processing /home/airflow/.local/lib/python3.12/site-packages/airflow/example_dags/example_sla_dag.py took 0.134 seconds
[2024-10-11T03:44:50.585+0000] {processor.py:186} INFO - Started process (PID=1653) to work on /home/airflow/.local/lib/python3.12/site-packages/airflow/example_dags/example_sla_dag.py
[2024-10-11T03:44:50.586+0000] {processor.py:914} INFO - Processing file /home/airflow/.local/lib/python3.12/site-packages/airflow/example_dags/example_sla_dag.py for tasks to queue
[2024-10-11T03:44:50.589+0000] {logging_mixin.py:190} INFO - [2024-10-11T03:44:50.589+0000] {dagbag.py:588} INFO - Filling up the DagBag from /home/airflow/.local/lib/python3.12/site-packages/airflow/example_dags/example_sla_dag.py
[2024-10-11T03:44:50.602+0000] {processor.py:925} INFO - DAG(s) 'example_sla_dag' retrieved from /home/airflow/.local/lib/python3.12/site-packages/airflow/example_dags/example_sla_dag.py
[2024-10-11T03:44:50.626+0000] {logging_mixin.py:190} INFO - [2024-10-11T03:44:50.626+0000] {dag.py:3239} INFO - Sync 1 DAGs
[2024-10-11T03:44:50.665+0000] {logging_mixin.py:190} INFO - [2024-10-11T03:44:50.664+0000] {dag.py:4180} INFO - Setting next_dagrun for example_sla_dag to 2024-10-11 03:42:00+00:00, run_after=2024-10-11 03:44:00+00:00
[2024-10-11T03:44:50.695+0000] {processor.py:208} INFO - Processing /home/airflow/.local/lib/python3.12/site-packages/airflow/example_dags/example_sla_dag.py took 0.119 seconds
[2024-10-11T03:45:21.128+0000] {processor.py:186} INFO - Started process (PID=1721) to work on /home/airflow/.local/lib/python3.12/site-packages/airflow/example_dags/example_sla_dag.py
[2024-10-11T03:45:21.130+0000] {processor.py:914} INFO - Processing file /home/airflow/.local/lib/python3.12/site-packages/airflow/example_dags/example_sla_dag.py for tasks to queue
[2024-10-11T03:45:21.133+0000] {logging_mixin.py:190} INFO - [2024-10-11T03:45:21.132+0000] {dagbag.py:588} INFO - Filling up the DagBag from /home/airflow/.local/lib/python3.12/site-packages/airflow/example_dags/example_sla_dag.py
[2024-10-11T03:45:21.148+0000] {processor.py:925} INFO - DAG(s) 'example_sla_dag' retrieved from /home/airflow/.local/lib/python3.12/site-packages/airflow/example_dags/example_sla_dag.py
[2024-10-11T03:45:21.175+0000] {logging_mixin.py:190} INFO - [2024-10-11T03:45:21.174+0000] {dag.py:3239} INFO - Sync 1 DAGs
[2024-10-11T03:45:21.209+0000] {logging_mixin.py:190} INFO - [2024-10-11T03:45:21.208+0000] {dag.py:4180} INFO - Setting next_dagrun for example_sla_dag to 2024-10-11 03:42:00+00:00, run_after=2024-10-11 03:44:00+00:00
[2024-10-11T03:45:21.231+0000] {processor.py:208} INFO - Processing /home/airflow/.local/lib/python3.12/site-packages/airflow/example_dags/example_sla_dag.py took 0.110 seconds
[2024-10-11T03:45:52.022+0000] {processor.py:186} INFO - Started process (PID=1788) to work on /home/airflow/.local/lib/python3.12/site-packages/airflow/example_dags/example_sla_dag.py
[2024-10-11T03:45:52.024+0000] {processor.py:914} INFO - Processing file /home/airflow/.local/lib/python3.12/site-packages/airflow/example_dags/example_sla_dag.py for tasks to queue
[2024-10-11T03:45:52.027+0000] {logging_mixin.py:190} INFO - [2024-10-11T03:45:52.027+0000] {dagbag.py:588} INFO - Filling up the DagBag from /home/airflow/.local/lib/python3.12/site-packages/airflow/example_dags/example_sla_dag.py
[2024-10-11T03:45:52.042+0000] {processor.py:925} INFO - DAG(s) 'example_sla_dag' retrieved from /home/airflow/.local/lib/python3.12/site-packages/airflow/example_dags/example_sla_dag.py
[2024-10-11T03:45:52.073+0000] {logging_mixin.py:190} INFO - [2024-10-11T03:45:52.073+0000] {dag.py:3239} INFO - Sync 1 DAGs
[2024-10-11T03:45:52.120+0000] {logging_mixin.py:190} INFO - [2024-10-11T03:45:52.120+0000] {dag.py:4180} INFO - Setting next_dagrun for example_sla_dag to 2024-10-11 03:42:00+00:00, run_after=2024-10-11 03:44:00+00:00
[2024-10-11T03:45:52.143+0000] {processor.py:208} INFO - Processing /home/airflow/.local/lib/python3.12/site-packages/airflow/example_dags/example_sla_dag.py took 0.129 seconds
[2024-10-11T03:46:23.392+0000] {processor.py:186} INFO - Started process (PID=1855) to work on /home/airflow/.local/lib/python3.12/site-packages/airflow/example_dags/example_sla_dag.py
[2024-10-11T03:46:23.393+0000] {processor.py:914} INFO - Processing file /home/airflow/.local/lib/python3.12/site-packages/airflow/example_dags/example_sla_dag.py for tasks to queue
[2024-10-11T03:46:23.396+0000] {logging_mixin.py:190} INFO - [2024-10-11T03:46:23.396+0000] {dagbag.py:588} INFO - Filling up the DagBag from /home/airflow/.local/lib/python3.12/site-packages/airflow/example_dags/example_sla_dag.py
[2024-10-11T03:46:23.409+0000] {processor.py:925} INFO - DAG(s) 'example_sla_dag' retrieved from /home/airflow/.local/lib/python3.12/site-packages/airflow/example_dags/example_sla_dag.py
[2024-10-11T03:46:23.432+0000] {logging_mixin.py:190} INFO - [2024-10-11T03:46:23.432+0000] {dag.py:3239} INFO - Sync 1 DAGs
[2024-10-11T03:46:23.466+0000] {logging_mixin.py:190} INFO - [2024-10-11T03:46:23.466+0000] {dag.py:4180} INFO - Setting next_dagrun for example_sla_dag to 2024-10-11 03:44:00+00:00, run_after=2024-10-11 03:46:00+00:00
[2024-10-11T03:46:23.485+0000] {processor.py:208} INFO - Processing /home/airflow/.local/lib/python3.12/site-packages/airflow/example_dags/example_sla_dag.py took 0.102 seconds
[2024-10-11T03:46:54.189+0000] {processor.py:186} INFO - Started process (PID=1921) to work on /home/airflow/.local/lib/python3.12/site-packages/airflow/example_dags/example_sla_dag.py
[2024-10-11T03:46:54.190+0000] {processor.py:914} INFO - Processing file /home/airflow/.local/lib/python3.12/site-packages/airflow/example_dags/example_sla_dag.py for tasks to queue
[2024-10-11T03:46:54.194+0000] {logging_mixin.py:190} INFO - [2024-10-11T03:46:54.194+0000] {dagbag.py:588} INFO - Filling up the DagBag from /home/airflow/.local/lib/python3.12/site-packages/airflow/example_dags/example_sla_dag.py
[2024-10-11T03:46:54.207+0000] {processor.py:925} INFO - DAG(s) 'example_sla_dag' retrieved from /home/airflow/.local/lib/python3.12/site-packages/airflow/example_dags/example_sla_dag.py
[2024-10-11T03:46:54.229+0000] {logging_mixin.py:190} INFO - [2024-10-11T03:46:54.229+0000] {dag.py:3239} INFO - Sync 1 DAGs
[2024-10-11T03:46:54.276+0000] {logging_mixin.py:190} INFO - [2024-10-11T03:46:54.275+0000] {dag.py:4180} INFO - Setting next_dagrun for example_sla_dag to 2024-10-11 03:44:00+00:00, run_after=2024-10-11 03:46:00+00:00
[2024-10-11T03:46:54.298+0000] {processor.py:208} INFO - Processing /home/airflow/.local/lib/python3.12/site-packages/airflow/example_dags/example_sla_dag.py took 0.117 seconds
[2024-10-11T03:47:25.402+0000] {processor.py:186} INFO - Started process (PID=1988) to work on /home/airflow/.local/lib/python3.12/site-packages/airflow/example_dags/example_sla_dag.py
[2024-10-11T03:47:25.403+0000] {processor.py:914} INFO - Processing file /home/airflow/.local/lib/python3.12/site-packages/airflow/example_dags/example_sla_dag.py for tasks to queue
[2024-10-11T03:47:25.407+0000] {logging_mixin.py:190} INFO - [2024-10-11T03:47:25.406+0000] {dagbag.py:588} INFO - Filling up the DagBag from /home/airflow/.local/lib/python3.12/site-packages/airflow/example_dags/example_sla_dag.py
[2024-10-11T03:47:25.419+0000] {processor.py:925} INFO - DAG(s) 'example_sla_dag' retrieved from /home/airflow/.local/lib/python3.12/site-packages/airflow/example_dags/example_sla_dag.py
[2024-10-11T03:47:25.442+0000] {logging_mixin.py:190} INFO - [2024-10-11T03:47:25.442+0000] {dag.py:3239} INFO - Sync 1 DAGs
[2024-10-11T03:47:25.478+0000] {logging_mixin.py:190} INFO - [2024-10-11T03:47:25.477+0000] {dag.py:4180} INFO - Setting next_dagrun for example_sla_dag to 2024-10-11 03:44:00+00:00, run_after=2024-10-11 03:46:00+00:00
[2024-10-11T03:47:25.499+0000] {processor.py:208} INFO - Processing /home/airflow/.local/lib/python3.12/site-packages/airflow/example_dags/example_sla_dag.py took 0.103 seconds
[2024-10-11T03:47:56.432+0000] {processor.py:186} INFO - Started process (PID=2055) to work on /home/airflow/.local/lib/python3.12/site-packages/airflow/example_dags/example_sla_dag.py
[2024-10-11T03:47:56.433+0000] {processor.py:914} INFO - Processing file /home/airflow/.local/lib/python3.12/site-packages/airflow/example_dags/example_sla_dag.py for tasks to queue
[2024-10-11T03:47:56.436+0000] {logging_mixin.py:190} INFO - [2024-10-11T03:47:56.436+0000] {dagbag.py:588} INFO - Filling up the DagBag from /home/airflow/.local/lib/python3.12/site-packages/airflow/example_dags/example_sla_dag.py
[2024-10-11T03:47:56.456+0000] {processor.py:925} INFO - DAG(s) 'example_sla_dag' retrieved from /home/airflow/.local/lib/python3.12/site-packages/airflow/example_dags/example_sla_dag.py
[2024-10-11T03:47:56.483+0000] {logging_mixin.py:190} INFO - [2024-10-11T03:47:56.483+0000] {dag.py:3239} INFO - Sync 1 DAGs
[2024-10-11T03:47:56.523+0000] {logging_mixin.py:190} INFO - [2024-10-11T03:47:56.523+0000] {dag.py:4180} INFO - Setting next_dagrun for example_sla_dag to 2024-10-11 03:44:00+00:00, run_after=2024-10-11 03:46:00+00:00
[2024-10-11T03:47:56.549+0000] {processor.py:208} INFO - Processing /home/airflow/.local/lib/python3.12/site-packages/airflow/example_dags/example_sla_dag.py took 0.127 seconds
[2024-10-11T03:48:27.105+0000] {processor.py:186} INFO - Started process (PID=2122) to work on /home/airflow/.local/lib/python3.12/site-packages/airflow/example_dags/example_sla_dag.py
[2024-10-11T03:48:27.106+0000] {processor.py:914} INFO - Processing file /home/airflow/.local/lib/python3.12/site-packages/airflow/example_dags/example_sla_dag.py for tasks to queue
[2024-10-11T03:48:27.109+0000] {logging_mixin.py:190} INFO - [2024-10-11T03:48:27.109+0000] {dagbag.py:588} INFO - Filling up the DagBag from /home/airflow/.local/lib/python3.12/site-packages/airflow/example_dags/example_sla_dag.py
[2024-10-11T03:48:27.122+0000] {processor.py:925} INFO - DAG(s) 'example_sla_dag' retrieved from /home/airflow/.local/lib/python3.12/site-packages/airflow/example_dags/example_sla_dag.py
[2024-10-11T03:48:27.143+0000] {logging_mixin.py:190} INFO - [2024-10-11T03:48:27.143+0000] {dag.py:3239} INFO - Sync 1 DAGs
[2024-10-11T03:48:27.174+0000] {logging_mixin.py:190} INFO - [2024-10-11T03:48:27.173+0000] {dag.py:4180} INFO - Setting next_dagrun for example_sla_dag to 2024-10-11 03:46:00+00:00, run_after=2024-10-11 03:48:00+00:00
[2024-10-11T03:48:27.193+0000] {processor.py:208} INFO - Processing /home/airflow/.local/lib/python3.12/site-packages/airflow/example_dags/example_sla_dag.py took 0.097 seconds
[2024-10-11T03:48:57.902+0000] {processor.py:186} INFO - Started process (PID=2194) to work on /home/airflow/.local/lib/python3.12/site-packages/airflow/example_dags/example_sla_dag.py
[2024-10-11T03:48:57.904+0000] {processor.py:914} INFO - Processing file /home/airflow/.local/lib/python3.12/site-packages/airflow/example_dags/example_sla_dag.py for tasks to queue
[2024-10-11T03:48:57.917+0000] {logging_mixin.py:190} INFO - [2024-10-11T03:48:57.914+0000] {dagbag.py:588} INFO - Filling up the DagBag from /home/airflow/.local/lib/python3.12/site-packages/airflow/example_dags/example_sla_dag.py
[2024-10-11T03:48:57.979+0000] {processor.py:925} INFO - DAG(s) 'example_sla_dag' retrieved from /home/airflow/.local/lib/python3.12/site-packages/airflow/example_dags/example_sla_dag.py
[2024-10-11T03:48:58.091+0000] {logging_mixin.py:190} INFO - [2024-10-11T03:48:58.091+0000] {dag.py:3239} INFO - Sync 1 DAGs
[2024-10-11T03:48:58.171+0000] {logging_mixin.py:190} INFO - [2024-10-11T03:48:58.170+0000] {dag.py:4180} INFO - Setting next_dagrun for example_sla_dag to 2024-10-11 03:46:00+00:00, run_after=2024-10-11 03:48:00+00:00
[2024-10-11T03:48:58.227+0000] {processor.py:208} INFO - Processing /home/airflow/.local/lib/python3.12/site-packages/airflow/example_dags/example_sla_dag.py took 0.343 seconds
[2024-10-11T03:49:29.288+0000] {processor.py:186} INFO - Started process (PID=2260) to work on /home/airflow/.local/lib/python3.12/site-packages/airflow/example_dags/example_sla_dag.py
[2024-10-11T03:49:29.290+0000] {processor.py:914} INFO - Processing file /home/airflow/.local/lib/python3.12/site-packages/airflow/example_dags/example_sla_dag.py for tasks to queue
[2024-10-11T03:49:29.299+0000] {logging_mixin.py:190} INFO - [2024-10-11T03:49:29.298+0000] {dagbag.py:588} INFO - Filling up the DagBag from /home/airflow/.local/lib/python3.12/site-packages/airflow/example_dags/example_sla_dag.py
[2024-10-11T03:49:29.336+0000] {processor.py:925} INFO - DAG(s) 'example_sla_dag' retrieved from /home/airflow/.local/lib/python3.12/site-packages/airflow/example_dags/example_sla_dag.py
[2024-10-11T03:49:29.395+0000] {logging_mixin.py:190} INFO - [2024-10-11T03:49:29.395+0000] {dag.py:3239} INFO - Sync 1 DAGs
[2024-10-11T03:49:29.484+0000] {logging_mixin.py:190} INFO - [2024-10-11T03:49:29.483+0000] {dag.py:4180} INFO - Setting next_dagrun for example_sla_dag to 2024-10-11 03:46:00+00:00, run_after=2024-10-11 03:48:00+00:00
[2024-10-11T03:49:29.555+0000] {processor.py:208} INFO - Processing /home/airflow/.local/lib/python3.12/site-packages/airflow/example_dags/example_sla_dag.py took 0.289 seconds
[2024-10-11T03:50:00.691+0000] {processor.py:186} INFO - Started process (PID=2327) to work on /home/airflow/.local/lib/python3.12/site-packages/airflow/example_dags/example_sla_dag.py
[2024-10-11T03:50:00.693+0000] {processor.py:914} INFO - Processing file /home/airflow/.local/lib/python3.12/site-packages/airflow/example_dags/example_sla_dag.py for tasks to queue
[2024-10-11T03:50:00.696+0000] {logging_mixin.py:190} INFO - [2024-10-11T03:50:00.695+0000] {dagbag.py:588} INFO - Filling up the DagBag from /home/airflow/.local/lib/python3.12/site-packages/airflow/example_dags/example_sla_dag.py
[2024-10-11T03:50:00.710+0000] {processor.py:925} INFO - DAG(s) 'example_sla_dag' retrieved from /home/airflow/.local/lib/python3.12/site-packages/airflow/example_dags/example_sla_dag.py
[2024-10-11T03:50:00.733+0000] {logging_mixin.py:190} INFO - [2024-10-11T03:50:00.733+0000] {dag.py:3239} INFO - Sync 1 DAGs
[2024-10-11T03:50:00.767+0000] {logging_mixin.py:190} INFO - [2024-10-11T03:50:00.767+0000] {dag.py:4180} INFO - Setting next_dagrun for example_sla_dag to 2024-10-11 03:48:00+00:00, run_after=2024-10-11 03:50:00+00:00
[2024-10-11T03:50:00.786+0000] {processor.py:208} INFO - Processing /home/airflow/.local/lib/python3.12/site-packages/airflow/example_dags/example_sla_dag.py took 0.103 seconds
[2024-10-11T03:50:31.530+0000] {processor.py:186} INFO - Started process (PID=2394) to work on /home/airflow/.local/lib/python3.12/site-packages/airflow/example_dags/example_sla_dag.py
[2024-10-11T03:50:31.531+0000] {processor.py:914} INFO - Processing file /home/airflow/.local/lib/python3.12/site-packages/airflow/example_dags/example_sla_dag.py for tasks to queue
[2024-10-11T03:50:31.536+0000] {logging_mixin.py:190} INFO - [2024-10-11T03:50:31.536+0000] {dagbag.py:588} INFO - Filling up the DagBag from /home/airflow/.local/lib/python3.12/site-packages/airflow/example_dags/example_sla_dag.py
[2024-10-11T03:50:31.549+0000] {processor.py:925} INFO - DAG(s) 'example_sla_dag' retrieved from /home/airflow/.local/lib/python3.12/site-packages/airflow/example_dags/example_sla_dag.py
[2024-10-11T03:50:31.574+0000] {logging_mixin.py:190} INFO - [2024-10-11T03:50:31.574+0000] {dag.py:3239} INFO - Sync 1 DAGs
[2024-10-11T03:50:31.614+0000] {logging_mixin.py:190} INFO - [2024-10-11T03:50:31.613+0000] {dag.py:4180} INFO - Setting next_dagrun for example_sla_dag to 2024-10-11 03:48:00+00:00, run_after=2024-10-11 03:50:00+00:00
[2024-10-11T03:50:31.646+0000] {processor.py:208} INFO - Processing /home/airflow/.local/lib/python3.12/site-packages/airflow/example_dags/example_sla_dag.py took 0.124 seconds
[2024-10-11T03:51:02.200+0000] {processor.py:186} INFO - Started process (PID=2461) to work on /home/airflow/.local/lib/python3.12/site-packages/airflow/example_dags/example_sla_dag.py
[2024-10-11T03:51:02.203+0000] {processor.py:914} INFO - Processing file /home/airflow/.local/lib/python3.12/site-packages/airflow/example_dags/example_sla_dag.py for tasks to queue
[2024-10-11T03:51:02.208+0000] {logging_mixin.py:190} INFO - [2024-10-11T03:51:02.207+0000] {dagbag.py:588} INFO - Filling up the DagBag from /home/airflow/.local/lib/python3.12/site-packages/airflow/example_dags/example_sla_dag.py
[2024-10-11T03:51:02.227+0000] {processor.py:925} INFO - DAG(s) 'example_sla_dag' retrieved from /home/airflow/.local/lib/python3.12/site-packages/airflow/example_dags/example_sla_dag.py
[2024-10-11T03:51:02.258+0000] {logging_mixin.py:190} INFO - [2024-10-11T03:51:02.257+0000] {dag.py:3239} INFO - Sync 1 DAGs
[2024-10-11T03:51:02.301+0000] {logging_mixin.py:190} INFO - [2024-10-11T03:51:02.300+0000] {dag.py:4180} INFO - Setting next_dagrun for example_sla_dag to 2024-10-11 03:48:00+00:00, run_after=2024-10-11 03:50:00+00:00
[2024-10-11T03:51:02.335+0000] {processor.py:208} INFO - Processing /home/airflow/.local/lib/python3.12/site-packages/airflow/example_dags/example_sla_dag.py took 0.145 seconds
[2024-10-11T03:51:33.776+0000] {processor.py:186} INFO - Started process (PID=2528) to work on /home/airflow/.local/lib/python3.12/site-packages/airflow/example_dags/example_sla_dag.py
[2024-10-11T03:51:33.777+0000] {processor.py:914} INFO - Processing file /home/airflow/.local/lib/python3.12/site-packages/airflow/example_dags/example_sla_dag.py for tasks to queue
[2024-10-11T03:51:33.781+0000] {logging_mixin.py:190} INFO - [2024-10-11T03:51:33.781+0000] {dagbag.py:588} INFO - Filling up the DagBag from /home/airflow/.local/lib/python3.12/site-packages/airflow/example_dags/example_sla_dag.py
[2024-10-11T03:51:33.800+0000] {processor.py:925} INFO - DAG(s) 'example_sla_dag' retrieved from /home/airflow/.local/lib/python3.12/site-packages/airflow/example_dags/example_sla_dag.py
[2024-10-11T03:51:33.839+0000] {logging_mixin.py:190} INFO - [2024-10-11T03:51:33.838+0000] {dag.py:3239} INFO - Sync 1 DAGs
[2024-10-11T03:51:34.099+0000] {logging_mixin.py:190} INFO - [2024-10-11T03:51:34.099+0000] {dag.py:4180} INFO - Setting next_dagrun for example_sla_dag to 2024-10-11 03:48:00+00:00, run_after=2024-10-11 03:50:00+00:00
[2024-10-11T03:51:34.128+0000] {processor.py:208} INFO - Processing /home/airflow/.local/lib/python3.12/site-packages/airflow/example_dags/example_sla_dag.py took 0.362 seconds
[2024-10-11T03:52:04.915+0000] {processor.py:186} INFO - Started process (PID=2594) to work on /home/airflow/.local/lib/python3.12/site-packages/airflow/example_dags/example_sla_dag.py
[2024-10-11T03:52:04.917+0000] {processor.py:914} INFO - Processing file /home/airflow/.local/lib/python3.12/site-packages/airflow/example_dags/example_sla_dag.py for tasks to queue
[2024-10-11T03:52:04.921+0000] {logging_mixin.py:190} INFO - [2024-10-11T03:52:04.921+0000] {dagbag.py:588} INFO - Filling up the DagBag from /home/airflow/.local/lib/python3.12/site-packages/airflow/example_dags/example_sla_dag.py
[2024-10-11T03:52:04.938+0000] {processor.py:925} INFO - DAG(s) 'example_sla_dag' retrieved from /home/airflow/.local/lib/python3.12/site-packages/airflow/example_dags/example_sla_dag.py
[2024-10-11T03:52:04.972+0000] {logging_mixin.py:190} INFO - [2024-10-11T03:52:04.972+0000] {dag.py:3239} INFO - Sync 1 DAGs
[2024-10-11T03:52:05.014+0000] {logging_mixin.py:190} INFO - [2024-10-11T03:52:05.013+0000] {dag.py:4180} INFO - Setting next_dagrun for example_sla_dag to 2024-10-11 03:50:00+00:00, run_after=2024-10-11 03:52:00+00:00
[2024-10-11T03:52:05.253+0000] {processor.py:208} INFO - Processing /home/airflow/.local/lib/python3.12/site-packages/airflow/example_dags/example_sla_dag.py took 0.348 seconds
[2024-10-11T03:52:35.507+0000] {processor.py:186} INFO - Started process (PID=2660) to work on /home/airflow/.local/lib/python3.12/site-packages/airflow/example_dags/example_sla_dag.py
[2024-10-11T03:52:35.509+0000] {processor.py:914} INFO - Processing file /home/airflow/.local/lib/python3.12/site-packages/airflow/example_dags/example_sla_dag.py for tasks to queue
[2024-10-11T03:52:35.514+0000] {logging_mixin.py:190} INFO - [2024-10-11T03:52:35.513+0000] {dagbag.py:588} INFO - Filling up the DagBag from /home/airflow/.local/lib/python3.12/site-packages/airflow/example_dags/example_sla_dag.py
[2024-10-11T03:52:35.532+0000] {processor.py:925} INFO - DAG(s) 'example_sla_dag' retrieved from /home/airflow/.local/lib/python3.12/site-packages/airflow/example_dags/example_sla_dag.py
[2024-10-11T03:52:35.562+0000] {logging_mixin.py:190} INFO - [2024-10-11T03:52:35.561+0000] {dag.py:3239} INFO - Sync 1 DAGs
[2024-10-11T03:52:35.602+0000] {logging_mixin.py:190} INFO - [2024-10-11T03:52:35.602+0000] {dag.py:4180} INFO - Setting next_dagrun for example_sla_dag to 2024-10-11 03:50:00+00:00, run_after=2024-10-11 03:52:00+00:00
[2024-10-11T03:52:35.629+0000] {processor.py:208} INFO - Processing /home/airflow/.local/lib/python3.12/site-packages/airflow/example_dags/example_sla_dag.py took 0.132 seconds
[2024-10-11T03:53:06.645+0000] {processor.py:186} INFO - Started process (PID=2728) to work on /home/airflow/.local/lib/python3.12/site-packages/airflow/example_dags/example_sla_dag.py
[2024-10-11T03:53:06.648+0000] {processor.py:914} INFO - Processing file /home/airflow/.local/lib/python3.12/site-packages/airflow/example_dags/example_sla_dag.py for tasks to queue
[2024-10-11T03:53:06.657+0000] {logging_mixin.py:190} INFO - [2024-10-11T03:53:06.656+0000] {dagbag.py:588} INFO - Filling up the DagBag from /home/airflow/.local/lib/python3.12/site-packages/airflow/example_dags/example_sla_dag.py
[2024-10-11T03:53:06.693+0000] {processor.py:925} INFO - DAG(s) 'example_sla_dag' retrieved from /home/airflow/.local/lib/python3.12/site-packages/airflow/example_dags/example_sla_dag.py
[2024-10-11T03:53:06.762+0000] {logging_mixin.py:190} INFO - [2024-10-11T03:53:06.761+0000] {dag.py:3239} INFO - Sync 1 DAGs
[2024-10-11T03:53:06.843+0000] {logging_mixin.py:190} INFO - [2024-10-11T03:53:06.843+0000] {dag.py:4180} INFO - Setting next_dagrun for example_sla_dag to 2024-10-11 03:50:00+00:00, run_after=2024-10-11 03:52:00+00:00
[2024-10-11T03:53:06.919+0000] {processor.py:208} INFO - Processing /home/airflow/.local/lib/python3.12/site-packages/airflow/example_dags/example_sla_dag.py took 0.292 seconds
[2024-10-11T03:53:37.623+0000] {processor.py:186} INFO - Started process (PID=2795) to work on /home/airflow/.local/lib/python3.12/site-packages/airflow/example_dags/example_sla_dag.py
[2024-10-11T03:53:37.624+0000] {processor.py:914} INFO - Processing file /home/airflow/.local/lib/python3.12/site-packages/airflow/example_dags/example_sla_dag.py for tasks to queue
[2024-10-11T03:53:37.640+0000] {logging_mixin.py:190} INFO - [2024-10-11T03:53:37.639+0000] {dagbag.py:588} INFO - Filling up the DagBag from /home/airflow/.local/lib/python3.12/site-packages/airflow/example_dags/example_sla_dag.py
[2024-10-11T03:53:37.663+0000] {processor.py:925} INFO - DAG(s) 'example_sla_dag' retrieved from /home/airflow/.local/lib/python3.12/site-packages/airflow/example_dags/example_sla_dag.py
[2024-10-11T03:53:37.740+0000] {logging_mixin.py:190} INFO - [2024-10-11T03:53:37.739+0000] {dag.py:3239} INFO - Sync 1 DAGs
[2024-10-11T03:53:37.826+0000] {logging_mixin.py:190} INFO - [2024-10-11T03:53:37.825+0000] {dag.py:4180} INFO - Setting next_dagrun for example_sla_dag to 2024-10-11 03:50:00+00:00, run_after=2024-10-11 03:52:00+00:00
[2024-10-11T03:53:37.874+0000] {processor.py:208} INFO - Processing /home/airflow/.local/lib/python3.12/site-packages/airflow/example_dags/example_sla_dag.py took 0.278 seconds
[2024-10-11T03:54:08.355+0000] {processor.py:186} INFO - Started process (PID=2861) to work on /home/airflow/.local/lib/python3.12/site-packages/airflow/example_dags/example_sla_dag.py
[2024-10-11T03:54:08.356+0000] {processor.py:914} INFO - Processing file /home/airflow/.local/lib/python3.12/site-packages/airflow/example_dags/example_sla_dag.py for tasks to queue
[2024-10-11T03:54:08.362+0000] {logging_mixin.py:190} INFO - [2024-10-11T03:54:08.361+0000] {dagbag.py:588} INFO - Filling up the DagBag from /home/airflow/.local/lib/python3.12/site-packages/airflow/example_dags/example_sla_dag.py
[2024-10-11T03:54:08.387+0000] {processor.py:925} INFO - DAG(s) 'example_sla_dag' retrieved from /home/airflow/.local/lib/python3.12/site-packages/airflow/example_dags/example_sla_dag.py
[2024-10-11T03:54:08.480+0000] {logging_mixin.py:190} INFO - [2024-10-11T03:54:08.478+0000] {dag.py:3239} INFO - Sync 1 DAGs
[2024-10-11T03:54:08.615+0000] {logging_mixin.py:190} INFO - [2024-10-11T03:54:08.615+0000] {dag.py:4180} INFO - Setting next_dagrun for example_sla_dag to 2024-10-11 03:52:00+00:00, run_after=2024-10-11 03:54:00+00:00
[2024-10-11T03:54:08.672+0000] {processor.py:208} INFO - Processing /home/airflow/.local/lib/python3.12/site-packages/airflow/example_dags/example_sla_dag.py took 0.332 seconds
[2024-10-11T03:54:39.948+0000] {processor.py:186} INFO - Started process (PID=2928) to work on /home/airflow/.local/lib/python3.12/site-packages/airflow/example_dags/example_sla_dag.py
[2024-10-11T03:54:39.950+0000] {processor.py:914} INFO - Processing file /home/airflow/.local/lib/python3.12/site-packages/airflow/example_dags/example_sla_dag.py for tasks to queue
[2024-10-11T03:54:39.956+0000] {logging_mixin.py:190} INFO - [2024-10-11T03:54:39.955+0000] {dagbag.py:588} INFO - Filling up the DagBag from /home/airflow/.local/lib/python3.12/site-packages/airflow/example_dags/example_sla_dag.py
[2024-10-11T03:54:39.978+0000] {processor.py:925} INFO - DAG(s) 'example_sla_dag' retrieved from /home/airflow/.local/lib/python3.12/site-packages/airflow/example_dags/example_sla_dag.py
[2024-10-11T03:54:40.023+0000] {logging_mixin.py:190} INFO - [2024-10-11T03:54:40.022+0000] {dag.py:3239} INFO - Sync 1 DAGs
[2024-10-11T03:54:40.102+0000] {logging_mixin.py:190} INFO - [2024-10-11T03:54:40.101+0000] {dag.py:4180} INFO - Setting next_dagrun for example_sla_dag to 2024-10-11 03:52:00+00:00, run_after=2024-10-11 03:54:00+00:00
[2024-10-11T03:54:40.140+0000] {processor.py:208} INFO - Processing /home/airflow/.local/lib/python3.12/site-packages/airflow/example_dags/example_sla_dag.py took 0.205 seconds
[2024-10-11T03:55:10.957+0000] {processor.py:186} INFO - Started process (PID=2995) to work on /home/airflow/.local/lib/python3.12/site-packages/airflow/example_dags/example_sla_dag.py
[2024-10-11T03:55:10.959+0000] {processor.py:914} INFO - Processing file /home/airflow/.local/lib/python3.12/site-packages/airflow/example_dags/example_sla_dag.py for tasks to queue
[2024-10-11T03:55:10.969+0000] {logging_mixin.py:190} INFO - [2024-10-11T03:55:10.967+0000] {dagbag.py:588} INFO - Filling up the DagBag from /home/airflow/.local/lib/python3.12/site-packages/airflow/example_dags/example_sla_dag.py
[2024-10-11T03:55:10.992+0000] {processor.py:925} INFO - DAG(s) 'example_sla_dag' retrieved from /home/airflow/.local/lib/python3.12/site-packages/airflow/example_dags/example_sla_dag.py
[2024-10-11T03:55:11.043+0000] {logging_mixin.py:190} INFO - [2024-10-11T03:55:11.042+0000] {dag.py:3239} INFO - Sync 1 DAGs
[2024-10-11T03:55:11.100+0000] {logging_mixin.py:190} INFO - [2024-10-11T03:55:11.100+0000] {dag.py:4180} INFO - Setting next_dagrun for example_sla_dag to 2024-10-11 03:52:00+00:00, run_after=2024-10-11 03:54:00+00:00
[2024-10-11T03:55:11.136+0000] {processor.py:208} INFO - Processing /home/airflow/.local/lib/python3.12/site-packages/airflow/example_dags/example_sla_dag.py took 0.191 seconds
[2024-10-11T03:55:41.463+0000] {processor.py:186} INFO - Started process (PID=3061) to work on /home/airflow/.local/lib/python3.12/site-packages/airflow/example_dags/example_sla_dag.py
[2024-10-11T03:55:41.464+0000] {processor.py:914} INFO - Processing file /home/airflow/.local/lib/python3.12/site-packages/airflow/example_dags/example_sla_dag.py for tasks to queue
[2024-10-11T03:55:41.469+0000] {logging_mixin.py:190} INFO - [2024-10-11T03:55:41.468+0000] {dagbag.py:588} INFO - Filling up the DagBag from /home/airflow/.local/lib/python3.12/site-packages/airflow/example_dags/example_sla_dag.py
[2024-10-11T03:55:41.486+0000] {processor.py:925} INFO - DAG(s) 'example_sla_dag' retrieved from /home/airflow/.local/lib/python3.12/site-packages/airflow/example_dags/example_sla_dag.py
[2024-10-11T03:55:41.519+0000] {logging_mixin.py:190} INFO - [2024-10-11T03:55:41.519+0000] {dag.py:3239} INFO - Sync 1 DAGs
[2024-10-11T03:55:41.570+0000] {logging_mixin.py:190} INFO - [2024-10-11T03:55:41.570+0000] {dag.py:4180} INFO - Setting next_dagrun for example_sla_dag to 2024-10-11 03:52:00+00:00, run_after=2024-10-11 03:54:00+00:00
[2024-10-11T03:55:41.603+0000] {processor.py:208} INFO - Processing /home/airflow/.local/lib/python3.12/site-packages/airflow/example_dags/example_sla_dag.py took 0.151 seconds
[2024-10-11T03:56:11.803+0000] {processor.py:186} INFO - Started process (PID=3128) to work on /home/airflow/.local/lib/python3.12/site-packages/airflow/example_dags/example_sla_dag.py
[2024-10-11T03:56:11.805+0000] {processor.py:914} INFO - Processing file /home/airflow/.local/lib/python3.12/site-packages/airflow/example_dags/example_sla_dag.py for tasks to queue
[2024-10-11T03:56:11.809+0000] {logging_mixin.py:190} INFO - [2024-10-11T03:56:11.808+0000] {dagbag.py:588} INFO - Filling up the DagBag from /home/airflow/.local/lib/python3.12/site-packages/airflow/example_dags/example_sla_dag.py
[2024-10-11T03:56:11.829+0000] {processor.py:925} INFO - DAG(s) 'example_sla_dag' retrieved from /home/airflow/.local/lib/python3.12/site-packages/airflow/example_dags/example_sla_dag.py
[2024-10-11T03:56:11.864+0000] {logging_mixin.py:190} INFO - [2024-10-11T03:56:11.863+0000] {dag.py:3239} INFO - Sync 1 DAGs
[2024-10-11T03:56:11.914+0000] {logging_mixin.py:190} INFO - [2024-10-11T03:56:11.914+0000] {dag.py:4180} INFO - Setting next_dagrun for example_sla_dag to 2024-10-11 03:54:00+00:00, run_after=2024-10-11 03:56:00+00:00
[2024-10-11T03:56:11.950+0000] {processor.py:208} INFO - Processing /home/airflow/.local/lib/python3.12/site-packages/airflow/example_dags/example_sla_dag.py took 0.159 seconds
[2024-10-11T03:56:46.363+0000] {processor.py:186} INFO - Started process (PID=3197) to work on /home/airflow/.local/lib/python3.12/site-packages/airflow/example_dags/example_sla_dag.py
[2024-10-11T03:56:46.365+0000] {processor.py:914} INFO - Processing file /home/airflow/.local/lib/python3.12/site-packages/airflow/example_dags/example_sla_dag.py for tasks to queue
[2024-10-11T03:56:46.373+0000] {logging_mixin.py:190} INFO - [2024-10-11T03:56:46.372+0000] {dagbag.py:588} INFO - Filling up the DagBag from /home/airflow/.local/lib/python3.12/site-packages/airflow/example_dags/example_sla_dag.py
[2024-10-11T03:56:46.397+0000] {processor.py:925} INFO - DAG(s) 'example_sla_dag' retrieved from /home/airflow/.local/lib/python3.12/site-packages/airflow/example_dags/example_sla_dag.py
[2024-10-11T03:56:46.453+0000] {logging_mixin.py:190} INFO - [2024-10-11T03:56:46.452+0000] {dag.py:3239} INFO - Sync 1 DAGs
[2024-10-11T03:56:46.522+0000] {logging_mixin.py:190} INFO - [2024-10-11T03:56:46.521+0000] {dag.py:4180} INFO - Setting next_dagrun for example_sla_dag to 2024-10-11 03:54:00+00:00, run_after=2024-10-11 03:56:00+00:00
[2024-10-11T03:56:46.583+0000] {processor.py:208} INFO - Processing /home/airflow/.local/lib/python3.12/site-packages/airflow/example_dags/example_sla_dag.py took 0.236 seconds
[2024-10-11T03:57:16.939+0000] {processor.py:186} INFO - Started process (PID=3264) to work on /home/airflow/.local/lib/python3.12/site-packages/airflow/example_dags/example_sla_dag.py
[2024-10-11T03:57:16.940+0000] {processor.py:914} INFO - Processing file /home/airflow/.local/lib/python3.12/site-packages/airflow/example_dags/example_sla_dag.py for tasks to queue
[2024-10-11T03:57:16.945+0000] {logging_mixin.py:190} INFO - [2024-10-11T03:57:16.944+0000] {dagbag.py:588} INFO - Filling up the DagBag from /home/airflow/.local/lib/python3.12/site-packages/airflow/example_dags/example_sla_dag.py
[2024-10-11T03:57:16.962+0000] {processor.py:925} INFO - DAG(s) 'example_sla_dag' retrieved from /home/airflow/.local/lib/python3.12/site-packages/airflow/example_dags/example_sla_dag.py
[2024-10-11T03:57:16.993+0000] {logging_mixin.py:190} INFO - [2024-10-11T03:57:16.992+0000] {dag.py:3239} INFO - Sync 1 DAGs
[2024-10-11T03:57:17.037+0000] {logging_mixin.py:190} INFO - [2024-10-11T03:57:17.036+0000] {dag.py:4180} INFO - Setting next_dagrun for example_sla_dag to 2024-10-11 03:54:00+00:00, run_after=2024-10-11 03:56:00+00:00
[2024-10-11T03:57:17.063+0000] {processor.py:208} INFO - Processing /home/airflow/.local/lib/python3.12/site-packages/airflow/example_dags/example_sla_dag.py took 0.135 seconds
[2024-10-11T03:57:47.415+0000] {processor.py:186} INFO - Started process (PID=3331) to work on /home/airflow/.local/lib/python3.12/site-packages/airflow/example_dags/example_sla_dag.py
[2024-10-11T03:57:47.417+0000] {processor.py:914} INFO - Processing file /home/airflow/.local/lib/python3.12/site-packages/airflow/example_dags/example_sla_dag.py for tasks to queue
[2024-10-11T03:57:47.422+0000] {logging_mixin.py:190} INFO - [2024-10-11T03:57:47.421+0000] {dagbag.py:588} INFO - Filling up the DagBag from /home/airflow/.local/lib/python3.12/site-packages/airflow/example_dags/example_sla_dag.py
[2024-10-11T03:57:47.437+0000] {processor.py:925} INFO - DAG(s) 'example_sla_dag' retrieved from /home/airflow/.local/lib/python3.12/site-packages/airflow/example_dags/example_sla_dag.py
[2024-10-11T03:57:47.472+0000] {logging_mixin.py:190} INFO - [2024-10-11T03:57:47.472+0000] {dag.py:3239} INFO - Sync 1 DAGs
[2024-10-11T03:57:47.522+0000] {logging_mixin.py:190} INFO - [2024-10-11T03:57:47.522+0000] {dag.py:4180} INFO - Setting next_dagrun for example_sla_dag to 2024-10-11 03:54:00+00:00, run_after=2024-10-11 03:56:00+00:00
[2024-10-11T03:57:47.545+0000] {processor.py:208} INFO - Processing /home/airflow/.local/lib/python3.12/site-packages/airflow/example_dags/example_sla_dag.py took 0.147 seconds
[2024-10-11T03:58:18.746+0000] {processor.py:186} INFO - Started process (PID=3397) to work on /home/airflow/.local/lib/python3.12/site-packages/airflow/example_dags/example_sla_dag.py
[2024-10-11T03:58:18.747+0000] {processor.py:914} INFO - Processing file /home/airflow/.local/lib/python3.12/site-packages/airflow/example_dags/example_sla_dag.py for tasks to queue
[2024-10-11T03:58:18.751+0000] {logging_mixin.py:190} INFO - [2024-10-11T03:58:18.751+0000] {dagbag.py:588} INFO - Filling up the DagBag from /home/airflow/.local/lib/python3.12/site-packages/airflow/example_dags/example_sla_dag.py
[2024-10-11T03:58:18.767+0000] {processor.py:925} INFO - DAG(s) 'example_sla_dag' retrieved from /home/airflow/.local/lib/python3.12/site-packages/airflow/example_dags/example_sla_dag.py
[2024-10-11T03:58:18.796+0000] {logging_mixin.py:190} INFO - [2024-10-11T03:58:18.796+0000] {dag.py:3239} INFO - Sync 1 DAGs
[2024-10-11T03:58:18.839+0000] {logging_mixin.py:190} INFO - [2024-10-11T03:58:18.839+0000] {dag.py:4180} INFO - Setting next_dagrun for example_sla_dag to 2024-10-11 03:56:00+00:00, run_after=2024-10-11 03:58:00+00:00
[2024-10-11T03:58:18.865+0000] {processor.py:208} INFO - Processing /home/airflow/.local/lib/python3.12/site-packages/airflow/example_dags/example_sla_dag.py took 0.129 seconds
[2024-10-11T03:58:50.105+0000] {processor.py:186} INFO - Started process (PID=3466) to work on /home/airflow/.local/lib/python3.12/site-packages/airflow/example_dags/example_sla_dag.py
[2024-10-11T03:58:50.107+0000] {processor.py:914} INFO - Processing file /home/airflow/.local/lib/python3.12/site-packages/airflow/example_dags/example_sla_dag.py for tasks to queue
[2024-10-11T03:58:50.113+0000] {logging_mixin.py:190} INFO - [2024-10-11T03:58:50.112+0000] {dagbag.py:588} INFO - Filling up the DagBag from /home/airflow/.local/lib/python3.12/site-packages/airflow/example_dags/example_sla_dag.py
[2024-10-11T03:58:50.137+0000] {processor.py:925} INFO - DAG(s) 'example_sla_dag' retrieved from /home/airflow/.local/lib/python3.12/site-packages/airflow/example_dags/example_sla_dag.py
[2024-10-11T03:58:50.176+0000] {logging_mixin.py:190} INFO - [2024-10-11T03:58:50.175+0000] {dag.py:3239} INFO - Sync 1 DAGs
[2024-10-11T03:58:50.232+0000] {logging_mixin.py:190} INFO - [2024-10-11T03:58:50.232+0000] {dag.py:4180} INFO - Setting next_dagrun for example_sla_dag to 2024-10-11 03:56:00+00:00, run_after=2024-10-11 03:58:00+00:00
[2024-10-11T03:58:50.280+0000] {processor.py:208} INFO - Processing /home/airflow/.local/lib/python3.12/site-packages/airflow/example_dags/example_sla_dag.py took 0.190 seconds
[2024-10-11T03:59:22.107+0000] {processor.py:186} INFO - Started process (PID=3534) to work on /home/airflow/.local/lib/python3.12/site-packages/airflow/example_dags/example_sla_dag.py
[2024-10-11T03:59:22.110+0000] {processor.py:914} INFO - Processing file /home/airflow/.local/lib/python3.12/site-packages/airflow/example_dags/example_sla_dag.py for tasks to queue
[2024-10-11T03:59:22.119+0000] {logging_mixin.py:190} INFO - [2024-10-11T03:59:22.118+0000] {dagbag.py:588} INFO - Filling up the DagBag from /home/airflow/.local/lib/python3.12/site-packages/airflow/example_dags/example_sla_dag.py
[2024-10-11T03:59:22.169+0000] {processor.py:925} INFO - DAG(s) 'example_sla_dag' retrieved from /home/airflow/.local/lib/python3.12/site-packages/airflow/example_dags/example_sla_dag.py
[2024-10-11T03:59:22.326+0000] {logging_mixin.py:190} INFO - [2024-10-11T03:59:22.326+0000] {dag.py:3239} INFO - Sync 1 DAGs
[2024-10-11T03:59:22.465+0000] {logging_mixin.py:190} INFO - [2024-10-11T03:59:22.464+0000] {dag.py:4180} INFO - Setting next_dagrun for example_sla_dag to 2024-10-11 03:56:00+00:00, run_after=2024-10-11 03:58:00+00:00
[2024-10-11T03:59:22.523+0000] {processor.py:208} INFO - Processing /home/airflow/.local/lib/python3.12/site-packages/airflow/example_dags/example_sla_dag.py took 0.440 seconds
[2024-10-11T03:59:53.748+0000] {processor.py:186} INFO - Started process (PID=3601) to work on /home/airflow/.local/lib/python3.12/site-packages/airflow/example_dags/example_sla_dag.py
[2024-10-11T03:59:53.752+0000] {processor.py:914} INFO - Processing file /home/airflow/.local/lib/python3.12/site-packages/airflow/example_dags/example_sla_dag.py for tasks to queue
[2024-10-11T03:59:53.769+0000] {logging_mixin.py:190} INFO - [2024-10-11T03:59:53.766+0000] {dagbag.py:588} INFO - Filling up the DagBag from /home/airflow/.local/lib/python3.12/site-packages/airflow/example_dags/example_sla_dag.py
[2024-10-11T03:59:53.849+0000] {processor.py:925} INFO - DAG(s) 'example_sla_dag' retrieved from /home/airflow/.local/lib/python3.12/site-packages/airflow/example_dags/example_sla_dag.py
[2024-10-11T03:59:54.039+0000] {logging_mixin.py:190} INFO - [2024-10-11T03:59:54.038+0000] {dag.py:3239} INFO - Sync 1 DAGs
[2024-10-11T03:59:54.159+0000] {logging_mixin.py:190} INFO - [2024-10-11T03:59:54.158+0000] {dag.py:4180} INFO - Setting next_dagrun for example_sla_dag to 2024-10-11 03:56:00+00:00, run_after=2024-10-11 03:58:00+00:00
[2024-10-11T03:59:54.224+0000] {processor.py:208} INFO - Processing /home/airflow/.local/lib/python3.12/site-packages/airflow/example_dags/example_sla_dag.py took 0.520 seconds
[2024-10-11T04:00:24.478+0000] {processor.py:186} INFO - Started process (PID=3667) to work on /home/airflow/.local/lib/python3.12/site-packages/airflow/example_dags/example_sla_dag.py
[2024-10-11T04:00:24.480+0000] {processor.py:914} INFO - Processing file /home/airflow/.local/lib/python3.12/site-packages/airflow/example_dags/example_sla_dag.py for tasks to queue
[2024-10-11T04:00:24.486+0000] {logging_mixin.py:190} INFO - [2024-10-11T04:00:24.486+0000] {dagbag.py:588} INFO - Filling up the DagBag from /home/airflow/.local/lib/python3.12/site-packages/airflow/example_dags/example_sla_dag.py
[2024-10-11T04:00:24.512+0000] {processor.py:925} INFO - DAG(s) 'example_sla_dag' retrieved from /home/airflow/.local/lib/python3.12/site-packages/airflow/example_dags/example_sla_dag.py
[2024-10-11T04:00:24.560+0000] {logging_mixin.py:190} INFO - [2024-10-11T04:00:24.559+0000] {dag.py:3239} INFO - Sync 1 DAGs
[2024-10-11T04:00:24.638+0000] {logging_mixin.py:190} INFO - [2024-10-11T04:00:24.636+0000] {dag.py:4180} INFO - Setting next_dagrun for example_sla_dag to 2024-10-11 03:58:00+00:00, run_after=2024-10-11 04:00:00+00:00
[2024-10-11T04:00:24.701+0000] {processor.py:208} INFO - Processing /home/airflow/.local/lib/python3.12/site-packages/airflow/example_dags/example_sla_dag.py took 0.237 seconds
[2024-10-11T04:00:55.211+0000] {processor.py:186} INFO - Started process (PID=3734) to work on /home/airflow/.local/lib/python3.12/site-packages/airflow/example_dags/example_sla_dag.py
[2024-10-11T04:00:55.213+0000] {processor.py:914} INFO - Processing file /home/airflow/.local/lib/python3.12/site-packages/airflow/example_dags/example_sla_dag.py for tasks to queue
[2024-10-11T04:00:55.221+0000] {logging_mixin.py:190} INFO - [2024-10-11T04:00:55.220+0000] {dagbag.py:588} INFO - Filling up the DagBag from /home/airflow/.local/lib/python3.12/site-packages/airflow/example_dags/example_sla_dag.py
[2024-10-11T04:00:55.243+0000] {processor.py:925} INFO - DAG(s) 'example_sla_dag' retrieved from /home/airflow/.local/lib/python3.12/site-packages/airflow/example_dags/example_sla_dag.py
[2024-10-11T04:00:55.301+0000] {logging_mixin.py:190} INFO - [2024-10-11T04:00:55.301+0000] {dag.py:3239} INFO - Sync 1 DAGs
[2024-10-11T04:00:55.358+0000] {logging_mixin.py:190} INFO - [2024-10-11T04:00:55.357+0000] {dag.py:4180} INFO - Setting next_dagrun for example_sla_dag to 2024-10-11 03:58:00+00:00, run_after=2024-10-11 04:00:00+00:00
[2024-10-11T04:00:55.391+0000] {processor.py:208} INFO - Processing /home/airflow/.local/lib/python3.12/site-packages/airflow/example_dags/example_sla_dag.py took 0.196 seconds
[2024-10-11T04:01:25.780+0000] {processor.py:186} INFO - Started process (PID=3800) to work on /home/airflow/.local/lib/python3.12/site-packages/airflow/example_dags/example_sla_dag.py
[2024-10-11T04:01:25.783+0000] {processor.py:914} INFO - Processing file /home/airflow/.local/lib/python3.12/site-packages/airflow/example_dags/example_sla_dag.py for tasks to queue
[2024-10-11T04:01:25.789+0000] {logging_mixin.py:190} INFO - [2024-10-11T04:01:25.788+0000] {dagbag.py:588} INFO - Filling up the DagBag from /home/airflow/.local/lib/python3.12/site-packages/airflow/example_dags/example_sla_dag.py
[2024-10-11T04:01:25.811+0000] {processor.py:925} INFO - DAG(s) 'example_sla_dag' retrieved from /home/airflow/.local/lib/python3.12/site-packages/airflow/example_dags/example_sla_dag.py
[2024-10-11T04:01:25.856+0000] {logging_mixin.py:190} INFO - [2024-10-11T04:01:25.856+0000] {dag.py:3239} INFO - Sync 1 DAGs
[2024-10-11T04:01:25.922+0000] {logging_mixin.py:190} INFO - [2024-10-11T04:01:25.921+0000] {dag.py:4180} INFO - Setting next_dagrun for example_sla_dag to 2024-10-11 03:58:00+00:00, run_after=2024-10-11 04:00:00+00:00
[2024-10-11T04:01:25.963+0000] {processor.py:208} INFO - Processing /home/airflow/.local/lib/python3.12/site-packages/airflow/example_dags/example_sla_dag.py took 0.196 seconds
