[2024-10-10T02:10:22.504+0000] {local_task_job_runner.py:123} INFO - ::group::Pre task execution logs
[2024-10-10T02:10:22.531+0000] {taskinstance.py:2612} INFO - Dependencies all met for dep_context=non-requeueable deps ti=<TaskInstance: example_mssql.get_countries_from_continent manual__2024-10-10T02:10:01.852087+00:00 [queued]>
[2024-10-10T02:10:22.545+0000] {taskinstance.py:2612} INFO - Dependencies all met for dep_context=requeueable deps ti=<TaskInstance: example_mssql.get_countries_from_continent manual__2024-10-10T02:10:01.852087+00:00 [queued]>
[2024-10-10T02:10:22.546+0000] {taskinstance.py:2865} INFO - Starting attempt 1 of 1
[2024-10-10T02:10:22.563+0000] {taskinstance.py:2888} INFO - Executing <Task(SQLExecuteQueryOperator): get_countries_from_continent> on 2024-10-10 02:10:01.852087+00:00
[2024-10-10T02:10:22.576+0000] {warnings.py:112} WARNING - /home/***/.local/lib/python3.12/site-packages/***/task/task_runner/standard_task_runner.py:70: DeprecationWarning: This process (pid=370) is multi-threaded, use of fork() may lead to deadlocks in the child.
  pid = os.fork()

[2024-10-10T02:10:22.577+0000] {standard_task_runner.py:72} INFO - Started process 372 to run task
[2024-10-10T02:10:22.578+0000] {standard_task_runner.py:104} INFO - Running: ['***', 'tasks', 'run', 'example_mssql', 'get_countries_from_continent', 'manual__2024-10-10T02:10:01.852087+00:00', '--job-id', '73', '--raw', '--subdir', 'DAGS_FOLDER/mssql_test1.py', '--cfg-path', '/tmp/tmp7n7n80jy']
[2024-10-10T02:10:22.579+0000] {standard_task_runner.py:105} INFO - Job 73: Subtask get_countries_from_continent
[2024-10-10T02:10:22.634+0000] {task_command.py:467} INFO - Running <TaskInstance: example_mssql.get_countries_from_continent manual__2024-10-10T02:10:01.852087+00:00 [running]> on host 37a08abe3d9a
[2024-10-10T02:10:22.757+0000] {taskinstance.py:3131} INFO - Exporting env vars: AIRFLOW_CTX_DAG_OWNER='***' AIRFLOW_CTX_DAG_ID='example_mssql' AIRFLOW_CTX_TASK_ID='get_countries_from_continent' AIRFLOW_CTX_EXECUTION_DATE='2024-10-10T02:10:01.852087+00:00' AIRFLOW_CTX_TRY_NUMBER='1' AIRFLOW_CTX_DAG_RUN_ID='manual__2024-10-10T02:10:01.852087+00:00'
[2024-10-10T02:10:22.759+0000] {logging_mixin.py:190} INFO - Task instance is in running state
[2024-10-10T02:10:22.760+0000] {logging_mixin.py:190} INFO -  Previous state of the Task instance: queued
[2024-10-10T02:10:22.761+0000] {logging_mixin.py:190} INFO - Current task name:get_countries_from_continent state:running start_date:2024-10-10 02:10:22.531757+00:00
[2024-10-10T02:10:22.761+0000] {logging_mixin.py:190} INFO - Dag name:example_mssql and current dag run status:running
[2024-10-10T02:10:22.761+0000] {taskinstance.py:731} INFO - ::endgroup::
[2024-10-10T02:10:22.762+0000] {sql.py:266} INFO - Executing: SELECT * FROM Country where CONVERT(VARCHAR, continent)='Asia';
[2024-10-10T02:10:22.774+0000] {base.py:84} INFO - Retrieving connection '***_mssql'
[2024-10-10T02:10:22.785+0000] {base.py:84} INFO - Retrieving connection '***_mssql'
[2024-10-10T02:10:22.804+0000] {sql.py:542} INFO - Running statement: SELECT * FROM Country where CONVERT(VARCHAR, continent)='Asia';, parameters: None
[2024-10-10T02:10:22.841+0000] {taskinstance.py:340} INFO - ::group::Post task execution logs
[2024-10-10T02:10:22.842+0000] {taskinstance.py:352} INFO - Marking task as SUCCESS. dag_id=example_mssql, task_id=get_countries_from_continent, run_id=manual__2024-10-10T02:10:01.852087+00:00, execution_date=20241010T021001, start_date=20241010T021022, end_date=20241010T021022
[2024-10-10T02:10:22.853+0000] {logging_mixin.py:190} INFO - Task instance in success state
[2024-10-10T02:10:22.853+0000] {logging_mixin.py:190} INFO -  Previous state of the Task instance: running
[2024-10-10T02:10:22.854+0000] {logging_mixin.py:190} INFO - Dag name:example_mssql queued_at:2024-10-10 02:10:01.873021+00:00
[2024-10-10T02:10:22.854+0000] {logging_mixin.py:190} INFO - Task hostname:37a08abe3d9a operator:SQLExecuteQueryOperator
[2024-10-10T02:10:22.875+0000] {local_task_job_runner.py:266} INFO - Task exited with return code 0
[2024-10-10T02:10:22.893+0000] {taskinstance.py:3900} INFO - 0 downstream tasks scheduled from follow-on schedule check
[2024-10-10T02:10:22.894+0000] {local_task_job_runner.py:245} INFO - ::endgroup::
