[2024-10-16T02:02:17.420+0000] {local_task_job_runner.py:123} INFO - ::group::Pre task execution logs
[2024-10-16T02:02:17.439+0000] {taskinstance.py:2612} INFO - Dependencies all met for dep_context=non-requeueable deps ti=<TaskInstance: example_mssql.populate_user_table scheduled__2024-10-15T00:00:00+00:00 [queued]>
[2024-10-16T02:02:17.451+0000] {taskinstance.py:2612} INFO - Dependencies all met for dep_context=requeueable deps ti=<TaskInstance: example_mssql.populate_user_table scheduled__2024-10-15T00:00:00+00:00 [queued]>
[2024-10-16T02:02:17.452+0000] {taskinstance.py:2865} INFO - Starting attempt 1 of 1
[2024-10-16T02:02:17.466+0000] {taskinstance.py:2888} INFO - Executing <Task(SQLExecuteQueryOperator): populate_user_table> on 2024-10-15 00:00:00+00:00
[2024-10-16T02:02:17.473+0000] {warnings.py:112} WARNING - /home/***/.local/lib/python3.12/site-packages/***/task/task_runner/standard_task_runner.py:70: DeprecationWarning: This process (pid=135) is multi-threaded, use of fork() may lead to deadlocks in the child.
  pid = os.fork()

[2024-10-16T02:02:17.475+0000] {standard_task_runner.py:72} INFO - Started process 137 to run task
[2024-10-16T02:02:17.476+0000] {standard_task_runner.py:104} INFO - Running: ['***', 'tasks', 'run', 'example_mssql', 'populate_user_table', 'scheduled__2024-10-15T00:00:00+00:00', '--job-id', '187', '--raw', '--subdir', 'DAGS_FOLDER/mssql_test1.py', '--cfg-path', '/tmp/tmpl8dmmt1p']
[2024-10-16T02:02:17.477+0000] {standard_task_runner.py:105} INFO - Job 187: Subtask populate_user_table
[2024-10-16T02:02:17.531+0000] {task_command.py:467} INFO - Running <TaskInstance: example_mssql.populate_user_table scheduled__2024-10-15T00:00:00+00:00 [running]> on host a4f82a437ff2
[2024-10-16T02:02:17.636+0000] {taskinstance.py:3131} INFO - Exporting env vars: AIRFLOW_CTX_DAG_OWNER='***' AIRFLOW_CTX_DAG_ID='example_mssql' AIRFLOW_CTX_TASK_ID='populate_user_table' AIRFLOW_CTX_EXECUTION_DATE='2024-10-15T00:00:00+00:00' AIRFLOW_CTX_TRY_NUMBER='1' AIRFLOW_CTX_DAG_RUN_ID='scheduled__2024-10-15T00:00:00+00:00'
[2024-10-16T02:02:17.638+0000] {logging_mixin.py:190} INFO - Task instance is in running state
[2024-10-16T02:02:17.638+0000] {logging_mixin.py:190} INFO -  Previous state of the Task instance: queued
[2024-10-16T02:02:17.639+0000] {logging_mixin.py:190} INFO - Current task name:populate_user_table state:running start_date:2024-10-16 02:02:17.440253+00:00
[2024-10-16T02:02:17.639+0000] {logging_mixin.py:190} INFO - Dag name:example_mssql and current dag run status:running
[2024-10-16T02:02:17.639+0000] {taskinstance.py:731} INFO - ::endgroup::
[2024-10-16T02:02:17.640+0000] {sql.py:266} INFO - Executing: 
                INSERT INTO Users (username, description)
                VALUES ( 'Danny', 'Musician');
                INSERT INTO Users (username, description)
                VALUES ( 'Simone', 'Chef');
                INSERT INTO Users (username, description)
                VALUES ( 'Lily', 'Florist');
                INSERT INTO Users (username, description)
                VALUES ( 'Tim', 'Pet shop owner');
                
[2024-10-16T02:02:17.650+0000] {base.py:84} INFO - Retrieving connection '***_mssql'
[2024-10-16T02:02:17.671+0000] {base.py:84} INFO - Retrieving connection '***_mssql'
[2024-10-16T02:02:17.775+0000] {sql.py:542} INFO - Running statement: 
                INSERT INTO Users (username, description)
                VALUES ( 'Danny', 'Musician');
                INSERT INTO Users (username, description)
                VALUES ( 'Simone', 'Chef');
                INSERT INTO Users (username, description)
                VALUES ( 'Lily', 'Florist');
                INSERT INTO Users (username, description)
                VALUES ( 'Tim', 'Pet shop owner');
                , parameters: None
[2024-10-16T02:02:17.783+0000] {sql.py:551} INFO - Rows affected: 1
[2024-10-16T02:02:17.799+0000] {taskinstance.py:340} INFO - ::group::Post task execution logs
[2024-10-16T02:02:17.800+0000] {taskinstance.py:352} INFO - Marking task as SUCCESS. dag_id=example_mssql, task_id=populate_user_table, run_id=scheduled__2024-10-15T00:00:00+00:00, execution_date=20241015T000000, start_date=20241016T020217, end_date=20241016T020217
[2024-10-16T02:02:17.810+0000] {logging_mixin.py:190} INFO - Task instance in success state
[2024-10-16T02:02:17.810+0000] {logging_mixin.py:190} INFO -  Previous state of the Task instance: running
[2024-10-16T02:02:17.811+0000] {logging_mixin.py:190} INFO - Dag name:example_mssql queued_at:2024-10-16 02:01:59.791704+00:00
[2024-10-16T02:02:17.811+0000] {logging_mixin.py:190} INFO - Task hostname:a4f82a437ff2 operator:SQLExecuteQueryOperator
[2024-10-16T02:02:17.853+0000] {local_task_job_runner.py:266} INFO - Task exited with return code 0
[2024-10-16T02:02:17.885+0000] {taskinstance.py:3900} INFO - 1 downstream tasks scheduled from follow-on schedule check
[2024-10-16T02:02:17.886+0000] {local_task_job_runner.py:245} INFO - ::endgroup::
