[2024-10-08T10:08:25.011+0000] {local_task_job_runner.py:123} INFO - ::group::Pre task execution logs
[2024-10-08T10:08:25.046+0000] {taskinstance.py:2612} INFO - Dependencies all met for dep_context=non-requeueable deps ti=<TaskInstance: minhlt9.print_date manual__2024-10-08T10:08:22.401599+00:00 [queued]>
[2024-10-08T10:08:25.054+0000] {taskinstance.py:2612} INFO - Dependencies all met for dep_context=requeueable deps ti=<TaskInstance: minhlt9.print_date manual__2024-10-08T10:08:22.401599+00:00 [queued]>
[2024-10-08T10:08:25.056+0000] {taskinstance.py:2865} INFO - Starting attempt 1 of 2
[2024-10-08T10:08:25.075+0000] {taskinstance.py:2888} INFO - Executing <Task(PythonOperator): print_date> on 2024-10-08 10:08:22.401599+00:00
[2024-10-08T10:08:25.084+0000] {warnings.py:112} WARNING - /home/***/.local/lib/python3.12/site-packages/***/task/task_runner/standard_task_runner.py:70: DeprecationWarning: This process (pid=943) is multi-threaded, use of fork() may lead to deadlocks in the child.
  pid = os.fork()

[2024-10-08T10:08:25.087+0000] {standard_task_runner.py:72} INFO - Started process 947 to run task
[2024-10-08T10:08:25.093+0000] {standard_task_runner.py:104} INFO - Running: ['***', 'tasks', 'run', 'minhlt9', 'print_date', 'manual__2024-10-08T10:08:22.401599+00:00', '--job-id', '47', '--raw', '--subdir', 'DAGS_FOLDER/simple_dag1.py', '--cfg-path', '/tmp/tmp4wee899y']
[2024-10-08T10:08:25.095+0000] {standard_task_runner.py:105} INFO - Job 47: Subtask print_date
[2024-10-08T10:08:25.169+0000] {task_command.py:467} INFO - Running <TaskInstance: minhlt9.print_date manual__2024-10-08T10:08:22.401599+00:00 [running]> on host 6d4a9957582c
[2024-10-08T10:08:25.394+0000] {taskinstance.py:3131} INFO - Exporting env vars: AIRFLOW_CTX_DAG_EMAIL='minh.letrong.vn@gmail.com' AIRFLOW_CTX_DAG_OWNER='***' AIRFLOW_CTX_DAG_ID='minhlt9' AIRFLOW_CTX_TASK_ID='print_date' AIRFLOW_CTX_EXECUTION_DATE='2024-10-08T10:08:22.401599+00:00' AIRFLOW_CTX_TRY_NUMBER='1' AIRFLOW_CTX_DAG_RUN_ID='manual__2024-10-08T10:08:22.401599+00:00'
[2024-10-08T10:08:25.396+0000] {logging_mixin.py:190} INFO - Task instance is in running state
[2024-10-08T10:08:25.396+0000] {logging_mixin.py:190} INFO -  Previous state of the Task instance: queued
[2024-10-08T10:08:25.396+0000] {logging_mixin.py:190} INFO - Current task name:print_date state:running start_date:2024-10-08 10:08:25.046800+00:00
[2024-10-08T10:08:25.397+0000] {logging_mixin.py:190} INFO - Dag name:minhlt9 and current dag run status:running
[2024-10-08T10:08:25.397+0000] {taskinstance.py:731} INFO - ::endgroup::
[2024-10-08T10:08:25.400+0000] {python.py:240} INFO - Done. Returned value was: None
[2024-10-08T10:08:25.424+0000] {taskinstance.py:340} INFO - ::group::Post task execution logs
[2024-10-08T10:08:25.425+0000] {taskinstance.py:352} INFO - Marking task as SUCCESS. dag_id=minhlt9, task_id=print_date, run_id=manual__2024-10-08T10:08:22.401599+00:00, execution_date=20241008T100822, start_date=20241008T100825, end_date=20241008T100825
[2024-10-08T10:08:25.443+0000] {logging_mixin.py:190} INFO - Task instance in success state
[2024-10-08T10:08:25.443+0000] {logging_mixin.py:190} INFO -  Previous state of the Task instance: running
[2024-10-08T10:08:25.443+0000] {logging_mixin.py:190} INFO - Dag name:minhlt9 queued_at:2024-10-08 10:08:22.415029+00:00
[2024-10-08T10:08:25.444+0000] {logging_mixin.py:190} INFO - Task hostname:6d4a9957582c operator:PythonOperator
[2024-10-08T10:08:25.471+0000] {local_task_job_runner.py:266} INFO - Task exited with return code 0
[2024-10-08T10:08:25.522+0000] {taskinstance.py:3900} INFO - 0 downstream tasks scheduled from follow-on schedule check
[2024-10-08T10:08:25.529+0000] {local_task_job_runner.py:245} INFO - ::endgroup::
