[2024-10-08T09:01:07.729+0000] {local_task_job_runner.py:123} INFO - ::group::Pre task execution logs
[2024-10-08T09:01:07.760+0000] {taskinstance.py:2612} INFO - Dependencies all met for dep_context=non-requeueable deps ti=<TaskInstance: minhlt9.sleep manual__2024-10-08T09:01:04.928712+00:00 [queued]>
[2024-10-08T09:01:07.770+0000] {taskinstance.py:2612} INFO - Dependencies all met for dep_context=requeueable deps ti=<TaskInstance: minhlt9.sleep manual__2024-10-08T09:01:04.928712+00:00 [queued]>
[2024-10-08T09:01:07.771+0000] {taskinstance.py:2865} INFO - Starting attempt 1 of 4
[2024-10-08T09:01:07.790+0000] {taskinstance.py:2888} INFO - Executing <Task(BashOperator): sleep> on 2024-10-08 09:01:04.928712+00:00
[2024-10-08T09:01:07.801+0000] {warnings.py:112} WARNING - /home/***/.local/lib/python3.12/site-packages/***/task/task_runner/standard_task_runner.py:70: DeprecationWarning: This process (pid=2308) is multi-threaded, use of fork() may lead to deadlocks in the child.
  pid = os.fork()

[2024-10-08T09:01:07.804+0000] {standard_task_runner.py:72} INFO - Started process 2314 to run task
[2024-10-08T09:01:07.808+0000] {standard_task_runner.py:104} INFO - Running: ['***', 'tasks', 'run', 'minhlt9', 'sleep', 'manual__2024-10-08T09:01:04.928712+00:00', '--job-id', '16', '--raw', '--subdir', 'DAGS_FOLDER/simple_dag1.py', '--cfg-path', '/tmp/tmpxtwiluzn']
[2024-10-08T09:01:07.815+0000] {standard_task_runner.py:105} INFO - Job 16: Subtask sleep
[2024-10-08T09:01:07.920+0000] {task_command.py:467} INFO - Running <TaskInstance: minhlt9.sleep manual__2024-10-08T09:01:04.928712+00:00 [running]> on host 6d4a9957582c
[2024-10-08T09:01:08.027+0000] {taskinstance.py:3131} INFO - Exporting env vars: AIRFLOW_CTX_DAG_EMAIL='minh.letrong.vn@gmail.com' AIRFLOW_CTX_DAG_OWNER='***' AIRFLOW_CTX_DAG_ID='minhlt9' AIRFLOW_CTX_TASK_ID='sleep' AIRFLOW_CTX_EXECUTION_DATE='2024-10-08T09:01:04.928712+00:00' AIRFLOW_CTX_TRY_NUMBER='1' AIRFLOW_CTX_DAG_RUN_ID='manual__2024-10-08T09:01:04.928712+00:00'
[2024-10-08T09:01:08.029+0000] {logging_mixin.py:190} INFO - Task instance is in running state
[2024-10-08T09:01:08.030+0000] {logging_mixin.py:190} INFO -  Previous state of the Task instance: queued
[2024-10-08T09:01:08.030+0000] {logging_mixin.py:190} INFO - Current task name:sleep state:running start_date:2024-10-08 09:01:07.761439+00:00
[2024-10-08T09:01:08.030+0000] {logging_mixin.py:190} INFO - Dag name:minhlt9 and current dag run status:running
[2024-10-08T09:01:08.031+0000] {taskinstance.py:731} INFO - ::endgroup::
[2024-10-08T09:01:08.035+0000] {subprocess.py:63} INFO - Tmp dir root location: /tmp
[2024-10-08T09:01:08.036+0000] {subprocess.py:75} INFO - Running command: ['/usr/bin/bash', '-c', 'sleep 5']
[2024-10-08T09:01:08.062+0000] {subprocess.py:86} INFO - Output:
[2024-10-08T09:01:13.071+0000] {subprocess.py:97} INFO - Command exited with return code 0
[2024-10-08T09:01:13.137+0000] {taskinstance.py:340} INFO - ::group::Post task execution logs
[2024-10-08T09:01:13.140+0000] {taskinstance.py:352} INFO - Marking task as SUCCESS. dag_id=minhlt9, task_id=sleep, run_id=manual__2024-10-08T09:01:04.928712+00:00, execution_date=20241008T090104, start_date=20241008T090107, end_date=20241008T090113
[2024-10-08T09:01:13.162+0000] {logging_mixin.py:190} INFO - Task instance in success state
[2024-10-08T09:01:13.163+0000] {logging_mixin.py:190} INFO -  Previous state of the Task instance: running
[2024-10-08T09:01:13.164+0000] {logging_mixin.py:190} INFO - Dag name:minhlt9 queued_at:2024-10-08 09:01:04.941506+00:00
[2024-10-08T09:01:13.164+0000] {logging_mixin.py:190} INFO - Task hostname:6d4a9957582c operator:BashOperator
[2024-10-08T09:01:13.215+0000] {local_task_job_runner.py:266} INFO - Task exited with return code 0
[2024-10-08T09:01:13.265+0000] {taskinstance.py:3900} INFO - 0 downstream tasks scheduled from follow-on schedule check
[2024-10-08T09:01:13.275+0000] {local_task_job_runner.py:245} INFO - ::endgroup::
