[2024-10-08T09:05:31.957+0000] {local_task_job_runner.py:123} INFO - ::group::Pre task execution logs
[2024-10-08T09:05:31.982+0000] {taskinstance.py:2612} INFO - Dependencies all met for dep_context=non-requeueable deps ti=<TaskInstance: minhlt9.sleep manual__2024-10-08T09:05:28.053131+00:00 [queued]>
[2024-10-08T09:05:31.997+0000] {taskinstance.py:2612} INFO - Dependencies all met for dep_context=requeueable deps ti=<TaskInstance: minhlt9.sleep manual__2024-10-08T09:05:28.053131+00:00 [queued]>
[2024-10-08T09:05:31.998+0000] {taskinstance.py:2865} INFO - Starting attempt 1 of 4
[2024-10-08T09:05:32.026+0000] {taskinstance.py:2888} INFO - Executing <Task(BashOperator): sleep> on 2024-10-08 09:05:28.053131+00:00
[2024-10-08T09:05:32.042+0000] {warnings.py:112} WARNING - /home/***/.local/lib/python3.12/site-packages/***/task/task_runner/standard_task_runner.py:70: DeprecationWarning: This process (pid=57) is multi-threaded, use of fork() may lead to deadlocks in the child.
  pid = os.fork()

[2024-10-08T09:05:32.048+0000] {standard_task_runner.py:72} INFO - Started process 61 to run task
[2024-10-08T09:05:32.050+0000] {standard_task_runner.py:104} INFO - Running: ['***', 'tasks', 'run', 'minhlt9', 'sleep', 'manual__2024-10-08T09:05:28.053131+00:00', '--job-id', '21', '--raw', '--subdir', 'DAGS_FOLDER/simple_dag1.py', '--cfg-path', '/tmp/tmp53ms5obb']
[2024-10-08T09:05:32.052+0000] {standard_task_runner.py:105} INFO - Job 21: Subtask sleep
[2024-10-08T09:05:32.164+0000] {task_command.py:467} INFO - Running <TaskInstance: minhlt9.sleep manual__2024-10-08T09:05:28.053131+00:00 [running]> on host 6d4a9957582c
[2024-10-08T09:05:32.348+0000] {taskinstance.py:3131} INFO - Exporting env vars: AIRFLOW_CTX_DAG_EMAIL='minh.letrong.vn@gmail.com' AIRFLOW_CTX_DAG_OWNER='***' AIRFLOW_CTX_DAG_ID='minhlt9' AIRFLOW_CTX_TASK_ID='sleep' AIRFLOW_CTX_EXECUTION_DATE='2024-10-08T09:05:28.053131+00:00' AIRFLOW_CTX_TRY_NUMBER='1' AIRFLOW_CTX_DAG_RUN_ID='manual__2024-10-08T09:05:28.053131+00:00'
[2024-10-08T09:05:32.349+0000] {logging_mixin.py:190} INFO - Task instance is in running state
[2024-10-08T09:05:32.350+0000] {logging_mixin.py:190} INFO -  Previous state of the Task instance: queued
[2024-10-08T09:05:32.350+0000] {logging_mixin.py:190} INFO - Current task name:sleep state:running start_date:2024-10-08 09:05:31.982690+00:00
[2024-10-08T09:05:32.350+0000] {logging_mixin.py:190} INFO - Dag name:minhlt9 and current dag run status:running
[2024-10-08T09:05:32.351+0000] {taskinstance.py:731} INFO - ::endgroup::
[2024-10-08T09:05:32.352+0000] {subprocess.py:63} INFO - Tmp dir root location: /tmp
[2024-10-08T09:05:32.354+0000] {subprocess.py:75} INFO - Running command: ['/usr/bin/bash', '-c', 'sleep 5']
[2024-10-08T09:05:32.379+0000] {subprocess.py:86} INFO - Output:
[2024-10-08T09:05:37.398+0000] {subprocess.py:97} INFO - Command exited with return code 0
[2024-10-08T09:05:37.436+0000] {taskinstance.py:340} INFO - ::group::Post task execution logs
[2024-10-08T09:05:37.437+0000] {taskinstance.py:352} INFO - Marking task as SUCCESS. dag_id=minhlt9, task_id=sleep, run_id=manual__2024-10-08T09:05:28.053131+00:00, execution_date=20241008T090528, start_date=20241008T090531, end_date=20241008T090537
[2024-10-08T09:05:37.451+0000] {logging_mixin.py:190} INFO - Task instance in success state
[2024-10-08T09:05:37.452+0000] {logging_mixin.py:190} INFO -  Previous state of the Task instance: running
[2024-10-08T09:05:37.452+0000] {logging_mixin.py:190} INFO - Dag name:minhlt9 queued_at:2024-10-08 09:05:28.073344+00:00
[2024-10-08T09:05:37.453+0000] {logging_mixin.py:190} INFO - Task hostname:6d4a9957582c operator:BashOperator
[2024-10-08T09:05:37.486+0000] {local_task_job_runner.py:266} INFO - Task exited with return code 0
[2024-10-08T09:05:37.518+0000] {taskinstance.py:3900} INFO - 0 downstream tasks scheduled from follow-on schedule check
[2024-10-08T09:05:37.519+0000] {local_task_job_runner.py:245} INFO - ::endgroup::
