[2024-10-08T08:42:56.462+0000] {local_task_job_runner.py:123} INFO - ::group::Pre task execution logs
[2024-10-08T08:42:56.483+0000] {taskinstance.py:2612} INFO - Dependencies all met for dep_context=non-requeueable deps ti=<TaskInstance: minhlt9.sleep scheduled__2024-10-08T00:00:00+00:00 [queued]>
[2024-10-08T08:42:56.494+0000] {taskinstance.py:2612} INFO - Dependencies all met for dep_context=requeueable deps ti=<TaskInstance: minhlt9.sleep scheduled__2024-10-08T00:00:00+00:00 [queued]>
[2024-10-08T08:42:56.495+0000] {taskinstance.py:2865} INFO - Starting attempt 1 of 4
[2024-10-08T08:42:56.510+0000] {taskinstance.py:2888} INFO - Executing <Task(BashOperator): sleep> on 2024-10-08 00:00:00+00:00
[2024-10-08T08:42:56.520+0000] {warnings.py:112} WARNING - /home/***/.local/lib/python3.12/site-packages/***/task/task_runner/standard_task_runner.py:70: DeprecationWarning: This process (pid=2016) is multi-threaded, use of fork() may lead to deadlocks in the child.
  pid = os.fork()

[2024-10-08T08:42:56.521+0000] {standard_task_runner.py:72} INFO - Started process 2023 to run task
[2024-10-08T08:42:56.527+0000] {standard_task_runner.py:104} INFO - Running: ['***', 'tasks', 'run', 'minhlt9', 'sleep', 'scheduled__2024-10-08T00:00:00+00:00', '--job-id', '3', '--raw', '--subdir', 'DAGS_FOLDER/simple_dag1.py', '--cfg-path', '/tmp/tmp8h_s88an']
[2024-10-08T08:42:56.529+0000] {standard_task_runner.py:105} INFO - Job 3: Subtask sleep
[2024-10-08T08:42:56.615+0000] {task_command.py:467} INFO - Running <TaskInstance: minhlt9.sleep scheduled__2024-10-08T00:00:00+00:00 [running]> on host 6d4a9957582c
[2024-10-08T08:42:56.723+0000] {taskinstance.py:3131} INFO - Exporting env vars: AIRFLOW_CTX_DAG_EMAIL='minh.letrong.vn@gmail.com' AIRFLOW_CTX_DAG_OWNER='***' AIRFLOW_CTX_DAG_ID='minhlt9' AIRFLOW_CTX_TASK_ID='sleep' AIRFLOW_CTX_EXECUTION_DATE='2024-10-08T00:00:00+00:00' AIRFLOW_CTX_TRY_NUMBER='1' AIRFLOW_CTX_DAG_RUN_ID='scheduled__2024-10-08T00:00:00+00:00'
[2024-10-08T08:42:56.725+0000] {logging_mixin.py:190} INFO - Task instance is in running state
[2024-10-08T08:42:56.725+0000] {logging_mixin.py:190} INFO -  Previous state of the Task instance: queued
[2024-10-08T08:42:56.725+0000] {logging_mixin.py:190} INFO - Current task name:sleep state:running start_date:2024-10-08 08:42:56.483508+00:00
[2024-10-08T08:42:56.726+0000] {logging_mixin.py:190} INFO - Dag name:minhlt9 and current dag run status:running
[2024-10-08T08:42:56.726+0000] {taskinstance.py:731} INFO - ::endgroup::
[2024-10-08T08:42:56.728+0000] {subprocess.py:63} INFO - Tmp dir root location: /tmp
[2024-10-08T08:42:56.729+0000] {subprocess.py:75} INFO - Running command: ['/usr/bin/bash', '-c', 'sleep 5']
[2024-10-08T08:42:56.748+0000] {subprocess.py:86} INFO - Output:
[2024-10-08T08:43:01.775+0000] {subprocess.py:97} INFO - Command exited with return code 0
[2024-10-08T08:43:01.801+0000] {taskinstance.py:340} INFO - ::group::Post task execution logs
[2024-10-08T08:43:01.802+0000] {taskinstance.py:352} INFO - Marking task as SUCCESS. dag_id=minhlt9, task_id=sleep, run_id=scheduled__2024-10-08T00:00:00+00:00, execution_date=20241008T000000, start_date=20241008T084256, end_date=20241008T084301
[2024-10-08T08:43:01.812+0000] {logging_mixin.py:190} INFO - Task instance in success state
[2024-10-08T08:43:01.812+0000] {logging_mixin.py:190} INFO -  Previous state of the Task instance: running
[2024-10-08T08:43:01.813+0000] {logging_mixin.py:190} INFO - Dag name:minhlt9 queued_at:2024-10-08 08:42:50.379323+00:00
[2024-10-08T08:43:01.813+0000] {logging_mixin.py:190} INFO - Task hostname:6d4a9957582c operator:BashOperator
[2024-10-08T08:43:01.833+0000] {local_task_job_runner.py:266} INFO - Task exited with return code 0
[2024-10-08T08:43:01.854+0000] {taskinstance.py:3900} INFO - 0 downstream tasks scheduled from follow-on schedule check
[2024-10-08T08:43:01.855+0000] {local_task_job_runner.py:245} INFO - ::endgroup::
