[2024-10-09T15:41:39.884+0000] {local_task_job_runner.py:123} INFO - ::group::Pre task execution logs
[2024-10-09T15:41:39.941+0000] {taskinstance.py:2612} INFO - Dependencies all met for dep_context=non-requeueable deps ti=<TaskInstance: example_mssql.get_countries_from_continent manual__2024-10-09T15:40:12.021857+00:00 [queued]>
[2024-10-09T15:41:39.970+0000] {taskinstance.py:2612} INFO - Dependencies all met for dep_context=requeueable deps ti=<TaskInstance: example_mssql.get_countries_from_continent manual__2024-10-09T15:40:12.021857+00:00 [queued]>
[2024-10-09T15:41:39.971+0000] {taskinstance.py:2865} INFO - Starting attempt 1 of 1
[2024-10-09T15:41:40.065+0000] {taskinstance.py:2888} INFO - Executing <Task(SQLExecuteQueryOperator): get_countries_from_continent> on 2024-10-09 15:40:12.021857+00:00
[2024-10-09T15:41:40.132+0000] {warnings.py:112} WARNING - /home/***/.local/lib/python3.12/site-packages/***/task/task_runner/standard_task_runner.py:70: DeprecationWarning: This process (pid=708) is multi-threaded, use of fork() may lead to deadlocks in the child.
  pid = os.fork()

[2024-10-09T15:41:40.147+0000] {standard_task_runner.py:72} INFO - Started process 710 to run task
[2024-10-09T15:41:40.148+0000] {standard_task_runner.py:104} INFO - Running: ['***', 'tasks', 'run', 'example_mssql', 'get_countries_from_continent', 'manual__2024-10-09T15:40:12.021857+00:00', '--job-id', '62', '--raw', '--subdir', 'DAGS_FOLDER/mssql_test1.py', '--cfg-path', '/tmp/tmpt0_y9km7']
[2024-10-09T15:41:40.157+0000] {standard_task_runner.py:105} INFO - Job 62: Subtask get_countries_from_continent
[2024-10-09T15:41:40.318+0000] {task_command.py:467} INFO - Running <TaskInstance: example_mssql.get_countries_from_continent manual__2024-10-09T15:40:12.021857+00:00 [running]> on host 37a08abe3d9a
[2024-10-09T15:41:40.915+0000] {taskinstance.py:3131} INFO - Exporting env vars: AIRFLOW_CTX_DAG_OWNER='***' AIRFLOW_CTX_DAG_ID='example_mssql' AIRFLOW_CTX_TASK_ID='get_countries_from_continent' AIRFLOW_CTX_EXECUTION_DATE='2024-10-09T15:40:12.021857+00:00' AIRFLOW_CTX_TRY_NUMBER='1' AIRFLOW_CTX_DAG_RUN_ID='manual__2024-10-09T15:40:12.021857+00:00'
[2024-10-09T15:41:40.925+0000] {logging_mixin.py:190} INFO - Task instance is in running state
[2024-10-09T15:41:40.926+0000] {logging_mixin.py:190} INFO -  Previous state of the Task instance: queued
[2024-10-09T15:41:40.930+0000] {logging_mixin.py:190} INFO - Current task name:get_countries_from_continent state:running start_date:2024-10-09 15:41:39.941772+00:00
[2024-10-09T15:41:40.931+0000] {logging_mixin.py:190} INFO - Dag name:example_mssql and current dag run status:running
[2024-10-09T15:41:40.932+0000] {taskinstance.py:731} INFO - ::endgroup::
[2024-10-09T15:41:40.933+0000] {sql.py:266} INFO - Executing: SELECT * FROM Country where CONVERT(VARCHAR, continent)='Asia';
[2024-10-09T15:41:40.973+0000] {base.py:84} INFO - Retrieving connection '***_mssql'
[2024-10-09T15:41:41.014+0000] {base.py:84} INFO - Retrieving connection '***_mssql'
[2024-10-09T15:41:41.111+0000] {sql.py:542} INFO - Running statement: SELECT * FROM Country where CONVERT(VARCHAR, continent)='Asia';, parameters: None
[2024-10-09T15:41:41.501+0000] {taskinstance.py:340} INFO - ::group::Post task execution logs
[2024-10-09T15:41:41.502+0000] {taskinstance.py:352} INFO - Marking task as SUCCESS. dag_id=example_mssql, task_id=get_countries_from_continent, run_id=manual__2024-10-09T15:40:12.021857+00:00, execution_date=20241009T154012, start_date=20241009T154139, end_date=20241009T154141
[2024-10-09T15:41:41.529+0000] {logging_mixin.py:190} INFO - Task instance in success state
[2024-10-09T15:41:41.530+0000] {logging_mixin.py:190} INFO -  Previous state of the Task instance: running
[2024-10-09T15:41:41.530+0000] {logging_mixin.py:190} INFO - Dag name:example_mssql queued_at:2024-10-09 15:40:12.174932+00:00
[2024-10-09T15:41:41.531+0000] {logging_mixin.py:190} INFO - Task hostname:37a08abe3d9a operator:SQLExecuteQueryOperator
[2024-10-09T15:41:41.613+0000] {local_task_job_runner.py:266} INFO - Task exited with return code 0
[2024-10-09T15:41:41.727+0000] {taskinstance.py:3900} INFO - 0 downstream tasks scheduled from follow-on schedule check
[2024-10-09T15:41:41.746+0000] {local_task_job_runner.py:245} INFO - ::endgroup::
