[2024-10-09T15:40:50.423+0000] {local_task_job_runner.py:123} INFO - ::group::Pre task execution logs
[2024-10-09T15:40:50.629+0000] {taskinstance.py:2612} INFO - Dependencies all met for dep_context=non-requeueable deps ti=<TaskInstance: example_mssql.populate_user_table manual__2024-10-09T15:40:12.021857+00:00 [queued]>
[2024-10-09T15:40:50.723+0000] {taskinstance.py:2612} INFO - Dependencies all met for dep_context=requeueable deps ti=<TaskInstance: example_mssql.populate_user_table manual__2024-10-09T15:40:12.021857+00:00 [queued]>
[2024-10-09T15:40:50.727+0000] {taskinstance.py:2865} INFO - Starting attempt 1 of 1
[2024-10-09T15:40:50.929+0000] {taskinstance.py:2888} INFO - Executing <Task(SQLExecuteQueryOperator): populate_user_table> on 2024-10-09 15:40:12.021857+00:00
[2024-10-09T15:40:51.073+0000] {warnings.py:112} WARNING - /home/***/.local/lib/python3.12/site-packages/***/task/task_runner/standard_task_runner.py:70: DeprecationWarning: This process (pid=682) is multi-threaded, use of fork() may lead to deadlocks in the child.
  pid = os.fork()

[2024-10-09T15:40:51.102+0000] {standard_task_runner.py:72} INFO - Started process 691 to run task
[2024-10-09T15:40:51.144+0000] {standard_task_runner.py:104} INFO - Running: ['***', 'tasks', 'run', 'example_mssql', 'populate_user_table', 'manual__2024-10-09T15:40:12.021857+00:00', '--job-id', '59', '--raw', '--subdir', 'DAGS_FOLDER/mssql_test1.py', '--cfg-path', '/tmp/tmp_v5tdiic']
[2024-10-09T15:40:51.154+0000] {standard_task_runner.py:105} INFO - Job 59: Subtask populate_user_table
[2024-10-09T15:40:52.008+0000] {task_command.py:467} INFO - Running <TaskInstance: example_mssql.populate_user_table manual__2024-10-09T15:40:12.021857+00:00 [running]> on host 37a08abe3d9a
[2024-10-09T15:40:53.307+0000] {taskinstance.py:3131} INFO - Exporting env vars: AIRFLOW_CTX_DAG_OWNER='***' AIRFLOW_CTX_DAG_ID='example_mssql' AIRFLOW_CTX_TASK_ID='populate_user_table' AIRFLOW_CTX_EXECUTION_DATE='2024-10-09T15:40:12.021857+00:00' AIRFLOW_CTX_TRY_NUMBER='1' AIRFLOW_CTX_DAG_RUN_ID='manual__2024-10-09T15:40:12.021857+00:00'
[2024-10-09T15:40:53.336+0000] {logging_mixin.py:190} INFO - Task instance is in running state
[2024-10-09T15:40:53.343+0000] {logging_mixin.py:190} INFO -  Previous state of the Task instance: queued
[2024-10-09T15:40:53.350+0000] {logging_mixin.py:190} INFO - Current task name:populate_user_table state:running start_date:2024-10-09 15:40:50.635617+00:00
[2024-10-09T15:40:53.351+0000] {logging_mixin.py:190} INFO - Dag name:example_mssql and current dag run status:running
[2024-10-09T15:40:53.365+0000] {taskinstance.py:731} INFO - ::endgroup::
[2024-10-09T15:40:53.379+0000] {sql.py:266} INFO - Executing: 
                INSERT INTO Users (username, description)
                VALUES ( 'Danny', 'Musician');
                INSERT INTO Users (username, description)
                VALUES ( 'Simone', 'Chef');
                INSERT INTO Users (username, description)
                VALUES ( 'Lily', 'Florist');
                INSERT INTO Users (username, description)
                VALUES ( 'Tim', 'Pet shop owner');
                
[2024-10-09T15:40:53.514+0000] {base.py:84} INFO - Retrieving connection '***_mssql'
[2024-10-09T15:40:53.659+0000] {base.py:84} INFO - Retrieving connection '***_mssql'
[2024-10-09T15:40:53.928+0000] {sql.py:542} INFO - Running statement: 
                INSERT INTO Users (username, description)
                VALUES ( 'Danny', 'Musician');
                INSERT INTO Users (username, description)
                VALUES ( 'Simone', 'Chef');
                INSERT INTO Users (username, description)
                VALUES ( 'Lily', 'Florist');
                INSERT INTO Users (username, description)
                VALUES ( 'Tim', 'Pet shop owner');
                , parameters: None
[2024-10-09T15:40:53.964+0000] {sql.py:551} INFO - Rows affected: 1
[2024-10-09T15:40:54.100+0000] {taskinstance.py:340} INFO - ::group::Post task execution logs
[2024-10-09T15:40:54.111+0000] {taskinstance.py:352} INFO - Marking task as SUCCESS. dag_id=example_mssql, task_id=populate_user_table, run_id=manual__2024-10-09T15:40:12.021857+00:00, execution_date=20241009T154012, start_date=20241009T154050, end_date=20241009T154054
[2024-10-09T15:40:54.342+0000] {logging_mixin.py:190} INFO - Task instance in success state
[2024-10-09T15:40:54.345+0000] {logging_mixin.py:190} INFO -  Previous state of the Task instance: running
[2024-10-09T15:40:54.356+0000] {logging_mixin.py:190} INFO - Dag name:example_mssql queued_at:2024-10-09 15:40:12.174932+00:00
[2024-10-09T15:40:54.363+0000] {logging_mixin.py:190} INFO - Task hostname:37a08abe3d9a operator:SQLExecuteQueryOperator
[2024-10-09T15:40:54.499+0000] {local_task_job_runner.py:266} INFO - Task exited with return code 0
[2024-10-09T15:40:54.970+0000] {taskinstance.py:3900} INFO - 1 downstream tasks scheduled from follow-on schedule check
[2024-10-09T15:40:54.980+0000] {local_task_job_runner.py:245} INFO - ::endgroup::
