[2024-10-09T15:41:26.293+0000] {local_task_job_runner.py:123} INFO - ::group::Pre task execution logs
[2024-10-09T15:41:26.358+0000] {taskinstance.py:2612} INFO - Dependencies all met for dep_context=non-requeueable deps ti=<TaskInstance: example_mssql.get_all_description manual__2024-10-09T15:40:12.021857+00:00 [queued]>
[2024-10-09T15:41:26.402+0000] {taskinstance.py:2612} INFO - Dependencies all met for dep_context=requeueable deps ti=<TaskInstance: example_mssql.get_all_description manual__2024-10-09T15:40:12.021857+00:00 [queued]>
[2024-10-09T15:41:26.404+0000] {taskinstance.py:2865} INFO - Starting attempt 1 of 1
[2024-10-09T15:41:26.461+0000] {taskinstance.py:2888} INFO - Executing <Task(SQLExecuteQueryOperator): get_all_description> on 2024-10-09 15:40:12.021857+00:00
[2024-10-09T15:41:26.502+0000] {warnings.py:112} WARNING - /home/***/.local/lib/python3.12/site-packages/***/task/task_runner/standard_task_runner.py:70: DeprecationWarning: This process (pid=697) is multi-threaded, use of fork() may lead to deadlocks in the child.
  pid = os.fork()

[2024-10-09T15:41:26.518+0000] {standard_task_runner.py:72} INFO - Started process 699 to run task
[2024-10-09T15:41:26.524+0000] {standard_task_runner.py:104} INFO - Running: ['***', 'tasks', 'run', 'example_mssql', 'get_all_description', 'manual__2024-10-09T15:40:12.021857+00:00', '--job-id', '61', '--raw', '--subdir', 'DAGS_FOLDER/mssql_test1.py', '--cfg-path', '/tmp/tmpyz5if2kt']
[2024-10-09T15:41:26.528+0000] {standard_task_runner.py:105} INFO - Job 61: Subtask get_all_description
[2024-10-09T15:41:26.747+0000] {task_command.py:467} INFO - Running <TaskInstance: example_mssql.get_all_description manual__2024-10-09T15:40:12.021857+00:00 [running]> on host 37a08abe3d9a
[2024-10-09T15:41:27.143+0000] {taskinstance.py:3131} INFO - Exporting env vars: AIRFLOW_CTX_DAG_OWNER='***' AIRFLOW_CTX_DAG_ID='example_mssql' AIRFLOW_CTX_TASK_ID='get_all_description' AIRFLOW_CTX_EXECUTION_DATE='2024-10-09T15:40:12.021857+00:00' AIRFLOW_CTX_TRY_NUMBER='1' AIRFLOW_CTX_DAG_RUN_ID='manual__2024-10-09T15:40:12.021857+00:00'
[2024-10-09T15:41:27.163+0000] {logging_mixin.py:190} INFO - Task instance is in running state
[2024-10-09T15:41:27.169+0000] {logging_mixin.py:190} INFO -  Previous state of the Task instance: queued
[2024-10-09T15:41:27.170+0000] {logging_mixin.py:190} INFO - Current task name:get_all_description state:running start_date:2024-10-09 15:41:26.359824+00:00
[2024-10-09T15:41:27.171+0000] {logging_mixin.py:190} INFO - Dag name:example_mssql and current dag run status:running
[2024-10-09T15:41:27.183+0000] {taskinstance.py:731} INFO - ::endgroup::
[2024-10-09T15:41:27.184+0000] {sql.py:266} INFO - Executing: SELECT description FROM Users;
[2024-10-09T15:41:27.281+0000] {base.py:84} INFO - Retrieving connection '***_mssql'
[2024-10-09T15:41:27.344+0000] {base.py:84} INFO - Retrieving connection '***_mssql'
[2024-10-09T15:41:27.463+0000] {sql.py:542} INFO - Running statement: SELECT description FROM Users;, parameters: None
[2024-10-09T15:41:27.648+0000] {taskinstance.py:340} INFO - ::group::Post task execution logs
[2024-10-09T15:41:27.649+0000] {taskinstance.py:352} INFO - Marking task as SUCCESS. dag_id=example_mssql, task_id=get_all_description, run_id=manual__2024-10-09T15:40:12.021857+00:00, execution_date=20241009T154012, start_date=20241009T154126, end_date=20241009T154127
[2024-10-09T15:41:27.697+0000] {logging_mixin.py:190} INFO - Task instance in success state
[2024-10-09T15:41:27.698+0000] {logging_mixin.py:190} INFO -  Previous state of the Task instance: running
[2024-10-09T15:41:27.699+0000] {logging_mixin.py:190} INFO - Dag name:example_mssql queued_at:2024-10-09 15:40:12.174932+00:00
[2024-10-09T15:41:27.700+0000] {logging_mixin.py:190} INFO - Task hostname:37a08abe3d9a operator:SQLExecuteQueryOperator
[2024-10-09T15:41:27.732+0000] {local_task_job_runner.py:266} INFO - Task exited with return code 0
[2024-10-09T15:41:27.917+0000] {taskinstance.py:3900} INFO - 1 downstream tasks scheduled from follow-on schedule check
[2024-10-09T15:41:27.923+0000] {local_task_job_runner.py:245} INFO - ::endgroup::
