[2024-10-08T08:54:53.866+0000] {local_task_job_runner.py:123} INFO - ::group::Pre task execution logs
[2024-10-08T08:54:53.890+0000] {taskinstance.py:2612} INFO - Dependencies all met for dep_context=non-requeueable deps ti=<TaskInstance: minhlt9.sleep manual__2024-10-08T08:54:50.657855+00:00 [queued]>
[2024-10-08T08:54:53.900+0000] {taskinstance.py:2612} INFO - Dependencies all met for dep_context=requeueable deps ti=<TaskInstance: minhlt9.sleep manual__2024-10-08T08:54:50.657855+00:00 [queued]>
[2024-10-08T08:54:53.900+0000] {taskinstance.py:2865} INFO - Starting attempt 1 of 4
[2024-10-08T08:54:53.917+0000] {taskinstance.py:2888} INFO - Executing <Task(BashOperator): sleep> on 2024-10-08 08:54:50.657855+00:00
[2024-10-08T08:54:53.927+0000] {warnings.py:112} WARNING - /home/***/.local/lib/python3.12/site-packages/***/task/task_runner/standard_task_runner.py:70: DeprecationWarning: This process (pid=2213) is multi-threaded, use of fork() may lead to deadlocks in the child.
  pid = os.fork()

[2024-10-08T08:54:53.931+0000] {standard_task_runner.py:72} INFO - Started process 2217 to run task
[2024-10-08T08:54:53.931+0000] {standard_task_runner.py:104} INFO - Running: ['***', 'tasks', 'run', 'minhlt9', 'sleep', 'manual__2024-10-08T08:54:50.657855+00:00', '--job-id', '12', '--raw', '--subdir', 'DAGS_FOLDER/simple_dag1.py', '--cfg-path', '/tmp/tmprbfxusks']
[2024-10-08T08:54:53.933+0000] {standard_task_runner.py:105} INFO - Job 12: Subtask sleep
[2024-10-08T08:54:54.101+0000] {task_command.py:467} INFO - Running <TaskInstance: minhlt9.sleep manual__2024-10-08T08:54:50.657855+00:00 [running]> on host 6d4a9957582c
[2024-10-08T08:54:54.213+0000] {taskinstance.py:3131} INFO - Exporting env vars: AIRFLOW_CTX_DAG_EMAIL='minh.letrong.vn@gmail.com' AIRFLOW_CTX_DAG_OWNER='***' AIRFLOW_CTX_DAG_ID='minhlt9' AIRFLOW_CTX_TASK_ID='sleep' AIRFLOW_CTX_EXECUTION_DATE='2024-10-08T08:54:50.657855+00:00' AIRFLOW_CTX_TRY_NUMBER='1' AIRFLOW_CTX_DAG_RUN_ID='manual__2024-10-08T08:54:50.657855+00:00'
[2024-10-08T08:54:54.215+0000] {logging_mixin.py:190} INFO - Task instance is in running state
[2024-10-08T08:54:54.216+0000] {logging_mixin.py:190} INFO -  Previous state of the Task instance: queued
[2024-10-08T08:54:54.216+0000] {logging_mixin.py:190} INFO - Current task name:sleep state:running start_date:2024-10-08 08:54:53.890700+00:00
[2024-10-08T08:54:54.217+0000] {logging_mixin.py:190} INFO - Dag name:minhlt9 and current dag run status:running
[2024-10-08T08:54:54.217+0000] {taskinstance.py:731} INFO - ::endgroup::
[2024-10-08T08:54:54.218+0000] {subprocess.py:63} INFO - Tmp dir root location: /tmp
[2024-10-08T08:54:54.219+0000] {subprocess.py:75} INFO - Running command: ['/usr/bin/bash', '-c', 'sleep 5']
[2024-10-08T08:54:54.241+0000] {subprocess.py:86} INFO - Output:
[2024-10-08T08:54:59.249+0000] {subprocess.py:97} INFO - Command exited with return code 0
[2024-10-08T08:54:59.308+0000] {taskinstance.py:340} INFO - ::group::Post task execution logs
[2024-10-08T08:54:59.309+0000] {taskinstance.py:352} INFO - Marking task as SUCCESS. dag_id=minhlt9, task_id=sleep, run_id=manual__2024-10-08T08:54:50.657855+00:00, execution_date=20241008T085450, start_date=20241008T085453, end_date=20241008T085459
[2024-10-08T08:54:59.332+0000] {logging_mixin.py:190} INFO - Task instance in success state
[2024-10-08T08:54:59.332+0000] {logging_mixin.py:190} INFO -  Previous state of the Task instance: running
[2024-10-08T08:54:59.333+0000] {logging_mixin.py:190} INFO - Dag name:minhlt9 queued_at:2024-10-08 08:54:50.678596+00:00
[2024-10-08T08:54:59.333+0000] {logging_mixin.py:190} INFO - Task hostname:6d4a9957582c operator:BashOperator
[2024-10-08T08:54:59.350+0000] {local_task_job_runner.py:266} INFO - Task exited with return code 0
[2024-10-08T08:54:59.402+0000] {taskinstance.py:3900} INFO - 0 downstream tasks scheduled from follow-on schedule check
[2024-10-08T08:54:59.406+0000] {local_task_job_runner.py:245} INFO - ::endgroup::
