[2024-10-08T09:29:40.744+0000] {local_task_job_runner.py:123} INFO - ::group::Pre task execution logs
[2024-10-08T09:29:40.778+0000] {taskinstance.py:2612} INFO - Dependencies all met for dep_context=non-requeueable deps ti=<TaskInstance: minhlt9.print_date manual__2024-10-08T09:29:37.717191+00:00 [queued]>
[2024-10-08T09:29:40.791+0000] {taskinstance.py:2612} INFO - Dependencies all met for dep_context=requeueable deps ti=<TaskInstance: minhlt9.print_date manual__2024-10-08T09:29:37.717191+00:00 [queued]>
[2024-10-08T09:29:40.792+0000] {taskinstance.py:2865} INFO - Starting attempt 1 of 2
[2024-10-08T09:29:40.809+0000] {taskinstance.py:2888} INFO - Executing <Task(PythonOperator): print_date> on 2024-10-08 09:29:37.717191+00:00
[2024-10-08T09:29:40.818+0000] {warnings.py:112} WARNING - /home/***/.local/lib/python3.12/site-packages/***/task/task_runner/standard_task_runner.py:70: DeprecationWarning: This process (pid=429) is multi-threaded, use of fork() may lead to deadlocks in the child.
  pid = os.fork()

[2024-10-08T09:29:40.823+0000] {standard_task_runner.py:72} INFO - Started process 437 to run task
[2024-10-08T09:29:40.824+0000] {standard_task_runner.py:104} INFO - Running: ['***', 'tasks', 'run', 'minhlt9', 'print_date', 'manual__2024-10-08T09:29:37.717191+00:00', '--job-id', '36', '--raw', '--subdir', 'DAGS_FOLDER/simple_dag1.py', '--cfg-path', '/tmp/tmp3thg7g5m']
[2024-10-08T09:29:40.826+0000] {standard_task_runner.py:105} INFO - Job 36: Subtask print_date
[2024-10-08T09:29:40.901+0000] {task_command.py:467} INFO - Running <TaskInstance: minhlt9.print_date manual__2024-10-08T09:29:37.717191+00:00 [running]> on host 6d4a9957582c
[2024-10-08T09:29:41.045+0000] {taskinstance.py:3131} INFO - Exporting env vars: AIRFLOW_CTX_DAG_EMAIL='minh.letrong.vn@gmail.com' AIRFLOW_CTX_DAG_OWNER='***' AIRFLOW_CTX_DAG_ID='minhlt9' AIRFLOW_CTX_TASK_ID='print_date' AIRFLOW_CTX_EXECUTION_DATE='2024-10-08T09:29:37.717191+00:00' AIRFLOW_CTX_TRY_NUMBER='1' AIRFLOW_CTX_DAG_RUN_ID='manual__2024-10-08T09:29:37.717191+00:00'
[2024-10-08T09:29:41.047+0000] {logging_mixin.py:190} INFO - Task instance is in running state
[2024-10-08T09:29:41.047+0000] {logging_mixin.py:190} INFO -  Previous state of the Task instance: queued
[2024-10-08T09:29:41.048+0000] {logging_mixin.py:190} INFO - Current task name:print_date state:running start_date:2024-10-08 09:29:40.779440+00:00
[2024-10-08T09:29:41.048+0000] {logging_mixin.py:190} INFO - Dag name:minhlt9 and current dag run status:running
[2024-10-08T09:29:41.048+0000] {taskinstance.py:731} INFO - ::endgroup::
[2024-10-08T09:29:41.049+0000] {python.py:240} INFO - Done. Returned value was: None
[2024-10-08T09:29:41.063+0000] {taskinstance.py:340} INFO - ::group::Post task execution logs
[2024-10-08T09:29:41.064+0000] {taskinstance.py:352} INFO - Marking task as SUCCESS. dag_id=minhlt9, task_id=print_date, run_id=manual__2024-10-08T09:29:37.717191+00:00, execution_date=20241008T092937, start_date=20241008T092940, end_date=20241008T092941
[2024-10-08T09:29:41.074+0000] {logging_mixin.py:190} INFO - Task instance in success state
[2024-10-08T09:29:41.075+0000] {logging_mixin.py:190} INFO -  Previous state of the Task instance: running
[2024-10-08T09:29:41.075+0000] {logging_mixin.py:190} INFO - Dag name:minhlt9 queued_at:2024-10-08 09:29:37.736343+00:00
[2024-10-08T09:29:41.075+0000] {logging_mixin.py:190} INFO - Task hostname:6d4a9957582c operator:PythonOperator
[2024-10-08T09:29:41.122+0000] {local_task_job_runner.py:266} INFO - Task exited with return code 0
[2024-10-08T09:29:41.163+0000] {taskinstance.py:3900} INFO - 0 downstream tasks scheduled from follow-on schedule check
[2024-10-08T09:29:41.164+0000] {local_task_job_runner.py:245} INFO - ::endgroup::
