[2024-10-10T02:10:15.397+0000] {local_task_job_runner.py:123} INFO - ::group::Pre task execution logs
[2024-10-10T02:10:15.419+0000] {taskinstance.py:2612} INFO - Dependencies all met for dep_context=non-requeueable deps ti=<TaskInstance: example_mssql.populate_user_table manual__2024-10-10T02:10:01.852087+00:00 [queued]>
[2024-10-10T02:10:15.429+0000] {taskinstance.py:2612} INFO - Dependencies all met for dep_context=requeueable deps ti=<TaskInstance: example_mssql.populate_user_table manual__2024-10-10T02:10:01.852087+00:00 [queued]>
[2024-10-10T02:10:15.430+0000] {taskinstance.py:2865} INFO - Starting attempt 1 of 1
[2024-10-10T02:10:15.445+0000] {taskinstance.py:2888} INFO - Executing <Task(SQLExecuteQueryOperator): populate_user_table> on 2024-10-10 02:10:01.852087+00:00
[2024-10-10T02:10:15.458+0000] {warnings.py:112} WARNING - /home/***/.local/lib/python3.12/site-packages/***/task/task_runner/standard_task_runner.py:70: DeprecationWarning: This process (pid=358) is multi-threaded, use of fork() may lead to deadlocks in the child.
  pid = os.fork()

[2024-10-10T02:10:15.459+0000] {standard_task_runner.py:72} INFO - Started process 360 to run task
[2024-10-10T02:10:15.462+0000] {standard_task_runner.py:104} INFO - Running: ['***', 'tasks', 'run', 'example_mssql', 'populate_user_table', 'manual__2024-10-10T02:10:01.852087+00:00', '--job-id', '70', '--raw', '--subdir', 'DAGS_FOLDER/mssql_test1.py', '--cfg-path', '/tmp/tmpnuei08dl']
[2024-10-10T02:10:15.464+0000] {standard_task_runner.py:105} INFO - Job 70: Subtask populate_user_table
[2024-10-10T02:10:15.536+0000] {task_command.py:467} INFO - Running <TaskInstance: example_mssql.populate_user_table manual__2024-10-10T02:10:01.852087+00:00 [running]> on host 37a08abe3d9a
[2024-10-10T02:10:15.651+0000] {taskinstance.py:3131} INFO - Exporting env vars: AIRFLOW_CTX_DAG_OWNER='***' AIRFLOW_CTX_DAG_ID='example_mssql' AIRFLOW_CTX_TASK_ID='populate_user_table' AIRFLOW_CTX_EXECUTION_DATE='2024-10-10T02:10:01.852087+00:00' AIRFLOW_CTX_TRY_NUMBER='1' AIRFLOW_CTX_DAG_RUN_ID='manual__2024-10-10T02:10:01.852087+00:00'
[2024-10-10T02:10:15.652+0000] {logging_mixin.py:190} INFO - Task instance is in running state
[2024-10-10T02:10:15.653+0000] {logging_mixin.py:190} INFO -  Previous state of the Task instance: queued
[2024-10-10T02:10:15.653+0000] {logging_mixin.py:190} INFO - Current task name:populate_user_table state:running start_date:2024-10-10 02:10:15.419438+00:00
[2024-10-10T02:10:15.653+0000] {logging_mixin.py:190} INFO - Dag name:example_mssql and current dag run status:running
[2024-10-10T02:10:15.654+0000] {taskinstance.py:731} INFO - ::endgroup::
[2024-10-10T02:10:15.654+0000] {sql.py:266} INFO - Executing: 
                INSERT INTO Users (username, description)
                VALUES ( 'Danny', 'Musician');
                INSERT INTO Users (username, description)
                VALUES ( 'Simone', 'Chef');
                INSERT INTO Users (username, description)
                VALUES ( 'Lily', 'Florist');
                INSERT INTO Users (username, description)
                VALUES ( 'Tim', 'Pet shop owner');
                
[2024-10-10T02:10:15.664+0000] {base.py:84} INFO - Retrieving connection '***_mssql'
[2024-10-10T02:10:15.673+0000] {base.py:84} INFO - Retrieving connection '***_mssql'
[2024-10-10T02:10:15.687+0000] {sql.py:542} INFO - Running statement: 
                INSERT INTO Users (username, description)
                VALUES ( 'Danny', 'Musician');
                INSERT INTO Users (username, description)
                VALUES ( 'Simone', 'Chef');
                INSERT INTO Users (username, description)
                VALUES ( 'Lily', 'Florist');
                INSERT INTO Users (username, description)
                VALUES ( 'Tim', 'Pet shop owner');
                , parameters: None
[2024-10-10T02:10:15.690+0000] {sql.py:551} INFO - Rows affected: 1
[2024-10-10T02:10:15.705+0000] {taskinstance.py:340} INFO - ::group::Post task execution logs
[2024-10-10T02:10:15.706+0000] {taskinstance.py:352} INFO - Marking task as SUCCESS. dag_id=example_mssql, task_id=populate_user_table, run_id=manual__2024-10-10T02:10:01.852087+00:00, execution_date=20241010T021001, start_date=20241010T021015, end_date=20241010T021015
[2024-10-10T02:10:15.717+0000] {logging_mixin.py:190} INFO - Task instance in success state
[2024-10-10T02:10:15.717+0000] {logging_mixin.py:190} INFO -  Previous state of the Task instance: running
[2024-10-10T02:10:15.717+0000] {logging_mixin.py:190} INFO - Dag name:example_mssql queued_at:2024-10-10 02:10:01.873021+00:00
[2024-10-10T02:10:15.717+0000] {logging_mixin.py:190} INFO - Task hostname:37a08abe3d9a operator:SQLExecuteQueryOperator
[2024-10-10T02:10:15.757+0000] {local_task_job_runner.py:266} INFO - Task exited with return code 0
[2024-10-10T02:10:15.787+0000] {taskinstance.py:3900} INFO - 1 downstream tasks scheduled from follow-on schedule check
[2024-10-10T02:10:15.788+0000] {local_task_job_runner.py:245} INFO - ::endgroup::
