[2024-10-10T02:49:17.782+0000] {local_task_job_runner.py:123} INFO - ::group::Pre task execution logs
[2024-10-10T02:49:17.803+0000] {taskinstance.py:2612} INFO - Dependencies all met for dep_context=non-requeueable deps ti=<TaskInstance: example_mssql.get_all_countries manual__2024-10-10T02:49:02.343528+00:00 [queued]>
[2024-10-10T02:49:17.812+0000] {taskinstance.py:2612} INFO - Dependencies all met for dep_context=requeueable deps ti=<TaskInstance: example_mssql.get_all_countries manual__2024-10-10T02:49:02.343528+00:00 [queued]>
[2024-10-10T02:49:17.812+0000] {taskinstance.py:2865} INFO - Starting attempt 1 of 1
[2024-10-10T02:49:17.826+0000] {taskinstance.py:2888} INFO - Executing <Task(SQLExecuteQueryOperator): get_all_countries> on 2024-10-10 02:49:02.343528+00:00
[2024-10-10T02:49:17.835+0000] {warnings.py:112} WARNING - /home/***/.local/lib/python3.12/site-packages/***/task/task_runner/standard_task_runner.py:70: DeprecationWarning: This process (pid=195) is multi-threaded, use of fork() may lead to deadlocks in the child.
  pid = os.fork()

[2024-10-10T02:49:17.837+0000] {standard_task_runner.py:72} INFO - Started process 197 to run task
[2024-10-10T02:49:17.838+0000] {standard_task_runner.py:104} INFO - Running: ['***', 'tasks', 'run', 'example_mssql', 'get_all_countries', 'manual__2024-10-10T02:49:02.343528+00:00', '--job-id', '80', '--raw', '--subdir', 'DAGS_FOLDER/mssql_test1.py', '--cfg-path', '/tmp/tmp1t02byeb']
[2024-10-10T02:49:17.839+0000] {standard_task_runner.py:105} INFO - Job 80: Subtask get_all_countries
[2024-10-10T02:49:17.898+0000] {task_command.py:467} INFO - Running <TaskInstance: example_mssql.get_all_countries manual__2024-10-10T02:49:02.343528+00:00 [running]> on host a4f82a437ff2
[2024-10-10T02:49:18.006+0000] {taskinstance.py:3131} INFO - Exporting env vars: AIRFLOW_CTX_DAG_OWNER='***' AIRFLOW_CTX_DAG_ID='example_mssql' AIRFLOW_CTX_TASK_ID='get_all_countries' AIRFLOW_CTX_EXECUTION_DATE='2024-10-10T02:49:02.343528+00:00' AIRFLOW_CTX_TRY_NUMBER='1' AIRFLOW_CTX_DAG_RUN_ID='manual__2024-10-10T02:49:02.343528+00:00'
[2024-10-10T02:49:18.008+0000] {logging_mixin.py:190} INFO - Task instance is in running state
[2024-10-10T02:49:18.009+0000] {logging_mixin.py:190} INFO -  Previous state of the Task instance: queued
[2024-10-10T02:49:18.009+0000] {logging_mixin.py:190} INFO - Current task name:get_all_countries state:running start_date:2024-10-10 02:49:17.803485+00:00
[2024-10-10T02:49:18.009+0000] {logging_mixin.py:190} INFO - Dag name:example_mssql and current dag run status:running
[2024-10-10T02:49:18.009+0000] {taskinstance.py:731} INFO - ::endgroup::
[2024-10-10T02:49:18.010+0000] {sql.py:266} INFO - Executing: SELECT * FROM Country;
[2024-10-10T02:49:18.022+0000] {base.py:84} INFO - Retrieving connection '***_mssql'
[2024-10-10T02:49:18.033+0000] {base.py:84} INFO - Retrieving connection '***_mssql'
[2024-10-10T02:49:18.125+0000] {sql.py:542} INFO - Running statement: SELECT * FROM Country;, parameters: None
[2024-10-10T02:49:18.180+0000] {taskinstance.py:340} INFO - ::group::Post task execution logs
[2024-10-10T02:49:18.180+0000] {taskinstance.py:352} INFO - Marking task as SUCCESS. dag_id=example_mssql, task_id=get_all_countries, run_id=manual__2024-10-10T02:49:02.343528+00:00, execution_date=20241010T024902, start_date=20241010T024917, end_date=20241010T024918
[2024-10-10T02:49:18.191+0000] {logging_mixin.py:190} INFO - Task instance in success state
[2024-10-10T02:49:18.191+0000] {logging_mixin.py:190} INFO -  Previous state of the Task instance: running
[2024-10-10T02:49:18.191+0000] {logging_mixin.py:190} INFO - Dag name:example_mssql queued_at:2024-10-10 02:49:02.374298+00:00
[2024-10-10T02:49:18.192+0000] {logging_mixin.py:190} INFO - Task hostname:a4f82a437ff2 operator:SQLExecuteQueryOperator
[2024-10-10T02:49:18.220+0000] {local_task_job_runner.py:266} INFO - Task exited with return code 0
[2024-10-10T02:49:18.259+0000] {taskinstance.py:3900} INFO - 1 downstream tasks scheduled from follow-on schedule check
[2024-10-10T02:49:18.264+0000] {local_task_job_runner.py:245} INFO - ::endgroup::
