[2024-10-09T08:06:05.762+0000] {local_task_job_runner.py:123} INFO - ::group::Pre task execution logs
[2024-10-09T08:06:05.796+0000] {taskinstance.py:2612} INFO - Dependencies all met for dep_context=non-requeueable deps ti=<TaskInstance: minhlt9.email_operator scheduled__2024-10-08T00:00:00+00:00 [queued]>
[2024-10-09T08:06:05.805+0000] {taskinstance.py:2612} INFO - Dependencies all met for dep_context=requeueable deps ti=<TaskInstance: minhlt9.email_operator scheduled__2024-10-08T00:00:00+00:00 [queued]>
[2024-10-09T08:06:05.806+0000] {taskinstance.py:2865} INFO - Starting attempt 1 of 2
[2024-10-09T08:06:05.836+0000] {taskinstance.py:2888} INFO - Executing <Task(PythonOperator): email_operator> on 2024-10-08 00:00:00+00:00
[2024-10-09T08:06:05.860+0000] {standard_task_runner.py:104} INFO - Running: ['***', 'tasks', 'run', 'minhlt9', 'email_operator', 'scheduled__2024-10-08T00:00:00+00:00', '--job-id', '7', '--raw', '--subdir', 'DAGS_FOLDER/simple_dag1.py', '--cfg-path', '/tmp/tmp__u_1awq']
[2024-10-09T08:06:05.853+0000] {warnings.py:112} WARNING - /home/***/.local/lib/python3.12/site-packages/***/task/task_runner/standard_task_runner.py:70: DeprecationWarning: This process (pid=118) is multi-threaded, use of fork() may lead to deadlocks in the child.
  pid = os.fork()

[2024-10-09T08:06:05.863+0000] {standard_task_runner.py:72} INFO - Started process 132 to run task
[2024-10-09T08:06:05.862+0000] {standard_task_runner.py:105} INFO - Job 7: Subtask email_operator
[2024-10-09T08:06:05.999+0000] {task_command.py:467} INFO - Running <TaskInstance: minhlt9.email_operator scheduled__2024-10-08T00:00:00+00:00 [running]> on host b00c8661ef6c
[2024-10-09T08:06:06.279+0000] {taskinstance.py:3131} INFO - Exporting env vars: AIRFLOW_CTX_DAG_EMAIL='' AIRFLOW_CTX_DAG_OWNER='***' AIRFLOW_CTX_DAG_ID='minhlt9' AIRFLOW_CTX_TASK_ID='email_operator' AIRFLOW_CTX_EXECUTION_DATE='2024-10-08T00:00:00+00:00' AIRFLOW_CTX_TRY_NUMBER='1' AIRFLOW_CTX_DAG_RUN_ID='scheduled__2024-10-08T00:00:00+00:00'
[2024-10-09T08:06:06.283+0000] {logging_mixin.py:190} INFO - Task instance is in running state
[2024-10-09T08:06:06.283+0000] {logging_mixin.py:190} INFO -  Previous state of the Task instance: queued
[2024-10-09T08:06:06.287+0000] {logging_mixin.py:190} INFO - Current task name:email_operator state:running start_date:2024-10-09 08:06:05.797189+00:00
[2024-10-09T08:06:06.287+0000] {logging_mixin.py:190} INFO - Dag name:minhlt9 and current dag run status:running
[2024-10-09T08:06:06.288+0000] {taskinstance.py:731} INFO - ::endgroup::
[2024-10-09T08:06:06.589+0000] {python.py:240} INFO - Done. Returned value was: None
[2024-10-09T08:06:06.607+0000] {taskinstance.py:340} INFO - ::group::Post task execution logs
[2024-10-09T08:06:06.608+0000] {taskinstance.py:352} INFO - Marking task as SUCCESS. dag_id=minhlt9, task_id=email_operator, run_id=scheduled__2024-10-08T00:00:00+00:00, execution_date=20241008T000000, start_date=20241009T080605, end_date=20241009T080606
[2024-10-09T08:06:06.618+0000] {logging_mixin.py:190} INFO - Task instance in success state
[2024-10-09T08:06:06.618+0000] {logging_mixin.py:190} INFO -  Previous state of the Task instance: running
[2024-10-09T08:06:06.618+0000] {logging_mixin.py:190} INFO - Dag name:minhlt9 queued_at:2024-10-09 08:05:58.377650+00:00
[2024-10-09T08:06:06.619+0000] {logging_mixin.py:190} INFO - Task hostname:b00c8661ef6c operator:PythonOperator
[2024-10-09T08:06:06.664+0000] {local_task_job_runner.py:266} INFO - Task exited with return code 0
[2024-10-09T08:06:06.696+0000] {taskinstance.py:3900} INFO - 0 downstream tasks scheduled from follow-on schedule check
[2024-10-09T08:06:06.698+0000] {local_task_job_runner.py:245} INFO - ::endgroup::
