[2024-10-09T15:40:32.945+0000] {local_task_job_runner.py:123} INFO - ::group::Pre task execution logs
[2024-10-09T15:40:33.038+0000] {taskinstance.py:2612} INFO - Dependencies all met for dep_context=non-requeueable deps ti=<TaskInstance: example_mssql.insert_mssql_task manual__2024-10-09T15:40:12.021857+00:00 [queued]>
[2024-10-09T15:40:33.067+0000] {taskinstance.py:2612} INFO - Dependencies all met for dep_context=requeueable deps ti=<TaskInstance: example_mssql.insert_mssql_task manual__2024-10-09T15:40:12.021857+00:00 [queued]>
[2024-10-09T15:40:33.068+0000] {taskinstance.py:2865} INFO - Starting attempt 1 of 1
[2024-10-09T15:40:33.116+0000] {taskinstance.py:2888} INFO - Executing <Task(_PythonDecoratedOperator): insert_mssql_task> on 2024-10-09 15:40:12.021857+00:00
[2024-10-09T15:40:33.149+0000] {warnings.py:112} WARNING - /home/***/.local/lib/python3.12/site-packages/***/task/task_runner/standard_task_runner.py:70: DeprecationWarning: This process (pid=674) is multi-threaded, use of fork() may lead to deadlocks in the child.
  pid = os.fork()

[2024-10-09T15:40:33.156+0000] {standard_task_runner.py:72} INFO - Started process 676 to run task
[2024-10-09T15:40:33.162+0000] {standard_task_runner.py:104} INFO - Running: ['***', 'tasks', 'run', 'example_mssql', 'insert_mssql_task', 'manual__2024-10-09T15:40:12.021857+00:00', '--job-id', '57', '--raw', '--subdir', 'DAGS_FOLDER/mssql_test1.py', '--cfg-path', '/tmp/tmp1ircc1ci']
[2024-10-09T15:40:33.165+0000] {standard_task_runner.py:105} INFO - Job 57: Subtask insert_mssql_task
[2024-10-09T15:40:33.406+0000] {task_command.py:467} INFO - Running <TaskInstance: example_mssql.insert_mssql_task manual__2024-10-09T15:40:12.021857+00:00 [running]> on host 37a08abe3d9a
[2024-10-09T15:40:33.708+0000] {taskinstance.py:3131} INFO - Exporting env vars: AIRFLOW_CTX_DAG_OWNER='***' AIRFLOW_CTX_DAG_ID='example_mssql' AIRFLOW_CTX_TASK_ID='insert_mssql_task' AIRFLOW_CTX_EXECUTION_DATE='2024-10-09T15:40:12.021857+00:00' AIRFLOW_CTX_TRY_NUMBER='1' AIRFLOW_CTX_DAG_RUN_ID='manual__2024-10-09T15:40:12.021857+00:00'
[2024-10-09T15:40:33.712+0000] {logging_mixin.py:190} INFO - Task instance is in running state
[2024-10-09T15:40:33.714+0000] {logging_mixin.py:190} INFO -  Previous state of the Task instance: queued
[2024-10-09T15:40:33.714+0000] {logging_mixin.py:190} INFO - Current task name:insert_mssql_task state:running start_date:2024-10-09 15:40:33.039275+00:00
[2024-10-09T15:40:33.715+0000] {logging_mixin.py:190} INFO - Dag name:example_mssql and current dag run status:running
[2024-10-09T15:40:33.716+0000] {taskinstance.py:731} INFO - ::endgroup::
[2024-10-09T15:40:33.741+0000] {base.py:84} INFO - Retrieving connection '***_mssql'
[2024-10-09T15:40:33.904+0000] {sql.py:671} INFO - Done loading. Loaded a total of 6 rows into Country
[2024-10-09T15:40:33.905+0000] {python.py:240} INFO - Done. Returned value was: None
[2024-10-09T15:40:33.958+0000] {taskinstance.py:340} INFO - ::group::Post task execution logs
[2024-10-09T15:40:33.963+0000] {taskinstance.py:352} INFO - Marking task as SUCCESS. dag_id=example_mssql, task_id=insert_mssql_task, run_id=manual__2024-10-09T15:40:12.021857+00:00, execution_date=20241009T154012, start_date=20241009T154033, end_date=20241009T154033
[2024-10-09T15:40:34.006+0000] {logging_mixin.py:190} INFO - Task instance in success state
[2024-10-09T15:40:34.006+0000] {logging_mixin.py:190} INFO -  Previous state of the Task instance: running
[2024-10-09T15:40:34.007+0000] {logging_mixin.py:190} INFO - Dag name:example_mssql queued_at:2024-10-09 15:40:12.174932+00:00
[2024-10-09T15:40:34.008+0000] {logging_mixin.py:190} INFO - Task hostname:37a08abe3d9a operator:_PythonDecoratedOperator
[2024-10-09T15:40:34.043+0000] {local_task_job_runner.py:266} INFO - Task exited with return code 0
[2024-10-09T15:40:34.196+0000] {taskinstance.py:3900} INFO - 1 downstream tasks scheduled from follow-on schedule check
[2024-10-09T15:40:34.199+0000] {local_task_job_runner.py:245} INFO - ::endgroup::
